================================================================
== Design Size Report
================================================================

* Total Instructions per Compilation Phase
+---------------+-----------------------------+--------------+----------------------------------------------------------------------------------------+
| Phase         | Step                        | Instructions | Description                                                                            |
+---------------+-----------------------------+--------------+----------------------------------------------------------------------------------------+
| Compile/Link  |                             | 5,691        | After all functions are compiled and linked into a single design                       |
|               |                             |              |                                                                                        |
| Unroll/Inline |                             |              | After user unroll and inline pragmas are applied                                       |
|               | (1) unroll                  | 1,989        | user unroll pragmas are applied                                                        |
|               | (2) simplification          |   950        | simplification of applied user unroll pragmas                                          |
|               | (3) inline                  |   880        | user inline pragmas are applied                                                        |
|               | (4) simplification          |   864        | simplification of applied user inline pragmas                                          |
|               |                             |              |                                                                                        |
| Array/Struct  |                             |              | After user array partition and struct aggregate/disaggregate pragmas are applied       |
|               | (1) array partition         | 2,189        | user array partition pragmas are applied                                               |
|               | (2) simplification          | 1,952        | simplification of applied user array partition & struct aggregate/disaggregate pragmas |
|               | (3) aggregate/disaggregate  | 1,955        | user struct aggregate/disaggregate pragmas are applied                                 |
|               | (4) array reshape           | 1,958        | apply array reshape pragmas                                                            |
|               | (5) access patterns         | 2,415        | array access pattern optmizations                                                      |
|               |                             |              |                                                                                        |
| Performance   |                             |              | After transformations are applied to meet performance pragma targets                   |
|               | (1) loop simplification     | 1,949        | loop and instruction simplification                                                    |
|               | (2) parallelization         | 1,908        | loops are unrolled or pipelined to meet performance targets                            |
|               | (3) array partition         | 2,085        | arrays are partitioned to meet performance targets                                     |
|               | (4) simplification          | 1,941        | simplification of design after performance transformations                             |
|               |                             |              |                                                                                        |
| HW Transforms |                             |              | After hardware transfomations                                                          |
|               | (1) lowering                | 1,945        | initial conversion to HW specific instructions                                         |
|               | (2) optimizations           | 1,971        | high level synthesis optimizations                                                     |
+---------------+-----------------------------+--------------+----------------------------------------------------------------------------------------+

* Instructions per Function for each Compilation Phase
+--------------+------------+--------------+---------------+--------------+-------------+---------------+
| Function     | Location   | Compile/Link | Unroll/Inline | Array/Struct | Performance | HW Transforms |
+--------------+------------+--------------+---------------+--------------+-------------+---------------+
|   top_kernel | top.cpp:17 | 5,691        | 864           | 2,415        | 1,941       | 1,971         |
+--------------+------------+--------------+---------------+--------------+-------------+---------------+

* Design Size Message Settings
+---------------------------------------------+--------+------------------------------------------------------------------+
| Message Setting                             | Value  | Description                                                      |
+---------------------------------------------+--------+------------------------------------------------------------------+
| config_compile -design_size_maximum_warning | 100000 | Show a warning when total design instructions exceeds this value |
+---------------------------------------------+--------+------------------------------------------------------------------+


