

================================================================
== Vitis HLS Report for 'top_kernel_Pipeline_VITIS_LOOP_60_3'
================================================================
* Date:           Sat Jan 31 19:57:57 2026

* Version:        2025.1.1 (Build 6214317 on Sep 11 2025)
* Project:        project_1
* Solution:       hls (Vivado IP Flow Target)
* Product family: zynquplus
* Target device:  xczu3eg-sbva484-1-e


================================================================
== Performance Estimates
================================================================
+ Timing: 
    * Summary: 
    +--------+----------+----------+------------+
    |  Clock |  Target  | Estimated| Uncertainty|
    +--------+----------+----------+------------+
    |ap_clk  |  10.00 ns|  7.300 ns|     2.70 ns|
    +--------+----------+----------+------------+

+ Latency: 
    * Summary: 
    +---------+---------+----------+----------+-----+-----+------------------------------------------------+
    |  Latency (cycles) |  Latency (absolute) |  Interval |                    Pipeline                    |
    |   min   |   max   |    min   |    max   | min | max |                      Type                      |
    +---------+---------+----------+----------+-----+-----+------------------------------------------------+
    |       67|       67|  0.670 us|  0.670 us|   65|   65|  loop auto-rewind stp (delay=0 clock cycles(s))|
    +---------+---------+----------+----------+-----+-----+------------------------------------------------+

    + Detail: 
        * Instance: 
        N/A

        * Loop: 
        +-------------------+---------+---------+----------+-----------+-----------+------+----------+
        |                   |  Latency (cycles) | Iteration|  Initiation Interval  | Trip |          |
        |     Loop Name     |   min   |   max   |  Latency |  achieved |   target  | Count| Pipelined|
        +-------------------+---------+---------+----------+-----------+-----------+------+----------+
        |- VITIS_LOOP_60_3  |       65|       65|         3|          1|          1|    64|       yes|
        +-------------------+---------+---------+----------+-----------+-----------+------+----------+



================================================================
== Utilization Estimates
================================================================
* Summary: 
+-----------------+---------+-----+--------+-------+-----+
|       Name      | BRAM_18K| DSP |   FF   |  LUT  | URAM|
+-----------------+---------+-----+--------+-------+-----+
|DSP              |        -|    -|       -|      -|    -|
|Expression       |        -|    -|       0|    150|    -|
|FIFO             |        -|    -|       -|      -|    -|
|Instance         |        -|    -|       -|      -|    -|
|Memory           |        -|    -|       -|      -|    -|
|Multiplexer      |        -|    -|       0|     54|    -|
|Register         |        -|    -|      74|      -|    -|
+-----------------+---------+-----+--------+-------+-----+
|Total            |        0|    0|      74|    204|    0|
+-----------------+---------+-----+--------+-------+-----+
|Available        |      432|  360|  141120|  70560|    0|
+-----------------+---------+-----+--------+-------+-----+
|Utilization (%)  |        0|    0|      ~0|     ~0|    0|
+-----------------+---------+-----+--------+-------+-----+

+ Detail: 
    * Instance: 
    N/A

    * DSP: 
    N/A

    * Memory: 
    N/A

    * FIFO: 
    N/A

    * Expression: 
    +---------------------------+----------+----+---+----+------------+------------+
    |       Variable Name       | Operation| DSP| FF| LUT| Bitwidth P0| Bitwidth P1|
    +---------------------------+----------+----+---+----+------------+------------+
    |add_ln60_fu_255_p2         |         +|   0|  0|  14|           7|           1|
    |add_ln64_1_fu_334_p2       |         +|   0|  0|  32|          25|          25|
    |add_ln64_fu_329_p2         |         +|   0|  0|  31|          24|          24|
    |and_ln64_fu_362_p2         |       and|   0|  0|   2|           1|           1|
    |ap_block_pp0_stage0_11001  |       and|   0|  0|   2|           1|           1|
    |icmp_ln60_fu_249_p2        |      icmp|   0|  0|  15|           7|           8|
    |select_ln64_1_fu_382_p3    |    select|   0|  0|  24|           1|          24|
    |select_ln64_fu_374_p3      |    select|   0|  0|  24|           1|          23|
    |ap_enable_pp0              |       xor|   0|  0|   2|           1|           2|
    |xor_ln64_1_fu_368_p2       |       xor|   0|  0|   2|           1|           1|
    |xor_ln64_fu_356_p2         |       xor|   0|  0|   2|           1|           2|
    +---------------------------+----------+----+---+----+------------+------------+
    |Total                      |          |   0|  0| 150|          70|         112|
    +---------------------------+----------+----+---+----+------------+------------+

    * Multiplexer: 
    +-------------------------+----+-----------+-----+-----------+
    |           Name          | LUT| Input Size| Bits| Total Bits|
    +-------------------------+----+-----------+-----+-----------+
    |A_blk_n_R                |   9|          2|    1|          2|
    |ap_done_int              |   9|          2|    1|          2|
    |ap_enable_reg_pp0_iter1  |   9|          2|    1|          2|
    |ap_sig_allocacmp_j       |   9|          2|    7|         14|
    |empty_fu_102             |   9|          2|   24|         48|
    |j_1_fu_106               |   9|          2|    7|         14|
    +-------------------------+----+-----------+-----+-----------+
    |Total                    |  54|         12|   41|         82|
    +-------------------------+----+-----------+-----+-----------+

    * Register: 
    +-------------------------------------------+----+----+-----+-----------+
    |                    Name                   | FF | LUT| Bits| Const Bits|
    +-------------------------------------------+----+----+-----+-----------+
    |a_reg_432                                  |  24|   0|   24|          0|
    |ap_CS_fsm                                  |   1|   0|    1|          0|
    |ap_block_pp0_stage0_subdone_grp0_done_reg  |   1|   0|    1|          0|
    |ap_done_reg                                |   1|   0|    1|          0|
    |ap_enable_reg_pp0_iter1                    |   1|   0|    1|          0|
    |ap_enable_reg_pp0_iter2                    |   1|   0|    1|          0|
    |ap_loop_exit_ready_pp0_iter1_reg           |   1|   0|    1|          0|
    |empty_fu_102                               |  24|   0|   24|          0|
    |icmp_ln60_reg_419                          |   1|   0|    1|          0|
    |j_1_fu_106                                 |   7|   0|    7|          0|
    |lshr_ln_reg_427                            |   3|   0|    3|          0|
    |lshr_ln_reg_427_pp0_iter1_reg              |   3|   0|    3|          0|
    |trunc_ln60_reg_423                         |   3|   0|    3|          0|
    |trunc_ln60_reg_423_pp0_iter1_reg           |   3|   0|    3|          0|
    +-------------------------------------------+----+----+-----+-----------+
    |Total                                      |  74|   0|   74|          0|
    +-------------------------------------------+----+----+-----+-----------+



================================================================
== Interface
================================================================
* Summary: 
+--------------------+-----+-----+------------+-------------------------------------+--------------+
|      RTL Ports     | Dir | Bits|  Protocol  |            Source Object            |    C Type    |
+--------------------+-----+-----+------------+-------------------------------------+--------------+
|ap_clk              |   in|    1|  ap_ctrl_hs|  top_kernel_Pipeline_VITIS_LOOP_60_3|  return value|
|ap_rst              |   in|    1|  ap_ctrl_hs|  top_kernel_Pipeline_VITIS_LOOP_60_3|  return value|
|ap_start            |   in|    1|  ap_ctrl_hs|  top_kernel_Pipeline_VITIS_LOOP_60_3|  return value|
|ap_done             |  out|    1|  ap_ctrl_hs|  top_kernel_Pipeline_VITIS_LOOP_60_3|  return value|
|ap_idle             |  out|    1|  ap_ctrl_hs|  top_kernel_Pipeline_VITIS_LOOP_60_3|  return value|
|ap_ready            |  out|    1|  ap_ctrl_hs|  top_kernel_Pipeline_VITIS_LOOP_60_3|  return value|
|m_axi_A_0_AWVALID   |  out|    1|       m_axi|                                    A|       pointer|
|m_axi_A_0_AWREADY   |   in|    1|       m_axi|                                    A|       pointer|
|m_axi_A_0_AWADDR    |  out|   64|       m_axi|                                    A|       pointer|
|m_axi_A_0_AWID      |  out|    1|       m_axi|                                    A|       pointer|
|m_axi_A_0_AWLEN     |  out|   32|       m_axi|                                    A|       pointer|
|m_axi_A_0_AWSIZE    |  out|    3|       m_axi|                                    A|       pointer|
|m_axi_A_0_AWBURST   |  out|    2|       m_axi|                                    A|       pointer|
|m_axi_A_0_AWLOCK    |  out|    2|       m_axi|                                    A|       pointer|
|m_axi_A_0_AWCACHE   |  out|    4|       m_axi|                                    A|       pointer|
|m_axi_A_0_AWPROT    |  out|    3|       m_axi|                                    A|       pointer|
|m_axi_A_0_AWQOS     |  out|    4|       m_axi|                                    A|       pointer|
|m_axi_A_0_AWREGION  |  out|    4|       m_axi|                                    A|       pointer|
|m_axi_A_0_AWUSER    |  out|    1|       m_axi|                                    A|       pointer|
|m_axi_A_0_WVALID    |  out|    1|       m_axi|                                    A|       pointer|
|m_axi_A_0_WREADY    |   in|    1|       m_axi|                                    A|       pointer|
|m_axi_A_0_WDATA     |  out|   32|       m_axi|                                    A|       pointer|
|m_axi_A_0_WSTRB     |  out|    4|       m_axi|                                    A|       pointer|
|m_axi_A_0_WLAST     |  out|    1|       m_axi|                                    A|       pointer|
|m_axi_A_0_WID       |  out|    1|       m_axi|                                    A|       pointer|
|m_axi_A_0_WUSER     |  out|    1|       m_axi|                                    A|       pointer|
|m_axi_A_0_ARVALID   |  out|    1|       m_axi|                                    A|       pointer|
|m_axi_A_0_ARREADY   |   in|    1|       m_axi|                                    A|       pointer|
|m_axi_A_0_ARADDR    |  out|   64|       m_axi|                                    A|       pointer|
|m_axi_A_0_ARID      |  out|    1|       m_axi|                                    A|       pointer|
|m_axi_A_0_ARLEN     |  out|   32|       m_axi|                                    A|       pointer|
|m_axi_A_0_ARSIZE    |  out|    3|       m_axi|                                    A|       pointer|
|m_axi_A_0_ARBURST   |  out|    2|       m_axi|                                    A|       pointer|
|m_axi_A_0_ARLOCK    |  out|    2|       m_axi|                                    A|       pointer|
|m_axi_A_0_ARCACHE   |  out|    4|       m_axi|                                    A|       pointer|
|m_axi_A_0_ARPROT    |  out|    3|       m_axi|                                    A|       pointer|
|m_axi_A_0_ARQOS     |  out|    4|       m_axi|                                    A|       pointer|
|m_axi_A_0_ARREGION  |  out|    4|       m_axi|                                    A|       pointer|
|m_axi_A_0_ARUSER    |  out|    1|       m_axi|                                    A|       pointer|
|m_axi_A_0_RVALID    |   in|    1|       m_axi|                                    A|       pointer|
|m_axi_A_0_RREADY    |  out|    1|       m_axi|                                    A|       pointer|
|m_axi_A_0_RDATA     |   in|   32|       m_axi|                                    A|       pointer|
|m_axi_A_0_RLAST     |   in|    1|       m_axi|                                    A|       pointer|
|m_axi_A_0_RID       |   in|    1|       m_axi|                                    A|       pointer|
|m_axi_A_0_RFIFONUM  |   in|    9|       m_axi|                                    A|       pointer|
|m_axi_A_0_RUSER     |   in|    1|       m_axi|                                    A|       pointer|
|m_axi_A_0_RRESP     |   in|    2|       m_axi|                                    A|       pointer|
|m_axi_A_0_BVALID    |   in|    1|       m_axi|                                    A|       pointer|
|m_axi_A_0_BREADY    |  out|    1|       m_axi|                                    A|       pointer|
|m_axi_A_0_BRESP     |   in|    2|       m_axi|                                    A|       pointer|
|m_axi_A_0_BID       |   in|    1|       m_axi|                                    A|       pointer|
|m_axi_A_0_BUSER     |   in|    1|       m_axi|                                    A|       pointer|
|sext_ln57           |   in|   62|     ap_none|                            sext_ln57|        scalar|
|row_buf_7_address0  |  out|    3|   ap_memory|                            row_buf_7|         array|
|row_buf_7_ce0       |  out|    1|   ap_memory|                            row_buf_7|         array|
|row_buf_7_we0       |  out|    1|   ap_memory|                            row_buf_7|         array|
|row_buf_7_d0        |  out|   24|   ap_memory|                            row_buf_7|         array|
|row_buf_6_address0  |  out|    3|   ap_memory|                            row_buf_6|         array|
|row_buf_6_ce0       |  out|    1|   ap_memory|                            row_buf_6|         array|
|row_buf_6_we0       |  out|    1|   ap_memory|                            row_buf_6|         array|
|row_buf_6_d0        |  out|   24|   ap_memory|                            row_buf_6|         array|
|row_buf_5_address0  |  out|    3|   ap_memory|                            row_buf_5|         array|
|row_buf_5_ce0       |  out|    1|   ap_memory|                            row_buf_5|         array|
|row_buf_5_we0       |  out|    1|   ap_memory|                            row_buf_5|         array|
|row_buf_5_d0        |  out|   24|   ap_memory|                            row_buf_5|         array|
|row_buf_4_address0  |  out|    3|   ap_memory|                            row_buf_4|         array|
|row_buf_4_ce0       |  out|    1|   ap_memory|                            row_buf_4|         array|
|row_buf_4_we0       |  out|    1|   ap_memory|                            row_buf_4|         array|
|row_buf_4_d0        |  out|   24|   ap_memory|                            row_buf_4|         array|
|row_buf_3_address0  |  out|    3|   ap_memory|                            row_buf_3|         array|
|row_buf_3_ce0       |  out|    1|   ap_memory|                            row_buf_3|         array|
|row_buf_3_we0       |  out|    1|   ap_memory|                            row_buf_3|         array|
|row_buf_3_d0        |  out|   24|   ap_memory|                            row_buf_3|         array|
|row_buf_2_address0  |  out|    3|   ap_memory|                            row_buf_2|         array|
|row_buf_2_ce0       |  out|    1|   ap_memory|                            row_buf_2|         array|
|row_buf_2_we0       |  out|    1|   ap_memory|                            row_buf_2|         array|
|row_buf_2_d0        |  out|   24|   ap_memory|                            row_buf_2|         array|
|row_buf_1_address0  |  out|    3|   ap_memory|                            row_buf_1|         array|
|row_buf_1_ce0       |  out|    1|   ap_memory|                            row_buf_1|         array|
|row_buf_1_we0       |  out|    1|   ap_memory|                            row_buf_1|         array|
|row_buf_1_d0        |  out|   24|   ap_memory|                            row_buf_1|         array|
|row_buf_address0    |  out|    3|   ap_memory|                              row_buf|         array|
|row_buf_ce0         |  out|    1|   ap_memory|                              row_buf|         array|
|row_buf_we0         |  out|    1|   ap_memory|                              row_buf|         array|
|row_buf_d0          |  out|   24|   ap_memory|                              row_buf|         array|
|p_out               |  out|   24|      ap_vld|                                p_out|       pointer|
|p_out_ap_vld        |  out|    1|      ap_vld|                                p_out|       pointer|
+--------------------+-----+-----+------------+-------------------------------------+--------------+

