Vivado Simulator v2025.1.1
Copyright 1986-2022 Xilinx, Inc. All Rights Reserved.
Copyright 2022-2025 Advanced Micro Devices, Inc. All Rights Reserved.
Running: /tools/software/xilinx/2025.1.1/Vivado/bin/unwrapped/lnx64.o/xelab xil_defaultlib.apatb_top_kernel_top xil_defaultlib.glbl -Oenable_linking_all_libraries -prj top_kernel.prj -L smartconnect_v1_0 -L axi_protocol_checker_v1_1_12 -L axi_protocol_checker_v1_1_13 -L axis_protocol_checker_v1_1_11 -L axis_protocol_checker_v1_1_12 -L xil_defaultlib -L unisims_ver -L xpm -L floating_point_v7_1_20 -L floating_point_v7_0_25 --lib ieee_proposed=./ieee_proposed -L uvm -relax -i ./svr -i ./svtb -i ./file_agent -i ./top_kernel_subsystem -s top_kernel 
Multi-threading is on. Using 110 slave threads.
INFO: [VRFC 10-2263] Analyzing SystemVerilog file "/nethome/wsun377/ece8893/FPGA_ECE8893/2026_Spring/lab1-copy/project_1/hls/sim/verilog/glbl.v" into library xil_defaultlib
INFO: [VRFC 10-311] analyzing module glbl
INFO: [VRFC 10-2263] Analyzing SystemVerilog file "/nethome/wsun377/ece8893/FPGA_ECE8893/2026_Spring/lab1-copy/project_1/hls/sim/verilog/AESL_automem_A_0.v" into library xil_defaultlib
INFO: [VRFC 10-311] analyzing module AESL_automem_A_0
INFO: [VRFC 10-2263] Analyzing SystemVerilog file "/nethome/wsun377/ece8893/FPGA_ECE8893/2026_Spring/lab1-copy/project_1/hls/sim/verilog/AESL_automem_A_1.v" into library xil_defaultlib
INFO: [VRFC 10-311] analyzing module AESL_automem_A_1
INFO: [VRFC 10-2263] Analyzing SystemVerilog file "/nethome/wsun377/ece8893/FPGA_ECE8893/2026_Spring/lab1-copy/project_1/hls/sim/verilog/AESL_automem_A_2.v" into library xil_defaultlib
INFO: [VRFC 10-311] analyzing module AESL_automem_A_2
INFO: [VRFC 10-2263] Analyzing SystemVerilog file "/nethome/wsun377/ece8893/FPGA_ECE8893/2026_Spring/lab1-copy/project_1/hls/sim/verilog/AESL_automem_A_3.v" into library xil_defaultlib
INFO: [VRFC 10-311] analyzing module AESL_automem_A_3
INFO: [VRFC 10-2263] Analyzing SystemVerilog file "/nethome/wsun377/ece8893/FPGA_ECE8893/2026_Spring/lab1-copy/project_1/hls/sim/verilog/AESL_automem_A_4.v" into library xil_defaultlib
INFO: [VRFC 10-311] analyzing module AESL_automem_A_4
INFO: [VRFC 10-2263] Analyzing SystemVerilog file "/nethome/wsun377/ece8893/FPGA_ECE8893/2026_Spring/lab1-copy/project_1/hls/sim/verilog/AESL_automem_A_5.v" into library xil_defaultlib
INFO: [VRFC 10-311] analyzing module AESL_automem_A_5
INFO: [VRFC 10-2263] Analyzing SystemVerilog file "/nethome/wsun377/ece8893/FPGA_ECE8893/2026_Spring/lab1-copy/project_1/hls/sim/verilog/AESL_automem_A_6.v" into library xil_defaultlib
INFO: [VRFC 10-311] analyzing module AESL_automem_A_6
INFO: [VRFC 10-2263] Analyzing SystemVerilog file "/nethome/wsun377/ece8893/FPGA_ECE8893/2026_Spring/lab1-copy/project_1/hls/sim/verilog/AESL_automem_A_7.v" into library xil_defaultlib
INFO: [VRFC 10-311] analyzing module AESL_automem_A_7
INFO: [VRFC 10-2263] Analyzing SystemVerilog file "/nethome/wsun377/ece8893/FPGA_ECE8893/2026_Spring/lab1-copy/project_1/hls/sim/verilog/AESL_automem_A_8.v" into library xil_defaultlib
INFO: [VRFC 10-311] analyzing module AESL_automem_A_8
INFO: [VRFC 10-2263] Analyzing SystemVerilog file "/nethome/wsun377/ece8893/FPGA_ECE8893/2026_Spring/lab1-copy/project_1/hls/sim/verilog/AESL_automem_A_9.v" into library xil_defaultlib
INFO: [VRFC 10-311] analyzing module AESL_automem_A_9
INFO: [VRFC 10-2263] Analyzing SystemVerilog file "/nethome/wsun377/ece8893/FPGA_ECE8893/2026_Spring/lab1-copy/project_1/hls/sim/verilog/AESL_automem_A_10.v" into library xil_defaultlib
INFO: [VRFC 10-311] analyzing module AESL_automem_A_10
INFO: [VRFC 10-2263] Analyzing SystemVerilog file "/nethome/wsun377/ece8893/FPGA_ECE8893/2026_Spring/lab1-copy/project_1/hls/sim/verilog/AESL_automem_A_11.v" into library xil_defaultlib
INFO: [VRFC 10-311] analyzing module AESL_automem_A_11
INFO: [VRFC 10-2263] Analyzing SystemVerilog file "/nethome/wsun377/ece8893/FPGA_ECE8893/2026_Spring/lab1-copy/project_1/hls/sim/verilog/AESL_automem_A_12.v" into library xil_defaultlib
INFO: [VRFC 10-311] analyzing module AESL_automem_A_12
INFO: [VRFC 10-2263] Analyzing SystemVerilog file "/nethome/wsun377/ece8893/FPGA_ECE8893/2026_Spring/lab1-copy/project_1/hls/sim/verilog/AESL_automem_A_13.v" into library xil_defaultlib
INFO: [VRFC 10-311] analyzing module AESL_automem_A_13
INFO: [VRFC 10-2263] Analyzing SystemVerilog file "/nethome/wsun377/ece8893/FPGA_ECE8893/2026_Spring/lab1-copy/project_1/hls/sim/verilog/AESL_automem_A_14.v" into library xil_defaultlib
INFO: [VRFC 10-311] analyzing module AESL_automem_A_14
INFO: [VRFC 10-2263] Analyzing SystemVerilog file "/nethome/wsun377/ece8893/FPGA_ECE8893/2026_Spring/lab1-copy/project_1/hls/sim/verilog/AESL_automem_A_15.v" into library xil_defaultlib
INFO: [VRFC 10-311] analyzing module AESL_automem_A_15
INFO: [VRFC 10-2263] Analyzing SystemVerilog file "/nethome/wsun377/ece8893/FPGA_ECE8893/2026_Spring/lab1-copy/project_1/hls/sim/verilog/AESL_automem_C_0.v" into library xil_defaultlib
INFO: [VRFC 10-311] analyzing module AESL_automem_C_0
INFO: [VRFC 10-2263] Analyzing SystemVerilog file "/nethome/wsun377/ece8893/FPGA_ECE8893/2026_Spring/lab1-copy/project_1/hls/sim/verilog/AESL_automem_C_1.v" into library xil_defaultlib
INFO: [VRFC 10-311] analyzing module AESL_automem_C_1
INFO: [VRFC 10-2263] Analyzing SystemVerilog file "/nethome/wsun377/ece8893/FPGA_ECE8893/2026_Spring/lab1-copy/project_1/hls/sim/verilog/AESL_automem_C_2.v" into library xil_defaultlib
INFO: [VRFC 10-311] analyzing module AESL_automem_C_2
INFO: [VRFC 10-2263] Analyzing SystemVerilog file "/nethome/wsun377/ece8893/FPGA_ECE8893/2026_Spring/lab1-copy/project_1/hls/sim/verilog/AESL_automem_C_3.v" into library xil_defaultlib
INFO: [VRFC 10-311] analyzing module AESL_automem_C_3
INFO: [VRFC 10-2263] Analyzing SystemVerilog file "/nethome/wsun377/ece8893/FPGA_ECE8893/2026_Spring/lab1-copy/project_1/hls/sim/verilog/AESL_automem_C_4.v" into library xil_defaultlib
INFO: [VRFC 10-311] analyzing module AESL_automem_C_4
INFO: [VRFC 10-2263] Analyzing SystemVerilog file "/nethome/wsun377/ece8893/FPGA_ECE8893/2026_Spring/lab1-copy/project_1/hls/sim/verilog/AESL_automem_C_5.v" into library xil_defaultlib
INFO: [VRFC 10-311] analyzing module AESL_automem_C_5
INFO: [VRFC 10-2263] Analyzing SystemVerilog file "/nethome/wsun377/ece8893/FPGA_ECE8893/2026_Spring/lab1-copy/project_1/hls/sim/verilog/AESL_automem_C_6.v" into library xil_defaultlib
INFO: [VRFC 10-311] analyzing module AESL_automem_C_6
INFO: [VRFC 10-2263] Analyzing SystemVerilog file "/nethome/wsun377/ece8893/FPGA_ECE8893/2026_Spring/lab1-copy/project_1/hls/sim/verilog/AESL_automem_C_7.v" into library xil_defaultlib
INFO: [VRFC 10-311] analyzing module AESL_automem_C_7
INFO: [VRFC 10-2263] Analyzing SystemVerilog file "/nethome/wsun377/ece8893/FPGA_ECE8893/2026_Spring/lab1-copy/project_1/hls/sim/verilog/AESL_automem_C_8.v" into library xil_defaultlib
INFO: [VRFC 10-311] analyzing module AESL_automem_C_8
INFO: [VRFC 10-2263] Analyzing SystemVerilog file "/nethome/wsun377/ece8893/FPGA_ECE8893/2026_Spring/lab1-copy/project_1/hls/sim/verilog/AESL_automem_C_9.v" into library xil_defaultlib
INFO: [VRFC 10-311] analyzing module AESL_automem_C_9
INFO: [VRFC 10-2263] Analyzing SystemVerilog file "/nethome/wsun377/ece8893/FPGA_ECE8893/2026_Spring/lab1-copy/project_1/hls/sim/verilog/AESL_automem_C_10.v" into library xil_defaultlib
INFO: [VRFC 10-311] analyzing module AESL_automem_C_10
INFO: [VRFC 10-2263] Analyzing SystemVerilog file "/nethome/wsun377/ece8893/FPGA_ECE8893/2026_Spring/lab1-copy/project_1/hls/sim/verilog/AESL_automem_C_11.v" into library xil_defaultlib
INFO: [VRFC 10-311] analyzing module AESL_automem_C_11
INFO: [VRFC 10-2263] Analyzing SystemVerilog file "/nethome/wsun377/ece8893/FPGA_ECE8893/2026_Spring/lab1-copy/project_1/hls/sim/verilog/AESL_automem_C_12.v" into library xil_defaultlib
INFO: [VRFC 10-311] analyzing module AESL_automem_C_12
INFO: [VRFC 10-2263] Analyzing SystemVerilog file "/nethome/wsun377/ece8893/FPGA_ECE8893/2026_Spring/lab1-copy/project_1/hls/sim/verilog/AESL_automem_C_13.v" into library xil_defaultlib
INFO: [VRFC 10-311] analyzing module AESL_automem_C_13
INFO: [VRFC 10-2263] Analyzing SystemVerilog file "/nethome/wsun377/ece8893/FPGA_ECE8893/2026_Spring/lab1-copy/project_1/hls/sim/verilog/AESL_automem_C_14.v" into library xil_defaultlib
INFO: [VRFC 10-311] analyzing module AESL_automem_C_14
INFO: [VRFC 10-2263] Analyzing SystemVerilog file "/nethome/wsun377/ece8893/FPGA_ECE8893/2026_Spring/lab1-copy/project_1/hls/sim/verilog/AESL_automem_C_15.v" into library xil_defaultlib
INFO: [VRFC 10-311] analyzing module AESL_automem_C_15
INFO: [VRFC 10-2263] Analyzing SystemVerilog file "/nethome/wsun377/ece8893/FPGA_ECE8893/2026_Spring/lab1-copy/project_1/hls/sim/verilog/top_kernel.autotb.v" into library xil_defaultlib
INFO: [VRFC 10-311] analyzing module apatb_top_kernel_top
INFO: [VRFC 10-2263] Analyzing SystemVerilog file "/nethome/wsun377/ece8893/FPGA_ECE8893/2026_Spring/lab1-copy/project_1/hls/sim/verilog/top_kernel.v" into library xil_defaultlib
INFO: [VRFC 10-311] analyzing module top_kernel
INFO: [VRFC 10-2263] Analyzing SystemVerilog file "/nethome/wsun377/ece8893/FPGA_ECE8893/2026_Spring/lab1-copy/project_1/hls/sim/verilog/top_kernel_top_kernel_Pipeline_VITIS_LOOP_56_2.v" into library xil_defaultlib
INFO: [VRFC 10-311] analyzing module top_kernel_top_kernel_Pipeline_VITIS_LOOP_56_2
INFO: [VRFC 10-2263] Analyzing SystemVerilog file "/nethome/wsun377/ece8893/FPGA_ECE8893/2026_Spring/lab1-copy/project_1/hls/sim/verilog/top_kernel_top_kernel_Outline_VITIS_LOOP_54_1.v" into library xil_defaultlib
INFO: [VRFC 10-311] analyzing module top_kernel_top_kernel_Outline_VITIS_LOOP_54_1
INFO: [VRFC 10-2263] Analyzing SystemVerilog file "/nethome/wsun377/ece8893/FPGA_ECE8893/2026_Spring/lab1-copy/project_1/hls/sim/verilog/top_kernel_top_kernel_Pipeline_VITIS_LOOP_69_4_VITIS_LOOP_71_5.v" into library xil_defaultlib
INFO: [VRFC 10-311] analyzing module top_kernel_top_kernel_Pipeline_VITIS_LOOP_69_4_VITIS_LOOP_71_5
INFO: [VRFC 10-2263] Analyzing SystemVerilog file "/nethome/wsun377/ece8893/FPGA_ECE8893/2026_Spring/lab1-copy/project_1/hls/sim/verilog/top_kernel_top_kernel_Pipeline_VITIS_LOOP_69_4_VITIS_LOOP_71_51.v" into library xil_defaultlib
INFO: [VRFC 10-311] analyzing module top_kernel_top_kernel_Pipeline_VITIS_LOOP_69_4_VITIS_LOOP_71_51
INFO: [VRFC 10-2263] Analyzing SystemVerilog file "/nethome/wsun377/ece8893/FPGA_ECE8893/2026_Spring/lab1-copy/project_1/hls/sim/verilog/top_kernel_top_kernel_Pipeline_VITIS_LOOP_69_4_VITIS_LOOP_71_52.v" into library xil_defaultlib
INFO: [VRFC 10-311] analyzing module top_kernel_top_kernel_Pipeline_VITIS_LOOP_69_4_VITIS_LOOP_71_52
INFO: [VRFC 10-2263] Analyzing SystemVerilog file "/nethome/wsun377/ece8893/FPGA_ECE8893/2026_Spring/lab1-copy/project_1/hls/sim/verilog/top_kernel_top_kernel_Pipeline_VITIS_LOOP_69_4_VITIS_LOOP_71_53.v" into library xil_defaultlib
INFO: [VRFC 10-311] analyzing module top_kernel_top_kernel_Pipeline_VITIS_LOOP_69_4_VITIS_LOOP_71_53
INFO: [VRFC 10-2263] Analyzing SystemVerilog file "/nethome/wsun377/ece8893/FPGA_ECE8893/2026_Spring/lab1-copy/project_1/hls/sim/verilog/top_kernel_top_kernel_Pipeline_VITIS_LOOP_69_4_VITIS_LOOP_71_54.v" into library xil_defaultlib
INFO: [VRFC 10-311] analyzing module top_kernel_top_kernel_Pipeline_VITIS_LOOP_69_4_VITIS_LOOP_71_54
INFO: [VRFC 10-2263] Analyzing SystemVerilog file "/nethome/wsun377/ece8893/FPGA_ECE8893/2026_Spring/lab1-copy/project_1/hls/sim/verilog/top_kernel_top_kernel_Pipeline_VITIS_LOOP_69_4_VITIS_LOOP_71_55.v" into library xil_defaultlib
INFO: [VRFC 10-311] analyzing module top_kernel_top_kernel_Pipeline_VITIS_LOOP_69_4_VITIS_LOOP_71_55
INFO: [VRFC 10-2263] Analyzing SystemVerilog file "/nethome/wsun377/ece8893/FPGA_ECE8893/2026_Spring/lab1-copy/project_1/hls/sim/verilog/top_kernel_top_kernel_Pipeline_VITIS_LOOP_69_4_VITIS_LOOP_71_56.v" into library xil_defaultlib
INFO: [VRFC 10-311] analyzing module top_kernel_top_kernel_Pipeline_VITIS_LOOP_69_4_VITIS_LOOP_71_56
INFO: [VRFC 10-2263] Analyzing SystemVerilog file "/nethome/wsun377/ece8893/FPGA_ECE8893/2026_Spring/lab1-copy/project_1/hls/sim/verilog/top_kernel_top_kernel_Pipeline_VITIS_LOOP_69_4_VITIS_LOOP_71_57.v" into library xil_defaultlib
INFO: [VRFC 10-311] analyzing module top_kernel_top_kernel_Pipeline_VITIS_LOOP_69_4_VITIS_LOOP_71_57
INFO: [VRFC 10-2263] Analyzing SystemVerilog file "/nethome/wsun377/ece8893/FPGA_ECE8893/2026_Spring/lab1-copy/project_1/hls/sim/verilog/top_kernel_top_kernel_Pipeline_VITIS_LOOP_69_4_VITIS_LOOP_71_58.v" into library xil_defaultlib
INFO: [VRFC 10-311] analyzing module top_kernel_top_kernel_Pipeline_VITIS_LOOP_69_4_VITIS_LOOP_71_58
INFO: [VRFC 10-2263] Analyzing SystemVerilog file "/nethome/wsun377/ece8893/FPGA_ECE8893/2026_Spring/lab1-copy/project_1/hls/sim/verilog/top_kernel_top_kernel_Pipeline_VITIS_LOOP_69_4_VITIS_LOOP_71_59.v" into library xil_defaultlib
INFO: [VRFC 10-311] analyzing module top_kernel_top_kernel_Pipeline_VITIS_LOOP_69_4_VITIS_LOOP_71_59
INFO: [VRFC 10-2263] Analyzing SystemVerilog file "/nethome/wsun377/ece8893/FPGA_ECE8893/2026_Spring/lab1-copy/project_1/hls/sim/verilog/top_kernel_top_kernel_Pipeline_VITIS_LOOP_69_4_VITIS_LOOP_71_510.v" into library xil_defaultlib
INFO: [VRFC 10-311] analyzing module top_kernel_top_kernel_Pipeline_VITIS_LOOP_69_4_VITIS_LOOP_71_510
INFO: [VRFC 10-2263] Analyzing SystemVerilog file "/nethome/wsun377/ece8893/FPGA_ECE8893/2026_Spring/lab1-copy/project_1/hls/sim/verilog/top_kernel_top_kernel_Pipeline_VITIS_LOOP_69_4_VITIS_LOOP_71_511.v" into library xil_defaultlib
INFO: [VRFC 10-311] analyzing module top_kernel_top_kernel_Pipeline_VITIS_LOOP_69_4_VITIS_LOOP_71_511
INFO: [VRFC 10-2263] Analyzing SystemVerilog file "/nethome/wsun377/ece8893/FPGA_ECE8893/2026_Spring/lab1-copy/project_1/hls/sim/verilog/top_kernel_top_kernel_Pipeline_VITIS_LOOP_69_4_VITIS_LOOP_71_512.v" into library xil_defaultlib
INFO: [VRFC 10-311] analyzing module top_kernel_top_kernel_Pipeline_VITIS_LOOP_69_4_VITIS_LOOP_71_512
INFO: [VRFC 10-2263] Analyzing SystemVerilog file "/nethome/wsun377/ece8893/FPGA_ECE8893/2026_Spring/lab1-copy/project_1/hls/sim/verilog/top_kernel_top_kernel_Pipeline_VITIS_LOOP_69_4_VITIS_LOOP_71_513.v" into library xil_defaultlib
INFO: [VRFC 10-311] analyzing module top_kernel_top_kernel_Pipeline_VITIS_LOOP_69_4_VITIS_LOOP_71_513
INFO: [VRFC 10-2263] Analyzing SystemVerilog file "/nethome/wsun377/ece8893/FPGA_ECE8893/2026_Spring/lab1-copy/project_1/hls/sim/verilog/top_kernel_top_kernel_Pipeline_VITIS_LOOP_69_4_VITIS_LOOP_71_514.v" into library xil_defaultlib
INFO: [VRFC 10-311] analyzing module top_kernel_top_kernel_Pipeline_VITIS_LOOP_69_4_VITIS_LOOP_71_514
INFO: [VRFC 10-2263] Analyzing SystemVerilog file "/nethome/wsun377/ece8893/FPGA_ECE8893/2026_Spring/lab1-copy/project_1/hls/sim/verilog/top_kernel_top_kernel_Pipeline_VITIS_LOOP_69_4_VITIS_LOOP_71_515.v" into library xil_defaultlib
INFO: [VRFC 10-311] analyzing module top_kernel_top_kernel_Pipeline_VITIS_LOOP_69_4_VITIS_LOOP_71_515
INFO: [VRFC 10-2263] Analyzing SystemVerilog file "/nethome/wsun377/ece8893/FPGA_ECE8893/2026_Spring/lab1-copy/project_1/hls/sim/verilog/top_kernel_top_kernel_Pipeline_VITIS_LOOP_83_6.v" into library xil_defaultlib
INFO: [VRFC 10-311] analyzing module top_kernel_top_kernel_Pipeline_VITIS_LOOP_83_6
INFO: [VRFC 10-2263] Analyzing SystemVerilog file "/nethome/wsun377/ece8893/FPGA_ECE8893/2026_Spring/lab1-copy/project_1/hls/sim/verilog/top_kernel_top_kernel_Pipeline_VITIS_LOOP_90_8_VITIS_LOOP_91_9.v" into library xil_defaultlib
INFO: [VRFC 10-311] analyzing module top_kernel_top_kernel_Pipeline_VITIS_LOOP_90_8_VITIS_LOOP_91_9
INFO: [VRFC 10-2263] Analyzing SystemVerilog file "/nethome/wsun377/ece8893/FPGA_ECE8893/2026_Spring/lab1-copy/project_1/hls/sim/verilog/top_kernel_top_kernel_Pipeline_VITIS_LOOP_90_8_VITIS_LOOP_91_916.v" into library xil_defaultlib
INFO: [VRFC 10-311] analyzing module top_kernel_top_kernel_Pipeline_VITIS_LOOP_90_8_VITIS_LOOP_91_916
INFO: [VRFC 10-2263] Analyzing SystemVerilog file "/nethome/wsun377/ece8893/FPGA_ECE8893/2026_Spring/lab1-copy/project_1/hls/sim/verilog/top_kernel_top_kernel_Pipeline_VITIS_LOOP_90_8_VITIS_LOOP_91_917.v" into library xil_defaultlib
INFO: [VRFC 10-311] analyzing module top_kernel_top_kernel_Pipeline_VITIS_LOOP_90_8_VITIS_LOOP_91_917
INFO: [VRFC 10-2263] Analyzing SystemVerilog file "/nethome/wsun377/ece8893/FPGA_ECE8893/2026_Spring/lab1-copy/project_1/hls/sim/verilog/top_kernel_top_kernel_Pipeline_VITIS_LOOP_90_8_VITIS_LOOP_91_918.v" into library xil_defaultlib
INFO: [VRFC 10-311] analyzing module top_kernel_top_kernel_Pipeline_VITIS_LOOP_90_8_VITIS_LOOP_91_918
INFO: [VRFC 10-2263] Analyzing SystemVerilog file "/nethome/wsun377/ece8893/FPGA_ECE8893/2026_Spring/lab1-copy/project_1/hls/sim/verilog/top_kernel_top_kernel_Pipeline_VITIS_LOOP_90_8_VITIS_LOOP_91_919.v" into library xil_defaultlib
INFO: [VRFC 10-311] analyzing module top_kernel_top_kernel_Pipeline_VITIS_LOOP_90_8_VITIS_LOOP_91_919
INFO: [VRFC 10-2263] Analyzing SystemVerilog file "/nethome/wsun377/ece8893/FPGA_ECE8893/2026_Spring/lab1-copy/project_1/hls/sim/verilog/top_kernel_top_kernel_Pipeline_VITIS_LOOP_90_8_VITIS_LOOP_91_920.v" into library xil_defaultlib
INFO: [VRFC 10-311] analyzing module top_kernel_top_kernel_Pipeline_VITIS_LOOP_90_8_VITIS_LOOP_91_920
INFO: [VRFC 10-2263] Analyzing SystemVerilog file "/nethome/wsun377/ece8893/FPGA_ECE8893/2026_Spring/lab1-copy/project_1/hls/sim/verilog/top_kernel_top_kernel_Pipeline_VITIS_LOOP_90_8_VITIS_LOOP_91_921.v" into library xil_defaultlib
INFO: [VRFC 10-311] analyzing module top_kernel_top_kernel_Pipeline_VITIS_LOOP_90_8_VITIS_LOOP_91_921
INFO: [VRFC 10-2263] Analyzing SystemVerilog file "/nethome/wsun377/ece8893/FPGA_ECE8893/2026_Spring/lab1-copy/project_1/hls/sim/verilog/top_kernel_top_kernel_Pipeline_VITIS_LOOP_90_8_VITIS_LOOP_91_922.v" into library xil_defaultlib
INFO: [VRFC 10-311] analyzing module top_kernel_top_kernel_Pipeline_VITIS_LOOP_90_8_VITIS_LOOP_91_922
INFO: [VRFC 10-2263] Analyzing SystemVerilog file "/nethome/wsun377/ece8893/FPGA_ECE8893/2026_Spring/lab1-copy/project_1/hls/sim/verilog/top_kernel_top_kernel_Pipeline_VITIS_LOOP_90_8_VITIS_LOOP_91_923.v" into library xil_defaultlib
INFO: [VRFC 10-311] analyzing module top_kernel_top_kernel_Pipeline_VITIS_LOOP_90_8_VITIS_LOOP_91_923
INFO: [VRFC 10-2263] Analyzing SystemVerilog file "/nethome/wsun377/ece8893/FPGA_ECE8893/2026_Spring/lab1-copy/project_1/hls/sim/verilog/top_kernel_top_kernel_Pipeline_VITIS_LOOP_99_10.v" into library xil_defaultlib
INFO: [VRFC 10-311] analyzing module top_kernel_top_kernel_Pipeline_VITIS_LOOP_99_10
INFO: [VRFC 10-2263] Analyzing SystemVerilog file "/nethome/wsun377/ece8893/FPGA_ECE8893/2026_Spring/lab1-copy/project_1/hls/sim/verilog/top_kernel_top_kernel_Pipeline_VITIS_LOOP_90_8_VITIS_LOOP_91_924.v" into library xil_defaultlib
INFO: [VRFC 10-311] analyzing module top_kernel_top_kernel_Pipeline_VITIS_LOOP_90_8_VITIS_LOOP_91_924
INFO: [VRFC 10-2263] Analyzing SystemVerilog file "/nethome/wsun377/ece8893/FPGA_ECE8893/2026_Spring/lab1-copy/project_1/hls/sim/verilog/top_kernel_top_kernel_Pipeline_VITIS_LOOP_90_8_VITIS_LOOP_91_925.v" into library xil_defaultlib
INFO: [VRFC 10-311] analyzing module top_kernel_top_kernel_Pipeline_VITIS_LOOP_90_8_VITIS_LOOP_91_925
INFO: [VRFC 10-2263] Analyzing SystemVerilog file "/nethome/wsun377/ece8893/FPGA_ECE8893/2026_Spring/lab1-copy/project_1/hls/sim/verilog/top_kernel_top_kernel_Pipeline_VITIS_LOOP_90_8_VITIS_LOOP_91_926.v" into library xil_defaultlib
INFO: [VRFC 10-311] analyzing module top_kernel_top_kernel_Pipeline_VITIS_LOOP_90_8_VITIS_LOOP_91_926
INFO: [VRFC 10-2263] Analyzing SystemVerilog file "/nethome/wsun377/ece8893/FPGA_ECE8893/2026_Spring/lab1-copy/project_1/hls/sim/verilog/top_kernel_top_kernel_Pipeline_VITIS_LOOP_90_8_VITIS_LOOP_91_927.v" into library xil_defaultlib
INFO: [VRFC 10-311] analyzing module top_kernel_top_kernel_Pipeline_VITIS_LOOP_90_8_VITIS_LOOP_91_927
INFO: [VRFC 10-2263] Analyzing SystemVerilog file "/nethome/wsun377/ece8893/FPGA_ECE8893/2026_Spring/lab1-copy/project_1/hls/sim/verilog/top_kernel_top_kernel_Pipeline_VITIS_LOOP_90_8_VITIS_LOOP_91_928.v" into library xil_defaultlib
INFO: [VRFC 10-311] analyzing module top_kernel_top_kernel_Pipeline_VITIS_LOOP_90_8_VITIS_LOOP_91_928
INFO: [VRFC 10-2263] Analyzing SystemVerilog file "/nethome/wsun377/ece8893/FPGA_ECE8893/2026_Spring/lab1-copy/project_1/hls/sim/verilog/top_kernel_top_kernel_Pipeline_VITIS_LOOP_90_8_VITIS_LOOP_91_929.v" into library xil_defaultlib
INFO: [VRFC 10-311] analyzing module top_kernel_top_kernel_Pipeline_VITIS_LOOP_90_8_VITIS_LOOP_91_929
INFO: [VRFC 10-2263] Analyzing SystemVerilog file "/nethome/wsun377/ece8893/FPGA_ECE8893/2026_Spring/lab1-copy/project_1/hls/sim/verilog/top_kernel_top_kernel_Pipeline_VITIS_LOOP_90_8_VITIS_LOOP_91_930.v" into library xil_defaultlib
INFO: [VRFC 10-311] analyzing module top_kernel_top_kernel_Pipeline_VITIS_LOOP_90_8_VITIS_LOOP_91_930
INFO: [VRFC 10-2263] Analyzing SystemVerilog file "/nethome/wsun377/ece8893/FPGA_ECE8893/2026_Spring/lab1-copy/project_1/hls/sim/verilog/top_kernel_top_kernel_Pipeline_VITIS_LOOP_109_12_VITIS_LOOP_110_13.v" into library xil_defaultlib
INFO: [VRFC 10-311] analyzing module top_kernel_top_kernel_Pipeline_VITIS_LOOP_109_12_VITIS_LOOP_110_13
INFO: [VRFC 10-2263] Analyzing SystemVerilog file "/nethome/wsun377/ece8893/FPGA_ECE8893/2026_Spring/lab1-copy/project_1/hls/sim/verilog/top_kernel_top_kernel_Pipeline_VITIS_LOOP_109_12_VITIS_LOOP_110_1331.v" into library xil_defaultlib
INFO: [VRFC 10-311] analyzing module top_kernel_top_kernel_Pipeline_VITIS_LOOP_109_12_VITIS_LOOP_110_1331
INFO: [VRFC 10-2263] Analyzing SystemVerilog file "/nethome/wsun377/ece8893/FPGA_ECE8893/2026_Spring/lab1-copy/project_1/hls/sim/verilog/top_kernel_top_kernel_Pipeline_VITIS_LOOP_109_12_VITIS_LOOP_110_1332.v" into library xil_defaultlib
INFO: [VRFC 10-311] analyzing module top_kernel_top_kernel_Pipeline_VITIS_LOOP_109_12_VITIS_LOOP_110_1332
INFO: [VRFC 10-2263] Analyzing SystemVerilog file "/nethome/wsun377/ece8893/FPGA_ECE8893/2026_Spring/lab1-copy/project_1/hls/sim/verilog/top_kernel_top_kernel_Pipeline_VITIS_LOOP_109_12_VITIS_LOOP_110_1333.v" into library xil_defaultlib
INFO: [VRFC 10-311] analyzing module top_kernel_top_kernel_Pipeline_VITIS_LOOP_109_12_VITIS_LOOP_110_1333
INFO: [VRFC 10-2263] Analyzing SystemVerilog file "/nethome/wsun377/ece8893/FPGA_ECE8893/2026_Spring/lab1-copy/project_1/hls/sim/verilog/top_kernel_top_kernel_Pipeline_VITIS_LOOP_109_12_VITIS_LOOP_110_1334.v" into library xil_defaultlib
INFO: [VRFC 10-311] analyzing module top_kernel_top_kernel_Pipeline_VITIS_LOOP_109_12_VITIS_LOOP_110_1334
INFO: [VRFC 10-2263] Analyzing SystemVerilog file "/nethome/wsun377/ece8893/FPGA_ECE8893/2026_Spring/lab1-copy/project_1/hls/sim/verilog/top_kernel_top_kernel_Pipeline_VITIS_LOOP_109_12_VITIS_LOOP_110_1335.v" into library xil_defaultlib
INFO: [VRFC 10-311] analyzing module top_kernel_top_kernel_Pipeline_VITIS_LOOP_109_12_VITIS_LOOP_110_1335
INFO: [VRFC 10-2263] Analyzing SystemVerilog file "/nethome/wsun377/ece8893/FPGA_ECE8893/2026_Spring/lab1-copy/project_1/hls/sim/verilog/top_kernel_top_kernel_Pipeline_VITIS_LOOP_109_12_VITIS_LOOP_110_1336.v" into library xil_defaultlib
INFO: [VRFC 10-311] analyzing module top_kernel_top_kernel_Pipeline_VITIS_LOOP_109_12_VITIS_LOOP_110_1336
INFO: [VRFC 10-2263] Analyzing SystemVerilog file "/nethome/wsun377/ece8893/FPGA_ECE8893/2026_Spring/lab1-copy/project_1/hls/sim/verilog/top_kernel_top_kernel_Pipeline_VITIS_LOOP_109_12_VITIS_LOOP_110_1337.v" into library xil_defaultlib
INFO: [VRFC 10-311] analyzing module top_kernel_top_kernel_Pipeline_VITIS_LOOP_109_12_VITIS_LOOP_110_1337
INFO: [VRFC 10-2263] Analyzing SystemVerilog file "/nethome/wsun377/ece8893/FPGA_ECE8893/2026_Spring/lab1-copy/project_1/hls/sim/verilog/top_kernel_top_kernel_Pipeline_VITIS_LOOP_109_12_VITIS_LOOP_110_1338.v" into library xil_defaultlib
INFO: [VRFC 10-311] analyzing module top_kernel_top_kernel_Pipeline_VITIS_LOOP_109_12_VITIS_LOOP_110_1338
INFO: [VRFC 10-2263] Analyzing SystemVerilog file "/nethome/wsun377/ece8893/FPGA_ECE8893/2026_Spring/lab1-copy/project_1/hls/sim/verilog/top_kernel_top_kernel_Pipeline_VITIS_LOOP_109_12_VITIS_LOOP_110_1339.v" into library xil_defaultlib
INFO: [VRFC 10-311] analyzing module top_kernel_top_kernel_Pipeline_VITIS_LOOP_109_12_VITIS_LOOP_110_1339
INFO: [VRFC 10-2263] Analyzing SystemVerilog file "/nethome/wsun377/ece8893/FPGA_ECE8893/2026_Spring/lab1-copy/project_1/hls/sim/verilog/top_kernel_top_kernel_Pipeline_VITIS_LOOP_109_12_VITIS_LOOP_110_1340.v" into library xil_defaultlib
INFO: [VRFC 10-311] analyzing module top_kernel_top_kernel_Pipeline_VITIS_LOOP_109_12_VITIS_LOOP_110_1340
INFO: [VRFC 10-2263] Analyzing SystemVerilog file "/nethome/wsun377/ece8893/FPGA_ECE8893/2026_Spring/lab1-copy/project_1/hls/sim/verilog/top_kernel_top_kernel_Pipeline_VITIS_LOOP_109_12_VITIS_LOOP_110_1341.v" into library xil_defaultlib
INFO: [VRFC 10-311] analyzing module top_kernel_top_kernel_Pipeline_VITIS_LOOP_109_12_VITIS_LOOP_110_1341
INFO: [VRFC 10-2263] Analyzing SystemVerilog file "/nethome/wsun377/ece8893/FPGA_ECE8893/2026_Spring/lab1-copy/project_1/hls/sim/verilog/top_kernel_top_kernel_Pipeline_VITIS_LOOP_109_12_VITIS_LOOP_110_1342.v" into library xil_defaultlib
INFO: [VRFC 10-311] analyzing module top_kernel_top_kernel_Pipeline_VITIS_LOOP_109_12_VITIS_LOOP_110_1342
INFO: [VRFC 10-2263] Analyzing SystemVerilog file "/nethome/wsun377/ece8893/FPGA_ECE8893/2026_Spring/lab1-copy/project_1/hls/sim/verilog/top_kernel_top_kernel_Pipeline_VITIS_LOOP_109_12_VITIS_LOOP_110_1343.v" into library xil_defaultlib
INFO: [VRFC 10-311] analyzing module top_kernel_top_kernel_Pipeline_VITIS_LOOP_109_12_VITIS_LOOP_110_1343
INFO: [VRFC 10-2263] Analyzing SystemVerilog file "/nethome/wsun377/ece8893/FPGA_ECE8893/2026_Spring/lab1-copy/project_1/hls/sim/verilog/top_kernel_top_kernel_Pipeline_VITIS_LOOP_109_12_VITIS_LOOP_110_1344.v" into library xil_defaultlib
INFO: [VRFC 10-311] analyzing module top_kernel_top_kernel_Pipeline_VITIS_LOOP_109_12_VITIS_LOOP_110_1344
INFO: [VRFC 10-2263] Analyzing SystemVerilog file "/nethome/wsun377/ece8893/FPGA_ECE8893/2026_Spring/lab1-copy/project_1/hls/sim/verilog/top_kernel_top_kernel_Pipeline_VITIS_LOOP_109_12_VITIS_LOOP_110_1345.v" into library xil_defaultlib
INFO: [VRFC 10-311] analyzing module top_kernel_top_kernel_Pipeline_VITIS_LOOP_109_12_VITIS_LOOP_110_1345
INFO: [VRFC 10-2263] Analyzing SystemVerilog file "/nethome/wsun377/ece8893/FPGA_ECE8893/2026_Spring/lab1-copy/project_1/hls/sim/verilog/top_kernel_flow_control_loop_pipe_sequential_init.v" into library xil_defaultlib
INFO: [VRFC 10-311] analyzing module top_kernel_flow_control_loop_pipe_sequential_init
INFO: [VRFC 10-2263] Analyzing SystemVerilog file "/nethome/wsun377/ece8893/FPGA_ECE8893/2026_Spring/lab1-copy/project_1/hls/sim/verilog/top_kernel_sdiv_40ns_24s_40_44_1.v" into library xil_defaultlib
INFO: [VRFC 10-311] analyzing module top_kernel_sdiv_40ns_24s_40_44_1_divider
INFO: [VRFC 10-311] analyzing module top_kernel_sdiv_40ns_24s_40_44_1
INFO: [VRFC 10-2263] Analyzing SystemVerilog file "/nethome/wsun377/ece8893/FPGA_ECE8893/2026_Spring/lab1-copy/project_1/hls/sim/verilog/top_kernel_mul_24s_24s_48_1_1.v" into library xil_defaultlib
INFO: [VRFC 10-311] analyzing module top_kernel_mul_24s_24s_48_1_1
INFO: [VRFC 10-2263] Analyzing SystemVerilog file "/nethome/wsun377/ece8893/FPGA_ECE8893/2026_Spring/lab1-copy/project_1/hls/sim/verilog/top_kernel_mul_40s_42ns_81_1_1.v" into library xil_defaultlib
INFO: [VRFC 10-311] analyzing module top_kernel_mul_40s_42ns_81_1_1
INFO: [VRFC 10-2263] Analyzing SystemVerilog file "/nethome/wsun377/ece8893/FPGA_ECE8893/2026_Spring/lab1-copy/project_1/hls/sim/verilog/top_kernel_top_kernel_ap_fixed_64_ap_fixed_24_8_0_0_0_64_tmp_7_RAM_AUTO_1R1W.v" into library xil_defaultlib
INFO: [VRFC 10-311] analyzing module top_kernel_top_kernel_ap_fixed_64_ap_fixed_24_8_0_0_0_64_tmp_7_RAM_AUTO_1R1W
INFO: [VRFC 10-2263] Analyzing SystemVerilog file "/nethome/wsun377/ece8893/FPGA_ECE8893/2026_Spring/lab1-copy/project_1/hls/sim/verilog/top_kernel_top_kernel_ap_fixed_64_ap_fixed_24_8_0_0_0_64_tmp_1_RAM_AUTO_1R1W.v" into library xil_defaultlib
INFO: [VRFC 10-311] analyzing module top_kernel_top_kernel_ap_fixed_64_ap_fixed_24_8_0_0_0_64_tmp_1_RAM_AUTO_1R1W
INFO: [VRFC 10-2263] Analyzing SystemVerilog file "/nethome/wsun377/ece8893/FPGA_ECE8893/2026_Spring/lab1-copy/project_1/hls/sim/verilog/top_kernel_tmp_RAM_AUTO_1R1W.v" into library xil_defaultlib
INFO: [VRFC 10-311] analyzing module top_kernel_tmp_RAM_AUTO_1R1W
INFO: [VRFC 10-2263] Analyzing SystemVerilog file "/nethome/wsun377/ece8893/FPGA_ECE8893/2026_Spring/lab1-copy/project_1/hls/sim/verilog/top_kernel_top_kernel_ap_fixed_64_ap_fixed_24_8_0_0_0_64_tmp_3_RAM_AUTO_1R1W.v" into library xil_defaultlib
INFO: [VRFC 10-311] analyzing module top_kernel_top_kernel_ap_fixed_64_ap_fixed_24_8_0_0_0_64_tmp_3_RAM_AUTO_1R1W
INFO: [VRFC 10-2263] Analyzing SystemVerilog file "/nethome/wsun377/ece8893/FPGA_ECE8893/2026_Spring/lab1-copy/project_1/hls/sim/verilog/top_kernel_sparsemux_129_6_24_1_1.v" into library xil_defaultlib
INFO: [VRFC 10-311] analyzing module top_kernel_sparsemux_129_6_24_1_1
INFO: [VRFC 10-2263] Analyzing SystemVerilog file "/nethome/wsun377/ece8893/FPGA_ECE8893/2026_Spring/lab1-copy/project_1/hls/sim/verilog/top_kernel_tmp_RAM_T2P_BRAM_1R1W.v" into library xil_defaultlib
INFO: [VRFC 10-311] analyzing module top_kernel_tmp_RAM_T2P_BRAM_1R1W
INFO: [VRFC 10-2263] Analyzing SystemVerilog file "/nethome/wsun377/ece8893/FPGA_ECE8893/2026_Spring/lab1-copy/project_1/hls/sim/verilog/top_kernel_sparsemux_9_2_24_1_1.v" into library xil_defaultlib
INFO: [VRFC 10-311] analyzing module top_kernel_sparsemux_9_2_24_1_1
INFO: [VRFC 10-2263] Analyzing SystemVerilog file "/nethome/wsun377/ece8893/FPGA_ECE8893/2026_Spring/lab1-copy/project_1/hls/sim/verilog/top_kernel_sparsemux_33_6_24_1_1.v" into library xil_defaultlib
INFO: [VRFC 10-311] analyzing module top_kernel_sparsemux_33_6_24_1_1
INFO: [VRFC 10-2263] Analyzing SystemVerilog file "/nethome/wsun377/ece8893/FPGA_ECE8893/2026_Spring/lab1-copy/project_1/hls/sim/verilog/top_kernel_top_kernel_ap_fixed_64_ap_fixed_24_8_0_0_0_64_tmp_RAM_AUTO_1R1W.v" into library xil_defaultlib
INFO: [VRFC 10-311] analyzing module top_kernel_top_kernel_ap_fixed_64_ap_fixed_24_8_0_0_0_64_tmp_RAM_AUTO_1R1W
INFO: [VRFC 10-2263] Analyzing SystemVerilog file "/nethome/wsun377/ece8893/FPGA_ECE8893/2026_Spring/lab1-copy/project_1/hls/sim/verilog/top_kernel_sparsemux_65_5_24_1_1.v" into library xil_defaultlib
INFO: [VRFC 10-311] analyzing module top_kernel_sparsemux_65_5_24_1_1
INFO: [VRFC 10-2263] Analyzing SystemVerilog file "/nethome/wsun377/ece8893/FPGA_ECE8893/2026_Spring/lab1-copy/project_1/hls/sim/verilog/top_kernel_top_kernel_ap_fixed_24_8_ap_q_mode_0_ap_o_mode_0_0_64_ap_fixed_24_8_ap_q_modebkb.v" into library xil_defaultlib
INFO: [VRFC 10-311] analyzing module top_kernel_top_kernel_ap_fixed_24_8_ap_q_mode_0_ap_o_mode_0_0_64_ap_fixed_24_8_ap_q_modebkb
INFO: [VRFC 10-2263] Analyzing SystemVerilog file "/nethome/wsun377/ece8893/FPGA_ECE8893/2026_Spring/lab1-copy/project_1/hls/sim/verilog/top_kernel_sparsemux_33_4_24_1_1.v" into library xil_defaultlib
INFO: [VRFC 10-311] analyzing module top_kernel_sparsemux_33_4_24_1_1
INFO: [VRFC 10-2263] Analyzing SystemVerilog file "/nethome/wsun377/ece8893/FPGA_ECE8893/2026_Spring/lab1-copy/project_1/hls/sim/verilog/top_kernel_sparsemux_513_8_24_1_1.v" into library xil_defaultlib
INFO: [VRFC 10-311] analyzing module top_kernel_sparsemux_513_8_24_1_1
INFO: [VRFC 10-2263] Analyzing SystemVerilog file "/nethome/wsun377/ece8893/FPGA_ECE8893/2026_Spring/lab1-copy/project_1/hls/sim/verilog/top_kernel_sparsemux_9_6_24_1_1.v" into library xil_defaultlib
INFO: [VRFC 10-311] analyzing module top_kernel_sparsemux_9_6_24_1_1
INFO: [VRFC 10-2263] Analyzing SystemVerilog file "/nethome/wsun377/ece8893/FPGA_ECE8893/2026_Spring/lab1-copy/project_1/hls/sim/verilog/top_kernel_sparsemux_99_6_24_1_1.v" into library xil_defaultlib
INFO: [VRFC 10-311] analyzing module top_kernel_sparsemux_99_6_24_1_1
INFO: [VRFC 10-2263] Analyzing SystemVerilog file "/nethome/wsun377/ece8893/FPGA_ECE8893/2026_Spring/lab1-copy/project_1/hls/sim/verilog/top_kernel_sparsemux_51_6_24_1_1.v" into library xil_defaultlib
INFO: [VRFC 10-311] analyzing module top_kernel_sparsemux_51_6_24_1_1
INFO: [VRFC 10-2263] Analyzing SystemVerilog file "/nethome/wsun377/ece8893/FPGA_ECE8893/2026_Spring/lab1-copy/project_1/hls/sim/verilog/top_kernel_sparsemux_99_6_24_1_1_x.v" into library xil_defaultlib
INFO: [VRFC 10-311] analyzing module top_kernel_sparsemux_99_6_24_1_1_x
INFO: [VRFC 10-2263] Analyzing SystemVerilog file "/nethome/wsun377/ece8893/FPGA_ECE8893/2026_Spring/lab1-copy/project_1/hls/sim/verilog/top_kernel_sparsemux_27_6_24_1_1.v" into library xil_defaultlib
INFO: [VRFC 10-311] analyzing module top_kernel_sparsemux_27_6_24_1_1
INFO: [VRFC 10-2263] Analyzing SystemVerilog file "/nethome/wsun377/ece8893/FPGA_ECE8893/2026_Spring/lab1-copy/project_1/hls/sim/verilog/top_kernel_sparsemux_99_6_24_1_1_x0.v" into library xil_defaultlib
INFO: [VRFC 10-311] analyzing module top_kernel_sparsemux_99_6_24_1_1_x0
INFO: [VRFC 10-2263] Analyzing SystemVerilog file "/nethome/wsun377/ece8893/FPGA_ECE8893/2026_Spring/lab1-copy/project_1/hls/sim/verilog/top_kernel_sparsemux_51_6_24_1_1_x.v" into library xil_defaultlib
INFO: [VRFC 10-311] analyzing module top_kernel_sparsemux_51_6_24_1_1_x
INFO: [VRFC 10-2263] Analyzing SystemVerilog file "/nethome/wsun377/ece8893/FPGA_ECE8893/2026_Spring/lab1-copy/project_1/hls/sim/verilog/top_kernel_sparsemux_99_6_24_1_1_x1.v" into library xil_defaultlib
INFO: [VRFC 10-311] analyzing module top_kernel_sparsemux_99_6_24_1_1_x1
INFO: [VRFC 10-2263] Analyzing SystemVerilog file "/nethome/wsun377/ece8893/FPGA_ECE8893/2026_Spring/lab1-copy/project_1/hls/sim/verilog/top_kernel_sparsemux_15_6_24_1_1.v" into library xil_defaultlib
INFO: [VRFC 10-311] analyzing module top_kernel_sparsemux_15_6_24_1_1
INFO: [VRFC 10-2263] Analyzing SystemVerilog file "/nethome/wsun377/ece8893/FPGA_ECE8893/2026_Spring/lab1-copy/project_1/hls/sim/verilog/top_kernel_sparsemux_99_6_24_1_1_x2.v" into library xil_defaultlib
INFO: [VRFC 10-311] analyzing module top_kernel_sparsemux_99_6_24_1_1_x2
INFO: [VRFC 10-2263] Analyzing SystemVerilog file "/nethome/wsun377/ece8893/FPGA_ECE8893/2026_Spring/lab1-copy/project_1/hls/sim/verilog/top_kernel_sparsemux_51_6_24_1_1_x0.v" into library xil_defaultlib
INFO: [VRFC 10-311] analyzing module top_kernel_sparsemux_51_6_24_1_1_x0
INFO: [VRFC 10-2263] Analyzing SystemVerilog file "/nethome/wsun377/ece8893/FPGA_ECE8893/2026_Spring/lab1-copy/project_1/hls/sim/verilog/top_kernel_sparsemux_99_6_24_1_1_x3.v" into library xil_defaultlib
INFO: [VRFC 10-311] analyzing module top_kernel_sparsemux_99_6_24_1_1_x3
INFO: [VRFC 10-2263] Analyzing SystemVerilog file "/nethome/wsun377/ece8893/FPGA_ECE8893/2026_Spring/lab1-copy/project_1/hls/sim/verilog/top_kernel_sparsemux_27_6_24_1_1_x.v" into library xil_defaultlib
INFO: [VRFC 10-311] analyzing module top_kernel_sparsemux_27_6_24_1_1_x
INFO: [VRFC 10-2263] Analyzing SystemVerilog file "/nethome/wsun377/ece8893/FPGA_ECE8893/2026_Spring/lab1-copy/project_1/hls/sim/verilog/top_kernel_sparsemux_99_6_24_1_1_x4.v" into library xil_defaultlib
INFO: [VRFC 10-311] analyzing module top_kernel_sparsemux_99_6_24_1_1_x4
INFO: [VRFC 10-2263] Analyzing SystemVerilog file "/nethome/wsun377/ece8893/FPGA_ECE8893/2026_Spring/lab1-copy/project_1/hls/sim/verilog/top_kernel_sparsemux_51_6_24_1_1_x1.v" into library xil_defaultlib
INFO: [VRFC 10-311] analyzing module top_kernel_sparsemux_51_6_24_1_1_x1
INFO: [VRFC 10-2263] Analyzing SystemVerilog file "/nethome/wsun377/ece8893/FPGA_ECE8893/2026_Spring/lab1-copy/project_1/hls/sim/verilog/top_kernel_sparsemux_99_6_24_1_1_x5.v" into library xil_defaultlib
INFO: [VRFC 10-311] analyzing module top_kernel_sparsemux_99_6_24_1_1_x5
INFO: [VRFC 10-2263] Analyzing SystemVerilog file "/nethome/wsun377/ece8893/FPGA_ECE8893/2026_Spring/lab1-copy/project_1/hls/sim/verilog/top_kernel_top_kernel_ap_fixed_64_ap_fixed_24_8_0_0_0_64_tmp_9_RAM_T2P_BRAM_1R1W.v" into library xil_defaultlib
INFO: [VRFC 10-311] analyzing module top_kernel_top_kernel_ap_fixed_64_ap_fixed_24_8_0_0_0_64_tmp_9_RAM_T2P_BRAM_1R1W
INFO: [VRFC 10-2263] Analyzing SystemVerilog file "/nethome/wsun377/ece8893/FPGA_ECE8893/2026_Spring/lab1-copy/project_1/hls/sim/verilog/dataflow_monitor.sv" into library xil_defaultlib
INFO: [VRFC 10-311] analyzing module dataflow_monitor
INFO: [VRFC 10-2263] Analyzing SystemVerilog file "/nethome/wsun377/ece8893/FPGA_ECE8893/2026_Spring/lab1-copy/project_1/hls/sim/verilog/file_agent/file_agent_pkg.sv" into library xil_defaultlib
INFO: [VRFC 10-2263] Analyzing SystemVerilog file "/nethome/wsun377/ece8893/FPGA_ECE8893/2026_Spring/lab1-copy/project_1/hls/sim/verilog/top_kernel_subsystem/top_kernel_subsystem_pkg.sv" into library xil_defaultlib
INFO: [VRFC 10-2263] Analyzing SystemVerilog file "/nethome/wsun377/ece8893/FPGA_ECE8893/2026_Spring/lab1-copy/project_1/hls/sim/verilog/svtb/misc_interface.sv" into library xil_defaultlib
INFO: [VRFC 10-2263] Analyzing SystemVerilog file "/nethome/wsun377/ece8893/FPGA_ECE8893/2026_Spring/lab1-copy/project_1/hls/sim/verilog/svtb/sv_module_top.sv" into library xil_defaultlib
INFO: [VRFC 10-311] analyzing module sv_module_top
Starting static elaboration
Pass Through NonSizing Optimizer
Completed static elaboration
Starting simulation data flow analysis
WARNING: [XSIM 43-4099] "/proj/primebuilds/9999.0_PRIME_0428_0031/installs/data/system_verilog/uvm_1.2/xlnx_uvm_package.sv" Line 4356. Module uvm_pkg doesn't have a timescale but at least one module in design has a timescale.
WARNING: [XSIM 43-4099] "/proj/primebuilds/9999.0_PRIME_0428_0031/installs/data/system_verilog/uvm_1.2/xlnx_uvm_package.sv" Line 4356. Module uvm_pkg doesn't have a timescale but at least one module in design has a timescale.
WARNING: [XSIM 43-4468] File : /proj/primebuilds/9999.0_PRIME_0428_0031/installs/data/system_verilog/uvm_1.2/xlnx_uvm_package.sv, Line : 25994, RANDC variable size more than 8 bits. This will be treated as a RAND variable instead.
Completed simulation data flow analysis
Time Resolution for simulation is 1ps
Compiling package xil_defaultlib.$unit_sv_module_top_sv
Compiling package uvm.uvm_pkg
Compiling package std.std
Compiling package xil_defaultlib.top_kernel_subsystem_pkg
Compiling package xil_defaultlib.file_agent_pkg
Compiling package xil_defaultlib.$unit_dataflow_monitor_sv
Compiling module xil_defaultlib.top_kernel_top_kernel_ap_fixed_6...
Compiling module xil_defaultlib.top_kernel_sparsemux_33_4_24_1_1...
Compiling module xil_defaultlib.top_kernel_flow_control_loop_pip...
Compiling module xil_defaultlib.top_kernel_top_kernel_Pipeline_V...
Compiling module xil_defaultlib.top_kernel_top_kernel_Outline_VI...
Compiling module xil_defaultlib.top_kernel_top_kernel_Pipeline_V...
Compiling module xil_defaultlib.top_kernel_sparsemux_513_8_24_1_...
Compiling module xil_defaultlib.top_kernel_sdiv_40ns_24s_40_44_1...
Compiling module xil_defaultlib.top_kernel_sdiv_40ns_24s_40_44_1...
Compiling module xil_defaultlib.top_kernel_top_kernel_Pipeline_V...
Compiling module xil_defaultlib.top_kernel_top_kernel_Pipeline_V...
Compiling module xil_defaultlib.top_kernel_top_kernel_Pipeline_V...
Compiling module xil_defaultlib.top_kernel_top_kernel_Pipeline_V...
Compiling module xil_defaultlib.top_kernel_top_kernel_Pipeline_V...
Compiling module xil_defaultlib.top_kernel_top_kernel_Pipeline_V...
Compiling module xil_defaultlib.top_kernel_top_kernel_Pipeline_V...
Compiling module xil_defaultlib.top_kernel_top_kernel_Pipeline_V...
Compiling module xil_defaultlib.top_kernel_top_kernel_Pipeline_V...
Compiling module xil_defaultlib.top_kernel_top_kernel_Pipeline_V...
Compiling module xil_defaultlib.top_kernel_top_kernel_Pipeline_V...
Compiling module xil_defaultlib.top_kernel_top_kernel_Pipeline_V...
Compiling module xil_defaultlib.top_kernel_top_kernel_Pipeline_V...
Compiling module xil_defaultlib.top_kernel_top_kernel_Pipeline_V...
Compiling module xil_defaultlib.top_kernel_top_kernel_Pipeline_V...
Compiling module xil_defaultlib.top_kernel_top_kernel_Pipeline_V...
Compiling module xil_defaultlib.top_kernel_sparsemux_9_6_24_1_1(...
Compiling module xil_defaultlib.top_kernel_top_kernel_Pipeline_V...
Compiling module xil_defaultlib.top_kernel_sparsemux_99_6_24_1_1...
Compiling module xil_defaultlib.top_kernel_top_kernel_Pipeline_V...
Compiling module xil_defaultlib.top_kernel_sparsemux_51_6_24_1_1...
Compiling module xil_defaultlib.top_kernel_top_kernel_Pipeline_V...
Compiling module xil_defaultlib.top_kernel_sparsemux_99_6_24_1_1...
Compiling module xil_defaultlib.top_kernel_top_kernel_Pipeline_V...
Compiling module xil_defaultlib.top_kernel_sparsemux_27_6_24_1_1...
Compiling module xil_defaultlib.top_kernel_top_kernel_Pipeline_V...
Compiling module xil_defaultlib.top_kernel_sparsemux_99_6_24_1_1...
Compiling module xil_defaultlib.top_kernel_top_kernel_Pipeline_V...
Compiling module xil_defaultlib.top_kernel_sparsemux_51_6_24_1_1...
Compiling module xil_defaultlib.top_kernel_top_kernel_Pipeline_V...
Compiling module xil_defaultlib.top_kernel_sparsemux_99_6_24_1_1...
Compiling module xil_defaultlib.top_kernel_top_kernel_Pipeline_V...
Compiling module xil_defaultlib.top_kernel_sparsemux_15_6_24_1_1...
Compiling module xil_defaultlib.top_kernel_top_kernel_Pipeline_V...
Compiling module xil_defaultlib.top_kernel_sparsemux_99_6_24_1_1...
Compiling module xil_defaultlib.top_kernel_top_kernel_Pipeline_V...
Compiling module xil_defaultlib.top_kernel_sparsemux_51_6_24_1_1...
Compiling module xil_defaultlib.top_kernel_top_kernel_Pipeline_V...
Compiling module xil_defaultlib.top_kernel_sparsemux_99_6_24_1_1...
Compiling module xil_defaultlib.top_kernel_top_kernel_Pipeline_V...
Compiling module xil_defaultlib.top_kernel_sparsemux_27_6_24_1_1...
Compiling module xil_defaultlib.top_kernel_top_kernel_Pipeline_V...
Compiling module xil_defaultlib.top_kernel_sparsemux_99_6_24_1_1...
Compiling module xil_defaultlib.top_kernel_top_kernel_Pipeline_V...
Compiling module xil_defaultlib.top_kernel_sparsemux_51_6_24_1_1...
Compiling module xil_defaultlib.top_kernel_top_kernel_Pipeline_V...
Compiling module xil_defaultlib.top_kernel_sparsemux_99_6_24_1_1...
Compiling module xil_defaultlib.top_kernel_top_kernel_Pipeline_V...
Compiling module xil_defaultlib.top_kernel_mul_40s_42ns_81_1_1(N...
Compiling module xil_defaultlib.top_kernel_sparsemux_129_6_24_1_...
Compiling module xil_defaultlib.top_kernel_top_kernel_Pipeline_V...
Compiling module xil_defaultlib.top_kernel_mul_24s_24s_48_1_1(NU...
Compiling module xil_defaultlib.top_kernel_top_kernel_Pipeline_V...
Compiling module xil_defaultlib.top_kernel_top_kernel_Pipeline_V...
Compiling module xil_defaultlib.top_kernel_top_kernel_Pipeline_V...
Compiling module xil_defaultlib.top_kernel_top_kernel_Pipeline_V...
Compiling module xil_defaultlib.top_kernel_top_kernel_Pipeline_V...
Compiling module xil_defaultlib.top_kernel_top_kernel_Pipeline_V...
Compiling module xil_defaultlib.top_kernel_top_kernel_Pipeline_V...
Compiling module xil_defaultlib.top_kernel_top_kernel_Pipeline_V...
Compiling module xil_defaultlib.top_kernel_top_kernel_Pipeline_V...
Compiling module xil_defaultlib.top_kernel_top_kernel_Pipeline_V...
Compiling module xil_defaultlib.top_kernel_top_kernel_Pipeline_V...
Compiling module xil_defaultlib.top_kernel_top_kernel_Pipeline_V...
Compiling module xil_defaultlib.top_kernel_top_kernel_Pipeline_V...
Compiling module xil_defaultlib.top_kernel_top_kernel_Pipeline_V...
Compiling module xil_defaultlib.top_kernel_top_kernel_Pipeline_V...
Compiling module xil_defaultlib.top_kernel_top_kernel_Pipeline_V...
Compiling module xil_defaultlib.top_kernel
Compiling module xil_defaultlib.misc_interface_default
Compiling module xil_defaultlib.sv_module_top
Compiling module xil_defaultlib.AESL_automem_A_0
Compiling module xil_defaultlib.AESL_automem_A_1
Compiling module xil_defaultlib.AESL_automem_A_2
Compiling module xil_defaultlib.AESL_automem_A_3
Compiling module xil_defaultlib.AESL_automem_A_4
Compiling module xil_defaultlib.AESL_automem_A_5
Compiling module xil_defaultlib.AESL_automem_A_6
Compiling module xil_defaultlib.AESL_automem_A_7
Compiling module xil_defaultlib.AESL_automem_A_8
Compiling module xil_defaultlib.AESL_automem_A_9
Compiling module xil_defaultlib.AESL_automem_A_10
Compiling module xil_defaultlib.AESL_automem_A_11
Compiling module xil_defaultlib.AESL_automem_A_12
Compiling module xil_defaultlib.AESL_automem_A_13
Compiling module xil_defaultlib.AESL_automem_A_14
Compiling module xil_defaultlib.AESL_automem_A_15
Compiling module xil_defaultlib.AESL_automem_C_0
Compiling module xil_defaultlib.AESL_automem_C_1
Compiling module xil_defaultlib.AESL_automem_C_2
Compiling module xil_defaultlib.AESL_automem_C_3
Compiling module xil_defaultlib.AESL_automem_C_4
Compiling module xil_defaultlib.AESL_automem_C_5
Compiling module xil_defaultlib.AESL_automem_C_6
Compiling module xil_defaultlib.AESL_automem_C_7
Compiling module xil_defaultlib.AESL_automem_C_8
Compiling module xil_defaultlib.AESL_automem_C_9
Compiling module xil_defaultlib.AESL_automem_C_10
Compiling module xil_defaultlib.AESL_automem_C_11
Compiling module xil_defaultlib.AESL_automem_C_12
Compiling module xil_defaultlib.AESL_automem_C_13
Compiling module xil_defaultlib.AESL_automem_C_14
Compiling module xil_defaultlib.AESL_automem_C_15
Compiling module xil_defaultlib.nodf_module_intf_default
Compiling module xil_defaultlib.seq_loop_intf(FSM_WIDTH=4)
Compiling module xil_defaultlib.upc_loop_intf(FSM_WIDTH=1)
Compiling module xil_defaultlib.dataflow_monitor_1
Compiling module xil_defaultlib.apatb_top_kernel_top
Compiling module xil_defaultlib.glbl
Built simulation snapshot top_kernel
