  **** HLS Build v2025.1.1 6214317
Sourcing Tcl script '/nethome/wsun377/ece8893/FPGA_ECE8893/2026_Spring/lab1-copy/script.tcl'
INFO: [HLS 200-1510] Running: open_component project_1 
INFO: [HLS 200-10] Creating and opening component '/nethome/wsun377/ece8893/FPGA_ECE8893/2026_Spring/lab1-copy/project_1'.
INFO: [SYN 201-201] Setting up clock 'default' with a period of 10ns.
INFO: [HLS 200-1611] Setting target device to 'xczu3eg-sbva484-1-e'
INFO: [HLS 200-1505] Using flow_target 'vivado'
Resolution: For help on HLS 200-1505 see docs.xilinx.com/access/sources/dita/topic?Doc_Version=2025.1%20English&url=ug1448-hls-guidance&resourceid=200-1505.html
INFO: [HLS 200-1464] Running solution command: config_export -format=ip_catalog
INFO: [HLS 200-2174] Applying component config ini file /nethome/wsun377/ece8893/FPGA_ECE8893/2026_Spring/lab1-copy/project_1/hls_config.cfg
INFO: [HLS 200-1465] Applying config ini 'param.hls.enable_hidden_option_error=false' from /nethome/wsun377/ece8893/FPGA_ECE8893/2026_Spring/lab1-copy/project_1/hls_config.cfg(4)
INFO: [HLS 200-1465] Applying config ini 'syn.file=../top.cpp' from /nethome/wsun377/ece8893/FPGA_ECE8893/2026_Spring/lab1-copy/project_1/hls_config.cfg(7)
INFO: [HLS 200-10] Adding design file 'top.cpp' to the project
INFO: [HLS 200-1465] Applying config ini 'tb.file=../host.cpp' from /nethome/wsun377/ece8893/FPGA_ECE8893/2026_Spring/lab1-copy/project_1/hls_config.cfg(9)
INFO: [HLS 200-10] Adding test bench file 'host.cpp' to the project
INFO: [HLS 200-1465] Applying config ini 'syn.top=top_kernel' from /nethome/wsun377/ece8893/FPGA_ECE8893/2026_Spring/lab1-copy/project_1/hls_config.cfg(8)
INFO: [HLS 200-1465] Applying config ini 'flow_target=vivado' from /nethome/wsun377/ece8893/FPGA_ECE8893/2026_Spring/lab1-copy/project_1/hls_config.cfg(6)
INFO: [HLS 200-1505] Using flow_target 'vivado'
Resolution: For help on HLS 200-1505 see docs.xilinx.com/access/sources/dita/topic?Doc_Version=2025.1%20English&url=ug1448-hls-guidance&resourceid=200-1505.html
INFO: [HLS 200-1464] Running solution command: config_export -format=ip_catalog
INFO: [HLS 200-1465] Applying config ini 'part=xczu3eg-sbva484-1-e' from /nethome/wsun377/ece8893/FPGA_ECE8893/2026_Spring/lab1-copy/project_1/hls_config.cfg(1)
INFO: [HLS 200-1465] Applying config ini 'clock=10ns' from /nethome/wsun377/ece8893/FPGA_ECE8893/2026_Spring/lab1-copy/project_1/hls_config.cfg(5)
INFO: [HLS 200-1465] Applying config ini 'package.output.format=ip_catalog' from /nethome/wsun377/ece8893/FPGA_ECE8893/2026_Spring/lab1-copy/project_1/hls_config.cfg(10)
INFO: [HLS 200-2176] Writing Vitis IDE component file /nethome/wsun377/ece8893/FPGA_ECE8893/2026_Spring/lab1-copy/project_1/vitis-comp.json
INFO: [HLS 200-1915] Writing HLS config ini file /nethome/wsun377/ece8893/FPGA_ECE8893/2026_Spring/lab1-copy/project_1/hls_config.cfg
INFO: [HLS 200-1510] Running: set_top top_kernel 
INFO: [HLS 200-1510] Running: add_files top.cpp 
INFO: [HLS 200-10] Adding design file 'top.cpp' to the project
INFO: [HLS 200-1510] Running: add_files -tb host.cpp 
INFO: [HLS 200-10] Adding test bench file 'host.cpp' to the project
INFO: [HLS 200-1510] Running: set_part xczu3eg-sbva484-1-e 
INFO: [HLS 200-1510] Running: csynth_design 
INFO: [HLS 200-1915] Writing HLS config ini file /nethome/wsun377/ece8893/FPGA_ECE8893/2026_Spring/lab1-copy/project_1/hls_config.cfg
INFO: [HLS 200-111] Finished File checks and directory preparation: CPU user time: 0.39 seconds. CPU system time: 0.12 seconds. Elapsed time: 8.12 seconds; current allocated memory: 0.000 MB.
INFO: [HLS 200-10] Analyzing design file 'top.cpp' ... 
INFO: [HLS 200-111] Finished Source Code Analysis and Preprocessing: CPU user time: 4.42 seconds. CPU system time: 1.02 seconds. Elapsed time: 5.6 seconds; current allocated memory: 0.000 MB.
INFO: [HLS 200-777] Using interface defaults for 'Vivado' flow target.
INFO: [HLS 200-1995] There were 4,467 instructions in the design after the 'Compile/Link' phase of compilation. See the Design Size Report for more details (/nethome/wsun377/ece8893/FPGA_ECE8893/2026_Spring/lab1-copy/project_1/hls/syn/report/csynth_design_size.rpt:2)
INFO: [HLS 200-1995] There were 21,500 instructions in the design after the 'Unroll/Inline (step 1)' phase of compilation. See the Design Size Report for more details (/nethome/wsun377/ece8893/FPGA_ECE8893/2026_Spring/lab1-copy/project_1/hls/syn/report/csynth_design_size.rpt:2)
INFO: [HLS 200-1995] There were 10,338 instructions in the design after the 'Unroll/Inline (step 2)' phase of compilation. See the Design Size Report for more details (/nethome/wsun377/ece8893/FPGA_ECE8893/2026_Spring/lab1-copy/project_1/hls/syn/report/csynth_design_size.rpt:2)
INFO: [HLS 200-1995] There were 9,349 instructions in the design after the 'Unroll/Inline (step 3)' phase of compilation. See the Design Size Report for more details (/nethome/wsun377/ece8893/FPGA_ECE8893/2026_Spring/lab1-copy/project_1/hls/syn/report/csynth_design_size.rpt:2)
INFO: [HLS 200-1995] There were 9,146 instructions in the design after the 'Unroll/Inline (step 4)' phase of compilation. See the Design Size Report for more details (/nethome/wsun377/ece8893/FPGA_ECE8893/2026_Spring/lab1-copy/project_1/hls/syn/report/csynth_design_size.rpt:2)
INFO: [HLS 200-1995] There were 17,308 instructions in the design after the 'Array/Struct (step 1)' phase of compilation. See the Design Size Report for more details (/nethome/wsun377/ece8893/FPGA_ECE8893/2026_Spring/lab1-copy/project_1/hls/syn/report/csynth_design_size.rpt:2)
INFO: [HLS 200-1995] There were 8,877 instructions in the design after the 'Array/Struct (step 2)' phase of compilation. See the Design Size Report for more details (/nethome/wsun377/ece8893/FPGA_ECE8893/2026_Spring/lab1-copy/project_1/hls/syn/report/csynth_design_size.rpt:2)
INFO: [HLS 200-1995] There were 9,005 instructions in the design after the 'Array/Struct (step 3)' phase of compilation. See the Design Size Report for more details (/nethome/wsun377/ece8893/FPGA_ECE8893/2026_Spring/lab1-copy/project_1/hls/syn/report/csynth_design_size.rpt:2)
INFO: [HLS 200-1995] There were 9,325 instructions in the design after the 'Array/Struct (step 4)' phase of compilation. See the Design Size Report for more details (/nethome/wsun377/ece8893/FPGA_ECE8893/2026_Spring/lab1-copy/project_1/hls/syn/report/csynth_design_size.rpt:2)
INFO: [HLS 200-1995] There were 9,010 instructions in the design after the 'Array/Struct (step 5)' phase of compilation. See the Design Size Report for more details (/nethome/wsun377/ece8893/FPGA_ECE8893/2026_Spring/lab1-copy/project_1/hls/syn/report/csynth_design_size.rpt:2)
INFO: [HLS 200-1995] There were 8,754 instructions in the design after the 'Performance (step 1)' phase of compilation. See the Design Size Report for more details (/nethome/wsun377/ece8893/FPGA_ECE8893/2026_Spring/lab1-copy/project_1/hls/syn/report/csynth_design_size.rpt:2)
INFO: [HLS 200-1995] There were 8,690 instructions in the design after the 'Performance (step 2)' phase of compilation. See the Design Size Report for more details (/nethome/wsun377/ece8893/FPGA_ECE8893/2026_Spring/lab1-copy/project_1/hls/syn/report/csynth_design_size.rpt:2)
INFO: [HLS 200-1995] There were 8,690 instructions in the design after the 'Performance (step 3)' phase of compilation. See the Design Size Report for more details (/nethome/wsun377/ece8893/FPGA_ECE8893/2026_Spring/lab1-copy/project_1/hls/syn/report/csynth_design_size.rpt:2)
INFO: [HLS 200-1995] There were 8,690 instructions in the design after the 'Performance (step 4)' phase of compilation. See the Design Size Report for more details (/nethome/wsun377/ece8893/FPGA_ECE8893/2026_Spring/lab1-copy/project_1/hls/syn/report/csynth_design_size.rpt:2)
INFO: [HLS 200-1995] There were 8,694 instructions in the design after the 'HW Transforms (step 1)' phase of compilation. See the Design Size Report for more details (/nethome/wsun377/ece8893/FPGA_ECE8893/2026_Spring/lab1-copy/project_1/hls/syn/report/csynth_design_size.rpt:2)
INFO: [HLS 200-1995] There were 8,703 instructions in the design after the 'HW Transforms (step 2)' phase of compilation. See the Design Size Report for more details (/nethome/wsun377/ece8893/FPGA_ECE8893/2026_Spring/lab1-copy/project_1/hls/syn/report/csynth_design_size.rpt:2)
INFO: [HLS 214-291] Loop 'Col_Update_Loop' is marked as complete unroll implied by the pipeline pragma (top.cpp:105:19)
INFO: [HLS 214-291] Loop 'Row_Sum_Loop' is marked as complete unroll implied by the pipeline pragma (top.cpp:67:23)
INFO: [HLS 214-291] Loop 'Norm_Acc_Loop' is marked as complete unroll implied by the pipeline pragma (top.cpp:78:24)
INFO: [HLS 214-186] Unrolling loop 'Col_Update_Loop' (top.cpp:105:19) in function 'top_kernel' completely with a factor of 64 (top.cpp:22:0)
INFO: [HLS 214-186] Unrolling loop 'Calc_Scales_Loop' (top.cpp:92:23) in function 'top_kernel' completely with a factor of 64 (top.cpp:22:0)
INFO: [HLS 214-186] Unrolling loop 'Row_Sum_Loop' (top.cpp:67:23) in function 'top_kernel' completely with a factor of 64 (top.cpp:22:0)
INFO: [HLS 214-186] Unrolling loop 'Norm_Acc_Loop' (top.cpp:78:24) in function 'top_kernel' completely with a factor of 64 (top.cpp:22:0)
INFO: [HLS 214-186] Unrolling loop 'Init_Sums_Loop' (top.cpp:50:18) in function 'top_kernel' completely with a factor of 64 (top.cpp:22:0)
INFO: [HLS 214-248] Applying array_partition to '_ZZ10top_kernelPA64_8ap_fixedILi24ELi8EL9ap_q_mode0EL9ap_o_mode0ELi0EES4_E3tmp': Complete partitioning on dimension 2. (top.cpp:37:0)
INFO: [HLS 214-248] Applying array_partition to 'col_sums': Complete partitioning on dimension 1. (top.cpp:41:9)
INFO: [HLS 214-248] Applying array_partition to 'scales': Complete partitioning on dimension 1. (top.cpp:45:9)
INFO: [HLS 214-241] Aggregating bram variable 'A' with compact=bit mode in 24-bits
INFO: [HLS 214-241] Aggregating bram variable 'C' with compact=bit mode in 24-bits
INFO: [HLS 214-248] Applying array_reshape to 'A': Complete reshaping on dimension 2. (top.cpp:22:0)
INFO: [HLS 214-248] Applying array_reshape to 'C': Complete reshaping on dimension 2. (top.cpp:22:0)
INFO: [HLS 200-111] Finished Compiling Optimization and Transform: CPU user time: 7.53 seconds. CPU system time: 0.85 seconds. Elapsed time: 8.54 seconds; current allocated memory: 0.000 MB.
INFO: [HLS 200-111] Finished Checking Pragmas: CPU user time: 0 seconds. CPU system time: 0 seconds. Elapsed time: 0 seconds; current allocated memory: 0.000 MB.
INFO: [HLS 200-10] Starting code transformations ...
INFO: [HLS 200-111] Finished Standard Transforms: CPU user time: 0.35 seconds. CPU system time: 0.02 seconds. Elapsed time: 0.37 seconds; current allocated memory: 0.000 MB.
INFO: [HLS 200-10] Checking synthesizability ...
INFO: [HLS 200-111] Finished Checking Synthesizability: CPU user time: 0.28 seconds. CPU system time: 0 seconds. Elapsed time: 0.28 seconds; current allocated memory: 0.000 MB.
INFO: [HLS 200-111] Finished Loop, function and other optimizations: CPU user time: 2.24 seconds. CPU system time: 0.05 seconds. Elapsed time: 2.33 seconds; current allocated memory: 0.000 MB.
INFO: [HLS 200-111] Finished Architecture Synthesis: CPU user time: 2.74 seconds. CPU system time: 0.04 seconds. Elapsed time: 2.8 seconds; current allocated memory: 0.000 MB.
INFO: [HLS 200-10] Starting hardware synthesis ...
INFO: [HLS 200-10] Synthesizing 'top_kernel' ...
INFO: [HLS 200-10] ----------------------------------------------------------------
INFO: [HLS 200-42] -- Implementing module 'top_kernel_Pipeline_Row_Processing_Loop' 
INFO: [HLS 200-10] ----------------------------------------------------------------
INFO: [SCHED 204-11] Starting scheduling ...
INFO: [SCHED 204-61] Pipelining loop 'Row_Processing_Loop'.
INFO: [HLS 200-1470] Pipelining result : Target II = 1, Final II = 1, Depth = 59, loop 'Row_Processing_Loop'
INFO: [SCHED 204-11] Finished scheduling.
INFO: [HLS 200-111] Finished Scheduling: CPU user time: 2.59 seconds. CPU system time: 0.13 seconds. Elapsed time: 2.73 seconds; current allocated memory: 0.000 MB.
INFO: [BIND 205-100] Starting micro-architecture generation ...
INFO: [BIND 205-101] Performing variable lifetime analysis.
INFO: [BIND 205-101] Exploring resource sharing.
INFO: [BIND 205-101] Binding ...
INFO: [BIND 205-100] Finished micro-architecture generation.
INFO: [HLS 200-111] Finished Binding: CPU user time: 1.31 seconds. CPU system time: 0.05 seconds. Elapsed time: 1.38 seconds; current allocated memory: 0.000 MB.
INFO: [HLS 200-10] ----------------------------------------------------------------
INFO: [HLS 200-42] -- Implementing module 'top_kernel_Pipeline_Apply_Scales_Loop' 
INFO: [HLS 200-10] ----------------------------------------------------------------
INFO: [SCHED 204-11] Starting scheduling ...
INFO: [SCHED 204-61] Pipelining loop 'Apply_Scales_Loop'.
INFO: [HLS 200-1470] Pipelining result : Target II = 1, Final II = 1, Depth = 3, loop 'Apply_Scales_Loop'
INFO: [SCHED 204-11] Finished scheduling.
INFO: [HLS 200-111] Finished Scheduling: CPU user time: 2.05 seconds. CPU system time: 0.07 seconds. Elapsed time: 2.16 seconds; current allocated memory: 0.000 MB.
INFO: [BIND 205-100] Starting micro-architecture generation ...
INFO: [BIND 205-101] Performing variable lifetime analysis.
INFO: [BIND 205-101] Exploring resource sharing.
INFO: [BIND 205-101] Binding ...
INFO: [BIND 205-100] Finished micro-architecture generation.
INFO: [HLS 200-111] Finished Binding: CPU user time: 0.56 seconds. CPU system time: 0.04 seconds. Elapsed time: 0.62 seconds; current allocated memory: 0.000 MB.
INFO: [HLS 200-10] ----------------------------------------------------------------
INFO: [HLS 200-42] -- Implementing module 'top_kernel' 
INFO: [HLS 200-10] ----------------------------------------------------------------
INFO: [SCHED 204-11] Starting scheduling ...
INFO: [SCHED 204-11] Finished scheduling.
INFO: [HLS 200-111] Finished Scheduling: CPU user time: 1.43 seconds. CPU system time: 0.03 seconds. Elapsed time: 1.49 seconds; current allocated memory: 0.000 MB.
INFO: [BIND 205-100] Starting micro-architecture generation ...
INFO: [BIND 205-101] Performing variable lifetime analysis.
INFO: [BIND 205-101] Exploring resource sharing.
INFO: [BIND 205-101] Binding ...
INFO: [BIND 205-100] Finished micro-architecture generation.
INFO: [HLS 200-111] Finished Binding: CPU user time: 0.41 seconds. CPU system time: 0.05 seconds. Elapsed time: 0.48 seconds; current allocated memory: 0.000 MB.
INFO: [HLS 200-10] ----------------------------------------------------------------
INFO: [HLS 200-10] -- Generating RTL for module 'top_kernel_Pipeline_Row_Processing_Loop' 
INFO: [HLS 200-10] ----------------------------------------------------------------
INFO: [HLS 200-1030] Apply Unified Pipeline Control on module 'top_kernel_Pipeline_Row_Processing_Loop' pipeline 'Row_Processing_Loop' pipeline type 'loop pipeline'
INFO: [RTGEN 206-104] Estimated max fanout for 'top_kernel_Pipeline_Row_Processing_Loop' is 34186 from HDL expression: (1'b0 == ap_block_pp0_stage0_11001)
INFO: [RTGEN 206-100] Generating core module 'sdiv_40ns_24s_40_44_1': 64 instance(s).
INFO: [RTGEN 206-100] Finished creating RTL model for 'top_kernel_Pipeline_Row_Processing_Loop'.
INFO: [HLS 200-111] Finished Creating RTL model: CPU user time: 2.5 seconds. CPU system time: 0.06 seconds. Elapsed time: 2.59 seconds; current allocated memory: 0.000 MB.
INFO: [HLS 200-10] ----------------------------------------------------------------
INFO: [HLS 200-10] -- Generating RTL for module 'top_kernel_Pipeline_Apply_Scales_Loop' 
INFO: [HLS 200-10] ----------------------------------------------------------------
INFO: [HLS 200-1030] Apply Unified Pipeline Control on module 'top_kernel_Pipeline_Apply_Scales_Loop' pipeline 'Apply_Scales_Loop' pipeline type 'loop pipeline'
INFO: [RTGEN 206-100] Generating core module 'mul_24s_24s_48_1_1': 64 instance(s).
INFO: [RTGEN 206-100] Finished creating RTL model for 'top_kernel_Pipeline_Apply_Scales_Loop'.
INFO: [HLS 200-111] Finished Creating RTL model: CPU user time: 3.33 seconds. CPU system time: 0.25 seconds. Elapsed time: 3.67 seconds; current allocated memory: 0.000 MB.
INFO: [HLS 200-10] ----------------------------------------------------------------
INFO: [HLS 200-10] -- Generating RTL for module 'top_kernel' 
INFO: [HLS 200-10] ----------------------------------------------------------------
INFO: [RTGEN 206-500] Setting interface mode on port 'top_kernel/A' to 'ap_memory'.
INFO: [RTGEN 206-500] Setting interface mode on port 'top_kernel/C' to 'ap_memory'.
INFO: [RTGEN 206-500] Setting interface mode on function 'top_kernel' to 'ap_ctrl_hs'.
INFO: [SYN 201-210] Renamed object name 'top_kernel_ap_fixed_24_8_ap_q_mode_0_ap_o_mode_0_0_64_ap_fixed_24_8_ap_q_mode_0_ap_o_mode_0_0_64_tmp_43_RAM_AUTO_1R1W' to 'top_kernel_ap_fixed_24_8_ap_q_mode_0_ap_o_mode_0_0_64_ap_fixed_24_8_ap_q_modebkb' due to the length limit 80
INFO: [SYN 201-210] Renamed object name 'top_kernel_ap_fixed_24_8_ap_q_mode_0_ap_o_mode_0_0_64_ap_fixed_24_8_ap_q_mode_0_ap_o_mode_0_0_64_tmp_44_RAM_AUTO_1R1W' to 'top_kernel_ap_fixed_24_8_ap_q_mode_0_ap_o_mode_0_0_64_ap_fixed_24_8_ap_q_modecud' due to the length limit 80
INFO: [SYN 201-210] Renamed object name 'top_kernel_ap_fixed_24_8_ap_q_mode_0_ap_o_mode_0_0_64_ap_fixed_24_8_ap_q_mode_0_ap_o_mode_0_0_64_tmp_45_RAM_AUTO_1R1W' to 'top_kernel_ap_fixed_24_8_ap_q_mode_0_ap_o_mode_0_0_64_ap_fixed_24_8_ap_q_modedEe' due to the length limit 80
INFO: [SYN 201-210] Renamed object name 'top_kernel_ap_fixed_24_8_ap_q_mode_0_ap_o_mode_0_0_64_ap_fixed_24_8_ap_q_mode_0_ap_o_mode_0_0_64_tmp_46_RAM_AUTO_1R1W' to 'top_kernel_ap_fixed_24_8_ap_q_mode_0_ap_o_mode_0_0_64_ap_fixed_24_8_ap_q_modeeOg' due to the length limit 80
INFO: [SYN 201-210] Renamed object name 'top_kernel_ap_fixed_24_8_ap_q_mode_0_ap_o_mode_0_0_64_ap_fixed_24_8_ap_q_mode_0_ap_o_mode_0_0_64_tmp_47_RAM_AUTO_1R1W' to 'top_kernel_ap_fixed_24_8_ap_q_mode_0_ap_o_mode_0_0_64_ap_fixed_24_8_ap_q_modefYi' due to the length limit 80
INFO: [SYN 201-210] Renamed object name 'top_kernel_ap_fixed_24_8_ap_q_mode_0_ap_o_mode_0_0_64_ap_fixed_24_8_ap_q_mode_0_ap_o_mode_0_0_64_tmp_48_RAM_AUTO_1R1W' to 'top_kernel_ap_fixed_24_8_ap_q_mode_0_ap_o_mode_0_0_64_ap_fixed_24_8_ap_q_modeg8j' due to the length limit 80
INFO: [SYN 201-210] Renamed object name 'top_kernel_ap_fixed_24_8_ap_q_mode_0_ap_o_mode_0_0_64_ap_fixed_24_8_ap_q_mode_0_ap_o_mode_0_0_64_tmp_49_RAM_AUTO_1R1W' to 'top_kernel_ap_fixed_24_8_ap_q_mode_0_ap_o_mode_0_0_64_ap_fixed_24_8_ap_q_modehbi' due to the length limit 80
INFO: [SYN 201-210] Renamed object name 'top_kernel_ap_fixed_24_8_ap_q_mode_0_ap_o_mode_0_0_64_ap_fixed_24_8_ap_q_mode_0_ap_o_mode_0_0_64_tmp_50_RAM_AUTO_1R1W' to 'top_kernel_ap_fixed_24_8_ap_q_mode_0_ap_o_mode_0_0_64_ap_fixed_24_8_ap_q_modeibs' due to the length limit 80
INFO: [SYN 201-210] Renamed object name 'top_kernel_ap_fixed_24_8_ap_q_mode_0_ap_o_mode_0_0_64_ap_fixed_24_8_ap_q_mode_0_ap_o_mode_0_0_64_tmp_51_RAM_AUTO_1R1W' to 'top_kernel_ap_fixed_24_8_ap_q_mode_0_ap_o_mode_0_0_64_ap_fixed_24_8_ap_q_modejbC' due to the length limit 80
INFO: [SYN 201-210] Renamed object name 'top_kernel_ap_fixed_24_8_ap_q_mode_0_ap_o_mode_0_0_64_ap_fixed_24_8_ap_q_mode_0_ap_o_mode_0_0_64_tmp_52_RAM_AUTO_1R1W' to 'top_kernel_ap_fixed_24_8_ap_q_mode_0_ap_o_mode_0_0_64_ap_fixed_24_8_ap_q_modekbM' due to the length limit 80
INFO: [SYN 201-210] Renamed object name 'top_kernel_ap_fixed_24_8_ap_q_mode_0_ap_o_mode_0_0_64_ap_fixed_24_8_ap_q_mode_0_ap_o_mode_0_0_64_tmp_33_RAM_AUTO_1R1W' to 'top_kernel_ap_fixed_24_8_ap_q_mode_0_ap_o_mode_0_0_64_ap_fixed_24_8_ap_q_modelbW' due to the length limit 80
INFO: [SYN 201-210] Renamed object name 'top_kernel_ap_fixed_24_8_ap_q_mode_0_ap_o_mode_0_0_64_ap_fixed_24_8_ap_q_mode_0_ap_o_mode_0_0_64_tmp_34_RAM_AUTO_1R1W' to 'top_kernel_ap_fixed_24_8_ap_q_mode_0_ap_o_mode_0_0_64_ap_fixed_24_8_ap_q_modemb6' due to the length limit 80
INFO: [SYN 201-210] Renamed object name 'top_kernel_ap_fixed_24_8_ap_q_mode_0_ap_o_mode_0_0_64_ap_fixed_24_8_ap_q_mode_0_ap_o_mode_0_0_64_tmp_35_RAM_AUTO_1R1W' to 'top_kernel_ap_fixed_24_8_ap_q_mode_0_ap_o_mode_0_0_64_ap_fixed_24_8_ap_q_modencg' due to the length limit 80
INFO: [SYN 201-210] Renamed object name 'top_kernel_ap_fixed_24_8_ap_q_mode_0_ap_o_mode_0_0_64_ap_fixed_24_8_ap_q_mode_0_ap_o_mode_0_0_64_tmp_36_RAM_AUTO_1R1W' to 'top_kernel_ap_fixed_24_8_ap_q_mode_0_ap_o_mode_0_0_64_ap_fixed_24_8_ap_q_modeocq' due to the length limit 80
INFO: [SYN 201-210] Renamed object name 'top_kernel_ap_fixed_24_8_ap_q_mode_0_ap_o_mode_0_0_64_ap_fixed_24_8_ap_q_mode_0_ap_o_mode_0_0_64_tmp_37_RAM_AUTO_1R1W' to 'top_kernel_ap_fixed_24_8_ap_q_mode_0_ap_o_mode_0_0_64_ap_fixed_24_8_ap_q_modepcA' due to the length limit 80
INFO: [SYN 201-210] Renamed object name 'top_kernel_ap_fixed_24_8_ap_q_mode_0_ap_o_mode_0_0_64_ap_fixed_24_8_ap_q_mode_0_ap_o_mode_0_0_64_tmp_38_RAM_AUTO_1R1W' to 'top_kernel_ap_fixed_24_8_ap_q_mode_0_ap_o_mode_0_0_64_ap_fixed_24_8_ap_q_modeqcK' due to the length limit 80
INFO: [SYN 201-210] Renamed object name 'top_kernel_ap_fixed_24_8_ap_q_mode_0_ap_o_mode_0_0_64_ap_fixed_24_8_ap_q_mode_0_ap_o_mode_0_0_64_tmp_39_RAM_AUTO_1R1W' to 'top_kernel_ap_fixed_24_8_ap_q_mode_0_ap_o_mode_0_0_64_ap_fixed_24_8_ap_q_modercU' due to the length limit 80
INFO: [SYN 201-210] Renamed object name 'top_kernel_ap_fixed_24_8_ap_q_mode_0_ap_o_mode_0_0_64_ap_fixed_24_8_ap_q_mode_0_ap_o_mode_0_0_64_tmp_40_RAM_AUTO_1R1W' to 'top_kernel_ap_fixed_24_8_ap_q_mode_0_ap_o_mode_0_0_64_ap_fixed_24_8_ap_q_modesc4' due to the length limit 80
INFO: [SYN 201-210] Renamed object name 'top_kernel_ap_fixed_24_8_ap_q_mode_0_ap_o_mode_0_0_64_ap_fixed_24_8_ap_q_mode_0_ap_o_mode_0_0_64_tmp_41_RAM_AUTO_1R1W' to 'top_kernel_ap_fixed_24_8_ap_q_mode_0_ap_o_mode_0_0_64_ap_fixed_24_8_ap_q_modetde' due to the length limit 80
INFO: [SYN 201-210] Renamed object name 'top_kernel_ap_fixed_24_8_ap_q_mode_0_ap_o_mode_0_0_64_ap_fixed_24_8_ap_q_mode_0_ap_o_mode_0_0_64_tmp_42_RAM_AUTO_1R1W' to 'top_kernel_ap_fixed_24_8_ap_q_mode_0_ap_o_mode_0_0_64_ap_fixed_24_8_ap_q_modeudo' due to the length limit 80
INFO: [SYN 201-210] Renamed object name 'top_kernel_ap_fixed_24_8_ap_q_mode_0_ap_o_mode_0_0_64_ap_fixed_24_8_ap_q_mode_0_ap_o_mode_0_0_64_tmp_23_RAM_AUTO_1R1W' to 'top_kernel_ap_fixed_24_8_ap_q_mode_0_ap_o_mode_0_0_64_ap_fixed_24_8_ap_q_modevdy' due to the length limit 80
INFO: [SYN 201-210] Renamed object name 'top_kernel_ap_fixed_24_8_ap_q_mode_0_ap_o_mode_0_0_64_ap_fixed_24_8_ap_q_mode_0_ap_o_mode_0_0_64_tmp_24_RAM_AUTO_1R1W' to 'top_kernel_ap_fixed_24_8_ap_q_mode_0_ap_o_mode_0_0_64_ap_fixed_24_8_ap_q_modewdI' due to the length limit 80
INFO: [SYN 201-210] Renamed object name 'top_kernel_ap_fixed_24_8_ap_q_mode_0_ap_o_mode_0_0_64_ap_fixed_24_8_ap_q_mode_0_ap_o_mode_0_0_64_tmp_25_RAM_AUTO_1R1W' to 'top_kernel_ap_fixed_24_8_ap_q_mode_0_ap_o_mode_0_0_64_ap_fixed_24_8_ap_q_modexdS' due to the length limit 80
INFO: [SYN 201-210] Renamed object name 'top_kernel_ap_fixed_24_8_ap_q_mode_0_ap_o_mode_0_0_64_ap_fixed_24_8_ap_q_mode_0_ap_o_mode_0_0_64_tmp_26_RAM_AUTO_1R1W' to 'top_kernel_ap_fixed_24_8_ap_q_mode_0_ap_o_mode_0_0_64_ap_fixed_24_8_ap_q_modeyd2' due to the length limit 80
INFO: [SYN 201-210] Renamed object name 'top_kernel_ap_fixed_24_8_ap_q_mode_0_ap_o_mode_0_0_64_ap_fixed_24_8_ap_q_mode_0_ap_o_mode_0_0_64_tmp_27_RAM_AUTO_1R1W' to 'top_kernel_ap_fixed_24_8_ap_q_mode_0_ap_o_mode_0_0_64_ap_fixed_24_8_ap_q_modezec' due to the length limit 80
INFO: [SYN 201-210] Renamed object name 'top_kernel_ap_fixed_24_8_ap_q_mode_0_ap_o_mode_0_0_64_ap_fixed_24_8_ap_q_mode_0_ap_o_mode_0_0_64_tmp_28_RAM_AUTO_1R1W' to 'top_kernel_ap_fixed_24_8_ap_q_mode_0_ap_o_mode_0_0_64_ap_fixed_24_8_ap_q_modeAem' due to the length limit 80
INFO: [SYN 201-210] Renamed object name 'top_kernel_ap_fixed_24_8_ap_q_mode_0_ap_o_mode_0_0_64_ap_fixed_24_8_ap_q_mode_0_ap_o_mode_0_0_64_tmp_29_RAM_AUTO_1R1W' to 'top_kernel_ap_fixed_24_8_ap_q_mode_0_ap_o_mode_0_0_64_ap_fixed_24_8_ap_q_modeBew' due to the length limit 80
INFO: [SYN 201-210] Renamed object name 'top_kernel_ap_fixed_24_8_ap_q_mode_0_ap_o_mode_0_0_64_ap_fixed_24_8_ap_q_mode_0_ap_o_mode_0_0_64_tmp_30_RAM_AUTO_1R1W' to 'top_kernel_ap_fixed_24_8_ap_q_mode_0_ap_o_mode_0_0_64_ap_fixed_24_8_ap_q_modeCeG' due to the length limit 80
INFO: [SYN 201-210] Renamed object name 'top_kernel_ap_fixed_24_8_ap_q_mode_0_ap_o_mode_0_0_64_ap_fixed_24_8_ap_q_mode_0_ap_o_mode_0_0_64_tmp_31_RAM_AUTO_1R1W' to 'top_kernel_ap_fixed_24_8_ap_q_mode_0_ap_o_mode_0_0_64_ap_fixed_24_8_ap_q_modeDeQ' due to the length limit 80
INFO: [SYN 201-210] Renamed object name 'top_kernel_ap_fixed_24_8_ap_q_mode_0_ap_o_mode_0_0_64_ap_fixed_24_8_ap_q_mode_0_ap_o_mode_0_0_64_tmp_32_RAM_AUTO_1R1W' to 'top_kernel_ap_fixed_24_8_ap_q_mode_0_ap_o_mode_0_0_64_ap_fixed_24_8_ap_q_modeEe0' due to the length limit 80
INFO: [SYN 201-210] Renamed object name 'top_kernel_ap_fixed_24_8_ap_q_mode_0_ap_o_mode_0_0_64_ap_fixed_24_8_ap_q_mode_0_ap_o_mode_0_0_64_tmp_13_RAM_AUTO_1R1W' to 'top_kernel_ap_fixed_24_8_ap_q_mode_0_ap_o_mode_0_0_64_ap_fixed_24_8_ap_q_modeFfa' due to the length limit 80
INFO: [SYN 201-210] Renamed object name 'top_kernel_ap_fixed_24_8_ap_q_mode_0_ap_o_mode_0_0_64_ap_fixed_24_8_ap_q_mode_0_ap_o_mode_0_0_64_tmp_14_RAM_AUTO_1R1W' to 'top_kernel_ap_fixed_24_8_ap_q_mode_0_ap_o_mode_0_0_64_ap_fixed_24_8_ap_q_modeGfk' due to the length limit 80
INFO: [SYN 201-210] Renamed object name 'top_kernel_ap_fixed_24_8_ap_q_mode_0_ap_o_mode_0_0_64_ap_fixed_24_8_ap_q_mode_0_ap_o_mode_0_0_64_tmp_15_RAM_AUTO_1R1W' to 'top_kernel_ap_fixed_24_8_ap_q_mode_0_ap_o_mode_0_0_64_ap_fixed_24_8_ap_q_modeHfu' due to the length limit 80
INFO: [SYN 201-210] Renamed object name 'top_kernel_ap_fixed_24_8_ap_q_mode_0_ap_o_mode_0_0_64_ap_fixed_24_8_ap_q_mode_0_ap_o_mode_0_0_64_tmp_16_RAM_AUTO_1R1W' to 'top_kernel_ap_fixed_24_8_ap_q_mode_0_ap_o_mode_0_0_64_ap_fixed_24_8_ap_q_modeIfE' due to the length limit 80
INFO: [SYN 201-210] Renamed object name 'top_kernel_ap_fixed_24_8_ap_q_mode_0_ap_o_mode_0_0_64_ap_fixed_24_8_ap_q_mode_0_ap_o_mode_0_0_64_tmp_17_RAM_AUTO_1R1W' to 'top_kernel_ap_fixed_24_8_ap_q_mode_0_ap_o_mode_0_0_64_ap_fixed_24_8_ap_q_modeJfO' due to the length limit 80
INFO: [SYN 201-210] Renamed object name 'top_kernel_ap_fixed_24_8_ap_q_mode_0_ap_o_mode_0_0_64_ap_fixed_24_8_ap_q_mode_0_ap_o_mode_0_0_64_tmp_18_RAM_AUTO_1R1W' to 'top_kernel_ap_fixed_24_8_ap_q_mode_0_ap_o_mode_0_0_64_ap_fixed_24_8_ap_q_modeKfY' due to the length limit 80
INFO: [SYN 201-210] Renamed object name 'top_kernel_ap_fixed_24_8_ap_q_mode_0_ap_o_mode_0_0_64_ap_fixed_24_8_ap_q_mode_0_ap_o_mode_0_0_64_tmp_19_RAM_AUTO_1R1W' to 'top_kernel_ap_fixed_24_8_ap_q_mode_0_ap_o_mode_0_0_64_ap_fixed_24_8_ap_q_modeLf8' due to the length limit 80
INFO: [SYN 201-210] Renamed object name 'top_kernel_ap_fixed_24_8_ap_q_mode_0_ap_o_mode_0_0_64_ap_fixed_24_8_ap_q_mode_0_ap_o_mode_0_0_64_tmp_20_RAM_AUTO_1R1W' to 'top_kernel_ap_fixed_24_8_ap_q_mode_0_ap_o_mode_0_0_64_ap_fixed_24_8_ap_q_modeMgi' due to the length limit 80
INFO: [SYN 201-210] Renamed object name 'top_kernel_ap_fixed_24_8_ap_q_mode_0_ap_o_mode_0_0_64_ap_fixed_24_8_ap_q_mode_0_ap_o_mode_0_0_64_tmp_21_RAM_AUTO_1R1W' to 'top_kernel_ap_fixed_24_8_ap_q_mode_0_ap_o_mode_0_0_64_ap_fixed_24_8_ap_q_modeNgs' due to the length limit 80
INFO: [SYN 201-210] Renamed object name 'top_kernel_ap_fixed_24_8_ap_q_mode_0_ap_o_mode_0_0_64_ap_fixed_24_8_ap_q_mode_0_ap_o_mode_0_0_64_tmp_22_RAM_AUTO_1R1W' to 'top_kernel_ap_fixed_24_8_ap_q_mode_0_ap_o_mode_0_0_64_ap_fixed_24_8_ap_q_modeOgC' due to the length limit 80
INFO: [SYN 201-210] Renamed object name 'top_kernel_ap_fixed_24_8_ap_q_mode_0_ap_o_mode_0_0_64_ap_fixed_24_8_ap_q_mode_0_ap_o_mode_0_0_64_tmp_3_RAM_AUTO_1R1W' to 'top_kernel_ap_fixed_24_8_ap_q_mode_0_ap_o_mode_0_0_64_ap_fixed_24_8_ap_q_modePgM' due to the length limit 80
INFO: [SYN 201-210] Renamed object name 'top_kernel_ap_fixed_24_8_ap_q_mode_0_ap_o_mode_0_0_64_ap_fixed_24_8_ap_q_mode_0_ap_o_mode_0_0_64_tmp_4_RAM_AUTO_1R1W' to 'top_kernel_ap_fixed_24_8_ap_q_mode_0_ap_o_mode_0_0_64_ap_fixed_24_8_ap_q_modeQgW' due to the length limit 80
INFO: [SYN 201-210] Renamed object name 'top_kernel_ap_fixed_24_8_ap_q_mode_0_ap_o_mode_0_0_64_ap_fixed_24_8_ap_q_mode_0_ap_o_mode_0_0_64_tmp_5_RAM_AUTO_1R1W' to 'top_kernel_ap_fixed_24_8_ap_q_mode_0_ap_o_mode_0_0_64_ap_fixed_24_8_ap_q_modeRg6' due to the length limit 80
INFO: [SYN 201-210] Renamed object name 'top_kernel_ap_fixed_24_8_ap_q_mode_0_ap_o_mode_0_0_64_ap_fixed_24_8_ap_q_mode_0_ap_o_mode_0_0_64_tmp_6_RAM_AUTO_1R1W' to 'top_kernel_ap_fixed_24_8_ap_q_mode_0_ap_o_mode_0_0_64_ap_fixed_24_8_ap_q_modeShg' due to the length limit 80
INFO: [SYN 201-210] Renamed object name 'top_kernel_ap_fixed_24_8_ap_q_mode_0_ap_o_mode_0_0_64_ap_fixed_24_8_ap_q_mode_0_ap_o_mode_0_0_64_tmp_7_RAM_AUTO_1R1W' to 'top_kernel_ap_fixed_24_8_ap_q_mode_0_ap_o_mode_0_0_64_ap_fixed_24_8_ap_q_modeThq' due to the length limit 80
INFO: [SYN 201-210] Renamed object name 'top_kernel_ap_fixed_24_8_ap_q_mode_0_ap_o_mode_0_0_64_ap_fixed_24_8_ap_q_mode_0_ap_o_mode_0_0_64_tmp_8_RAM_AUTO_1R1W' to 'top_kernel_ap_fixed_24_8_ap_q_mode_0_ap_o_mode_0_0_64_ap_fixed_24_8_ap_q_modeUhA' due to the length limit 80
INFO: [SYN 201-210] Renamed object name 'top_kernel_ap_fixed_24_8_ap_q_mode_0_ap_o_mode_0_0_64_ap_fixed_24_8_ap_q_mode_0_ap_o_mode_0_0_64_tmp_9_RAM_AUTO_1R1W' to 'top_kernel_ap_fixed_24_8_ap_q_mode_0_ap_o_mode_0_0_64_ap_fixed_24_8_ap_q_modeVhK' due to the length limit 80
INFO: [SYN 201-210] Renamed object name 'top_kernel_ap_fixed_24_8_ap_q_mode_0_ap_o_mode_0_0_64_ap_fixed_24_8_ap_q_mode_0_ap_o_mode_0_0_64_tmp_10_RAM_AUTO_1R1W' to 'top_kernel_ap_fixed_24_8_ap_q_mode_0_ap_o_mode_0_0_64_ap_fixed_24_8_ap_q_modeWhU' due to the length limit 80
INFO: [SYN 201-210] Renamed object name 'top_kernel_ap_fixed_24_8_ap_q_mode_0_ap_o_mode_0_0_64_ap_fixed_24_8_ap_q_mode_0_ap_o_mode_0_0_64_tmp_11_RAM_AUTO_1R1W' to 'top_kernel_ap_fixed_24_8_ap_q_mode_0_ap_o_mode_0_0_64_ap_fixed_24_8_ap_q_modeXh4' due to the length limit 80
INFO: [SYN 201-210] Renamed object name 'top_kernel_ap_fixed_24_8_ap_q_mode_0_ap_o_mode_0_0_64_ap_fixed_24_8_ap_q_mode_0_ap_o_mode_0_0_64_tmp_12_RAM_AUTO_1R1W' to 'top_kernel_ap_fixed_24_8_ap_q_mode_0_ap_o_mode_0_0_64_ap_fixed_24_8_ap_q_modeYie' due to the length limit 80
INFO: [SYN 201-210] Renamed object name 'top_kernel_ap_fixed_24_8_ap_q_mode_0_ap_o_mode_0_0_64_ap_fixed_24_8_ap_q_mode_0_ap_o_mode_0_0_64_tmp_RAM_AUTO_1R1W' to 'top_kernel_ap_fixed_24_8_ap_q_mode_0_ap_o_mode_0_0_64_ap_fixed_24_8_ap_q_modeZio' due to the length limit 80
INFO: [SYN 201-210] Renamed object name 'top_kernel_ap_fixed_24_8_ap_q_mode_0_ap_o_mode_0_0_64_ap_fixed_24_8_ap_q_mode_0_ap_o_mode_0_0_64_tmp_0_RAM_AUTO_1R1W' to 'top_kernel_ap_fixed_24_8_ap_q_mode_0_ap_o_mode_0_0_64_ap_fixed_24_8_ap_q_mode0iy' due to the length limit 80
INFO: [SYN 201-210] Renamed object name 'top_kernel_ap_fixed_24_8_ap_q_mode_0_ap_o_mode_0_0_64_ap_fixed_24_8_ap_q_mode_0_ap_o_mode_0_0_64_tmp_1_RAM_AUTO_1R1W' to 'top_kernel_ap_fixed_24_8_ap_q_mode_0_ap_o_mode_0_0_64_ap_fixed_24_8_ap_q_mode1iI' due to the length limit 80
INFO: [SYN 201-210] Renamed object name 'top_kernel_ap_fixed_24_8_ap_q_mode_0_ap_o_mode_0_0_64_ap_fixed_24_8_ap_q_mode_0_ap_o_mode_0_0_64_tmp_2_RAM_AUTO_1R1W' to 'top_kernel_ap_fixed_24_8_ap_q_mode_0_ap_o_mode_0_0_64_ap_fixed_24_8_ap_q_mode2iS' due to the length limit 80
INFO: [RTGEN 206-100] Generating core module 'mul_40s_42ns_81_1_1': 64 instance(s).
INFO: [RTGEN 206-100] Finished creating RTL model for 'top_kernel'.
INFO: [RTMG 210-278] Implementing memory 'top_kernel_top_kernel_ap_fixed_64_ap_fixed_24_8_0_0_0_64_tmp_9_RAM_AUTO_1R1W' using auto RAMs.
INFO: [HLS 200-111] Finished Creating RTL model: CPU user time: 1.93 seconds. CPU system time: 0.18 seconds. Elapsed time: 2.18 seconds; current allocated memory: 0.000 MB.
INFO: [HLS 200-111] Finished Generating all RTL models: CPU user time: 1.94 seconds. CPU system time: 0.21 seconds. Elapsed time: 2.44 seconds; current allocated memory: 0.000 MB.
INFO: [HLS 200-111] Finished Updating report files: CPU user time: 2.18 seconds. CPU system time: 0.2 seconds. Elapsed time: 2.56 seconds; current allocated memory: 0.000 MB.
INFO: [VHDL 208-304] Generating VHDL RTL for top_kernel.
INFO: [VLOG 209-307] Generating Verilog RTL for top_kernel.
INFO: [HLS 200-790] **** Loop Constraint Status: All loop constraints were satisfied.
INFO: [HLS 200-789] **** Estimated Fmax: 137.22 MHz
INFO: [HLS 200-2161] Finished Command csynth_design Elapsed time: 00:00:50; Allocated memory: 0.000 MB.
INFO: [HLS 200-1510] Running: cosim_design 
INFO: [HLS 200-1915] Writing HLS config ini file /nethome/wsun377/ece8893/FPGA_ECE8893/2026_Spring/lab1-copy/project_1/hls_config.cfg
INFO: [COSIM 212-47] Using XSIM for RTL simulation.
INFO: [COSIM 212-14] Instrumenting C test bench ...
   Build using "/tools/software/xilinx/2025.1.1/Vitis/lnx64/tools/vcxx/libexec/clang++"
   Compiling host.cpp_pre.cpp.tb.cpp
   Compiling apatb_top_kernel.cpp
   Compiling top.cpp_pre.cpp.tb.cpp
   Compiling apatb_top_kernel_ir.ll
   Generating cosim.tv.exe
INFO: [COSIM 212-302] Starting C TB testing ... 
TEST PASSED!!
INFO: [COSIM 212-333] Generating C post check test bench ...
INFO: [COSIM 212-12] Generating RTL test bench ...
pdir_merged readonly
pdir_merged writeonly
INFO: [COSIM 212-1] *** C/RTL co-simulation file generation completed. ***
INFO: [COSIM 212-323] Starting verilog simulation. 
INFO: [COSIM 212-15] Starting XSIM ...
Vivado Simulator v2025.1.1
Copyright 1986-2022 Xilinx, Inc. All Rights Reserved.
Copyright 2022-2025 Advanced Micro Devices, Inc. All Rights Reserved.
Running: /tools/software/xilinx/2025.1.1/Vivado/bin/unwrapped/lnx64.o/xelab xil_defaultlib.apatb_top_kernel_top xil_defaultlib.glbl -Oenable_linking_all_libraries -prj top_kernel.prj -L smartconnect_v1_0 -L axi_protocol_checker_v1_1_12 -L axi_protocol_checker_v1_1_13 -L axis_protocol_checker_v1_1_11 -L axis_protocol_checker_v1_1_12 -L xil_defaultlib -L unisims_ver -L xpm -L floating_point_v7_1_20 -L floating_point_v7_0_25 --lib ieee_proposed=./ieee_proposed -L uvm -relax -i ./svr -i ./svtb -i ./file_agent -i ./top_kernel_subsystem -s top_kernel 
Multi-threading is on. Using 110 slave threads.
INFO: [VRFC 10-2263] Analyzing SystemVerilog file "/nethome/wsun377/ece8893/FPGA_ECE8893/2026_Spring/lab1-copy/project_1/hls/sim/verilog/glbl.v" into library xil_defaultlib
INFO: [VRFC 10-311] analyzing module glbl
INFO: [VRFC 10-2263] Analyzing SystemVerilog file "/nethome/wsun377/ece8893/FPGA_ECE8893/2026_Spring/lab1-copy/project_1/hls/sim/verilog/AESL_automem_A.v" into library xil_defaultlib
INFO: [VRFC 10-311] analyzing module AESL_automem_A
INFO: [VRFC 10-2263] Analyzing SystemVerilog file "/nethome/wsun377/ece8893/FPGA_ECE8893/2026_Spring/lab1-copy/project_1/hls/sim/verilog/AESL_automem_C.v" into library xil_defaultlib
INFO: [VRFC 10-311] analyzing module AESL_automem_C
INFO: [VRFC 10-2263] Analyzing SystemVerilog file "/nethome/wsun377/ece8893/FPGA_ECE8893/2026_Spring/lab1-copy/project_1/hls/sim/verilog/top_kernel.autotb.v" into library xil_defaultlib
INFO: [VRFC 10-311] analyzing module apatb_top_kernel_top
INFO: [VRFC 10-2263] Analyzing SystemVerilog file "/nethome/wsun377/ece8893/FPGA_ECE8893/2026_Spring/lab1-copy/project_1/hls/sim/verilog/top_kernel_top_kernel_Pipeline_Row_Processing_Loop.v" into library xil_defaultlib
INFO: [VRFC 10-311] analyzing module top_kernel_top_kernel_Pipeline_Row_Processing_Loop
INFO: [VRFC 10-2263] Analyzing SystemVerilog file "/nethome/wsun377/ece8893/FPGA_ECE8893/2026_Spring/lab1-copy/project_1/hls/sim/verilog/top_kernel_top_kernel_Pipeline_Apply_Scales_Loop.v" into library xil_defaultlib
INFO: [VRFC 10-311] analyzing module top_kernel_top_kernel_Pipeline_Apply_Scales_Loop
INFO: [VRFC 10-2263] Analyzing SystemVerilog file "/nethome/wsun377/ece8893/FPGA_ECE8893/2026_Spring/lab1-copy/project_1/hls/sim/verilog/top_kernel.v" into library xil_defaultlib
INFO: [VRFC 10-311] analyzing module top_kernel
INFO: [VRFC 10-2263] Analyzing SystemVerilog file "/nethome/wsun377/ece8893/FPGA_ECE8893/2026_Spring/lab1-copy/project_1/hls/sim/verilog/top_kernel_flow_control_loop_pipe_sequential_init.v" into library xil_defaultlib
INFO: [VRFC 10-311] analyzing module top_kernel_flow_control_loop_pipe_sequential_init
INFO: [VRFC 10-2263] Analyzing SystemVerilog file "/nethome/wsun377/ece8893/FPGA_ECE8893/2026_Spring/lab1-copy/project_1/hls/sim/verilog/top_kernel_sdiv_40ns_24s_40_44_1.v" into library xil_defaultlib
INFO: [VRFC 10-311] analyzing module top_kernel_sdiv_40ns_24s_40_44_1_divider
INFO: [VRFC 10-311] analyzing module top_kernel_sdiv_40ns_24s_40_44_1
INFO: [VRFC 10-2263] Analyzing SystemVerilog file "/nethome/wsun377/ece8893/FPGA_ECE8893/2026_Spring/lab1-copy/project_1/hls/sim/verilog/top_kernel_mul_24s_24s_48_1_1.v" into library xil_defaultlib
INFO: [VRFC 10-311] analyzing module top_kernel_mul_24s_24s_48_1_1
INFO: [VRFC 10-2263] Analyzing SystemVerilog file "/nethome/wsun377/ece8893/FPGA_ECE8893/2026_Spring/lab1-copy/project_1/hls/sim/verilog/top_kernel_mul_40s_42ns_81_1_1.v" into library xil_defaultlib
INFO: [VRFC 10-311] analyzing module top_kernel_mul_40s_42ns_81_1_1
INFO: [VRFC 10-2263] Analyzing SystemVerilog file "/nethome/wsun377/ece8893/FPGA_ECE8893/2026_Spring/lab1-copy/project_1/hls/sim/verilog/top_kernel_top_kernel_ap_fixed_64_ap_fixed_24_8_0_0_0_64_tmp_7_RAM_AUTO_1R1W.v" into library xil_defaultlib
INFO: [VRFC 10-311] analyzing module top_kernel_top_kernel_ap_fixed_64_ap_fixed_24_8_0_0_0_64_tmp_7_RAM_AUTO_1R1W
INFO: [VRFC 10-2263] Analyzing SystemVerilog file "/nethome/wsun377/ece8893/FPGA_ECE8893/2026_Spring/lab1-copy/project_1/hls/sim/verilog/top_kernel_top_kernel_ap_fixed_64_ap_fixed_24_8_0_0_0_64_tmp_1_RAM_AUTO_1R1W.v" into library xil_defaultlib
INFO: [VRFC 10-311] analyzing module top_kernel_top_kernel_ap_fixed_64_ap_fixed_24_8_0_0_0_64_tmp_1_RAM_AUTO_1R1W
INFO: [VRFC 10-2263] Analyzing SystemVerilog file "/nethome/wsun377/ece8893/FPGA_ECE8893/2026_Spring/lab1-copy/project_1/hls/sim/verilog/top_kernel_tmp_RAM_AUTO_1R1W.v" into library xil_defaultlib
INFO: [VRFC 10-311] analyzing module top_kernel_tmp_RAM_AUTO_1R1W
INFO: [VRFC 10-2263] Analyzing SystemVerilog file "/nethome/wsun377/ece8893/FPGA_ECE8893/2026_Spring/lab1-copy/project_1/hls/sim/verilog/top_kernel_top_kernel_ap_fixed_64_ap_fixed_24_8_0_0_0_64_tmp_3_RAM_AUTO_1R1W.v" into library xil_defaultlib
INFO: [VRFC 10-311] analyzing module top_kernel_top_kernel_ap_fixed_64_ap_fixed_24_8_0_0_0_64_tmp_3_RAM_AUTO_1R1W
INFO: [VRFC 10-2263] Analyzing SystemVerilog file "/nethome/wsun377/ece8893/FPGA_ECE8893/2026_Spring/lab1-copy/project_1/hls/sim/verilog/top_kernel_sparsemux_129_6_24_1_1.v" into library xil_defaultlib
INFO: [VRFC 10-311] analyzing module top_kernel_sparsemux_129_6_24_1_1
INFO: [VRFC 10-2263] Analyzing SystemVerilog file "/nethome/wsun377/ece8893/FPGA_ECE8893/2026_Spring/lab1-copy/project_1/hls/sim/verilog/top_kernel_tmp_RAM_T2P_BRAM_1R1W.v" into library xil_defaultlib
INFO: [VRFC 10-311] analyzing module top_kernel_tmp_RAM_T2P_BRAM_1R1W
INFO: [VRFC 10-2263] Analyzing SystemVerilog file "/nethome/wsun377/ece8893/FPGA_ECE8893/2026_Spring/lab1-copy/project_1/hls/sim/verilog/top_kernel_sparsemux_9_2_24_1_1.v" into library xil_defaultlib
INFO: [VRFC 10-311] analyzing module top_kernel_sparsemux_9_2_24_1_1
INFO: [VRFC 10-2263] Analyzing SystemVerilog file "/nethome/wsun377/ece8893/FPGA_ECE8893/2026_Spring/lab1-copy/project_1/hls/sim/verilog/top_kernel_sparsemux_33_6_24_1_1.v" into library xil_defaultlib
INFO: [VRFC 10-311] analyzing module top_kernel_sparsemux_33_6_24_1_1
INFO: [VRFC 10-2263] Analyzing SystemVerilog file "/nethome/wsun377/ece8893/FPGA_ECE8893/2026_Spring/lab1-copy/project_1/hls/sim/verilog/top_kernel_top_kernel_ap_fixed_64_ap_fixed_24_8_0_0_0_64_tmp_RAM_AUTO_1R1W.v" into library xil_defaultlib
INFO: [VRFC 10-311] analyzing module top_kernel_top_kernel_ap_fixed_64_ap_fixed_24_8_0_0_0_64_tmp_RAM_AUTO_1R1W
INFO: [VRFC 10-2263] Analyzing SystemVerilog file "/nethome/wsun377/ece8893/FPGA_ECE8893/2026_Spring/lab1-copy/project_1/hls/sim/verilog/top_kernel_sparsemux_65_5_24_1_1.v" into library xil_defaultlib
INFO: [VRFC 10-311] analyzing module top_kernel_sparsemux_65_5_24_1_1
INFO: [VRFC 10-2263] Analyzing SystemVerilog file "/nethome/wsun377/ece8893/FPGA_ECE8893/2026_Spring/lab1-copy/project_1/hls/sim/verilog/top_kernel_top_kernel_ap_fixed_24_8_ap_q_mode_0_ap_o_mode_0_0_64_ap_fixed_24_8_ap_q_modebkb.v" into library xil_defaultlib
INFO: [VRFC 10-311] analyzing module top_kernel_top_kernel_ap_fixed_24_8_ap_q_mode_0_ap_o_mode_0_0_64_ap_fixed_24_8_ap_q_modebkb
INFO: [VRFC 10-2263] Analyzing SystemVerilog file "/nethome/wsun377/ece8893/FPGA_ECE8893/2026_Spring/lab1-copy/project_1/hls/sim/verilog/top_kernel_sparsemux_33_4_24_1_1.v" into library xil_defaultlib
INFO: [VRFC 10-311] analyzing module top_kernel_sparsemux_33_4_24_1_1
INFO: [VRFC 10-2263] Analyzing SystemVerilog file "/nethome/wsun377/ece8893/FPGA_ECE8893/2026_Spring/lab1-copy/project_1/hls/sim/verilog/top_kernel_sparsemux_513_8_24_1_1.v" into library xil_defaultlib
INFO: [VRFC 10-311] analyzing module top_kernel_sparsemux_513_8_24_1_1
INFO: [VRFC 10-2263] Analyzing SystemVerilog file "/nethome/wsun377/ece8893/FPGA_ECE8893/2026_Spring/lab1-copy/project_1/hls/sim/verilog/top_kernel_sparsemux_9_6_24_1_1.v" into library xil_defaultlib
INFO: [VRFC 10-311] analyzing module top_kernel_sparsemux_9_6_24_1_1
INFO: [VRFC 10-2263] Analyzing SystemVerilog file "/nethome/wsun377/ece8893/FPGA_ECE8893/2026_Spring/lab1-copy/project_1/hls/sim/verilog/top_kernel_sparsemux_99_6_24_1_1.v" into library xil_defaultlib
INFO: [VRFC 10-311] analyzing module top_kernel_sparsemux_99_6_24_1_1
INFO: [VRFC 10-2263] Analyzing SystemVerilog file "/nethome/wsun377/ece8893/FPGA_ECE8893/2026_Spring/lab1-copy/project_1/hls/sim/verilog/top_kernel_sparsemux_51_6_24_1_1.v" into library xil_defaultlib
INFO: [VRFC 10-311] analyzing module top_kernel_sparsemux_51_6_24_1_1
INFO: [VRFC 10-2263] Analyzing SystemVerilog file "/nethome/wsun377/ece8893/FPGA_ECE8893/2026_Spring/lab1-copy/project_1/hls/sim/verilog/top_kernel_sparsemux_99_6_24_1_1_x.v" into library xil_defaultlib
INFO: [VRFC 10-311] analyzing module top_kernel_sparsemux_99_6_24_1_1_x
INFO: [VRFC 10-2263] Analyzing SystemVerilog file "/nethome/wsun377/ece8893/FPGA_ECE8893/2026_Spring/lab1-copy/project_1/hls/sim/verilog/top_kernel_sparsemux_27_6_24_1_1.v" into library xil_defaultlib
INFO: [VRFC 10-311] analyzing module top_kernel_sparsemux_27_6_24_1_1
INFO: [VRFC 10-2263] Analyzing SystemVerilog file "/nethome/wsun377/ece8893/FPGA_ECE8893/2026_Spring/lab1-copy/project_1/hls/sim/verilog/top_kernel_sparsemux_99_6_24_1_1_x0.v" into library xil_defaultlib
INFO: [VRFC 10-311] analyzing module top_kernel_sparsemux_99_6_24_1_1_x0
INFO: [VRFC 10-2263] Analyzing SystemVerilog file "/nethome/wsun377/ece8893/FPGA_ECE8893/2026_Spring/lab1-copy/project_1/hls/sim/verilog/top_kernel_sparsemux_51_6_24_1_1_x.v" into library xil_defaultlib
INFO: [VRFC 10-311] analyzing module top_kernel_sparsemux_51_6_24_1_1_x
INFO: [VRFC 10-2263] Analyzing SystemVerilog file "/nethome/wsun377/ece8893/FPGA_ECE8893/2026_Spring/lab1-copy/project_1/hls/sim/verilog/top_kernel_sparsemux_99_6_24_1_1_x1.v" into library xil_defaultlib
INFO: [VRFC 10-311] analyzing module top_kernel_sparsemux_99_6_24_1_1_x1
INFO: [VRFC 10-2263] Analyzing SystemVerilog file "/nethome/wsun377/ece8893/FPGA_ECE8893/2026_Spring/lab1-copy/project_1/hls/sim/verilog/top_kernel_sparsemux_15_6_24_1_1.v" into library xil_defaultlib
INFO: [VRFC 10-311] analyzing module top_kernel_sparsemux_15_6_24_1_1
INFO: [VRFC 10-2263] Analyzing SystemVerilog file "/nethome/wsun377/ece8893/FPGA_ECE8893/2026_Spring/lab1-copy/project_1/hls/sim/verilog/top_kernel_sparsemux_99_6_24_1_1_x2.v" into library xil_defaultlib
INFO: [VRFC 10-311] analyzing module top_kernel_sparsemux_99_6_24_1_1_x2
INFO: [VRFC 10-2263] Analyzing SystemVerilog file "/nethome/wsun377/ece8893/FPGA_ECE8893/2026_Spring/lab1-copy/project_1/hls/sim/verilog/top_kernel_sparsemux_51_6_24_1_1_x0.v" into library xil_defaultlib
INFO: [VRFC 10-311] analyzing module top_kernel_sparsemux_51_6_24_1_1_x0
INFO: [VRFC 10-2263] Analyzing SystemVerilog file "/nethome/wsun377/ece8893/FPGA_ECE8893/2026_Spring/lab1-copy/project_1/hls/sim/verilog/top_kernel_sparsemux_99_6_24_1_1_x3.v" into library xil_defaultlib
INFO: [VRFC 10-311] analyzing module top_kernel_sparsemux_99_6_24_1_1_x3
INFO: [VRFC 10-2263] Analyzing SystemVerilog file "/nethome/wsun377/ece8893/FPGA_ECE8893/2026_Spring/lab1-copy/project_1/hls/sim/verilog/top_kernel_sparsemux_27_6_24_1_1_x.v" into library xil_defaultlib
INFO: [VRFC 10-311] analyzing module top_kernel_sparsemux_27_6_24_1_1_x
INFO: [VRFC 10-2263] Analyzing SystemVerilog file "/nethome/wsun377/ece8893/FPGA_ECE8893/2026_Spring/lab1-copy/project_1/hls/sim/verilog/top_kernel_sparsemux_99_6_24_1_1_x4.v" into library xil_defaultlib
INFO: [VRFC 10-311] analyzing module top_kernel_sparsemux_99_6_24_1_1_x4
INFO: [VRFC 10-2263] Analyzing SystemVerilog file "/nethome/wsun377/ece8893/FPGA_ECE8893/2026_Spring/lab1-copy/project_1/hls/sim/verilog/top_kernel_sparsemux_51_6_24_1_1_x1.v" into library xil_defaultlib
INFO: [VRFC 10-311] analyzing module top_kernel_sparsemux_51_6_24_1_1_x1
INFO: [VRFC 10-2263] Analyzing SystemVerilog file "/nethome/wsun377/ece8893/FPGA_ECE8893/2026_Spring/lab1-copy/project_1/hls/sim/verilog/top_kernel_sparsemux_99_6_24_1_1_x5.v" into library xil_defaultlib
INFO: [VRFC 10-311] analyzing module top_kernel_sparsemux_99_6_24_1_1_x5
INFO: [VRFC 10-2263] Analyzing SystemVerilog file "/nethome/wsun377/ece8893/FPGA_ECE8893/2026_Spring/lab1-copy/project_1/hls/sim/verilog/top_kernel_top_kernel_ap_fixed_64_ap_fixed_24_8_0_0_0_64_tmp_9_RAM_T2P_BRAM_1R1W.v" into library xil_defaultlib
INFO: [VRFC 10-311] analyzing module top_kernel_top_kernel_ap_fixed_64_ap_fixed_24_8_0_0_0_64_tmp_9_RAM_T2P_BRAM_1R1W
INFO: [VRFC 10-2263] Analyzing SystemVerilog file "/nethome/wsun377/ece8893/FPGA_ECE8893/2026_Spring/lab1-copy/project_1/hls/sim/verilog/top_kernel_sparsemux_17_3_24_1_1.v" into library xil_defaultlib
INFO: [VRFC 10-311] analyzing module top_kernel_sparsemux_17_3_24_1_1
INFO: [VRFC 10-2263] Analyzing SystemVerilog file "/nethome/wsun377/ece8893/FPGA_ECE8893/2026_Spring/lab1-copy/project_1/hls/sim/verilog/top_kernel_sparsemux_17_6_24_1_1.v" into library xil_defaultlib
INFO: [VRFC 10-311] analyzing module top_kernel_sparsemux_17_6_24_1_1
INFO: [VRFC 10-2263] Analyzing SystemVerilog file "/nethome/wsun377/ece8893/FPGA_ECE8893/2026_Spring/lab1-copy/project_1/hls/sim/verilog/top_kernel_sparsemux_115_6_24_1_1.v" into library xil_defaultlib
INFO: [VRFC 10-311] analyzing module top_kernel_sparsemux_115_6_24_1_1
INFO: [VRFC 10-2263] Analyzing SystemVerilog file "/nethome/wsun377/ece8893/FPGA_ECE8893/2026_Spring/lab1-copy/project_1/hls/sim/verilog/top_kernel_sparsemux_59_6_24_1_1.v" into library xil_defaultlib
INFO: [VRFC 10-311] analyzing module top_kernel_sparsemux_59_6_24_1_1
INFO: [VRFC 10-2263] Analyzing SystemVerilog file "/nethome/wsun377/ece8893/FPGA_ECE8893/2026_Spring/lab1-copy/project_1/hls/sim/verilog/top_kernel_sparsemux_115_6_24_1_1_x.v" into library xil_defaultlib
INFO: [VRFC 10-311] analyzing module top_kernel_sparsemux_115_6_24_1_1_x
INFO: [VRFC 10-2263] Analyzing SystemVerilog file "/nethome/wsun377/ece8893/FPGA_ECE8893/2026_Spring/lab1-copy/project_1/hls/sim/verilog/top_kernel_sparsemux_31_6_24_1_1.v" into library xil_defaultlib
INFO: [VRFC 10-311] analyzing module top_kernel_sparsemux_31_6_24_1_1
INFO: [VRFC 10-2263] Analyzing SystemVerilog file "/nethome/wsun377/ece8893/FPGA_ECE8893/2026_Spring/lab1-copy/project_1/hls/sim/verilog/top_kernel_sparsemux_115_6_24_1_1_x0.v" into library xil_defaultlib
INFO: [VRFC 10-311] analyzing module top_kernel_sparsemux_115_6_24_1_1_x0
INFO: [VRFC 10-2263] Analyzing SystemVerilog file "/nethome/wsun377/ece8893/FPGA_ECE8893/2026_Spring/lab1-copy/project_1/hls/sim/verilog/top_kernel_sparsemux_59_6_24_1_1_x.v" into library xil_defaultlib
INFO: [VRFC 10-311] analyzing module top_kernel_sparsemux_59_6_24_1_1_x
INFO: [VRFC 10-2263] Analyzing SystemVerilog file "/nethome/wsun377/ece8893/FPGA_ECE8893/2026_Spring/lab1-copy/project_1/hls/sim/verilog/top_kernel_sparsemux_115_6_24_1_1_x1.v" into library xil_defaultlib
INFO: [VRFC 10-311] analyzing module top_kernel_sparsemux_115_6_24_1_1_x1
INFO: [VRFC 10-2263] Analyzing SystemVerilog file "/nethome/wsun377/ece8893/FPGA_ECE8893/2026_Spring/lab1-copy/project_1/hls/sim/verilog/top_kernel_top_kernel_ap_fixed_64_ap_fixed_24_8_0_0_0_64_tmp_7_RAM_T2P_BRAM_1R1W.v" into library xil_defaultlib
INFO: [VRFC 10-311] analyzing module top_kernel_top_kernel_ap_fixed_64_ap_fixed_24_8_0_0_0_64_tmp_7_RAM_T2P_BRAM_1R1W
INFO: [VRFC 10-2263] Analyzing SystemVerilog file "/nethome/wsun377/ece8893/FPGA_ECE8893/2026_Spring/lab1-copy/project_1/hls/sim/verilog/top_kernel_top_kernel_ap_fixed_64_ap_fixed_24_8_0_0_0_64_tmp_9_RAM_AUTO_1R1W.v" into library xil_defaultlib
INFO: [VRFC 10-311] analyzing module top_kernel_top_kernel_ap_fixed_64_ap_fixed_24_8_0_0_0_64_tmp_9_RAM_AUTO_1R1W
INFO: [VRFC 10-2263] Analyzing SystemVerilog file "/nethome/wsun377/ece8893/FPGA_ECE8893/2026_Spring/lab1-copy/project_1/hls/sim/verilog/dataflow_monitor.sv" into library xil_defaultlib
INFO: [VRFC 10-311] analyzing module dataflow_monitor
INFO: [VRFC 10-2263] Analyzing SystemVerilog file "/nethome/wsun377/ece8893/FPGA_ECE8893/2026_Spring/lab1-copy/project_1/hls/sim/verilog/file_agent/file_agent_pkg.sv" into library xil_defaultlib
INFO: [VRFC 10-2263] Analyzing SystemVerilog file "/nethome/wsun377/ece8893/FPGA_ECE8893/2026_Spring/lab1-copy/project_1/hls/sim/verilog/top_kernel_subsystem/top_kernel_subsystem_pkg.sv" into library xil_defaultlib
INFO: [VRFC 10-2263] Analyzing SystemVerilog file "/nethome/wsun377/ece8893/FPGA_ECE8893/2026_Spring/lab1-copy/project_1/hls/sim/verilog/svtb/misc_interface.sv" into library xil_defaultlib
INFO: [VRFC 10-2263] Analyzing SystemVerilog file "/nethome/wsun377/ece8893/FPGA_ECE8893/2026_Spring/lab1-copy/project_1/hls/sim/verilog/svtb/sv_module_top.sv" into library xil_defaultlib
INFO: [VRFC 10-311] analyzing module sv_module_top
Starting static elaboration
Pass Through NonSizing Optimizer
Completed static elaboration
Starting simulation data flow analysis
WARNING: [XSIM 43-4099] "/proj/primebuilds/9999.0_PRIME_0428_0031/installs/data/system_verilog/uvm_1.2/xlnx_uvm_package.sv" Line 4356. Module uvm_pkg doesn't have a timescale but at least one module in design has a timescale.
WARNING: [XSIM 43-4099] "/proj/primebuilds/9999.0_PRIME_0428_0031/installs/data/system_verilog/uvm_1.2/xlnx_uvm_package.sv" Line 4356. Module uvm_pkg doesn't have a timescale but at least one module in design has a timescale.
WARNING: [XSIM 43-4468] File : /proj/primebuilds/9999.0_PRIME_0428_0031/installs/data/system_verilog/uvm_1.2/xlnx_uvm_package.sv, Line : 25994, RANDC variable size more than 8 bits. This will be treated as a RAND variable instead.
Completed simulation data flow analysis
Time Resolution for simulation is 1ps
Compiling package xil_defaultlib.$unit_sv_module_top_sv
Compiling package uvm.uvm_pkg
Compiling package std.std
Compiling package xil_defaultlib.top_kernel_subsystem_pkg
Compiling package xil_defaultlib.file_agent_pkg
Compiling package xil_defaultlib.$unit_dataflow_monitor_sv
Compiling module xil_defaultlib.top_kernel_top_kernel_ap_fixed_6...
Compiling module xil_defaultlib.top_kernel_sdiv_40ns_24s_40_44_1...
Compiling module xil_defaultlib.top_kernel_sdiv_40ns_24s_40_44_1...
Compiling module xil_defaultlib.top_kernel_flow_control_loop_pip...
Compiling module xil_defaultlib.top_kernel_top_kernel_Pipeline_R...
Compiling module xil_defaultlib.top_kernel_mul_24s_24s_48_1_1(NU...
Compiling module xil_defaultlib.top_kernel_top_kernel_Pipeline_A...
Compiling module xil_defaultlib.top_kernel_mul_40s_42ns_81_1_1(N...
Compiling module xil_defaultlib.top_kernel
Compiling module xil_defaultlib.misc_interface_default
Compiling module xil_defaultlib.sv_module_top
Compiling module xil_defaultlib.AESL_automem_A
Compiling module xil_defaultlib.AESL_automem_C
Compiling module xil_defaultlib.nodf_module_intf_default
Compiling module xil_defaultlib.upc_loop_intf(FSM_WIDTH=1)
Compiling module xil_defaultlib.dataflow_monitor_1
Compiling module xil_defaultlib.apatb_top_kernel_top
Compiling module xil_defaultlib.glbl
Built simulation snapshot top_kernel

****** xsim v2025.1.1 (64-bit)
  **** SW Build 6233196 on Thu Sep 11 21:27:11 MDT 2025
  **** IP Build 6232796 on Fri Sep 12 01:46:16 MDT 2025
  **** SharedData Build 6233195 on Thu Sep 11 17:56:43 MDT 2025
  **** Start of session at: Tue Jan 27 00:07:36 2026
    ** Copyright 1986-2022 Xilinx, Inc. All Rights Reserved.
    ** Copyright 2022-2025 Advanced Micro Devices, Inc. All Rights Reserved.

source xsim.dir/top_kernel/xsim_script.tcl
# xsim {top_kernel} -testplusarg UVM_VERBOSITY=UVM_NONE -testplusarg UVM_TESTNAME=top_kernel_test_lib -testplusarg UVM_TIMEOUT=20000000000000 -autoloadwcfg -tclbatch {top_kernel.tcl}
Time resolution is 1 ps
source top_kernel.tcl
## run all
UVM_INFO /tools/software/xilinx//2025.1.1/Vivado/data/system_verilog/uvm_1.2/xlnx_uvm_package.sv(18601) @ 0: reporter [UVM/RELNOTES] 
----------------------------------------------------------------
UVM-1.2
(C) 2007-2014 Mentor Graphics Corporation
(C) 2007-2014 Cadence Design Systems, Inc.
(C) 2006-2014 Synopsys, Inc.
(C) 2011-2013 Cypress Semiconductor Corp.
(C) 2013-2014 NVIDIA Corporation
----------------------------------------------------------------

  ***********       IMPORTANT RELEASE NOTES         ************

  You are using a version of the UVM library that has been compiled
  with `UVM_NO_DEPRECATED undefined.

  You are using a version of the UVM library that has been compiled
  with `UVM_OBJECT_DO_NOT_NEED_CONSTRUCTOR undefined.

      (Specify +UVM_NO_RELNOTES to turn off this notice)

UVM_INFO /tools/software/xilinx//2025.1.1/Vivado/data/system_verilog/uvm_1.2/xlnx_uvm_package.sv(18648) @ 0: reporter [NO_DPI_TSTNAME] UVM_NO_DPI defined--getting UVM_TESTNAME directly, without DPI
UVM_INFO /tools/software/xilinx//2025.1.1/Vivado/data/system_verilog/uvm_1.2/xlnx_uvm_package.sv(18752) @ 0: reporter [UVMTOP] UVM testbench topology:
---------------------------------------------------------------------
Name                        Type                          Size  Value
---------------------------------------------------------------------
uvm_test_top                top_kernel_test_lib           -     @342 
  top_env                   top_kernel_env                -     @353 
    refm                    top_kernel_reference_model    -     @368 
      trans_num_idx         integral                      32    'h0  
    subsys_mon              top_kernel_subsystem_monitor  -     @381 
      scbd                  top_kernel_scoreboard         -     @532 
        refm                top_kernel_reference_model    -     @368 
          trans_num_idx     integral                      32    'h0  
    top_kernel_virtual_sqr  top_kernel_virtual_sequencer  -     @390 
      rsp_export            uvm_analysis_export           -     @399 
      seq_item_export       uvm_seq_item_pull_imp         -     @517 
      arbitration_queue     array                         0     -    
      lock_queue            array                         0     -    
      num_last_reqs         integral                      32    'd1  
      num_last_rsps         integral                      32    'd1  
    refm                    top_kernel_reference_model    -     @368 
    top_kernel_virtual_sqr  top_kernel_virtual_sequencer  -     @390 
    top_kernel_cfg          top_kernel_config             -     @367 
      check_ena             integral                      32    'h0  
      cover_ena             integral                      32    'h0  
---------------------------------------------------------------------

UVM_INFO /tools/software/xilinx//2025.1.1/Vivado/data/system_verilog/uvm_1.2/xlnx_uvm_package.sv(20867) @ 0: reporter [UVM/COMP/NAMECHECK] This implementation of the component name checks requires DPI to be enabled
////////////////////////////////////////////////////////////////////////////////////
// Inter-Transaction Progress: Completed Transaction / Total Transaction
// Intra-Transaction Progress: Measured Latency / Latency Estimation * 100%
//
// RTL Simulation : "Inter-Transaction Progress" ["Intra-Transaction Progress"] @ "Simulation Time"
////////////////////////////////////////////////////////////////////////////////////
// RTL Simulation : 0 / 1 [0.00%] @ "125000"
// RTL Simulation : 1 / 1 [100.00%] @ "5905000"
////////////////////////////////////////////////////////////////////////////////////
$finish called at time : 5955 ns : File "/tools/software/xilinx//2025.1.1/Vivado/data/system_verilog/uvm_1.2/xlnx_uvm_package.sv" Line 18699
## quit
INFO: xsimkernel Simulation Memory Usage: 514048 KB (Peak: 566816 KB), Simulation CPU Usage: 3570 ms
INFO: [Common 17-206] Exiting xsim at Tue Jan 27 00:07:42 2026...
INFO: [COSIM 212-316] Starting C post checking ...
TEST PASSED!!
INFO: [COSIM 212-1000] *** C/RTL co-simulation finished: PASS ***
INFO: [COSIM 212-211] II is measurable only when transaction number is greater than 1 in RTL simulation. Otherwise, they will be marked as all NA. If user wants to calculate them, please make sure there are at least 2 transactions in RTL simulation.
INFO: [HLS 200-2161] Finished Command cosim_design Elapsed time: 00:01:20; Allocated memory: 0.000 MB.
INFO: [HLS 200-1510] Running: export_design -format ip_catalog 
INFO: [HLS 200-1915] Writing HLS config ini file /nethome/wsun377/ece8893/FPGA_ECE8893/2026_Spring/lab1-copy/project_1/hls_config.cfg
INFO: [IMPL 213-8] Exporting RTL as a Vivado IP.

****** Vivado v2025.1.1 (64-bit)
  **** SW Build 6233196 on Thu Sep 11 21:27:11 MDT 2025
  **** IP Build 6232796 on Fri Sep 12 01:46:16 MDT 2025
  **** SharedData Build 6233195 on Thu Sep 11 17:56:43 MDT 2025
  **** Start of session at: Tue Jan 27 00:07:55 2026
    ** Copyright 1986-2022 Xilinx, Inc. All Rights Reserved.
    ** Copyright 2022-2025 Advanced Micro Devices, Inc. All Rights Reserved.

source run_ippack.tcl -notrace
INFO: calling package_hls_ip ip_types=vitis sysgen json_file=/nethome/wsun377/ece8893/FPGA_ECE8893/2026_Spring/lab1-copy/project_1/hls/hls_data.json outdir=/nethome/wsun377/ece8893/FPGA_ECE8893/2026_Spring/lab1-copy/project_1/hls/impl/ip srcdir=/nethome/wsun377/ece8893/FPGA_ECE8893/2026_Spring/lab1-copy/project_1/hls ippack_options_dict= ippack_options_dict=
INFO: Copied 1 ipmisc file(s) to /nethome/wsun377/ece8893/FPGA_ECE8893/2026_Spring/lab1-copy/project_1/hls/impl/ip/misc
INFO: Copied 155 verilog file(s) to /nethome/wsun377/ece8893/FPGA_ECE8893/2026_Spring/lab1-copy/project_1/hls/impl/ip/hdl/verilog
INFO: Copied 145 vhdl file(s) to /nethome/wsun377/ece8893/FPGA_ECE8893/2026_Spring/lab1-copy/project_1/hls/impl/ip/hdl/vhdl
INFO: Import ports from HDL: /nethome/wsun377/ece8893/FPGA_ECE8893/2026_Spring/lab1-copy/project_1/hls/impl/ip/hdl/vhdl/top_kernel.vhd (top_kernel)
INFO: Add clock interface ap_clk
INFO: Add reset interface ap_rst
INFO: Add ap_ctrl interface ap_ctrl
INFO: Add data interface A_address0
INFO: [IP_Flow 19-234] Refreshing IP repositories
INFO: [IP_Flow 19-1704] No user IP repositories specified
INFO: [IP_Flow 19-2313] Loaded Vivado IP repository '/tools/software/xilinx/2025.1.1/data/ip'.
INFO: Add data interface A_q0
INFO: Add data interface C_address0
INFO: Add data interface C_d0
INFO: Calling post_process_vitis to specialize IP
INFO: Calling post_process_sysgen to specialize IP
Generating sysgen info xml from json file
INFO: Created IP /nethome/wsun377/ece8893/FPGA_ECE8893/2026_Spring/lab1-copy/project_1/hls/impl/ip/component.xml
INFO: Created IP archive /nethome/wsun377/ece8893/FPGA_ECE8893/2026_Spring/lab1-copy/project_1/hls/impl/ip/xilinx_com_hls_top_kernel_1_0.zip
INFO: [Common 17-206] Exiting Vivado at Tue Jan 27 00:08:09 2026...
INFO: [HLS 200-802] Generated output file project_1/hls/impl/export.zip
INFO: [HLS 200-2161] Finished Command export_design Elapsed time: 00:00:45; Allocated memory: 0.000 MB.
INFO: [HLS 200-112] Total CPU user time: 461.32 seconds. Total CPU system time: 47.18 seconds. Total elapsed time: 186.69 seconds; peak allocated memory: 0.000 MB.
INFO: [vitis-run 60-791] Total elapsed time: 0h 3m 9s
INFO: [vitis-run 60-1662] Stopping dispatch session having empty uuid.
