

================================================================
== Vitis HLS Report for 'top_kernel_Pipeline_VITIS_LOOP_79_9_VITIS_LOOP_80_10'
================================================================
* Date:           Sat Jan 31 16:06:25 2026

* Version:        2025.1.1 (Build 6214317 on Sep 11 2025)
* Project:        project_1
* Solution:       hls (Vivado IP Flow Target)
* Product family: zynquplus
* Target device:  xczu3eg-sbva484-1-e


================================================================
== Performance Estimates
================================================================
+ Timing: 
    * Summary: 
    +--------+----------+----------+------------+
    |  Clock |  Target  | Estimated| Uncertainty|
    +--------+----------+----------+------------+
    |ap_clk  |  10.00 ns|  7.277 ns|     2.70 ns|
    +--------+----------+----------+------------+

+ Latency: 
    * Summary: 
    +---------+---------+-----------+-----------+------+------+------------------------------------------------+
    |  Latency (cycles) |   Latency (absolute)  |   Interval  |                    Pipeline                    |
    |   min   |   max   |    min    |    max    |  min |  max |                      Type                      |
    +---------+---------+-----------+-----------+------+------+------------------------------------------------+
    |     2051|     2051|  20.510 us|  20.510 us|  2049|  2049|  loop auto-rewind stp (delay=0 clock cycles(s))|
    +---------+---------+-----------+-----------+------+------+------------------------------------------------+

    + Detail: 
        * Instance: 
        N/A

        * Loop: 
        +------------------------------------+---------+---------+----------+-----------+-----------+------+----------+
        |                                    |  Latency (cycles) | Iteration|  Initiation Interval  | Trip |          |
        |              Loop Name             |   min   |   max   |  Latency |  achieved |   target  | Count| Pipelined|
        +------------------------------------+---------+---------+----------+-----------+-----------+------+----------+
        |- VITIS_LOOP_79_9_VITIS_LOOP_80_10  |     2049|     2049|         3|          1|          1|  2048|       yes|
        +------------------------------------+---------+---------+----------+-----------+-----------+------+----------+



================================================================
== Utilization Estimates
================================================================
* Summary: 
+-----------------+---------+-----+--------+-------+-----+
|       Name      | BRAM_18K| DSP |   FF   |  LUT  | URAM|
+-----------------+---------+-----+--------+-------+-----+
|DSP              |        -|    -|       -|      -|    -|
|Expression       |        -|    -|       0|   1373|    -|
|FIFO             |        -|    -|       -|      -|    -|
|Instance         |        -|   16|       0|    656|    -|
|Memory           |        -|    -|       -|      -|    -|
|Multiplexer      |        -|    -|       0|     72|    -|
|Register         |        -|    -|     447|      -|    -|
+-----------------+---------+-----+--------+-------+-----+
|Total            |        0|   16|     447|   2101|    0|
+-----------------+---------+-----+--------+-------+-----+
|Available        |      432|  360|  141120|  70560|    0|
+-----------------+---------+-----+--------+-------+-----+
|Utilization (%)  |        0|    4|      ~0|      2|    0|
+-----------------+---------+-----+--------+-------+-----+

+ Detail: 
    * Instance: 
    +----------------------------+-----------------------+---------+----+---+----+-----+
    |          Instance          |         Module        | BRAM_18K| DSP| FF| LUT| URAM|
    +----------------------------+-----------------------+---------+----+---+----+-----+
    |mul_24s_24s_48_1_1_U242     |mul_24s_24s_48_1_1     |        0|   2|  0|  39|    0|
    |mul_24s_24s_48_1_1_U243     |mul_24s_24s_48_1_1     |        0|   2|  0|  39|    0|
    |mul_24s_24s_48_1_1_U244     |mul_24s_24s_48_1_1     |        0|   2|  0|  39|    0|
    |mul_24s_24s_48_1_1_U245     |mul_24s_24s_48_1_1     |        0|   2|  0|  39|    0|
    |mul_24s_24s_48_1_1_U246     |mul_24s_24s_48_1_1     |        0|   2|  0|  39|    0|
    |mul_24s_24s_48_1_1_U247     |mul_24s_24s_48_1_1     |        0|   2|  0|  39|    0|
    |mul_24s_24s_48_1_1_U248     |mul_24s_24s_48_1_1     |        0|   2|  0|  39|    0|
    |mul_24s_24s_48_1_1_U249     |mul_24s_24s_48_1_1     |        0|   2|  0|  39|    0|
    |sparsemux_17_6_24_1_1_U250  |sparsemux_17_6_24_1_1  |        0|   0|  0|  43|    0|
    |sparsemux_17_6_24_1_1_U251  |sparsemux_17_6_24_1_1  |        0|   0|  0|  43|    0|
    |sparsemux_17_6_24_1_1_U252  |sparsemux_17_6_24_1_1  |        0|   0|  0|  43|    0|
    |sparsemux_17_6_24_1_1_U253  |sparsemux_17_6_24_1_1  |        0|   0|  0|  43|    0|
    |sparsemux_17_6_24_1_1_U254  |sparsemux_17_6_24_1_1  |        0|   0|  0|  43|    0|
    |sparsemux_17_6_24_1_1_U255  |sparsemux_17_6_24_1_1  |        0|   0|  0|  43|    0|
    |sparsemux_17_6_24_1_1_U256  |sparsemux_17_6_24_1_1  |        0|   0|  0|  43|    0|
    |sparsemux_17_6_24_1_1_U257  |sparsemux_17_6_24_1_1  |        0|   0|  0|  43|    0|
    +----------------------------+-----------------------+---------+----+---+----+-----+
    |Total                       |                       |        0|  16|  0| 656|    0|
    +----------------------------+-----------------------+---------+----+---+----+-----+

    * DSP: 
    N/A

    * Memory: 
    N/A

    * FIFO: 
    N/A

    * Expression: 
    +---------------------------+----------+----+---+----+------------+------------+
    |       Variable Name       | Operation| DSP| FF| LUT| Bitwidth P0| Bitwidth P1|
    +---------------------------+----------+----+---+----+------------+------------+
    |add_ln79_1_fu_926_p2       |         +|   0|  0|  19|          12|           1|
    |add_ln79_fu_942_p2         |         +|   0|  0|  16|           9|           1|
    |add_ln80_fu_1340_p2        |         +|   0|  0|  14|           7|           4|
    |add_ln85_1_fu_1627_p2      |         +|   0|  0|  31|          24|          24|
    |add_ln85_2_fu_1846_p2      |         +|   0|  0|  31|          24|          24|
    |add_ln85_3_fu_2065_p2      |         +|   0|  0|  31|          24|          24|
    |add_ln85_4_fu_2284_p2      |         +|   0|  0|  31|          24|          24|
    |add_ln85_5_fu_2503_p2      |         +|   0|  0|  31|          24|          24|
    |add_ln85_6_fu_2722_p2      |         +|   0|  0|  31|          24|          24|
    |add_ln85_7_fu_2941_p2      |         +|   0|  0|  31|          24|          24|
    |add_ln85_fu_1408_p2        |         +|   0|  0|  31|          24|          24|
    |and_ln85_10_fu_1753_p2     |       and|   0|  0|   2|           1|           1|
    |and_ln85_11_fu_1771_p2     |       and|   0|  0|   2|           1|           1|
    |and_ln85_12_fu_1866_p2     |       and|   0|  0|   2|           1|           1|
    |and_ln85_13_fu_1928_p2     |       and|   0|  0|   2|           1|           1|
    |and_ln85_14_fu_1942_p2     |       and|   0|  0|   2|           1|           1|
    |and_ln85_15_fu_1966_p2     |       and|   0|  0|   2|           1|           1|
    |and_ln85_16_fu_1972_p2     |       and|   0|  0|   2|           1|           1|
    |and_ln85_17_fu_1990_p2     |       and|   0|  0|   2|           1|           1|
    |and_ln85_18_fu_2085_p2     |       and|   0|  0|   2|           1|           1|
    |and_ln85_19_fu_2147_p2     |       and|   0|  0|   2|           1|           1|
    |and_ln85_1_fu_1490_p2      |       and|   0|  0|   2|           1|           1|
    |and_ln85_20_fu_2161_p2     |       and|   0|  0|   2|           1|           1|
    |and_ln85_21_fu_2185_p2     |       and|   0|  0|   2|           1|           1|
    |and_ln85_22_fu_2191_p2     |       and|   0|  0|   2|           1|           1|
    |and_ln85_23_fu_2209_p2     |       and|   0|  0|   2|           1|           1|
    |and_ln85_24_fu_2304_p2     |       and|   0|  0|   2|           1|           1|
    |and_ln85_25_fu_2366_p2     |       and|   0|  0|   2|           1|           1|
    |and_ln85_26_fu_2380_p2     |       and|   0|  0|   2|           1|           1|
    |and_ln85_27_fu_2404_p2     |       and|   0|  0|   2|           1|           1|
    |and_ln85_28_fu_2410_p2     |       and|   0|  0|   2|           1|           1|
    |and_ln85_29_fu_2428_p2     |       and|   0|  0|   2|           1|           1|
    |and_ln85_2_fu_1504_p2      |       and|   0|  0|   2|           1|           1|
    |and_ln85_30_fu_2523_p2     |       and|   0|  0|   2|           1|           1|
    |and_ln85_31_fu_2585_p2     |       and|   0|  0|   2|           1|           1|
    |and_ln85_32_fu_2599_p2     |       and|   0|  0|   2|           1|           1|
    |and_ln85_33_fu_2623_p2     |       and|   0|  0|   2|           1|           1|
    |and_ln85_34_fu_2629_p2     |       and|   0|  0|   2|           1|           1|
    |and_ln85_35_fu_2647_p2     |       and|   0|  0|   2|           1|           1|
    |and_ln85_36_fu_2742_p2     |       and|   0|  0|   2|           1|           1|
    |and_ln85_37_fu_2804_p2     |       and|   0|  0|   2|           1|           1|
    |and_ln85_38_fu_2818_p2     |       and|   0|  0|   2|           1|           1|
    |and_ln85_39_fu_2842_p2     |       and|   0|  0|   2|           1|           1|
    |and_ln85_3_fu_1528_p2      |       and|   0|  0|   2|           1|           1|
    |and_ln85_40_fu_2848_p2     |       and|   0|  0|   2|           1|           1|
    |and_ln85_41_fu_2866_p2     |       and|   0|  0|   2|           1|           1|
    |and_ln85_42_fu_2961_p2     |       and|   0|  0|   2|           1|           1|
    |and_ln85_43_fu_3023_p2     |       and|   0|  0|   2|           1|           1|
    |and_ln85_44_fu_3037_p2     |       and|   0|  0|   2|           1|           1|
    |and_ln85_45_fu_3061_p2     |       and|   0|  0|   2|           1|           1|
    |and_ln85_46_fu_3067_p2     |       and|   0|  0|   2|           1|           1|
    |and_ln85_47_fu_3085_p2     |       and|   0|  0|   2|           1|           1|
    |and_ln85_4_fu_1534_p2      |       and|   0|  0|   2|           1|           1|
    |and_ln85_5_fu_1552_p2      |       and|   0|  0|   2|           1|           1|
    |and_ln85_6_fu_1647_p2      |       and|   0|  0|   2|           1|           1|
    |and_ln85_7_fu_1709_p2      |       and|   0|  0|   2|           1|           1|
    |and_ln85_8_fu_1723_p2      |       and|   0|  0|   2|           1|           1|
    |and_ln85_9_fu_1747_p2      |       and|   0|  0|   2|           1|           1|
    |and_ln85_fu_1428_p2        |       and|   0|  0|   2|           1|           1|
    |icmp_ln79_fu_920_p2        |      icmp|   0|  0|  20|          12|          13|
    |icmp_ln85_10_fu_2121_p2    |      icmp|   0|  0|  17|          10|           2|
    |icmp_ln85_11_fu_2127_p2    |      icmp|   0|  0|  17|          10|           1|
    |icmp_ln85_12_fu_2326_p2    |      icmp|   0|  0|  16|           9|           2|
    |icmp_ln85_13_fu_2340_p2    |      icmp|   0|  0|  17|          10|           2|
    |icmp_ln85_14_fu_2346_p2    |      icmp|   0|  0|  17|          10|           1|
    |icmp_ln85_15_fu_2545_p2    |      icmp|   0|  0|  16|           9|           2|
    |icmp_ln85_16_fu_2559_p2    |      icmp|   0|  0|  17|          10|           2|
    |icmp_ln85_17_fu_2565_p2    |      icmp|   0|  0|  17|          10|           1|
    |icmp_ln85_18_fu_2764_p2    |      icmp|   0|  0|  16|           9|           2|
    |icmp_ln85_19_fu_2778_p2    |      icmp|   0|  0|  17|          10|           2|
    |icmp_ln85_1_fu_1464_p2     |      icmp|   0|  0|  17|          10|           2|
    |icmp_ln85_20_fu_2784_p2    |      icmp|   0|  0|  17|          10|           1|
    |icmp_ln85_21_fu_2983_p2    |      icmp|   0|  0|  16|           9|           2|
    |icmp_ln85_22_fu_2997_p2    |      icmp|   0|  0|  17|          10|           2|
    |icmp_ln85_23_fu_3003_p2    |      icmp|   0|  0|  17|          10|           1|
    |icmp_ln85_2_fu_1470_p2     |      icmp|   0|  0|  17|          10|           1|
    |icmp_ln85_3_fu_1669_p2     |      icmp|   0|  0|  16|           9|           2|
    |icmp_ln85_4_fu_1683_p2     |      icmp|   0|  0|  17|          10|           2|
    |icmp_ln85_5_fu_1689_p2     |      icmp|   0|  0|  17|          10|           1|
    |icmp_ln85_6_fu_1888_p2     |      icmp|   0|  0|  16|           9|           2|
    |icmp_ln85_7_fu_1902_p2     |      icmp|   0|  0|  17|          10|           2|
    |icmp_ln85_8_fu_1908_p2     |      icmp|   0|  0|  17|          10|           1|
    |icmp_ln85_9_fu_2107_p2     |      icmp|   0|  0|  16|           9|           2|
    |icmp_ln85_fu_1450_p2       |      icmp|   0|  0|  16|           9|           2|
    |or_ln85_10_fu_2442_p2      |        or|   0|  0|   2|           1|           1|
    |or_ln85_11_fu_2611_p2      |        or|   0|  0|   2|           1|           1|
    |or_ln85_12_fu_2661_p2      |        or|   0|  0|   2|           1|           1|
    |or_ln85_13_fu_2830_p2      |        or|   0|  0|   2|           1|           1|
    |or_ln85_14_fu_2880_p2      |        or|   0|  0|   2|           1|           1|
    |or_ln85_15_fu_3049_p2      |        or|   0|  0|   2|           1|           1|
    |or_ln85_16_fu_3099_p2      |        or|   0|  0|   2|           1|           1|
    |or_ln85_17_fu_1759_p2      |        or|   0|  0|   2|           1|           1|
    |or_ln85_18_fu_1978_p2      |        or|   0|  0|   2|           1|           1|
    |or_ln85_19_fu_2197_p2      |        or|   0|  0|   2|           1|           1|
    |or_ln85_1_fu_1566_p2       |        or|   0|  0|   2|           1|           1|
    |or_ln85_20_fu_2416_p2      |        or|   0|  0|   2|           1|           1|
    |or_ln85_21_fu_2635_p2      |        or|   0|  0|   2|           1|           1|
    |or_ln85_22_fu_2854_p2      |        or|   0|  0|   2|           1|           1|
    |or_ln85_23_fu_3073_p2      |        or|   0|  0|   2|           1|           1|
    |or_ln85_2_fu_1735_p2       |        or|   0|  0|   2|           1|           1|
    |or_ln85_3_fu_1785_p2       |        or|   0|  0|   2|           1|           1|
    |or_ln85_4_fu_1954_p2       |        or|   0|  0|   2|           1|           1|
    |or_ln85_5_fu_2004_p2       |        or|   0|  0|   2|           1|           1|
    |or_ln85_6_fu_2173_p2       |        or|   0|  0|   2|           1|           1|
    |or_ln85_7_fu_2223_p2       |        or|   0|  0|   2|           1|           1|
    |or_ln85_8_fu_1540_p2       |        or|   0|  0|   2|           1|           1|
    |or_ln85_9_fu_2392_p2       |        or|   0|  0|   2|           1|           1|
    |or_ln85_fu_1516_p2         |        or|   0|  0|   2|           1|           1|
    |select_ln79_fu_968_p3      |    select|   0|  0|   8|           1|           9|
    |select_ln80_fu_956_p3      |    select|   0|  0|   6|           1|           1|
    |select_ln85_10_fu_1996_p3  |    select|   0|  0|  24|           1|          23|
    |select_ln85_11_fu_2010_p3  |    select|   0|  0|  24|           1|          24|
    |select_ln85_12_fu_2133_p3  |    select|   0|  0|   2|           1|           1|
    |select_ln85_13_fu_2153_p3  |    select|   0|  0|   2|           1|           1|
    |select_ln85_14_fu_2215_p3  |    select|   0|  0|  24|           1|          23|
    |select_ln85_15_fu_2229_p3  |    select|   0|  0|  24|           1|          24|
    |select_ln85_16_fu_2352_p3  |    select|   0|  0|   2|           1|           1|
    |select_ln85_17_fu_2372_p3  |    select|   0|  0|   2|           1|           1|
    |select_ln85_18_fu_2434_p3  |    select|   0|  0|  24|           1|          23|
    |select_ln85_19_fu_2448_p3  |    select|   0|  0|  24|           1|          24|
    |select_ln85_1_fu_1496_p3   |    select|   0|  0|   2|           1|           1|
    |select_ln85_20_fu_2571_p3  |    select|   0|  0|   2|           1|           1|
    |select_ln85_21_fu_2591_p3  |    select|   0|  0|   2|           1|           1|
    |select_ln85_22_fu_2653_p3  |    select|   0|  0|  24|           1|          23|
    |select_ln85_23_fu_2667_p3  |    select|   0|  0|  24|           1|          24|
    |select_ln85_24_fu_2790_p3  |    select|   0|  0|   2|           1|           1|
    |select_ln85_25_fu_2810_p3  |    select|   0|  0|   2|           1|           1|
    |select_ln85_26_fu_2872_p3  |    select|   0|  0|  24|           1|          23|
    |select_ln85_27_fu_2886_p3  |    select|   0|  0|  24|           1|          24|
    |select_ln85_28_fu_3009_p3  |    select|   0|  0|   2|           1|           1|
    |select_ln85_29_fu_3029_p3  |    select|   0|  0|   2|           1|           1|
    |select_ln85_2_fu_1558_p3   |    select|   0|  0|  24|           1|          23|
    |select_ln85_30_fu_3091_p3  |    select|   0|  0|  24|           1|          23|
    |select_ln85_31_fu_3105_p3  |    select|   0|  0|  24|           1|          24|
    |select_ln85_3_fu_1572_p3   |    select|   0|  0|  24|           1|          24|
    |select_ln85_4_fu_1695_p3   |    select|   0|  0|   2|           1|           1|
    |select_ln85_5_fu_1715_p3   |    select|   0|  0|   2|           1|           1|
    |select_ln85_6_fu_1777_p3   |    select|   0|  0|  24|           1|          23|
    |select_ln85_7_fu_1791_p3   |    select|   0|  0|  24|           1|          24|
    |select_ln85_8_fu_1914_p3   |    select|   0|  0|   2|           1|           1|
    |select_ln85_9_fu_1934_p3   |    select|   0|  0|   2|           1|           1|
    |select_ln85_fu_1476_p3     |    select|   0|  0|   2|           1|           1|
    |ap_enable_pp0              |       xor|   0|  0|   2|           1|           2|
    |xor_ln85_10_fu_1860_p2     |       xor|   0|  0|   2|           1|           2|
    |xor_ln85_11_fu_1922_p2     |       xor|   0|  0|   2|           1|           2|
    |xor_ln85_12_fu_1948_p2     |       xor|   0|  0|   2|           1|           2|
    |xor_ln85_13_fu_1960_p2     |       xor|   0|  0|   2|           1|           2|
    |xor_ln85_14_fu_1984_p2     |       xor|   0|  0|   2|           1|           2|
    |xor_ln85_15_fu_2079_p2     |       xor|   0|  0|   2|           1|           2|
    |xor_ln85_16_fu_2141_p2     |       xor|   0|  0|   2|           1|           2|
    |xor_ln85_17_fu_2167_p2     |       xor|   0|  0|   2|           1|           2|
    |xor_ln85_18_fu_2179_p2     |       xor|   0|  0|   2|           1|           2|
    |xor_ln85_19_fu_2203_p2     |       xor|   0|  0|   2|           1|           2|
    |xor_ln85_1_fu_1484_p2      |       xor|   0|  0|   2|           1|           2|
    |xor_ln85_20_fu_2298_p2     |       xor|   0|  0|   2|           1|           2|
    |xor_ln85_21_fu_2360_p2     |       xor|   0|  0|   2|           1|           2|
    |xor_ln85_22_fu_2386_p2     |       xor|   0|  0|   2|           1|           2|
    |xor_ln85_23_fu_2398_p2     |       xor|   0|  0|   2|           1|           2|
    |xor_ln85_24_fu_2422_p2     |       xor|   0|  0|   2|           1|           2|
    |xor_ln85_25_fu_2517_p2     |       xor|   0|  0|   2|           1|           2|
    |xor_ln85_26_fu_2579_p2     |       xor|   0|  0|   2|           1|           2|
    |xor_ln85_27_fu_2605_p2     |       xor|   0|  0|   2|           1|           2|
    |xor_ln85_28_fu_2617_p2     |       xor|   0|  0|   2|           1|           2|
    |xor_ln85_29_fu_2641_p2     |       xor|   0|  0|   2|           1|           2|
    |xor_ln85_2_fu_1510_p2      |       xor|   0|  0|   2|           1|           2|
    |xor_ln85_30_fu_2736_p2     |       xor|   0|  0|   2|           1|           2|
    |xor_ln85_31_fu_2798_p2     |       xor|   0|  0|   2|           1|           2|
    |xor_ln85_32_fu_2824_p2     |       xor|   0|  0|   2|           1|           2|
    |xor_ln85_33_fu_2836_p2     |       xor|   0|  0|   2|           1|           2|
    |xor_ln85_34_fu_2860_p2     |       xor|   0|  0|   2|           1|           2|
    |xor_ln85_35_fu_2955_p2     |       xor|   0|  0|   2|           1|           2|
    |xor_ln85_36_fu_3017_p2     |       xor|   0|  0|   2|           1|           2|
    |xor_ln85_37_fu_3043_p2     |       xor|   0|  0|   2|           1|           2|
    |xor_ln85_38_fu_3055_p2     |       xor|   0|  0|   2|           1|           2|
    |xor_ln85_39_fu_3079_p2     |       xor|   0|  0|   2|           1|           2|
    |xor_ln85_3_fu_1522_p2      |       xor|   0|  0|   2|           1|           2|
    |xor_ln85_4_fu_1546_p2      |       xor|   0|  0|   2|           1|           2|
    |xor_ln85_5_fu_1641_p2      |       xor|   0|  0|   2|           1|           2|
    |xor_ln85_6_fu_1703_p2      |       xor|   0|  0|   2|           1|           2|
    |xor_ln85_7_fu_1729_p2      |       xor|   0|  0|   2|           1|           2|
    |xor_ln85_8_fu_1741_p2      |       xor|   0|  0|   2|           1|           2|
    |xor_ln85_9_fu_1765_p2      |       xor|   0|  0|   2|           1|           2|
    |xor_ln85_fu_1422_p2        |       xor|   0|  0|   2|           1|           2|
    +---------------------------+----------+----+---+----+------------+------------+
    |Total                      |          |   0|  0|1373|         611|         807|
    +---------------------------+----------+----+---+----+------------+------------+

    * Multiplexer: 
    +--------------------------------------+----+-----------+-----+-----------+
    |                 Name                 | LUT| Input Size| Bits| Total Bits|
    +--------------------------------------+----+-----------+-----+-----------+
    |ap_done_int                           |   9|          2|    1|          2|
    |ap_enable_reg_pp0_iter1               |   9|          2|    1|          2|
    |ap_sig_allocacmp_i_load               |   9|          2|    9|         18|
    |ap_sig_allocacmp_indvar_flatten_load  |   9|          2|   12|         24|
    |ap_sig_allocacmp_jj_load              |   9|          2|    7|         14|
    |i_fu_274                              |   9|          2|    9|         18|
    |indvar_flatten_fu_278                 |   9|          2|   12|         24|
    |jj_fu_270                             |   9|          2|    7|         14|
    +--------------------------------------+----+-----------+-----+-----------+
    |Total                                 |  72|         16|   58|        116|
    +--------------------------------------+----+-----------+-----+-----------+

    * Register: 
    +------------------------------------+----+----+-----+-----------+
    |                Name                | FF | LUT| Bits| Const Bits|
    +------------------------------------+----+----+-----+-----------+
    |ap_CS_fsm                           |   1|   0|    1|          0|
    |ap_done_reg                         |   1|   0|    1|          0|
    |ap_enable_reg_pp0_iter1             |   1|   0|    1|          0|
    |ap_enable_reg_pp0_iter2             |   1|   0|    1|          0|
    |ap_loop_exit_ready_pp0_iter1_reg    |   1|   0|    1|          0|
    |i_fu_274                            |   9|   0|    9|          0|
    |indvar_flatten_fu_278               |  12|   0|   12|          0|
    |jj_fu_270                           |   7|   0|    7|          0|
    |lshr_ln1_reg_3174                   |   4|   0|    4|          0|
    |lshr_ln1_reg_3174_pp0_iter1_reg     |   4|   0|    4|          0|
    |lshr_ln80_1_reg_3179                |   3|   0|    3|          0|
    |lshr_ln80_1_reg_3179_pp0_iter1_reg  |   3|   0|    3|          0|
    |select_ln85_11_reg_3274             |  24|   0|   24|          0|
    |select_ln85_15_reg_3279             |  24|   0|   24|          0|
    |select_ln85_19_reg_3284             |  24|   0|   24|          0|
    |select_ln85_23_reg_3289             |  24|   0|   24|          0|
    |select_ln85_27_reg_3294             |  24|   0|   24|          0|
    |select_ln85_31_reg_3299             |  24|   0|   24|          0|
    |select_ln85_3_reg_3264              |  24|   0|   24|          0|
    |select_ln85_7_reg_3269              |  24|   0|   24|          0|
    |tmp_10_reg_3229                     |  24|   0|   24|          0|
    |tmp_18_reg_3234                     |  24|   0|   24|          0|
    |tmp_26_reg_3239                     |  24|   0|   24|          0|
    |tmp_2_reg_3224                      |  24|   0|   24|          0|
    |tmp_35_reg_3244                     |  24|   0|   24|          0|
    |tmp_43_reg_3249                     |  24|   0|   24|          0|
    |tmp_51_reg_3254                     |  24|   0|   24|          0|
    |tmp_59_reg_3259                     |  24|   0|   24|          0|
    |trunc_ln80_reg_3168                 |   8|   0|    8|          0|
    |trunc_ln80_reg_3168_pp0_iter1_reg   |   8|   0|    8|          0|
    +------------------------------------+----+----+-----+-----------+
    |Total                               | 447|   0|  447|          0|
    +------------------------------------+----+----+-----+-----------+



================================================================
== Interface
================================================================
* Summary: 
+---------------------------------------------------------------+-----+-----+------------+------------------------------------------------------+--------------+
|                           RTL Ports                           | Dir | Bits|  Protocol  |                     Source Object                    |    C Type    |
+---------------------------------------------------------------+-----+-----+------------+------------------------------------------------------+--------------+
|ap_clk                                                         |   in|    1|  ap_ctrl_hs|  top_kernel_Pipeline_VITIS_LOOP_79_9_VITIS_LOOP_80_10|  return value|
|ap_rst                                                         |   in|    1|  ap_ctrl_hs|  top_kernel_Pipeline_VITIS_LOOP_79_9_VITIS_LOOP_80_10|  return value|
|ap_start                                                       |   in|    1|  ap_ctrl_hs|  top_kernel_Pipeline_VITIS_LOOP_79_9_VITIS_LOOP_80_10|  return value|
|ap_done                                                        |  out|    1|  ap_ctrl_hs|  top_kernel_Pipeline_VITIS_LOOP_79_9_VITIS_LOOP_80_10|  return value|
|ap_idle                                                        |  out|    1|  ap_ctrl_hs|  top_kernel_Pipeline_VITIS_LOOP_79_9_VITIS_LOOP_80_10|  return value|
|ap_ready                                                       |  out|    1|  ap_ctrl_hs|  top_kernel_Pipeline_VITIS_LOOP_79_9_VITIS_LOOP_80_10|  return value|
|C_1_address0                                                   |  out|   12|   ap_memory|                                                   C_1|         array|
|C_1_ce0                                                        |  out|    1|   ap_memory|                                                   C_1|         array|
|C_1_we0                                                        |  out|    1|   ap_memory|                                                   C_1|         array|
|C_1_d0                                                         |  out|   24|   ap_memory|                                                   C_1|         array|
|C_1_address1                                                   |  out|   12|   ap_memory|                                                   C_1|         array|
|C_1_ce1                                                        |  out|    1|   ap_memory|                                                   C_1|         array|
|C_1_we1                                                        |  out|    1|   ap_memory|                                                   C_1|         array|
|C_1_d1                                                         |  out|   24|   ap_memory|                                                   C_1|         array|
|C_1_19_address0                                                |  out|   12|   ap_memory|                                                C_1_19|         array|
|C_1_19_ce0                                                     |  out|    1|   ap_memory|                                                C_1_19|         array|
|C_1_19_we0                                                     |  out|    1|   ap_memory|                                                C_1_19|         array|
|C_1_19_d0                                                      |  out|   24|   ap_memory|                                                C_1_19|         array|
|C_1_19_address1                                                |  out|   12|   ap_memory|                                                C_1_19|         array|
|C_1_19_ce1                                                     |  out|    1|   ap_memory|                                                C_1_19|         array|
|C_1_19_we1                                                     |  out|    1|   ap_memory|                                                C_1_19|         array|
|C_1_19_d1                                                      |  out|   24|   ap_memory|                                                C_1_19|         array|
|C_2_address0                                                   |  out|   12|   ap_memory|                                                   C_2|         array|
|C_2_ce0                                                        |  out|    1|   ap_memory|                                                   C_2|         array|
|C_2_we0                                                        |  out|    1|   ap_memory|                                                   C_2|         array|
|C_2_d0                                                         |  out|   24|   ap_memory|                                                   C_2|         array|
|C_2_address1                                                   |  out|   12|   ap_memory|                                                   C_2|         array|
|C_2_ce1                                                        |  out|    1|   ap_memory|                                                   C_2|         array|
|C_2_we1                                                        |  out|    1|   ap_memory|                                                   C_2|         array|
|C_2_d1                                                         |  out|   24|   ap_memory|                                                   C_2|         array|
|C_3_address0                                                   |  out|   12|   ap_memory|                                                   C_3|         array|
|C_3_ce0                                                        |  out|    1|   ap_memory|                                                   C_3|         array|
|C_3_we0                                                        |  out|    1|   ap_memory|                                                   C_3|         array|
|C_3_d0                                                         |  out|   24|   ap_memory|                                                   C_3|         array|
|C_3_address1                                                   |  out|   12|   ap_memory|                                                   C_3|         array|
|C_3_ce1                                                        |  out|    1|   ap_memory|                                                   C_3|         array|
|C_3_we1                                                        |  out|    1|   ap_memory|                                                   C_3|         array|
|C_3_d1                                                         |  out|   24|   ap_memory|                                                   C_3|         array|
|scale_reload                                                   |   in|   24|     ap_none|                                          scale_reload|        scalar|
|scale_8_reload                                                 |   in|   24|     ap_none|                                        scale_8_reload|        scalar|
|scale_16_reload                                                |   in|   24|     ap_none|                                       scale_16_reload|        scalar|
|scale_24_reload                                                |   in|   24|     ap_none|                                       scale_24_reload|        scalar|
|scale_32_reload                                                |   in|   24|     ap_none|                                       scale_32_reload|        scalar|
|scale_40_reload                                                |   in|   24|     ap_none|                                       scale_40_reload|        scalar|
|scale_48_reload                                                |   in|   24|     ap_none|                                       scale_48_reload|        scalar|
|scale_56_reload                                                |   in|   24|     ap_none|                                       scale_56_reload|        scalar|
|scale_1_reload                                                 |   in|   24|     ap_none|                                        scale_1_reload|        scalar|
|scale_9_reload                                                 |   in|   24|     ap_none|                                        scale_9_reload|        scalar|
|scale_17_reload                                                |   in|   24|     ap_none|                                       scale_17_reload|        scalar|
|scale_25_reload                                                |   in|   24|     ap_none|                                       scale_25_reload|        scalar|
|scale_33_reload                                                |   in|   24|     ap_none|                                       scale_33_reload|        scalar|
|scale_41_reload                                                |   in|   24|     ap_none|                                       scale_41_reload|        scalar|
|scale_49_reload                                                |   in|   24|     ap_none|                                       scale_49_reload|        scalar|
|scale_57_reload                                                |   in|   24|     ap_none|                                       scale_57_reload|        scalar|
|scale_2_reload                                                 |   in|   24|     ap_none|                                        scale_2_reload|        scalar|
|scale_10_reload                                                |   in|   24|     ap_none|                                       scale_10_reload|        scalar|
|scale_18_reload                                                |   in|   24|     ap_none|                                       scale_18_reload|        scalar|
|scale_26_reload                                                |   in|   24|     ap_none|                                       scale_26_reload|        scalar|
|scale_34_reload                                                |   in|   24|     ap_none|                                       scale_34_reload|        scalar|
|scale_42_reload                                                |   in|   24|     ap_none|                                       scale_42_reload|        scalar|
|scale_50_reload                                                |   in|   24|     ap_none|                                       scale_50_reload|        scalar|
|scale_58_reload                                                |   in|   24|     ap_none|                                       scale_58_reload|        scalar|
|scale_3_reload                                                 |   in|   24|     ap_none|                                        scale_3_reload|        scalar|
|scale_11_reload                                                |   in|   24|     ap_none|                                       scale_11_reload|        scalar|
|scale_19_reload                                                |   in|   24|     ap_none|                                       scale_19_reload|        scalar|
|scale_27_reload                                                |   in|   24|     ap_none|                                       scale_27_reload|        scalar|
|scale_35_reload                                                |   in|   24|     ap_none|                                       scale_35_reload|        scalar|
|scale_43_reload                                                |   in|   24|     ap_none|                                       scale_43_reload|        scalar|
|scale_51_reload                                                |   in|   24|     ap_none|                                       scale_51_reload|        scalar|
|scale_59_reload                                                |   in|   24|     ap_none|                                       scale_59_reload|        scalar|
|scale_4_reload                                                 |   in|   24|     ap_none|                                        scale_4_reload|        scalar|
|scale_12_reload                                                |   in|   24|     ap_none|                                       scale_12_reload|        scalar|
|scale_20_reload                                                |   in|   24|     ap_none|                                       scale_20_reload|        scalar|
|scale_28_reload                                                |   in|   24|     ap_none|                                       scale_28_reload|        scalar|
|scale_36_reload                                                |   in|   24|     ap_none|                                       scale_36_reload|        scalar|
|scale_44_reload                                                |   in|   24|     ap_none|                                       scale_44_reload|        scalar|
|scale_52_reload                                                |   in|   24|     ap_none|                                       scale_52_reload|        scalar|
|scale_60_reload                                                |   in|   24|     ap_none|                                       scale_60_reload|        scalar|
|scale_5_reload                                                 |   in|   24|     ap_none|                                        scale_5_reload|        scalar|
|scale_13_reload                                                |   in|   24|     ap_none|                                       scale_13_reload|        scalar|
|scale_21_reload                                                |   in|   24|     ap_none|                                       scale_21_reload|        scalar|
|scale_29_reload                                                |   in|   24|     ap_none|                                       scale_29_reload|        scalar|
|scale_37_reload                                                |   in|   24|     ap_none|                                       scale_37_reload|        scalar|
|scale_45_reload                                                |   in|   24|     ap_none|                                       scale_45_reload|        scalar|
|scale_53_reload                                                |   in|   24|     ap_none|                                       scale_53_reload|        scalar|
|scale_61_reload                                                |   in|   24|     ap_none|                                       scale_61_reload|        scalar|
|scale_6_reload                                                 |   in|   24|     ap_none|                                        scale_6_reload|        scalar|
|scale_14_reload                                                |   in|   24|     ap_none|                                       scale_14_reload|        scalar|
|scale_22_reload                                                |   in|   24|     ap_none|                                       scale_22_reload|        scalar|
|scale_30_reload                                                |   in|   24|     ap_none|                                       scale_30_reload|        scalar|
|scale_38_reload                                                |   in|   24|     ap_none|                                       scale_38_reload|        scalar|
|scale_46_reload                                                |   in|   24|     ap_none|                                       scale_46_reload|        scalar|
|scale_54_reload                                                |   in|   24|     ap_none|                                       scale_54_reload|        scalar|
|scale_62_reload                                                |   in|   24|     ap_none|                                       scale_62_reload|        scalar|
|scale_7_reload                                                 |   in|   24|     ap_none|                                        scale_7_reload|        scalar|
|scale_15_reload                                                |   in|   24|     ap_none|                                       scale_15_reload|        scalar|
|scale_23_reload                                                |   in|   24|     ap_none|                                       scale_23_reload|        scalar|
|scale_31_reload                                                |   in|   24|     ap_none|                                       scale_31_reload|        scalar|
|scale_39_reload                                                |   in|   24|     ap_none|                                       scale_39_reload|        scalar|
|scale_47_reload                                                |   in|   24|     ap_none|                                       scale_47_reload|        scalar|
|scale_55_reload                                                |   in|   24|     ap_none|                                       scale_55_reload|        scalar|
|scale_63_reload                                                |   in|   24|     ap_none|                                       scale_63_reload|        scalar|
|top_kernel_ap_fixed_64_ap_fixed_24_10_0_0_0_64_tmp_7_address0  |  out|   11|   ap_memory|  top_kernel_ap_fixed_64_ap_fixed_24_10_0_0_0_64_tmp_7|         array|
|top_kernel_ap_fixed_64_ap_fixed_24_10_0_0_0_64_tmp_7_ce0       |  out|    1|   ap_memory|  top_kernel_ap_fixed_64_ap_fixed_24_10_0_0_0_64_tmp_7|         array|
|top_kernel_ap_fixed_64_ap_fixed_24_10_0_0_0_64_tmp_7_q0        |   in|   24|   ap_memory|  top_kernel_ap_fixed_64_ap_fixed_24_10_0_0_0_64_tmp_7|         array|
|top_kernel_ap_fixed_64_ap_fixed_24_10_0_0_0_64_tmp_6_address0  |  out|   11|   ap_memory|  top_kernel_ap_fixed_64_ap_fixed_24_10_0_0_0_64_tmp_6|         array|
|top_kernel_ap_fixed_64_ap_fixed_24_10_0_0_0_64_tmp_6_ce0       |  out|    1|   ap_memory|  top_kernel_ap_fixed_64_ap_fixed_24_10_0_0_0_64_tmp_6|         array|
|top_kernel_ap_fixed_64_ap_fixed_24_10_0_0_0_64_tmp_6_q0        |   in|   24|   ap_memory|  top_kernel_ap_fixed_64_ap_fixed_24_10_0_0_0_64_tmp_6|         array|
|top_kernel_ap_fixed_64_ap_fixed_24_10_0_0_0_64_tmp_5_address0  |  out|   11|   ap_memory|  top_kernel_ap_fixed_64_ap_fixed_24_10_0_0_0_64_tmp_5|         array|
|top_kernel_ap_fixed_64_ap_fixed_24_10_0_0_0_64_tmp_5_ce0       |  out|    1|   ap_memory|  top_kernel_ap_fixed_64_ap_fixed_24_10_0_0_0_64_tmp_5|         array|
|top_kernel_ap_fixed_64_ap_fixed_24_10_0_0_0_64_tmp_5_q0        |   in|   24|   ap_memory|  top_kernel_ap_fixed_64_ap_fixed_24_10_0_0_0_64_tmp_5|         array|
|top_kernel_ap_fixed_64_ap_fixed_24_10_0_0_0_64_tmp_4_address0  |  out|   11|   ap_memory|  top_kernel_ap_fixed_64_ap_fixed_24_10_0_0_0_64_tmp_4|         array|
|top_kernel_ap_fixed_64_ap_fixed_24_10_0_0_0_64_tmp_4_ce0       |  out|    1|   ap_memory|  top_kernel_ap_fixed_64_ap_fixed_24_10_0_0_0_64_tmp_4|         array|
|top_kernel_ap_fixed_64_ap_fixed_24_10_0_0_0_64_tmp_4_q0        |   in|   24|   ap_memory|  top_kernel_ap_fixed_64_ap_fixed_24_10_0_0_0_64_tmp_4|         array|
|top_kernel_ap_fixed_64_ap_fixed_24_10_0_0_0_64_tmp_3_address0  |  out|   11|   ap_memory|  top_kernel_ap_fixed_64_ap_fixed_24_10_0_0_0_64_tmp_3|         array|
|top_kernel_ap_fixed_64_ap_fixed_24_10_0_0_0_64_tmp_3_ce0       |  out|    1|   ap_memory|  top_kernel_ap_fixed_64_ap_fixed_24_10_0_0_0_64_tmp_3|         array|
|top_kernel_ap_fixed_64_ap_fixed_24_10_0_0_0_64_tmp_3_q0        |   in|   24|   ap_memory|  top_kernel_ap_fixed_64_ap_fixed_24_10_0_0_0_64_tmp_3|         array|
|top_kernel_ap_fixed_64_ap_fixed_24_10_0_0_0_64_tmp_2_address0  |  out|   11|   ap_memory|  top_kernel_ap_fixed_64_ap_fixed_24_10_0_0_0_64_tmp_2|         array|
|top_kernel_ap_fixed_64_ap_fixed_24_10_0_0_0_64_tmp_2_ce0       |  out|    1|   ap_memory|  top_kernel_ap_fixed_64_ap_fixed_24_10_0_0_0_64_tmp_2|         array|
|top_kernel_ap_fixed_64_ap_fixed_24_10_0_0_0_64_tmp_2_q0        |   in|   24|   ap_memory|  top_kernel_ap_fixed_64_ap_fixed_24_10_0_0_0_64_tmp_2|         array|
|top_kernel_ap_fixed_64_ap_fixed_24_10_0_0_0_64_tmp_1_address0  |  out|   11|   ap_memory|  top_kernel_ap_fixed_64_ap_fixed_24_10_0_0_0_64_tmp_1|         array|
|top_kernel_ap_fixed_64_ap_fixed_24_10_0_0_0_64_tmp_1_ce0       |  out|    1|   ap_memory|  top_kernel_ap_fixed_64_ap_fixed_24_10_0_0_0_64_tmp_1|         array|
|top_kernel_ap_fixed_64_ap_fixed_24_10_0_0_0_64_tmp_1_q0        |   in|   24|   ap_memory|  top_kernel_ap_fixed_64_ap_fixed_24_10_0_0_0_64_tmp_1|         array|
|top_kernel_ap_fixed_64_ap_fixed_24_10_0_0_0_64_tmp_address0    |  out|   11|   ap_memory|    top_kernel_ap_fixed_64_ap_fixed_24_10_0_0_0_64_tmp|         array|
|top_kernel_ap_fixed_64_ap_fixed_24_10_0_0_0_64_tmp_ce0         |  out|    1|   ap_memory|    top_kernel_ap_fixed_64_ap_fixed_24_10_0_0_0_64_tmp|         array|
|top_kernel_ap_fixed_64_ap_fixed_24_10_0_0_0_64_tmp_q0          |   in|   24|   ap_memory|    top_kernel_ap_fixed_64_ap_fixed_24_10_0_0_0_64_tmp|         array|
+---------------------------------------------------------------+-----+-----+------------+------------------------------------------------------+--------------+

