Thu Feb  5 03:13:09 2026: Running xcd server. This server was built by gradle.
Thu Feb  5 03:13:09 2026: Server was asked to start on port: '37837'
Thu Feb  5 03:13:09 2026: Server is using token UUID: '7625d7e9-974c-4d1b-80e2-9033798b4734'
Thu Feb  5 03:13:09 2026: SESSION_MGR: creating session with session uuid: '6d04a3e9-ade5-4ab9-8d63-1f78fcd2ec76' and name 'default'
Thu Feb  5 03:13:09 2026: Attempting to start server on port '37837'
Thu Feb  5 03:13:09 2026: XCD main fifo: created main fifo '/tmp/xcdmain7625d7e9-974c-4d1b-80e2-9033798b4734', fd read = 15
Thu Feb  5 03:13:09 2026: Running Dispatch Server
Thu Feb  5 03:13:09 2026: Version 2.2.0
Thu Feb  5 03:13:13 2026: Dispatch Server: Accepted socket connection from client
Thu Feb  5 03:13:13 2026: Starting Socket connection
Thu Feb  5 03:13:13 2026: EXCHANGE_TOKEN received, server token: 7625d7e9-974c-4d1b-80e2-9033798b4734, passed token: 7625d7e9-974c-4d1b-80e2-9033798b4734
Thu Feb  5 03:13:13 2026: SESSION_MGR: creating session with session uuid: '4bcc301b-bc9b-48d2-9140-bd9693c8c31f' and name 'vitis_hls'
Thu Feb  5 03:13:13 2026: KERNEL_SVC: creating session with uuid: '4bcc301b-bc9b-48d2-9140-bd9693c8c31f' and name 'vitis_hls'
Thu Feb  5 03:13:13 2026: GUIDANCE_SMGR: creating guidance session with uuid: '4bcc301b-bc9b-48d2-9140-bd9693c8c31f' and name 'vitis_hls'
Thu Feb  5 03:13:41 2026: Running xcd server. This server was built by gradle.
Thu Feb  5 03:13:41 2026: Server was asked to start on port: '34265'
Thu Feb  5 03:13:41 2026: Server is using token UUID: '5f92506e-1770-4bfc-bb3b-862ba0b44435'
Thu Feb  5 03:13:41 2026: SESSION_MGR: creating session with session uuid: '6d04a3e9-ade5-4ab9-8d63-1f78fcd2ec76' and name 'default'
Thu Feb  5 03:13:41 2026: Attempting to start server on port '34265'
Thu Feb  5 03:13:41 2026: XCD main fifo: created main fifo '/tmp/xcdmain5f92506e-1770-4bfc-bb3b-862ba0b44435', fd read = 15
Thu Feb  5 03:13:41 2026: Running Dispatch Server
Thu Feb  5 03:13:41 2026: Version 2.2.0
Thu Feb  5 03:13:43 2026: Dispatch Server: Accepted socket connection from client
Thu Feb  5 03:13:43 2026: Starting Socket connection
Thu Feb  5 03:13:43 2026: EXCHANGE_TOKEN received, server token: 5f92506e-1770-4bfc-bb3b-862ba0b44435, passed token: 5f92506e-1770-4bfc-bb3b-862ba0b44435
Thu Feb  5 03:13:43 2026: SESSION_MGR: creating session with session uuid: 'faf09aa0-064d-4abc-ac2c-21b4b11284d9' and name 'vitis_hls'
Thu Feb  5 03:13:43 2026: KERNEL_SVC: creating session with uuid: 'faf09aa0-064d-4abc-ac2c-21b4b11284d9' and name 'vitis_hls'
Thu Feb  5 03:13:43 2026: GUIDANCE_SMGR: creating guidance session with uuid: 'faf09aa0-064d-4abc-ac2c-21b4b11284d9' and name 'vitis_hls'
Thu Feb  5 03:13:43 2026: STOP_SERVER received, server token: 7625d7e9-974c-4d1b-80e2-9033798b4734, passed token: 7625d7e9-974c-4d1b-80e2-9033798b4734
Thu Feb  5 03:13:43 2026: Socket received request to stop server.
Thu Feb  5 03:13:43 2026: Dispatch Server: do_await_stop
Thu Feb  5 03:13:43 2026: Dispatch Server: stopping mainFifo_
Thu Feb  5 03:13:43 2026: XCD main fifo: Stopping
Thu Feb  5 03:13:43 2026: XCD main fifo: do_read error code: Operation canceled
Thu Feb  5 03:13:43 2026: XCD main fifo: bytes_transferred: 0
Thu Feb  5 03:13:43 2026: SERVER: destructor for server bound to port 37837
Thu Feb  5 03:13:43 2026: XCD main fifo: Good unlink of /tmp/xcdmain7625d7e9-974c-4d1b-80e2-9033798b4734
Thu Feb  5 03:13:43 2026: Server exiting with status 0.
Thu Feb  5 03:13:43 2026: Closing log file.
Thu Feb  5 03:15:06 2026: Running xcd server. This server was built by gradle.
Thu Feb  5 03:15:06 2026: Server was asked to start on port: '33621'
Thu Feb  5 03:15:06 2026: Server is using token UUID: '376ee595-3f59-4a4d-807c-be2ae8108285'
Thu Feb  5 03:15:06 2026: SESSION_MGR: creating session with session uuid: '6d04a3e9-ade5-4ab9-8d63-1f78fcd2ec76' and name 'default'
Thu Feb  5 03:15:06 2026: Attempting to start server on port '33621'
Thu Feb  5 03:15:06 2026: XCD main fifo: created main fifo '/tmp/xcdmain376ee595-3f59-4a4d-807c-be2ae8108285', fd read = 15
Thu Feb  5 03:15:06 2026: Running Dispatch Server
Thu Feb  5 03:15:06 2026: Version 2.2.0
Thu Feb  5 03:15:08 2026: Dispatch Server: Accepted socket connection from client
Thu Feb  5 03:15:08 2026: Starting Socket connection
Thu Feb  5 03:15:08 2026: EXCHANGE_TOKEN received, server token: 376ee595-3f59-4a4d-807c-be2ae8108285, passed token: 376ee595-3f59-4a4d-807c-be2ae8108285
Thu Feb  5 03:15:08 2026: SESSION_MGR: creating session with session uuid: 'ae7b942c-0fa8-4adc-80f0-b3a5b0bedc87' and name 'vitis_hls'
Thu Feb  5 03:15:08 2026: KERNEL_SVC: creating session with uuid: 'ae7b942c-0fa8-4adc-80f0-b3a5b0bedc87' and name 'vitis_hls'
Thu Feb  5 03:15:08 2026: GUIDANCE_SMGR: creating guidance session with uuid: 'ae7b942c-0fa8-4adc-80f0-b3a5b0bedc87' and name 'vitis_hls'
Thu Feb  5 03:15:08 2026: STOP_SERVER received, server token: 5f92506e-1770-4bfc-bb3b-862ba0b44435, passed token: 5f92506e-1770-4bfc-bb3b-862ba0b44435
Thu Feb  5 03:15:08 2026: Socket received request to stop server.
Thu Feb  5 03:15:08 2026: Dispatch Server: do_await_stop
Thu Feb  5 03:15:08 2026: Dispatch Server: stopping mainFifo_
Thu Feb  5 03:15:08 2026: XCD main fifo: Stopping
Thu Feb  5 03:15:08 2026: XCD main fifo: do_read error code: Operation canceled
Thu Feb  5 03:15:08 2026: XCD main fifo: bytes_transferred: 0
Thu Feb  5 03:15:08 2026: SERVER: destructor for server bound to port 34265
Thu Feb  5 03:15:08 2026: XCD main fifo: Good unlink of /tmp/xcdmain5f92506e-1770-4bfc-bb3b-862ba0b44435
Thu Feb  5 03:15:08 2026: Server exiting with status 0.
Thu Feb  5 03:15:08 2026: Closing log file.
Thu Feb  5 03:16:19 2026: Dispatch Server: Accepted socket connection from client
Thu Feb  5 03:16:19 2026: Starting Socket connection
Thu Feb  5 03:19:22 2026: Dispatch Server: Accepted socket connection from client
Thu Feb  5 03:19:22 2026: Starting Socket connection
Thu Feb  5 03:22:15 2026: Dispatch Server: Accepted socket connection from client
Thu Feb  5 03:22:15 2026: Starting Socket connection
Thu Feb  5 03:27:04 2026: STOP_SERVER received, server token: 376ee595-3f59-4a4d-807c-be2ae8108285, passed token: 376ee595-3f59-4a4d-807c-be2ae8108285
Thu Feb  5 03:27:04 2026: Socket received request to stop server.
Thu Feb  5 03:27:04 2026: Dispatch Server: do_await_stop
Thu Feb  5 03:27:04 2026: Dispatch Server: stopping mainFifo_
Thu Feb  5 03:27:04 2026: XCD main fifo: Stopping
Thu Feb  5 03:27:04 2026: XCD main fifo: do_read error code: Operation canceled
Thu Feb  5 03:27:04 2026: XCD main fifo: bytes_transferred: 0
Thu Feb  5 03:27:04 2026: SERVER: destructor for server bound to port 33621
Thu Feb  5 03:27:04 2026: XCD main fifo: Good unlink of /tmp/xcdmain376ee595-3f59-4a4d-807c-be2ae8108285
Thu Feb  5 03:27:04 2026: Server exiting with status 0.
Thu Feb  5 03:27:04 2026: Closing log file.
