

================================================================
== Vitis HLS Report for 'top_kernel_Pipeline_VITIS_LOOP_93_8_VITIS_LOOP_94_9'
================================================================
* Date:           Sat Jan 31 19:57:57 2026

* Version:        2025.1.1 (Build 6214317 on Sep 11 2025)
* Project:        project_1
* Solution:       hls (Vivado IP Flow Target)
* Product family: zynquplus
* Target device:  xczu3eg-sbva484-1-e


================================================================
== Performance Estimates
================================================================
+ Timing: 
    * Summary: 
    +--------+----------+----------+------------+
    |  Clock |  Target  | Estimated| Uncertainty|
    +--------+----------+----------+------------+
    |ap_clk  |  10.00 ns|  7.300 ns|     2.70 ns|
    +--------+----------+----------+------------+

+ Latency: 
    * Summary: 
    +---------+---------+----------+----------+-------+-------+------------------------------------------------+
    |  Latency (cycles) |  Latency (absolute) |    Interval   |                    Pipeline                    |
    |   min   |   max   |    min   |    max   |  min  |  max  |                      Type                      |
    +---------+---------+----------+----------+-------+-------+------------------------------------------------+
    |    16388|    16388|  0.164 ms|  0.164 ms|  16386|  16386|  loop auto-rewind stp (delay=0 clock cycles(s))|
    +---------+---------+----------+----------+-------+-------+------------------------------------------------+

    + Detail: 
        * Instance: 
        N/A

        * Loop: 
        +-----------------------------------+---------+---------+----------+-----------+-----------+------+----------+
        |                                   |  Latency (cycles) | Iteration|  Initiation Interval  | Trip |          |
        |             Loop Name             |   min   |   max   |  Latency |  achieved |   target  | Count| Pipelined|
        +-----------------------------------+---------+---------+----------+-----------+-----------+------+----------+
        |- VITIS_LOOP_93_8_VITIS_LOOP_94_9  |    16386|    16386|         5|          2|          1|  8192|       yes|
        +-----------------------------------+---------+---------+----------+-----------+-----------+------+----------+

============================================================
+ Verbose Summary: Synthesis Manager
============================================================
InlineROM: 1
ExposeGlobal: 0
============================================================
+ Verbose Summary: CDFG Model
============================================================
IsTopModel: 0
ResetActiveHigh: 1
IsCombinational: 0
IsDatapathOnly: 0
HasWiredReturn: 1
HasMFsm: 2
HasVarLatency: 1
IsPipeline: 0
IsRtlPipelined: 0
IsInstanceOverlapped: 0
IsDontTouch: 0
HasImplIP: 0
IsGatedGlobalClock: 0

+ Individual pipeline summary: 
  * Pipeline-0: initiation interval (II) = 2, depth = 5


============================================================
+ Verbose Summary: Schedule
============================================================
* Number of FSM states : 5
* Pipeline : 1
  Pipeline-0 : II = 2, D = 5, States = { 1 2 3 4 5 }
* Dataflow Pipeline: 0

* FSM state transitions: 
1 --> 2 
2 --> 3 
3 --> 4 
4 --> 5 
5 --> 

* FSM state operations: 

State 1 <SV = 0> <Delay = 3.21>
ST_1 : Operation 8 [1/1] (0.00ns)   --->   "%j = alloca i32 1" [top.cpp:98]   --->   Operation 8 'alloca' 'j' <Predicate = true> <Delay = 0.00>
ST_1 : Operation 9 [1/1] (0.00ns)   --->   "%i = alloca i32 1" [top.cpp:93]   --->   Operation 9 'alloca' 'i' <Predicate = true> <Delay = 0.00>
ST_1 : Operation 10 [1/1] (0.00ns)   --->   "%indvar_flatten = alloca i32 1"   --->   Operation 10 'alloca' 'indvar_flatten' <Predicate = true> <Delay = 0.00>
ST_1 : Operation 11 [1/1] (0.00ns)   --->   "%scale_63_reload_read = read i24 @_ssdm_op_Read.ap_auto.i24, i24 %scale_63_reload"   --->   Operation 11 'read' 'scale_63_reload_read' <Predicate = true> <Delay = 0.00>
ST_1 : Operation 12 [1/1] (0.00ns)   --->   "%scale_61_reload_read = read i24 @_ssdm_op_Read.ap_auto.i24, i24 %scale_61_reload"   --->   Operation 12 'read' 'scale_61_reload_read' <Predicate = true> <Delay = 0.00>
ST_1 : Operation 13 [1/1] (0.00ns)   --->   "%scale_59_reload_read = read i24 @_ssdm_op_Read.ap_auto.i24, i24 %scale_59_reload"   --->   Operation 13 'read' 'scale_59_reload_read' <Predicate = true> <Delay = 0.00>
ST_1 : Operation 14 [1/1] (0.00ns)   --->   "%scale_57_reload_read = read i24 @_ssdm_op_Read.ap_auto.i24, i24 %scale_57_reload"   --->   Operation 14 'read' 'scale_57_reload_read' <Predicate = true> <Delay = 0.00>
ST_1 : Operation 15 [1/1] (0.00ns)   --->   "%scale_55_reload_read = read i24 @_ssdm_op_Read.ap_auto.i24, i24 %scale_55_reload"   --->   Operation 15 'read' 'scale_55_reload_read' <Predicate = true> <Delay = 0.00>
ST_1 : Operation 16 [1/1] (0.00ns)   --->   "%scale_53_reload_read = read i24 @_ssdm_op_Read.ap_auto.i24, i24 %scale_53_reload"   --->   Operation 16 'read' 'scale_53_reload_read' <Predicate = true> <Delay = 0.00>
ST_1 : Operation 17 [1/1] (0.00ns)   --->   "%scale_51_reload_read = read i24 @_ssdm_op_Read.ap_auto.i24, i24 %scale_51_reload"   --->   Operation 17 'read' 'scale_51_reload_read' <Predicate = true> <Delay = 0.00>
ST_1 : Operation 18 [1/1] (0.00ns)   --->   "%scale_49_reload_read = read i24 @_ssdm_op_Read.ap_auto.i24, i24 %scale_49_reload"   --->   Operation 18 'read' 'scale_49_reload_read' <Predicate = true> <Delay = 0.00>
ST_1 : Operation 19 [1/1] (0.00ns)   --->   "%scale_47_reload_read = read i24 @_ssdm_op_Read.ap_auto.i24, i24 %scale_47_reload"   --->   Operation 19 'read' 'scale_47_reload_read' <Predicate = true> <Delay = 0.00>
ST_1 : Operation 20 [1/1] (0.00ns)   --->   "%scale_45_reload_read = read i24 @_ssdm_op_Read.ap_auto.i24, i24 %scale_45_reload"   --->   Operation 20 'read' 'scale_45_reload_read' <Predicate = true> <Delay = 0.00>
ST_1 : Operation 21 [1/1] (0.00ns)   --->   "%scale_43_reload_read = read i24 @_ssdm_op_Read.ap_auto.i24, i24 %scale_43_reload"   --->   Operation 21 'read' 'scale_43_reload_read' <Predicate = true> <Delay = 0.00>
ST_1 : Operation 22 [1/1] (0.00ns)   --->   "%scale_41_reload_read = read i24 @_ssdm_op_Read.ap_auto.i24, i24 %scale_41_reload"   --->   Operation 22 'read' 'scale_41_reload_read' <Predicate = true> <Delay = 0.00>
ST_1 : Operation 23 [1/1] (0.00ns)   --->   "%scale_39_reload_read = read i24 @_ssdm_op_Read.ap_auto.i24, i24 %scale_39_reload"   --->   Operation 23 'read' 'scale_39_reload_read' <Predicate = true> <Delay = 0.00>
ST_1 : Operation 24 [1/1] (0.00ns)   --->   "%scale_37_reload_read = read i24 @_ssdm_op_Read.ap_auto.i24, i24 %scale_37_reload"   --->   Operation 24 'read' 'scale_37_reload_read' <Predicate = true> <Delay = 0.00>
ST_1 : Operation 25 [1/1] (0.00ns)   --->   "%scale_35_reload_read = read i24 @_ssdm_op_Read.ap_auto.i24, i24 %scale_35_reload"   --->   Operation 25 'read' 'scale_35_reload_read' <Predicate = true> <Delay = 0.00>
ST_1 : Operation 26 [1/1] (0.00ns)   --->   "%scale_33_reload_read = read i24 @_ssdm_op_Read.ap_auto.i24, i24 %scale_33_reload"   --->   Operation 26 'read' 'scale_33_reload_read' <Predicate = true> <Delay = 0.00>
ST_1 : Operation 27 [1/1] (0.00ns)   --->   "%scale_31_reload_read = read i24 @_ssdm_op_Read.ap_auto.i24, i24 %scale_31_reload"   --->   Operation 27 'read' 'scale_31_reload_read' <Predicate = true> <Delay = 0.00>
ST_1 : Operation 28 [1/1] (0.00ns)   --->   "%scale_29_reload_read = read i24 @_ssdm_op_Read.ap_auto.i24, i24 %scale_29_reload"   --->   Operation 28 'read' 'scale_29_reload_read' <Predicate = true> <Delay = 0.00>
ST_1 : Operation 29 [1/1] (0.00ns)   --->   "%scale_27_reload_read = read i24 @_ssdm_op_Read.ap_auto.i24, i24 %scale_27_reload"   --->   Operation 29 'read' 'scale_27_reload_read' <Predicate = true> <Delay = 0.00>
ST_1 : Operation 30 [1/1] (0.00ns)   --->   "%scale_25_reload_read = read i24 @_ssdm_op_Read.ap_auto.i24, i24 %scale_25_reload"   --->   Operation 30 'read' 'scale_25_reload_read' <Predicate = true> <Delay = 0.00>
ST_1 : Operation 31 [1/1] (0.00ns)   --->   "%scale_23_reload_read = read i24 @_ssdm_op_Read.ap_auto.i24, i24 %scale_23_reload"   --->   Operation 31 'read' 'scale_23_reload_read' <Predicate = true> <Delay = 0.00>
ST_1 : Operation 32 [1/1] (0.00ns)   --->   "%scale_21_reload_read = read i24 @_ssdm_op_Read.ap_auto.i24, i24 %scale_21_reload"   --->   Operation 32 'read' 'scale_21_reload_read' <Predicate = true> <Delay = 0.00>
ST_1 : Operation 33 [1/1] (0.00ns)   --->   "%scale_19_reload_read = read i24 @_ssdm_op_Read.ap_auto.i24, i24 %scale_19_reload"   --->   Operation 33 'read' 'scale_19_reload_read' <Predicate = true> <Delay = 0.00>
ST_1 : Operation 34 [1/1] (0.00ns)   --->   "%scale_17_reload_read = read i24 @_ssdm_op_Read.ap_auto.i24, i24 %scale_17_reload"   --->   Operation 34 'read' 'scale_17_reload_read' <Predicate = true> <Delay = 0.00>
ST_1 : Operation 35 [1/1] (0.00ns)   --->   "%scale_15_reload_read = read i24 @_ssdm_op_Read.ap_auto.i24, i24 %scale_15_reload"   --->   Operation 35 'read' 'scale_15_reload_read' <Predicate = true> <Delay = 0.00>
ST_1 : Operation 36 [1/1] (0.00ns)   --->   "%scale_13_reload_read = read i24 @_ssdm_op_Read.ap_auto.i24, i24 %scale_13_reload"   --->   Operation 36 'read' 'scale_13_reload_read' <Predicate = true> <Delay = 0.00>
ST_1 : Operation 37 [1/1] (0.00ns)   --->   "%scale_11_reload_read = read i24 @_ssdm_op_Read.ap_auto.i24, i24 %scale_11_reload"   --->   Operation 37 'read' 'scale_11_reload_read' <Predicate = true> <Delay = 0.00>
ST_1 : Operation 38 [1/1] (0.00ns)   --->   "%scale_9_reload_read = read i24 @_ssdm_op_Read.ap_auto.i24, i24 %scale_9_reload"   --->   Operation 38 'read' 'scale_9_reload_read' <Predicate = true> <Delay = 0.00>
ST_1 : Operation 39 [1/1] (0.00ns)   --->   "%scale_7_reload_read = read i24 @_ssdm_op_Read.ap_auto.i24, i24 %scale_7_reload"   --->   Operation 39 'read' 'scale_7_reload_read' <Predicate = true> <Delay = 0.00>
ST_1 : Operation 40 [1/1] (0.00ns)   --->   "%scale_5_reload_read = read i24 @_ssdm_op_Read.ap_auto.i24, i24 %scale_5_reload"   --->   Operation 40 'read' 'scale_5_reload_read' <Predicate = true> <Delay = 0.00>
ST_1 : Operation 41 [1/1] (0.00ns)   --->   "%scale_3_reload_read = read i24 @_ssdm_op_Read.ap_auto.i24, i24 %scale_3_reload"   --->   Operation 41 'read' 'scale_3_reload_read' <Predicate = true> <Delay = 0.00>
ST_1 : Operation 42 [1/1] (0.00ns)   --->   "%scale_1_reload_read = read i24 @_ssdm_op_Read.ap_auto.i24, i24 %scale_1_reload"   --->   Operation 42 'read' 'scale_1_reload_read' <Predicate = true> <Delay = 0.00>
ST_1 : Operation 43 [1/1] (0.00ns)   --->   "%scale_62_reload_read = read i24 @_ssdm_op_Read.ap_auto.i24, i24 %scale_62_reload"   --->   Operation 43 'read' 'scale_62_reload_read' <Predicate = true> <Delay = 0.00>
ST_1 : Operation 44 [1/1] (0.00ns)   --->   "%scale_60_reload_read = read i24 @_ssdm_op_Read.ap_auto.i24, i24 %scale_60_reload"   --->   Operation 44 'read' 'scale_60_reload_read' <Predicate = true> <Delay = 0.00>
ST_1 : Operation 45 [1/1] (0.00ns)   --->   "%scale_58_reload_read = read i24 @_ssdm_op_Read.ap_auto.i24, i24 %scale_58_reload"   --->   Operation 45 'read' 'scale_58_reload_read' <Predicate = true> <Delay = 0.00>
ST_1 : Operation 46 [1/1] (0.00ns)   --->   "%scale_56_reload_read = read i24 @_ssdm_op_Read.ap_auto.i24, i24 %scale_56_reload"   --->   Operation 46 'read' 'scale_56_reload_read' <Predicate = true> <Delay = 0.00>
ST_1 : Operation 47 [1/1] (0.00ns)   --->   "%scale_54_reload_read = read i24 @_ssdm_op_Read.ap_auto.i24, i24 %scale_54_reload"   --->   Operation 47 'read' 'scale_54_reload_read' <Predicate = true> <Delay = 0.00>
ST_1 : Operation 48 [1/1] (0.00ns)   --->   "%scale_52_reload_read = read i24 @_ssdm_op_Read.ap_auto.i24, i24 %scale_52_reload"   --->   Operation 48 'read' 'scale_52_reload_read' <Predicate = true> <Delay = 0.00>
ST_1 : Operation 49 [1/1] (0.00ns)   --->   "%scale_50_reload_read = read i24 @_ssdm_op_Read.ap_auto.i24, i24 %scale_50_reload"   --->   Operation 49 'read' 'scale_50_reload_read' <Predicate = true> <Delay = 0.00>
ST_1 : Operation 50 [1/1] (0.00ns)   --->   "%scale_48_reload_read = read i24 @_ssdm_op_Read.ap_auto.i24, i24 %scale_48_reload"   --->   Operation 50 'read' 'scale_48_reload_read' <Predicate = true> <Delay = 0.00>
ST_1 : Operation 51 [1/1] (0.00ns)   --->   "%scale_46_reload_read = read i24 @_ssdm_op_Read.ap_auto.i24, i24 %scale_46_reload"   --->   Operation 51 'read' 'scale_46_reload_read' <Predicate = true> <Delay = 0.00>
ST_1 : Operation 52 [1/1] (0.00ns)   --->   "%scale_44_reload_read = read i24 @_ssdm_op_Read.ap_auto.i24, i24 %scale_44_reload"   --->   Operation 52 'read' 'scale_44_reload_read' <Predicate = true> <Delay = 0.00>
ST_1 : Operation 53 [1/1] (0.00ns)   --->   "%scale_42_reload_read = read i24 @_ssdm_op_Read.ap_auto.i24, i24 %scale_42_reload"   --->   Operation 53 'read' 'scale_42_reload_read' <Predicate = true> <Delay = 0.00>
ST_1 : Operation 54 [1/1] (0.00ns)   --->   "%scale_40_reload_read = read i24 @_ssdm_op_Read.ap_auto.i24, i24 %scale_40_reload"   --->   Operation 54 'read' 'scale_40_reload_read' <Predicate = true> <Delay = 0.00>
ST_1 : Operation 55 [1/1] (0.00ns)   --->   "%scale_38_reload_read = read i24 @_ssdm_op_Read.ap_auto.i24, i24 %scale_38_reload"   --->   Operation 55 'read' 'scale_38_reload_read' <Predicate = true> <Delay = 0.00>
ST_1 : Operation 56 [1/1] (0.00ns)   --->   "%scale_36_reload_read = read i24 @_ssdm_op_Read.ap_auto.i24, i24 %scale_36_reload"   --->   Operation 56 'read' 'scale_36_reload_read' <Predicate = true> <Delay = 0.00>
ST_1 : Operation 57 [1/1] (0.00ns)   --->   "%scale_34_reload_read = read i24 @_ssdm_op_Read.ap_auto.i24, i24 %scale_34_reload"   --->   Operation 57 'read' 'scale_34_reload_read' <Predicate = true> <Delay = 0.00>
ST_1 : Operation 58 [1/1] (0.00ns)   --->   "%scale_32_reload_read = read i24 @_ssdm_op_Read.ap_auto.i24, i24 %scale_32_reload"   --->   Operation 58 'read' 'scale_32_reload_read' <Predicate = true> <Delay = 0.00>
ST_1 : Operation 59 [1/1] (0.00ns)   --->   "%scale_30_reload_read = read i24 @_ssdm_op_Read.ap_auto.i24, i24 %scale_30_reload"   --->   Operation 59 'read' 'scale_30_reload_read' <Predicate = true> <Delay = 0.00>
ST_1 : Operation 60 [1/1] (0.00ns)   --->   "%scale_28_reload_read = read i24 @_ssdm_op_Read.ap_auto.i24, i24 %scale_28_reload"   --->   Operation 60 'read' 'scale_28_reload_read' <Predicate = true> <Delay = 0.00>
ST_1 : Operation 61 [1/1] (0.00ns)   --->   "%scale_26_reload_read = read i24 @_ssdm_op_Read.ap_auto.i24, i24 %scale_26_reload"   --->   Operation 61 'read' 'scale_26_reload_read' <Predicate = true> <Delay = 0.00>
ST_1 : Operation 62 [1/1] (0.00ns)   --->   "%scale_24_reload_read = read i24 @_ssdm_op_Read.ap_auto.i24, i24 %scale_24_reload"   --->   Operation 62 'read' 'scale_24_reload_read' <Predicate = true> <Delay = 0.00>
ST_1 : Operation 63 [1/1] (0.00ns)   --->   "%scale_22_reload_read = read i24 @_ssdm_op_Read.ap_auto.i24, i24 %scale_22_reload"   --->   Operation 63 'read' 'scale_22_reload_read' <Predicate = true> <Delay = 0.00>
ST_1 : Operation 64 [1/1] (0.00ns)   --->   "%scale_20_reload_read = read i24 @_ssdm_op_Read.ap_auto.i24, i24 %scale_20_reload"   --->   Operation 64 'read' 'scale_20_reload_read' <Predicate = true> <Delay = 0.00>
ST_1 : Operation 65 [1/1] (0.00ns)   --->   "%scale_18_reload_read = read i24 @_ssdm_op_Read.ap_auto.i24, i24 %scale_18_reload"   --->   Operation 65 'read' 'scale_18_reload_read' <Predicate = true> <Delay = 0.00>
ST_1 : Operation 66 [1/1] (0.00ns)   --->   "%scale_16_reload_read = read i24 @_ssdm_op_Read.ap_auto.i24, i24 %scale_16_reload"   --->   Operation 66 'read' 'scale_16_reload_read' <Predicate = true> <Delay = 0.00>
ST_1 : Operation 67 [1/1] (0.00ns)   --->   "%scale_14_reload_read = read i24 @_ssdm_op_Read.ap_auto.i24, i24 %scale_14_reload"   --->   Operation 67 'read' 'scale_14_reload_read' <Predicate = true> <Delay = 0.00>
ST_1 : Operation 68 [1/1] (0.00ns)   --->   "%scale_12_reload_read = read i24 @_ssdm_op_Read.ap_auto.i24, i24 %scale_12_reload"   --->   Operation 68 'read' 'scale_12_reload_read' <Predicate = true> <Delay = 0.00>
ST_1 : Operation 69 [1/1] (0.00ns)   --->   "%scale_10_reload_read = read i24 @_ssdm_op_Read.ap_auto.i24, i24 %scale_10_reload"   --->   Operation 69 'read' 'scale_10_reload_read' <Predicate = true> <Delay = 0.00>
ST_1 : Operation 70 [1/1] (0.00ns)   --->   "%scale_8_reload_read = read i24 @_ssdm_op_Read.ap_auto.i24, i24 %scale_8_reload"   --->   Operation 70 'read' 'scale_8_reload_read' <Predicate = true> <Delay = 0.00>
ST_1 : Operation 71 [1/1] (0.00ns)   --->   "%scale_6_reload_read = read i24 @_ssdm_op_Read.ap_auto.i24, i24 %scale_6_reload"   --->   Operation 71 'read' 'scale_6_reload_read' <Predicate = true> <Delay = 0.00>
ST_1 : Operation 72 [1/1] (0.00ns)   --->   "%scale_4_reload_read = read i24 @_ssdm_op_Read.ap_auto.i24, i24 %scale_4_reload"   --->   Operation 72 'read' 'scale_4_reload_read' <Predicate = true> <Delay = 0.00>
ST_1 : Operation 73 [1/1] (0.00ns)   --->   "%scale_2_reload_read = read i24 @_ssdm_op_Read.ap_auto.i24, i24 %scale_2_reload"   --->   Operation 73 'read' 'scale_2_reload_read' <Predicate = true> <Delay = 0.00>
ST_1 : Operation 74 [1/1] (0.00ns)   --->   "%scale_reload_read = read i24 @_ssdm_op_Read.ap_auto.i24, i24 %scale_reload"   --->   Operation 74 'read' 'scale_reload_read' <Predicate = true> <Delay = 0.00>
ST_1 : Operation 75 [1/1] (0.00ns)   --->   "%sext_ln93_read = read i62 @_ssdm_op_Read.ap_auto.i62, i62 %sext_ln93"   --->   Operation 75 'read' 'sext_ln93_read' <Predicate = true> <Delay = 0.00>
ST_1 : Operation 76 [1/1] (0.00ns)   --->   "%sext_ln93_cast = sext i62 %sext_ln93_read"   --->   Operation 76 'sext' 'sext_ln93_cast' <Predicate = true> <Delay = 0.00>
ST_1 : Operation 77 [1/1] (0.00ns)   --->   "%specmemcore_ln0 = specmemcore void @_ssdm_op_SpecMemCore, i24 %top_kernel_ap_fixed_64_ap_fixed_24_10_0_0_0_64_tmp_7, i64 666, i64 30, i64 18446744073709551615"   --->   Operation 77 'specmemcore' 'specmemcore_ln0' <Predicate = true> <Delay = 0.00>
ST_1 : Operation 78 [1/1] (0.00ns)   --->   "%specmemcore_ln0 = specmemcore void @_ssdm_op_SpecMemCore, i24 %top_kernel_ap_fixed_64_ap_fixed_24_10_0_0_0_64_tmp_6, i64 666, i64 30, i64 18446744073709551615"   --->   Operation 78 'specmemcore' 'specmemcore_ln0' <Predicate = true> <Delay = 0.00>
ST_1 : Operation 79 [1/1] (0.00ns)   --->   "%specmemcore_ln0 = specmemcore void @_ssdm_op_SpecMemCore, i24 %top_kernel_ap_fixed_64_ap_fixed_24_10_0_0_0_64_tmp_5, i64 666, i64 30, i64 18446744073709551615"   --->   Operation 79 'specmemcore' 'specmemcore_ln0' <Predicate = true> <Delay = 0.00>
ST_1 : Operation 80 [1/1] (0.00ns)   --->   "%specmemcore_ln0 = specmemcore void @_ssdm_op_SpecMemCore, i24 %top_kernel_ap_fixed_64_ap_fixed_24_10_0_0_0_64_tmp_4, i64 666, i64 30, i64 18446744073709551615"   --->   Operation 80 'specmemcore' 'specmemcore_ln0' <Predicate = true> <Delay = 0.00>
ST_1 : Operation 81 [1/1] (0.00ns)   --->   "%specmemcore_ln0 = specmemcore void @_ssdm_op_SpecMemCore, i24 %top_kernel_ap_fixed_64_ap_fixed_24_10_0_0_0_64_tmp_3, i64 666, i64 30, i64 18446744073709551615"   --->   Operation 81 'specmemcore' 'specmemcore_ln0' <Predicate = true> <Delay = 0.00>
ST_1 : Operation 82 [1/1] (0.00ns)   --->   "%specmemcore_ln0 = specmemcore void @_ssdm_op_SpecMemCore, i24 %top_kernel_ap_fixed_64_ap_fixed_24_10_0_0_0_64_tmp_2, i64 666, i64 30, i64 18446744073709551615"   --->   Operation 82 'specmemcore' 'specmemcore_ln0' <Predicate = true> <Delay = 0.00>
ST_1 : Operation 83 [1/1] (0.00ns)   --->   "%specmemcore_ln0 = specmemcore void @_ssdm_op_SpecMemCore, i24 %top_kernel_ap_fixed_64_ap_fixed_24_10_0_0_0_64_tmp_1, i64 666, i64 30, i64 18446744073709551615"   --->   Operation 83 'specmemcore' 'specmemcore_ln0' <Predicate = true> <Delay = 0.00>
ST_1 : Operation 84 [1/1] (0.00ns)   --->   "%specmemcore_ln0 = specmemcore void @_ssdm_op_SpecMemCore, i24 %top_kernel_ap_fixed_64_ap_fixed_24_10_0_0_0_64_tmp, i64 666, i64 30, i64 18446744073709551615"   --->   Operation 84 'specmemcore' 'specmemcore_ln0' <Predicate = true> <Delay = 0.00>
ST_1 : Operation 85 [1/1] (0.00ns)   --->   "%specinterface_ln0 = specinterface void @_ssdm_op_SpecInterface, i32 %C, void @empty_9, i32 0, i32 0, void @empty_10, i32 0, i32 0, void @empty_2, void @empty_14, void @empty_10, i32 16, i32 16, i32 16, i32 16, void @empty_10, void @empty_10, i32 4294967295, i32 0, i32 0"   --->   Operation 85 'specinterface' 'specinterface_ln0' <Predicate = true> <Delay = 0.00>
ST_1 : Operation 86 [1/1] (0.48ns)   --->   "%store_ln0 = store i14 0, i14 %indvar_flatten"   --->   Operation 86 'store' 'store_ln0' <Predicate = true> <Delay = 0.48>
ST_1 : Operation 87 [1/1] (0.48ns)   --->   "%store_ln93 = store i9 0, i9 %i" [top.cpp:93]   --->   Operation 87 'store' 'store_ln93' <Predicate = true> <Delay = 0.48>
ST_1 : Operation 88 [1/1] (0.48ns)   --->   "%store_ln98 = store i7 0, i7 %j" [top.cpp:98]   --->   Operation 88 'store' 'store_ln98' <Predicate = true> <Delay = 0.48>
ST_1 : Operation 89 [1/1] (0.00ns)   --->   "%br_ln0 = br void %VITIS_LOOP_96_10"   --->   Operation 89 'br' 'br_ln0' <Predicate = true> <Delay = 0.00>
ST_1 : Operation 90 [1/1] (0.00ns)   --->   "%indvar_flatten_load = load i14 %indvar_flatten" [top.cpp:93]   --->   Operation 90 'load' 'indvar_flatten_load' <Predicate = true> <Delay = 0.00>
ST_1 : Operation 91 [1/1] (0.00ns)   --->   "%specbitsmap_ln0 = specbitsmap void @_ssdm_op_SpecBitsMap, i32 %C"   --->   Operation 91 'specbitsmap' 'specbitsmap_ln0' <Predicate = true> <Delay = 0.00>
ST_1 : Operation 92 [1/1] (0.98ns)   --->   "%icmp_ln93 = icmp_eq  i14 %indvar_flatten_load, i14 8192" [top.cpp:93]   --->   Operation 92 'icmp' 'icmp_ln93' <Predicate = true> <Delay = 0.98> <CoreInst = "Cmp">   --->   Core 9 'Cmp' <Latency = 0> <II = 1> <Delay = 0.98> <FuncUnit> <Opcode : 'seteq' 'setne' 'setle' 'setge' 'setlt' 'setgt'> <InPorts = 2> <OutPorts = 1>
ST_1 : Operation 93 [1/1] (0.98ns)   --->   "%add_ln93_1 = add i14 %indvar_flatten_load, i14 1" [top.cpp:93]   --->   Operation 93 'add' 'add_ln93_1' <Predicate = true> <Delay = 0.98> <CoreInst = "Adder">   --->   Core 1 'Adder' <Latency = 0> <II = 1> <Delay = 0.98> <FuncUnit> <Opcode : 'add' 'sub'> <InPorts = 2> <OutPorts = 1>
ST_1 : Operation 94 [1/1] (0.00ns)   --->   "%br_ln93 = br i1 %icmp_ln93, void %for.inc109, void %for.end111.exitStub" [top.cpp:93]   --->   Operation 94 'br' 'br_ln93' <Predicate = true> <Delay = 0.00>
ST_1 : Operation 95 [1/1] (0.00ns)   --->   "%j_load = load i7 %j"   --->   Operation 95 'load' 'j_load' <Predicate = (!icmp_ln93)> <Delay = 0.00>
ST_1 : Operation 96 [1/1] (0.00ns)   --->   "%i_load = load i9 %i" [top.cpp:93]   --->   Operation 96 'load' 'i_load' <Predicate = (!icmp_ln93)> <Delay = 0.00>
ST_1 : Operation 97 [1/1] (0.00ns)   --->   "%empty = trunc i7 %j_load"   --->   Operation 97 'trunc' 'empty' <Predicate = (!icmp_ln93)> <Delay = 0.00>
ST_1 : Operation 98 [1/1] (0.92ns)   --->   "%add_ln93 = add i9 %i_load, i9 1" [top.cpp:93]   --->   Operation 98 'add' 'add_ln93' <Predicate = (!icmp_ln93)> <Delay = 0.92> <CoreInst = "Adder">   --->   Core 1 'Adder' <Latency = 0> <II = 1> <Delay = 0.92> <FuncUnit> <Opcode : 'add' 'sub'> <InPorts = 2> <OutPorts = 1>
ST_1 : Operation 99 [1/1] (0.00ns)   --->   "%tmp = bitselect i1 @_ssdm_op_BitSelect.i1.i7.i32, i7 %j_load, i32 6" [top.cpp:94]   --->   Operation 99 'bitselect' 'tmp' <Predicate = (!icmp_ln93)> <Delay = 0.00>
ST_1 : Operation 100 [1/1] (0.44ns)   --->   "%select_ln94 = select i1 %tmp, i6 0, i6 %empty" [top.cpp:94]   --->   Operation 100 'select' 'select_ln94' <Predicate = (!icmp_ln93)> <Delay = 0.44> <CoreInst = "Sel">   --->   Core 73 'Sel' <Latency = 0> <II = 1> <Delay = 0.44> <FuncUnit> <Opcode : 'select'> <InPorts = 3> <OutPorts = 1>
ST_1 : Operation 101 [1/1] (0.00ns)   --->   "%zext_ln93 = zext i6 %select_ln94" [top.cpp:93]   --->   Operation 101 'zext' 'zext_ln93' <Predicate = (!icmp_ln93)> <Delay = 0.00>
ST_1 : Operation 102 [1/1] (0.45ns)   --->   "%select_ln93 = select i1 %tmp, i9 %add_ln93, i9 %i_load" [top.cpp:93]   --->   Operation 102 'select' 'select_ln93' <Predicate = (!icmp_ln93)> <Delay = 0.45> <CoreInst = "Sel">   --->   Core 73 'Sel' <Latency = 0> <II = 1> <Delay = 0.45> <FuncUnit> <Opcode : 'select'> <InPorts = 3> <OutPorts = 1>
ST_1 : Operation 103 [1/1] (0.00ns)   --->   "%trunc_ln94 = trunc i9 %select_ln93" [top.cpp:94]   --->   Operation 103 'trunc' 'trunc_ln94' <Predicate = (!icmp_ln93)> <Delay = 0.00>
ST_1 : Operation 104 [1/1] (0.00ns)   --->   "%trunc_ln94_1 = trunc i6 %select_ln94" [top.cpp:94]   --->   Operation 104 'trunc' 'trunc_ln94_1' <Predicate = (!icmp_ln93)> <Delay = 0.00>
ST_1 : Operation 105 [1/1] (0.00ns)   --->   "%lshr_ln1 = partselect i3 @_ssdm_op_PartSelect.i3.i6.i32.i32, i6 %select_ln94, i32 3, i32 5" [top.cpp:94]   --->   Operation 105 'partselect' 'lshr_ln1' <Predicate = (!icmp_ln93)> <Delay = 0.00>
ST_1 : Operation 106 [1/1] (0.00ns)   --->   "%tmp_s = bitconcatenate i11 @_ssdm_op_BitConcatenate.i11.i8.i3, i8 %trunc_ln94, i3 %lshr_ln1" [top.cpp:99]   --->   Operation 106 'bitconcatenate' 'tmp_s' <Predicate = (!icmp_ln93)> <Delay = 0.00>
ST_1 : Operation 107 [1/1] (0.00ns)   --->   "%zext_ln99_4 = zext i11 %tmp_s" [top.cpp:99]   --->   Operation 107 'zext' 'zext_ln99_4' <Predicate = (!icmp_ln93)> <Delay = 0.00>
ST_1 : Operation 108 [1/1] (0.00ns)   --->   "%top_kernel_ap_fixed_64_ap_fixed_24_10_0_0_0_64_tmp_7_addr = getelementptr i24 %top_kernel_ap_fixed_64_ap_fixed_24_10_0_0_0_64_tmp_7, i64 0, i64 %zext_ln99_4" [top.cpp:99]   --->   Operation 108 'getelementptr' 'top_kernel_ap_fixed_64_ap_fixed_24_10_0_0_0_64_tmp_7_addr' <Predicate = (!icmp_ln93)> <Delay = 0.00>
ST_1 : Operation 109 [1/1] (0.00ns)   --->   "%top_kernel_ap_fixed_64_ap_fixed_24_10_0_0_0_64_tmp_6_addr = getelementptr i24 %top_kernel_ap_fixed_64_ap_fixed_24_10_0_0_0_64_tmp_6, i64 0, i64 %zext_ln99_4" [top.cpp:99]   --->   Operation 109 'getelementptr' 'top_kernel_ap_fixed_64_ap_fixed_24_10_0_0_0_64_tmp_6_addr' <Predicate = (!icmp_ln93)> <Delay = 0.00>
ST_1 : Operation 110 [1/1] (0.00ns)   --->   "%top_kernel_ap_fixed_64_ap_fixed_24_10_0_0_0_64_tmp_5_addr = getelementptr i24 %top_kernel_ap_fixed_64_ap_fixed_24_10_0_0_0_64_tmp_5, i64 0, i64 %zext_ln99_4" [top.cpp:99]   --->   Operation 110 'getelementptr' 'top_kernel_ap_fixed_64_ap_fixed_24_10_0_0_0_64_tmp_5_addr' <Predicate = (!icmp_ln93)> <Delay = 0.00>
ST_1 : Operation 111 [1/1] (0.00ns)   --->   "%top_kernel_ap_fixed_64_ap_fixed_24_10_0_0_0_64_tmp_4_addr = getelementptr i24 %top_kernel_ap_fixed_64_ap_fixed_24_10_0_0_0_64_tmp_4, i64 0, i64 %zext_ln99_4" [top.cpp:99]   --->   Operation 111 'getelementptr' 'top_kernel_ap_fixed_64_ap_fixed_24_10_0_0_0_64_tmp_4_addr' <Predicate = (!icmp_ln93)> <Delay = 0.00>
ST_1 : Operation 112 [1/1] (0.00ns)   --->   "%top_kernel_ap_fixed_64_ap_fixed_24_10_0_0_0_64_tmp_3_addr = getelementptr i24 %top_kernel_ap_fixed_64_ap_fixed_24_10_0_0_0_64_tmp_3, i64 0, i64 %zext_ln99_4" [top.cpp:99]   --->   Operation 112 'getelementptr' 'top_kernel_ap_fixed_64_ap_fixed_24_10_0_0_0_64_tmp_3_addr' <Predicate = (!icmp_ln93)> <Delay = 0.00>
ST_1 : Operation 113 [1/1] (0.00ns)   --->   "%top_kernel_ap_fixed_64_ap_fixed_24_10_0_0_0_64_tmp_2_addr = getelementptr i24 %top_kernel_ap_fixed_64_ap_fixed_24_10_0_0_0_64_tmp_2, i64 0, i64 %zext_ln99_4" [top.cpp:99]   --->   Operation 113 'getelementptr' 'top_kernel_ap_fixed_64_ap_fixed_24_10_0_0_0_64_tmp_2_addr' <Predicate = (!icmp_ln93)> <Delay = 0.00>
ST_1 : Operation 114 [1/1] (0.00ns)   --->   "%top_kernel_ap_fixed_64_ap_fixed_24_10_0_0_0_64_tmp_1_addr = getelementptr i24 %top_kernel_ap_fixed_64_ap_fixed_24_10_0_0_0_64_tmp_1, i64 0, i64 %zext_ln99_4" [top.cpp:99]   --->   Operation 114 'getelementptr' 'top_kernel_ap_fixed_64_ap_fixed_24_10_0_0_0_64_tmp_1_addr' <Predicate = (!icmp_ln93)> <Delay = 0.00>
ST_1 : Operation 115 [1/1] (0.00ns)   --->   "%top_kernel_ap_fixed_64_ap_fixed_24_10_0_0_0_64_tmp_addr = getelementptr i24 %top_kernel_ap_fixed_64_ap_fixed_24_10_0_0_0_64_tmp, i64 0, i64 %zext_ln99_4" [top.cpp:99]   --->   Operation 115 'getelementptr' 'top_kernel_ap_fixed_64_ap_fixed_24_10_0_0_0_64_tmp_addr' <Predicate = (!icmp_ln93)> <Delay = 0.00>
ST_1 : Operation 116 [2/2] (1.35ns)   --->   "%top_kernel_ap_fixed_64_ap_fixed_24_10_0_0_0_64_tmp_7_load = load i11 %top_kernel_ap_fixed_64_ap_fixed_24_10_0_0_0_64_tmp_7_addr" [top.cpp:99]   --->   Operation 116 'load' 'top_kernel_ap_fixed_64_ap_fixed_24_10_0_0_0_64_tmp_7_load' <Predicate = (!icmp_ln93)> <Delay = 1.35> <CoreInst = "RAM_T2P_BRAM">   --->   Core 98 'RAM_T2P_BRAM' <Latency = 1> <II = 1> <Delay = 1.35> <Storage> <Opcode : 'load' 'store'> <Ports = 2> <Width = 24> <Depth = 2048> <RAM>
ST_1 : Operation 117 [2/2] (1.35ns)   --->   "%top_kernel_ap_fixed_64_ap_fixed_24_10_0_0_0_64_tmp_5_load = load i11 %top_kernel_ap_fixed_64_ap_fixed_24_10_0_0_0_64_tmp_5_addr" [top.cpp:99]   --->   Operation 117 'load' 'top_kernel_ap_fixed_64_ap_fixed_24_10_0_0_0_64_tmp_5_load' <Predicate = (!icmp_ln93)> <Delay = 1.35> <CoreInst = "RAM_T2P_BRAM">   --->   Core 98 'RAM_T2P_BRAM' <Latency = 1> <II = 1> <Delay = 1.35> <Storage> <Opcode : 'load' 'store'> <Ports = 2> <Width = 24> <Depth = 2048> <RAM>
ST_1 : Operation 118 [2/2] (1.35ns)   --->   "%top_kernel_ap_fixed_64_ap_fixed_24_10_0_0_0_64_tmp_3_load = load i11 %top_kernel_ap_fixed_64_ap_fixed_24_10_0_0_0_64_tmp_3_addr" [top.cpp:99]   --->   Operation 118 'load' 'top_kernel_ap_fixed_64_ap_fixed_24_10_0_0_0_64_tmp_3_load' <Predicate = (!icmp_ln93)> <Delay = 1.35> <CoreInst = "RAM_T2P_BRAM">   --->   Core 98 'RAM_T2P_BRAM' <Latency = 1> <II = 1> <Delay = 1.35> <Storage> <Opcode : 'load' 'store'> <Ports = 2> <Width = 24> <Depth = 2048> <RAM>
ST_1 : Operation 119 [2/2] (1.35ns)   --->   "%top_kernel_ap_fixed_64_ap_fixed_24_10_0_0_0_64_tmp_1_load = load i11 %top_kernel_ap_fixed_64_ap_fixed_24_10_0_0_0_64_tmp_1_addr" [top.cpp:99]   --->   Operation 119 'load' 'top_kernel_ap_fixed_64_ap_fixed_24_10_0_0_0_64_tmp_1_load' <Predicate = (!icmp_ln93)> <Delay = 1.35> <CoreInst = "RAM_T2P_BRAM">   --->   Core 98 'RAM_T2P_BRAM' <Latency = 1> <II = 1> <Delay = 1.35> <Storage> <Opcode : 'load' 'store'> <Ports = 2> <Width = 24> <Depth = 2048> <RAM>
ST_1 : Operation 120 [1/1] (0.93ns)   --->   "%tmp_2 = sparsemux i24 @_ssdm_op_SparseMux.ap_auto.32i24.i24.i6, i6 0, i24 %scale_reload_read, i6 2, i24 %scale_2_reload_read, i6 4, i24 %scale_4_reload_read, i6 6, i24 %scale_6_reload_read, i6 8, i24 %scale_8_reload_read, i6 10, i24 %scale_10_reload_read, i6 12, i24 %scale_12_reload_read, i6 14, i24 %scale_14_reload_read, i6 16, i24 %scale_16_reload_read, i6 18, i24 %scale_18_reload_read, i6 20, i24 %scale_20_reload_read, i6 22, i24 %scale_22_reload_read, i6 24, i24 %scale_24_reload_read, i6 26, i24 %scale_26_reload_read, i6 28, i24 %scale_28_reload_read, i6 30, i24 %scale_30_reload_read, i6 32, i24 %scale_32_reload_read, i6 34, i24 %scale_34_reload_read, i6 36, i24 %scale_36_reload_read, i6 38, i24 %scale_38_reload_read, i6 40, i24 %scale_40_reload_read, i6 42, i24 %scale_42_reload_read, i6 44, i24 %scale_44_reload_read, i6 46, i24 %scale_46_reload_read, i6 48, i24 %scale_48_reload_read, i6 50, i24 %scale_50_reload_read, i6 52, i24 %scale_52_reload_read, i6 54, i24 %scale_54_reload_read, i6 56, i24 %scale_56_reload_read, i6 58, i24 %scale_58_reload_read, i6 60, i24 %scale_60_reload_read, i6 62, i24 %scale_62_reload_read, i24 0, i6 %select_ln94" [top.cpp:99]   --->   Operation 120 'sparsemux' 'tmp_2' <Predicate = (!icmp_ln93)> <Delay = 0.93> <CoreInst = "BinarySparseMux_DontCare">   --->   Core 149 'BinarySparseMux_DontCare' <Latency = 0> <II = 1> <Delay = 0.93> <FuncUnit> <Opcode : 'sparsemux'> <InPorts = 2> <OutPorts = 1>
ST_1 : Operation 121 [2/2] (1.35ns)   --->   "%top_kernel_ap_fixed_64_ap_fixed_24_10_0_0_0_64_tmp_6_load = load i11 %top_kernel_ap_fixed_64_ap_fixed_24_10_0_0_0_64_tmp_6_addr" [top.cpp:99]   --->   Operation 121 'load' 'top_kernel_ap_fixed_64_ap_fixed_24_10_0_0_0_64_tmp_6_load' <Predicate = (!icmp_ln93)> <Delay = 1.35> <CoreInst = "RAM_T2P_BRAM">   --->   Core 98 'RAM_T2P_BRAM' <Latency = 1> <II = 1> <Delay = 1.35> <Storage> <Opcode : 'load' 'store'> <Ports = 2> <Width = 24> <Depth = 2048> <RAM>
ST_1 : Operation 122 [2/2] (1.35ns)   --->   "%top_kernel_ap_fixed_64_ap_fixed_24_10_0_0_0_64_tmp_4_load = load i11 %top_kernel_ap_fixed_64_ap_fixed_24_10_0_0_0_64_tmp_4_addr" [top.cpp:99]   --->   Operation 122 'load' 'top_kernel_ap_fixed_64_ap_fixed_24_10_0_0_0_64_tmp_4_load' <Predicate = (!icmp_ln93)> <Delay = 1.35> <CoreInst = "RAM_T2P_BRAM">   --->   Core 98 'RAM_T2P_BRAM' <Latency = 1> <II = 1> <Delay = 1.35> <Storage> <Opcode : 'load' 'store'> <Ports = 2> <Width = 24> <Depth = 2048> <RAM>
ST_1 : Operation 123 [2/2] (1.35ns)   --->   "%top_kernel_ap_fixed_64_ap_fixed_24_10_0_0_0_64_tmp_2_load = load i11 %top_kernel_ap_fixed_64_ap_fixed_24_10_0_0_0_64_tmp_2_addr" [top.cpp:99]   --->   Operation 123 'load' 'top_kernel_ap_fixed_64_ap_fixed_24_10_0_0_0_64_tmp_2_load' <Predicate = (!icmp_ln93)> <Delay = 1.35> <CoreInst = "RAM_T2P_BRAM">   --->   Core 98 'RAM_T2P_BRAM' <Latency = 1> <II = 1> <Delay = 1.35> <Storage> <Opcode : 'load' 'store'> <Ports = 2> <Width = 24> <Depth = 2048> <RAM>
ST_1 : Operation 124 [2/2] (1.35ns)   --->   "%top_kernel_ap_fixed_64_ap_fixed_24_10_0_0_0_64_tmp_load = load i11 %top_kernel_ap_fixed_64_ap_fixed_24_10_0_0_0_64_tmp_addr" [top.cpp:99]   --->   Operation 124 'load' 'top_kernel_ap_fixed_64_ap_fixed_24_10_0_0_0_64_tmp_load' <Predicate = (!icmp_ln93)> <Delay = 1.35> <CoreInst = "RAM_T2P_BRAM">   --->   Core 98 'RAM_T2P_BRAM' <Latency = 1> <II = 1> <Delay = 1.35> <Storage> <Opcode : 'load' 'store'> <Ports = 2> <Width = 24> <Depth = 2048> <RAM>
ST_1 : Operation 125 [1/1] (0.93ns)   --->   "%tmp_11 = sparsemux i24 @_ssdm_op_SparseMux.ap_auto.32i24.i24.i6, i6 0, i24 %scale_1_reload_read, i6 2, i24 %scale_3_reload_read, i6 4, i24 %scale_5_reload_read, i6 6, i24 %scale_7_reload_read, i6 8, i24 %scale_9_reload_read, i6 10, i24 %scale_11_reload_read, i6 12, i24 %scale_13_reload_read, i6 14, i24 %scale_15_reload_read, i6 16, i24 %scale_17_reload_read, i6 18, i24 %scale_19_reload_read, i6 20, i24 %scale_21_reload_read, i6 22, i24 %scale_23_reload_read, i6 24, i24 %scale_25_reload_read, i6 26, i24 %scale_27_reload_read, i6 28, i24 %scale_29_reload_read, i6 30, i24 %scale_31_reload_read, i6 32, i24 %scale_33_reload_read, i6 34, i24 %scale_35_reload_read, i6 36, i24 %scale_37_reload_read, i6 38, i24 %scale_39_reload_read, i6 40, i24 %scale_41_reload_read, i6 42, i24 %scale_43_reload_read, i6 44, i24 %scale_45_reload_read, i6 46, i24 %scale_47_reload_read, i6 48, i24 %scale_49_reload_read, i6 50, i24 %scale_51_reload_read, i6 52, i24 %scale_53_reload_read, i6 54, i24 %scale_55_reload_read, i6 56, i24 %scale_57_reload_read, i6 58, i24 %scale_59_reload_read, i6 60, i24 %scale_61_reload_read, i6 62, i24 %scale_63_reload_read, i24 0, i6 %select_ln94" [top.cpp:99]   --->   Operation 125 'sparsemux' 'tmp_11' <Predicate = (!icmp_ln93)> <Delay = 0.93> <CoreInst = "BinarySparseMux_DontCare">   --->   Core 149 'BinarySparseMux_DontCare' <Latency = 0> <II = 1> <Delay = 0.93> <FuncUnit> <Opcode : 'sparsemux'> <InPorts = 2> <OutPorts = 1>
ST_1 : Operation 126 [1/1] (0.88ns)   --->   "%add_ln94 = add i7 %zext_ln93, i7 2" [top.cpp:94]   --->   Operation 126 'add' 'add_ln94' <Predicate = (!icmp_ln93)> <Delay = 0.88> <CoreInst = "Adder">   --->   Core 1 'Adder' <Latency = 0> <II = 1> <Delay = 0.88> <FuncUnit> <Opcode : 'add' 'sub'> <InPorts = 2> <OutPorts = 1>
ST_1 : Operation 127 [1/1] (0.48ns)   --->   "%store_ln93 = store i14 %add_ln93_1, i14 %indvar_flatten" [top.cpp:93]   --->   Operation 127 'store' 'store_ln93' <Predicate = (!icmp_ln93)> <Delay = 0.48>
ST_1 : Operation 128 [1/1] (0.48ns)   --->   "%store_ln93 = store i9 %select_ln93, i9 %i" [top.cpp:93]   --->   Operation 128 'store' 'store_ln93' <Predicate = (!icmp_ln93)> <Delay = 0.48>
ST_1 : Operation 129 [1/1] (0.48ns)   --->   "%store_ln98 = store i7 %add_ln94, i7 %j" [top.cpp:98]   --->   Operation 129 'store' 'store_ln98' <Predicate = (!icmp_ln93)> <Delay = 0.48>

State 2 <SV = 1> <Delay = 7.11>
ST_2 : Operation 130 [1/2] ( I:1.35ns O:1.35ns )   --->   "%top_kernel_ap_fixed_64_ap_fixed_24_10_0_0_0_64_tmp_7_load = load i11 %top_kernel_ap_fixed_64_ap_fixed_24_10_0_0_0_64_tmp_7_addr" [top.cpp:99]   --->   Operation 130 'load' 'top_kernel_ap_fixed_64_ap_fixed_24_10_0_0_0_64_tmp_7_load' <Predicate = (!icmp_ln93)> <Delay = 1.35> <CoreInst = "RAM_T2P_BRAM">   --->   Core 98 'RAM_T2P_BRAM' <Latency = 1> <II = 1> <Delay = 1.35> <Storage> <Opcode : 'load' 'store'> <Ports = 2> <Width = 24> <Depth = 2048> <RAM>
ST_2 : Operation 131 [1/2] ( I:1.35ns O:1.35ns )   --->   "%top_kernel_ap_fixed_64_ap_fixed_24_10_0_0_0_64_tmp_5_load = load i11 %top_kernel_ap_fixed_64_ap_fixed_24_10_0_0_0_64_tmp_5_addr" [top.cpp:99]   --->   Operation 131 'load' 'top_kernel_ap_fixed_64_ap_fixed_24_10_0_0_0_64_tmp_5_load' <Predicate = (!icmp_ln93)> <Delay = 1.35> <CoreInst = "RAM_T2P_BRAM">   --->   Core 98 'RAM_T2P_BRAM' <Latency = 1> <II = 1> <Delay = 1.35> <Storage> <Opcode : 'load' 'store'> <Ports = 2> <Width = 24> <Depth = 2048> <RAM>
ST_2 : Operation 132 [1/2] ( I:1.35ns O:1.35ns )   --->   "%top_kernel_ap_fixed_64_ap_fixed_24_10_0_0_0_64_tmp_3_load = load i11 %top_kernel_ap_fixed_64_ap_fixed_24_10_0_0_0_64_tmp_3_addr" [top.cpp:99]   --->   Operation 132 'load' 'top_kernel_ap_fixed_64_ap_fixed_24_10_0_0_0_64_tmp_3_load' <Predicate = (!icmp_ln93)> <Delay = 1.35> <CoreInst = "RAM_T2P_BRAM">   --->   Core 98 'RAM_T2P_BRAM' <Latency = 1> <II = 1> <Delay = 1.35> <Storage> <Opcode : 'load' 'store'> <Ports = 2> <Width = 24> <Depth = 2048> <RAM>
ST_2 : Operation 133 [1/2] ( I:1.35ns O:1.35ns )   --->   "%top_kernel_ap_fixed_64_ap_fixed_24_10_0_0_0_64_tmp_1_load = load i11 %top_kernel_ap_fixed_64_ap_fixed_24_10_0_0_0_64_tmp_1_addr" [top.cpp:99]   --->   Operation 133 'load' 'top_kernel_ap_fixed_64_ap_fixed_24_10_0_0_0_64_tmp_1_load' <Predicate = (!icmp_ln93)> <Delay = 1.35> <CoreInst = "RAM_T2P_BRAM">   --->   Core 98 'RAM_T2P_BRAM' <Latency = 1> <II = 1> <Delay = 1.35> <Storage> <Opcode : 'load' 'store'> <Ports = 2> <Width = 24> <Depth = 2048> <RAM>
ST_2 : Operation 134 [1/1] (0.60ns)   --->   "%tmp_1 = sparsemux i24 @_ssdm_op_SparseMux.ap_auto.4i24.i24.i3, i3 0, i24 %top_kernel_ap_fixed_64_ap_fixed_24_10_0_0_0_64_tmp_7_load, i3 2, i24 %top_kernel_ap_fixed_64_ap_fixed_24_10_0_0_0_64_tmp_5_load, i3 4, i24 %top_kernel_ap_fixed_64_ap_fixed_24_10_0_0_0_64_tmp_3_load, i3 6, i24 %top_kernel_ap_fixed_64_ap_fixed_24_10_0_0_0_64_tmp_1_load, i24 0, i3 %trunc_ln94_1" [top.cpp:99]   --->   Operation 134 'sparsemux' 'tmp_1' <Predicate = (!icmp_ln93)> <Delay = 0.60> <CoreInst = "BinarySparseMux_DontCare">   --->   Core 149 'BinarySparseMux_DontCare' <Latency = 0> <II = 1> <Delay = 0.60> <FuncUnit> <Opcode : 'sparsemux'> <InPorts = 2> <OutPorts = 1>
ST_2 : Operation 135 [1/1] (0.00ns)   --->   "%sext_ln99 = sext i24 %tmp_1" [top.cpp:99]   --->   Operation 135 'sext' 'sext_ln99' <Predicate = (!icmp_ln93)> <Delay = 0.00>
ST_2 : Operation 136 [1/1] (0.00ns)   --->   "%sext_ln99_1 = sext i24 %tmp_2" [top.cpp:99]   --->   Operation 136 'sext' 'sext_ln99_1' <Predicate = (!icmp_ln93)> <Delay = 0.00>
ST_2 : Operation 137 [1/1] (3.38ns)   --->   "%mul_ln99 = mul i48 %sext_ln99_1, i48 %sext_ln99" [top.cpp:99]   --->   Operation 137 'mul' 'mul_ln99' <Predicate = (!icmp_ln93)> <Delay = 3.38> <CoreInst = "Multiplier">   --->   Core 3 'Multiplier' <Latency = 0> <II = 1> <Delay = 3.38> <FuncUnit> <Opcode : 'mul'> <InPorts = 2> <OutPorts = 1>
ST_2 : Operation 138 [1/1] (0.00ns)   --->   "%tmp_3 = bitselect i1 @_ssdm_op_BitSelect.i1.i48.i32, i48 %mul_ln99, i32 47" [top.cpp:99]   --->   Operation 138 'bitselect' 'tmp_3' <Predicate = (!icmp_ln93)> <Delay = 0.00>
ST_2 : Operation 139 [1/1] (0.00ns)   --->   "%trunc_ln5 = partselect i24 @_ssdm_op_PartSelect.i24.i48.i32.i32, i48 %mul_ln99, i32 14, i32 37" [top.cpp:99]   --->   Operation 139 'partselect' 'trunc_ln5' <Predicate = (!icmp_ln93)> <Delay = 0.00>
ST_2 : Operation 140 [1/1] (0.00ns)   --->   "%tmp_4 = bitselect i1 @_ssdm_op_BitSelect.i1.i48.i32, i48 %mul_ln99, i32 13" [top.cpp:99]   --->   Operation 140 'bitselect' 'tmp_4' <Predicate = (!icmp_ln93)> <Delay = 0.00>
ST_2 : Operation 141 [1/1] (0.00ns) (grouped into LUT with out node and_ln99)   --->   "%tmp_5 = bitselect i1 @_ssdm_op_BitSelect.i1.i48.i32, i48 %mul_ln99, i32 37" [top.cpp:99]   --->   Operation 141 'bitselect' 'tmp_5' <Predicate = (!icmp_ln93)> <Delay = 0.00>
ST_2 : Operation 142 [1/1] (0.00ns)   --->   "%zext_ln99 = zext i1 %tmp_4" [top.cpp:99]   --->   Operation 142 'zext' 'zext_ln99' <Predicate = (!icmp_ln93)> <Delay = 0.00>
ST_2 : Operation 143 [1/1] (1.10ns)   --->   "%add_ln99 = add i24 %trunc_ln5, i24 %zext_ln99" [top.cpp:99]   --->   Operation 143 'add' 'add_ln99' <Predicate = (!icmp_ln93)> <Delay = 1.10> <CoreInst = "Adder">   --->   Core 1 'Adder' <Latency = 0> <II = 1> <Delay = 1.10> <FuncUnit> <Opcode : 'add' 'sub'> <InPorts = 2> <OutPorts = 1>
ST_2 : Operation 144 [1/1] (0.00ns)   --->   "%tmp_6 = bitselect i1 @_ssdm_op_BitSelect.i1.i24.i32, i24 %add_ln99, i32 23" [top.cpp:99]   --->   Operation 144 'bitselect' 'tmp_6' <Predicate = (!icmp_ln93)> <Delay = 0.00>
ST_2 : Operation 145 [1/1] (0.00ns) (grouped into LUT with out node and_ln99)   --->   "%xor_ln99 = xor i1 %tmp_6, i1 1" [top.cpp:99]   --->   Operation 145 'xor' 'xor_ln99' <Predicate = (!icmp_ln93)> <Delay = 0.00> <CoreInst = "LogicGate">   --->   Core 74 'LogicGate' <Latency = 0> <II = 1> <Delay = 0.33> <FuncUnit> <Opcode : 'and' 'or' 'xor'> <InPorts = 2> <OutPorts = 1>
ST_2 : Operation 146 [1/1] (0.33ns) (out node of the LUT)   --->   "%and_ln99 = and i1 %tmp_5, i1 %xor_ln99" [top.cpp:99]   --->   Operation 146 'and' 'and_ln99' <Predicate = (!icmp_ln93)> <Delay = 0.33> <CoreInst = "LogicGate">   --->   Core 74 'LogicGate' <Latency = 0> <II = 1> <Delay = 0.33> <FuncUnit> <Opcode : 'and' 'or' 'xor'> <InPorts = 2> <OutPorts = 1>
ST_2 : Operation 147 [1/1] (0.00ns) (grouped into LUT with out node and_ln99_4)   --->   "%tmp_7 = bitselect i1 @_ssdm_op_BitSelect.i1.i48.i32, i48 %mul_ln99, i32 38" [top.cpp:99]   --->   Operation 147 'bitselect' 'tmp_7' <Predicate = (!icmp_ln93)> <Delay = 0.00>
ST_2 : Operation 148 [1/1] (0.00ns)   --->   "%tmp_8 = partselect i9 @_ssdm_op_PartSelect.i9.i48.i32, i48 %mul_ln99, i32 39" [top.cpp:99]   --->   Operation 148 'partselect' 'tmp_8' <Predicate = (!icmp_ln93)> <Delay = 0.00>
ST_2 : Operation 149 [1/1] (0.92ns)   --->   "%icmp_ln99 = icmp_eq  i9 %tmp_8, i9 511" [top.cpp:99]   --->   Operation 149 'icmp' 'icmp_ln99' <Predicate = (!icmp_ln93)> <Delay = 0.92> <CoreInst = "Cmp">   --->   Core 9 'Cmp' <Latency = 0> <II = 1> <Delay = 0.92> <FuncUnit> <Opcode : 'seteq' 'setne' 'setle' 'setge' 'setlt' 'setgt'> <InPorts = 2> <OutPorts = 1>
ST_2 : Operation 150 [1/1] (0.00ns)   --->   "%tmp_9 = partselect i10 @_ssdm_op_PartSelect.i10.i48.i32, i48 %mul_ln99, i32 38" [top.cpp:99]   --->   Operation 150 'partselect' 'tmp_9' <Predicate = (!icmp_ln93)> <Delay = 0.00>
ST_2 : Operation 151 [1/1] (0.93ns)   --->   "%icmp_ln99_1 = icmp_eq  i10 %tmp_9, i10 1023" [top.cpp:99]   --->   Operation 151 'icmp' 'icmp_ln99_1' <Predicate = (!icmp_ln93)> <Delay = 0.93> <CoreInst = "Cmp">   --->   Core 9 'Cmp' <Latency = 0> <II = 1> <Delay = 0.93> <FuncUnit> <Opcode : 'seteq' 'setne' 'setle' 'setge' 'setlt' 'setgt'> <InPorts = 2> <OutPorts = 1>
ST_2 : Operation 152 [1/1] (0.93ns)   --->   "%icmp_ln99_2 = icmp_eq  i10 %tmp_9, i10 0" [top.cpp:99]   --->   Operation 152 'icmp' 'icmp_ln99_2' <Predicate = (!icmp_ln93)> <Delay = 0.93> <CoreInst = "Cmp">   --->   Core 9 'Cmp' <Latency = 0> <II = 1> <Delay = 0.93> <FuncUnit> <Opcode : 'seteq' 'setne' 'setle' 'setge' 'setlt' 'setgt'> <InPorts = 2> <OutPorts = 1>
ST_2 : Operation 153 [1/1] (0.00ns) (grouped into LUT with out node and_ln99_3)   --->   "%select_ln99 = select i1 %and_ln99, i1 %icmp_ln99_1, i1 %icmp_ln99_2" [top.cpp:99]   --->   Operation 153 'select' 'select_ln99' <Predicate = (!icmp_ln93)> <Delay = 0.00> <CoreInst = "Sel">   --->   Core 73 'Sel' <Latency = 0> <II = 1> <Delay = 0.26> <FuncUnit> <Opcode : 'select'> <InPorts = 3> <OutPorts = 1>
ST_2 : Operation 154 [1/1] (0.00ns) (grouped into LUT with out node and_ln99_4)   --->   "%xor_ln99_1 = xor i1 %tmp_7, i1 1" [top.cpp:99]   --->   Operation 154 'xor' 'xor_ln99_1' <Predicate = (!icmp_ln93)> <Delay = 0.00> <CoreInst = "LogicGate">   --->   Core 74 'LogicGate' <Latency = 0> <II = 1> <Delay = 0.33> <FuncUnit> <Opcode : 'and' 'or' 'xor'> <InPorts = 2> <OutPorts = 1>
ST_2 : Operation 155 [1/1] (0.00ns) (grouped into LUT with out node and_ln99_4)   --->   "%and_ln99_1 = and i1 %icmp_ln99, i1 %xor_ln99_1" [top.cpp:99]   --->   Operation 155 'and' 'and_ln99_1' <Predicate = (!icmp_ln93)> <Delay = 0.00> <CoreInst = "LogicGate">   --->   Core 74 'LogicGate' <Latency = 0> <II = 1> <Delay = 0.33> <FuncUnit> <Opcode : 'and' 'or' 'xor'> <InPorts = 2> <OutPorts = 1>
ST_2 : Operation 156 [1/1] (0.00ns) (grouped into LUT with out node and_ln99_4)   --->   "%select_ln99_1 = select i1 %and_ln99, i1 %and_ln99_1, i1 %icmp_ln99_1" [top.cpp:99]   --->   Operation 156 'select' 'select_ln99_1' <Predicate = (!icmp_ln93)> <Delay = 0.00> <CoreInst = "Sel">   --->   Core 73 'Sel' <Latency = 0> <II = 1> <Delay = 0.26> <FuncUnit> <Opcode : 'select'> <InPorts = 3> <OutPorts = 1>
ST_2 : Operation 157 [1/1] (0.00ns) (grouped into LUT with out node and_ln99_3)   --->   "%xor_ln99_2 = xor i1 %select_ln99, i1 1" [top.cpp:99]   --->   Operation 157 'xor' 'xor_ln99_2' <Predicate = (!icmp_ln93)> <Delay = 0.00> <CoreInst = "LogicGate">   --->   Core 74 'LogicGate' <Latency = 0> <II = 1> <Delay = 0.33> <FuncUnit> <Opcode : 'and' 'or' 'xor'> <InPorts = 2> <OutPorts = 1>
ST_2 : Operation 158 [1/1] (0.00ns) (grouped into LUT with out node and_ln99_3)   --->   "%or_ln99 = or i1 %tmp_6, i1 %xor_ln99_2" [top.cpp:99]   --->   Operation 158 'or' 'or_ln99' <Predicate = (!icmp_ln93)> <Delay = 0.00> <CoreInst = "LogicGate">   --->   Core 74 'LogicGate' <Latency = 0> <II = 1> <Delay = 0.33> <FuncUnit> <Opcode : 'and' 'or' 'xor'> <InPorts = 2> <OutPorts = 1>
ST_2 : Operation 159 [1/1] (0.00ns) (grouped into LUT with out node and_ln99_3)   --->   "%xor_ln99_3 = xor i1 %tmp_3, i1 1" [top.cpp:99]   --->   Operation 159 'xor' 'xor_ln99_3' <Predicate = (!icmp_ln93)> <Delay = 0.00> <CoreInst = "LogicGate">   --->   Core 74 'LogicGate' <Latency = 0> <II = 1> <Delay = 0.33> <FuncUnit> <Opcode : 'and' 'or' 'xor'> <InPorts = 2> <OutPorts = 1>
ST_2 : Operation 160 [1/1] (0.33ns) (out node of the LUT)   --->   "%and_ln99_3 = and i1 %or_ln99, i1 %xor_ln99_3" [top.cpp:99]   --->   Operation 160 'and' 'and_ln99_3' <Predicate = (!icmp_ln93)> <Delay = 0.33> <CoreInst = "LogicGate">   --->   Core 74 'LogicGate' <Latency = 0> <II = 1> <Delay = 0.33> <FuncUnit> <Opcode : 'and' 'or' 'xor'> <InPorts = 2> <OutPorts = 1>
ST_2 : Operation 161 [1/1] (0.33ns) (out node of the LUT)   --->   "%and_ln99_4 = and i1 %tmp_6, i1 %select_ln99_1" [top.cpp:99]   --->   Operation 161 'and' 'and_ln99_4' <Predicate = (!icmp_ln93)> <Delay = 0.33> <CoreInst = "LogicGate">   --->   Core 74 'LogicGate' <Latency = 0> <II = 1> <Delay = 0.33> <FuncUnit> <Opcode : 'and' 'or' 'xor'> <InPorts = 2> <OutPorts = 1>
ST_2 : Operation 162 [1/2] ( I:1.35ns O:1.35ns )   --->   "%top_kernel_ap_fixed_64_ap_fixed_24_10_0_0_0_64_tmp_6_load = load i11 %top_kernel_ap_fixed_64_ap_fixed_24_10_0_0_0_64_tmp_6_addr" [top.cpp:99]   --->   Operation 162 'load' 'top_kernel_ap_fixed_64_ap_fixed_24_10_0_0_0_64_tmp_6_load' <Predicate = (!icmp_ln93)> <Delay = 1.35> <CoreInst = "RAM_T2P_BRAM">   --->   Core 98 'RAM_T2P_BRAM' <Latency = 1> <II = 1> <Delay = 1.35> <Storage> <Opcode : 'load' 'store'> <Ports = 2> <Width = 24> <Depth = 2048> <RAM>
ST_2 : Operation 163 [1/2] ( I:1.35ns O:1.35ns )   --->   "%top_kernel_ap_fixed_64_ap_fixed_24_10_0_0_0_64_tmp_4_load = load i11 %top_kernel_ap_fixed_64_ap_fixed_24_10_0_0_0_64_tmp_4_addr" [top.cpp:99]   --->   Operation 163 'load' 'top_kernel_ap_fixed_64_ap_fixed_24_10_0_0_0_64_tmp_4_load' <Predicate = (!icmp_ln93)> <Delay = 1.35> <CoreInst = "RAM_T2P_BRAM">   --->   Core 98 'RAM_T2P_BRAM' <Latency = 1> <II = 1> <Delay = 1.35> <Storage> <Opcode : 'load' 'store'> <Ports = 2> <Width = 24> <Depth = 2048> <RAM>
ST_2 : Operation 164 [1/2] ( I:1.35ns O:1.35ns )   --->   "%top_kernel_ap_fixed_64_ap_fixed_24_10_0_0_0_64_tmp_2_load = load i11 %top_kernel_ap_fixed_64_ap_fixed_24_10_0_0_0_64_tmp_2_addr" [top.cpp:99]   --->   Operation 164 'load' 'top_kernel_ap_fixed_64_ap_fixed_24_10_0_0_0_64_tmp_2_load' <Predicate = (!icmp_ln93)> <Delay = 1.35> <CoreInst = "RAM_T2P_BRAM">   --->   Core 98 'RAM_T2P_BRAM' <Latency = 1> <II = 1> <Delay = 1.35> <Storage> <Opcode : 'load' 'store'> <Ports = 2> <Width = 24> <Depth = 2048> <RAM>
ST_2 : Operation 165 [1/2] ( I:1.35ns O:1.35ns )   --->   "%top_kernel_ap_fixed_64_ap_fixed_24_10_0_0_0_64_tmp_load = load i11 %top_kernel_ap_fixed_64_ap_fixed_24_10_0_0_0_64_tmp_addr" [top.cpp:99]   --->   Operation 165 'load' 'top_kernel_ap_fixed_64_ap_fixed_24_10_0_0_0_64_tmp_load' <Predicate = (!icmp_ln93)> <Delay = 1.35> <CoreInst = "RAM_T2P_BRAM">   --->   Core 98 'RAM_T2P_BRAM' <Latency = 1> <II = 1> <Delay = 1.35> <Storage> <Opcode : 'load' 'store'> <Ports = 2> <Width = 24> <Depth = 2048> <RAM>
ST_2 : Operation 166 [1/1] (0.60ns)   --->   "%tmp_10 = sparsemux i24 @_ssdm_op_SparseMux.ap_auto.4i24.i24.i3, i3 0, i24 %top_kernel_ap_fixed_64_ap_fixed_24_10_0_0_0_64_tmp_6_load, i3 2, i24 %top_kernel_ap_fixed_64_ap_fixed_24_10_0_0_0_64_tmp_4_load, i3 4, i24 %top_kernel_ap_fixed_64_ap_fixed_24_10_0_0_0_64_tmp_2_load, i3 6, i24 %top_kernel_ap_fixed_64_ap_fixed_24_10_0_0_0_64_tmp_load, i24 0, i3 %trunc_ln94_1" [top.cpp:99]   --->   Operation 166 'sparsemux' 'tmp_10' <Predicate = (!icmp_ln93)> <Delay = 0.60> <CoreInst = "BinarySparseMux_DontCare">   --->   Core 149 'BinarySparseMux_DontCare' <Latency = 0> <II = 1> <Delay = 0.60> <FuncUnit> <Opcode : 'sparsemux'> <InPorts = 2> <OutPorts = 1>

State 3 <SV = 2> <Delay = 5.92>
ST_3 : Operation 167 [1/1] (0.00ns) (grouped into LUT with out node or_ln99_1)   --->   "%and_ln99_2 = and i1 %and_ln99, i1 %icmp_ln99_1" [top.cpp:99]   --->   Operation 167 'and' 'and_ln99_2' <Predicate = true> <Delay = 0.00> <CoreInst = "LogicGate">   --->   Core 74 'LogicGate' <Latency = 0> <II = 1> <Delay = 0.33> <FuncUnit> <Opcode : 'and' 'or' 'xor'> <InPorts = 2> <OutPorts = 1>
ST_3 : Operation 168 [1/1] (0.00ns) (grouped into LUT with out node or_ln99_1)   --->   "%or_ln99_4 = or i1 %and_ln99_2, i1 %and_ln99_4" [top.cpp:99]   --->   Operation 168 'or' 'or_ln99_4' <Predicate = true> <Delay = 0.00> <CoreInst = "LogicGate">   --->   Core 74 'LogicGate' <Latency = 0> <II = 1> <Delay = 0.33> <FuncUnit> <Opcode : 'and' 'or' 'xor'> <InPorts = 2> <OutPorts = 1>
ST_3 : Operation 169 [1/1] (0.00ns) (grouped into LUT with out node or_ln99_1)   --->   "%xor_ln99_4 = xor i1 %or_ln99_4, i1 1" [top.cpp:99]   --->   Operation 169 'xor' 'xor_ln99_4' <Predicate = true> <Delay = 0.00> <CoreInst = "LogicGate">   --->   Core 74 'LogicGate' <Latency = 0> <II = 1> <Delay = 0.33> <FuncUnit> <Opcode : 'and' 'or' 'xor'> <InPorts = 2> <OutPorts = 1>
ST_3 : Operation 170 [1/1] (0.00ns) (grouped into LUT with out node or_ln99_1)   --->   "%and_ln99_5 = and i1 %tmp_3, i1 %xor_ln99_4" [top.cpp:99]   --->   Operation 170 'and' 'and_ln99_5' <Predicate = true> <Delay = 0.00> <CoreInst = "LogicGate">   --->   Core 74 'LogicGate' <Latency = 0> <II = 1> <Delay = 0.33> <FuncUnit> <Opcode : 'and' 'or' 'xor'> <InPorts = 2> <OutPorts = 1>
ST_3 : Operation 171 [1/1] (0.00ns) (grouped into LUT with out node select_ln99_3)   --->   "%select_ln99_2 = select i1 %and_ln99_3, i24 8388607, i24 8388608" [top.cpp:99]   --->   Operation 171 'select' 'select_ln99_2' <Predicate = true> <Delay = 0.00> <CoreInst = "Sel">   --->   Core 73 'Sel' <Latency = 0> <II = 1> <Delay = 0.43> <FuncUnit> <Opcode : 'select'> <InPorts = 3> <OutPorts = 1>
ST_3 : Operation 172 [1/1] (0.33ns) (out node of the LUT)   --->   "%or_ln99_1 = or i1 %and_ln99_3, i1 %and_ln99_5" [top.cpp:99]   --->   Operation 172 'or' 'or_ln99_1' <Predicate = true> <Delay = 0.33> <CoreInst = "LogicGate">   --->   Core 74 'LogicGate' <Latency = 0> <II = 1> <Delay = 0.33> <FuncUnit> <Opcode : 'and' 'or' 'xor'> <InPorts = 2> <OutPorts = 1>
ST_3 : Operation 173 [1/1] (0.43ns) (out node of the LUT)   --->   "%select_ln99_3 = select i1 %or_ln99_1, i24 %select_ln99_2, i24 %add_ln99" [top.cpp:99]   --->   Operation 173 'select' 'select_ln99_3' <Predicate = true> <Delay = 0.43> <CoreInst = "Sel">   --->   Core 73 'Sel' <Latency = 0> <II = 1> <Delay = 0.43> <FuncUnit> <Opcode : 'select'> <InPorts = 3> <OutPorts = 1>
ST_3 : Operation 174 [1/1] (0.00ns)   --->   "%sext_ln99_2 = sext i24 %tmp_10" [top.cpp:99]   --->   Operation 174 'sext' 'sext_ln99_2' <Predicate = true> <Delay = 0.00>
ST_3 : Operation 175 [1/1] (0.00ns)   --->   "%sext_ln99_3 = sext i24 %tmp_11" [top.cpp:99]   --->   Operation 175 'sext' 'sext_ln99_3' <Predicate = true> <Delay = 0.00>
ST_3 : Operation 176 [1/1] (3.38ns)   --->   "%mul_ln99_1 = mul i48 %sext_ln99_3, i48 %sext_ln99_2" [top.cpp:99]   --->   Operation 176 'mul' 'mul_ln99_1' <Predicate = true> <Delay = 3.38> <CoreInst = "Multiplier">   --->   Core 3 'Multiplier' <Latency = 0> <II = 1> <Delay = 3.38> <FuncUnit> <Opcode : 'mul'> <InPorts = 2> <OutPorts = 1>
ST_3 : Operation 177 [1/1] (0.00ns)   --->   "%tmp_12 = bitselect i1 @_ssdm_op_BitSelect.i1.i48.i32, i48 %mul_ln99_1, i32 47" [top.cpp:99]   --->   Operation 177 'bitselect' 'tmp_12' <Predicate = true> <Delay = 0.00>
ST_3 : Operation 178 [1/1] (0.00ns)   --->   "%trunc_ln99_1 = partselect i24 @_ssdm_op_PartSelect.i24.i48.i32.i32, i48 %mul_ln99_1, i32 14, i32 37" [top.cpp:99]   --->   Operation 178 'partselect' 'trunc_ln99_1' <Predicate = true> <Delay = 0.00>
ST_3 : Operation 179 [1/1] (0.00ns)   --->   "%tmp_13 = bitselect i1 @_ssdm_op_BitSelect.i1.i48.i32, i48 %mul_ln99_1, i32 13" [top.cpp:99]   --->   Operation 179 'bitselect' 'tmp_13' <Predicate = true> <Delay = 0.00>
ST_3 : Operation 180 [1/1] (0.00ns) (grouped into LUT with out node and_ln99_6)   --->   "%tmp_14 = bitselect i1 @_ssdm_op_BitSelect.i1.i48.i32, i48 %mul_ln99_1, i32 37" [top.cpp:99]   --->   Operation 180 'bitselect' 'tmp_14' <Predicate = true> <Delay = 0.00>
ST_3 : Operation 181 [1/1] (0.00ns)   --->   "%zext_ln99_2 = zext i1 %tmp_13" [top.cpp:99]   --->   Operation 181 'zext' 'zext_ln99_2' <Predicate = true> <Delay = 0.00>
ST_3 : Operation 182 [1/1] (1.10ns)   --->   "%add_ln99_1 = add i24 %trunc_ln99_1, i24 %zext_ln99_2" [top.cpp:99]   --->   Operation 182 'add' 'add_ln99_1' <Predicate = true> <Delay = 1.10> <CoreInst = "Adder">   --->   Core 1 'Adder' <Latency = 0> <II = 1> <Delay = 1.10> <FuncUnit> <Opcode : 'add' 'sub'> <InPorts = 2> <OutPorts = 1>
ST_3 : Operation 183 [1/1] (0.00ns)   --->   "%tmp_15 = bitselect i1 @_ssdm_op_BitSelect.i1.i24.i32, i24 %add_ln99_1, i32 23" [top.cpp:99]   --->   Operation 183 'bitselect' 'tmp_15' <Predicate = true> <Delay = 0.00>
ST_3 : Operation 184 [1/1] (0.00ns) (grouped into LUT with out node and_ln99_6)   --->   "%xor_ln99_5 = xor i1 %tmp_15, i1 1" [top.cpp:99]   --->   Operation 184 'xor' 'xor_ln99_5' <Predicate = true> <Delay = 0.00> <CoreInst = "LogicGate">   --->   Core 74 'LogicGate' <Latency = 0> <II = 1> <Delay = 0.33> <FuncUnit> <Opcode : 'and' 'or' 'xor'> <InPorts = 2> <OutPorts = 1>
ST_3 : Operation 185 [1/1] (0.33ns) (out node of the LUT)   --->   "%and_ln99_6 = and i1 %tmp_14, i1 %xor_ln99_5" [top.cpp:99]   --->   Operation 185 'and' 'and_ln99_6' <Predicate = true> <Delay = 0.33> <CoreInst = "LogicGate">   --->   Core 74 'LogicGate' <Latency = 0> <II = 1> <Delay = 0.33> <FuncUnit> <Opcode : 'and' 'or' 'xor'> <InPorts = 2> <OutPorts = 1>
ST_3 : Operation 186 [1/1] (0.00ns) (grouped into LUT with out node and_ln99_10)   --->   "%tmp_16 = bitselect i1 @_ssdm_op_BitSelect.i1.i48.i32, i48 %mul_ln99_1, i32 38" [top.cpp:99]   --->   Operation 186 'bitselect' 'tmp_16' <Predicate = true> <Delay = 0.00>
ST_3 : Operation 187 [1/1] (0.00ns)   --->   "%tmp_17 = partselect i9 @_ssdm_op_PartSelect.i9.i48.i32, i48 %mul_ln99_1, i32 39" [top.cpp:99]   --->   Operation 187 'partselect' 'tmp_17' <Predicate = true> <Delay = 0.00>
ST_3 : Operation 188 [1/1] (0.92ns)   --->   "%icmp_ln99_3 = icmp_eq  i9 %tmp_17, i9 511" [top.cpp:99]   --->   Operation 188 'icmp' 'icmp_ln99_3' <Predicate = true> <Delay = 0.92> <CoreInst = "Cmp">   --->   Core 9 'Cmp' <Latency = 0> <II = 1> <Delay = 0.92> <FuncUnit> <Opcode : 'seteq' 'setne' 'setle' 'setge' 'setlt' 'setgt'> <InPorts = 2> <OutPorts = 1>
ST_3 : Operation 189 [1/1] (0.00ns)   --->   "%tmp_18 = partselect i10 @_ssdm_op_PartSelect.i10.i48.i32, i48 %mul_ln99_1, i32 38" [top.cpp:99]   --->   Operation 189 'partselect' 'tmp_18' <Predicate = true> <Delay = 0.00>
ST_3 : Operation 190 [1/1] (0.93ns)   --->   "%icmp_ln99_4 = icmp_eq  i10 %tmp_18, i10 1023" [top.cpp:99]   --->   Operation 190 'icmp' 'icmp_ln99_4' <Predicate = true> <Delay = 0.93> <CoreInst = "Cmp">   --->   Core 9 'Cmp' <Latency = 0> <II = 1> <Delay = 0.93> <FuncUnit> <Opcode : 'seteq' 'setne' 'setle' 'setge' 'setlt' 'setgt'> <InPorts = 2> <OutPorts = 1>
ST_3 : Operation 191 [1/1] (0.93ns)   --->   "%icmp_ln99_5 = icmp_eq  i10 %tmp_18, i10 0" [top.cpp:99]   --->   Operation 191 'icmp' 'icmp_ln99_5' <Predicate = true> <Delay = 0.93> <CoreInst = "Cmp">   --->   Core 9 'Cmp' <Latency = 0> <II = 1> <Delay = 0.93> <FuncUnit> <Opcode : 'seteq' 'setne' 'setle' 'setge' 'setlt' 'setgt'> <InPorts = 2> <OutPorts = 1>
ST_3 : Operation 192 [1/1] (0.00ns) (grouped into LUT with out node and_ln99_9)   --->   "%select_ln99_4 = select i1 %and_ln99_6, i1 %icmp_ln99_4, i1 %icmp_ln99_5" [top.cpp:99]   --->   Operation 192 'select' 'select_ln99_4' <Predicate = true> <Delay = 0.00> <CoreInst = "Sel">   --->   Core 73 'Sel' <Latency = 0> <II = 1> <Delay = 0.26> <FuncUnit> <Opcode : 'select'> <InPorts = 3> <OutPorts = 1>
ST_3 : Operation 193 [1/1] (0.00ns) (grouped into LUT with out node and_ln99_10)   --->   "%xor_ln99_6 = xor i1 %tmp_16, i1 1" [top.cpp:99]   --->   Operation 193 'xor' 'xor_ln99_6' <Predicate = true> <Delay = 0.00> <CoreInst = "LogicGate">   --->   Core 74 'LogicGate' <Latency = 0> <II = 1> <Delay = 0.33> <FuncUnit> <Opcode : 'and' 'or' 'xor'> <InPorts = 2> <OutPorts = 1>
ST_3 : Operation 194 [1/1] (0.00ns) (grouped into LUT with out node and_ln99_10)   --->   "%and_ln99_7 = and i1 %icmp_ln99_3, i1 %xor_ln99_6" [top.cpp:99]   --->   Operation 194 'and' 'and_ln99_7' <Predicate = true> <Delay = 0.00> <CoreInst = "LogicGate">   --->   Core 74 'LogicGate' <Latency = 0> <II = 1> <Delay = 0.33> <FuncUnit> <Opcode : 'and' 'or' 'xor'> <InPorts = 2> <OutPorts = 1>
ST_3 : Operation 195 [1/1] (0.00ns) (grouped into LUT with out node and_ln99_10)   --->   "%select_ln99_5 = select i1 %and_ln99_6, i1 %and_ln99_7, i1 %icmp_ln99_4" [top.cpp:99]   --->   Operation 195 'select' 'select_ln99_5' <Predicate = true> <Delay = 0.00> <CoreInst = "Sel">   --->   Core 73 'Sel' <Latency = 0> <II = 1> <Delay = 0.26> <FuncUnit> <Opcode : 'select'> <InPorts = 3> <OutPorts = 1>
ST_3 : Operation 196 [1/1] (0.00ns) (grouped into LUT with out node or_ln99_3)   --->   "%and_ln99_8 = and i1 %and_ln99_6, i1 %icmp_ln99_4" [top.cpp:99]   --->   Operation 196 'and' 'and_ln99_8' <Predicate = true> <Delay = 0.00> <CoreInst = "LogicGate">   --->   Core 74 'LogicGate' <Latency = 0> <II = 1> <Delay = 0.33> <FuncUnit> <Opcode : 'and' 'or' 'xor'> <InPorts = 2> <OutPorts = 1>
ST_3 : Operation 197 [1/1] (0.00ns) (grouped into LUT with out node and_ln99_9)   --->   "%xor_ln99_7 = xor i1 %select_ln99_4, i1 1" [top.cpp:99]   --->   Operation 197 'xor' 'xor_ln99_7' <Predicate = true> <Delay = 0.00> <CoreInst = "LogicGate">   --->   Core 74 'LogicGate' <Latency = 0> <II = 1> <Delay = 0.33> <FuncUnit> <Opcode : 'and' 'or' 'xor'> <InPorts = 2> <OutPorts = 1>
ST_3 : Operation 198 [1/1] (0.00ns) (grouped into LUT with out node and_ln99_9)   --->   "%or_ln99_2 = or i1 %tmp_15, i1 %xor_ln99_7" [top.cpp:99]   --->   Operation 198 'or' 'or_ln99_2' <Predicate = true> <Delay = 0.00> <CoreInst = "LogicGate">   --->   Core 74 'LogicGate' <Latency = 0> <II = 1> <Delay = 0.33> <FuncUnit> <Opcode : 'and' 'or' 'xor'> <InPorts = 2> <OutPorts = 1>
ST_3 : Operation 199 [1/1] (0.00ns) (grouped into LUT with out node and_ln99_9)   --->   "%xor_ln99_8 = xor i1 %tmp_12, i1 1" [top.cpp:99]   --->   Operation 199 'xor' 'xor_ln99_8' <Predicate = true> <Delay = 0.00> <CoreInst = "LogicGate">   --->   Core 74 'LogicGate' <Latency = 0> <II = 1> <Delay = 0.33> <FuncUnit> <Opcode : 'and' 'or' 'xor'> <InPorts = 2> <OutPorts = 1>
ST_3 : Operation 200 [1/1] (0.33ns) (out node of the LUT)   --->   "%and_ln99_9 = and i1 %or_ln99_2, i1 %xor_ln99_8" [top.cpp:99]   --->   Operation 200 'and' 'and_ln99_9' <Predicate = true> <Delay = 0.33> <CoreInst = "LogicGate">   --->   Core 74 'LogicGate' <Latency = 0> <II = 1> <Delay = 0.33> <FuncUnit> <Opcode : 'and' 'or' 'xor'> <InPorts = 2> <OutPorts = 1>
ST_3 : Operation 201 [1/1] (0.33ns) (out node of the LUT)   --->   "%and_ln99_10 = and i1 %tmp_15, i1 %select_ln99_5" [top.cpp:99]   --->   Operation 201 'and' 'and_ln99_10' <Predicate = true> <Delay = 0.33> <CoreInst = "LogicGate">   --->   Core 74 'LogicGate' <Latency = 0> <II = 1> <Delay = 0.33> <FuncUnit> <Opcode : 'and' 'or' 'xor'> <InPorts = 2> <OutPorts = 1>
ST_3 : Operation 202 [1/1] (0.00ns) (grouped into LUT with out node or_ln99_3)   --->   "%or_ln99_5 = or i1 %and_ln99_8, i1 %and_ln99_10" [top.cpp:99]   --->   Operation 202 'or' 'or_ln99_5' <Predicate = true> <Delay = 0.00> <CoreInst = "LogicGate">   --->   Core 74 'LogicGate' <Latency = 0> <II = 1> <Delay = 0.33> <FuncUnit> <Opcode : 'and' 'or' 'xor'> <InPorts = 2> <OutPorts = 1>
ST_3 : Operation 203 [1/1] (0.00ns) (grouped into LUT with out node or_ln99_3)   --->   "%xor_ln99_9 = xor i1 %or_ln99_5, i1 1" [top.cpp:99]   --->   Operation 203 'xor' 'xor_ln99_9' <Predicate = true> <Delay = 0.00> <CoreInst = "LogicGate">   --->   Core 74 'LogicGate' <Latency = 0> <II = 1> <Delay = 0.33> <FuncUnit> <Opcode : 'and' 'or' 'xor'> <InPorts = 2> <OutPorts = 1>
ST_3 : Operation 204 [1/1] (0.00ns) (grouped into LUT with out node or_ln99_3)   --->   "%and_ln99_11 = and i1 %tmp_12, i1 %xor_ln99_9" [top.cpp:99]   --->   Operation 204 'and' 'and_ln99_11' <Predicate = true> <Delay = 0.00> <CoreInst = "LogicGate">   --->   Core 74 'LogicGate' <Latency = 0> <II = 1> <Delay = 0.33> <FuncUnit> <Opcode : 'and' 'or' 'xor'> <InPorts = 2> <OutPorts = 1>
ST_3 : Operation 205 [1/1] (0.00ns) (grouped into LUT with out node select_ln99_7)   --->   "%select_ln99_6 = select i1 %and_ln99_9, i24 8388607, i24 8388608" [top.cpp:99]   --->   Operation 205 'select' 'select_ln99_6' <Predicate = true> <Delay = 0.00> <CoreInst = "Sel">   --->   Core 73 'Sel' <Latency = 0> <II = 1> <Delay = 0.43> <FuncUnit> <Opcode : 'select'> <InPorts = 3> <OutPorts = 1>
ST_3 : Operation 206 [1/1] (0.33ns) (out node of the LUT)   --->   "%or_ln99_3 = or i1 %and_ln99_9, i1 %and_ln99_11" [top.cpp:99]   --->   Operation 206 'or' 'or_ln99_3' <Predicate = true> <Delay = 0.33> <CoreInst = "LogicGate">   --->   Core 74 'LogicGate' <Latency = 0> <II = 1> <Delay = 0.33> <FuncUnit> <Opcode : 'and' 'or' 'xor'> <InPorts = 2> <OutPorts = 1>
ST_3 : Operation 207 [1/1] (0.43ns) (out node of the LUT)   --->   "%select_ln99_7 = select i1 %or_ln99_3, i24 %select_ln99_6, i24 %add_ln99_1" [top.cpp:99]   --->   Operation 207 'select' 'select_ln99_7' <Predicate = true> <Delay = 0.43> <CoreInst = "Sel">   --->   Core 73 'Sel' <Latency = 0> <II = 1> <Delay = 0.43> <FuncUnit> <Opcode : 'select'> <InPorts = 3> <OutPorts = 1>
ST_3 : Operation 217 [1/1] (0.48ns)   --->   "%ret_ln0 = ret"   --->   Operation 217 'ret' 'ret_ln0' <Predicate = (icmp_ln93)> <Delay = 0.48>

State 4 <SV = 3> <Delay = 7.30>
ST_4 : Operation 208 [1/1] (0.00ns)   --->   "%C_addr = getelementptr i32 %C, i64 %sext_ln93_cast" [top.cpp:93]   --->   Operation 208 'getelementptr' 'C_addr' <Predicate = true> <Delay = 0.00>
ST_4 : Operation 209 [1/1] (0.00ns)   --->   "%zext_ln99_1 = zext i24 %select_ln99_3" [top.cpp:99]   --->   Operation 209 'zext' 'zext_ln99_1' <Predicate = true> <Delay = 0.00>
ST_4 : Operation 210 [1/1] (7.30ns)   --->   "%write_ln94 = write void @_ssdm_op_Write.m_axi.p1i32, i32 %C_addr, i32 %zext_ln99_1, i4 15" [top.cpp:94]   --->   Operation 210 'write' 'write_ln94' <Predicate = true> <Delay = 7.30> <CoreInst = "m_axi">   --->   Core 119 'm_axi' <Latency = 5> <II = 1> <Delay = 1.00> <Adapter> <Opcode : 'read' 'write' 'readreq' 'writereq' 'writeresp'>

State 5 <SV = 4> <Delay = 7.30>
ST_5 : Operation 211 [1/1] (0.00ns)   --->   "%specloopname_ln0 = specloopname void @_ssdm_op_SpecLoopName, void @VITIS_LOOP_93_8_VITIS_LOOP_94_9_str"   --->   Operation 211 'specloopname' 'specloopname_ln0' <Predicate = true> <Delay = 0.00>
ST_5 : Operation 212 [1/1] (0.00ns)   --->   "%speclooptripcount_ln0 = speclooptripcount void @_ssdm_op_SpecLoopTripCount, i64 8192, i64 8192, i64 8192"   --->   Operation 212 'speclooptripcount' 'speclooptripcount_ln0' <Predicate = true> <Delay = 0.00>
ST_5 : Operation 213 [1/1] (0.00ns)   --->   "%specpipeline_ln95 = specpipeline void @_ssdm_op_SpecPipeline, i32 1, i32 0, i32 0, i32 0, void @empty_10" [top.cpp:95]   --->   Operation 213 'specpipeline' 'specpipeline_ln95' <Predicate = true> <Delay = 0.00>
ST_5 : Operation 214 [1/1] (0.00ns)   --->   "%zext_ln99_3 = zext i24 %select_ln99_7" [top.cpp:99]   --->   Operation 214 'zext' 'zext_ln99_3' <Predicate = true> <Delay = 0.00>
ST_5 : Operation 215 [1/1] (7.30ns)   --->   "%write_ln94 = write void @_ssdm_op_Write.m_axi.p1i32, i32 %C_addr, i32 %zext_ln99_3, i4 15" [top.cpp:94]   --->   Operation 215 'write' 'write_ln94' <Predicate = true> <Delay = 7.30> <CoreInst = "m_axi">   --->   Core 119 'm_axi' <Latency = 5> <II = 1> <Delay = 1.00> <Adapter> <Opcode : 'read' 'write' 'readreq' 'writereq' 'writeresp'>
ST_5 : Operation 216 [1/1] (0.00ns)   --->   "%br_ln94 = br void %VITIS_LOOP_96_10" [top.cpp:94]   --->   Operation 216 'br' 'br_ln94' <Predicate = true> <Delay = 0.00>


============================================================
+ Verbose Summary: Timing violations
============================================================
Target clock period: 10.000ns, clock uncertainty: 2.700ns.

 <State 1>: 3.219ns
The critical path consists of the following:
	'store' operation 0 bit ('store_ln93', top.cpp:93) of constant 0 on local variable 'i', top.cpp:93 [154]  (0.489 ns)
	'load' operation 9 bit ('i_load', top.cpp:93) on local variable 'i', top.cpp:93 [165]  (0.000 ns)
	'add' operation 9 bit ('add_ln93', top.cpp:93) [168]  (0.921 ns)
	'select' operation 9 bit ('select_ln93', top.cpp:93) [174]  (0.458 ns)
	'getelementptr' operation 11 bit ('top_kernel_ap_fixed_64_ap_fixed_24_10_0_0_0_64_tmp_7_addr', top.cpp:99) [181]  (0.000 ns)
	'load' operation 24 bit ('top_kernel_ap_fixed_64_ap_fixed_24_10_0_0_0_64_tmp_7_load', top.cpp:99) on array 'top_kernel_ap_fixed_64_ap_fixed_24_10_0_0_0_64_tmp_7' [189]  (1.352 ns)

 <State 2>: 7.116ns
The critical path consists of the following:
	'load' operation 24 bit ('top_kernel_ap_fixed_64_ap_fixed_24_10_0_0_0_64_tmp_7_load', top.cpp:99) on array 'top_kernel_ap_fixed_64_ap_fixed_24_10_0_0_0_64_tmp_7' [189]  (1.352 ns)
	'sparsemux' operation 24 bit ('tmp_1', top.cpp:99) [193]  (0.605 ns)
	'mul' operation 48 bit ('mul_ln99', top.cpp:99) [197]  (3.387 ns)
	'add' operation 24 bit ('add_ln99', top.cpp:99) [203]  (1.110 ns)
	'xor' operation 1 bit ('xor_ln99', top.cpp:99) [205]  (0.000 ns)
	'and' operation 1 bit ('and_ln99', top.cpp:99) [206]  (0.331 ns)
	'select' operation 1 bit ('select_ln99', top.cpp:99) [213]  (0.000 ns)
	'xor' operation 1 bit ('xor_ln99_2', top.cpp:99) [218]  (0.000 ns)
	'or' operation 1 bit ('or_ln99', top.cpp:99) [219]  (0.000 ns)
	'and' operation 1 bit ('and_ln99_3', top.cpp:99) [221]  (0.331 ns)

 <State 3>: 5.925ns
The critical path consists of the following:
	'mul' operation 48 bit ('mul_ln99_1', top.cpp:99) [238]  (3.387 ns)
	'add' operation 24 bit ('add_ln99_1', top.cpp:99) [244]  (1.110 ns)
	'xor' operation 1 bit ('xor_ln99_5', top.cpp:99) [246]  (0.000 ns)
	'and' operation 1 bit ('and_ln99_6', top.cpp:99) [247]  (0.331 ns)
	'select' operation 1 bit ('select_ln99_4', top.cpp:99) [254]  (0.000 ns)
	'xor' operation 1 bit ('xor_ln99_7', top.cpp:99) [259]  (0.000 ns)
	'or' operation 1 bit ('or_ln99_2', top.cpp:99) [260]  (0.000 ns)
	'and' operation 1 bit ('and_ln99_9', top.cpp:99) [262]  (0.331 ns)
	'or' operation 1 bit ('or_ln99_3', top.cpp:99) [268]  (0.331 ns)
	'select' operation 24 bit ('select_ln99_7', top.cpp:99) [269]  (0.435 ns)

 <State 4>: 7.300ns
The critical path consists of the following:
	'getelementptr' operation 32 bit ('C_addr', top.cpp:93) [167]  (0.000 ns)
	bus write operation ('write_ln94', top.cpp:94) on port 'C' (top.cpp:94) [271]  (7.300 ns)

 <State 5>: 7.300ns
The critical path consists of the following:
	bus write operation ('write_ln94', top.cpp:94) on port 'C' (top.cpp:94) [272]  (7.300 ns)


============================================================
+ Verbose Summary: Binding
============================================================
N/A
* FSMD analyzer results:
  - Output states:
 - Input state : 
  - Chain level:
	State 1
	State 2
	State 3
	State 4
	State 5


============================================================
+ Verbose Summary: Datapath Resource usage 
============================================================
N/A
