

================================================================
== Vitis HLS Report for 'top_kernel_Pipeline_VITIS_LOOP_103_9_VITIS_LOOP_104_10'
================================================================
* Date:           Sat Jan 31 23:55:24 2026

* Version:        2025.1.1 (Build 6214317 on Sep 11 2025)
* Project:        project_1
* Solution:       hls (Vivado IP Flow Target)
* Product family: zynquplus
* Target device:  xczu3eg-sbva484-1-e


================================================================
== Performance Estimates
================================================================
+ Timing: 
    * Summary: 
    +--------+----------+----------+------------+
    |  Clock |  Target  | Estimated| Uncertainty|
    +--------+----------+----------+------------+
    |ap_clk  |  10.00 ns|  7.300 ns|     2.70 ns|
    +--------+----------+----------+------------+

+ Latency: 
    * Summary: 
    +---------+---------+----------+----------+-------+-------+------------------------------------------------+
    |  Latency (cycles) |  Latency (absolute) |    Interval   |                    Pipeline                    |
    |   min   |   max   |    min   |    max   |  min  |  max  |                      Type                      |
    +---------+---------+----------+----------+-------+-------+------------------------------------------------+
    |    16388|    16388|  0.164 ms|  0.164 ms|  16387|  16387|  loop auto-rewind stp (delay=0 clock cycles(s))|
    +---------+---------+----------+----------+-------+-------+------------------------------------------------+

    + Detail: 
        * Instance: 
        N/A

        * Loop: 
        +--------------------------------------+---------+---------+----------+-----------+-----------+------+----------+
        |                                      |  Latency (cycles) | Iteration|  Initiation Interval  | Trip |          |
        |               Loop Name              |   min   |   max   |  Latency |  achieved |   target  | Count| Pipelined|
        +--------------------------------------+---------+---------+----------+-----------+-----------+------+----------+
        |- VITIS_LOOP_103_9_VITIS_LOOP_104_10  |    16386|    16386|         7|          4|          1|  4096|       yes|
        +--------------------------------------+---------+---------+----------+-----------+-----------+------+----------+

============================================================
+ Verbose Summary: Synthesis Manager
============================================================
InlineROM: 1
ExposeGlobal: 0
============================================================
+ Verbose Summary: CDFG Model
============================================================
IsTopModel: 0
ResetActiveHigh: 1
IsCombinational: 0
IsDatapathOnly: 0
HasWiredReturn: 1
HasMFsm: 2
HasVarLatency: 1
IsPipeline: 0
IsRtlPipelined: 0
IsInstanceOverlapped: 0
IsDontTouch: 0
HasImplIP: 0
IsGatedGlobalClock: 0

+ Individual pipeline summary: 
  * Pipeline-0: initiation interval (II) = 4, depth = 7


============================================================
+ Verbose Summary: Schedule
============================================================
* Number of FSM states : 7
* Pipeline : 1
  Pipeline-0 : II = 4, D = 7, States = { 1 2 3 4 5 6 7 }
* Dataflow Pipeline: 0

* FSM state transitions: 
1 --> 2 
2 --> 3 
3 --> 4 
4 --> 5 
5 --> 6 
6 --> 7 
7 --> 

* FSM state operations: 

State 1 <SV = 0> <Delay = 3.21>
ST_1 : Operation 10 [1/1] (0.00ns)   --->   "%jb = alloca i32 1" [top.cpp:104]   --->   Operation 10 'alloca' 'jb' <Predicate = true> <Delay = 0.00>
ST_1 : Operation 11 [1/1] (0.00ns)   --->   "%i = alloca i32 1" [top.cpp:103]   --->   Operation 11 'alloca' 'i' <Predicate = true> <Delay = 0.00>
ST_1 : Operation 12 [1/1] (0.00ns)   --->   "%indvar_flatten6 = alloca i32 1"   --->   Operation 12 'alloca' 'indvar_flatten6' <Predicate = true> <Delay = 0.00>
ST_1 : Operation 13 [1/1] (0.00ns)   --->   "%scale_63_reload_read = read i24 @_ssdm_op_Read.ap_auto.i24, i24 %scale_63_reload"   --->   Operation 13 'read' 'scale_63_reload_read' <Predicate = true> <Delay = 0.00>
ST_1 : Operation 14 [1/1] (0.00ns)   --->   "%scale_59_reload_read = read i24 @_ssdm_op_Read.ap_auto.i24, i24 %scale_59_reload"   --->   Operation 14 'read' 'scale_59_reload_read' <Predicate = true> <Delay = 0.00>
ST_1 : Operation 15 [1/1] (0.00ns)   --->   "%scale_55_reload_read = read i24 @_ssdm_op_Read.ap_auto.i24, i24 %scale_55_reload"   --->   Operation 15 'read' 'scale_55_reload_read' <Predicate = true> <Delay = 0.00>
ST_1 : Operation 16 [1/1] (0.00ns)   --->   "%scale_51_reload_read = read i24 @_ssdm_op_Read.ap_auto.i24, i24 %scale_51_reload"   --->   Operation 16 'read' 'scale_51_reload_read' <Predicate = true> <Delay = 0.00>
ST_1 : Operation 17 [1/1] (0.00ns)   --->   "%scale_47_reload_read = read i24 @_ssdm_op_Read.ap_auto.i24, i24 %scale_47_reload"   --->   Operation 17 'read' 'scale_47_reload_read' <Predicate = true> <Delay = 0.00>
ST_1 : Operation 18 [1/1] (0.00ns)   --->   "%scale_43_reload_read = read i24 @_ssdm_op_Read.ap_auto.i24, i24 %scale_43_reload"   --->   Operation 18 'read' 'scale_43_reload_read' <Predicate = true> <Delay = 0.00>
ST_1 : Operation 19 [1/1] (0.00ns)   --->   "%scale_39_reload_read = read i24 @_ssdm_op_Read.ap_auto.i24, i24 %scale_39_reload"   --->   Operation 19 'read' 'scale_39_reload_read' <Predicate = true> <Delay = 0.00>
ST_1 : Operation 20 [1/1] (0.00ns)   --->   "%scale_35_reload_read = read i24 @_ssdm_op_Read.ap_auto.i24, i24 %scale_35_reload"   --->   Operation 20 'read' 'scale_35_reload_read' <Predicate = true> <Delay = 0.00>
ST_1 : Operation 21 [1/1] (0.00ns)   --->   "%scale_31_reload_read = read i24 @_ssdm_op_Read.ap_auto.i24, i24 %scale_31_reload"   --->   Operation 21 'read' 'scale_31_reload_read' <Predicate = true> <Delay = 0.00>
ST_1 : Operation 22 [1/1] (0.00ns)   --->   "%scale_27_reload_read = read i24 @_ssdm_op_Read.ap_auto.i24, i24 %scale_27_reload"   --->   Operation 22 'read' 'scale_27_reload_read' <Predicate = true> <Delay = 0.00>
ST_1 : Operation 23 [1/1] (0.00ns)   --->   "%scale_23_reload_read = read i24 @_ssdm_op_Read.ap_auto.i24, i24 %scale_23_reload"   --->   Operation 23 'read' 'scale_23_reload_read' <Predicate = true> <Delay = 0.00>
ST_1 : Operation 24 [1/1] (0.00ns)   --->   "%scale_19_reload_read = read i24 @_ssdm_op_Read.ap_auto.i24, i24 %scale_19_reload"   --->   Operation 24 'read' 'scale_19_reload_read' <Predicate = true> <Delay = 0.00>
ST_1 : Operation 25 [1/1] (0.00ns)   --->   "%scale_15_reload_read = read i24 @_ssdm_op_Read.ap_auto.i24, i24 %scale_15_reload"   --->   Operation 25 'read' 'scale_15_reload_read' <Predicate = true> <Delay = 0.00>
ST_1 : Operation 26 [1/1] (0.00ns)   --->   "%scale_11_reload_read = read i24 @_ssdm_op_Read.ap_auto.i24, i24 %scale_11_reload"   --->   Operation 26 'read' 'scale_11_reload_read' <Predicate = true> <Delay = 0.00>
ST_1 : Operation 27 [1/1] (0.00ns)   --->   "%scale_7_reload_read = read i24 @_ssdm_op_Read.ap_auto.i24, i24 %scale_7_reload"   --->   Operation 27 'read' 'scale_7_reload_read' <Predicate = true> <Delay = 0.00>
ST_1 : Operation 28 [1/1] (0.00ns)   --->   "%scale_3_reload_read = read i24 @_ssdm_op_Read.ap_auto.i24, i24 %scale_3_reload"   --->   Operation 28 'read' 'scale_3_reload_read' <Predicate = true> <Delay = 0.00>
ST_1 : Operation 29 [1/1] (0.00ns)   --->   "%scale_62_reload_read = read i24 @_ssdm_op_Read.ap_auto.i24, i24 %scale_62_reload"   --->   Operation 29 'read' 'scale_62_reload_read' <Predicate = true> <Delay = 0.00>
ST_1 : Operation 30 [1/1] (0.00ns)   --->   "%scale_58_reload_read = read i24 @_ssdm_op_Read.ap_auto.i24, i24 %scale_58_reload"   --->   Operation 30 'read' 'scale_58_reload_read' <Predicate = true> <Delay = 0.00>
ST_1 : Operation 31 [1/1] (0.00ns)   --->   "%scale_54_reload_read = read i24 @_ssdm_op_Read.ap_auto.i24, i24 %scale_54_reload"   --->   Operation 31 'read' 'scale_54_reload_read' <Predicate = true> <Delay = 0.00>
ST_1 : Operation 32 [1/1] (0.00ns)   --->   "%scale_50_reload_read = read i24 @_ssdm_op_Read.ap_auto.i24, i24 %scale_50_reload"   --->   Operation 32 'read' 'scale_50_reload_read' <Predicate = true> <Delay = 0.00>
ST_1 : Operation 33 [1/1] (0.00ns)   --->   "%scale_46_reload_read = read i24 @_ssdm_op_Read.ap_auto.i24, i24 %scale_46_reload"   --->   Operation 33 'read' 'scale_46_reload_read' <Predicate = true> <Delay = 0.00>
ST_1 : Operation 34 [1/1] (0.00ns)   --->   "%scale_42_reload_read = read i24 @_ssdm_op_Read.ap_auto.i24, i24 %scale_42_reload"   --->   Operation 34 'read' 'scale_42_reload_read' <Predicate = true> <Delay = 0.00>
ST_1 : Operation 35 [1/1] (0.00ns)   --->   "%scale_38_reload_read = read i24 @_ssdm_op_Read.ap_auto.i24, i24 %scale_38_reload"   --->   Operation 35 'read' 'scale_38_reload_read' <Predicate = true> <Delay = 0.00>
ST_1 : Operation 36 [1/1] (0.00ns)   --->   "%scale_34_reload_read = read i24 @_ssdm_op_Read.ap_auto.i24, i24 %scale_34_reload"   --->   Operation 36 'read' 'scale_34_reload_read' <Predicate = true> <Delay = 0.00>
ST_1 : Operation 37 [1/1] (0.00ns)   --->   "%scale_30_reload_read = read i24 @_ssdm_op_Read.ap_auto.i24, i24 %scale_30_reload"   --->   Operation 37 'read' 'scale_30_reload_read' <Predicate = true> <Delay = 0.00>
ST_1 : Operation 38 [1/1] (0.00ns)   --->   "%scale_26_reload_read = read i24 @_ssdm_op_Read.ap_auto.i24, i24 %scale_26_reload"   --->   Operation 38 'read' 'scale_26_reload_read' <Predicate = true> <Delay = 0.00>
ST_1 : Operation 39 [1/1] (0.00ns)   --->   "%scale_22_reload_read = read i24 @_ssdm_op_Read.ap_auto.i24, i24 %scale_22_reload"   --->   Operation 39 'read' 'scale_22_reload_read' <Predicate = true> <Delay = 0.00>
ST_1 : Operation 40 [1/1] (0.00ns)   --->   "%scale_18_reload_read = read i24 @_ssdm_op_Read.ap_auto.i24, i24 %scale_18_reload"   --->   Operation 40 'read' 'scale_18_reload_read' <Predicate = true> <Delay = 0.00>
ST_1 : Operation 41 [1/1] (0.00ns)   --->   "%scale_14_reload_read = read i24 @_ssdm_op_Read.ap_auto.i24, i24 %scale_14_reload"   --->   Operation 41 'read' 'scale_14_reload_read' <Predicate = true> <Delay = 0.00>
ST_1 : Operation 42 [1/1] (0.00ns)   --->   "%scale_10_reload_read = read i24 @_ssdm_op_Read.ap_auto.i24, i24 %scale_10_reload"   --->   Operation 42 'read' 'scale_10_reload_read' <Predicate = true> <Delay = 0.00>
ST_1 : Operation 43 [1/1] (0.00ns)   --->   "%scale_6_reload_read = read i24 @_ssdm_op_Read.ap_auto.i24, i24 %scale_6_reload"   --->   Operation 43 'read' 'scale_6_reload_read' <Predicate = true> <Delay = 0.00>
ST_1 : Operation 44 [1/1] (0.00ns)   --->   "%scale_2_reload_read = read i24 @_ssdm_op_Read.ap_auto.i24, i24 %scale_2_reload"   --->   Operation 44 'read' 'scale_2_reload_read' <Predicate = true> <Delay = 0.00>
ST_1 : Operation 45 [1/1] (0.00ns)   --->   "%scale_61_reload_read = read i24 @_ssdm_op_Read.ap_auto.i24, i24 %scale_61_reload"   --->   Operation 45 'read' 'scale_61_reload_read' <Predicate = true> <Delay = 0.00>
ST_1 : Operation 46 [1/1] (0.00ns)   --->   "%scale_57_reload_read = read i24 @_ssdm_op_Read.ap_auto.i24, i24 %scale_57_reload"   --->   Operation 46 'read' 'scale_57_reload_read' <Predicate = true> <Delay = 0.00>
ST_1 : Operation 47 [1/1] (0.00ns)   --->   "%scale_53_reload_read = read i24 @_ssdm_op_Read.ap_auto.i24, i24 %scale_53_reload"   --->   Operation 47 'read' 'scale_53_reload_read' <Predicate = true> <Delay = 0.00>
ST_1 : Operation 48 [1/1] (0.00ns)   --->   "%scale_49_reload_read = read i24 @_ssdm_op_Read.ap_auto.i24, i24 %scale_49_reload"   --->   Operation 48 'read' 'scale_49_reload_read' <Predicate = true> <Delay = 0.00>
ST_1 : Operation 49 [1/1] (0.00ns)   --->   "%scale_45_reload_read = read i24 @_ssdm_op_Read.ap_auto.i24, i24 %scale_45_reload"   --->   Operation 49 'read' 'scale_45_reload_read' <Predicate = true> <Delay = 0.00>
ST_1 : Operation 50 [1/1] (0.00ns)   --->   "%scale_41_reload_read = read i24 @_ssdm_op_Read.ap_auto.i24, i24 %scale_41_reload"   --->   Operation 50 'read' 'scale_41_reload_read' <Predicate = true> <Delay = 0.00>
ST_1 : Operation 51 [1/1] (0.00ns)   --->   "%scale_37_reload_read = read i24 @_ssdm_op_Read.ap_auto.i24, i24 %scale_37_reload"   --->   Operation 51 'read' 'scale_37_reload_read' <Predicate = true> <Delay = 0.00>
ST_1 : Operation 52 [1/1] (0.00ns)   --->   "%scale_33_reload_read = read i24 @_ssdm_op_Read.ap_auto.i24, i24 %scale_33_reload"   --->   Operation 52 'read' 'scale_33_reload_read' <Predicate = true> <Delay = 0.00>
ST_1 : Operation 53 [1/1] (0.00ns)   --->   "%scale_29_reload_read = read i24 @_ssdm_op_Read.ap_auto.i24, i24 %scale_29_reload"   --->   Operation 53 'read' 'scale_29_reload_read' <Predicate = true> <Delay = 0.00>
ST_1 : Operation 54 [1/1] (0.00ns)   --->   "%scale_25_reload_read = read i24 @_ssdm_op_Read.ap_auto.i24, i24 %scale_25_reload"   --->   Operation 54 'read' 'scale_25_reload_read' <Predicate = true> <Delay = 0.00>
ST_1 : Operation 55 [1/1] (0.00ns)   --->   "%scale_21_reload_read = read i24 @_ssdm_op_Read.ap_auto.i24, i24 %scale_21_reload"   --->   Operation 55 'read' 'scale_21_reload_read' <Predicate = true> <Delay = 0.00>
ST_1 : Operation 56 [1/1] (0.00ns)   --->   "%scale_17_reload_read = read i24 @_ssdm_op_Read.ap_auto.i24, i24 %scale_17_reload"   --->   Operation 56 'read' 'scale_17_reload_read' <Predicate = true> <Delay = 0.00>
ST_1 : Operation 57 [1/1] (0.00ns)   --->   "%scale_13_reload_read = read i24 @_ssdm_op_Read.ap_auto.i24, i24 %scale_13_reload"   --->   Operation 57 'read' 'scale_13_reload_read' <Predicate = true> <Delay = 0.00>
ST_1 : Operation 58 [1/1] (0.00ns)   --->   "%scale_9_reload_read = read i24 @_ssdm_op_Read.ap_auto.i24, i24 %scale_9_reload"   --->   Operation 58 'read' 'scale_9_reload_read' <Predicate = true> <Delay = 0.00>
ST_1 : Operation 59 [1/1] (0.00ns)   --->   "%scale_5_reload_read = read i24 @_ssdm_op_Read.ap_auto.i24, i24 %scale_5_reload"   --->   Operation 59 'read' 'scale_5_reload_read' <Predicate = true> <Delay = 0.00>
ST_1 : Operation 60 [1/1] (0.00ns)   --->   "%scale_1_reload_read = read i24 @_ssdm_op_Read.ap_auto.i24, i24 %scale_1_reload"   --->   Operation 60 'read' 'scale_1_reload_read' <Predicate = true> <Delay = 0.00>
ST_1 : Operation 61 [1/1] (0.00ns)   --->   "%scale_60_reload_read = read i24 @_ssdm_op_Read.ap_auto.i24, i24 %scale_60_reload"   --->   Operation 61 'read' 'scale_60_reload_read' <Predicate = true> <Delay = 0.00>
ST_1 : Operation 62 [1/1] (0.00ns)   --->   "%scale_56_reload_read = read i24 @_ssdm_op_Read.ap_auto.i24, i24 %scale_56_reload"   --->   Operation 62 'read' 'scale_56_reload_read' <Predicate = true> <Delay = 0.00>
ST_1 : Operation 63 [1/1] (0.00ns)   --->   "%scale_52_reload_read = read i24 @_ssdm_op_Read.ap_auto.i24, i24 %scale_52_reload"   --->   Operation 63 'read' 'scale_52_reload_read' <Predicate = true> <Delay = 0.00>
ST_1 : Operation 64 [1/1] (0.00ns)   --->   "%scale_48_reload_read = read i24 @_ssdm_op_Read.ap_auto.i24, i24 %scale_48_reload"   --->   Operation 64 'read' 'scale_48_reload_read' <Predicate = true> <Delay = 0.00>
ST_1 : Operation 65 [1/1] (0.00ns)   --->   "%scale_44_reload_read = read i24 @_ssdm_op_Read.ap_auto.i24, i24 %scale_44_reload"   --->   Operation 65 'read' 'scale_44_reload_read' <Predicate = true> <Delay = 0.00>
ST_1 : Operation 66 [1/1] (0.00ns)   --->   "%scale_40_reload_read = read i24 @_ssdm_op_Read.ap_auto.i24, i24 %scale_40_reload"   --->   Operation 66 'read' 'scale_40_reload_read' <Predicate = true> <Delay = 0.00>
ST_1 : Operation 67 [1/1] (0.00ns)   --->   "%scale_36_reload_read = read i24 @_ssdm_op_Read.ap_auto.i24, i24 %scale_36_reload"   --->   Operation 67 'read' 'scale_36_reload_read' <Predicate = true> <Delay = 0.00>
ST_1 : Operation 68 [1/1] (0.00ns)   --->   "%scale_32_reload_read = read i24 @_ssdm_op_Read.ap_auto.i24, i24 %scale_32_reload"   --->   Operation 68 'read' 'scale_32_reload_read' <Predicate = true> <Delay = 0.00>
ST_1 : Operation 69 [1/1] (0.00ns)   --->   "%scale_28_reload_read = read i24 @_ssdm_op_Read.ap_auto.i24, i24 %scale_28_reload"   --->   Operation 69 'read' 'scale_28_reload_read' <Predicate = true> <Delay = 0.00>
ST_1 : Operation 70 [1/1] (0.00ns)   --->   "%scale_24_reload_read = read i24 @_ssdm_op_Read.ap_auto.i24, i24 %scale_24_reload"   --->   Operation 70 'read' 'scale_24_reload_read' <Predicate = true> <Delay = 0.00>
ST_1 : Operation 71 [1/1] (0.00ns)   --->   "%scale_20_reload_read = read i24 @_ssdm_op_Read.ap_auto.i24, i24 %scale_20_reload"   --->   Operation 71 'read' 'scale_20_reload_read' <Predicate = true> <Delay = 0.00>
ST_1 : Operation 72 [1/1] (0.00ns)   --->   "%scale_16_reload_read = read i24 @_ssdm_op_Read.ap_auto.i24, i24 %scale_16_reload"   --->   Operation 72 'read' 'scale_16_reload_read' <Predicate = true> <Delay = 0.00>
ST_1 : Operation 73 [1/1] (0.00ns)   --->   "%scale_12_reload_read = read i24 @_ssdm_op_Read.ap_auto.i24, i24 %scale_12_reload"   --->   Operation 73 'read' 'scale_12_reload_read' <Predicate = true> <Delay = 0.00>
ST_1 : Operation 74 [1/1] (0.00ns)   --->   "%scale_8_reload_read = read i24 @_ssdm_op_Read.ap_auto.i24, i24 %scale_8_reload"   --->   Operation 74 'read' 'scale_8_reload_read' <Predicate = true> <Delay = 0.00>
ST_1 : Operation 75 [1/1] (0.00ns)   --->   "%scale_4_reload_read = read i24 @_ssdm_op_Read.ap_auto.i24, i24 %scale_4_reload"   --->   Operation 75 'read' 'scale_4_reload_read' <Predicate = true> <Delay = 0.00>
ST_1 : Operation 76 [1/1] (0.00ns)   --->   "%scale_reload_read = read i24 @_ssdm_op_Read.ap_auto.i24, i24 %scale_reload"   --->   Operation 76 'read' 'scale_reload_read' <Predicate = true> <Delay = 0.00>
ST_1 : Operation 77 [1/1] (0.00ns)   --->   "%sext_ln103_read = read i62 @_ssdm_op_Read.ap_auto.i62, i62 %sext_ln103"   --->   Operation 77 'read' 'sext_ln103_read' <Predicate = true> <Delay = 0.00>
ST_1 : Operation 78 [1/1] (0.00ns)   --->   "%sext_ln103_cast = sext i62 %sext_ln103_read"   --->   Operation 78 'sext' 'sext_ln103_cast' <Predicate = true> <Delay = 0.00>
ST_1 : Operation 79 [1/1] (0.00ns)   --->   "%specmemcore_ln0 = specmemcore void @_ssdm_op_SpecMemCore, i24 %top_kernel_ap_fixed_64_ap_fixed_24_10_0_0_0_64_tmp_7, i64 666, i64 30, i64 18446744073709551615"   --->   Operation 79 'specmemcore' 'specmemcore_ln0' <Predicate = true> <Delay = 0.00>
ST_1 : Operation 80 [1/1] (0.00ns)   --->   "%specmemcore_ln0 = specmemcore void @_ssdm_op_SpecMemCore, i24 %top_kernel_ap_fixed_64_ap_fixed_24_10_0_0_0_64_tmp_1, i64 666, i64 30, i64 18446744073709551615"   --->   Operation 80 'specmemcore' 'specmemcore_ln0' <Predicate = true> <Delay = 0.00>
ST_1 : Operation 81 [1/1] (0.00ns)   --->   "%specmemcore_ln0 = specmemcore void @_ssdm_op_SpecMemCore, i24 %top_kernel_ap_fixed_64_ap_fixed_24_10_0_0_0_64_tmp, i64 666, i64 30, i64 18446744073709551615"   --->   Operation 81 'specmemcore' 'specmemcore_ln0' <Predicate = true> <Delay = 0.00>
ST_1 : Operation 82 [1/1] (0.00ns)   --->   "%specmemcore_ln0 = specmemcore void @_ssdm_op_SpecMemCore, i24 %top_kernel_ap_fixed_64_ap_fixed_24_10_0_0_0_64_tmp_6, i64 666, i64 30, i64 18446744073709551615"   --->   Operation 82 'specmemcore' 'specmemcore_ln0' <Predicate = true> <Delay = 0.00>
ST_1 : Operation 83 [1/1] (0.00ns)   --->   "%specmemcore_ln0 = specmemcore void @_ssdm_op_SpecMemCore, i24 %top_kernel_ap_fixed_64_ap_fixed_24_10_0_0_0_64_tmp_5, i64 666, i64 30, i64 18446744073709551615"   --->   Operation 83 'specmemcore' 'specmemcore_ln0' <Predicate = true> <Delay = 0.00>
ST_1 : Operation 84 [1/1] (0.00ns)   --->   "%specmemcore_ln0 = specmemcore void @_ssdm_op_SpecMemCore, i24 %top_kernel_ap_fixed_64_ap_fixed_24_10_0_0_0_64_tmp_4, i64 666, i64 30, i64 18446744073709551615"   --->   Operation 84 'specmemcore' 'specmemcore_ln0' <Predicate = true> <Delay = 0.00>
ST_1 : Operation 85 [1/1] (0.00ns)   --->   "%specmemcore_ln0 = specmemcore void @_ssdm_op_SpecMemCore, i24 %top_kernel_ap_fixed_64_ap_fixed_24_10_0_0_0_64_tmp_3, i64 666, i64 30, i64 18446744073709551615"   --->   Operation 85 'specmemcore' 'specmemcore_ln0' <Predicate = true> <Delay = 0.00>
ST_1 : Operation 86 [1/1] (0.00ns)   --->   "%specmemcore_ln0 = specmemcore void @_ssdm_op_SpecMemCore, i24 %top_kernel_ap_fixed_64_ap_fixed_24_10_0_0_0_64_tmp_2, i64 666, i64 30, i64 18446744073709551615"   --->   Operation 86 'specmemcore' 'specmemcore_ln0' <Predicate = true> <Delay = 0.00>
ST_1 : Operation 87 [1/1] (0.00ns)   --->   "%specinterface_ln0 = specinterface void @_ssdm_op_SpecInterface, i32 %C, void @empty_2, i32 0, i32 0, void @empty_13, i32 0, i32 0, void @empty_3, void @empty_8, void @empty_13, i32 16, i32 32, i32 16, i32 64, void @empty_13, void @empty_13, i32 4294967295, i32 0, i32 0"   --->   Operation 87 'specinterface' 'specinterface_ln0' <Predicate = true> <Delay = 0.00>
ST_1 : Operation 88 [1/1] (0.48ns)   --->   "%store_ln0 = store i13 0, i13 %indvar_flatten6"   --->   Operation 88 'store' 'store_ln0' <Predicate = true> <Delay = 0.48>
ST_1 : Operation 89 [1/1] (0.48ns)   --->   "%store_ln103 = store i9 0, i9 %i" [top.cpp:103]   --->   Operation 89 'store' 'store_ln103' <Predicate = true> <Delay = 0.48>
ST_1 : Operation 90 [1/1] (0.48ns)   --->   "%store_ln104 = store i7 0, i7 %jb" [top.cpp:104]   --->   Operation 90 'store' 'store_ln104' <Predicate = true> <Delay = 0.48>
ST_1 : Operation 91 [1/1] (0.00ns)   --->   "%br_ln0 = br void %for.body137"   --->   Operation 91 'br' 'br_ln0' <Predicate = true> <Delay = 0.00>
ST_1 : Operation 92 [1/1] (0.00ns)   --->   "%indvar_flatten6_load = load i13 %indvar_flatten6" [top.cpp:103]   --->   Operation 92 'load' 'indvar_flatten6_load' <Predicate = true> <Delay = 0.00>
ST_1 : Operation 93 [1/1] (0.00ns)   --->   "%specbitsmap_ln0 = specbitsmap void @_ssdm_op_SpecBitsMap, i32 %C"   --->   Operation 93 'specbitsmap' 'specbitsmap_ln0' <Predicate = true> <Delay = 0.00>
ST_1 : Operation 94 [1/1] (0.97ns)   --->   "%icmp_ln103 = icmp_eq  i13 %indvar_flatten6_load, i13 4096" [top.cpp:103]   --->   Operation 94 'icmp' 'icmp_ln103' <Predicate = true> <Delay = 0.97> <CoreInst = "Cmp">   --->   Core 9 'Cmp' <Latency = 0> <II = 1> <Delay = 0.97> <FuncUnit> <Opcode : 'seteq' 'setne' 'setle' 'setge' 'setlt' 'setgt'> <InPorts = 2> <OutPorts = 1>
ST_1 : Operation 95 [1/1] (0.97ns)   --->   "%add_ln103_1 = add i13 %indvar_flatten6_load, i13 1" [top.cpp:103]   --->   Operation 95 'add' 'add_ln103_1' <Predicate = true> <Delay = 0.97> <CoreInst = "Adder">   --->   Core 1 'Adder' <Latency = 0> <II = 1> <Delay = 0.97> <FuncUnit> <Opcode : 'add' 'sub'> <InPorts = 2> <OutPorts = 1>
ST_1 : Operation 96 [1/1] (0.00ns)   --->   "%br_ln103 = br i1 %icmp_ln103, void %for.inc194, void %for.end196.exitStub" [top.cpp:103]   --->   Operation 96 'br' 'br_ln103' <Predicate = true> <Delay = 0.00>
ST_1 : Operation 97 [1/1] (0.00ns)   --->   "%jb_load = load i7 %jb"   --->   Operation 97 'load' 'jb_load' <Predicate = (!icmp_ln103)> <Delay = 0.00>
ST_1 : Operation 98 [1/1] (0.00ns)   --->   "%i_load = load i9 %i" [top.cpp:103]   --->   Operation 98 'load' 'i_load' <Predicate = (!icmp_ln103)> <Delay = 0.00>
ST_1 : Operation 99 [1/1] (0.00ns)   --->   "%empty = trunc i7 %jb_load"   --->   Operation 99 'trunc' 'empty' <Predicate = (!icmp_ln103)> <Delay = 0.00>
ST_1 : Operation 100 [1/1] (0.92ns)   --->   "%add_ln103 = add i9 %i_load, i9 1" [top.cpp:103]   --->   Operation 100 'add' 'add_ln103' <Predicate = (!icmp_ln103)> <Delay = 0.92> <CoreInst = "Adder">   --->   Core 1 'Adder' <Latency = 0> <II = 1> <Delay = 0.92> <FuncUnit> <Opcode : 'add' 'sub'> <InPorts = 2> <OutPorts = 1>
ST_1 : Operation 101 [1/1] (0.00ns)   --->   "%tmp = bitselect i1 @_ssdm_op_BitSelect.i1.i7.i32, i7 %jb_load, i32 6" [top.cpp:104]   --->   Operation 101 'bitselect' 'tmp' <Predicate = (!icmp_ln103)> <Delay = 0.00>
ST_1 : Operation 102 [1/1] (0.44ns)   --->   "%select_ln104 = select i1 %tmp, i6 0, i6 %empty" [top.cpp:104]   --->   Operation 102 'select' 'select_ln104' <Predicate = (!icmp_ln103)> <Delay = 0.44> <CoreInst = "Sel">   --->   Core 73 'Sel' <Latency = 0> <II = 1> <Delay = 0.44> <FuncUnit> <Opcode : 'select'> <InPorts = 3> <OutPorts = 1>
ST_1 : Operation 103 [1/1] (0.00ns)   --->   "%zext_ln103 = zext i6 %select_ln104" [top.cpp:103]   --->   Operation 103 'zext' 'zext_ln103' <Predicate = (!icmp_ln103)> <Delay = 0.00>
ST_1 : Operation 104 [1/1] (0.45ns)   --->   "%select_ln103 = select i1 %tmp, i9 %add_ln103, i9 %i_load" [top.cpp:103]   --->   Operation 104 'select' 'select_ln103' <Predicate = (!icmp_ln103)> <Delay = 0.45> <CoreInst = "Sel">   --->   Core 73 'Sel' <Latency = 0> <II = 1> <Delay = 0.45> <FuncUnit> <Opcode : 'select'> <InPorts = 3> <OutPorts = 1>
ST_1 : Operation 105 [1/1] (0.00ns)   --->   "%trunc_ln104 = trunc i9 %select_ln103" [top.cpp:104]   --->   Operation 105 'trunc' 'trunc_ln104' <Predicate = (!icmp_ln103)> <Delay = 0.00>
ST_1 : Operation 106 [1/1] (0.00ns)   --->   "%trunc_ln104_1 = trunc i6 %select_ln104" [top.cpp:104]   --->   Operation 106 'trunc' 'trunc_ln104_1' <Predicate = (!icmp_ln103)> <Delay = 0.00>
ST_1 : Operation 107 [1/1] (0.00ns)   --->   "%lshr_ln1 = partselect i3 @_ssdm_op_PartSelect.i3.i6.i32.i32, i6 %select_ln104, i32 3, i32 5" [top.cpp:104]   --->   Operation 107 'partselect' 'lshr_ln1' <Predicate = (!icmp_ln103)> <Delay = 0.00>
ST_1 : Operation 108 [1/1] (0.00ns)   --->   "%tmp_39 = bitconcatenate i11 @_ssdm_op_BitConcatenate.i11.i8.i3, i8 %trunc_ln104, i3 %lshr_ln1" [top.cpp:106]   --->   Operation 108 'bitconcatenate' 'tmp_39' <Predicate = (!icmp_ln103)> <Delay = 0.00>
ST_1 : Operation 109 [1/1] (0.00ns)   --->   "%zext_ln106_1 = zext i11 %tmp_39" [top.cpp:106]   --->   Operation 109 'zext' 'zext_ln106_1' <Predicate = (!icmp_ln103)> <Delay = 0.00>
ST_1 : Operation 110 [1/1] (0.00ns)   --->   "%top_kernel_ap_fixed_64_ap_fixed_24_10_0_0_0_64_tmp_7_addr = getelementptr i24 %top_kernel_ap_fixed_64_ap_fixed_24_10_0_0_0_64_tmp_7, i64 0, i64 %zext_ln106_1" [top.cpp:106]   --->   Operation 110 'getelementptr' 'top_kernel_ap_fixed_64_ap_fixed_24_10_0_0_0_64_tmp_7_addr' <Predicate = (!icmp_ln103)> <Delay = 0.00>
ST_1 : Operation 111 [1/1] (0.00ns)   --->   "%top_kernel_ap_fixed_64_ap_fixed_24_10_0_0_0_64_tmp_6_addr = getelementptr i24 %top_kernel_ap_fixed_64_ap_fixed_24_10_0_0_0_64_tmp_6, i64 0, i64 %zext_ln106_1" [top.cpp:109]   --->   Operation 111 'getelementptr' 'top_kernel_ap_fixed_64_ap_fixed_24_10_0_0_0_64_tmp_6_addr' <Predicate = (!icmp_ln103)> <Delay = 0.00>
ST_1 : Operation 112 [1/1] (0.00ns)   --->   "%top_kernel_ap_fixed_64_ap_fixed_24_10_0_0_0_64_tmp_5_addr = getelementptr i24 %top_kernel_ap_fixed_64_ap_fixed_24_10_0_0_0_64_tmp_5, i64 0, i64 %zext_ln106_1" [top.cpp:106]   --->   Operation 112 'getelementptr' 'top_kernel_ap_fixed_64_ap_fixed_24_10_0_0_0_64_tmp_5_addr' <Predicate = (!icmp_ln103)> <Delay = 0.00>
ST_1 : Operation 113 [1/1] (0.00ns)   --->   "%top_kernel_ap_fixed_64_ap_fixed_24_10_0_0_0_64_tmp_4_addr = getelementptr i24 %top_kernel_ap_fixed_64_ap_fixed_24_10_0_0_0_64_tmp_4, i64 0, i64 %zext_ln106_1" [top.cpp:107]   --->   Operation 113 'getelementptr' 'top_kernel_ap_fixed_64_ap_fixed_24_10_0_0_0_64_tmp_4_addr' <Predicate = (!icmp_ln103)> <Delay = 0.00>
ST_1 : Operation 114 [1/1] (0.00ns)   --->   "%top_kernel_ap_fixed_64_ap_fixed_24_10_0_0_0_64_tmp_3_addr = getelementptr i24 %top_kernel_ap_fixed_64_ap_fixed_24_10_0_0_0_64_tmp_3, i64 0, i64 %zext_ln106_1" [top.cpp:108]   --->   Operation 114 'getelementptr' 'top_kernel_ap_fixed_64_ap_fixed_24_10_0_0_0_64_tmp_3_addr' <Predicate = (!icmp_ln103)> <Delay = 0.00>
ST_1 : Operation 115 [1/1] (0.00ns)   --->   "%top_kernel_ap_fixed_64_ap_fixed_24_10_0_0_0_64_tmp_2_addr = getelementptr i24 %top_kernel_ap_fixed_64_ap_fixed_24_10_0_0_0_64_tmp_2, i64 0, i64 %zext_ln106_1" [top.cpp:109]   --->   Operation 115 'getelementptr' 'top_kernel_ap_fixed_64_ap_fixed_24_10_0_0_0_64_tmp_2_addr' <Predicate = (!icmp_ln103)> <Delay = 0.00>
ST_1 : Operation 116 [1/1] (0.00ns)   --->   "%top_kernel_ap_fixed_64_ap_fixed_24_10_0_0_0_64_tmp_1_addr = getelementptr i24 %top_kernel_ap_fixed_64_ap_fixed_24_10_0_0_0_64_tmp_1, i64 0, i64 %zext_ln106_1" [top.cpp:107]   --->   Operation 116 'getelementptr' 'top_kernel_ap_fixed_64_ap_fixed_24_10_0_0_0_64_tmp_1_addr' <Predicate = (!icmp_ln103)> <Delay = 0.00>
ST_1 : Operation 117 [1/1] (0.00ns)   --->   "%top_kernel_ap_fixed_64_ap_fixed_24_10_0_0_0_64_tmp_addr = getelementptr i24 %top_kernel_ap_fixed_64_ap_fixed_24_10_0_0_0_64_tmp, i64 0, i64 %zext_ln106_1" [top.cpp:108]   --->   Operation 117 'getelementptr' 'top_kernel_ap_fixed_64_ap_fixed_24_10_0_0_0_64_tmp_addr' <Predicate = (!icmp_ln103)> <Delay = 0.00>
ST_1 : Operation 118 [2/2] (1.35ns)   --->   "%top_kernel_ap_fixed_64_ap_fixed_24_10_0_0_0_64_tmp_7_load = load i11 %top_kernel_ap_fixed_64_ap_fixed_24_10_0_0_0_64_tmp_7_addr" [top.cpp:106]   --->   Operation 118 'load' 'top_kernel_ap_fixed_64_ap_fixed_24_10_0_0_0_64_tmp_7_load' <Predicate = (!icmp_ln103)> <Delay = 1.35> <CoreInst = "RAM_T2P_BRAM">   --->   Core 98 'RAM_T2P_BRAM' <Latency = 1> <II = 1> <Delay = 1.35> <Storage> <Opcode : 'load' 'store'> <Ports = 2> <Width = 24> <Depth = 2048> <RAM>
ST_1 : Operation 119 [2/2] (1.35ns)   --->   "%top_kernel_ap_fixed_64_ap_fixed_24_10_0_0_0_64_tmp_5_load = load i11 %top_kernel_ap_fixed_64_ap_fixed_24_10_0_0_0_64_tmp_5_addr" [top.cpp:106]   --->   Operation 119 'load' 'top_kernel_ap_fixed_64_ap_fixed_24_10_0_0_0_64_tmp_5_load' <Predicate = (!icmp_ln103)> <Delay = 1.35> <CoreInst = "RAM_T2P_BRAM">   --->   Core 98 'RAM_T2P_BRAM' <Latency = 1> <II = 1> <Delay = 1.35> <Storage> <Opcode : 'load' 'store'> <Ports = 2> <Width = 24> <Depth = 2048> <RAM>
ST_1 : Operation 120 [1/1] (0.74ns)   --->   "%icmp_ln106_3 = icmp_ne  i3 %trunc_ln104_1, i3 0" [top.cpp:106]   --->   Operation 120 'icmp' 'icmp_ln106_3' <Predicate = (!icmp_ln103)> <Delay = 0.74> <CoreInst = "Cmp">   --->   Core 9 'Cmp' <Latency = 0> <II = 1> <Delay = 0.74> <FuncUnit> <Opcode : 'seteq' 'setne' 'setle' 'setge' 'setlt' 'setgt'> <InPorts = 2> <OutPorts = 1>
ST_1 : Operation 121 [1/1] (0.57ns)   --->   "%tmp_40 = sparsemux i24 @_ssdm_op_SparseMux.ap_auto.16i24.i24.i6, i6 0, i24 %scale_reload_read, i6 4, i24 %scale_4_reload_read, i6 8, i24 %scale_8_reload_read, i6 12, i24 %scale_12_reload_read, i6 16, i24 %scale_16_reload_read, i6 20, i24 %scale_20_reload_read, i6 24, i24 %scale_24_reload_read, i6 28, i24 %scale_28_reload_read, i6 32, i24 %scale_32_reload_read, i6 36, i24 %scale_36_reload_read, i6 40, i24 %scale_40_reload_read, i6 44, i24 %scale_44_reload_read, i6 48, i24 %scale_48_reload_read, i6 52, i24 %scale_52_reload_read, i6 56, i24 %scale_56_reload_read, i6 60, i24 %scale_60_reload_read, i24 0, i6 %select_ln104" [top.cpp:106]   --->   Operation 121 'sparsemux' 'tmp_40' <Predicate = (!icmp_ln103)> <Delay = 0.57> <CoreInst = "BinarySparseMux_DontCare">   --->   Core 149 'BinarySparseMux_DontCare' <Latency = 0> <II = 1> <Delay = 0.57> <FuncUnit> <Opcode : 'sparsemux'> <InPorts = 2> <OutPorts = 1>
ST_1 : Operation 122 [2/2] (1.35ns)   --->   "%top_kernel_ap_fixed_64_ap_fixed_24_10_0_0_0_64_tmp_1_load = load i11 %top_kernel_ap_fixed_64_ap_fixed_24_10_0_0_0_64_tmp_1_addr" [top.cpp:107]   --->   Operation 122 'load' 'top_kernel_ap_fixed_64_ap_fixed_24_10_0_0_0_64_tmp_1_load' <Predicate = (!icmp_ln103)> <Delay = 1.35> <CoreInst = "RAM_T2P_BRAM">   --->   Core 98 'RAM_T2P_BRAM' <Latency = 1> <II = 1> <Delay = 1.35> <Storage> <Opcode : 'load' 'store'> <Ports = 2> <Width = 24> <Depth = 2048> <RAM>
ST_1 : Operation 123 [2/2] (1.35ns)   --->   "%top_kernel_ap_fixed_64_ap_fixed_24_10_0_0_0_64_tmp_4_load = load i11 %top_kernel_ap_fixed_64_ap_fixed_24_10_0_0_0_64_tmp_4_addr" [top.cpp:107]   --->   Operation 123 'load' 'top_kernel_ap_fixed_64_ap_fixed_24_10_0_0_0_64_tmp_4_load' <Predicate = (!icmp_ln103)> <Delay = 1.35> <CoreInst = "RAM_T2P_BRAM">   --->   Core 98 'RAM_T2P_BRAM' <Latency = 1> <II = 1> <Delay = 1.35> <Storage> <Opcode : 'load' 'store'> <Ports = 2> <Width = 24> <Depth = 2048> <RAM>
ST_1 : Operation 124 [1/1] (0.57ns)   --->   "%tmp_49 = sparsemux i24 @_ssdm_op_SparseMux.ap_auto.16i24.i24.i6, i6 0, i24 %scale_1_reload_read, i6 4, i24 %scale_5_reload_read, i6 8, i24 %scale_9_reload_read, i6 12, i24 %scale_13_reload_read, i6 16, i24 %scale_17_reload_read, i6 20, i24 %scale_21_reload_read, i6 24, i24 %scale_25_reload_read, i6 28, i24 %scale_29_reload_read, i6 32, i24 %scale_33_reload_read, i6 36, i24 %scale_37_reload_read, i6 40, i24 %scale_41_reload_read, i6 44, i24 %scale_45_reload_read, i6 48, i24 %scale_49_reload_read, i6 52, i24 %scale_53_reload_read, i6 56, i24 %scale_57_reload_read, i6 60, i24 %scale_61_reload_read, i24 0, i6 %select_ln104" [top.cpp:107]   --->   Operation 124 'sparsemux' 'tmp_49' <Predicate = (!icmp_ln103)> <Delay = 0.57> <CoreInst = "BinarySparseMux_DontCare">   --->   Core 149 'BinarySparseMux_DontCare' <Latency = 0> <II = 1> <Delay = 0.57> <FuncUnit> <Opcode : 'sparsemux'> <InPorts = 2> <OutPorts = 1>
ST_1 : Operation 125 [2/2] (1.35ns)   --->   "%top_kernel_ap_fixed_64_ap_fixed_24_10_0_0_0_64_tmp_load = load i11 %top_kernel_ap_fixed_64_ap_fixed_24_10_0_0_0_64_tmp_addr" [top.cpp:108]   --->   Operation 125 'load' 'top_kernel_ap_fixed_64_ap_fixed_24_10_0_0_0_64_tmp_load' <Predicate = (!icmp_ln103)> <Delay = 1.35> <CoreInst = "RAM_T2P_BRAM">   --->   Core 98 'RAM_T2P_BRAM' <Latency = 1> <II = 1> <Delay = 1.35> <Storage> <Opcode : 'load' 'store'> <Ports = 2> <Width = 24> <Depth = 2048> <RAM>
ST_1 : Operation 126 [2/2] (1.35ns)   --->   "%top_kernel_ap_fixed_64_ap_fixed_24_10_0_0_0_64_tmp_3_load = load i11 %top_kernel_ap_fixed_64_ap_fixed_24_10_0_0_0_64_tmp_3_addr" [top.cpp:108]   --->   Operation 126 'load' 'top_kernel_ap_fixed_64_ap_fixed_24_10_0_0_0_64_tmp_3_load' <Predicate = (!icmp_ln103)> <Delay = 1.35> <CoreInst = "RAM_T2P_BRAM">   --->   Core 98 'RAM_T2P_BRAM' <Latency = 1> <II = 1> <Delay = 1.35> <Storage> <Opcode : 'load' 'store'> <Ports = 2> <Width = 24> <Depth = 2048> <RAM>
ST_1 : Operation 127 [1/1] (0.57ns)   --->   "%tmp_57 = sparsemux i24 @_ssdm_op_SparseMux.ap_auto.16i24.i24.i6, i6 0, i24 %scale_2_reload_read, i6 4, i24 %scale_6_reload_read, i6 8, i24 %scale_10_reload_read, i6 12, i24 %scale_14_reload_read, i6 16, i24 %scale_18_reload_read, i6 20, i24 %scale_22_reload_read, i6 24, i24 %scale_26_reload_read, i6 28, i24 %scale_30_reload_read, i6 32, i24 %scale_34_reload_read, i6 36, i24 %scale_38_reload_read, i6 40, i24 %scale_42_reload_read, i6 44, i24 %scale_46_reload_read, i6 48, i24 %scale_50_reload_read, i6 52, i24 %scale_54_reload_read, i6 56, i24 %scale_58_reload_read, i6 60, i24 %scale_62_reload_read, i24 0, i6 %select_ln104" [top.cpp:108]   --->   Operation 127 'sparsemux' 'tmp_57' <Predicate = (!icmp_ln103)> <Delay = 0.57> <CoreInst = "BinarySparseMux_DontCare">   --->   Core 149 'BinarySparseMux_DontCare' <Latency = 0> <II = 1> <Delay = 0.57> <FuncUnit> <Opcode : 'sparsemux'> <InPorts = 2> <OutPorts = 1>
ST_1 : Operation 128 [2/2] (1.35ns)   --->   "%top_kernel_ap_fixed_64_ap_fixed_24_10_0_0_0_64_tmp_6_load = load i11 %top_kernel_ap_fixed_64_ap_fixed_24_10_0_0_0_64_tmp_6_addr" [top.cpp:109]   --->   Operation 128 'load' 'top_kernel_ap_fixed_64_ap_fixed_24_10_0_0_0_64_tmp_6_load' <Predicate = (!icmp_ln103)> <Delay = 1.35> <CoreInst = "RAM_T2P_BRAM">   --->   Core 98 'RAM_T2P_BRAM' <Latency = 1> <II = 1> <Delay = 1.35> <Storage> <Opcode : 'load' 'store'> <Ports = 2> <Width = 24> <Depth = 2048> <RAM>
ST_1 : Operation 129 [2/2] (1.35ns)   --->   "%top_kernel_ap_fixed_64_ap_fixed_24_10_0_0_0_64_tmp_2_load = load i11 %top_kernel_ap_fixed_64_ap_fixed_24_10_0_0_0_64_tmp_2_addr" [top.cpp:109]   --->   Operation 129 'load' 'top_kernel_ap_fixed_64_ap_fixed_24_10_0_0_0_64_tmp_2_load' <Predicate = (!icmp_ln103)> <Delay = 1.35> <CoreInst = "RAM_T2P_BRAM">   --->   Core 98 'RAM_T2P_BRAM' <Latency = 1> <II = 1> <Delay = 1.35> <Storage> <Opcode : 'load' 'store'> <Ports = 2> <Width = 24> <Depth = 2048> <RAM>
ST_1 : Operation 130 [1/1] (0.57ns)   --->   "%tmp_65 = sparsemux i24 @_ssdm_op_SparseMux.ap_auto.16i24.i24.i6, i6 0, i24 %scale_3_reload_read, i6 4, i24 %scale_7_reload_read, i6 8, i24 %scale_11_reload_read, i6 12, i24 %scale_15_reload_read, i6 16, i24 %scale_19_reload_read, i6 20, i24 %scale_23_reload_read, i6 24, i24 %scale_27_reload_read, i6 28, i24 %scale_31_reload_read, i6 32, i24 %scale_35_reload_read, i6 36, i24 %scale_39_reload_read, i6 40, i24 %scale_43_reload_read, i6 44, i24 %scale_47_reload_read, i6 48, i24 %scale_51_reload_read, i6 52, i24 %scale_55_reload_read, i6 56, i24 %scale_59_reload_read, i6 60, i24 %scale_63_reload_read, i24 0, i6 %select_ln104" [top.cpp:109]   --->   Operation 130 'sparsemux' 'tmp_65' <Predicate = (!icmp_ln103)> <Delay = 0.57> <CoreInst = "BinarySparseMux_DontCare">   --->   Core 149 'BinarySparseMux_DontCare' <Latency = 0> <II = 1> <Delay = 0.57> <FuncUnit> <Opcode : 'sparsemux'> <InPorts = 2> <OutPorts = 1>
ST_1 : Operation 131 [1/1] (0.88ns)   --->   "%add_ln104 = add i7 %zext_ln103, i7 4" [top.cpp:104]   --->   Operation 131 'add' 'add_ln104' <Predicate = (!icmp_ln103)> <Delay = 0.88> <CoreInst = "Adder">   --->   Core 1 'Adder' <Latency = 0> <II = 1> <Delay = 0.88> <FuncUnit> <Opcode : 'add' 'sub'> <InPorts = 2> <OutPorts = 1>
ST_1 : Operation 132 [1/1] (0.48ns)   --->   "%store_ln103 = store i13 %add_ln103_1, i13 %indvar_flatten6" [top.cpp:103]   --->   Operation 132 'store' 'store_ln103' <Predicate = (!icmp_ln103)> <Delay = 0.48>
ST_1 : Operation 133 [1/1] (0.48ns)   --->   "%store_ln103 = store i9 %select_ln103, i9 %i" [top.cpp:103]   --->   Operation 133 'store' 'store_ln103' <Predicate = (!icmp_ln103)> <Delay = 0.48>
ST_1 : Operation 134 [1/1] (0.48ns)   --->   "%store_ln104 = store i7 %add_ln104, i7 %jb" [top.cpp:104]   --->   Operation 134 'store' 'store_ln104' <Predicate = (!icmp_ln103)> <Delay = 0.48>

State 2 <SV = 1> <Delay = 7.27>
ST_2 : Operation 135 [1/2] ( I:1.35ns O:1.35ns )   --->   "%top_kernel_ap_fixed_64_ap_fixed_24_10_0_0_0_64_tmp_7_load = load i11 %top_kernel_ap_fixed_64_ap_fixed_24_10_0_0_0_64_tmp_7_addr" [top.cpp:106]   --->   Operation 135 'load' 'top_kernel_ap_fixed_64_ap_fixed_24_10_0_0_0_64_tmp_7_load' <Predicate = (!icmp_ln103)> <Delay = 1.35> <CoreInst = "RAM_T2P_BRAM">   --->   Core 98 'RAM_T2P_BRAM' <Latency = 1> <II = 1> <Delay = 1.35> <Storage> <Opcode : 'load' 'store'> <Ports = 2> <Width = 24> <Depth = 2048> <RAM>
ST_2 : Operation 136 [1/2] ( I:1.35ns O:1.35ns )   --->   "%top_kernel_ap_fixed_64_ap_fixed_24_10_0_0_0_64_tmp_5_load = load i11 %top_kernel_ap_fixed_64_ap_fixed_24_10_0_0_0_64_tmp_5_addr" [top.cpp:106]   --->   Operation 136 'load' 'top_kernel_ap_fixed_64_ap_fixed_24_10_0_0_0_64_tmp_5_load' <Predicate = (!icmp_ln103)> <Delay = 1.35> <CoreInst = "RAM_T2P_BRAM">   --->   Core 98 'RAM_T2P_BRAM' <Latency = 1> <II = 1> <Delay = 1.35> <Storage> <Opcode : 'load' 'store'> <Ports = 2> <Width = 24> <Depth = 2048> <RAM>
ST_2 : Operation 137 [1/1] (0.43ns)   --->   "%select_ln106_3 = select i1 %icmp_ln106_3, i24 %top_kernel_ap_fixed_64_ap_fixed_24_10_0_0_0_64_tmp_5_load, i24 %top_kernel_ap_fixed_64_ap_fixed_24_10_0_0_0_64_tmp_7_load" [top.cpp:106]   --->   Operation 137 'select' 'select_ln106_3' <Predicate = (!icmp_ln103)> <Delay = 0.43> <CoreInst = "Sel">   --->   Core 73 'Sel' <Latency = 0> <II = 1> <Delay = 0.43> <FuncUnit> <Opcode : 'select'> <InPorts = 3> <OutPorts = 1>
ST_2 : Operation 138 [1/1] (0.00ns)   --->   "%sext_ln106 = sext i24 %select_ln106_3" [top.cpp:106]   --->   Operation 138 'sext' 'sext_ln106' <Predicate = (!icmp_ln103)> <Delay = 0.00>
ST_2 : Operation 139 [1/1] (0.00ns)   --->   "%sext_ln106_1 = sext i24 %tmp_40" [top.cpp:106]   --->   Operation 139 'sext' 'sext_ln106_1' <Predicate = (!icmp_ln103)> <Delay = 0.00>
ST_2 : Operation 140 [1/1] (3.38ns)   --->   "%mul_ln106 = mul i48 %sext_ln106_1, i48 %sext_ln106" [top.cpp:106]   --->   Operation 140 'mul' 'mul_ln106' <Predicate = (!icmp_ln103)> <Delay = 3.38> <CoreInst = "Multiplier">   --->   Core 3 'Multiplier' <Latency = 0> <II = 1> <Delay = 3.38> <FuncUnit> <Opcode : 'mul'> <InPorts = 2> <OutPorts = 1>
ST_2 : Operation 141 [1/1] (0.00ns)   --->   "%tmp_85 = bitselect i1 @_ssdm_op_BitSelect.i1.i48.i32, i48 %mul_ln106, i32 47" [top.cpp:106]   --->   Operation 141 'bitselect' 'tmp_85' <Predicate = (!icmp_ln103)> <Delay = 0.00>
ST_2 : Operation 142 [1/1] (0.00ns)   --->   "%c0 = partselect i24 @_ssdm_op_PartSelect.i24.i48.i32.i32, i48 %mul_ln106, i32 14, i32 37" [top.cpp:106]   --->   Operation 142 'partselect' 'c0' <Predicate = (!icmp_ln103)> <Delay = 0.00>
ST_2 : Operation 143 [1/1] (0.00ns)   --->   "%tmp_86 = bitselect i1 @_ssdm_op_BitSelect.i1.i48.i32, i48 %mul_ln106, i32 13" [top.cpp:106]   --->   Operation 143 'bitselect' 'tmp_86' <Predicate = (!icmp_ln103)> <Delay = 0.00>
ST_2 : Operation 144 [1/1] (0.00ns) (grouped into LUT with out node and_ln106)   --->   "%tmp_87 = bitselect i1 @_ssdm_op_BitSelect.i1.i48.i32, i48 %mul_ln106, i32 37" [top.cpp:106]   --->   Operation 144 'bitselect' 'tmp_87' <Predicate = (!icmp_ln103)> <Delay = 0.00>
ST_2 : Operation 145 [1/1] (0.00ns)   --->   "%zext_ln106 = zext i1 %tmp_86" [top.cpp:106]   --->   Operation 145 'zext' 'zext_ln106' <Predicate = (!icmp_ln103)> <Delay = 0.00>
ST_2 : Operation 146 [1/1] (1.10ns)   --->   "%c0_1 = add i24 %c0, i24 %zext_ln106" [top.cpp:106]   --->   Operation 146 'add' 'c0_1' <Predicate = (!icmp_ln103)> <Delay = 1.10> <CoreInst = "Adder">   --->   Core 1 'Adder' <Latency = 0> <II = 1> <Delay = 1.10> <FuncUnit> <Opcode : 'add' 'sub'> <InPorts = 2> <OutPorts = 1>
ST_2 : Operation 147 [1/1] (0.00ns)   --->   "%tmp_88 = bitselect i1 @_ssdm_op_BitSelect.i1.i24.i32, i24 %c0_1, i32 23" [top.cpp:106]   --->   Operation 147 'bitselect' 'tmp_88' <Predicate = (!icmp_ln103)> <Delay = 0.00>
ST_2 : Operation 148 [1/1] (0.00ns) (grouped into LUT with out node and_ln106)   --->   "%xor_ln106 = xor i1 %tmp_88, i1 1" [top.cpp:106]   --->   Operation 148 'xor' 'xor_ln106' <Predicate = (!icmp_ln103)> <Delay = 0.00> <CoreInst = "LogicGate">   --->   Core 74 'LogicGate' <Latency = 0> <II = 1> <Delay = 0.33> <FuncUnit> <Opcode : 'and' 'or' 'xor'> <InPorts = 2> <OutPorts = 1>
ST_2 : Operation 149 [1/1] (0.33ns) (out node of the LUT)   --->   "%and_ln106 = and i1 %tmp_87, i1 %xor_ln106" [top.cpp:106]   --->   Operation 149 'and' 'and_ln106' <Predicate = (!icmp_ln103)> <Delay = 0.33> <CoreInst = "LogicGate">   --->   Core 74 'LogicGate' <Latency = 0> <II = 1> <Delay = 0.33> <FuncUnit> <Opcode : 'and' 'or' 'xor'> <InPorts = 2> <OutPorts = 1>
ST_2 : Operation 150 [1/1] (0.00ns) (grouped into LUT with out node and_ln106_4)   --->   "%tmp_89 = bitselect i1 @_ssdm_op_BitSelect.i1.i48.i32, i48 %mul_ln106, i32 38" [top.cpp:106]   --->   Operation 150 'bitselect' 'tmp_89' <Predicate = (!icmp_ln103)> <Delay = 0.00>
ST_2 : Operation 151 [1/1] (0.00ns)   --->   "%tmp_47 = partselect i9 @_ssdm_op_PartSelect.i9.i48.i32, i48 %mul_ln106, i32 39" [top.cpp:106]   --->   Operation 151 'partselect' 'tmp_47' <Predicate = (!icmp_ln103)> <Delay = 0.00>
ST_2 : Operation 152 [1/1] (0.92ns)   --->   "%icmp_ln106 = icmp_eq  i9 %tmp_47, i9 511" [top.cpp:106]   --->   Operation 152 'icmp' 'icmp_ln106' <Predicate = (!icmp_ln103)> <Delay = 0.92> <CoreInst = "Cmp">   --->   Core 9 'Cmp' <Latency = 0> <II = 1> <Delay = 0.92> <FuncUnit> <Opcode : 'seteq' 'setne' 'setle' 'setge' 'setlt' 'setgt'> <InPorts = 2> <OutPorts = 1>
ST_2 : Operation 153 [1/1] (0.00ns)   --->   "%tmp_48 = partselect i10 @_ssdm_op_PartSelect.i10.i48.i32, i48 %mul_ln106, i32 38" [top.cpp:106]   --->   Operation 153 'partselect' 'tmp_48' <Predicate = (!icmp_ln103)> <Delay = 0.00>
ST_2 : Operation 154 [1/1] (0.93ns)   --->   "%icmp_ln106_1 = icmp_eq  i10 %tmp_48, i10 1023" [top.cpp:106]   --->   Operation 154 'icmp' 'icmp_ln106_1' <Predicate = (!icmp_ln103)> <Delay = 0.93> <CoreInst = "Cmp">   --->   Core 9 'Cmp' <Latency = 0> <II = 1> <Delay = 0.93> <FuncUnit> <Opcode : 'seteq' 'setne' 'setle' 'setge' 'setlt' 'setgt'> <InPorts = 2> <OutPorts = 1>
ST_2 : Operation 155 [1/1] (0.93ns)   --->   "%icmp_ln106_2 = icmp_eq  i10 %tmp_48, i10 0" [top.cpp:106]   --->   Operation 155 'icmp' 'icmp_ln106_2' <Predicate = (!icmp_ln103)> <Delay = 0.93> <CoreInst = "Cmp">   --->   Core 9 'Cmp' <Latency = 0> <II = 1> <Delay = 0.93> <FuncUnit> <Opcode : 'seteq' 'setne' 'setle' 'setge' 'setlt' 'setgt'> <InPorts = 2> <OutPorts = 1>
ST_2 : Operation 156 [1/1] (0.00ns) (grouped into LUT with out node and_ln106_3)   --->   "%select_ln106 = select i1 %and_ln106, i1 %icmp_ln106_1, i1 %icmp_ln106_2" [top.cpp:106]   --->   Operation 156 'select' 'select_ln106' <Predicate = (!icmp_ln103)> <Delay = 0.00> <CoreInst = "Sel">   --->   Core 73 'Sel' <Latency = 0> <II = 1> <Delay = 0.26> <FuncUnit> <Opcode : 'select'> <InPorts = 3> <OutPorts = 1>
ST_2 : Operation 157 [1/1] (0.00ns) (grouped into LUT with out node and_ln106_4)   --->   "%xor_ln106_1 = xor i1 %tmp_89, i1 1" [top.cpp:106]   --->   Operation 157 'xor' 'xor_ln106_1' <Predicate = (!icmp_ln103)> <Delay = 0.00> <CoreInst = "LogicGate">   --->   Core 74 'LogicGate' <Latency = 0> <II = 1> <Delay = 0.33> <FuncUnit> <Opcode : 'and' 'or' 'xor'> <InPorts = 2> <OutPorts = 1>
ST_2 : Operation 158 [1/1] (0.00ns) (grouped into LUT with out node and_ln106_4)   --->   "%and_ln106_1 = and i1 %icmp_ln106, i1 %xor_ln106_1" [top.cpp:106]   --->   Operation 158 'and' 'and_ln106_1' <Predicate = (!icmp_ln103)> <Delay = 0.00> <CoreInst = "LogicGate">   --->   Core 74 'LogicGate' <Latency = 0> <II = 1> <Delay = 0.33> <FuncUnit> <Opcode : 'and' 'or' 'xor'> <InPorts = 2> <OutPorts = 1>
ST_2 : Operation 159 [1/1] (0.00ns) (grouped into LUT with out node and_ln106_4)   --->   "%select_ln106_1 = select i1 %and_ln106, i1 %and_ln106_1, i1 %icmp_ln106_1" [top.cpp:106]   --->   Operation 159 'select' 'select_ln106_1' <Predicate = (!icmp_ln103)> <Delay = 0.00> <CoreInst = "Sel">   --->   Core 73 'Sel' <Latency = 0> <II = 1> <Delay = 0.26> <FuncUnit> <Opcode : 'select'> <InPorts = 3> <OutPorts = 1>
ST_2 : Operation 160 [1/1] (0.00ns) (grouped into LUT with out node or_ln106_1)   --->   "%and_ln106_2 = and i1 %and_ln106, i1 %icmp_ln106_1" [top.cpp:106]   --->   Operation 160 'and' 'and_ln106_2' <Predicate = (!icmp_ln103)> <Delay = 0.00> <CoreInst = "LogicGate">   --->   Core 74 'LogicGate' <Latency = 0> <II = 1> <Delay = 0.33> <FuncUnit> <Opcode : 'and' 'or' 'xor'> <InPorts = 2> <OutPorts = 1>
ST_2 : Operation 161 [1/1] (0.00ns) (grouped into LUT with out node and_ln106_3)   --->   "%xor_ln106_2 = xor i1 %select_ln106, i1 1" [top.cpp:106]   --->   Operation 161 'xor' 'xor_ln106_2' <Predicate = (!icmp_ln103)> <Delay = 0.00> <CoreInst = "LogicGate">   --->   Core 74 'LogicGate' <Latency = 0> <II = 1> <Delay = 0.33> <FuncUnit> <Opcode : 'and' 'or' 'xor'> <InPorts = 2> <OutPorts = 1>
ST_2 : Operation 162 [1/1] (0.00ns) (grouped into LUT with out node and_ln106_3)   --->   "%or_ln106 = or i1 %tmp_88, i1 %xor_ln106_2" [top.cpp:106]   --->   Operation 162 'or' 'or_ln106' <Predicate = (!icmp_ln103)> <Delay = 0.00> <CoreInst = "LogicGate">   --->   Core 74 'LogicGate' <Latency = 0> <II = 1> <Delay = 0.33> <FuncUnit> <Opcode : 'and' 'or' 'xor'> <InPorts = 2> <OutPorts = 1>
ST_2 : Operation 163 [1/1] (0.00ns) (grouped into LUT with out node and_ln106_3)   --->   "%xor_ln106_3 = xor i1 %tmp_85, i1 1" [top.cpp:106]   --->   Operation 163 'xor' 'xor_ln106_3' <Predicate = (!icmp_ln103)> <Delay = 0.00> <CoreInst = "LogicGate">   --->   Core 74 'LogicGate' <Latency = 0> <II = 1> <Delay = 0.33> <FuncUnit> <Opcode : 'and' 'or' 'xor'> <InPorts = 2> <OutPorts = 1>
ST_2 : Operation 164 [1/1] (0.33ns) (out node of the LUT)   --->   "%and_ln106_3 = and i1 %or_ln106, i1 %xor_ln106_3" [top.cpp:106]   --->   Operation 164 'and' 'and_ln106_3' <Predicate = (!icmp_ln103)> <Delay = 0.33> <CoreInst = "LogicGate">   --->   Core 74 'LogicGate' <Latency = 0> <II = 1> <Delay = 0.33> <FuncUnit> <Opcode : 'and' 'or' 'xor'> <InPorts = 2> <OutPorts = 1>
ST_2 : Operation 165 [1/1] (0.33ns) (out node of the LUT)   --->   "%and_ln106_4 = and i1 %tmp_88, i1 %select_ln106_1" [top.cpp:106]   --->   Operation 165 'and' 'and_ln106_4' <Predicate = (!icmp_ln103)> <Delay = 0.33> <CoreInst = "LogicGate">   --->   Core 74 'LogicGate' <Latency = 0> <II = 1> <Delay = 0.33> <FuncUnit> <Opcode : 'and' 'or' 'xor'> <InPorts = 2> <OutPorts = 1>
ST_2 : Operation 166 [1/1] (0.00ns) (grouped into LUT with out node or_ln106_1)   --->   "%or_ln106_2 = or i1 %and_ln106_2, i1 %and_ln106_4" [top.cpp:106]   --->   Operation 166 'or' 'or_ln106_2' <Predicate = (!icmp_ln103)> <Delay = 0.00> <CoreInst = "LogicGate">   --->   Core 74 'LogicGate' <Latency = 0> <II = 1> <Delay = 0.33> <FuncUnit> <Opcode : 'and' 'or' 'xor'> <InPorts = 2> <OutPorts = 1>
ST_2 : Operation 167 [1/1] (0.00ns) (grouped into LUT with out node or_ln106_1)   --->   "%xor_ln106_4 = xor i1 %or_ln106_2, i1 1" [top.cpp:106]   --->   Operation 167 'xor' 'xor_ln106_4' <Predicate = (!icmp_ln103)> <Delay = 0.00> <CoreInst = "LogicGate">   --->   Core 74 'LogicGate' <Latency = 0> <II = 1> <Delay = 0.33> <FuncUnit> <Opcode : 'and' 'or' 'xor'> <InPorts = 2> <OutPorts = 1>
ST_2 : Operation 168 [1/1] (0.00ns) (grouped into LUT with out node or_ln106_1)   --->   "%and_ln106_5 = and i1 %tmp_85, i1 %xor_ln106_4" [top.cpp:106]   --->   Operation 168 'and' 'and_ln106_5' <Predicate = (!icmp_ln103)> <Delay = 0.00> <CoreInst = "LogicGate">   --->   Core 74 'LogicGate' <Latency = 0> <II = 1> <Delay = 0.33> <FuncUnit> <Opcode : 'and' 'or' 'xor'> <InPorts = 2> <OutPorts = 1>
ST_2 : Operation 169 [1/1] (0.33ns) (out node of the LUT)   --->   "%or_ln106_1 = or i1 %and_ln106_3, i1 %and_ln106_5" [top.cpp:106]   --->   Operation 169 'or' 'or_ln106_1' <Predicate = (!icmp_ln103)> <Delay = 0.33> <CoreInst = "LogicGate">   --->   Core 74 'LogicGate' <Latency = 0> <II = 1> <Delay = 0.33> <FuncUnit> <Opcode : 'and' 'or' 'xor'> <InPorts = 2> <OutPorts = 1>
ST_2 : Operation 170 [1/2] ( I:1.35ns O:1.35ns )   --->   "%top_kernel_ap_fixed_64_ap_fixed_24_10_0_0_0_64_tmp_1_load = load i11 %top_kernel_ap_fixed_64_ap_fixed_24_10_0_0_0_64_tmp_1_addr" [top.cpp:107]   --->   Operation 170 'load' 'top_kernel_ap_fixed_64_ap_fixed_24_10_0_0_0_64_tmp_1_load' <Predicate = (!icmp_ln103)> <Delay = 1.35> <CoreInst = "RAM_T2P_BRAM">   --->   Core 98 'RAM_T2P_BRAM' <Latency = 1> <II = 1> <Delay = 1.35> <Storage> <Opcode : 'load' 'store'> <Ports = 2> <Width = 24> <Depth = 2048> <RAM>
ST_2 : Operation 171 [1/2] ( I:1.35ns O:1.35ns )   --->   "%top_kernel_ap_fixed_64_ap_fixed_24_10_0_0_0_64_tmp_4_load = load i11 %top_kernel_ap_fixed_64_ap_fixed_24_10_0_0_0_64_tmp_4_addr" [top.cpp:107]   --->   Operation 171 'load' 'top_kernel_ap_fixed_64_ap_fixed_24_10_0_0_0_64_tmp_4_load' <Predicate = (!icmp_ln103)> <Delay = 1.35> <CoreInst = "RAM_T2P_BRAM">   --->   Core 98 'RAM_T2P_BRAM' <Latency = 1> <II = 1> <Delay = 1.35> <Storage> <Opcode : 'load' 'store'> <Ports = 2> <Width = 24> <Depth = 2048> <RAM>
ST_2 : Operation 172 [1/1] (0.43ns)   --->   "%select_ln107_3 = select i1 %icmp_ln106_3, i24 %top_kernel_ap_fixed_64_ap_fixed_24_10_0_0_0_64_tmp_4_load, i24 %top_kernel_ap_fixed_64_ap_fixed_24_10_0_0_0_64_tmp_1_load" [top.cpp:107]   --->   Operation 172 'select' 'select_ln107_3' <Predicate = (!icmp_ln103)> <Delay = 0.43> <CoreInst = "Sel">   --->   Core 73 'Sel' <Latency = 0> <II = 1> <Delay = 0.43> <FuncUnit> <Opcode : 'select'> <InPorts = 3> <OutPorts = 1>
ST_2 : Operation 173 [1/2] ( I:1.35ns O:1.35ns )   --->   "%top_kernel_ap_fixed_64_ap_fixed_24_10_0_0_0_64_tmp_load = load i11 %top_kernel_ap_fixed_64_ap_fixed_24_10_0_0_0_64_tmp_addr" [top.cpp:108]   --->   Operation 173 'load' 'top_kernel_ap_fixed_64_ap_fixed_24_10_0_0_0_64_tmp_load' <Predicate = (!icmp_ln103)> <Delay = 1.35> <CoreInst = "RAM_T2P_BRAM">   --->   Core 98 'RAM_T2P_BRAM' <Latency = 1> <II = 1> <Delay = 1.35> <Storage> <Opcode : 'load' 'store'> <Ports = 2> <Width = 24> <Depth = 2048> <RAM>
ST_2 : Operation 174 [1/2] ( I:1.35ns O:1.35ns )   --->   "%top_kernel_ap_fixed_64_ap_fixed_24_10_0_0_0_64_tmp_3_load = load i11 %top_kernel_ap_fixed_64_ap_fixed_24_10_0_0_0_64_tmp_3_addr" [top.cpp:108]   --->   Operation 174 'load' 'top_kernel_ap_fixed_64_ap_fixed_24_10_0_0_0_64_tmp_3_load' <Predicate = (!icmp_ln103)> <Delay = 1.35> <CoreInst = "RAM_T2P_BRAM">   --->   Core 98 'RAM_T2P_BRAM' <Latency = 1> <II = 1> <Delay = 1.35> <Storage> <Opcode : 'load' 'store'> <Ports = 2> <Width = 24> <Depth = 2048> <RAM>
ST_2 : Operation 175 [1/1] (0.43ns)   --->   "%select_ln108_3 = select i1 %icmp_ln106_3, i24 %top_kernel_ap_fixed_64_ap_fixed_24_10_0_0_0_64_tmp_3_load, i24 %top_kernel_ap_fixed_64_ap_fixed_24_10_0_0_0_64_tmp_load" [top.cpp:108]   --->   Operation 175 'select' 'select_ln108_3' <Predicate = (!icmp_ln103)> <Delay = 0.43> <CoreInst = "Sel">   --->   Core 73 'Sel' <Latency = 0> <II = 1> <Delay = 0.43> <FuncUnit> <Opcode : 'select'> <InPorts = 3> <OutPorts = 1>
ST_2 : Operation 176 [1/2] ( I:1.35ns O:1.35ns )   --->   "%top_kernel_ap_fixed_64_ap_fixed_24_10_0_0_0_64_tmp_6_load = load i11 %top_kernel_ap_fixed_64_ap_fixed_24_10_0_0_0_64_tmp_6_addr" [top.cpp:109]   --->   Operation 176 'load' 'top_kernel_ap_fixed_64_ap_fixed_24_10_0_0_0_64_tmp_6_load' <Predicate = (!icmp_ln103)> <Delay = 1.35> <CoreInst = "RAM_T2P_BRAM">   --->   Core 98 'RAM_T2P_BRAM' <Latency = 1> <II = 1> <Delay = 1.35> <Storage> <Opcode : 'load' 'store'> <Ports = 2> <Width = 24> <Depth = 2048> <RAM>
ST_2 : Operation 177 [1/2] ( I:1.35ns O:1.35ns )   --->   "%top_kernel_ap_fixed_64_ap_fixed_24_10_0_0_0_64_tmp_2_load = load i11 %top_kernel_ap_fixed_64_ap_fixed_24_10_0_0_0_64_tmp_2_addr" [top.cpp:109]   --->   Operation 177 'load' 'top_kernel_ap_fixed_64_ap_fixed_24_10_0_0_0_64_tmp_2_load' <Predicate = (!icmp_ln103)> <Delay = 1.35> <CoreInst = "RAM_T2P_BRAM">   --->   Core 98 'RAM_T2P_BRAM' <Latency = 1> <II = 1> <Delay = 1.35> <Storage> <Opcode : 'load' 'store'> <Ports = 2> <Width = 24> <Depth = 2048> <RAM>
ST_2 : Operation 178 [1/1] (0.43ns)   --->   "%select_ln109_3 = select i1 %icmp_ln106_3, i24 %top_kernel_ap_fixed_64_ap_fixed_24_10_0_0_0_64_tmp_2_load, i24 %top_kernel_ap_fixed_64_ap_fixed_24_10_0_0_0_64_tmp_6_load" [top.cpp:109]   --->   Operation 178 'select' 'select_ln109_3' <Predicate = (!icmp_ln103)> <Delay = 0.43> <CoreInst = "Sel">   --->   Core 73 'Sel' <Latency = 0> <II = 1> <Delay = 0.43> <FuncUnit> <Opcode : 'select'> <InPorts = 3> <OutPorts = 1>

State 3 <SV = 2> <Delay = 5.92>
ST_3 : Operation 179 [1/1] (0.00ns) (grouped into LUT with out node c0_2)   --->   "%select_ln106_2 = select i1 %and_ln106_3, i24 8388607, i24 8388608" [top.cpp:106]   --->   Operation 179 'select' 'select_ln106_2' <Predicate = (!icmp_ln103 & or_ln106_1)> <Delay = 0.00> <CoreInst = "Sel">   --->   Core 73 'Sel' <Latency = 0> <II = 1> <Delay = 0.43> <FuncUnit> <Opcode : 'select'> <InPorts = 3> <OutPorts = 1>
ST_3 : Operation 180 [1/1] (0.43ns) (out node of the LUT)   --->   "%c0_2 = select i1 %or_ln106_1, i24 %select_ln106_2, i24 %c0_1" [top.cpp:106]   --->   Operation 180 'select' 'c0_2' <Predicate = (!icmp_ln103)> <Delay = 0.43> <CoreInst = "Sel">   --->   Core 73 'Sel' <Latency = 0> <II = 1> <Delay = 0.43> <FuncUnit> <Opcode : 'select'> <InPorts = 3> <OutPorts = 1>
ST_3 : Operation 181 [1/1] (0.00ns)   --->   "%sext_ln107 = sext i24 %select_ln107_3" [top.cpp:107]   --->   Operation 181 'sext' 'sext_ln107' <Predicate = (!icmp_ln103)> <Delay = 0.00>
ST_3 : Operation 182 [1/1] (0.00ns)   --->   "%sext_ln107_1 = sext i24 %tmp_49" [top.cpp:107]   --->   Operation 182 'sext' 'sext_ln107_1' <Predicate = (!icmp_ln103)> <Delay = 0.00>
ST_3 : Operation 183 [1/1] (3.38ns)   --->   "%mul_ln107 = mul i48 %sext_ln107_1, i48 %sext_ln107" [top.cpp:107]   --->   Operation 183 'mul' 'mul_ln107' <Predicate = (!icmp_ln103)> <Delay = 3.38> <CoreInst = "Multiplier">   --->   Core 3 'Multiplier' <Latency = 0> <II = 1> <Delay = 3.38> <FuncUnit> <Opcode : 'mul'> <InPorts = 2> <OutPorts = 1>
ST_3 : Operation 184 [1/1] (0.00ns)   --->   "%tmp_90 = bitselect i1 @_ssdm_op_BitSelect.i1.i48.i32, i48 %mul_ln107, i32 47" [top.cpp:107]   --->   Operation 184 'bitselect' 'tmp_90' <Predicate = (!icmp_ln103)> <Delay = 0.00>
ST_3 : Operation 185 [1/1] (0.00ns)   --->   "%c1 = partselect i24 @_ssdm_op_PartSelect.i24.i48.i32.i32, i48 %mul_ln107, i32 14, i32 37" [top.cpp:107]   --->   Operation 185 'partselect' 'c1' <Predicate = (!icmp_ln103)> <Delay = 0.00>
ST_3 : Operation 186 [1/1] (0.00ns)   --->   "%tmp_91 = bitselect i1 @_ssdm_op_BitSelect.i1.i48.i32, i48 %mul_ln107, i32 13" [top.cpp:107]   --->   Operation 186 'bitselect' 'tmp_91' <Predicate = (!icmp_ln103)> <Delay = 0.00>
ST_3 : Operation 187 [1/1] (0.00ns) (grouped into LUT with out node and_ln107)   --->   "%tmp_92 = bitselect i1 @_ssdm_op_BitSelect.i1.i48.i32, i48 %mul_ln107, i32 37" [top.cpp:107]   --->   Operation 187 'bitselect' 'tmp_92' <Predicate = (!icmp_ln103)> <Delay = 0.00>
ST_3 : Operation 188 [1/1] (0.00ns)   --->   "%zext_ln107 = zext i1 %tmp_91" [top.cpp:107]   --->   Operation 188 'zext' 'zext_ln107' <Predicate = (!icmp_ln103)> <Delay = 0.00>
ST_3 : Operation 189 [1/1] (1.10ns)   --->   "%c1_1 = add i24 %c1, i24 %zext_ln107" [top.cpp:107]   --->   Operation 189 'add' 'c1_1' <Predicate = (!icmp_ln103)> <Delay = 1.10> <CoreInst = "Adder">   --->   Core 1 'Adder' <Latency = 0> <II = 1> <Delay = 1.10> <FuncUnit> <Opcode : 'add' 'sub'> <InPorts = 2> <OutPorts = 1>
ST_3 : Operation 190 [1/1] (0.00ns)   --->   "%tmp_93 = bitselect i1 @_ssdm_op_BitSelect.i1.i24.i32, i24 %c1_1, i32 23" [top.cpp:107]   --->   Operation 190 'bitselect' 'tmp_93' <Predicate = (!icmp_ln103)> <Delay = 0.00>
ST_3 : Operation 191 [1/1] (0.00ns) (grouped into LUT with out node and_ln107)   --->   "%xor_ln107 = xor i1 %tmp_93, i1 1" [top.cpp:107]   --->   Operation 191 'xor' 'xor_ln107' <Predicate = (!icmp_ln103)> <Delay = 0.00> <CoreInst = "LogicGate">   --->   Core 74 'LogicGate' <Latency = 0> <II = 1> <Delay = 0.33> <FuncUnit> <Opcode : 'and' 'or' 'xor'> <InPorts = 2> <OutPorts = 1>
ST_3 : Operation 192 [1/1] (0.33ns) (out node of the LUT)   --->   "%and_ln107 = and i1 %tmp_92, i1 %xor_ln107" [top.cpp:107]   --->   Operation 192 'and' 'and_ln107' <Predicate = (!icmp_ln103)> <Delay = 0.33> <CoreInst = "LogicGate">   --->   Core 74 'LogicGate' <Latency = 0> <II = 1> <Delay = 0.33> <FuncUnit> <Opcode : 'and' 'or' 'xor'> <InPorts = 2> <OutPorts = 1>
ST_3 : Operation 193 [1/1] (0.00ns) (grouped into LUT with out node and_ln107_4)   --->   "%tmp_94 = bitselect i1 @_ssdm_op_BitSelect.i1.i48.i32, i48 %mul_ln107, i32 38" [top.cpp:107]   --->   Operation 193 'bitselect' 'tmp_94' <Predicate = (!icmp_ln103)> <Delay = 0.00>
ST_3 : Operation 194 [1/1] (0.00ns)   --->   "%tmp_55 = partselect i9 @_ssdm_op_PartSelect.i9.i48.i32, i48 %mul_ln107, i32 39" [top.cpp:107]   --->   Operation 194 'partselect' 'tmp_55' <Predicate = (!icmp_ln103)> <Delay = 0.00>
ST_3 : Operation 195 [1/1] (0.92ns)   --->   "%icmp_ln107 = icmp_eq  i9 %tmp_55, i9 511" [top.cpp:107]   --->   Operation 195 'icmp' 'icmp_ln107' <Predicate = (!icmp_ln103)> <Delay = 0.92> <CoreInst = "Cmp">   --->   Core 9 'Cmp' <Latency = 0> <II = 1> <Delay = 0.92> <FuncUnit> <Opcode : 'seteq' 'setne' 'setle' 'setge' 'setlt' 'setgt'> <InPorts = 2> <OutPorts = 1>
ST_3 : Operation 196 [1/1] (0.00ns)   --->   "%tmp_56 = partselect i10 @_ssdm_op_PartSelect.i10.i48.i32, i48 %mul_ln107, i32 38" [top.cpp:107]   --->   Operation 196 'partselect' 'tmp_56' <Predicate = (!icmp_ln103)> <Delay = 0.00>
ST_3 : Operation 197 [1/1] (0.93ns)   --->   "%icmp_ln107_1 = icmp_eq  i10 %tmp_56, i10 1023" [top.cpp:107]   --->   Operation 197 'icmp' 'icmp_ln107_1' <Predicate = (!icmp_ln103)> <Delay = 0.93> <CoreInst = "Cmp">   --->   Core 9 'Cmp' <Latency = 0> <II = 1> <Delay = 0.93> <FuncUnit> <Opcode : 'seteq' 'setne' 'setle' 'setge' 'setlt' 'setgt'> <InPorts = 2> <OutPorts = 1>
ST_3 : Operation 198 [1/1] (0.93ns)   --->   "%icmp_ln107_2 = icmp_eq  i10 %tmp_56, i10 0" [top.cpp:107]   --->   Operation 198 'icmp' 'icmp_ln107_2' <Predicate = (!icmp_ln103)> <Delay = 0.93> <CoreInst = "Cmp">   --->   Core 9 'Cmp' <Latency = 0> <II = 1> <Delay = 0.93> <FuncUnit> <Opcode : 'seteq' 'setne' 'setle' 'setge' 'setlt' 'setgt'> <InPorts = 2> <OutPorts = 1>
ST_3 : Operation 199 [1/1] (0.00ns) (grouped into LUT with out node and_ln107_3)   --->   "%select_ln107 = select i1 %and_ln107, i1 %icmp_ln107_1, i1 %icmp_ln107_2" [top.cpp:107]   --->   Operation 199 'select' 'select_ln107' <Predicate = (!icmp_ln103)> <Delay = 0.00> <CoreInst = "Sel">   --->   Core 73 'Sel' <Latency = 0> <II = 1> <Delay = 0.26> <FuncUnit> <Opcode : 'select'> <InPorts = 3> <OutPorts = 1>
ST_3 : Operation 200 [1/1] (0.00ns) (grouped into LUT with out node and_ln107_4)   --->   "%xor_ln107_1 = xor i1 %tmp_94, i1 1" [top.cpp:107]   --->   Operation 200 'xor' 'xor_ln107_1' <Predicate = (!icmp_ln103)> <Delay = 0.00> <CoreInst = "LogicGate">   --->   Core 74 'LogicGate' <Latency = 0> <II = 1> <Delay = 0.33> <FuncUnit> <Opcode : 'and' 'or' 'xor'> <InPorts = 2> <OutPorts = 1>
ST_3 : Operation 201 [1/1] (0.00ns) (grouped into LUT with out node and_ln107_4)   --->   "%and_ln107_1 = and i1 %icmp_ln107, i1 %xor_ln107_1" [top.cpp:107]   --->   Operation 201 'and' 'and_ln107_1' <Predicate = (!icmp_ln103)> <Delay = 0.00> <CoreInst = "LogicGate">   --->   Core 74 'LogicGate' <Latency = 0> <II = 1> <Delay = 0.33> <FuncUnit> <Opcode : 'and' 'or' 'xor'> <InPorts = 2> <OutPorts = 1>
ST_3 : Operation 202 [1/1] (0.00ns) (grouped into LUT with out node and_ln107_4)   --->   "%select_ln107_1 = select i1 %and_ln107, i1 %and_ln107_1, i1 %icmp_ln107_1" [top.cpp:107]   --->   Operation 202 'select' 'select_ln107_1' <Predicate = (!icmp_ln103)> <Delay = 0.00> <CoreInst = "Sel">   --->   Core 73 'Sel' <Latency = 0> <II = 1> <Delay = 0.26> <FuncUnit> <Opcode : 'select'> <InPorts = 3> <OutPorts = 1>
ST_3 : Operation 203 [1/1] (0.00ns) (grouped into LUT with out node or_ln107_1)   --->   "%and_ln107_2 = and i1 %and_ln107, i1 %icmp_ln107_1" [top.cpp:107]   --->   Operation 203 'and' 'and_ln107_2' <Predicate = (!icmp_ln103)> <Delay = 0.00> <CoreInst = "LogicGate">   --->   Core 74 'LogicGate' <Latency = 0> <II = 1> <Delay = 0.33> <FuncUnit> <Opcode : 'and' 'or' 'xor'> <InPorts = 2> <OutPorts = 1>
ST_3 : Operation 204 [1/1] (0.00ns) (grouped into LUT with out node and_ln107_3)   --->   "%xor_ln107_2 = xor i1 %select_ln107, i1 1" [top.cpp:107]   --->   Operation 204 'xor' 'xor_ln107_2' <Predicate = (!icmp_ln103)> <Delay = 0.00> <CoreInst = "LogicGate">   --->   Core 74 'LogicGate' <Latency = 0> <II = 1> <Delay = 0.33> <FuncUnit> <Opcode : 'and' 'or' 'xor'> <InPorts = 2> <OutPorts = 1>
ST_3 : Operation 205 [1/1] (0.00ns) (grouped into LUT with out node and_ln107_3)   --->   "%or_ln107 = or i1 %tmp_93, i1 %xor_ln107_2" [top.cpp:107]   --->   Operation 205 'or' 'or_ln107' <Predicate = (!icmp_ln103)> <Delay = 0.00> <CoreInst = "LogicGate">   --->   Core 74 'LogicGate' <Latency = 0> <II = 1> <Delay = 0.33> <FuncUnit> <Opcode : 'and' 'or' 'xor'> <InPorts = 2> <OutPorts = 1>
ST_3 : Operation 206 [1/1] (0.00ns) (grouped into LUT with out node and_ln107_3)   --->   "%xor_ln107_3 = xor i1 %tmp_90, i1 1" [top.cpp:107]   --->   Operation 206 'xor' 'xor_ln107_3' <Predicate = (!icmp_ln103)> <Delay = 0.00> <CoreInst = "LogicGate">   --->   Core 74 'LogicGate' <Latency = 0> <II = 1> <Delay = 0.33> <FuncUnit> <Opcode : 'and' 'or' 'xor'> <InPorts = 2> <OutPorts = 1>
ST_3 : Operation 207 [1/1] (0.33ns) (out node of the LUT)   --->   "%and_ln107_3 = and i1 %or_ln107, i1 %xor_ln107_3" [top.cpp:107]   --->   Operation 207 'and' 'and_ln107_3' <Predicate = (!icmp_ln103)> <Delay = 0.33> <CoreInst = "LogicGate">   --->   Core 74 'LogicGate' <Latency = 0> <II = 1> <Delay = 0.33> <FuncUnit> <Opcode : 'and' 'or' 'xor'> <InPorts = 2> <OutPorts = 1>
ST_3 : Operation 208 [1/1] (0.33ns) (out node of the LUT)   --->   "%and_ln107_4 = and i1 %tmp_93, i1 %select_ln107_1" [top.cpp:107]   --->   Operation 208 'and' 'and_ln107_4' <Predicate = (!icmp_ln103)> <Delay = 0.33> <CoreInst = "LogicGate">   --->   Core 74 'LogicGate' <Latency = 0> <II = 1> <Delay = 0.33> <FuncUnit> <Opcode : 'and' 'or' 'xor'> <InPorts = 2> <OutPorts = 1>
ST_3 : Operation 209 [1/1] (0.00ns) (grouped into LUT with out node or_ln107_1)   --->   "%or_ln107_2 = or i1 %and_ln107_2, i1 %and_ln107_4" [top.cpp:107]   --->   Operation 209 'or' 'or_ln107_2' <Predicate = (!icmp_ln103)> <Delay = 0.00> <CoreInst = "LogicGate">   --->   Core 74 'LogicGate' <Latency = 0> <II = 1> <Delay = 0.33> <FuncUnit> <Opcode : 'and' 'or' 'xor'> <InPorts = 2> <OutPorts = 1>
ST_3 : Operation 210 [1/1] (0.00ns) (grouped into LUT with out node or_ln107_1)   --->   "%xor_ln107_4 = xor i1 %or_ln107_2, i1 1" [top.cpp:107]   --->   Operation 210 'xor' 'xor_ln107_4' <Predicate = (!icmp_ln103)> <Delay = 0.00> <CoreInst = "LogicGate">   --->   Core 74 'LogicGate' <Latency = 0> <II = 1> <Delay = 0.33> <FuncUnit> <Opcode : 'and' 'or' 'xor'> <InPorts = 2> <OutPorts = 1>
ST_3 : Operation 211 [1/1] (0.00ns) (grouped into LUT with out node or_ln107_1)   --->   "%and_ln107_5 = and i1 %tmp_90, i1 %xor_ln107_4" [top.cpp:107]   --->   Operation 211 'and' 'and_ln107_5' <Predicate = (!icmp_ln103)> <Delay = 0.00> <CoreInst = "LogicGate">   --->   Core 74 'LogicGate' <Latency = 0> <II = 1> <Delay = 0.33> <FuncUnit> <Opcode : 'and' 'or' 'xor'> <InPorts = 2> <OutPorts = 1>
ST_3 : Operation 212 [1/1] (0.00ns) (grouped into LUT with out node c1_2)   --->   "%select_ln107_2 = select i1 %and_ln107_3, i24 8388607, i24 8388608" [top.cpp:107]   --->   Operation 212 'select' 'select_ln107_2' <Predicate = (!icmp_ln103)> <Delay = 0.00> <CoreInst = "Sel">   --->   Core 73 'Sel' <Latency = 0> <II = 1> <Delay = 0.43> <FuncUnit> <Opcode : 'select'> <InPorts = 3> <OutPorts = 1>
ST_3 : Operation 213 [1/1] (0.33ns) (out node of the LUT)   --->   "%or_ln107_1 = or i1 %and_ln107_3, i1 %and_ln107_5" [top.cpp:107]   --->   Operation 213 'or' 'or_ln107_1' <Predicate = (!icmp_ln103)> <Delay = 0.33> <CoreInst = "LogicGate">   --->   Core 74 'LogicGate' <Latency = 0> <II = 1> <Delay = 0.33> <FuncUnit> <Opcode : 'and' 'or' 'xor'> <InPorts = 2> <OutPorts = 1>
ST_3 : Operation 214 [1/1] (0.43ns) (out node of the LUT)   --->   "%c1_2 = select i1 %or_ln107_1, i24 %select_ln107_2, i24 %c1_1" [top.cpp:107]   --->   Operation 214 'select' 'c1_2' <Predicate = (!icmp_ln103)> <Delay = 0.43> <CoreInst = "Sel">   --->   Core 73 'Sel' <Latency = 0> <II = 1> <Delay = 0.43> <FuncUnit> <Opcode : 'select'> <InPorts = 3> <OutPorts = 1>
ST_3 : Operation 296 [1/1] (0.48ns)   --->   "%ret_ln0 = ret"   --->   Operation 296 'ret' 'ret_ln0' <Predicate = (icmp_ln103)> <Delay = 0.48>

State 4 <SV = 3> <Delay = 7.30>
ST_4 : Operation 215 [1/1] (0.00ns)   --->   "%C_addr = getelementptr i32 %C, i64 %sext_ln103_cast" [top.cpp:103]   --->   Operation 215 'getelementptr' 'C_addr' <Predicate = (!icmp_ln103)> <Delay = 0.00>
ST_4 : Operation 216 [1/1] (0.00ns)   --->   "%sext_ln108 = sext i24 %select_ln108_3" [top.cpp:108]   --->   Operation 216 'sext' 'sext_ln108' <Predicate = (!icmp_ln103)> <Delay = 0.00>
ST_4 : Operation 217 [1/1] (0.00ns)   --->   "%sext_ln108_1 = sext i24 %tmp_57" [top.cpp:108]   --->   Operation 217 'sext' 'sext_ln108_1' <Predicate = (!icmp_ln103)> <Delay = 0.00>
ST_4 : Operation 218 [1/1] (3.38ns)   --->   "%mul_ln108 = mul i48 %sext_ln108_1, i48 %sext_ln108" [top.cpp:108]   --->   Operation 218 'mul' 'mul_ln108' <Predicate = (!icmp_ln103)> <Delay = 3.38> <CoreInst = "Multiplier">   --->   Core 3 'Multiplier' <Latency = 0> <II = 1> <Delay = 3.38> <FuncUnit> <Opcode : 'mul'> <InPorts = 2> <OutPorts = 1>
ST_4 : Operation 219 [1/1] (0.00ns)   --->   "%tmp_95 = bitselect i1 @_ssdm_op_BitSelect.i1.i48.i32, i48 %mul_ln108, i32 47" [top.cpp:108]   --->   Operation 219 'bitselect' 'tmp_95' <Predicate = (!icmp_ln103)> <Delay = 0.00>
ST_4 : Operation 220 [1/1] (0.00ns)   --->   "%c2 = partselect i24 @_ssdm_op_PartSelect.i24.i48.i32.i32, i48 %mul_ln108, i32 14, i32 37" [top.cpp:108]   --->   Operation 220 'partselect' 'c2' <Predicate = (!icmp_ln103)> <Delay = 0.00>
ST_4 : Operation 221 [1/1] (0.00ns)   --->   "%tmp_96 = bitselect i1 @_ssdm_op_BitSelect.i1.i48.i32, i48 %mul_ln108, i32 13" [top.cpp:108]   --->   Operation 221 'bitselect' 'tmp_96' <Predicate = (!icmp_ln103)> <Delay = 0.00>
ST_4 : Operation 222 [1/1] (0.00ns) (grouped into LUT with out node and_ln108)   --->   "%tmp_97 = bitselect i1 @_ssdm_op_BitSelect.i1.i48.i32, i48 %mul_ln108, i32 37" [top.cpp:108]   --->   Operation 222 'bitselect' 'tmp_97' <Predicate = (!icmp_ln103)> <Delay = 0.00>
ST_4 : Operation 223 [1/1] (0.00ns)   --->   "%zext_ln108 = zext i1 %tmp_96" [top.cpp:108]   --->   Operation 223 'zext' 'zext_ln108' <Predicate = (!icmp_ln103)> <Delay = 0.00>
ST_4 : Operation 224 [1/1] (1.10ns)   --->   "%c2_1 = add i24 %c2, i24 %zext_ln108" [top.cpp:108]   --->   Operation 224 'add' 'c2_1' <Predicate = (!icmp_ln103)> <Delay = 1.10> <CoreInst = "Adder">   --->   Core 1 'Adder' <Latency = 0> <II = 1> <Delay = 1.10> <FuncUnit> <Opcode : 'add' 'sub'> <InPorts = 2> <OutPorts = 1>
ST_4 : Operation 225 [1/1] (0.00ns)   --->   "%tmp_98 = bitselect i1 @_ssdm_op_BitSelect.i1.i24.i32, i24 %c2_1, i32 23" [top.cpp:108]   --->   Operation 225 'bitselect' 'tmp_98' <Predicate = (!icmp_ln103)> <Delay = 0.00>
ST_4 : Operation 226 [1/1] (0.00ns) (grouped into LUT with out node and_ln108)   --->   "%xor_ln108 = xor i1 %tmp_98, i1 1" [top.cpp:108]   --->   Operation 226 'xor' 'xor_ln108' <Predicate = (!icmp_ln103)> <Delay = 0.00> <CoreInst = "LogicGate">   --->   Core 74 'LogicGate' <Latency = 0> <II = 1> <Delay = 0.33> <FuncUnit> <Opcode : 'and' 'or' 'xor'> <InPorts = 2> <OutPorts = 1>
ST_4 : Operation 227 [1/1] (0.33ns) (out node of the LUT)   --->   "%and_ln108 = and i1 %tmp_97, i1 %xor_ln108" [top.cpp:108]   --->   Operation 227 'and' 'and_ln108' <Predicate = (!icmp_ln103)> <Delay = 0.33> <CoreInst = "LogicGate">   --->   Core 74 'LogicGate' <Latency = 0> <II = 1> <Delay = 0.33> <FuncUnit> <Opcode : 'and' 'or' 'xor'> <InPorts = 2> <OutPorts = 1>
ST_4 : Operation 228 [1/1] (0.00ns) (grouped into LUT with out node and_ln108_4)   --->   "%tmp_99 = bitselect i1 @_ssdm_op_BitSelect.i1.i48.i32, i48 %mul_ln108, i32 38" [top.cpp:108]   --->   Operation 228 'bitselect' 'tmp_99' <Predicate = (!icmp_ln103)> <Delay = 0.00>
ST_4 : Operation 229 [1/1] (0.00ns)   --->   "%tmp_63 = partselect i9 @_ssdm_op_PartSelect.i9.i48.i32, i48 %mul_ln108, i32 39" [top.cpp:108]   --->   Operation 229 'partselect' 'tmp_63' <Predicate = (!icmp_ln103)> <Delay = 0.00>
ST_4 : Operation 230 [1/1] (0.92ns)   --->   "%icmp_ln108 = icmp_eq  i9 %tmp_63, i9 511" [top.cpp:108]   --->   Operation 230 'icmp' 'icmp_ln108' <Predicate = (!icmp_ln103)> <Delay = 0.92> <CoreInst = "Cmp">   --->   Core 9 'Cmp' <Latency = 0> <II = 1> <Delay = 0.92> <FuncUnit> <Opcode : 'seteq' 'setne' 'setle' 'setge' 'setlt' 'setgt'> <InPorts = 2> <OutPorts = 1>
ST_4 : Operation 231 [1/1] (0.00ns)   --->   "%tmp_64 = partselect i10 @_ssdm_op_PartSelect.i10.i48.i32, i48 %mul_ln108, i32 38" [top.cpp:108]   --->   Operation 231 'partselect' 'tmp_64' <Predicate = (!icmp_ln103)> <Delay = 0.00>
ST_4 : Operation 232 [1/1] (0.93ns)   --->   "%icmp_ln108_1 = icmp_eq  i10 %tmp_64, i10 1023" [top.cpp:108]   --->   Operation 232 'icmp' 'icmp_ln108_1' <Predicate = (!icmp_ln103)> <Delay = 0.93> <CoreInst = "Cmp">   --->   Core 9 'Cmp' <Latency = 0> <II = 1> <Delay = 0.93> <FuncUnit> <Opcode : 'seteq' 'setne' 'setle' 'setge' 'setlt' 'setgt'> <InPorts = 2> <OutPorts = 1>
ST_4 : Operation 233 [1/1] (0.93ns)   --->   "%icmp_ln108_2 = icmp_eq  i10 %tmp_64, i10 0" [top.cpp:108]   --->   Operation 233 'icmp' 'icmp_ln108_2' <Predicate = (!icmp_ln103)> <Delay = 0.93> <CoreInst = "Cmp">   --->   Core 9 'Cmp' <Latency = 0> <II = 1> <Delay = 0.93> <FuncUnit> <Opcode : 'seteq' 'setne' 'setle' 'setge' 'setlt' 'setgt'> <InPorts = 2> <OutPorts = 1>
ST_4 : Operation 234 [1/1] (0.00ns) (grouped into LUT with out node and_ln108_3)   --->   "%select_ln108 = select i1 %and_ln108, i1 %icmp_ln108_1, i1 %icmp_ln108_2" [top.cpp:108]   --->   Operation 234 'select' 'select_ln108' <Predicate = (!icmp_ln103)> <Delay = 0.00> <CoreInst = "Sel">   --->   Core 73 'Sel' <Latency = 0> <II = 1> <Delay = 0.26> <FuncUnit> <Opcode : 'select'> <InPorts = 3> <OutPorts = 1>
ST_4 : Operation 235 [1/1] (0.00ns) (grouped into LUT with out node and_ln108_4)   --->   "%xor_ln108_1 = xor i1 %tmp_99, i1 1" [top.cpp:108]   --->   Operation 235 'xor' 'xor_ln108_1' <Predicate = (!icmp_ln103)> <Delay = 0.00> <CoreInst = "LogicGate">   --->   Core 74 'LogicGate' <Latency = 0> <II = 1> <Delay = 0.33> <FuncUnit> <Opcode : 'and' 'or' 'xor'> <InPorts = 2> <OutPorts = 1>
ST_4 : Operation 236 [1/1] (0.00ns) (grouped into LUT with out node and_ln108_4)   --->   "%and_ln108_1 = and i1 %icmp_ln108, i1 %xor_ln108_1" [top.cpp:108]   --->   Operation 236 'and' 'and_ln108_1' <Predicate = (!icmp_ln103)> <Delay = 0.00> <CoreInst = "LogicGate">   --->   Core 74 'LogicGate' <Latency = 0> <II = 1> <Delay = 0.33> <FuncUnit> <Opcode : 'and' 'or' 'xor'> <InPorts = 2> <OutPorts = 1>
ST_4 : Operation 237 [1/1] (0.00ns) (grouped into LUT with out node and_ln108_4)   --->   "%select_ln108_1 = select i1 %and_ln108, i1 %and_ln108_1, i1 %icmp_ln108_1" [top.cpp:108]   --->   Operation 237 'select' 'select_ln108_1' <Predicate = (!icmp_ln103)> <Delay = 0.00> <CoreInst = "Sel">   --->   Core 73 'Sel' <Latency = 0> <II = 1> <Delay = 0.26> <FuncUnit> <Opcode : 'select'> <InPorts = 3> <OutPorts = 1>
ST_4 : Operation 238 [1/1] (0.00ns) (grouped into LUT with out node or_ln108_1)   --->   "%and_ln108_2 = and i1 %and_ln108, i1 %icmp_ln108_1" [top.cpp:108]   --->   Operation 238 'and' 'and_ln108_2' <Predicate = (!icmp_ln103)> <Delay = 0.00> <CoreInst = "LogicGate">   --->   Core 74 'LogicGate' <Latency = 0> <II = 1> <Delay = 0.33> <FuncUnit> <Opcode : 'and' 'or' 'xor'> <InPorts = 2> <OutPorts = 1>
ST_4 : Operation 239 [1/1] (0.00ns) (grouped into LUT with out node and_ln108_3)   --->   "%xor_ln108_2 = xor i1 %select_ln108, i1 1" [top.cpp:108]   --->   Operation 239 'xor' 'xor_ln108_2' <Predicate = (!icmp_ln103)> <Delay = 0.00> <CoreInst = "LogicGate">   --->   Core 74 'LogicGate' <Latency = 0> <II = 1> <Delay = 0.33> <FuncUnit> <Opcode : 'and' 'or' 'xor'> <InPorts = 2> <OutPorts = 1>
ST_4 : Operation 240 [1/1] (0.00ns) (grouped into LUT with out node and_ln108_3)   --->   "%or_ln108 = or i1 %tmp_98, i1 %xor_ln108_2" [top.cpp:108]   --->   Operation 240 'or' 'or_ln108' <Predicate = (!icmp_ln103)> <Delay = 0.00> <CoreInst = "LogicGate">   --->   Core 74 'LogicGate' <Latency = 0> <II = 1> <Delay = 0.33> <FuncUnit> <Opcode : 'and' 'or' 'xor'> <InPorts = 2> <OutPorts = 1>
ST_4 : Operation 241 [1/1] (0.00ns) (grouped into LUT with out node and_ln108_3)   --->   "%xor_ln108_3 = xor i1 %tmp_95, i1 1" [top.cpp:108]   --->   Operation 241 'xor' 'xor_ln108_3' <Predicate = (!icmp_ln103)> <Delay = 0.00> <CoreInst = "LogicGate">   --->   Core 74 'LogicGate' <Latency = 0> <II = 1> <Delay = 0.33> <FuncUnit> <Opcode : 'and' 'or' 'xor'> <InPorts = 2> <OutPorts = 1>
ST_4 : Operation 242 [1/1] (0.33ns) (out node of the LUT)   --->   "%and_ln108_3 = and i1 %or_ln108, i1 %xor_ln108_3" [top.cpp:108]   --->   Operation 242 'and' 'and_ln108_3' <Predicate = (!icmp_ln103)> <Delay = 0.33> <CoreInst = "LogicGate">   --->   Core 74 'LogicGate' <Latency = 0> <II = 1> <Delay = 0.33> <FuncUnit> <Opcode : 'and' 'or' 'xor'> <InPorts = 2> <OutPorts = 1>
ST_4 : Operation 243 [1/1] (0.33ns) (out node of the LUT)   --->   "%and_ln108_4 = and i1 %tmp_98, i1 %select_ln108_1" [top.cpp:108]   --->   Operation 243 'and' 'and_ln108_4' <Predicate = (!icmp_ln103)> <Delay = 0.33> <CoreInst = "LogicGate">   --->   Core 74 'LogicGate' <Latency = 0> <II = 1> <Delay = 0.33> <FuncUnit> <Opcode : 'and' 'or' 'xor'> <InPorts = 2> <OutPorts = 1>
ST_4 : Operation 244 [1/1] (0.00ns) (grouped into LUT with out node or_ln108_1)   --->   "%or_ln108_2 = or i1 %and_ln108_2, i1 %and_ln108_4" [top.cpp:108]   --->   Operation 244 'or' 'or_ln108_2' <Predicate = (!icmp_ln103)> <Delay = 0.00> <CoreInst = "LogicGate">   --->   Core 74 'LogicGate' <Latency = 0> <II = 1> <Delay = 0.33> <FuncUnit> <Opcode : 'and' 'or' 'xor'> <InPorts = 2> <OutPorts = 1>
ST_4 : Operation 245 [1/1] (0.00ns) (grouped into LUT with out node or_ln108_1)   --->   "%xor_ln108_4 = xor i1 %or_ln108_2, i1 1" [top.cpp:108]   --->   Operation 245 'xor' 'xor_ln108_4' <Predicate = (!icmp_ln103)> <Delay = 0.00> <CoreInst = "LogicGate">   --->   Core 74 'LogicGate' <Latency = 0> <II = 1> <Delay = 0.33> <FuncUnit> <Opcode : 'and' 'or' 'xor'> <InPorts = 2> <OutPorts = 1>
ST_4 : Operation 246 [1/1] (0.00ns) (grouped into LUT with out node or_ln108_1)   --->   "%and_ln108_5 = and i1 %tmp_95, i1 %xor_ln108_4" [top.cpp:108]   --->   Operation 246 'and' 'and_ln108_5' <Predicate = (!icmp_ln103)> <Delay = 0.00> <CoreInst = "LogicGate">   --->   Core 74 'LogicGate' <Latency = 0> <II = 1> <Delay = 0.33> <FuncUnit> <Opcode : 'and' 'or' 'xor'> <InPorts = 2> <OutPorts = 1>
ST_4 : Operation 247 [1/1] (0.00ns) (grouped into LUT with out node c2_2)   --->   "%select_ln108_2 = select i1 %and_ln108_3, i24 8388607, i24 8388608" [top.cpp:108]   --->   Operation 247 'select' 'select_ln108_2' <Predicate = (!icmp_ln103)> <Delay = 0.00> <CoreInst = "Sel">   --->   Core 73 'Sel' <Latency = 0> <II = 1> <Delay = 0.43> <FuncUnit> <Opcode : 'select'> <InPorts = 3> <OutPorts = 1>
ST_4 : Operation 248 [1/1] (0.33ns) (out node of the LUT)   --->   "%or_ln108_1 = or i1 %and_ln108_3, i1 %and_ln108_5" [top.cpp:108]   --->   Operation 248 'or' 'or_ln108_1' <Predicate = (!icmp_ln103)> <Delay = 0.33> <CoreInst = "LogicGate">   --->   Core 74 'LogicGate' <Latency = 0> <II = 1> <Delay = 0.33> <FuncUnit> <Opcode : 'and' 'or' 'xor'> <InPorts = 2> <OutPorts = 1>
ST_4 : Operation 249 [1/1] (0.43ns) (out node of the LUT)   --->   "%c2_2 = select i1 %or_ln108_1, i24 %select_ln108_2, i24 %c2_1" [top.cpp:108]   --->   Operation 249 'select' 'c2_2' <Predicate = (!icmp_ln103)> <Delay = 0.43> <CoreInst = "Sel">   --->   Core 73 'Sel' <Latency = 0> <II = 1> <Delay = 0.43> <FuncUnit> <Opcode : 'select'> <InPorts = 3> <OutPorts = 1>
ST_4 : Operation 250 [1/1] (0.00ns)   --->   "%zext_ln111 = zext i24 %c0_2" [top.cpp:111]   --->   Operation 250 'zext' 'zext_ln111' <Predicate = (!icmp_ln103)> <Delay = 0.00>
ST_4 : Operation 251 [1/1] (7.30ns)   --->   "%write_ln104 = write void @_ssdm_op_Write.m_axi.p1i32, i32 %C_addr, i32 %zext_ln111, i4 15" [top.cpp:104]   --->   Operation 251 'write' 'write_ln104' <Predicate = (!icmp_ln103)> <Delay = 7.30> <CoreInst = "m_axi">   --->   Core 119 'm_axi' <Latency = 5> <II = 1> <Delay = 1.00> <Adapter> <Opcode : 'read' 'write' 'readreq' 'writereq' 'writeresp'>

State 5 <SV = 4> <Delay = 7.30>
ST_5 : Operation 252 [1/1] (0.00ns)   --->   "%sext_ln109 = sext i24 %select_ln109_3" [top.cpp:109]   --->   Operation 252 'sext' 'sext_ln109' <Predicate = true> <Delay = 0.00>
ST_5 : Operation 253 [1/1] (0.00ns)   --->   "%sext_ln109_1 = sext i24 %tmp_65" [top.cpp:109]   --->   Operation 253 'sext' 'sext_ln109_1' <Predicate = true> <Delay = 0.00>
ST_5 : Operation 254 [1/1] (3.38ns)   --->   "%mul_ln109 = mul i48 %sext_ln109_1, i48 %sext_ln109" [top.cpp:109]   --->   Operation 254 'mul' 'mul_ln109' <Predicate = true> <Delay = 3.38> <CoreInst = "Multiplier">   --->   Core 3 'Multiplier' <Latency = 0> <II = 1> <Delay = 3.38> <FuncUnit> <Opcode : 'mul'> <InPorts = 2> <OutPorts = 1>
ST_5 : Operation 255 [1/1] (0.00ns)   --->   "%tmp_100 = bitselect i1 @_ssdm_op_BitSelect.i1.i48.i32, i48 %mul_ln109, i32 47" [top.cpp:109]   --->   Operation 255 'bitselect' 'tmp_100' <Predicate = true> <Delay = 0.00>
ST_5 : Operation 256 [1/1] (0.00ns)   --->   "%c3 = partselect i24 @_ssdm_op_PartSelect.i24.i48.i32.i32, i48 %mul_ln109, i32 14, i32 37" [top.cpp:109]   --->   Operation 256 'partselect' 'c3' <Predicate = true> <Delay = 0.00>
ST_5 : Operation 257 [1/1] (0.00ns)   --->   "%tmp_101 = bitselect i1 @_ssdm_op_BitSelect.i1.i48.i32, i48 %mul_ln109, i32 13" [top.cpp:109]   --->   Operation 257 'bitselect' 'tmp_101' <Predicate = true> <Delay = 0.00>
ST_5 : Operation 258 [1/1] (0.00ns) (grouped into LUT with out node and_ln109)   --->   "%tmp_102 = bitselect i1 @_ssdm_op_BitSelect.i1.i48.i32, i48 %mul_ln109, i32 37" [top.cpp:109]   --->   Operation 258 'bitselect' 'tmp_102' <Predicate = true> <Delay = 0.00>
ST_5 : Operation 259 [1/1] (0.00ns)   --->   "%zext_ln109 = zext i1 %tmp_101" [top.cpp:109]   --->   Operation 259 'zext' 'zext_ln109' <Predicate = true> <Delay = 0.00>
ST_5 : Operation 260 [1/1] (1.10ns)   --->   "%c3_1 = add i24 %c3, i24 %zext_ln109" [top.cpp:109]   --->   Operation 260 'add' 'c3_1' <Predicate = true> <Delay = 1.10> <CoreInst = "Adder">   --->   Core 1 'Adder' <Latency = 0> <II = 1> <Delay = 1.10> <FuncUnit> <Opcode : 'add' 'sub'> <InPorts = 2> <OutPorts = 1>
ST_5 : Operation 261 [1/1] (0.00ns)   --->   "%tmp_103 = bitselect i1 @_ssdm_op_BitSelect.i1.i24.i32, i24 %c3_1, i32 23" [top.cpp:109]   --->   Operation 261 'bitselect' 'tmp_103' <Predicate = true> <Delay = 0.00>
ST_5 : Operation 262 [1/1] (0.00ns) (grouped into LUT with out node and_ln109)   --->   "%xor_ln109 = xor i1 %tmp_103, i1 1" [top.cpp:109]   --->   Operation 262 'xor' 'xor_ln109' <Predicate = true> <Delay = 0.00> <CoreInst = "LogicGate">   --->   Core 74 'LogicGate' <Latency = 0> <II = 1> <Delay = 0.33> <FuncUnit> <Opcode : 'and' 'or' 'xor'> <InPorts = 2> <OutPorts = 1>
ST_5 : Operation 263 [1/1] (0.33ns) (out node of the LUT)   --->   "%and_ln109 = and i1 %tmp_102, i1 %xor_ln109" [top.cpp:109]   --->   Operation 263 'and' 'and_ln109' <Predicate = true> <Delay = 0.33> <CoreInst = "LogicGate">   --->   Core 74 'LogicGate' <Latency = 0> <II = 1> <Delay = 0.33> <FuncUnit> <Opcode : 'and' 'or' 'xor'> <InPorts = 2> <OutPorts = 1>
ST_5 : Operation 264 [1/1] (0.00ns) (grouped into LUT with out node and_ln109_4)   --->   "%tmp_104 = bitselect i1 @_ssdm_op_BitSelect.i1.i48.i32, i48 %mul_ln109, i32 38" [top.cpp:109]   --->   Operation 264 'bitselect' 'tmp_104' <Predicate = true> <Delay = 0.00>
ST_5 : Operation 265 [1/1] (0.00ns)   --->   "%tmp_71 = partselect i9 @_ssdm_op_PartSelect.i9.i48.i32, i48 %mul_ln109, i32 39" [top.cpp:109]   --->   Operation 265 'partselect' 'tmp_71' <Predicate = true> <Delay = 0.00>
ST_5 : Operation 266 [1/1] (0.92ns)   --->   "%icmp_ln109 = icmp_eq  i9 %tmp_71, i9 511" [top.cpp:109]   --->   Operation 266 'icmp' 'icmp_ln109' <Predicate = true> <Delay = 0.92> <CoreInst = "Cmp">   --->   Core 9 'Cmp' <Latency = 0> <II = 1> <Delay = 0.92> <FuncUnit> <Opcode : 'seteq' 'setne' 'setle' 'setge' 'setlt' 'setgt'> <InPorts = 2> <OutPorts = 1>
ST_5 : Operation 267 [1/1] (0.00ns)   --->   "%tmp_s = partselect i10 @_ssdm_op_PartSelect.i10.i48.i32, i48 %mul_ln109, i32 38" [top.cpp:109]   --->   Operation 267 'partselect' 'tmp_s' <Predicate = true> <Delay = 0.00>
ST_5 : Operation 268 [1/1] (0.93ns)   --->   "%icmp_ln109_1 = icmp_eq  i10 %tmp_s, i10 1023" [top.cpp:109]   --->   Operation 268 'icmp' 'icmp_ln109_1' <Predicate = true> <Delay = 0.93> <CoreInst = "Cmp">   --->   Core 9 'Cmp' <Latency = 0> <II = 1> <Delay = 0.93> <FuncUnit> <Opcode : 'seteq' 'setne' 'setle' 'setge' 'setlt' 'setgt'> <InPorts = 2> <OutPorts = 1>
ST_5 : Operation 269 [1/1] (0.93ns)   --->   "%icmp_ln109_2 = icmp_eq  i10 %tmp_s, i10 0" [top.cpp:109]   --->   Operation 269 'icmp' 'icmp_ln109_2' <Predicate = true> <Delay = 0.93> <CoreInst = "Cmp">   --->   Core 9 'Cmp' <Latency = 0> <II = 1> <Delay = 0.93> <FuncUnit> <Opcode : 'seteq' 'setne' 'setle' 'setge' 'setlt' 'setgt'> <InPorts = 2> <OutPorts = 1>
ST_5 : Operation 270 [1/1] (0.00ns) (grouped into LUT with out node and_ln109_3)   --->   "%select_ln109 = select i1 %and_ln109, i1 %icmp_ln109_1, i1 %icmp_ln109_2" [top.cpp:109]   --->   Operation 270 'select' 'select_ln109' <Predicate = true> <Delay = 0.00> <CoreInst = "Sel">   --->   Core 73 'Sel' <Latency = 0> <II = 1> <Delay = 0.26> <FuncUnit> <Opcode : 'select'> <InPorts = 3> <OutPorts = 1>
ST_5 : Operation 271 [1/1] (0.00ns) (grouped into LUT with out node and_ln109_4)   --->   "%xor_ln109_1 = xor i1 %tmp_104, i1 1" [top.cpp:109]   --->   Operation 271 'xor' 'xor_ln109_1' <Predicate = true> <Delay = 0.00> <CoreInst = "LogicGate">   --->   Core 74 'LogicGate' <Latency = 0> <II = 1> <Delay = 0.33> <FuncUnit> <Opcode : 'and' 'or' 'xor'> <InPorts = 2> <OutPorts = 1>
ST_5 : Operation 272 [1/1] (0.00ns) (grouped into LUT with out node and_ln109_4)   --->   "%and_ln109_1 = and i1 %icmp_ln109, i1 %xor_ln109_1" [top.cpp:109]   --->   Operation 272 'and' 'and_ln109_1' <Predicate = true> <Delay = 0.00> <CoreInst = "LogicGate">   --->   Core 74 'LogicGate' <Latency = 0> <II = 1> <Delay = 0.33> <FuncUnit> <Opcode : 'and' 'or' 'xor'> <InPorts = 2> <OutPorts = 1>
ST_5 : Operation 273 [1/1] (0.00ns) (grouped into LUT with out node and_ln109_4)   --->   "%select_ln109_1 = select i1 %and_ln109, i1 %and_ln109_1, i1 %icmp_ln109_1" [top.cpp:109]   --->   Operation 273 'select' 'select_ln109_1' <Predicate = true> <Delay = 0.00> <CoreInst = "Sel">   --->   Core 73 'Sel' <Latency = 0> <II = 1> <Delay = 0.26> <FuncUnit> <Opcode : 'select'> <InPorts = 3> <OutPorts = 1>
ST_5 : Operation 274 [1/1] (0.00ns) (grouped into LUT with out node or_ln109_1)   --->   "%and_ln109_2 = and i1 %and_ln109, i1 %icmp_ln109_1" [top.cpp:109]   --->   Operation 274 'and' 'and_ln109_2' <Predicate = true> <Delay = 0.00> <CoreInst = "LogicGate">   --->   Core 74 'LogicGate' <Latency = 0> <II = 1> <Delay = 0.33> <FuncUnit> <Opcode : 'and' 'or' 'xor'> <InPorts = 2> <OutPorts = 1>
ST_5 : Operation 275 [1/1] (0.00ns) (grouped into LUT with out node and_ln109_3)   --->   "%xor_ln109_2 = xor i1 %select_ln109, i1 1" [top.cpp:109]   --->   Operation 275 'xor' 'xor_ln109_2' <Predicate = true> <Delay = 0.00> <CoreInst = "LogicGate">   --->   Core 74 'LogicGate' <Latency = 0> <II = 1> <Delay = 0.33> <FuncUnit> <Opcode : 'and' 'or' 'xor'> <InPorts = 2> <OutPorts = 1>
ST_5 : Operation 276 [1/1] (0.00ns) (grouped into LUT with out node and_ln109_3)   --->   "%or_ln109 = or i1 %tmp_103, i1 %xor_ln109_2" [top.cpp:109]   --->   Operation 276 'or' 'or_ln109' <Predicate = true> <Delay = 0.00> <CoreInst = "LogicGate">   --->   Core 74 'LogicGate' <Latency = 0> <II = 1> <Delay = 0.33> <FuncUnit> <Opcode : 'and' 'or' 'xor'> <InPorts = 2> <OutPorts = 1>
ST_5 : Operation 277 [1/1] (0.00ns) (grouped into LUT with out node and_ln109_3)   --->   "%xor_ln109_3 = xor i1 %tmp_100, i1 1" [top.cpp:109]   --->   Operation 277 'xor' 'xor_ln109_3' <Predicate = true> <Delay = 0.00> <CoreInst = "LogicGate">   --->   Core 74 'LogicGate' <Latency = 0> <II = 1> <Delay = 0.33> <FuncUnit> <Opcode : 'and' 'or' 'xor'> <InPorts = 2> <OutPorts = 1>
ST_5 : Operation 278 [1/1] (0.33ns) (out node of the LUT)   --->   "%and_ln109_3 = and i1 %or_ln109, i1 %xor_ln109_3" [top.cpp:109]   --->   Operation 278 'and' 'and_ln109_3' <Predicate = true> <Delay = 0.33> <CoreInst = "LogicGate">   --->   Core 74 'LogicGate' <Latency = 0> <II = 1> <Delay = 0.33> <FuncUnit> <Opcode : 'and' 'or' 'xor'> <InPorts = 2> <OutPorts = 1>
ST_5 : Operation 279 [1/1] (0.33ns) (out node of the LUT)   --->   "%and_ln109_4 = and i1 %tmp_103, i1 %select_ln109_1" [top.cpp:109]   --->   Operation 279 'and' 'and_ln109_4' <Predicate = true> <Delay = 0.33> <CoreInst = "LogicGate">   --->   Core 74 'LogicGate' <Latency = 0> <II = 1> <Delay = 0.33> <FuncUnit> <Opcode : 'and' 'or' 'xor'> <InPorts = 2> <OutPorts = 1>
ST_5 : Operation 280 [1/1] (0.00ns) (grouped into LUT with out node or_ln109_1)   --->   "%or_ln109_2 = or i1 %and_ln109_2, i1 %and_ln109_4" [top.cpp:109]   --->   Operation 280 'or' 'or_ln109_2' <Predicate = true> <Delay = 0.00> <CoreInst = "LogicGate">   --->   Core 74 'LogicGate' <Latency = 0> <II = 1> <Delay = 0.33> <FuncUnit> <Opcode : 'and' 'or' 'xor'> <InPorts = 2> <OutPorts = 1>
ST_5 : Operation 281 [1/1] (0.00ns) (grouped into LUT with out node or_ln109_1)   --->   "%xor_ln109_4 = xor i1 %or_ln109_2, i1 1" [top.cpp:109]   --->   Operation 281 'xor' 'xor_ln109_4' <Predicate = true> <Delay = 0.00> <CoreInst = "LogicGate">   --->   Core 74 'LogicGate' <Latency = 0> <II = 1> <Delay = 0.33> <FuncUnit> <Opcode : 'and' 'or' 'xor'> <InPorts = 2> <OutPorts = 1>
ST_5 : Operation 282 [1/1] (0.00ns) (grouped into LUT with out node or_ln109_1)   --->   "%and_ln109_5 = and i1 %tmp_100, i1 %xor_ln109_4" [top.cpp:109]   --->   Operation 282 'and' 'and_ln109_5' <Predicate = true> <Delay = 0.00> <CoreInst = "LogicGate">   --->   Core 74 'LogicGate' <Latency = 0> <II = 1> <Delay = 0.33> <FuncUnit> <Opcode : 'and' 'or' 'xor'> <InPorts = 2> <OutPorts = 1>
ST_5 : Operation 283 [1/1] (0.00ns) (grouped into LUT with out node c3_2)   --->   "%select_ln109_2 = select i1 %and_ln109_3, i24 8388607, i24 8388608" [top.cpp:109]   --->   Operation 283 'select' 'select_ln109_2' <Predicate = true> <Delay = 0.00> <CoreInst = "Sel">   --->   Core 73 'Sel' <Latency = 0> <II = 1> <Delay = 0.43> <FuncUnit> <Opcode : 'select'> <InPorts = 3> <OutPorts = 1>
ST_5 : Operation 284 [1/1] (0.33ns) (out node of the LUT)   --->   "%or_ln109_1 = or i1 %and_ln109_3, i1 %and_ln109_5" [top.cpp:109]   --->   Operation 284 'or' 'or_ln109_1' <Predicate = true> <Delay = 0.33> <CoreInst = "LogicGate">   --->   Core 74 'LogicGate' <Latency = 0> <II = 1> <Delay = 0.33> <FuncUnit> <Opcode : 'and' 'or' 'xor'> <InPorts = 2> <OutPorts = 1>
ST_5 : Operation 285 [1/1] (0.43ns) (out node of the LUT)   --->   "%c3_2 = select i1 %or_ln109_1, i24 %select_ln109_2, i24 %c3_1" [top.cpp:109]   --->   Operation 285 'select' 'c3_2' <Predicate = true> <Delay = 0.43> <CoreInst = "Sel">   --->   Core 73 'Sel' <Latency = 0> <II = 1> <Delay = 0.43> <FuncUnit> <Opcode : 'select'> <InPorts = 3> <OutPorts = 1>
ST_5 : Operation 286 [1/1] (0.00ns)   --->   "%zext_ln112 = zext i24 %c1_2" [top.cpp:112]   --->   Operation 286 'zext' 'zext_ln112' <Predicate = true> <Delay = 0.00>
ST_5 : Operation 287 [1/1] (7.30ns)   --->   "%write_ln104 = write void @_ssdm_op_Write.m_axi.p1i32, i32 %C_addr, i32 %zext_ln112, i4 15" [top.cpp:104]   --->   Operation 287 'write' 'write_ln104' <Predicate = true> <Delay = 7.30> <CoreInst = "m_axi">   --->   Core 119 'm_axi' <Latency = 5> <II = 1> <Delay = 1.00> <Adapter> <Opcode : 'read' 'write' 'readreq' 'writereq' 'writeresp'>

State 6 <SV = 5> <Delay = 7.30>
ST_6 : Operation 288 [1/1] (0.00ns)   --->   "%zext_ln113 = zext i24 %c2_2" [top.cpp:113]   --->   Operation 288 'zext' 'zext_ln113' <Predicate = true> <Delay = 0.00>
ST_6 : Operation 289 [1/1] (7.30ns)   --->   "%write_ln104 = write void @_ssdm_op_Write.m_axi.p1i32, i32 %C_addr, i32 %zext_ln113, i4 15" [top.cpp:104]   --->   Operation 289 'write' 'write_ln104' <Predicate = true> <Delay = 7.30> <CoreInst = "m_axi">   --->   Core 119 'm_axi' <Latency = 5> <II = 1> <Delay = 1.00> <Adapter> <Opcode : 'read' 'write' 'readreq' 'writereq' 'writeresp'>

State 7 <SV = 6> <Delay = 7.30>
ST_7 : Operation 290 [1/1] (0.00ns)   --->   "%specloopname_ln0 = specloopname void @_ssdm_op_SpecLoopName, void @VITIS_LOOP_103_9_VITIS_LOOP_104_10_str"   --->   Operation 290 'specloopname' 'specloopname_ln0' <Predicate = true> <Delay = 0.00>
ST_7 : Operation 291 [1/1] (0.00ns)   --->   "%speclooptripcount_ln0 = speclooptripcount void @_ssdm_op_SpecLoopTripCount, i64 4096, i64 4096, i64 4096"   --->   Operation 291 'speclooptripcount' 'speclooptripcount_ln0' <Predicate = true> <Delay = 0.00>
ST_7 : Operation 292 [1/1] (0.00ns)   --->   "%specpipeline_ln105 = specpipeline void @_ssdm_op_SpecPipeline, i32 1, i32 0, i32 0, i32 0, void @empty_13" [top.cpp:105]   --->   Operation 292 'specpipeline' 'specpipeline_ln105' <Predicate = true> <Delay = 0.00>
ST_7 : Operation 293 [1/1] (0.00ns)   --->   "%zext_ln114 = zext i24 %c3_2" [top.cpp:114]   --->   Operation 293 'zext' 'zext_ln114' <Predicate = true> <Delay = 0.00>
ST_7 : Operation 294 [1/1] (7.30ns)   --->   "%write_ln104 = write void @_ssdm_op_Write.m_axi.p1i32, i32 %C_addr, i32 %zext_ln114, i4 15" [top.cpp:104]   --->   Operation 294 'write' 'write_ln104' <Predicate = true> <Delay = 7.30> <CoreInst = "m_axi">   --->   Core 119 'm_axi' <Latency = 5> <II = 1> <Delay = 1.00> <Adapter> <Opcode : 'read' 'write' 'readreq' 'writereq' 'writeresp'>
ST_7 : Operation 295 [1/1] (0.00ns)   --->   "%br_ln104 = br void %for.body137" [top.cpp:104]   --->   Operation 295 'br' 'br_ln104' <Predicate = true> <Delay = 0.00>


============================================================
+ Verbose Summary: Timing violations
============================================================
Target clock period: 10.000ns, clock uncertainty: 2.700ns.

 <State 1>: 3.219ns
The critical path consists of the following:
	'store' operation 0 bit ('store_ln103', top.cpp:103) of constant 0 on local variable 'i', top.cpp:103 [154]  (0.489 ns)
	'load' operation 9 bit ('i_load', top.cpp:103) on local variable 'i', top.cpp:103 [165]  (0.000 ns)
	'add' operation 9 bit ('add_ln103', top.cpp:103) [168]  (0.921 ns)
	'select' operation 9 bit ('select_ln103', top.cpp:103) [174]  (0.458 ns)
	'getelementptr' operation 11 bit ('top_kernel_ap_fixed_64_ap_fixed_24_10_0_0_0_64_tmp_7_addr', top.cpp:106) [181]  (0.000 ns)
	'load' operation 24 bit ('top_kernel_ap_fixed_64_ap_fixed_24_10_0_0_0_64_tmp_7_load', top.cpp:106) on array 'top_kernel_ap_fixed_64_ap_fixed_24_10_0_0_0_64_tmp_7' [189]  (1.352 ns)

 <State 2>: 7.277ns
The critical path consists of the following:
	'load' operation 24 bit ('top_kernel_ap_fixed_64_ap_fixed_24_10_0_0_0_64_tmp_7_load', top.cpp:106) on array 'top_kernel_ap_fixed_64_ap_fixed_24_10_0_0_0_64_tmp_7' [189]  (1.352 ns)
	'select' operation 24 bit ('select_ln106_3', top.cpp:106) [192]  (0.435 ns)
	'mul' operation 48 bit ('mul_ln106', top.cpp:106) [196]  (3.387 ns)
	'add' operation 24 bit ('c0', top.cpp:106) [202]  (1.110 ns)
	'xor' operation 1 bit ('xor_ln106', top.cpp:106) [204]  (0.000 ns)
	'and' operation 1 bit ('and_ln106', top.cpp:106) [205]  (0.331 ns)
	'select' operation 1 bit ('select_ln106', top.cpp:106) [212]  (0.000 ns)
	'xor' operation 1 bit ('xor_ln106_2', top.cpp:106) [217]  (0.000 ns)
	'or' operation 1 bit ('or_ln106', top.cpp:106) [218]  (0.000 ns)
	'and' operation 1 bit ('and_ln106_3', top.cpp:106) [220]  (0.331 ns)
	'or' operation 1 bit ('or_ln106_1', top.cpp:106) [226]  (0.331 ns)

 <State 3>: 5.925ns
The critical path consists of the following:
	'mul' operation 48 bit ('mul_ln107', top.cpp:107) [234]  (3.387 ns)
	'add' operation 24 bit ('c1', top.cpp:107) [240]  (1.110 ns)
	'xor' operation 1 bit ('xor_ln107', top.cpp:107) [242]  (0.000 ns)
	'and' operation 1 bit ('and_ln107', top.cpp:107) [243]  (0.331 ns)
	'select' operation 1 bit ('select_ln107', top.cpp:107) [250]  (0.000 ns)
	'xor' operation 1 bit ('xor_ln107_2', top.cpp:107) [255]  (0.000 ns)
	'or' operation 1 bit ('or_ln107', top.cpp:107) [256]  (0.000 ns)
	'and' operation 1 bit ('and_ln107_3', top.cpp:107) [258]  (0.331 ns)
	'or' operation 1 bit ('or_ln107_1', top.cpp:107) [264]  (0.331 ns)
	'select' operation 24 bit ('c1', top.cpp:107) [265]  (0.435 ns)

 <State 4>: 7.300ns
The critical path consists of the following:
	'getelementptr' operation 32 bit ('C_addr', top.cpp:103) [167]  (0.000 ns)
	bus write operation ('write_ln104', top.cpp:104) on port 'C' (top.cpp:104) [346]  (7.300 ns)

 <State 5>: 7.300ns
The critical path consists of the following:
	bus write operation ('write_ln104', top.cpp:104) on port 'C' (top.cpp:104) [347]  (7.300 ns)

 <State 6>: 7.300ns
The critical path consists of the following:
	bus write operation ('write_ln104', top.cpp:104) on port 'C' (top.cpp:104) [348]  (7.300 ns)

 <State 7>: 7.300ns
The critical path consists of the following:
	bus write operation ('write_ln104', top.cpp:104) on port 'C' (top.cpp:104) [349]  (7.300 ns)


============================================================
+ Verbose Summary: Binding
============================================================
N/A
* FSMD analyzer results:
  - Output states:
 - Input state : 
  - Chain level:
	State 1
	State 2
	State 3
	State 4
	State 5
	State 6
	State 7


============================================================
+ Verbose Summary: Datapath Resource usage 
============================================================
N/A
