

================================================================
== Vitis HLS Report for 'top_kernel_Pipeline_VITIS_LOOP_94_10_VITIS_LOOP_97_11'
================================================================
* Date:           Thu Feb  5 05:41:03 2026

* Version:        2025.1.1 (Build 6214317 on Sep 11 2025)
* Project:        project_1
* Solution:       hls (Vivado IP Flow Target)
* Product family: zynquplus
* Target device:  xczu3eg-sbva484-1-e


================================================================
== Performance Estimates
================================================================
+ Timing: 
    * Summary: 
    +--------+----------+----------+------------+
    |  Clock |  Target  | Estimated| Uncertainty|
    +--------+----------+----------+------------+
    |ap_clk  |  10.00 ns|  7.300 ns|     2.70 ns|
    +--------+----------+----------+------------+

+ Latency: 
    * Summary: 
    +---------+---------+----------+----------+-------+-------+------------------------------------------------+
    |  Latency (cycles) |  Latency (absolute) |    Interval   |                    Pipeline                    |
    |   min   |   max   |    min   |    max   |  min  |  max  |                      Type                      |
    +---------+---------+----------+----------+-------+-------+------------------------------------------------+
    |    16391|    16391|  0.164 ms|  0.164 ms|  16385|  16385|  loop auto-rewind stp (delay=0 clock cycles(s))|
    +---------+---------+----------+----------+-------+-------+------------------------------------------------+

    + Detail: 
        * Instance: 
        N/A

        * Loop: 
        +-------------------------------------+---------+---------+----------+-----------+-----------+-------+----------+
        |                                     |  Latency (cycles) | Iteration|  Initiation Interval  |  Trip |          |
        |              Loop Name              |   min   |   max   |  Latency |  achieved |   target  | Count | Pipelined|
        +-------------------------------------+---------+---------+----------+-----------+-----------+-------+----------+
        |- VITIS_LOOP_94_10_VITIS_LOOP_97_11  |    16389|    16389|         7|          1|          1|  16384|       yes|
        +-------------------------------------+---------+---------+----------+-----------+-----------+-------+----------+

============================================================
+ Verbose Summary: Synthesis Manager
============================================================
InlineROM: 1
ExposeGlobal: 0
============================================================
+ Verbose Summary: CDFG Model
============================================================
IsTopModel: 0
ResetActiveHigh: 1
IsCombinational: 0
IsDatapathOnly: 0
HasWiredReturn: 1
HasMFsm: 2
HasVarLatency: 1
IsPipeline: 0
IsRtlPipelined: 0
IsInstanceOverlapped: 0
IsDontTouch: 0
HasImplIP: 0
IsGatedGlobalClock: 0

+ Individual pipeline summary: 
  * Pipeline-0: initiation interval (II) = 1, depth = 7


============================================================
+ Verbose Summary: Schedule
============================================================
* Number of FSM states : 7
* Pipeline : 1
  Pipeline-0 : II = 1, D = 7, States = { 1 2 3 4 5 6 7 }
* Dataflow Pipeline: 0

* FSM state transitions: 
1 --> 2 
2 --> 3 
3 --> 4 
4 --> 5 
5 --> 6 
6 --> 7 
7 --> 

* FSM state operations: 

State 1 <SV = 0> <Delay = 4.05>
ST_1 : Operation 10 [1/1] (0.00ns)   --->   "%scale_reg_1 = alloca i32 1" [top.cpp:95]   --->   Operation 10 'alloca' 'scale_reg_1' <Predicate = true> <Delay = 0.00>
ST_1 : Operation 11 [1/1] (0.00ns)   --->   "%j = alloca i32 1" [top.cpp:97]   --->   Operation 11 'alloca' 'j' <Predicate = true> <Delay = 0.00>
ST_1 : Operation 12 [1/1] (0.00ns)   --->   "%i = alloca i32 1" [top.cpp:94]   --->   Operation 12 'alloca' 'i' <Predicate = true> <Delay = 0.00>
ST_1 : Operation 13 [1/1] (0.00ns)   --->   "%indvar_flatten13 = alloca i32 1"   --->   Operation 13 'alloca' 'indvar_flatten13' <Predicate = true> <Delay = 0.00>
ST_1 : Operation 14 [1/1] (0.00ns)   --->   "%sext_ln94_read = read i62 @_ssdm_op_Read.ap_auto.i62, i62 %sext_ln94"   --->   Operation 14 'read' 'sext_ln94_read' <Predicate = true> <Delay = 0.00>
ST_1 : Operation 15 [1/1] (0.00ns)   --->   "%scale_reg_read = read i17 @_ssdm_op_Read.ap_auto.i17, i17 %scale_reg"   --->   Operation 15 'read' 'scale_reg_read' <Predicate = true> <Delay = 0.00>
ST_1 : Operation 16 [1/1] (0.00ns)   --->   "%sext_ln94_cast = sext i62 %sext_ln94_read"   --->   Operation 16 'sext' 'sext_ln94_cast' <Predicate = true> <Delay = 0.00>
ST_1 : Operation 17 [1/1] (0.00ns)   --->   "%specmemcore_ln0 = specmemcore void @_ssdm_op_SpecMemCore, i17 %top_kernel_ap_fixed_64_ap_fixed_24_10_0_0_0_64_scale_mem_7, i64 666, i64 18, i64 18446744073709551615"   --->   Operation 17 'specmemcore' 'specmemcore_ln0' <Predicate = true> <Delay = 0.00>
ST_1 : Operation 18 [1/1] (0.00ns)   --->   "%specmemcore_ln0 = specmemcore void @_ssdm_op_SpecMemCore, i17 %top_kernel_ap_fixed_64_ap_fixed_24_10_0_0_0_64_scale_mem_6, i64 666, i64 18, i64 18446744073709551615"   --->   Operation 18 'specmemcore' 'specmemcore_ln0' <Predicate = true> <Delay = 0.00>
ST_1 : Operation 19 [1/1] (0.00ns)   --->   "%specmemcore_ln0 = specmemcore void @_ssdm_op_SpecMemCore, i17 %top_kernel_ap_fixed_64_ap_fixed_24_10_0_0_0_64_scale_mem_5, i64 666, i64 18, i64 18446744073709551615"   --->   Operation 19 'specmemcore' 'specmemcore_ln0' <Predicate = true> <Delay = 0.00>
ST_1 : Operation 20 [1/1] (0.00ns)   --->   "%specmemcore_ln0 = specmemcore void @_ssdm_op_SpecMemCore, i17 %top_kernel_ap_fixed_64_ap_fixed_24_10_0_0_0_64_scale_mem_4, i64 666, i64 18, i64 18446744073709551615"   --->   Operation 20 'specmemcore' 'specmemcore_ln0' <Predicate = true> <Delay = 0.00>
ST_1 : Operation 21 [1/1] (0.00ns)   --->   "%specmemcore_ln0 = specmemcore void @_ssdm_op_SpecMemCore, i17 %top_kernel_ap_fixed_64_ap_fixed_24_10_0_0_0_64_scale_mem_3, i64 666, i64 18, i64 18446744073709551615"   --->   Operation 21 'specmemcore' 'specmemcore_ln0' <Predicate = true> <Delay = 0.00>
ST_1 : Operation 22 [1/1] (0.00ns)   --->   "%specmemcore_ln0 = specmemcore void @_ssdm_op_SpecMemCore, i17 %top_kernel_ap_fixed_64_ap_fixed_24_10_0_0_0_64_scale_mem_2, i64 666, i64 18, i64 18446744073709551615"   --->   Operation 22 'specmemcore' 'specmemcore_ln0' <Predicate = true> <Delay = 0.00>
ST_1 : Operation 23 [1/1] (0.00ns)   --->   "%specmemcore_ln0 = specmemcore void @_ssdm_op_SpecMemCore, i17 %top_kernel_ap_fixed_64_ap_fixed_24_10_0_0_0_64_scale_mem_1, i64 666, i64 18, i64 18446744073709551615"   --->   Operation 23 'specmemcore' 'specmemcore_ln0' <Predicate = true> <Delay = 0.00>
ST_1 : Operation 24 [1/1] (0.00ns)   --->   "%specmemcore_ln0 = specmemcore void @_ssdm_op_SpecMemCore, i17 %top_kernel_ap_fixed_64_ap_fixed_24_10_0_0_0_64_scale_mem, i64 666, i64 18, i64 18446744073709551615"   --->   Operation 24 'specmemcore' 'specmemcore_ln0' <Predicate = true> <Delay = 0.00>
ST_1 : Operation 25 [1/1] (0.00ns)   --->   "%specmemcore_ln0 = specmemcore void @_ssdm_op_SpecMemCore, i24 %top_kernel_ap_fixed_64_ap_fixed_24_10_0_0_0_64_tmp_7, i64 666, i64 30, i64 18446744073709551615"   --->   Operation 25 'specmemcore' 'specmemcore_ln0' <Predicate = true> <Delay = 0.00>
ST_1 : Operation 26 [1/1] (0.00ns)   --->   "%specmemcore_ln0 = specmemcore void @_ssdm_op_SpecMemCore, i24 %top_kernel_ap_fixed_64_ap_fixed_24_10_0_0_0_64_tmp_1, i64 666, i64 30, i64 18446744073709551615"   --->   Operation 26 'specmemcore' 'specmemcore_ln0' <Predicate = true> <Delay = 0.00>
ST_1 : Operation 27 [1/1] (0.00ns)   --->   "%specmemcore_ln0 = specmemcore void @_ssdm_op_SpecMemCore, i24 %top_kernel_ap_fixed_64_ap_fixed_24_10_0_0_0_64_tmp, i64 666, i64 30, i64 18446744073709551615"   --->   Operation 27 'specmemcore' 'specmemcore_ln0' <Predicate = true> <Delay = 0.00>
ST_1 : Operation 28 [1/1] (0.00ns)   --->   "%specmemcore_ln0 = specmemcore void @_ssdm_op_SpecMemCore, i24 %top_kernel_ap_fixed_64_ap_fixed_24_10_0_0_0_64_tmp_6, i64 666, i64 30, i64 18446744073709551615"   --->   Operation 28 'specmemcore' 'specmemcore_ln0' <Predicate = true> <Delay = 0.00>
ST_1 : Operation 29 [1/1] (0.00ns)   --->   "%specmemcore_ln0 = specmemcore void @_ssdm_op_SpecMemCore, i24 %top_kernel_ap_fixed_64_ap_fixed_24_10_0_0_0_64_tmp_5, i64 666, i64 30, i64 18446744073709551615"   --->   Operation 29 'specmemcore' 'specmemcore_ln0' <Predicate = true> <Delay = 0.00>
ST_1 : Operation 30 [1/1] (0.00ns)   --->   "%specmemcore_ln0 = specmemcore void @_ssdm_op_SpecMemCore, i24 %top_kernel_ap_fixed_64_ap_fixed_24_10_0_0_0_64_tmp_4, i64 666, i64 30, i64 18446744073709551615"   --->   Operation 30 'specmemcore' 'specmemcore_ln0' <Predicate = true> <Delay = 0.00>
ST_1 : Operation 31 [1/1] (0.00ns)   --->   "%specmemcore_ln0 = specmemcore void @_ssdm_op_SpecMemCore, i24 %top_kernel_ap_fixed_64_ap_fixed_24_10_0_0_0_64_tmp_3, i64 666, i64 30, i64 18446744073709551615"   --->   Operation 31 'specmemcore' 'specmemcore_ln0' <Predicate = true> <Delay = 0.00>
ST_1 : Operation 32 [1/1] (0.00ns)   --->   "%specmemcore_ln0 = specmemcore void @_ssdm_op_SpecMemCore, i24 %top_kernel_ap_fixed_64_ap_fixed_24_10_0_0_0_64_tmp_2, i64 666, i64 30, i64 18446744073709551615"   --->   Operation 32 'specmemcore' 'specmemcore_ln0' <Predicate = true> <Delay = 0.00>
ST_1 : Operation 33 [1/1] (0.00ns)   --->   "%specinterface_ln0 = specinterface void @_ssdm_op_SpecInterface, i32 %C, void @empty_7, i32 0, i32 0, void @empty_6, i32 0, i32 0, void @empty_3, void @empty_4, void @empty_6, i32 16, i32 16, i32 16, i32 16, void @empty_6, void @empty_6, i32 4294967295, i32 0, i32 0"   --->   Operation 33 'specinterface' 'specinterface_ln0' <Predicate = true> <Delay = 0.00>
ST_1 : Operation 34 [1/1] (0.48ns)   --->   "%store_ln0 = store i15 0, i15 %indvar_flatten13"   --->   Operation 34 'store' 'store_ln0' <Predicate = true> <Delay = 0.48>
ST_1 : Operation 35 [1/1] (0.48ns)   --->   "%store_ln94 = store i9 0, i9 %i" [top.cpp:94]   --->   Operation 35 'store' 'store_ln94' <Predicate = true> <Delay = 0.48>
ST_1 : Operation 36 [1/1] (0.48ns)   --->   "%store_ln97 = store i7 0, i7 %j" [top.cpp:97]   --->   Operation 36 'store' 'store_ln97' <Predicate = true> <Delay = 0.48>
ST_1 : Operation 37 [1/1] (0.48ns)   --->   "%store_ln95 = store i17 %scale_reg_read, i17 %scale_reg_1" [top.cpp:95]   --->   Operation 37 'store' 'store_ln95' <Predicate = true> <Delay = 0.48>
ST_1 : Operation 38 [1/1] (0.00ns)   --->   "%br_ln0 = br void %for.body116"   --->   Operation 38 'br' 'br_ln0' <Predicate = true> <Delay = 0.00>
ST_1 : Operation 39 [1/1] (0.00ns)   --->   "%indvar_flatten13_load = load i15 %indvar_flatten13" [top.cpp:94]   --->   Operation 39 'load' 'indvar_flatten13_load' <Predicate = true> <Delay = 0.00>
ST_1 : Operation 40 [1/1] (0.00ns)   --->   "%specbitsmap_ln0 = specbitsmap void @_ssdm_op_SpecBitsMap, i32 %C"   --->   Operation 40 'specbitsmap' 'specbitsmap_ln0' <Predicate = true> <Delay = 0.00>
ST_1 : Operation 41 [1/1] (1.00ns)   --->   "%icmp_ln94 = icmp_eq  i15 %indvar_flatten13_load, i15 16384" [top.cpp:94]   --->   Operation 41 'icmp' 'icmp_ln94' <Predicate = true> <Delay = 1.00> <CoreInst = "Cmp">   --->   Core 9 'Cmp' <Latency = 0> <II = 1> <Delay = 1.00> <FuncUnit> <Opcode : 'seteq' 'setne' 'setle' 'setge' 'setlt' 'setgt'> <InPorts = 2> <OutPorts = 1>
ST_1 : Operation 42 [1/1] (1.00ns)   --->   "%add_ln94_1 = add i15 %indvar_flatten13_load, i15 1" [top.cpp:94]   --->   Operation 42 'add' 'add_ln94_1' <Predicate = true> <Delay = 1.00> <CoreInst = "Adder">   --->   Core 1 'Adder' <Latency = 0> <II = 1> <Delay = 1.00> <FuncUnit> <Opcode : 'add' 'sub'> <InPorts = 2> <OutPorts = 1>
ST_1 : Operation 43 [1/1] (0.00ns)   --->   "%br_ln94 = br i1 %icmp_ln94, void %fpga_resource_hint.cond.end.0, void %for.end136.exitStub" [top.cpp:94]   --->   Operation 43 'br' 'br_ln94' <Predicate = true> <Delay = 0.00>
ST_1 : Operation 44 [1/1] (0.00ns)   --->   "%j_load = load i7 %j" [top.cpp:99]   --->   Operation 44 'load' 'j_load' <Predicate = (!icmp_ln94)> <Delay = 0.00>
ST_1 : Operation 45 [1/1] (0.00ns)   --->   "%i_load = load i9 %i" [top.cpp:94]   --->   Operation 45 'load' 'i_load' <Predicate = (!icmp_ln94)> <Delay = 0.00>
ST_1 : Operation 46 [1/1] (0.92ns)   --->   "%add_ln94 = add i9 %i_load, i9 1" [top.cpp:94]   --->   Operation 46 'add' 'add_ln94' <Predicate = (!icmp_ln94)> <Delay = 0.92> <CoreInst = "Adder">   --->   Core 1 'Adder' <Latency = 0> <II = 1> <Delay = 0.92> <FuncUnit> <Opcode : 'add' 'sub'> <InPorts = 2> <OutPorts = 1>
ST_1 : Operation 47 [1/1] (0.89ns)   --->   "%icmp_ln99 = icmp_eq  i7 %j_load, i7 64" [top.cpp:99]   --->   Operation 47 'icmp' 'icmp_ln99' <Predicate = (!icmp_ln94)> <Delay = 0.89> <CoreInst = "Cmp">   --->   Core 9 'Cmp' <Latency = 0> <II = 1> <Delay = 0.89> <FuncUnit> <Opcode : 'seteq' 'setne' 'setle' 'setge' 'setlt' 'setgt'> <InPorts = 2> <OutPorts = 1>
ST_1 : Operation 48 [1/1] (0.42ns)   --->   "%select_ln95 = select i1 %icmp_ln99, i7 0, i7 %j_load" [top.cpp:95]   --->   Operation 48 'select' 'select_ln95' <Predicate = (!icmp_ln94)> <Delay = 0.42> <CoreInst = "Sel">   --->   Core 73 'Sel' <Latency = 0> <II = 1> <Delay = 0.42> <FuncUnit> <Opcode : 'select'> <InPorts = 3> <OutPorts = 1>
ST_1 : Operation 49 [1/1] (0.45ns)   --->   "%select_ln94 = select i1 %icmp_ln99, i9 %add_ln94, i9 %i_load" [top.cpp:94]   --->   Operation 49 'select' 'select_ln94' <Predicate = (!icmp_ln94)> <Delay = 0.45> <CoreInst = "Sel">   --->   Core 73 'Sel' <Latency = 0> <II = 1> <Delay = 0.45> <FuncUnit> <Opcode : 'select'> <InPorts = 3> <OutPorts = 1>
ST_1 : Operation 50 [1/1] (0.00ns)   --->   "%trunc_ln99 = trunc i9 %select_ln94" [top.cpp:99]   --->   Operation 50 'trunc' 'trunc_ln99' <Predicate = (!icmp_ln94)> <Delay = 0.00>
ST_1 : Operation 51 [1/1] (0.00ns)   --->   "%trunc_ln99_1 = trunc i7 %select_ln95" [top.cpp:99]   --->   Operation 51 'trunc' 'trunc_ln99_1' <Predicate = (!icmp_ln94)> <Delay = 0.00>
ST_1 : Operation 52 [1/1] (0.00ns)   --->   "%lshr_ln3 = partselect i3 @_ssdm_op_PartSelect.i3.i7.i32.i32, i7 %select_ln95, i32 3, i32 5" [top.cpp:95]   --->   Operation 52 'partselect' 'lshr_ln3' <Predicate = (!icmp_ln94)> <Delay = 0.00>
ST_1 : Operation 53 [1/1] (0.00ns)   --->   "%tmp_s = bitconcatenate i11 @_ssdm_op_BitConcatenate.i11.i8.i3, i8 %trunc_ln99, i3 %lshr_ln3" [top.cpp:101]   --->   Operation 53 'bitconcatenate' 'tmp_s' <Predicate = (!icmp_ln94)> <Delay = 0.00>
ST_1 : Operation 54 [1/1] (0.00ns)   --->   "%zext_ln101_1 = zext i11 %tmp_s" [top.cpp:101]   --->   Operation 54 'zext' 'zext_ln101_1' <Predicate = (!icmp_ln94)> <Delay = 0.00>
ST_1 : Operation 55 [1/1] (0.00ns)   --->   "%top_kernel_ap_fixed_64_ap_fixed_24_10_0_0_0_64_tmp_7_addr = getelementptr i24 %top_kernel_ap_fixed_64_ap_fixed_24_10_0_0_0_64_tmp_7, i64 0, i64 %zext_ln101_1" [top.cpp:101]   --->   Operation 55 'getelementptr' 'top_kernel_ap_fixed_64_ap_fixed_24_10_0_0_0_64_tmp_7_addr' <Predicate = (!icmp_ln94)> <Delay = 0.00>
ST_1 : Operation 56 [1/1] (0.00ns)   --->   "%top_kernel_ap_fixed_64_ap_fixed_24_10_0_0_0_64_tmp_6_addr = getelementptr i24 %top_kernel_ap_fixed_64_ap_fixed_24_10_0_0_0_64_tmp_6, i64 0, i64 %zext_ln101_1" [top.cpp:101]   --->   Operation 56 'getelementptr' 'top_kernel_ap_fixed_64_ap_fixed_24_10_0_0_0_64_tmp_6_addr' <Predicate = (!icmp_ln94)> <Delay = 0.00>
ST_1 : Operation 57 [1/1] (0.00ns)   --->   "%top_kernel_ap_fixed_64_ap_fixed_24_10_0_0_0_64_tmp_5_addr = getelementptr i24 %top_kernel_ap_fixed_64_ap_fixed_24_10_0_0_0_64_tmp_5, i64 0, i64 %zext_ln101_1" [top.cpp:101]   --->   Operation 57 'getelementptr' 'top_kernel_ap_fixed_64_ap_fixed_24_10_0_0_0_64_tmp_5_addr' <Predicate = (!icmp_ln94)> <Delay = 0.00>
ST_1 : Operation 58 [1/1] (0.00ns)   --->   "%top_kernel_ap_fixed_64_ap_fixed_24_10_0_0_0_64_tmp_4_addr = getelementptr i24 %top_kernel_ap_fixed_64_ap_fixed_24_10_0_0_0_64_tmp_4, i64 0, i64 %zext_ln101_1" [top.cpp:101]   --->   Operation 58 'getelementptr' 'top_kernel_ap_fixed_64_ap_fixed_24_10_0_0_0_64_tmp_4_addr' <Predicate = (!icmp_ln94)> <Delay = 0.00>
ST_1 : Operation 59 [1/1] (0.00ns)   --->   "%top_kernel_ap_fixed_64_ap_fixed_24_10_0_0_0_64_tmp_3_addr = getelementptr i24 %top_kernel_ap_fixed_64_ap_fixed_24_10_0_0_0_64_tmp_3, i64 0, i64 %zext_ln101_1" [top.cpp:101]   --->   Operation 59 'getelementptr' 'top_kernel_ap_fixed_64_ap_fixed_24_10_0_0_0_64_tmp_3_addr' <Predicate = (!icmp_ln94)> <Delay = 0.00>
ST_1 : Operation 60 [1/1] (0.00ns)   --->   "%top_kernel_ap_fixed_64_ap_fixed_24_10_0_0_0_64_tmp_2_addr = getelementptr i24 %top_kernel_ap_fixed_64_ap_fixed_24_10_0_0_0_64_tmp_2, i64 0, i64 %zext_ln101_1" [top.cpp:101]   --->   Operation 60 'getelementptr' 'top_kernel_ap_fixed_64_ap_fixed_24_10_0_0_0_64_tmp_2_addr' <Predicate = (!icmp_ln94)> <Delay = 0.00>
ST_1 : Operation 61 [1/1] (0.00ns)   --->   "%top_kernel_ap_fixed_64_ap_fixed_24_10_0_0_0_64_tmp_1_addr = getelementptr i24 %top_kernel_ap_fixed_64_ap_fixed_24_10_0_0_0_64_tmp_1, i64 0, i64 %zext_ln101_1" [top.cpp:101]   --->   Operation 61 'getelementptr' 'top_kernel_ap_fixed_64_ap_fixed_24_10_0_0_0_64_tmp_1_addr' <Predicate = (!icmp_ln94)> <Delay = 0.00>
ST_1 : Operation 62 [1/1] (0.00ns)   --->   "%top_kernel_ap_fixed_64_ap_fixed_24_10_0_0_0_64_tmp_addr = getelementptr i24 %top_kernel_ap_fixed_64_ap_fixed_24_10_0_0_0_64_tmp, i64 0, i64 %zext_ln101_1" [top.cpp:101]   --->   Operation 62 'getelementptr' 'top_kernel_ap_fixed_64_ap_fixed_24_10_0_0_0_64_tmp_addr' <Predicate = (!icmp_ln94)> <Delay = 0.00>
ST_1 : Operation 63 [1/1] (0.89ns)   --->   "%add_ln99 = add i7 %select_ln95, i7 1" [top.cpp:99]   --->   Operation 63 'add' 'add_ln99' <Predicate = (!icmp_ln94)> <Delay = 0.89> <CoreInst = "Adder">   --->   Core 1 'Adder' <Latency = 0> <II = 1> <Delay = 0.89> <FuncUnit> <Opcode : 'add' 'sub'> <InPorts = 2> <OutPorts = 1>
ST_1 : Operation 64 [1/1] (0.00ns)   --->   "%lshr_ln4 = partselect i3 @_ssdm_op_PartSelect.i3.i7.i32.i32, i7 %add_ln99, i32 3, i32 5" [top.cpp:99]   --->   Operation 64 'partselect' 'lshr_ln4' <Predicate = (!icmp_ln94)> <Delay = 0.00>
ST_1 : Operation 65 [1/1] (0.00ns)   --->   "%zext_ln99 = zext i3 %lshr_ln4" [top.cpp:99]   --->   Operation 65 'zext' 'zext_ln99' <Predicate = (!icmp_ln94)> <Delay = 0.00>
ST_1 : Operation 66 [1/1] (0.00ns)   --->   "%tmp = bitselect i1 @_ssdm_op_BitSelect.i1.i7.i32, i7 %add_ln99, i32 6" [top.cpp:99]   --->   Operation 66 'bitselect' 'tmp' <Predicate = (!icmp_ln94)> <Delay = 0.00>
ST_1 : Operation 67 [1/1] (0.00ns)   --->   "%top_kernel_ap_fixed_64_ap_fixed_24_10_0_0_0_64_scale_mem_7_addr = getelementptr i17 %top_kernel_ap_fixed_64_ap_fixed_24_10_0_0_0_64_scale_mem_7, i64 0, i64 %zext_ln99" [top.cpp:99]   --->   Operation 67 'getelementptr' 'top_kernel_ap_fixed_64_ap_fixed_24_10_0_0_0_64_scale_mem_7_addr' <Predicate = (!icmp_ln94)> <Delay = 0.00>
ST_1 : Operation 68 [1/1] (0.00ns)   --->   "%top_kernel_ap_fixed_64_ap_fixed_24_10_0_0_0_64_scale_mem_6_addr = getelementptr i17 %top_kernel_ap_fixed_64_ap_fixed_24_10_0_0_0_64_scale_mem_6, i64 0, i64 %zext_ln99" [top.cpp:99]   --->   Operation 68 'getelementptr' 'top_kernel_ap_fixed_64_ap_fixed_24_10_0_0_0_64_scale_mem_6_addr' <Predicate = (!icmp_ln94)> <Delay = 0.00>
ST_1 : Operation 69 [1/1] (0.00ns)   --->   "%top_kernel_ap_fixed_64_ap_fixed_24_10_0_0_0_64_scale_mem_5_addr = getelementptr i17 %top_kernel_ap_fixed_64_ap_fixed_24_10_0_0_0_64_scale_mem_5, i64 0, i64 %zext_ln99" [top.cpp:99]   --->   Operation 69 'getelementptr' 'top_kernel_ap_fixed_64_ap_fixed_24_10_0_0_0_64_scale_mem_5_addr' <Predicate = (!icmp_ln94)> <Delay = 0.00>
ST_1 : Operation 70 [1/1] (0.00ns)   --->   "%top_kernel_ap_fixed_64_ap_fixed_24_10_0_0_0_64_scale_mem_4_addr = getelementptr i17 %top_kernel_ap_fixed_64_ap_fixed_24_10_0_0_0_64_scale_mem_4, i64 0, i64 %zext_ln99" [top.cpp:99]   --->   Operation 70 'getelementptr' 'top_kernel_ap_fixed_64_ap_fixed_24_10_0_0_0_64_scale_mem_4_addr' <Predicate = (!icmp_ln94)> <Delay = 0.00>
ST_1 : Operation 71 [1/1] (0.00ns)   --->   "%top_kernel_ap_fixed_64_ap_fixed_24_10_0_0_0_64_scale_mem_3_addr = getelementptr i17 %top_kernel_ap_fixed_64_ap_fixed_24_10_0_0_0_64_scale_mem_3, i64 0, i64 %zext_ln99" [top.cpp:99]   --->   Operation 71 'getelementptr' 'top_kernel_ap_fixed_64_ap_fixed_24_10_0_0_0_64_scale_mem_3_addr' <Predicate = (!icmp_ln94)> <Delay = 0.00>
ST_1 : Operation 72 [1/1] (0.00ns)   --->   "%top_kernel_ap_fixed_64_ap_fixed_24_10_0_0_0_64_scale_mem_2_addr = getelementptr i17 %top_kernel_ap_fixed_64_ap_fixed_24_10_0_0_0_64_scale_mem_2, i64 0, i64 %zext_ln99" [top.cpp:99]   --->   Operation 72 'getelementptr' 'top_kernel_ap_fixed_64_ap_fixed_24_10_0_0_0_64_scale_mem_2_addr' <Predicate = (!icmp_ln94)> <Delay = 0.00>
ST_1 : Operation 73 [1/1] (0.00ns)   --->   "%top_kernel_ap_fixed_64_ap_fixed_24_10_0_0_0_64_scale_mem_1_addr = getelementptr i17 %top_kernel_ap_fixed_64_ap_fixed_24_10_0_0_0_64_scale_mem_1, i64 0, i64 %zext_ln99" [top.cpp:99]   --->   Operation 73 'getelementptr' 'top_kernel_ap_fixed_64_ap_fixed_24_10_0_0_0_64_scale_mem_1_addr' <Predicate = (!icmp_ln94)> <Delay = 0.00>
ST_1 : Operation 74 [1/1] (0.00ns)   --->   "%top_kernel_ap_fixed_64_ap_fixed_24_10_0_0_0_64_scale_mem_addr = getelementptr i17 %top_kernel_ap_fixed_64_ap_fixed_24_10_0_0_0_64_scale_mem, i64 0, i64 %zext_ln99" [top.cpp:99]   --->   Operation 74 'getelementptr' 'top_kernel_ap_fixed_64_ap_fixed_24_10_0_0_0_64_scale_mem_addr' <Predicate = (!icmp_ln94)> <Delay = 0.00>
ST_1 : Operation 75 [2/2] (1.35ns)   --->   "%top_kernel_ap_fixed_64_ap_fixed_24_10_0_0_0_64_scale_mem_7_load = load i3 %top_kernel_ap_fixed_64_ap_fixed_24_10_0_0_0_64_scale_mem_7_addr" [top.cpp:99]   --->   Operation 75 'load' 'top_kernel_ap_fixed_64_ap_fixed_24_10_0_0_0_64_scale_mem_7_load' <Predicate = (!icmp_ln94)> <Delay = 1.35> <CoreInst = "RAM_1P_BRAM">   --->   Core 89 'RAM_1P_BRAM' <Latency = 1> <II = 1> <Delay = 1.35> <Storage> <Opcode : 'load' 'store'> <Ports = 1> <Width = 17> <Depth = 8> <RAM>
ST_1 : Operation 76 [2/2] (1.35ns)   --->   "%top_kernel_ap_fixed_64_ap_fixed_24_10_0_0_0_64_scale_mem_6_load = load i3 %top_kernel_ap_fixed_64_ap_fixed_24_10_0_0_0_64_scale_mem_6_addr" [top.cpp:99]   --->   Operation 76 'load' 'top_kernel_ap_fixed_64_ap_fixed_24_10_0_0_0_64_scale_mem_6_load' <Predicate = (!icmp_ln94)> <Delay = 1.35> <CoreInst = "RAM_1P_BRAM">   --->   Core 89 'RAM_1P_BRAM' <Latency = 1> <II = 1> <Delay = 1.35> <Storage> <Opcode : 'load' 'store'> <Ports = 1> <Width = 17> <Depth = 8> <RAM>
ST_1 : Operation 77 [2/2] (1.35ns)   --->   "%top_kernel_ap_fixed_64_ap_fixed_24_10_0_0_0_64_scale_mem_5_load = load i3 %top_kernel_ap_fixed_64_ap_fixed_24_10_0_0_0_64_scale_mem_5_addr" [top.cpp:99]   --->   Operation 77 'load' 'top_kernel_ap_fixed_64_ap_fixed_24_10_0_0_0_64_scale_mem_5_load' <Predicate = (!icmp_ln94)> <Delay = 1.35> <CoreInst = "RAM_1P_BRAM">   --->   Core 89 'RAM_1P_BRAM' <Latency = 1> <II = 1> <Delay = 1.35> <Storage> <Opcode : 'load' 'store'> <Ports = 1> <Width = 17> <Depth = 8> <RAM>
ST_1 : Operation 78 [2/2] (1.35ns)   --->   "%top_kernel_ap_fixed_64_ap_fixed_24_10_0_0_0_64_scale_mem_4_load = load i3 %top_kernel_ap_fixed_64_ap_fixed_24_10_0_0_0_64_scale_mem_4_addr" [top.cpp:99]   --->   Operation 78 'load' 'top_kernel_ap_fixed_64_ap_fixed_24_10_0_0_0_64_scale_mem_4_load' <Predicate = (!icmp_ln94)> <Delay = 1.35> <CoreInst = "RAM_1P_BRAM">   --->   Core 89 'RAM_1P_BRAM' <Latency = 1> <II = 1> <Delay = 1.35> <Storage> <Opcode : 'load' 'store'> <Ports = 1> <Width = 17> <Depth = 8> <RAM>
ST_1 : Operation 79 [2/2] (1.35ns)   --->   "%top_kernel_ap_fixed_64_ap_fixed_24_10_0_0_0_64_scale_mem_3_load = load i3 %top_kernel_ap_fixed_64_ap_fixed_24_10_0_0_0_64_scale_mem_3_addr" [top.cpp:99]   --->   Operation 79 'load' 'top_kernel_ap_fixed_64_ap_fixed_24_10_0_0_0_64_scale_mem_3_load' <Predicate = (!icmp_ln94)> <Delay = 1.35> <CoreInst = "RAM_1P_BRAM">   --->   Core 89 'RAM_1P_BRAM' <Latency = 1> <II = 1> <Delay = 1.35> <Storage> <Opcode : 'load' 'store'> <Ports = 1> <Width = 17> <Depth = 8> <RAM>
ST_1 : Operation 80 [2/2] (1.35ns)   --->   "%top_kernel_ap_fixed_64_ap_fixed_24_10_0_0_0_64_scale_mem_2_load = load i3 %top_kernel_ap_fixed_64_ap_fixed_24_10_0_0_0_64_scale_mem_2_addr" [top.cpp:99]   --->   Operation 80 'load' 'top_kernel_ap_fixed_64_ap_fixed_24_10_0_0_0_64_scale_mem_2_load' <Predicate = (!icmp_ln94)> <Delay = 1.35> <CoreInst = "RAM_1P_BRAM">   --->   Core 89 'RAM_1P_BRAM' <Latency = 1> <II = 1> <Delay = 1.35> <Storage> <Opcode : 'load' 'store'> <Ports = 1> <Width = 17> <Depth = 8> <RAM>
ST_1 : Operation 81 [2/2] (1.35ns)   --->   "%top_kernel_ap_fixed_64_ap_fixed_24_10_0_0_0_64_scale_mem_1_load = load i3 %top_kernel_ap_fixed_64_ap_fixed_24_10_0_0_0_64_scale_mem_1_addr" [top.cpp:99]   --->   Operation 81 'load' 'top_kernel_ap_fixed_64_ap_fixed_24_10_0_0_0_64_scale_mem_1_load' <Predicate = (!icmp_ln94)> <Delay = 1.35> <CoreInst = "RAM_1P_BRAM">   --->   Core 89 'RAM_1P_BRAM' <Latency = 1> <II = 1> <Delay = 1.35> <Storage> <Opcode : 'load' 'store'> <Ports = 1> <Width = 17> <Depth = 8> <RAM>
ST_1 : Operation 82 [2/2] (1.35ns)   --->   "%top_kernel_ap_fixed_64_ap_fixed_24_10_0_0_0_64_scale_mem_load = load i3 %top_kernel_ap_fixed_64_ap_fixed_24_10_0_0_0_64_scale_mem_addr" [top.cpp:99]   --->   Operation 82 'load' 'top_kernel_ap_fixed_64_ap_fixed_24_10_0_0_0_64_scale_mem_load' <Predicate = (!icmp_ln94)> <Delay = 1.35> <CoreInst = "RAM_1P_BRAM">   --->   Core 89 'RAM_1P_BRAM' <Latency = 1> <II = 1> <Delay = 1.35> <Storage> <Opcode : 'load' 'store'> <Ports = 1> <Width = 17> <Depth = 8> <RAM>
ST_1 : Operation 83 [2/2] (1.35ns)   --->   "%top_kernel_ap_fixed_64_ap_fixed_24_10_0_0_0_64_tmp_7_load = load i11 %top_kernel_ap_fixed_64_ap_fixed_24_10_0_0_0_64_tmp_7_addr" [top.cpp:101]   --->   Operation 83 'load' 'top_kernel_ap_fixed_64_ap_fixed_24_10_0_0_0_64_tmp_7_load' <Predicate = (!icmp_ln94)> <Delay = 1.35> <CoreInst = "RAM_T2P_BRAM">   --->   Core 98 'RAM_T2P_BRAM' <Latency = 1> <II = 1> <Delay = 1.35> <Storage> <Opcode : 'load' 'store'> <Ports = 2> <Width = 24> <Depth = 2048> <RAM>
ST_1 : Operation 84 [2/2] (1.35ns)   --->   "%top_kernel_ap_fixed_64_ap_fixed_24_10_0_0_0_64_tmp_1_load = load i11 %top_kernel_ap_fixed_64_ap_fixed_24_10_0_0_0_64_tmp_1_addr" [top.cpp:101]   --->   Operation 84 'load' 'top_kernel_ap_fixed_64_ap_fixed_24_10_0_0_0_64_tmp_1_load' <Predicate = (!icmp_ln94)> <Delay = 1.35> <CoreInst = "RAM_T2P_BRAM">   --->   Core 98 'RAM_T2P_BRAM' <Latency = 1> <II = 1> <Delay = 1.35> <Storage> <Opcode : 'load' 'store'> <Ports = 2> <Width = 24> <Depth = 2048> <RAM>
ST_1 : Operation 85 [2/2] (1.35ns)   --->   "%top_kernel_ap_fixed_64_ap_fixed_24_10_0_0_0_64_tmp_load = load i11 %top_kernel_ap_fixed_64_ap_fixed_24_10_0_0_0_64_tmp_addr" [top.cpp:101]   --->   Operation 85 'load' 'top_kernel_ap_fixed_64_ap_fixed_24_10_0_0_0_64_tmp_load' <Predicate = (!icmp_ln94)> <Delay = 1.35> <CoreInst = "RAM_T2P_BRAM">   --->   Core 98 'RAM_T2P_BRAM' <Latency = 1> <II = 1> <Delay = 1.35> <Storage> <Opcode : 'load' 'store'> <Ports = 2> <Width = 24> <Depth = 2048> <RAM>
ST_1 : Operation 86 [2/2] (1.35ns)   --->   "%top_kernel_ap_fixed_64_ap_fixed_24_10_0_0_0_64_tmp_6_load = load i11 %top_kernel_ap_fixed_64_ap_fixed_24_10_0_0_0_64_tmp_6_addr" [top.cpp:101]   --->   Operation 86 'load' 'top_kernel_ap_fixed_64_ap_fixed_24_10_0_0_0_64_tmp_6_load' <Predicate = (!icmp_ln94)> <Delay = 1.35> <CoreInst = "RAM_T2P_BRAM">   --->   Core 98 'RAM_T2P_BRAM' <Latency = 1> <II = 1> <Delay = 1.35> <Storage> <Opcode : 'load' 'store'> <Ports = 2> <Width = 24> <Depth = 2048> <RAM>
ST_1 : Operation 87 [2/2] (1.35ns)   --->   "%top_kernel_ap_fixed_64_ap_fixed_24_10_0_0_0_64_tmp_5_load = load i11 %top_kernel_ap_fixed_64_ap_fixed_24_10_0_0_0_64_tmp_5_addr" [top.cpp:101]   --->   Operation 87 'load' 'top_kernel_ap_fixed_64_ap_fixed_24_10_0_0_0_64_tmp_5_load' <Predicate = (!icmp_ln94)> <Delay = 1.35> <CoreInst = "RAM_T2P_BRAM">   --->   Core 98 'RAM_T2P_BRAM' <Latency = 1> <II = 1> <Delay = 1.35> <Storage> <Opcode : 'load' 'store'> <Ports = 2> <Width = 24> <Depth = 2048> <RAM>
ST_1 : Operation 88 [2/2] (1.35ns)   --->   "%top_kernel_ap_fixed_64_ap_fixed_24_10_0_0_0_64_tmp_4_load = load i11 %top_kernel_ap_fixed_64_ap_fixed_24_10_0_0_0_64_tmp_4_addr" [top.cpp:101]   --->   Operation 88 'load' 'top_kernel_ap_fixed_64_ap_fixed_24_10_0_0_0_64_tmp_4_load' <Predicate = (!icmp_ln94)> <Delay = 1.35> <CoreInst = "RAM_T2P_BRAM">   --->   Core 98 'RAM_T2P_BRAM' <Latency = 1> <II = 1> <Delay = 1.35> <Storage> <Opcode : 'load' 'store'> <Ports = 2> <Width = 24> <Depth = 2048> <RAM>
ST_1 : Operation 89 [2/2] (1.35ns)   --->   "%top_kernel_ap_fixed_64_ap_fixed_24_10_0_0_0_64_tmp_3_load = load i11 %top_kernel_ap_fixed_64_ap_fixed_24_10_0_0_0_64_tmp_3_addr" [top.cpp:101]   --->   Operation 89 'load' 'top_kernel_ap_fixed_64_ap_fixed_24_10_0_0_0_64_tmp_3_load' <Predicate = (!icmp_ln94)> <Delay = 1.35> <CoreInst = "RAM_T2P_BRAM">   --->   Core 98 'RAM_T2P_BRAM' <Latency = 1> <II = 1> <Delay = 1.35> <Storage> <Opcode : 'load' 'store'> <Ports = 2> <Width = 24> <Depth = 2048> <RAM>
ST_1 : Operation 90 [2/2] (1.35ns)   --->   "%top_kernel_ap_fixed_64_ap_fixed_24_10_0_0_0_64_tmp_2_load = load i11 %top_kernel_ap_fixed_64_ap_fixed_24_10_0_0_0_64_tmp_2_addr" [top.cpp:101]   --->   Operation 90 'load' 'top_kernel_ap_fixed_64_ap_fixed_24_10_0_0_0_64_tmp_2_load' <Predicate = (!icmp_ln94)> <Delay = 1.35> <CoreInst = "RAM_T2P_BRAM">   --->   Core 98 'RAM_T2P_BRAM' <Latency = 1> <II = 1> <Delay = 1.35> <Storage> <Opcode : 'load' 'store'> <Ports = 2> <Width = 24> <Depth = 2048> <RAM>
ST_1 : Operation 91 [1/1] (0.48ns)   --->   "%store_ln94 = store i15 %add_ln94_1, i15 %indvar_flatten13" [top.cpp:94]   --->   Operation 91 'store' 'store_ln94' <Predicate = (!icmp_ln94)> <Delay = 0.48>
ST_1 : Operation 92 [1/1] (0.48ns)   --->   "%store_ln94 = store i9 %select_ln94, i9 %i" [top.cpp:94]   --->   Operation 92 'store' 'store_ln94' <Predicate = (!icmp_ln94)> <Delay = 0.48>
ST_1 : Operation 93 [1/1] (0.48ns)   --->   "%store_ln97 = store i7 %add_ln99, i7 %j" [top.cpp:97]   --->   Operation 93 'store' 'store_ln97' <Predicate = (!icmp_ln94)> <Delay = 0.48>

State 2 <SV = 1> <Delay = 3.97>
ST_2 : Operation 94 [1/1] (0.00ns)   --->   "%scale_reg_1_load = load i17 %scale_reg_1" [top.cpp:95]   --->   Operation 94 'load' 'scale_reg_1_load' <Predicate = (!icmp_ln99)> <Delay = 0.00>
ST_2 : Operation 95 [1/1] (0.42ns)   --->   "%select_ln95_1 = select i1 %icmp_ln99, i17 %scale_reg_read, i17 %scale_reg_1_load" [top.cpp:95]   --->   Operation 95 'select' 'select_ln95_1' <Predicate = true> <Delay = 0.42> <CoreInst = "Sel">   --->   Core 73 'Sel' <Latency = 0> <II = 1> <Delay = 0.42> <FuncUnit> <Opcode : 'select'> <InPorts = 3> <OutPorts = 1>
ST_2 : Operation 96 [1/2] ( I:1.35ns O:1.35ns )   --->   "%top_kernel_ap_fixed_64_ap_fixed_24_10_0_0_0_64_scale_mem_7_load = load i3 %top_kernel_ap_fixed_64_ap_fixed_24_10_0_0_0_64_scale_mem_7_addr" [top.cpp:99]   --->   Operation 96 'load' 'top_kernel_ap_fixed_64_ap_fixed_24_10_0_0_0_64_scale_mem_7_load' <Predicate = true> <Delay = 1.35> <CoreInst = "RAM_1P_BRAM">   --->   Core 89 'RAM_1P_BRAM' <Latency = 1> <II = 1> <Delay = 1.35> <Storage> <Opcode : 'load' 'store'> <Ports = 1> <Width = 17> <Depth = 8> <RAM>
ST_2 : Operation 97 [1/2] ( I:1.35ns O:1.35ns )   --->   "%top_kernel_ap_fixed_64_ap_fixed_24_10_0_0_0_64_scale_mem_6_load = load i3 %top_kernel_ap_fixed_64_ap_fixed_24_10_0_0_0_64_scale_mem_6_addr" [top.cpp:99]   --->   Operation 97 'load' 'top_kernel_ap_fixed_64_ap_fixed_24_10_0_0_0_64_scale_mem_6_load' <Predicate = true> <Delay = 1.35> <CoreInst = "RAM_1P_BRAM">   --->   Core 89 'RAM_1P_BRAM' <Latency = 1> <II = 1> <Delay = 1.35> <Storage> <Opcode : 'load' 'store'> <Ports = 1> <Width = 17> <Depth = 8> <RAM>
ST_2 : Operation 98 [1/2] ( I:1.35ns O:1.35ns )   --->   "%top_kernel_ap_fixed_64_ap_fixed_24_10_0_0_0_64_scale_mem_5_load = load i3 %top_kernel_ap_fixed_64_ap_fixed_24_10_0_0_0_64_scale_mem_5_addr" [top.cpp:99]   --->   Operation 98 'load' 'top_kernel_ap_fixed_64_ap_fixed_24_10_0_0_0_64_scale_mem_5_load' <Predicate = true> <Delay = 1.35> <CoreInst = "RAM_1P_BRAM">   --->   Core 89 'RAM_1P_BRAM' <Latency = 1> <II = 1> <Delay = 1.35> <Storage> <Opcode : 'load' 'store'> <Ports = 1> <Width = 17> <Depth = 8> <RAM>
ST_2 : Operation 99 [1/2] ( I:1.35ns O:1.35ns )   --->   "%top_kernel_ap_fixed_64_ap_fixed_24_10_0_0_0_64_scale_mem_4_load = load i3 %top_kernel_ap_fixed_64_ap_fixed_24_10_0_0_0_64_scale_mem_4_addr" [top.cpp:99]   --->   Operation 99 'load' 'top_kernel_ap_fixed_64_ap_fixed_24_10_0_0_0_64_scale_mem_4_load' <Predicate = true> <Delay = 1.35> <CoreInst = "RAM_1P_BRAM">   --->   Core 89 'RAM_1P_BRAM' <Latency = 1> <II = 1> <Delay = 1.35> <Storage> <Opcode : 'load' 'store'> <Ports = 1> <Width = 17> <Depth = 8> <RAM>
ST_2 : Operation 100 [1/2] ( I:1.35ns O:1.35ns )   --->   "%top_kernel_ap_fixed_64_ap_fixed_24_10_0_0_0_64_scale_mem_3_load = load i3 %top_kernel_ap_fixed_64_ap_fixed_24_10_0_0_0_64_scale_mem_3_addr" [top.cpp:99]   --->   Operation 100 'load' 'top_kernel_ap_fixed_64_ap_fixed_24_10_0_0_0_64_scale_mem_3_load' <Predicate = true> <Delay = 1.35> <CoreInst = "RAM_1P_BRAM">   --->   Core 89 'RAM_1P_BRAM' <Latency = 1> <II = 1> <Delay = 1.35> <Storage> <Opcode : 'load' 'store'> <Ports = 1> <Width = 17> <Depth = 8> <RAM>
ST_2 : Operation 101 [1/2] ( I:1.35ns O:1.35ns )   --->   "%top_kernel_ap_fixed_64_ap_fixed_24_10_0_0_0_64_scale_mem_2_load = load i3 %top_kernel_ap_fixed_64_ap_fixed_24_10_0_0_0_64_scale_mem_2_addr" [top.cpp:99]   --->   Operation 101 'load' 'top_kernel_ap_fixed_64_ap_fixed_24_10_0_0_0_64_scale_mem_2_load' <Predicate = true> <Delay = 1.35> <CoreInst = "RAM_1P_BRAM">   --->   Core 89 'RAM_1P_BRAM' <Latency = 1> <II = 1> <Delay = 1.35> <Storage> <Opcode : 'load' 'store'> <Ports = 1> <Width = 17> <Depth = 8> <RAM>
ST_2 : Operation 102 [1/2] ( I:1.35ns O:1.35ns )   --->   "%top_kernel_ap_fixed_64_ap_fixed_24_10_0_0_0_64_scale_mem_1_load = load i3 %top_kernel_ap_fixed_64_ap_fixed_24_10_0_0_0_64_scale_mem_1_addr" [top.cpp:99]   --->   Operation 102 'load' 'top_kernel_ap_fixed_64_ap_fixed_24_10_0_0_0_64_scale_mem_1_load' <Predicate = true> <Delay = 1.35> <CoreInst = "RAM_1P_BRAM">   --->   Core 89 'RAM_1P_BRAM' <Latency = 1> <II = 1> <Delay = 1.35> <Storage> <Opcode : 'load' 'store'> <Ports = 1> <Width = 17> <Depth = 8> <RAM>
ST_2 : Operation 103 [1/2] ( I:1.35ns O:1.35ns )   --->   "%top_kernel_ap_fixed_64_ap_fixed_24_10_0_0_0_64_scale_mem_load = load i3 %top_kernel_ap_fixed_64_ap_fixed_24_10_0_0_0_64_scale_mem_addr" [top.cpp:99]   --->   Operation 103 'load' 'top_kernel_ap_fixed_64_ap_fixed_24_10_0_0_0_64_scale_mem_load' <Predicate = true> <Delay = 1.35> <CoreInst = "RAM_1P_BRAM">   --->   Core 89 'RAM_1P_BRAM' <Latency = 1> <II = 1> <Delay = 1.35> <Storage> <Opcode : 'load' 'store'> <Ports = 1> <Width = 17> <Depth = 8> <RAM>
ST_2 : Operation 104 [1/1] (0.83ns)   --->   "%scale_next = sparsemux i17 @_ssdm_op_SparseMux.ap_auto.8i17.i17.i3, i3 7, i17 %top_kernel_ap_fixed_64_ap_fixed_24_10_0_0_0_64_scale_mem_7_load, i3 0, i17 %top_kernel_ap_fixed_64_ap_fixed_24_10_0_0_0_64_scale_mem_6_load, i3 1, i17 %top_kernel_ap_fixed_64_ap_fixed_24_10_0_0_0_64_scale_mem_5_load, i3 2, i17 %top_kernel_ap_fixed_64_ap_fixed_24_10_0_0_0_64_scale_mem_4_load, i3 3, i17 %top_kernel_ap_fixed_64_ap_fixed_24_10_0_0_0_64_scale_mem_3_load, i3 4, i17 %top_kernel_ap_fixed_64_ap_fixed_24_10_0_0_0_64_scale_mem_2_load, i3 5, i17 %top_kernel_ap_fixed_64_ap_fixed_24_10_0_0_0_64_scale_mem_1_load, i3 6, i17 %top_kernel_ap_fixed_64_ap_fixed_24_10_0_0_0_64_scale_mem_load, i17 0, i3 %trunc_ln99_1" [top.cpp:99]   --->   Operation 104 'sparsemux' 'scale_next' <Predicate = (!tmp)> <Delay = 0.83> <CoreInst = "BinarySparseMux_DontCare">   --->   Core 149 'BinarySparseMux_DontCare' <Latency = 0> <II = 1> <Delay = 0.83> <FuncUnit> <Opcode : 'sparsemux'> <InPorts = 2> <OutPorts = 1>
ST_2 : Operation 105 [1/1] (0.42ns)   --->   "%scale_next_2 = select i1 %tmp, i17 0, i17 %scale_next" [top.cpp:99]   --->   Operation 105 'select' 'scale_next_2' <Predicate = true> <Delay = 0.42> <CoreInst = "Sel">   --->   Core 73 'Sel' <Latency = 0> <II = 1> <Delay = 0.42> <FuncUnit> <Opcode : 'select'> <InPorts = 3> <OutPorts = 1>
ST_2 : Operation 106 [1/2] ( I:1.35ns O:1.35ns )   --->   "%top_kernel_ap_fixed_64_ap_fixed_24_10_0_0_0_64_tmp_7_load = load i11 %top_kernel_ap_fixed_64_ap_fixed_24_10_0_0_0_64_tmp_7_addr" [top.cpp:101]   --->   Operation 106 'load' 'top_kernel_ap_fixed_64_ap_fixed_24_10_0_0_0_64_tmp_7_load' <Predicate = true> <Delay = 1.35> <CoreInst = "RAM_T2P_BRAM">   --->   Core 98 'RAM_T2P_BRAM' <Latency = 1> <II = 1> <Delay = 1.35> <Storage> <Opcode : 'load' 'store'> <Ports = 2> <Width = 24> <Depth = 2048> <RAM>
ST_2 : Operation 107 [1/2] ( I:1.35ns O:1.35ns )   --->   "%top_kernel_ap_fixed_64_ap_fixed_24_10_0_0_0_64_tmp_1_load = load i11 %top_kernel_ap_fixed_64_ap_fixed_24_10_0_0_0_64_tmp_1_addr" [top.cpp:101]   --->   Operation 107 'load' 'top_kernel_ap_fixed_64_ap_fixed_24_10_0_0_0_64_tmp_1_load' <Predicate = true> <Delay = 1.35> <CoreInst = "RAM_T2P_BRAM">   --->   Core 98 'RAM_T2P_BRAM' <Latency = 1> <II = 1> <Delay = 1.35> <Storage> <Opcode : 'load' 'store'> <Ports = 2> <Width = 24> <Depth = 2048> <RAM>
ST_2 : Operation 108 [1/2] ( I:1.35ns O:1.35ns )   --->   "%top_kernel_ap_fixed_64_ap_fixed_24_10_0_0_0_64_tmp_load = load i11 %top_kernel_ap_fixed_64_ap_fixed_24_10_0_0_0_64_tmp_addr" [top.cpp:101]   --->   Operation 108 'load' 'top_kernel_ap_fixed_64_ap_fixed_24_10_0_0_0_64_tmp_load' <Predicate = true> <Delay = 1.35> <CoreInst = "RAM_T2P_BRAM">   --->   Core 98 'RAM_T2P_BRAM' <Latency = 1> <II = 1> <Delay = 1.35> <Storage> <Opcode : 'load' 'store'> <Ports = 2> <Width = 24> <Depth = 2048> <RAM>
ST_2 : Operation 109 [1/2] ( I:1.35ns O:1.35ns )   --->   "%top_kernel_ap_fixed_64_ap_fixed_24_10_0_0_0_64_tmp_6_load = load i11 %top_kernel_ap_fixed_64_ap_fixed_24_10_0_0_0_64_tmp_6_addr" [top.cpp:101]   --->   Operation 109 'load' 'top_kernel_ap_fixed_64_ap_fixed_24_10_0_0_0_64_tmp_6_load' <Predicate = true> <Delay = 1.35> <CoreInst = "RAM_T2P_BRAM">   --->   Core 98 'RAM_T2P_BRAM' <Latency = 1> <II = 1> <Delay = 1.35> <Storage> <Opcode : 'load' 'store'> <Ports = 2> <Width = 24> <Depth = 2048> <RAM>
ST_2 : Operation 110 [1/2] ( I:1.35ns O:1.35ns )   --->   "%top_kernel_ap_fixed_64_ap_fixed_24_10_0_0_0_64_tmp_5_load = load i11 %top_kernel_ap_fixed_64_ap_fixed_24_10_0_0_0_64_tmp_5_addr" [top.cpp:101]   --->   Operation 110 'load' 'top_kernel_ap_fixed_64_ap_fixed_24_10_0_0_0_64_tmp_5_load' <Predicate = true> <Delay = 1.35> <CoreInst = "RAM_T2P_BRAM">   --->   Core 98 'RAM_T2P_BRAM' <Latency = 1> <II = 1> <Delay = 1.35> <Storage> <Opcode : 'load' 'store'> <Ports = 2> <Width = 24> <Depth = 2048> <RAM>
ST_2 : Operation 111 [1/2] ( I:1.35ns O:1.35ns )   --->   "%top_kernel_ap_fixed_64_ap_fixed_24_10_0_0_0_64_tmp_4_load = load i11 %top_kernel_ap_fixed_64_ap_fixed_24_10_0_0_0_64_tmp_4_addr" [top.cpp:101]   --->   Operation 111 'load' 'top_kernel_ap_fixed_64_ap_fixed_24_10_0_0_0_64_tmp_4_load' <Predicate = true> <Delay = 1.35> <CoreInst = "RAM_T2P_BRAM">   --->   Core 98 'RAM_T2P_BRAM' <Latency = 1> <II = 1> <Delay = 1.35> <Storage> <Opcode : 'load' 'store'> <Ports = 2> <Width = 24> <Depth = 2048> <RAM>
ST_2 : Operation 112 [1/2] ( I:1.35ns O:1.35ns )   --->   "%top_kernel_ap_fixed_64_ap_fixed_24_10_0_0_0_64_tmp_3_load = load i11 %top_kernel_ap_fixed_64_ap_fixed_24_10_0_0_0_64_tmp_3_addr" [top.cpp:101]   --->   Operation 112 'load' 'top_kernel_ap_fixed_64_ap_fixed_24_10_0_0_0_64_tmp_3_load' <Predicate = true> <Delay = 1.35> <CoreInst = "RAM_T2P_BRAM">   --->   Core 98 'RAM_T2P_BRAM' <Latency = 1> <II = 1> <Delay = 1.35> <Storage> <Opcode : 'load' 'store'> <Ports = 2> <Width = 24> <Depth = 2048> <RAM>
ST_2 : Operation 113 [1/2] ( I:1.35ns O:1.35ns )   --->   "%top_kernel_ap_fixed_64_ap_fixed_24_10_0_0_0_64_tmp_2_load = load i11 %top_kernel_ap_fixed_64_ap_fixed_24_10_0_0_0_64_tmp_2_addr" [top.cpp:101]   --->   Operation 113 'load' 'top_kernel_ap_fixed_64_ap_fixed_24_10_0_0_0_64_tmp_2_load' <Predicate = true> <Delay = 1.35> <CoreInst = "RAM_T2P_BRAM">   --->   Core 98 'RAM_T2P_BRAM' <Latency = 1> <II = 1> <Delay = 1.35> <Storage> <Opcode : 'load' 'store'> <Ports = 2> <Width = 24> <Depth = 2048> <RAM>
ST_2 : Operation 114 [1/1] (0.83ns)   --->   "%tmp_1 = sparsemux i24 @_ssdm_op_SparseMux.ap_auto.8i24.i24.i3, i3 0, i24 %top_kernel_ap_fixed_64_ap_fixed_24_10_0_0_0_64_tmp_7_load, i3 1, i24 %top_kernel_ap_fixed_64_ap_fixed_24_10_0_0_0_64_tmp_1_load, i3 2, i24 %top_kernel_ap_fixed_64_ap_fixed_24_10_0_0_0_64_tmp_load, i3 3, i24 %top_kernel_ap_fixed_64_ap_fixed_24_10_0_0_0_64_tmp_6_load, i3 4, i24 %top_kernel_ap_fixed_64_ap_fixed_24_10_0_0_0_64_tmp_5_load, i3 5, i24 %top_kernel_ap_fixed_64_ap_fixed_24_10_0_0_0_64_tmp_4_load, i3 6, i24 %top_kernel_ap_fixed_64_ap_fixed_24_10_0_0_0_64_tmp_3_load, i3 7, i24 %top_kernel_ap_fixed_64_ap_fixed_24_10_0_0_0_64_tmp_2_load, i24 0, i3 %trunc_ln99_1" [top.cpp:101]   --->   Operation 114 'sparsemux' 'tmp_1' <Predicate = true> <Delay = 0.83> <CoreInst = "BinarySparseMux_DontCare">   --->   Core 149 'BinarySparseMux_DontCare' <Latency = 0> <II = 1> <Delay = 0.83> <FuncUnit> <Opcode : 'sparsemux'> <InPorts = 2> <OutPorts = 1>
ST_2 : Operation 115 [1/1] (0.00ns)   --->   "%sext_ln101 = sext i24 %tmp_1" [top.cpp:101]   --->   Operation 115 'sext' 'sext_ln101' <Predicate = true> <Delay = 0.00>
ST_2 : Operation 116 [1/1] (0.00ns)   --->   "%sext_ln101_1 = sext i17 %select_ln95_1" [top.cpp:101]   --->   Operation 116 'sext' 'sext_ln101_1' <Predicate = true> <Delay = 0.00>
ST_2 : Operation 117 [5/5] (1.79ns)   --->   "%mul_ln101 = mul i41 %sext_ln101, i41 %sext_ln101_1" [top.cpp:101]   --->   Operation 117 'mul' 'mul_ln101' <Predicate = true> <Delay = 1.79> <CoreInst = "Mul_DSP">   --->   Core 5 'Mul_DSP' <Latency = 4> <II = 1> <Delay = 3.66> <FuncUnit> <Opcode : 'mul'> <InPorts = 2> <OutPorts = 1>
ST_2 : Operation 118 [1/1] (0.48ns)   --->   "%store_ln95 = store i17 %scale_next_2, i17 %scale_reg_1" [top.cpp:95]   --->   Operation 118 'store' 'store_ln95' <Predicate = true> <Delay = 0.48>

State 3 <SV = 2> <Delay = 1.79>
ST_3 : Operation 119 [4/5] (1.79ns)   --->   "%mul_ln101 = mul i41 %sext_ln101, i41 %sext_ln101_1" [top.cpp:101]   --->   Operation 119 'mul' 'mul_ln101' <Predicate = true> <Delay = 1.79> <CoreInst = "Mul_DSP">   --->   Core 5 'Mul_DSP' <Latency = 4> <II = 1> <Delay = 3.66> <FuncUnit> <Opcode : 'mul'> <InPorts = 2> <OutPorts = 1>

State 4 <SV = 3> <Delay = 1.79>
ST_4 : Operation 120 [3/5] (1.79ns)   --->   "%mul_ln101 = mul i41 %sext_ln101, i41 %sext_ln101_1" [top.cpp:101]   --->   Operation 120 'mul' 'mul_ln101' <Predicate = true> <Delay = 1.79> <CoreInst = "Mul_DSP">   --->   Core 5 'Mul_DSP' <Latency = 4> <II = 1> <Delay = 3.66> <FuncUnit> <Opcode : 'mul'> <InPorts = 2> <OutPorts = 1>

State 5 <SV = 4> <Delay = 1.79>
ST_5 : Operation 121 [2/5] (1.79ns)   --->   "%mul_ln101 = mul i41 %sext_ln101, i41 %sext_ln101_1" [top.cpp:101]   --->   Operation 121 'mul' 'mul_ln101' <Predicate = true> <Delay = 1.79> <CoreInst = "Mul_DSP">   --->   Core 5 'Mul_DSP' <Latency = 4> <II = 1> <Delay = 3.66> <FuncUnit> <Opcode : 'mul'> <InPorts = 2> <OutPorts = 1>

State 6 <SV = 5> <Delay = 4.32>
ST_6 : Operation 122 [1/5] (1.79ns)   --->   "%mul_ln101 = mul i41 %sext_ln101, i41 %sext_ln101_1" [top.cpp:101]   --->   Operation 122 'mul' 'mul_ln101' <Predicate = true> <Delay = 1.79> <CoreInst = "Mul_DSP">   --->   Core 5 'Mul_DSP' <Latency = 4> <II = 1> <Delay = 3.66> <FuncUnit> <Opcode : 'mul'> <InPorts = 2> <OutPorts = 1>
ST_6 : Operation 123 [1/1] (0.00ns)   --->   "%sext_ln102 = sext i41 %mul_ln101" [top.cpp:102]   --->   Operation 123 'sext' 'sext_ln102' <Predicate = true> <Delay = 0.00>
ST_6 : Operation 124 [1/1] (0.00ns)   --->   "%specfucore_ln102 = specfucore void @_ssdm_op_SpecFUCore, i41 %mul_ln101, i64 12, i64 3, i64 4" [top.cpp:102]   --->   Operation 124 'specfucore' 'specfucore_ln102' <Predicate = true> <Delay = 0.00>
ST_6 : Operation 125 [1/1] (0.00ns)   --->   "%tmp_2 = bitselect i1 @_ssdm_op_BitSelect.i1.i48.i32, i48 %sext_ln102, i32 47" [top.cpp:101]   --->   Operation 125 'bitselect' 'tmp_2' <Predicate = true> <Delay = 0.00>
ST_6 : Operation 126 [1/1] (0.00ns)   --->   "%prod = partselect i24 @_ssdm_op_PartSelect.i24.i41.i32.i32, i41 %mul_ln101, i32 14, i32 37" [top.cpp:101]   --->   Operation 126 'partselect' 'prod' <Predicate = true> <Delay = 0.00>
ST_6 : Operation 127 [1/1] (0.00ns)   --->   "%tmp_3 = bitselect i1 @_ssdm_op_BitSelect.i1.i48.i32, i48 %sext_ln102, i32 13" [top.cpp:101]   --->   Operation 127 'bitselect' 'tmp_3' <Predicate = true> <Delay = 0.00>
ST_6 : Operation 128 [1/1] (0.00ns) (grouped into LUT with out node and_ln101)   --->   "%tmp_4 = bitselect i1 @_ssdm_op_BitSelect.i1.i48.i32, i48 %sext_ln102, i32 37" [top.cpp:101]   --->   Operation 128 'bitselect' 'tmp_4' <Predicate = true> <Delay = 0.00>
ST_6 : Operation 129 [1/1] (0.00ns)   --->   "%zext_ln101 = zext i1 %tmp_3" [top.cpp:101]   --->   Operation 129 'zext' 'zext_ln101' <Predicate = true> <Delay = 0.00>
ST_6 : Operation 130 [1/1] (1.10ns)   --->   "%prod_1 = add i24 %prod, i24 %zext_ln101" [top.cpp:101]   --->   Operation 130 'add' 'prod_1' <Predicate = true> <Delay = 1.10> <CoreInst = "Adder">   --->   Core 1 'Adder' <Latency = 0> <II = 1> <Delay = 1.10> <FuncUnit> <Opcode : 'add' 'sub'> <InPorts = 2> <OutPorts = 1>
ST_6 : Operation 131 [1/1] (0.00ns)   --->   "%tmp_5 = bitselect i1 @_ssdm_op_BitSelect.i1.i24.i32, i24 %prod_1, i32 23" [top.cpp:101]   --->   Operation 131 'bitselect' 'tmp_5' <Predicate = true> <Delay = 0.00>
ST_6 : Operation 132 [1/1] (0.00ns) (grouped into LUT with out node and_ln101)   --->   "%xor_ln101 = xor i1 %tmp_5, i1 1" [top.cpp:101]   --->   Operation 132 'xor' 'xor_ln101' <Predicate = true> <Delay = 0.00> <CoreInst = "LogicGate">   --->   Core 74 'LogicGate' <Latency = 0> <II = 1> <Delay = 0.33> <FuncUnit> <Opcode : 'and' 'or' 'xor'> <InPorts = 2> <OutPorts = 1>
ST_6 : Operation 133 [1/1] (0.33ns) (out node of the LUT)   --->   "%and_ln101 = and i1 %tmp_4, i1 %xor_ln101" [top.cpp:101]   --->   Operation 133 'and' 'and_ln101' <Predicate = true> <Delay = 0.33> <CoreInst = "LogicGate">   --->   Core 74 'LogicGate' <Latency = 0> <II = 1> <Delay = 0.33> <FuncUnit> <Opcode : 'and' 'or' 'xor'> <InPorts = 2> <OutPorts = 1>
ST_6 : Operation 134 [1/1] (0.00ns) (grouped into LUT with out node and_ln101_4)   --->   "%tmp_6 = bitselect i1 @_ssdm_op_BitSelect.i1.i48.i32, i48 %sext_ln102, i32 38" [top.cpp:101]   --->   Operation 134 'bitselect' 'tmp_6' <Predicate = true> <Delay = 0.00>
ST_6 : Operation 135 [1/1] (0.00ns)   --->   "%tmp_7 = partselect i2 @_ssdm_op_PartSelect.i2.i41.i32.i32, i41 %mul_ln101, i32 39, i32 40" [top.cpp:101]   --->   Operation 135 'partselect' 'tmp_7' <Predicate = true> <Delay = 0.00>
ST_6 : Operation 136 [1/1] (0.62ns)   --->   "%icmp_ln101 = icmp_eq  i2 %tmp_7, i2 3" [top.cpp:101]   --->   Operation 136 'icmp' 'icmp_ln101' <Predicate = true> <Delay = 0.62> <CoreInst = "Cmp">   --->   Core 9 'Cmp' <Latency = 0> <II = 1> <Delay = 0.62> <FuncUnit> <Opcode : 'seteq' 'setne' 'setle' 'setge' 'setlt' 'setgt'> <InPorts = 2> <OutPorts = 1>
ST_6 : Operation 137 [1/1] (0.00ns)   --->   "%tmp_8 = partselect i3 @_ssdm_op_PartSelect.i3.i41.i32.i32, i41 %mul_ln101, i32 38, i32 40" [top.cpp:101]   --->   Operation 137 'partselect' 'tmp_8' <Predicate = true> <Delay = 0.00>
ST_6 : Operation 138 [1/1] (0.74ns)   --->   "%icmp_ln101_1 = icmp_eq  i3 %tmp_8, i3 7" [top.cpp:101]   --->   Operation 138 'icmp' 'icmp_ln101_1' <Predicate = true> <Delay = 0.74> <CoreInst = "Cmp">   --->   Core 9 'Cmp' <Latency = 0> <II = 1> <Delay = 0.74> <FuncUnit> <Opcode : 'seteq' 'setne' 'setle' 'setge' 'setlt' 'setgt'> <InPorts = 2> <OutPorts = 1>
ST_6 : Operation 139 [1/1] (0.74ns)   --->   "%icmp_ln101_2 = icmp_eq  i3 %tmp_8, i3 0" [top.cpp:101]   --->   Operation 139 'icmp' 'icmp_ln101_2' <Predicate = true> <Delay = 0.74> <CoreInst = "Cmp">   --->   Core 9 'Cmp' <Latency = 0> <II = 1> <Delay = 0.74> <FuncUnit> <Opcode : 'seteq' 'setne' 'setle' 'setge' 'setlt' 'setgt'> <InPorts = 2> <OutPorts = 1>
ST_6 : Operation 140 [1/1] (0.00ns) (grouped into LUT with out node and_ln101_3)   --->   "%select_ln101 = select i1 %and_ln101, i1 %icmp_ln101_1, i1 %icmp_ln101_2" [top.cpp:101]   --->   Operation 140 'select' 'select_ln101' <Predicate = true> <Delay = 0.00> <CoreInst = "Sel">   --->   Core 73 'Sel' <Latency = 0> <II = 1> <Delay = 0.26> <FuncUnit> <Opcode : 'select'> <InPorts = 3> <OutPorts = 1>
ST_6 : Operation 141 [1/1] (0.00ns) (grouped into LUT with out node and_ln101_4)   --->   "%xor_ln101_1 = xor i1 %tmp_6, i1 1" [top.cpp:101]   --->   Operation 141 'xor' 'xor_ln101_1' <Predicate = true> <Delay = 0.00> <CoreInst = "LogicGate">   --->   Core 74 'LogicGate' <Latency = 0> <II = 1> <Delay = 0.33> <FuncUnit> <Opcode : 'and' 'or' 'xor'> <InPorts = 2> <OutPorts = 1>
ST_6 : Operation 142 [1/1] (0.00ns) (grouped into LUT with out node and_ln101_4)   --->   "%and_ln101_1 = and i1 %icmp_ln101, i1 %xor_ln101_1" [top.cpp:101]   --->   Operation 142 'and' 'and_ln101_1' <Predicate = true> <Delay = 0.00> <CoreInst = "LogicGate">   --->   Core 74 'LogicGate' <Latency = 0> <II = 1> <Delay = 0.33> <FuncUnit> <Opcode : 'and' 'or' 'xor'> <InPorts = 2> <OutPorts = 1>
ST_6 : Operation 143 [1/1] (0.00ns) (grouped into LUT with out node and_ln101_4)   --->   "%select_ln101_1 = select i1 %and_ln101, i1 %and_ln101_1, i1 %icmp_ln101_1" [top.cpp:101]   --->   Operation 143 'select' 'select_ln101_1' <Predicate = true> <Delay = 0.00> <CoreInst = "Sel">   --->   Core 73 'Sel' <Latency = 0> <II = 1> <Delay = 0.26> <FuncUnit> <Opcode : 'select'> <InPorts = 3> <OutPorts = 1>
ST_6 : Operation 144 [1/1] (0.00ns) (grouped into LUT with out node or_ln101_1)   --->   "%and_ln101_2 = and i1 %and_ln101, i1 %icmp_ln101_1" [top.cpp:101]   --->   Operation 144 'and' 'and_ln101_2' <Predicate = true> <Delay = 0.00> <CoreInst = "LogicGate">   --->   Core 74 'LogicGate' <Latency = 0> <II = 1> <Delay = 0.33> <FuncUnit> <Opcode : 'and' 'or' 'xor'> <InPorts = 2> <OutPorts = 1>
ST_6 : Operation 145 [1/1] (0.00ns) (grouped into LUT with out node and_ln101_3)   --->   "%xor_ln101_2 = xor i1 %select_ln101, i1 1" [top.cpp:101]   --->   Operation 145 'xor' 'xor_ln101_2' <Predicate = true> <Delay = 0.00> <CoreInst = "LogicGate">   --->   Core 74 'LogicGate' <Latency = 0> <II = 1> <Delay = 0.33> <FuncUnit> <Opcode : 'and' 'or' 'xor'> <InPorts = 2> <OutPorts = 1>
ST_6 : Operation 146 [1/1] (0.00ns) (grouped into LUT with out node and_ln101_3)   --->   "%or_ln101 = or i1 %tmp_5, i1 %xor_ln101_2" [top.cpp:101]   --->   Operation 146 'or' 'or_ln101' <Predicate = true> <Delay = 0.00> <CoreInst = "LogicGate">   --->   Core 74 'LogicGate' <Latency = 0> <II = 1> <Delay = 0.33> <FuncUnit> <Opcode : 'and' 'or' 'xor'> <InPorts = 2> <OutPorts = 1>
ST_6 : Operation 147 [1/1] (0.00ns) (grouped into LUT with out node and_ln101_3)   --->   "%xor_ln101_3 = xor i1 %tmp_2, i1 1" [top.cpp:101]   --->   Operation 147 'xor' 'xor_ln101_3' <Predicate = true> <Delay = 0.00> <CoreInst = "LogicGate">   --->   Core 74 'LogicGate' <Latency = 0> <II = 1> <Delay = 0.33> <FuncUnit> <Opcode : 'and' 'or' 'xor'> <InPorts = 2> <OutPorts = 1>
ST_6 : Operation 148 [1/1] (0.33ns) (out node of the LUT)   --->   "%and_ln101_3 = and i1 %or_ln101, i1 %xor_ln101_3" [top.cpp:101]   --->   Operation 148 'and' 'and_ln101_3' <Predicate = true> <Delay = 0.33> <CoreInst = "LogicGate">   --->   Core 74 'LogicGate' <Latency = 0> <II = 1> <Delay = 0.33> <FuncUnit> <Opcode : 'and' 'or' 'xor'> <InPorts = 2> <OutPorts = 1>
ST_6 : Operation 149 [1/1] (0.33ns) (out node of the LUT)   --->   "%and_ln101_4 = and i1 %tmp_5, i1 %select_ln101_1" [top.cpp:101]   --->   Operation 149 'and' 'and_ln101_4' <Predicate = true> <Delay = 0.33> <CoreInst = "LogicGate">   --->   Core 74 'LogicGate' <Latency = 0> <II = 1> <Delay = 0.33> <FuncUnit> <Opcode : 'and' 'or' 'xor'> <InPorts = 2> <OutPorts = 1>
ST_6 : Operation 150 [1/1] (0.00ns) (grouped into LUT with out node or_ln101_1)   --->   "%or_ln101_2 = or i1 %and_ln101_2, i1 %and_ln101_4" [top.cpp:101]   --->   Operation 150 'or' 'or_ln101_2' <Predicate = true> <Delay = 0.00> <CoreInst = "LogicGate">   --->   Core 74 'LogicGate' <Latency = 0> <II = 1> <Delay = 0.33> <FuncUnit> <Opcode : 'and' 'or' 'xor'> <InPorts = 2> <OutPorts = 1>
ST_6 : Operation 151 [1/1] (0.00ns) (grouped into LUT with out node or_ln101_1)   --->   "%xor_ln101_4 = xor i1 %or_ln101_2, i1 1" [top.cpp:101]   --->   Operation 151 'xor' 'xor_ln101_4' <Predicate = true> <Delay = 0.00> <CoreInst = "LogicGate">   --->   Core 74 'LogicGate' <Latency = 0> <II = 1> <Delay = 0.33> <FuncUnit> <Opcode : 'and' 'or' 'xor'> <InPorts = 2> <OutPorts = 1>
ST_6 : Operation 152 [1/1] (0.00ns) (grouped into LUT with out node or_ln101_1)   --->   "%and_ln101_5 = and i1 %tmp_2, i1 %xor_ln101_4" [top.cpp:101]   --->   Operation 152 'and' 'and_ln101_5' <Predicate = true> <Delay = 0.00> <CoreInst = "LogicGate">   --->   Core 74 'LogicGate' <Latency = 0> <II = 1> <Delay = 0.33> <FuncUnit> <Opcode : 'and' 'or' 'xor'> <InPorts = 2> <OutPorts = 1>
ST_6 : Operation 153 [1/1] (0.00ns) (grouped into LUT with out node prod_2)   --->   "%select_ln101_2 = select i1 %and_ln101_3, i24 8388607, i24 8388608" [top.cpp:101]   --->   Operation 153 'select' 'select_ln101_2' <Predicate = true> <Delay = 0.00> <CoreInst = "Sel">   --->   Core 73 'Sel' <Latency = 0> <II = 1> <Delay = 0.43> <FuncUnit> <Opcode : 'select'> <InPorts = 3> <OutPorts = 1>
ST_6 : Operation 154 [1/1] (0.33ns) (out node of the LUT)   --->   "%or_ln101_1 = or i1 %and_ln101_3, i1 %and_ln101_5" [top.cpp:101]   --->   Operation 154 'or' 'or_ln101_1' <Predicate = true> <Delay = 0.33> <CoreInst = "LogicGate">   --->   Core 74 'LogicGate' <Latency = 0> <II = 1> <Delay = 0.33> <FuncUnit> <Opcode : 'and' 'or' 'xor'> <InPorts = 2> <OutPorts = 1>
ST_6 : Operation 155 [1/1] (0.43ns) (out node of the LUT)   --->   "%prod_2 = select i1 %or_ln101_1, i24 %select_ln101_2, i24 %prod_1" [top.cpp:101]   --->   Operation 155 'select' 'prod_2' <Predicate = true> <Delay = 0.43> <CoreInst = "Sel">   --->   Core 73 'Sel' <Latency = 0> <II = 1> <Delay = 0.43> <FuncUnit> <Opcode : 'select'> <InPorts = 3> <OutPorts = 1>
ST_6 : Operation 165 [1/1] (0.48ns)   --->   "%ret_ln0 = ret"   --->   Operation 165 'ret' 'ret_ln0' <Predicate = (icmp_ln94)> <Delay = 0.48>

State 7 <SV = 6> <Delay = 7.30>
ST_7 : Operation 156 [1/1] (0.00ns)   --->   "%C_addr = getelementptr i32 %C, i64 %sext_ln94_cast" [top.cpp:94]   --->   Operation 156 'getelementptr' 'C_addr' <Predicate = true> <Delay = 0.00>
ST_7 : Operation 157 [1/1] (0.00ns)   --->   "%specloopname_ln0 = specloopname void @_ssdm_op_SpecLoopName, void @VITIS_LOOP_94_10_VITIS_LOOP_97_11_str"   --->   Operation 157 'specloopname' 'specloopname_ln0' <Predicate = true> <Delay = 0.00>
ST_7 : Operation 158 [1/1] (0.00ns)   --->   "%speclooptripcount_ln0 = speclooptripcount void @_ssdm_op_SpecLoopTripCount, i64 16384, i64 16384, i64 16384"   --->   Operation 158 'speclooptripcount' 'speclooptripcount_ln0' <Predicate = true> <Delay = 0.00>
ST_7 : Operation 159 [1/1] (0.00ns)   --->   "%specpipeline_ln98 = specpipeline void @_ssdm_op_SpecPipeline, i32 1, i32 0, i32 0, i32 0, void @empty_6" [top.cpp:98]   --->   Operation 159 'specpipeline' 'specpipeline_ln98' <Predicate = true> <Delay = 0.00>
ST_7 : Operation 160 [1/1] (0.00ns)   --->   "%rbegin = specregionbegin i32 @_ssdm_op_SpecRegionBegin, void @empty_12" [top.cpp:101]   --->   Operation 160 'specregionbegin' 'rbegin' <Predicate = true> <Delay = 0.00>
ST_7 : Operation 161 [1/1] (0.00ns)   --->   "%rend = specregionend i32 @_ssdm_op_SpecRegionEnd, void @empty_12, i32 %rbegin" [top.cpp:101]   --->   Operation 161 'specregionend' 'rend' <Predicate = true> <Delay = 0.00>
ST_7 : Operation 162 [1/1] (0.00ns)   --->   "%zext_ln104 = zext i24 %prod_2" [top.cpp:104]   --->   Operation 162 'zext' 'zext_ln104' <Predicate = true> <Delay = 0.00>
ST_7 : Operation 163 [1/1] (7.30ns)   --->   "%write_ln104 = write void @_ssdm_op_Write.m_axi.p1i32, i32 %C_addr, i32 %zext_ln104, i4 15" [top.cpp:104]   --->   Operation 163 'write' 'write_ln104' <Predicate = true> <Delay = 7.30> <CoreInst = "m_axi">   --->   Core 119 'm_axi' <Latency = 5> <II = 1> <Delay = 1.00> <Adapter> <Opcode : 'read' 'write' 'readreq' 'writereq' 'writeresp'>
ST_7 : Operation 164 [1/1] (0.00ns)   --->   "%br_ln97 = br void %for.body116" [top.cpp:97]   --->   Operation 164 'br' 'br_ln97' <Predicate = true> <Delay = 0.00>


============================================================
+ Verbose Summary: Timing violations
============================================================
Target clock period: 10.000ns, clock uncertainty: 2.700ns.

 <State 1>: 4.056ns
The critical path consists of the following:
	'store' operation 0 bit ('store_ln97', top.cpp:97) of constant 0 on local variable 'j', top.cpp:97 [46]  (0.489 ns)
	'load' operation 7 bit ('j_load', top.cpp:99) on local variable 'j', top.cpp:97 [57]  (0.000 ns)
	'icmp' operation 1 bit ('icmp_ln99', top.cpp:99) [63]  (0.897 ns)
	'select' operation 7 bit ('select_ln95', top.cpp:95) [64]  (0.420 ns)
	'add' operation 7 bit ('add_ln99', top.cpp:99) [81]  (0.897 ns)
	'getelementptr' operation 3 bit ('top_kernel_ap_fixed_64_ap_fixed_24_10_0_0_0_64_scale_mem_7_addr', top.cpp:99) [85]  (0.000 ns)
	'load' operation 17 bit ('top_kernel_ap_fixed_64_ap_fixed_24_10_0_0_0_64_scale_mem_7_load', top.cpp:99) on array 'top_kernel_ap_fixed_64_ap_fixed_24_10_0_0_0_64_scale_mem_7' [93]  (1.352 ns)

 <State 2>: 3.979ns
The critical path consists of the following:
	'load' operation 24 bit ('top_kernel_ap_fixed_64_ap_fixed_24_10_0_0_0_64_tmp_7_load', top.cpp:101) on array 'top_kernel_ap_fixed_64_ap_fixed_24_10_0_0_0_64_tmp_7' [104]  (1.352 ns)
	'sparsemux' operation 24 bit ('tmp_1', top.cpp:101) [112]  (0.837 ns)
	'mul' operation 41 bit ('mul_ln101', top.cpp:101) [115]  (1.790 ns)

 <State 3>: 1.790ns
The critical path consists of the following:
	'mul' operation 41 bit ('mul_ln101', top.cpp:101) [115]  (1.790 ns)

 <State 4>: 1.790ns
The critical path consists of the following:
	'mul' operation 41 bit ('mul_ln101', top.cpp:101) [115]  (1.790 ns)

 <State 5>: 1.790ns
The critical path consists of the following:
	'mul' operation 41 bit ('mul_ln101', top.cpp:101) [115]  (1.790 ns)

 <State 6>: 4.328ns
The critical path consists of the following:
	'mul' operation 41 bit ('mul_ln101', top.cpp:101) [115]  (1.790 ns)
	'add' operation 24 bit ('prod', top.cpp:101) [123]  (1.110 ns)
	'xor' operation 1 bit ('xor_ln101', top.cpp:101) [125]  (0.000 ns)
	'and' operation 1 bit ('and_ln101', top.cpp:101) [126]  (0.331 ns)
	'select' operation 1 bit ('select_ln101', top.cpp:101) [133]  (0.000 ns)
	'xor' operation 1 bit ('xor_ln101_2', top.cpp:101) [138]  (0.000 ns)
	'or' operation 1 bit ('or_ln101', top.cpp:101) [139]  (0.000 ns)
	'and' operation 1 bit ('and_ln101_3', top.cpp:101) [141]  (0.331 ns)
	'or' operation 1 bit ('or_ln101_1', top.cpp:101) [147]  (0.331 ns)
	'select' operation 24 bit ('prod', top.cpp:101) [148]  (0.435 ns)

 <State 7>: 7.300ns
The critical path consists of the following:
	'getelementptr' operation 32 bit ('C_addr', top.cpp:94) [59]  (0.000 ns)
	bus write operation ('write_ln104', top.cpp:104) on port 'C' (top.cpp:104) [151]  (7.300 ns)


============================================================
+ Verbose Summary: Binding
============================================================
N/A
* FSMD analyzer results:
  - Output states:
 - Input state : 
  - Chain level:
	State 1
	State 2
	State 3
	State 4
	State 5
	State 6
	State 7


============================================================
+ Verbose Summary: Datapath Resource usage 
============================================================
N/A
