

================================================================
== Vitis HLS Report for 'top_kernel_Pipeline_VITIS_LOOP_60_3'
================================================================
* Date:           Sat Jan 31 19:57:53 2026

* Version:        2025.1.1 (Build 6214317 on Sep 11 2025)
* Project:        project_1
* Solution:       hls (Vivado IP Flow Target)
* Product family: zynquplus
* Target device:  xczu3eg-sbva484-1-e


================================================================
== Performance Estimates
================================================================
+ Timing: 
    * Summary: 
    +--------+----------+----------+------------+
    |  Clock |  Target  | Estimated| Uncertainty|
    +--------+----------+----------+------------+
    |ap_clk  |  10.00 ns|  7.300 ns|     2.70 ns|
    +--------+----------+----------+------------+

+ Latency: 
    * Summary: 
    +---------+---------+----------+----------+-----+-----+------------------------------------------------+
    |  Latency (cycles) |  Latency (absolute) |  Interval |                    Pipeline                    |
    |   min   |   max   |    min   |    max   | min | max |                      Type                      |
    +---------+---------+----------+----------+-----+-----+------------------------------------------------+
    |       67|       67|  0.670 us|  0.670 us|   65|   65|  loop auto-rewind stp (delay=0 clock cycles(s))|
    +---------+---------+----------+----------+-----+-----+------------------------------------------------+

    + Detail: 
        * Instance: 
        N/A

        * Loop: 
        +-------------------+---------+---------+----------+-----------+-----------+------+----------+
        |                   |  Latency (cycles) | Iteration|  Initiation Interval  | Trip |          |
        |     Loop Name     |   min   |   max   |  Latency |  achieved |   target  | Count| Pipelined|
        +-------------------+---------+---------+----------+-----------+-----------+------+----------+
        |- VITIS_LOOP_60_3  |       65|       65|         3|          1|          1|    64|       yes|
        +-------------------+---------+---------+----------+-----------+-----------+------+----------+

============================================================
+ Verbose Summary: Synthesis Manager
============================================================
InlineROM: 1
ExposeGlobal: 0
============================================================
+ Verbose Summary: CDFG Model
============================================================
IsTopModel: 0
ResetActiveHigh: 1
IsCombinational: 0
IsDatapathOnly: 0
HasWiredReturn: 1
HasMFsm: 2
HasVarLatency: 1
IsPipeline: 0
IsRtlPipelined: 0
IsInstanceOverlapped: 0
IsDontTouch: 0
HasImplIP: 0
IsGatedGlobalClock: 0

+ Individual pipeline summary: 
  * Pipeline-0: initiation interval (II) = 1, depth = 3


============================================================
+ Verbose Summary: Schedule
============================================================
* Number of FSM states : 3
* Pipeline : 1
  Pipeline-0 : II = 1, D = 3, States = { 1 2 3 }
* Dataflow Pipeline: 0

* FSM state transitions: 
1 --> 2 
2 --> 3 
3 --> 

* FSM state operations: 

State 1 <SV = 0> <Delay = 1.87>
ST_1 : Operation 6 [1/1] (0.00ns)   --->   "%empty = alloca i32 1"   --->   Operation 6 'alloca' 'empty' <Predicate = true> <Delay = 0.00>
ST_1 : Operation 7 [1/1] (0.00ns)   --->   "%j_1 = alloca i32 1" [top.cpp:60]   --->   Operation 7 'alloca' 'j_1' <Predicate = true> <Delay = 0.00>
ST_1 : Operation 8 [1/1] (0.00ns)   --->   "%sext_ln57_read = read i62 @_ssdm_op_Read.ap_auto.i62, i62 %sext_ln57"   --->   Operation 8 'read' 'sext_ln57_read' <Predicate = true> <Delay = 0.00>
ST_1 : Operation 9 [1/1] (0.00ns)   --->   "%sext_ln57_cast = sext i62 %sext_ln57_read"   --->   Operation 9 'sext' 'sext_ln57_cast' <Predicate = true> <Delay = 0.00>
ST_1 : Operation 10 [1/1] (0.00ns)   --->   "%specinterface_ln0 = specinterface void @_ssdm_op_SpecInterface, i32 %A, void @empty_9, i32 0, i32 0, void @empty_10, i32 0, i32 0, void @empty_7, void @empty_14, void @empty_10, i32 16, i32 16, i32 16, i32 16, void @empty_10, void @empty_10, i32 4294967295, i32 0, i32 0"   --->   Operation 10 'specinterface' 'specinterface_ln0' <Predicate = true> <Delay = 0.00>
ST_1 : Operation 11 [1/1] (0.48ns)   --->   "%store_ln60 = store i7 0, i7 %j_1" [top.cpp:60]   --->   Operation 11 'store' 'store_ln60' <Predicate = true> <Delay = 0.48>
ST_1 : Operation 12 [1/1] (0.48ns)   --->   "%store_ln0 = store i24 0, i24 %empty"   --->   Operation 12 'store' 'store_ln0' <Predicate = true> <Delay = 0.48>
ST_1 : Operation 13 [1/1] (0.00ns)   --->   "%br_ln0 = br void %for.body9"   --->   Operation 13 'br' 'br_ln0' <Predicate = true> <Delay = 0.00>
ST_1 : Operation 14 [1/1] (0.00ns)   --->   "%j = load i7 %j_1" [top.cpp:60]   --->   Operation 14 'load' 'j' <Predicate = true> <Delay = 0.00>
ST_1 : Operation 15 [1/1] (0.00ns)   --->   "%specbitsmap_ln0 = specbitsmap void @_ssdm_op_SpecBitsMap, i32 %A"   --->   Operation 15 'specbitsmap' 'specbitsmap_ln0' <Predicate = true> <Delay = 0.00>
ST_1 : Operation 16 [1/1] (0.89ns)   --->   "%icmp_ln60 = icmp_eq  i7 %j, i7 64" [top.cpp:60]   --->   Operation 16 'icmp' 'icmp_ln60' <Predicate = true> <Delay = 0.89> <CoreInst = "Cmp">   --->   Core 9 'Cmp' <Latency = 0> <II = 1> <Delay = 0.89> <FuncUnit> <Opcode : 'seteq' 'setne' 'setle' 'setge' 'setlt' 'setgt'> <InPorts = 2> <OutPorts = 1>
ST_1 : Operation 17 [1/1] (0.89ns)   --->   "%add_ln60 = add i7 %j, i7 1" [top.cpp:60]   --->   Operation 17 'add' 'add_ln60' <Predicate = true> <Delay = 0.89> <CoreInst = "Adder">   --->   Core 1 'Adder' <Latency = 0> <II = 1> <Delay = 0.89> <FuncUnit> <Opcode : 'add' 'sub'> <InPorts = 2> <OutPorts = 1>
ST_1 : Operation 18 [1/1] (0.00ns)   --->   "%br_ln60 = br i1 %icmp_ln60, void %for.body9.split, void %for.end18.exitStub" [top.cpp:60]   --->   Operation 18 'br' 'br_ln60' <Predicate = true> <Delay = 0.00>
ST_1 : Operation 19 [1/1] (0.00ns)   --->   "%trunc_ln60 = trunc i7 %j" [top.cpp:60]   --->   Operation 19 'trunc' 'trunc_ln60' <Predicate = (!icmp_ln60)> <Delay = 0.00>
ST_1 : Operation 20 [1/1] (0.00ns)   --->   "%lshr_ln = partselect i3 @_ssdm_op_PartSelect.i3.i7.i32.i32, i7 %j, i32 3, i32 5" [top.cpp:60]   --->   Operation 20 'partselect' 'lshr_ln' <Predicate = (!icmp_ln60)> <Delay = 0.00>
ST_1 : Operation 21 [1/1] (0.74ns)   --->   "%switch_ln63 = switch i3 %trunc_ln60, void %arrayidx15.case.7, i3 0, void %arrayidx15.case.0, i3 1, void %arrayidx15.case.1, i3 2, void %arrayidx15.case.2, i3 3, void %arrayidx15.case.3, i3 4, void %arrayidx15.case.4, i3 5, void %arrayidx15.case.5, i3 6, void %arrayidx15.case.6" [top.cpp:63]   --->   Operation 21 'switch' 'switch_ln63' <Predicate = (!icmp_ln60)> <Delay = 0.74>
ST_1 : Operation 22 [1/1] (0.48ns)   --->   "%store_ln60 = store i7 %add_ln60, i7 %j_1" [top.cpp:60]   --->   Operation 22 'store' 'store_ln60' <Predicate = (!icmp_ln60)> <Delay = 0.48>

State 2 <SV = 1> <Delay = 7.30>
ST_2 : Operation 23 [1/1] (0.00ns)   --->   "%A_addr = getelementptr i32 %A, i64 %sext_ln57_cast" [top.cpp:57]   --->   Operation 23 'getelementptr' 'A_addr' <Predicate = true> <Delay = 0.00>
ST_2 : Operation 24 [1/1] (7.30ns)   --->   "%A_addr_read = read i32 @_ssdm_op_Read.m_axi.p1i32, i32 %A_addr" [top.cpp:62]   --->   Operation 24 'read' 'A_addr_read' <Predicate = true> <Delay = 7.30> <CoreInst = "m_axi">   --->   Core 119 'm_axi' <Latency = 3> <II = 1> <Delay = 1.00> <Adapter> <Opcode : 'read' 'write' 'readreq' 'writereq' 'writeresp'>
ST_2 : Operation 25 [1/1] (0.00ns)   --->   "%a = trunc i32 %A_addr_read" [top.cpp:62]   --->   Operation 25 'trunc' 'a' <Predicate = true> <Delay = 0.00>
ST_2 : Operation 68 [1/1] (0.00ns)   --->   "%p_load5 = load i24 %empty"   --->   Operation 68 'load' 'p_load5' <Predicate = (icmp_ln60)> <Delay = 0.00>
ST_2 : Operation 69 [1/1] (0.00ns)   --->   "%write_ln0 = write void @_ssdm_op_Write.ap_auto.i24P0A, i24 %p_out, i24 %p_load5"   --->   Operation 69 'write' 'write_ln0' <Predicate = (icmp_ln60)> <Delay = 0.00>
ST_2 : Operation 70 [1/1] (0.48ns)   --->   "%ret_ln0 = ret"   --->   Operation 70 'ret' 'ret_ln0' <Predicate = (icmp_ln60)> <Delay = 0.48>

State 3 <SV = 2> <Delay = 2.03>
ST_3 : Operation 26 [1/1] (0.00ns)   --->   "%specpipeline_ln61 = specpipeline void @_ssdm_op_SpecPipeline, i32 1, i32 0, i32 0, i32 0, void @empty_10" [top.cpp:61]   --->   Operation 26 'specpipeline' 'specpipeline_ln61' <Predicate = true> <Delay = 0.00>
ST_3 : Operation 27 [1/1] (0.00ns)   --->   "%speclooptripcount_ln60 = speclooptripcount void @_ssdm_op_SpecLoopTripCount, i64 64, i64 64, i64 64" [top.cpp:60]   --->   Operation 27 'speclooptripcount' 'speclooptripcount_ln60' <Predicate = true> <Delay = 0.00>
ST_3 : Operation 28 [1/1] (0.00ns)   --->   "%specloopname_ln60 = specloopname void @_ssdm_op_SpecLoopName, void @empty_4" [top.cpp:60]   --->   Operation 28 'specloopname' 'specloopname_ln60' <Predicate = true> <Delay = 0.00>
ST_3 : Operation 29 [1/1] (0.00ns)   --->   "%zext_ln60 = zext i3 %lshr_ln" [top.cpp:60]   --->   Operation 29 'zext' 'zext_ln60' <Predicate = true> <Delay = 0.00>
ST_3 : Operation 30 [1/1] (0.00ns)   --->   "%row_buf_addr = getelementptr i24 %row_buf, i64 0, i64 %zext_ln60" [top.cpp:63]   --->   Operation 30 'getelementptr' 'row_buf_addr' <Predicate = true> <Delay = 0.00>
ST_3 : Operation 31 [1/1] (0.00ns)   --->   "%row_buf_1_addr = getelementptr i24 %row_buf_1, i64 0, i64 %zext_ln60" [top.cpp:63]   --->   Operation 31 'getelementptr' 'row_buf_1_addr' <Predicate = true> <Delay = 0.00>
ST_3 : Operation 32 [1/1] (0.00ns)   --->   "%row_buf_2_addr = getelementptr i24 %row_buf_2, i64 0, i64 %zext_ln60" [top.cpp:63]   --->   Operation 32 'getelementptr' 'row_buf_2_addr' <Predicate = true> <Delay = 0.00>
ST_3 : Operation 33 [1/1] (0.00ns)   --->   "%row_buf_3_addr = getelementptr i24 %row_buf_3, i64 0, i64 %zext_ln60" [top.cpp:63]   --->   Operation 33 'getelementptr' 'row_buf_3_addr' <Predicate = true> <Delay = 0.00>
ST_3 : Operation 34 [1/1] (0.00ns)   --->   "%row_buf_4_addr = getelementptr i24 %row_buf_4, i64 0, i64 %zext_ln60" [top.cpp:63]   --->   Operation 34 'getelementptr' 'row_buf_4_addr' <Predicate = true> <Delay = 0.00>
ST_3 : Operation 35 [1/1] (0.00ns)   --->   "%row_buf_5_addr = getelementptr i24 %row_buf_5, i64 0, i64 %zext_ln60" [top.cpp:63]   --->   Operation 35 'getelementptr' 'row_buf_5_addr' <Predicate = true> <Delay = 0.00>
ST_3 : Operation 36 [1/1] (0.00ns)   --->   "%row_buf_6_addr = getelementptr i24 %row_buf_6, i64 0, i64 %zext_ln60" [top.cpp:63]   --->   Operation 36 'getelementptr' 'row_buf_6_addr' <Predicate = true> <Delay = 0.00>
ST_3 : Operation 37 [1/1] (0.00ns)   --->   "%row_buf_7_addr = getelementptr i24 %row_buf_7, i64 0, i64 %zext_ln60" [top.cpp:63]   --->   Operation 37 'getelementptr' 'row_buf_7_addr' <Predicate = true> <Delay = 0.00>
ST_3 : Operation 38 [1/1] ( I:0.79ns O:0.79ns )   --->   "%store_ln63 = store i24 %a, i3 %row_buf_6_addr" [top.cpp:63]   --->   Operation 38 'store' 'store_ln63' <Predicate = (trunc_ln60 == 6)> <Delay = 0.79> <CoreInst = "RAM">   --->   Core 82 'RAM' <Latency = 1> <II = 1> <Delay = 0.79> <Storage> <Opcode : 'load' 'store'> <Ports = 2> <Width = 24> <Depth = 8> <RAM>
ST_3 : Operation 39 [1/1] (0.00ns)   --->   "%br_ln63 = br void %arrayidx15.exit" [top.cpp:63]   --->   Operation 39 'br' 'br_ln63' <Predicate = (trunc_ln60 == 6)> <Delay = 0.00>
ST_3 : Operation 40 [1/1] ( I:0.79ns O:0.79ns )   --->   "%store_ln63 = store i24 %a, i3 %row_buf_5_addr" [top.cpp:63]   --->   Operation 40 'store' 'store_ln63' <Predicate = (trunc_ln60 == 5)> <Delay = 0.79> <CoreInst = "RAM">   --->   Core 82 'RAM' <Latency = 1> <II = 1> <Delay = 0.79> <Storage> <Opcode : 'load' 'store'> <Ports = 2> <Width = 24> <Depth = 8> <RAM>
ST_3 : Operation 41 [1/1] (0.00ns)   --->   "%br_ln63 = br void %arrayidx15.exit" [top.cpp:63]   --->   Operation 41 'br' 'br_ln63' <Predicate = (trunc_ln60 == 5)> <Delay = 0.00>
ST_3 : Operation 42 [1/1] ( I:0.79ns O:0.79ns )   --->   "%store_ln63 = store i24 %a, i3 %row_buf_4_addr" [top.cpp:63]   --->   Operation 42 'store' 'store_ln63' <Predicate = (trunc_ln60 == 4)> <Delay = 0.79> <CoreInst = "RAM">   --->   Core 82 'RAM' <Latency = 1> <II = 1> <Delay = 0.79> <Storage> <Opcode : 'load' 'store'> <Ports = 2> <Width = 24> <Depth = 8> <RAM>
ST_3 : Operation 43 [1/1] (0.00ns)   --->   "%br_ln63 = br void %arrayidx15.exit" [top.cpp:63]   --->   Operation 43 'br' 'br_ln63' <Predicate = (trunc_ln60 == 4)> <Delay = 0.00>
ST_3 : Operation 44 [1/1] ( I:0.79ns O:0.79ns )   --->   "%store_ln63 = store i24 %a, i3 %row_buf_3_addr" [top.cpp:63]   --->   Operation 44 'store' 'store_ln63' <Predicate = (trunc_ln60 == 3)> <Delay = 0.79> <CoreInst = "RAM">   --->   Core 82 'RAM' <Latency = 1> <II = 1> <Delay = 0.79> <Storage> <Opcode : 'load' 'store'> <Ports = 2> <Width = 24> <Depth = 8> <RAM>
ST_3 : Operation 45 [1/1] (0.00ns)   --->   "%br_ln63 = br void %arrayidx15.exit" [top.cpp:63]   --->   Operation 45 'br' 'br_ln63' <Predicate = (trunc_ln60 == 3)> <Delay = 0.00>
ST_3 : Operation 46 [1/1] ( I:0.79ns O:0.79ns )   --->   "%store_ln63 = store i24 %a, i3 %row_buf_2_addr" [top.cpp:63]   --->   Operation 46 'store' 'store_ln63' <Predicate = (trunc_ln60 == 2)> <Delay = 0.79> <CoreInst = "RAM">   --->   Core 82 'RAM' <Latency = 1> <II = 1> <Delay = 0.79> <Storage> <Opcode : 'load' 'store'> <Ports = 2> <Width = 24> <Depth = 8> <RAM>
ST_3 : Operation 47 [1/1] (0.00ns)   --->   "%br_ln63 = br void %arrayidx15.exit" [top.cpp:63]   --->   Operation 47 'br' 'br_ln63' <Predicate = (trunc_ln60 == 2)> <Delay = 0.00>
ST_3 : Operation 48 [1/1] ( I:0.79ns O:0.79ns )   --->   "%store_ln63 = store i24 %a, i3 %row_buf_1_addr" [top.cpp:63]   --->   Operation 48 'store' 'store_ln63' <Predicate = (trunc_ln60 == 1)> <Delay = 0.79> <CoreInst = "RAM">   --->   Core 82 'RAM' <Latency = 1> <II = 1> <Delay = 0.79> <Storage> <Opcode : 'load' 'store'> <Ports = 2> <Width = 24> <Depth = 8> <RAM>
ST_3 : Operation 49 [1/1] (0.00ns)   --->   "%br_ln63 = br void %arrayidx15.exit" [top.cpp:63]   --->   Operation 49 'br' 'br_ln63' <Predicate = (trunc_ln60 == 1)> <Delay = 0.00>
ST_3 : Operation 50 [1/1] ( I:0.79ns O:0.79ns )   --->   "%store_ln63 = store i24 %a, i3 %row_buf_addr" [top.cpp:63]   --->   Operation 50 'store' 'store_ln63' <Predicate = (trunc_ln60 == 0)> <Delay = 0.79> <CoreInst = "RAM">   --->   Core 82 'RAM' <Latency = 1> <II = 1> <Delay = 0.79> <Storage> <Opcode : 'load' 'store'> <Ports = 2> <Width = 24> <Depth = 8> <RAM>
ST_3 : Operation 51 [1/1] (0.00ns)   --->   "%br_ln63 = br void %arrayidx15.exit" [top.cpp:63]   --->   Operation 51 'br' 'br_ln63' <Predicate = (trunc_ln60 == 0)> <Delay = 0.00>
ST_3 : Operation 52 [1/1] ( I:0.79ns O:0.79ns )   --->   "%store_ln63 = store i24 %a, i3 %row_buf_7_addr" [top.cpp:63]   --->   Operation 52 'store' 'store_ln63' <Predicate = (trunc_ln60 == 7)> <Delay = 0.79> <CoreInst = "RAM">   --->   Core 82 'RAM' <Latency = 1> <II = 1> <Delay = 0.79> <Storage> <Opcode : 'load' 'store'> <Ports = 2> <Width = 24> <Depth = 8> <RAM>
ST_3 : Operation 53 [1/1] (0.00ns)   --->   "%br_ln63 = br void %arrayidx15.exit" [top.cpp:63]   --->   Operation 53 'br' 'br_ln63' <Predicate = (trunc_ln60 == 7)> <Delay = 0.00>
ST_3 : Operation 54 [1/1] (0.00ns)   --->   "%p_load = load i24 %empty" [top.cpp:64]   --->   Operation 54 'load' 'p_load' <Predicate = true> <Delay = 0.00>
ST_3 : Operation 55 [1/1] (0.00ns)   --->   "%sext_ln64 = sext i24 %p_load" [top.cpp:64]   --->   Operation 55 'sext' 'sext_ln64' <Predicate = true> <Delay = 0.00>
ST_3 : Operation 56 [1/1] (0.00ns)   --->   "%sext_ln64_1 = sext i24 %a" [top.cpp:64]   --->   Operation 56 'sext' 'sext_ln64_1' <Predicate = true> <Delay = 0.00>
ST_3 : Operation 57 [1/1] (1.10ns)   --->   "%add_ln64 = add i24 %a, i24 %p_load" [top.cpp:64]   --->   Operation 57 'add' 'add_ln64' <Predicate = true> <Delay = 1.10> <CoreInst = "Adder">   --->   Core 1 'Adder' <Latency = 0> <II = 1> <Delay = 1.10> <FuncUnit> <Opcode : 'add' 'sub'> <InPorts = 2> <OutPorts = 1>
ST_3 : Operation 58 [1/1] (1.10ns)   --->   "%add_ln64_1 = add i25 %sext_ln64_1, i25 %sext_ln64" [top.cpp:64]   --->   Operation 58 'add' 'add_ln64_1' <Predicate = true> <Delay = 1.10> <CoreInst = "Adder">   --->   Core 1 'Adder' <Latency = 0> <II = 1> <Delay = 1.10> <FuncUnit> <Opcode : 'add' 'sub'> <InPorts = 2> <OutPorts = 1>
ST_3 : Operation 59 [1/1] (0.00ns)   --->   "%tmp = bitselect i1 @_ssdm_op_BitSelect.i1.i25.i32, i25 %add_ln64_1, i32 24" [top.cpp:64]   --->   Operation 59 'bitselect' 'tmp' <Predicate = true> <Delay = 0.00>
ST_3 : Operation 60 [1/1] (0.00ns)   --->   "%tmp_71 = bitselect i1 @_ssdm_op_BitSelect.i1.i24.i32, i24 %add_ln64, i32 23" [top.cpp:64]   --->   Operation 60 'bitselect' 'tmp_71' <Predicate = true> <Delay = 0.00>
ST_3 : Operation 61 [1/1] (0.00ns) (grouped into LUT with out node select_ln64_1)   --->   "%xor_ln64 = xor i1 %tmp, i1 1" [top.cpp:64]   --->   Operation 61 'xor' 'xor_ln64' <Predicate = true> <Delay = 0.00> <CoreInst = "LogicGate">   --->   Core 74 'LogicGate' <Latency = 0> <II = 1> <Delay = 0.33> <FuncUnit> <Opcode : 'and' 'or' 'xor'> <InPorts = 2> <OutPorts = 1>
ST_3 : Operation 62 [1/1] (0.00ns) (grouped into LUT with out node select_ln64_1)   --->   "%and_ln64 = and i1 %tmp_71, i1 %xor_ln64" [top.cpp:64]   --->   Operation 62 'and' 'and_ln64' <Predicate = true> <Delay = 0.00> <CoreInst = "LogicGate">   --->   Core 74 'LogicGate' <Latency = 0> <II = 1> <Delay = 0.33> <FuncUnit> <Opcode : 'and' 'or' 'xor'> <InPorts = 2> <OutPorts = 1>
ST_3 : Operation 63 [1/1] (0.00ns) (grouped into LUT with out node select_ln64_1)   --->   "%xor_ln64_1 = xor i1 %tmp, i1 %tmp_71" [top.cpp:64]   --->   Operation 63 'xor' 'xor_ln64_1' <Predicate = true> <Delay = 0.00> <CoreInst = "LogicGate">   --->   Core 74 'LogicGate' <Latency = 0> <II = 1> <Delay = 0.33> <FuncUnit> <Opcode : 'and' 'or' 'xor'> <InPorts = 2> <OutPorts = 1>
ST_3 : Operation 64 [1/1] (0.00ns) (grouped into LUT with out node select_ln64_1)   --->   "%select_ln64 = select i1 %and_ln64, i24 8388607, i24 8388608" [top.cpp:64]   --->   Operation 64 'select' 'select_ln64' <Predicate = true> <Delay = 0.00> <CoreInst = "Sel">   --->   Core 73 'Sel' <Latency = 0> <II = 1> <Delay = 0.43> <FuncUnit> <Opcode : 'select'> <InPorts = 3> <OutPorts = 1>
ST_3 : Operation 65 [1/1] (0.43ns) (out node of the LUT)   --->   "%select_ln64_1 = select i1 %xor_ln64_1, i24 %select_ln64, i24 %add_ln64" [top.cpp:64]   --->   Operation 65 'select' 'select_ln64_1' <Predicate = true> <Delay = 0.43> <CoreInst = "Sel">   --->   Core 73 'Sel' <Latency = 0> <II = 1> <Delay = 0.43> <FuncUnit> <Opcode : 'select'> <InPorts = 3> <OutPorts = 1>
ST_3 : Operation 66 [1/1] (0.48ns)   --->   "%store_ln64 = store i24 %select_ln64_1, i24 %empty" [top.cpp:64]   --->   Operation 66 'store' 'store_ln64' <Predicate = true> <Delay = 0.48>
ST_3 : Operation 67 [1/1] (0.00ns)   --->   "%br_ln60 = br void %for.body9" [top.cpp:60]   --->   Operation 67 'br' 'br_ln60' <Predicate = true> <Delay = 0.00>


============================================================
+ Verbose Summary: Timing violations
============================================================
Target clock period: 10.000ns, clock uncertainty: 2.700ns.

 <State 1>: 1.875ns
The critical path consists of the following:
	'store' operation 0 bit ('store_ln60', top.cpp:60) of constant 0 on local variable 'j', top.cpp:60 [17]  (0.489 ns)
	'load' operation 7 bit ('j', top.cpp:60) on local variable 'j', top.cpp:60 [21]  (0.000 ns)
	'icmp' operation 1 bit ('icmp_ln60', top.cpp:60) [23]  (0.897 ns)
	'store' operation 0 bit ('store_ln60', top.cpp:60) of variable 'add_ln60', top.cpp:60 on local variable 'j', top.cpp:60 [82]  (0.489 ns)

 <State 2>: 7.300ns
The critical path consists of the following:
	'getelementptr' operation 32 bit ('A_addr', top.cpp:57) [27]  (0.000 ns)
	bus read operation ('A_addr_read', top.cpp:62) on port 'A' (top.cpp:62) [34]  (7.300 ns)

 <State 3>: 2.034ns
The critical path consists of the following:
	'load' operation 24 bit ('p_load', top.cpp:64) on local variable 'empty' [70]  (0.000 ns)
	'add' operation 24 bit ('add_ln64', top.cpp:64) [73]  (1.110 ns)
	'select' operation 24 bit ('select_ln64_1', top.cpp:64) [81]  (0.435 ns)
	'store' operation 0 bit ('store_ln64', top.cpp:64) of variable 'select_ln64_1', top.cpp:64 on local variable 'empty' [83]  (0.489 ns)


============================================================
+ Verbose Summary: Binding
============================================================
N/A
* FSMD analyzer results:
  - Output states:
 - Input state : 
  - Chain level:
	State 1
	State 2
	State 3


============================================================
+ Verbose Summary: Datapath Resource usage 
============================================================
N/A
