================================================================
== Design Size Report
================================================================

* Total Instructions per Compilation Phase
+---------------+-----------------------------+--------------+----------------------------------------------------------------------------------------+
| Phase         | Step                        | Instructions | Description                                                                            |
+---------------+-----------------------------+--------------+----------------------------------------------------------------------------------------+
| Compile/Link  |                             | 4,891        | After all functions are compiled and linked into a single design                       |
|               |                             |              |                                                                                        |
| Unroll/Inline |                             |              | After user unroll and inline pragmas are applied                                       |
|               | (1) unroll                  | 1,965        | user unroll pragmas are applied                                                        |
|               | (2) simplification          | 1,064        | simplification of applied user unroll pragmas                                          |
|               | (3) inline                  | 1,005        | user inline pragmas are applied                                                        |
|               | (4) simplification          |   974        | simplification of applied user inline pragmas                                          |
|               |                             |              |                                                                                        |
| Array/Struct  |                             |              | After user array partition and struct aggregate/disaggregate pragmas are applied       |
|               | (1) array partition         | 2,915        | user array partition pragmas are applied                                               |
|               | (2) simplification          | 2,311        | simplification of applied user array partition & struct aggregate/disaggregate pragmas |
|               | (3) aggregate/disaggregate  | 2,320        | user struct aggregate/disaggregate pragmas are applied                                 |
|               | (4) array reshape           | 2,329        | apply array reshape pragmas                                                            |
|               | (5) access patterns         | 2,714        | array access pattern optmizations                                                      |
|               |                             |              |                                                                                        |
| Performance   |                             |              | After transformations are applied to meet performance pragma targets                   |
|               | (1) loop simplification     | 2,439        | loop and instruction simplification                                                    |
|               | (2) parallelization         | 2,249        | loops are unrolled or pipelined to meet performance targets                            |
|               | (3) array partition         | 2,249        | arrays are partitioned to meet performance targets                                     |
|               | (4) simplification          | 2,249        | simplification of design after performance transformations                             |
|               |                             |              |                                                                                        |
| HW Transforms |                             |              | After hardware transfomations                                                          |
|               | (1) lowering                | 2,253        | initial conversion to HW specific instructions                                         |
|               | (2) optimizations           | 2,281        | high level synthesis optimizations                                                     |
+---------------+-----------------------------+--------------+----------------------------------------------------------------------------------------+

* Instructions per Function for each Compilation Phase
+--------------+-----------+--------------+---------------+--------------+-------------+---------------+
| Function     | Location  | Compile/Link | Unroll/Inline | Array/Struct | Performance | HW Transforms |
+--------------+-----------+--------------+---------------+--------------+-------------+---------------+
|   top_kernel | top.cpp:9 | 4,891        | 974           | 2,714        | 2,249       | 2,281         |
+--------------+-----------+--------------+---------------+--------------+-------------+---------------+

* Design Size Message Settings
+---------------------------------------------+--------+------------------------------------------------------------------+
| Message Setting                             | Value  | Description                                                      |
+---------------------------------------------+--------+------------------------------------------------------------------+
| config_compile -design_size_maximum_warning | 100000 | Show a warning when total design instructions exceeds this value |
+---------------------------------------------+--------+------------------------------------------------------------------+


