

================================================================
== Vitis HLS Report for 'top_kernel_Pipeline_VITIS_LOOP_109_12_VITIS_LOOP_110_1337'
================================================================
* Date:           Mon Jan 26 23:11:32 2026

* Version:        2025.1.1 (Build 6214317 on Sep 11 2025)
* Project:        project_1
* Solution:       hls (Vivado IP Flow Target)
* Product family: zynquplus
* Target device:  xczu3eg-sbva484-1-e


================================================================
== Performance Estimates
================================================================
+ Timing: 
    * Summary: 
    +--------+----------+----------+------------+
    |  Clock |  Target  | Estimated| Uncertainty|
    +--------+----------+----------+------------+
    |ap_clk  |  10.00 ns|  7.277 ns|     2.70 ns|
    +--------+----------+----------+------------+

+ Latency: 
    * Summary: 
    +---------+---------+-----------+-----------+------+------+------------------------------------------------+
    |  Latency (cycles) |   Latency (absolute)  |   Interval  |                    Pipeline                    |
    |   min   |   max   |    min    |    max    |  min |  max |                      Type                      |
    +---------+---------+-----------+-----------+------+------+------------------------------------------------+
    |     1027|     1027|  10.270 us|  10.270 us|  1025|  1025|  loop auto-rewind stp (delay=0 clock cycles(s))|
    +---------+---------+-----------+-----------+------+------+------------------------------------------------+

    + Detail: 
        * Instance: 
        N/A

        * Loop: 
        +---------------------------------------+---------+---------+----------+-----------+-----------+------+----------+
        |                                       |  Latency (cycles) | Iteration|  Initiation Interval  | Trip |          |
        |               Loop Name               |   min   |   max   |  Latency |  achieved |   target  | Count| Pipelined|
        +---------------------------------------+---------+---------+----------+-----------+-----------+------+----------+
        |- VITIS_LOOP_109_12_VITIS_LOOP_110_13  |     1025|     1025|         3|          1|          1|  1024|       yes|
        +---------------------------------------+---------+---------+----------+-----------+-----------+------+----------+



================================================================
== Utilization Estimates
================================================================
* Summary: 
+-----------------+---------+-----+--------+-------+-----+
|       Name      | BRAM_18K| DSP |   FF   |  LUT  | URAM|
+-----------------+---------+-----+--------+-------+-----+
|DSP              |        -|    -|       -|      -|    -|
|Expression       |        -|    -|       0|    238|    -|
|FIFO             |        -|    -|       -|      -|    -|
|Instance         |        -|    2|       0|    261|    -|
|Memory           |        -|    -|       -|      -|    -|
|Multiplexer      |        -|    -|       0|     72|    -|
|Register         |        -|    -|     100|      -|    -|
+-----------------+---------+-----+--------+-------+-----+
|Total            |        0|    2|     100|    571|    0|
+-----------------+---------+-----+--------+-------+-----+
|Available        |      432|  360|  141120|  70560|    0|
+-----------------+---------+-----+--------+-------+-----+
|Utilization (%)  |        0|   ~0|      ~0|     ~0|    0|
+-----------------+---------+-----+--------+-------+-----+

+ Detail: 
    * Instance: 
    +--------------------------------+--------------------------+---------+----+---+-----+-----+
    |            Instance            |          Module          | BRAM_18K| DSP| FF| LUT | URAM|
    +--------------------------------+--------------------------+---------+----+---+-----+-----+
    |mul_24s_24s_48_1_1_U5471        |mul_24s_24s_48_1_1        |        0|   2|  0|   39|    0|
    |sparsemux_99_6_24_1_1_x1_U5472  |sparsemux_99_6_24_1_1_x1  |        0|   0|  0|  222|    0|
    +--------------------------------+--------------------------+---------+----+---+-----+-----+
    |Total                           |                          |        0|   2|  0|  261|    0|
    +--------------------------------+--------------------------+---------+----+---+-----+-----+

    * DSP: 
    N/A

    * Memory: 
    N/A

    * FIFO: 
    N/A

    * Expression: 
    +----------------------------+----------+----+---+----+------------+------------+
    |        Variable Name       | Operation| DSP| FF| LUT| Bitwidth P0| Bitwidth P1|
    +----------------------------+----------+----+---+----+------------+------------+
    |add_ln109_7_fu_706_p2       |         +|   0|  0|  16|           9|           1|
    |add_ln109_fu_690_p2         |         +|   0|  0|  18|          11|           1|
    |add_ln110_fu_971_p2         |         +|   0|  0|  14|           7|           5|
    |add_ln112_fu_1039_p2        |         +|   0|  0|  31|          24|          24|
    |and_ln112_41_fu_1121_p2     |       and|   0|  0|   2|           1|           1|
    |and_ln112_42_fu_1135_p2     |       and|   0|  0|   2|           1|           1|
    |and_ln112_43_fu_1159_p2     |       and|   0|  0|   2|           1|           1|
    |and_ln112_44_fu_1165_p2     |       and|   0|  0|   2|           1|           1|
    |and_ln112_45_fu_1183_p2     |       and|   0|  0|   2|           1|           1|
    |and_ln112_fu_1059_p2        |       and|   0|  0|   2|           1|           1|
    |icmp_ln109_fu_684_p2        |      icmp|   0|  0|  19|          11|          12|
    |icmp_ln112_24_fu_1095_p2    |      icmp|   0|  0|  15|           8|           2|
    |icmp_ln112_25_fu_1101_p2    |      icmp|   0|  0|  15|           8|           1|
    |icmp_ln112_fu_1081_p2       |      icmp|   0|  0|  14|           7|           2|
    |or_ln112_14_fu_1147_p2      |        or|   0|  0|   2|           1|           1|
    |or_ln112_15_fu_1197_p2      |        or|   0|  0|   2|           1|           1|
    |or_ln112_fu_1171_p2         |        or|   0|  0|   2|           1|           1|
    |select_ln109_fu_732_p3      |    select|   0|  0|   8|           1|           9|
    |select_ln110_fu_720_p3      |    select|   0|  0|   6|           1|           3|
    |select_ln112_25_fu_1127_p3  |    select|   0|  0|   2|           1|           1|
    |select_ln112_26_fu_1189_p3  |    select|   0|  0|  24|           1|          23|
    |select_ln112_27_fu_1203_p3  |    select|   0|  0|  24|           1|          24|
    |select_ln112_fu_1107_p3     |    select|   0|  0|   2|           1|           1|
    |ap_enable_pp0               |       xor|   0|  0|   2|           1|           2|
    |xor_ln112_33_fu_1115_p2     |       xor|   0|  0|   2|           1|           2|
    |xor_ln112_34_fu_1141_p2     |       xor|   0|  0|   2|           1|           2|
    |xor_ln112_35_fu_1153_p2     |       xor|   0|  0|   2|           1|           2|
    |xor_ln112_36_fu_1177_p2     |       xor|   0|  0|   2|           1|           2|
    |xor_ln112_fu_1053_p2        |       xor|   0|  0|   2|           1|           2|
    +----------------------------+----------+----+---+----+------------+------------+
    |Total                       |          |   0|  0| 238|         106|         130|
    +----------------------------+----------+----+---+----+------------+------------+

    * Multiplexer: 
    +-----------------------------------------+----+-----------+-----+-----------+
    |                   Name                  | LUT| Input Size| Bits| Total Bits|
    +-----------------------------------------+----+-----------+-----+-----------+
    |ap_done_int                              |   9|          2|    1|          2|
    |ap_enable_reg_pp0_iter1                  |   9|          2|    1|          2|
    |ap_sig_allocacmp_i_load                  |   9|          2|    9|         18|
    |ap_sig_allocacmp_indvar_flatten272_load  |   9|          2|   11|         22|
    |ap_sig_allocacmp_j_load                  |   9|          2|    7|         14|
    |i_fu_334                                 |   9|          2|    9|         18|
    |indvar_flatten272_fu_338                 |   9|          2|   11|         22|
    |j_fu_330                                 |   9|          2|    7|         14|
    +-----------------------------------------+----+-----------+-----+-----------+
    |Total                                    |  72|         16|   56|        112|
    +-----------------------------------------+----+-----------+-----+-----------+

    * Register: 
    +-----------------------------------+----+----+-----+-----------+
    |                Name               | FF | LUT| Bits| Const Bits|
    +-----------------------------------+----+----+-----+-----------+
    |ap_CS_fsm                          |   1|   0|    1|          0|
    |ap_done_reg                        |   1|   0|    1|          0|
    |ap_enable_reg_pp0_iter1            |   1|   0|    1|          0|
    |ap_enable_reg_pp0_iter2            |   1|   0|    1|          0|
    |ap_loop_exit_ready_pp0_iter1_reg   |   1|   0|    1|          0|
    |i_fu_334                           |   9|   0|    9|          0|
    |indvar_flatten272_fu_338           |  11|   0|   11|          0|
    |j_fu_330                           |   7|   0|    7|          0|
    |select_ln112_27_reg_1251           |  24|   0|   24|          0|
    |tmp_52_reg_1246                    |  24|   0|   24|          0|
    |zext_ln112_reg_1236                |  10|   0|   64|         54|
    |zext_ln112_reg_1236_pp0_iter1_reg  |  10|   0|   64|         54|
    +-----------------------------------+----+----+-----+-----------+
    |Total                              | 100|   0|  208|        108|
    +-----------------------------------+----+----+-----+-----------+



================================================================
== Interface
================================================================
* Summary: 
+--------------------------------------------------------------+-----+-----+------------+-----------------------------------------------------------+--------------+
|                           RTL Ports                          | Dir | Bits|  Protocol  |                       Source Object                       |    C Type    |
+--------------------------------------------------------------+-----+-----+------------+-----------------------------------------------------------+--------------+
|ap_clk                                                        |   in|    1|  ap_ctrl_hs|  top_kernel_Pipeline_VITIS_LOOP_109_12_VITIS_LOOP_110_1337|  return value|
|ap_rst                                                        |   in|    1|  ap_ctrl_hs|  top_kernel_Pipeline_VITIS_LOOP_109_12_VITIS_LOOP_110_1337|  return value|
|ap_start                                                      |   in|    1|  ap_ctrl_hs|  top_kernel_Pipeline_VITIS_LOOP_109_12_VITIS_LOOP_110_1337|  return value|
|ap_done                                                       |  out|    1|  ap_ctrl_hs|  top_kernel_Pipeline_VITIS_LOOP_109_12_VITIS_LOOP_110_1337|  return value|
|ap_idle                                                       |  out|    1|  ap_ctrl_hs|  top_kernel_Pipeline_VITIS_LOOP_109_12_VITIS_LOOP_110_1337|  return value|
|ap_ready                                                      |  out|    1|  ap_ctrl_hs|  top_kernel_Pipeline_VITIS_LOOP_109_12_VITIS_LOOP_110_1337|  return value|
|C_7_address0                                                  |  out|   10|   ap_memory|                                                        C_7|         array|
|C_7_ce0                                                       |  out|    1|   ap_memory|                                                        C_7|         array|
|C_7_we0                                                       |  out|    1|   ap_memory|                                                        C_7|         array|
|C_7_d0                                                        |  out|   24|   ap_memory|                                                        C_7|         array|
|scale_7_reload                                                |   in|   24|     ap_none|                                             scale_7_reload|        scalar|
|scale_8_reload                                                |   in|   24|     ap_none|                                             scale_8_reload|        scalar|
|scale_9_reload                                                |   in|   24|     ap_none|                                             scale_9_reload|        scalar|
|scale_10_reload                                               |   in|   24|     ap_none|                                            scale_10_reload|        scalar|
|scale_11_reload                                               |   in|   24|     ap_none|                                            scale_11_reload|        scalar|
|scale_12_reload                                               |   in|   24|     ap_none|                                            scale_12_reload|        scalar|
|scale_13_reload                                               |   in|   24|     ap_none|                                            scale_13_reload|        scalar|
|scale_14_reload                                               |   in|   24|     ap_none|                                            scale_14_reload|        scalar|
|scale_15_reload                                               |   in|   24|     ap_none|                                            scale_15_reload|        scalar|
|scale_16_reload                                               |   in|   24|     ap_none|                                            scale_16_reload|        scalar|
|scale_17_reload                                               |   in|   24|     ap_none|                                            scale_17_reload|        scalar|
|scale_18_reload                                               |   in|   24|     ap_none|                                            scale_18_reload|        scalar|
|scale_19_reload                                               |   in|   24|     ap_none|                                            scale_19_reload|        scalar|
|scale_20_reload                                               |   in|   24|     ap_none|                                            scale_20_reload|        scalar|
|scale_21_reload                                               |   in|   24|     ap_none|                                            scale_21_reload|        scalar|
|scale_22_reload                                               |   in|   24|     ap_none|                                            scale_22_reload|        scalar|
|scale_23_reload                                               |   in|   24|     ap_none|                                            scale_23_reload|        scalar|
|scale_24_reload                                               |   in|   24|     ap_none|                                            scale_24_reload|        scalar|
|scale_25_reload                                               |   in|   24|     ap_none|                                            scale_25_reload|        scalar|
|scale_26_reload                                               |   in|   24|     ap_none|                                            scale_26_reload|        scalar|
|scale_27_reload                                               |   in|   24|     ap_none|                                            scale_27_reload|        scalar|
|scale_28_reload                                               |   in|   24|     ap_none|                                            scale_28_reload|        scalar|
|scale_29_reload                                               |   in|   24|     ap_none|                                            scale_29_reload|        scalar|
|scale_30_reload                                               |   in|   24|     ap_none|                                            scale_30_reload|        scalar|
|scale_31_reload                                               |   in|   24|     ap_none|                                            scale_31_reload|        scalar|
|scale_32_reload                                               |   in|   24|     ap_none|                                            scale_32_reload|        scalar|
|scale_33_reload                                               |   in|   24|     ap_none|                                            scale_33_reload|        scalar|
|scale_34_reload                                               |   in|   24|     ap_none|                                            scale_34_reload|        scalar|
|scale_35_reload                                               |   in|   24|     ap_none|                                            scale_35_reload|        scalar|
|scale_36_reload                                               |   in|   24|     ap_none|                                            scale_36_reload|        scalar|
|scale_37_reload                                               |   in|   24|     ap_none|                                            scale_37_reload|        scalar|
|scale_38_reload                                               |   in|   24|     ap_none|                                            scale_38_reload|        scalar|
|scale_39_reload                                               |   in|   24|     ap_none|                                            scale_39_reload|        scalar|
|scale_40_reload                                               |   in|   24|     ap_none|                                            scale_40_reload|        scalar|
|scale_41_reload                                               |   in|   24|     ap_none|                                            scale_41_reload|        scalar|
|scale_42_reload                                               |   in|   24|     ap_none|                                            scale_42_reload|        scalar|
|scale_43_reload                                               |   in|   24|     ap_none|                                            scale_43_reload|        scalar|
|scale_44_reload                                               |   in|   24|     ap_none|                                            scale_44_reload|        scalar|
|scale_45_reload                                               |   in|   24|     ap_none|                                            scale_45_reload|        scalar|
|scale_46_reload                                               |   in|   24|     ap_none|                                            scale_46_reload|        scalar|
|scale_47_reload                                               |   in|   24|     ap_none|                                            scale_47_reload|        scalar|
|scale_48_reload                                               |   in|   24|     ap_none|                                            scale_48_reload|        scalar|
|scale_49_reload                                               |   in|   24|     ap_none|                                            scale_49_reload|        scalar|
|scale_50_reload                                               |   in|   24|     ap_none|                                            scale_50_reload|        scalar|
|scale_51_reload                                               |   in|   24|     ap_none|                                            scale_51_reload|        scalar|
|scale_52_reload                                               |   in|   24|     ap_none|                                            scale_52_reload|        scalar|
|scale_53_reload                                               |   in|   24|     ap_none|                                            scale_53_reload|        scalar|
|scale_54_reload                                               |   in|   24|     ap_none|                                            scale_54_reload|        scalar|
|scale_55_reload                                               |   in|   24|     ap_none|                                            scale_55_reload|        scalar|
|top_kernel_ap_fixed_64_ap_fixed_24_8_0_0_0_64_tmp_2_address0  |  out|   10|   ap_memory|        top_kernel_ap_fixed_64_ap_fixed_24_8_0_0_0_64_tmp_2|         array|
|top_kernel_ap_fixed_64_ap_fixed_24_8_0_0_0_64_tmp_2_ce0       |  out|    1|   ap_memory|        top_kernel_ap_fixed_64_ap_fixed_24_8_0_0_0_64_tmp_2|         array|
|top_kernel_ap_fixed_64_ap_fixed_24_8_0_0_0_64_tmp_2_q0        |   in|   24|   ap_memory|        top_kernel_ap_fixed_64_ap_fixed_24_8_0_0_0_64_tmp_2|         array|
+--------------------------------------------------------------+-----+-----+------------+-----------------------------------------------------------+--------------+

