

================================================================
== Vitis HLS Report for 'top_kernel_Pipeline_VITIS_LOOP_90_8_VITIS_LOOP_91_927'
================================================================
* Date:           Mon Jan 26 23:11:29 2026

* Version:        2025.1.1 (Build 6214317 on Sep 11 2025)
* Project:        project_1
* Solution:       hls (Vivado IP Flow Target)
* Product family: zynquplus
* Target device:  xczu3eg-sbva484-1-e


================================================================
== Performance Estimates
================================================================
+ Timing: 
    * Summary: 
    +--------+----------+----------+------------+
    |  Clock |  Target  | Estimated| Uncertainty|
    +--------+----------+----------+------------+
    |ap_clk  |  10.00 ns|  3.583 ns|     2.70 ns|
    +--------+----------+----------+------------+

+ Latency: 
    * Summary: 
    +---------+---------+-----------+-----------+------+------+------------------------------------------------+
    |  Latency (cycles) |   Latency (absolute)  |   Interval  |                    Pipeline                    |
    |   min   |   max   |    min    |    max    |  min |  max |                      Type                      |
    +---------+---------+-----------+-----------+------+------+------------------------------------------------+
    |     1028|     1028|  10.280 us|  10.280 us|  1025|  1025|  loop auto-rewind stp (delay=0 clock cycles(s))|
    +---------+---------+-----------+-----------+------+------+------------------------------------------------+

    + Detail: 
        * Instance: 
        N/A

        * Loop: 
        +-----------------------------------+---------+---------+----------+-----------+-----------+------+----------+
        |                                   |  Latency (cycles) | Iteration|  Initiation Interval  | Trip |          |
        |             Loop Name             |   min   |   max   |  Latency |  achieved |   target  | Count| Pipelined|
        +-----------------------------------+---------+---------+----------+-----------+-----------+------+----------+
        |- VITIS_LOOP_90_8_VITIS_LOOP_91_9  |     1026|     1026|         4|          1|          1|  1024|       yes|
        +-----------------------------------+---------+---------+----------+-----------+-----------+------+----------+



================================================================
== Utilization Estimates
================================================================
* Summary: 
+-----------------+---------+-----+--------+-------+-----+
|       Name      | BRAM_18K| DSP |   FF   |  LUT  | URAM|
+-----------------+---------+-----+--------+-------+-----+
|DSP              |        -|    -|       -|      -|    -|
|Expression       |        -|    -|       0|    268|    -|
|FIFO             |        -|    -|       -|      -|    -|
|Instance         |        -|    -|       0|     65|    -|
|Memory           |        -|    -|       -|      -|    -|
|Multiplexer      |        -|    -|       0|    410|    -|
|Register         |        -|    -|     170|     32|    -|
+-----------------+---------+-----+--------+-------+-----+
|Total            |        0|    0|     170|    775|    0|
+-----------------+---------+-----+--------+-------+-----+
|Available        |      432|  360|  141120|  70560|    0|
+-----------------+---------+-----+--------+-------+-----+
|Utilization (%)  |        0|    0|      ~0|      1|    0|
+-----------------+---------+-----+--------+-------+-----+

+ Detail: 
    * Instance: 
    +-------------------------------+-------------------------+---------+----+---+----+-----+
    |            Instance           |          Module         | BRAM_18K| DSP| FF| LUT| URAM|
    +-------------------------------+-------------------------+---------+----+---+----+-----+
    |sparsemux_27_6_24_1_1_x_U4948  |sparsemux_27_6_24_1_1_x  |        0|   0|  0|  65|    0|
    +-------------------------------+-------------------------+---------+----+---+----+-----+
    |Total                          |                         |        0|   0|  0|  65|    0|
    +-------------------------------+-------------------------+---------+----+---+----+-----+

    * DSP: 
    N/A

    * Memory: 
    N/A

    * FIFO: 
    N/A

    * Expression: 
    +-----------------------------+----------+----+---+----+------------+------------+
    |        Variable Name        | Operation| DSP| FF| LUT| Bitwidth P0| Bitwidth P1|
    +-----------------------------+----------+----+---+----+------------+------------+
    |add_ln90_4_fu_432_p2         |         +|   0|  0|  16|           9|           1|
    |add_ln90_fu_416_p2           |         +|   0|  0|  18|          11|           1|
    |add_ln91_fu_493_p2           |         +|   0|  0|  14|           7|           5|
    |add_ln93_4_fu_587_p2         |         +|   0|  0|  32|          25|          25|
    |col_sum_fu_581_p2            |         +|   0|  0|  31|          24|          24|
    |and_ln93_4_fu_660_p2         |       and|   0|  0|   2|           1|           1|
    |and_ln93_fu_648_p2           |       and|   0|  0|   2|           1|           1|
    |ap_condition_742             |       and|   0|  0|   2|           1|           1|
    |ap_condition_748             |       and|   0|  0|   2|           1|           1|
    |ap_condition_754             |       and|   0|  0|   2|           1|           1|
    |ap_condition_760             |       and|   0|  0|   2|           1|           1|
    |ap_condition_766             |       and|   0|  0|   2|           1|           1|
    |ap_condition_772             |       and|   0|  0|   2|           1|           1|
    |ap_condition_778             |       and|   0|  0|   2|           1|           1|
    |ap_condition_784             |       and|   0|  0|   2|           1|           1|
    |ap_condition_790             |       and|   0|  0|   2|           1|           1|
    |ap_condition_796             |       and|   0|  0|   2|           1|           1|
    |ap_condition_802             |       and|   0|  0|   2|           1|           1|
    |ap_condition_808             |       and|   0|  0|   2|           1|           1|
    |ap_condition_816             |       and|   0|  0|   2|           1|           1|
    |ap_predicate_pred198_state4  |       and|   0|  0|   2|           1|           1|
    |ap_predicate_pred204_state4  |       and|   0|  0|   2|           1|           1|
    |ap_predicate_pred227_state4  |       and|   0|  0|   2|           1|           1|
    |ap_predicate_pred231_state4  |       and|   0|  0|   2|           1|           1|
    |ap_predicate_pred252_state4  |       and|   0|  0|   2|           1|           1|
    |ap_predicate_pred256_state4  |       and|   0|  0|   2|           1|           1|
    |ap_predicate_pred277_state4  |       and|   0|  0|   2|           1|           1|
    |ap_predicate_pred281_state4  |       and|   0|  0|   2|           1|           1|
    |ap_predicate_pred302_state4  |       and|   0|  0|   2|           1|           1|
    |ap_predicate_pred306_state4  |       and|   0|  0|   2|           1|           1|
    |ap_predicate_pred327_state4  |       and|   0|  0|   2|           1|           1|
    |ap_predicate_pred331_state4  |       and|   0|  0|   2|           1|           1|
    |ap_predicate_pred352_state4  |       and|   0|  0|   2|           1|           1|
    |ap_predicate_pred356_state4  |       and|   0|  0|   2|           1|           1|
    |ap_predicate_pred377_state4  |       and|   0|  0|   2|           1|           1|
    |ap_predicate_pred381_state4  |       and|   0|  0|   2|           1|           1|
    |ap_predicate_pred402_state4  |       and|   0|  0|   2|           1|           1|
    |ap_predicate_pred406_state4  |       and|   0|  0|   2|           1|           1|
    |ap_predicate_pred427_state4  |       and|   0|  0|   2|           1|           1|
    |ap_predicate_pred431_state4  |       and|   0|  0|   2|           1|           1|
    |ap_predicate_pred452_state4  |       and|   0|  0|   2|           1|           1|
    |ap_predicate_pred456_state4  |       and|   0|  0|   2|           1|           1|
    |ap_predicate_pred477_state4  |       and|   0|  0|   2|           1|           1|
    |ap_predicate_pred481_state4  |       and|   0|  0|   2|           1|           1|
    |ap_predicate_pred527_state3  |       and|   0|  0|   2|           1|           1|
    |ap_predicate_pred556_state4  |       and|   0|  0|   2|           1|           1|
    |ap_predicate_pred560_state4  |       and|   0|  0|   2|           1|           1|
    |icmp_ln90_fu_410_p2          |      icmp|   0|  0|  19|          11|          12|
    |icmp_ln93_6_fu_593_p2        |      icmp|   0|  0|  32|          25|           1|
    |select_ln90_fu_458_p3        |    select|   0|  0|   8|           1|           9|
    |select_ln91_fu_446_p3        |    select|   0|  0|   6|           1|           4|
    |ap_enable_pp0                |       xor|   0|  0|   2|           1|           2|
    |xor_ln93_7_fu_654_p2         |       xor|   0|  0|   2|           1|           2|
    |xor_ln93_8_fu_666_p2         |       xor|   0|  0|   2|           1|           1|
    |xor_ln93_fu_642_p2           |       xor|   0|  0|   2|           1|           2|
    +-----------------------------+----------+----+---+----+------------+------------+
    |Total                        |          |   0|  0| 268|         160|         131|
    +-----------------------------+----------+----+---+----+------------+------------+

    * Multiplexer: 
    +-----------------------------------------+----+-----------+-----+-----------+
    |                   Name                  | LUT| Input Size| Bits| Total Bits|
    +-----------------------------------------+----+-----------+-----+-----------+
    |ap_done_int                              |   9|          2|    1|          2|
    |ap_enable_reg_pp0_iter1                  |   9|          2|    1|          2|
    |ap_sig_allocacmp_i_load                  |   9|          2|    9|         18|
    |ap_sig_allocacmp_indvar_flatten195_load  |   9|          2|   11|         22|
    |ap_sig_allocacmp_j_load                  |   9|          2|    7|         14|
    |col_sum_12_o                             |  26|          5|   24|        120|
    |col_sum_16_o                             |  26|          5|   24|        120|
    |col_sum_20_o                             |  26|          5|   24|        120|
    |col_sum_24_o                             |  26|          5|   24|        120|
    |col_sum_28_o                             |  26|          5|   24|        120|
    |col_sum_32_o                             |  26|          5|   24|        120|
    |col_sum_36_o                             |  26|          5|   24|        120|
    |col_sum_40_o                             |  26|          5|   24|        120|
    |col_sum_44_o                             |  26|          5|   24|        120|
    |col_sum_48_o                             |  26|          5|   24|        120|
    |col_sum_52_o                             |  26|          5|   24|        120|
    |col_sum_56_o                             |  26|          5|   24|        120|
    |col_sum_60_o                             |  26|          5|   24|        120|
    |i_fu_136                                 |   9|          2|    9|         18|
    |indvar_flatten195_fu_140                 |   9|          2|   11|         22|
    |j_fu_132                                 |   9|          2|    7|         14|
    +-----------------------------------------+----+-----------+-----+-----------+
    |Total                                    | 410|         81|  368|       1672|
    +-----------------------------------------+----+-----------+-----+-----------+

    * Register: 
    +----------------------------------+----+----+-----+-----------+
    |               Name               | FF | LUT| Bits| Const Bits|
    +----------------------------------+----+----+-----+-----------+
    |and_ln93_4_reg_762                |   1|   0|    1|          0|
    |and_ln93_reg_758                  |   1|   0|    1|          0|
    |ap_CS_fsm                         |   1|   0|    1|          0|
    |ap_done_reg                       |   1|   0|    1|          0|
    |ap_enable_reg_pp0_iter1           |   1|   0|    1|          0|
    |ap_enable_reg_pp0_iter2           |   1|   0|    1|          0|
    |ap_enable_reg_pp0_iter3           |   1|   0|    1|          0|
    |ap_loop_exit_ready_pp0_iter1_reg  |   1|   0|    1|          0|
    |ap_loop_exit_ready_pp0_iter2_reg  |   1|   0|    1|          0|
    |ap_predicate_pred181_state3       |   1|   0|    1|          0|
    |ap_predicate_pred198_state4       |   1|   0|    1|          0|
    |ap_predicate_pred204_state4       |   1|   0|    1|          0|
    |ap_predicate_pred218_state3       |   1|   0|    1|          0|
    |ap_predicate_pred227_state4       |   1|   0|    1|          0|
    |ap_predicate_pred231_state4       |   1|   0|    1|          0|
    |ap_predicate_pred243_state3       |   1|   0|    1|          0|
    |ap_predicate_pred252_state4       |   1|   0|    1|          0|
    |ap_predicate_pred256_state4       |   1|   0|    1|          0|
    |ap_predicate_pred268_state3       |   1|   0|    1|          0|
    |ap_predicate_pred277_state4       |   1|   0|    1|          0|
    |ap_predicate_pred281_state4       |   1|   0|    1|          0|
    |ap_predicate_pred293_state3       |   1|   0|    1|          0|
    |ap_predicate_pred302_state4       |   1|   0|    1|          0|
    |ap_predicate_pred306_state4       |   1|   0|    1|          0|
    |ap_predicate_pred318_state3       |   1|   0|    1|          0|
    |ap_predicate_pred327_state4       |   1|   0|    1|          0|
    |ap_predicate_pred331_state4       |   1|   0|    1|          0|
    |ap_predicate_pred343_state3       |   1|   0|    1|          0|
    |ap_predicate_pred352_state4       |   1|   0|    1|          0|
    |ap_predicate_pred356_state4       |   1|   0|    1|          0|
    |ap_predicate_pred368_state3       |   1|   0|    1|          0|
    |ap_predicate_pred377_state4       |   1|   0|    1|          0|
    |ap_predicate_pred381_state4       |   1|   0|    1|          0|
    |ap_predicate_pred393_state3       |   1|   0|    1|          0|
    |ap_predicate_pred402_state4       |   1|   0|    1|          0|
    |ap_predicate_pred406_state4       |   1|   0|    1|          0|
    |ap_predicate_pred418_state3       |   1|   0|    1|          0|
    |ap_predicate_pred427_state4       |   1|   0|    1|          0|
    |ap_predicate_pred431_state4       |   1|   0|    1|          0|
    |ap_predicate_pred443_state3       |   1|   0|    1|          0|
    |ap_predicate_pred452_state4       |   1|   0|    1|          0|
    |ap_predicate_pred456_state4       |   1|   0|    1|          0|
    |ap_predicate_pred468_state3       |   1|   0|    1|          0|
    |ap_predicate_pred477_state4       |   1|   0|    1|          0|
    |ap_predicate_pred481_state4       |   1|   0|    1|          0|
    |ap_predicate_pred527_state3       |   1|   0|    1|          0|
    |ap_predicate_pred556_state4       |   1|   0|    1|          0|
    |ap_predicate_pred560_state4       |   1|   0|    1|          0|
    |col_sum_reg_737                   |  24|   0|   24|          0|
    |i_fu_136                          |   9|   0|    9|          0|
    |indvar_flatten195_fu_140          |  11|   0|   11|          0|
    |j_fu_132                          |   7|   0|    7|          0|
    |select_ln91_reg_724               |   6|   0|    6|          0|
    |xor_ln93_8_reg_766                |   1|   0|    1|          0|
    |select_ln91_reg_724               |  64|  32|    6|          0|
    +----------------------------------+----+----+-----+-----------+
    |Total                             | 170|  32|  112|          0|
    +----------------------------------+----+----+-----+-----------+



================================================================
== Interface
================================================================
* Summary: 
+-----------------------------------------------------------------------------------------------------------------+-----+-----+------------+--------------------------------------------------------------------------------------------------------+--------------+
|                                                    RTL Ports                                                    | Dir | Bits|  Protocol  |                                              Source Object                                             |    C Type    |
+-----------------------------------------------------------------------------------------------------------------+-----+-----+------------+--------------------------------------------------------------------------------------------------------+--------------+
|ap_clk                                                                                                           |   in|    1|  ap_ctrl_hs|                                                   top_kernel_Pipeline_VITIS_LOOP_90_8_VITIS_LOOP_91_927|  return value|
|ap_rst                                                                                                           |   in|    1|  ap_ctrl_hs|                                                   top_kernel_Pipeline_VITIS_LOOP_90_8_VITIS_LOOP_91_927|  return value|
|ap_start                                                                                                         |   in|    1|  ap_ctrl_hs|                                                   top_kernel_Pipeline_VITIS_LOOP_90_8_VITIS_LOOP_91_927|  return value|
|ap_done                                                                                                          |  out|    1|  ap_ctrl_hs|                                                   top_kernel_Pipeline_VITIS_LOOP_90_8_VITIS_LOOP_91_927|  return value|
|ap_idle                                                                                                          |  out|    1|  ap_ctrl_hs|                                                   top_kernel_Pipeline_VITIS_LOOP_90_8_VITIS_LOOP_91_927|  return value|
|ap_ready                                                                                                         |  out|    1|  ap_ctrl_hs|                                                   top_kernel_Pipeline_VITIS_LOOP_90_8_VITIS_LOOP_91_927|  return value|
|col_sum_12_i                                                                                                     |   in|   24|     ap_ovld|                                                                                              col_sum_12|       pointer|
|col_sum_12_o                                                                                                     |  out|   24|     ap_ovld|                                                                                              col_sum_12|       pointer|
|col_sum_12_o_ap_vld                                                                                              |  out|    1|     ap_ovld|                                                                                              col_sum_12|       pointer|
|col_sum_16_i                                                                                                     |   in|   24|     ap_ovld|                                                                                              col_sum_16|       pointer|
|col_sum_16_o                                                                                                     |  out|   24|     ap_ovld|                                                                                              col_sum_16|       pointer|
|col_sum_16_o_ap_vld                                                                                              |  out|    1|     ap_ovld|                                                                                              col_sum_16|       pointer|
|col_sum_20_i                                                                                                     |   in|   24|     ap_ovld|                                                                                              col_sum_20|       pointer|
|col_sum_20_o                                                                                                     |  out|   24|     ap_ovld|                                                                                              col_sum_20|       pointer|
|col_sum_20_o_ap_vld                                                                                              |  out|    1|     ap_ovld|                                                                                              col_sum_20|       pointer|
|col_sum_24_i                                                                                                     |   in|   24|     ap_ovld|                                                                                              col_sum_24|       pointer|
|col_sum_24_o                                                                                                     |  out|   24|     ap_ovld|                                                                                              col_sum_24|       pointer|
|col_sum_24_o_ap_vld                                                                                              |  out|    1|     ap_ovld|                                                                                              col_sum_24|       pointer|
|col_sum_28_i                                                                                                     |   in|   24|     ap_ovld|                                                                                              col_sum_28|       pointer|
|col_sum_28_o                                                                                                     |  out|   24|     ap_ovld|                                                                                              col_sum_28|       pointer|
|col_sum_28_o_ap_vld                                                                                              |  out|    1|     ap_ovld|                                                                                              col_sum_28|       pointer|
|col_sum_32_i                                                                                                     |   in|   24|     ap_ovld|                                                                                              col_sum_32|       pointer|
|col_sum_32_o                                                                                                     |  out|   24|     ap_ovld|                                                                                              col_sum_32|       pointer|
|col_sum_32_o_ap_vld                                                                                              |  out|    1|     ap_ovld|                                                                                              col_sum_32|       pointer|
|col_sum_36_i                                                                                                     |   in|   24|     ap_ovld|                                                                                              col_sum_36|       pointer|
|col_sum_36_o                                                                                                     |  out|   24|     ap_ovld|                                                                                              col_sum_36|       pointer|
|col_sum_36_o_ap_vld                                                                                              |  out|    1|     ap_ovld|                                                                                              col_sum_36|       pointer|
|col_sum_40_i                                                                                                     |   in|   24|     ap_ovld|                                                                                              col_sum_40|       pointer|
|col_sum_40_o                                                                                                     |  out|   24|     ap_ovld|                                                                                              col_sum_40|       pointer|
|col_sum_40_o_ap_vld                                                                                              |  out|    1|     ap_ovld|                                                                                              col_sum_40|       pointer|
|col_sum_44_i                                                                                                     |   in|   24|     ap_ovld|                                                                                              col_sum_44|       pointer|
|col_sum_44_o                                                                                                     |  out|   24|     ap_ovld|                                                                                              col_sum_44|       pointer|
|col_sum_44_o_ap_vld                                                                                              |  out|    1|     ap_ovld|                                                                                              col_sum_44|       pointer|
|col_sum_48_i                                                                                                     |   in|   24|     ap_ovld|                                                                                              col_sum_48|       pointer|
|col_sum_48_o                                                                                                     |  out|   24|     ap_ovld|                                                                                              col_sum_48|       pointer|
|col_sum_48_o_ap_vld                                                                                              |  out|    1|     ap_ovld|                                                                                              col_sum_48|       pointer|
|col_sum_52_i                                                                                                     |   in|   24|     ap_ovld|                                                                                              col_sum_52|       pointer|
|col_sum_52_o                                                                                                     |  out|   24|     ap_ovld|                                                                                              col_sum_52|       pointer|
|col_sum_52_o_ap_vld                                                                                              |  out|    1|     ap_ovld|                                                                                              col_sum_52|       pointer|
|col_sum_56_i                                                                                                     |   in|   24|     ap_ovld|                                                                                              col_sum_56|       pointer|
|col_sum_56_o                                                                                                     |  out|   24|     ap_ovld|                                                                                              col_sum_56|       pointer|
|col_sum_56_o_ap_vld                                                                                              |  out|    1|     ap_ovld|                                                                                              col_sum_56|       pointer|
|col_sum_60_i                                                                                                     |   in|   24|     ap_ovld|                                                                                              col_sum_60|       pointer|
|col_sum_60_o                                                                                                     |  out|   24|     ap_ovld|                                                                                              col_sum_60|       pointer|
|col_sum_60_o_ap_vld                                                                                              |  out|    1|     ap_ovld|                                                                                              col_sum_60|       pointer|
|top_kernel_ap_fixed_24_8_ap_q_mode_0_ap_o_mode_0_0_64_ap_fixed_24_8_ap_q_mode_0_ap_o_mode_0_0_64_tmp_1_address0  |  out|   10|   ap_memory|  top_kernel_ap_fixed_24_8_ap_q_mode_0_ap_o_mode_0_0_64_ap_fixed_24_8_ap_q_mode_0_ap_o_mode_0_0_64_tmp_1|         array|
|top_kernel_ap_fixed_24_8_ap_q_mode_0_ap_o_mode_0_0_64_ap_fixed_24_8_ap_q_mode_0_ap_o_mode_0_0_64_tmp_1_ce0       |  out|    1|   ap_memory|  top_kernel_ap_fixed_24_8_ap_q_mode_0_ap_o_mode_0_0_64_ap_fixed_24_8_ap_q_mode_0_ap_o_mode_0_0_64_tmp_1|         array|
|top_kernel_ap_fixed_24_8_ap_q_mode_0_ap_o_mode_0_0_64_ap_fixed_24_8_ap_q_mode_0_ap_o_mode_0_0_64_tmp_1_q0        |   in|   24|   ap_memory|  top_kernel_ap_fixed_24_8_ap_q_mode_0_ap_o_mode_0_0_64_ap_fixed_24_8_ap_q_mode_0_ap_o_mode_0_0_64_tmp_1|         array|
+-----------------------------------------------------------------------------------------------------------------+-----+-----+------------+--------------------------------------------------------------------------------------------------------+--------------+

