

================================================================
== Vitis HLS Report for 'top_kernel_Pipeline_VITIS_LOOP_90_8_VITIS_LOOP_91_9'
================================================================
* Date:           Mon Jan 26 23:24:33 2026

* Version:        2025.1.1 (Build 6214317 on Sep 11 2025)
* Project:        project_1
* Solution:       hls (Vivado IP Flow Target)
* Product family: zynquplus
* Target device:  xczu3eg-sbva484-1-e


================================================================
== Performance Estimates
================================================================
+ Timing: 
    * Summary: 
    +--------+----------+----------+------------+
    |  Clock |  Target  | Estimated| Uncertainty|
    +--------+----------+----------+------------+
    |ap_clk  |  10.00 ns|  4.188 ns|     2.70 ns|
    +--------+----------+----------+------------+

+ Latency: 
    * Summary: 
    +---------+---------+-----------+-----------+------+------+------------------------------------------------+
    |  Latency (cycles) |   Latency (absolute)  |   Interval  |                    Pipeline                    |
    |   min   |   max   |    min    |    max    |  min |  max |                      Type                      |
    +---------+---------+-----------+-----------+------+------+------------------------------------------------+
    |     2052|     2052|  20.520 us|  20.520 us|  2049|  2049|  loop auto-rewind stp (delay=0 clock cycles(s))|
    +---------+---------+-----------+-----------+------+------+------------------------------------------------+

    + Detail: 
        * Instance: 
        N/A

        * Loop: 
        +-----------------------------------+---------+---------+----------+-----------+-----------+------+----------+
        |                                   |  Latency (cycles) | Iteration|  Initiation Interval  | Trip |          |
        |             Loop Name             |   min   |   max   |  Latency |  achieved |   target  | Count| Pipelined|
        +-----------------------------------+---------+---------+----------+-----------+-----------+------+----------+
        |- VITIS_LOOP_90_8_VITIS_LOOP_91_9  |     2050|     2050|         4|          1|          1|  2048|       yes|
        +-----------------------------------+---------+---------+----------+-----------+-----------+------+----------+



================================================================
== Utilization Estimates
================================================================
* Summary: 
+-----------------+---------+-----+--------+-------+-----+
|       Name      | BRAM_18K| DSP |   FF   |  LUT  | URAM|
+-----------------+---------+-----+--------+-------+-----+
|DSP              |        -|    -|       -|      -|    -|
|Expression       |        -|    -|       0|    234|    -|
|FIFO             |        -|    -|       -|      -|    -|
|Instance         |        -|    -|       0|     43|    -|
|Memory           |        -|    -|       -|      -|    -|
|Multiplexer      |        -|    -|       0|    274|    -|
|Register         |        -|    -|     179|     32|    -|
+-----------------+---------+-----+--------+-------+-----+
|Total            |        0|    0|     179|    583|    0|
+-----------------+---------+-----+--------+-------+-----+
|Available        |      432|  360|  141120|  70560|    0|
+-----------------+---------+-----+--------+-------+-----+
|Utilization (%)  |        0|    0|      ~0|     ~0|    0|
+-----------------+---------+-----+--------+-------+-----+

+ Detail: 
    * Instance: 
    +-----------------------------+-----------------------+---------+----+---+----+-----+
    |           Instance          |         Module        | BRAM_18K| DSP| FF| LUT| URAM|
    +-----------------------------+-----------------------+---------+----+---+----+-----+
    |sparsemux_17_6_24_1_1_U2416  |sparsemux_17_6_24_1_1  |        0|   0|  0|  43|    0|
    +-----------------------------+-----------------------+---------+----+---+----+-----+
    |Total                        |                       |        0|   0|  0|  43|    0|
    +-----------------------------+-----------------------+---------+----+---+----+-----+

    * DSP: 
    N/A

    * Memory: 
    N/A

    * FIFO: 
    N/A

    * Expression: 
    +-----------------------------+----------+----+---+----+------------+------------+
    |        Variable Name        | Operation| DSP| FF| LUT| Bitwidth P0| Bitwidth P1|
    +-----------------------------+----------+----+---+----+------------+------------+
    |add_ln90_5_fu_308_p2         |         +|   0|  0|  19|          12|           1|
    |add_ln90_fu_324_p2           |         +|   0|  0|  16|           9|           1|
    |add_ln91_fu_385_p2           |         +|   0|  0|  14|           7|           4|
    |add_ln93_1_fu_462_p2         |         +|   0|  0|  32|          25|          25|
    |col_sum_3_fu_456_p2          |         +|   0|  0|  31|          24|          24|
    |and_ln93_1_fu_535_p2         |       and|   0|  0|   2|           1|           1|
    |and_ln93_fu_523_p2           |       and|   0|  0|   2|           1|           1|
    |ap_condition_568             |       and|   0|  0|   2|           1|           1|
    |ap_condition_575             |       and|   0|  0|   2|           1|           1|
    |ap_condition_582             |       and|   0|  0|   2|           1|           1|
    |ap_condition_589             |       and|   0|  0|   2|           1|           1|
    |ap_condition_596             |       and|   0|  0|   2|           1|           1|
    |ap_condition_608             |       and|   0|  0|   2|           1|           1|
    |ap_condition_615             |       and|   0|  0|   2|           1|           1|
    |ap_predicate_pred208_state4  |       and|   0|  0|   2|           1|           1|
    |ap_predicate_pred213_state4  |       and|   0|  0|   2|           1|           1|
    |ap_predicate_pred236_state4  |       and|   0|  0|   2|           1|           1|
    |ap_predicate_pred240_state4  |       and|   0|  0|   2|           1|           1|
    |ap_predicate_pred261_state4  |       and|   0|  0|   2|           1|           1|
    |ap_predicate_pred265_state4  |       and|   0|  0|   2|           1|           1|
    |ap_predicate_pred286_state4  |       and|   0|  0|   2|           1|           1|
    |ap_predicate_pred290_state4  |       and|   0|  0|   2|           1|           1|
    |ap_predicate_pred311_state4  |       and|   0|  0|   2|           1|           1|
    |ap_predicate_pred315_state4  |       and|   0|  0|   2|           1|           1|
    |ap_predicate_pred336_state4  |       and|   0|  0|   2|           1|           1|
    |ap_predicate_pred340_state4  |       and|   0|  0|   2|           1|           1|
    |ap_predicate_pred371_state3  |       and|   0|  0|   2|           1|           1|
    |ap_predicate_pred391_state4  |       and|   0|  0|   2|           1|           1|
    |ap_predicate_pred395_state4  |       and|   0|  0|   2|           1|           1|
    |icmp_ln90_fu_302_p2          |      icmp|   0|  0|  20|          12|          13|
    |icmp_ln93_fu_468_p2          |      icmp|   0|  0|  32|          25|           1|
    |select_ln90_fu_350_p3        |    select|   0|  0|   8|           1|           9|
    |select_ln91_fu_338_p3        |    select|   0|  0|   6|           1|           1|
    |ap_enable_pp0                |       xor|   0|  0|   2|           1|           2|
    |xor_ln93_1_fu_529_p2         |       xor|   0|  0|   2|           1|           2|
    |xor_ln93_2_fu_541_p2         |       xor|   0|  0|   2|           1|           1|
    |xor_ln93_fu_517_p2           |       xor|   0|  0|   2|           1|           2|
    +-----------------------------+----------+----+---+----+------------+------------+
    |Total                        |          |   0|  0| 234|         144|         110|
    +-----------------------------+----------+----+---+----+------------+------------+

    * Multiplexer: 
    +----------------------------------------+----+-----------+-----+-----------+
    |                  Name                  | LUT| Input Size| Bits| Total Bits|
    +----------------------------------------+----+-----------+-----+-----------+
    |ap_done_int                             |   9|          2|    1|          2|
    |ap_enable_reg_pp0_iter1                 |   9|          2|    1|          2|
    |ap_sig_allocacmp_i_load                 |   9|          2|    9|         18|
    |ap_sig_allocacmp_indvar_flatten55_load  |   9|          2|   12|         24|
    |ap_sig_allocacmp_j_load                 |   9|          2|    7|         14|
    |col_sum_16_o                            |  26|          5|   24|        120|
    |col_sum_24_o                            |  26|          5|   24|        120|
    |col_sum_32_o                            |  26|          5|   24|        120|
    |col_sum_40_o                            |  26|          5|   24|        120|
    |col_sum_48_o                            |  26|          5|   24|        120|
    |col_sum_56_o                            |  26|          5|   24|        120|
    |col_sum_8_o                             |  26|          5|   24|        120|
    |col_sum_fu_126                          |  20|          4|   24|         96|
    |i_fu_118                                |   9|          2|    9|         18|
    |indvar_flatten55_fu_122                 |   9|          2|   12|         24|
    |j_fu_114                                |   9|          2|    7|         14|
    +----------------------------------------+----+-----------+-----+-----------+
    |Total                                   | 274|         55|  250|       1052|
    +----------------------------------------+----+-----------+-----+-----------+

    * Register: 
    +----------------------------------+----+----+-----+-----------+
    |               Name               | FF | LUT| Bits| Const Bits|
    +----------------------------------+----+----+-----+-----------+
    |and_ln93_1_reg_646                |   1|   0|    1|          0|
    |and_ln93_reg_642                  |   1|   0|    1|          0|
    |ap_CS_fsm                         |   1|   0|    1|          0|
    |ap_done_reg                       |   1|   0|    1|          0|
    |ap_enable_reg_pp0_iter1           |   1|   0|    1|          0|
    |ap_enable_reg_pp0_iter2           |   1|   0|    1|          0|
    |ap_enable_reg_pp0_iter3           |   1|   0|    1|          0|
    |ap_loop_exit_ready_pp0_iter1_reg  |   1|   0|    1|          0|
    |ap_loop_exit_ready_pp0_iter2_reg  |   1|   0|    1|          0|
    |ap_predicate_pred192_state3       |   1|   0|    1|          0|
    |ap_predicate_pred208_state4       |   1|   0|    1|          0|
    |ap_predicate_pred213_state4       |   1|   0|    1|          0|
    |ap_predicate_pred227_state3       |   1|   0|    1|          0|
    |ap_predicate_pred236_state4       |   1|   0|    1|          0|
    |ap_predicate_pred240_state4       |   1|   0|    1|          0|
    |ap_predicate_pred252_state3       |   1|   0|    1|          0|
    |ap_predicate_pred261_state4       |   1|   0|    1|          0|
    |ap_predicate_pred265_state4       |   1|   0|    1|          0|
    |ap_predicate_pred277_state3       |   1|   0|    1|          0|
    |ap_predicate_pred286_state4       |   1|   0|    1|          0|
    |ap_predicate_pred290_state4       |   1|   0|    1|          0|
    |ap_predicate_pred302_state3       |   1|   0|    1|          0|
    |ap_predicate_pred311_state4       |   1|   0|    1|          0|
    |ap_predicate_pred315_state4       |   1|   0|    1|          0|
    |ap_predicate_pred327_state3       |   1|   0|    1|          0|
    |ap_predicate_pred336_state4       |   1|   0|    1|          0|
    |ap_predicate_pred340_state4       |   1|   0|    1|          0|
    |ap_predicate_pred371_state3       |   1|   0|    1|          0|
    |ap_predicate_pred391_state4       |   1|   0|    1|          0|
    |ap_predicate_pred395_state4       |   1|   0|    1|          0|
    |col_sum_3_reg_627                 |  24|   0|   24|          0|
    |col_sum_fu_126                    |  24|   0|   24|          0|
    |i_fu_118                          |   9|   0|    9|          0|
    |icmp_ln90_reg_610                 |   1|   0|    1|          0|
    |icmp_ln90_reg_610_pp0_iter1_reg   |   1|   0|    1|          0|
    |indvar_flatten55_fu_122           |  12|   0|   12|          0|
    |j_fu_114                          |   7|   0|    7|          0|
    |select_ln91_reg_614               |   6|   0|    6|          0|
    |xor_ln93_2_reg_650                |   1|   0|    1|          0|
    |select_ln91_reg_614               |  64|  32|    6|          0|
    +----------------------------------+----+----+-----+-----------+
    |Total                             | 179|  32|  121|          0|
    +----------------------------------+----+----+-----+-----------+



================================================================
== Interface
================================================================
* Summary: 
+--------------------------------------------------------------+-----+-----+------------+-----------------------------------------------------+--------------+
|                           RTL Ports                          | Dir | Bits|  Protocol  |                    Source Object                    |    C Type    |
+--------------------------------------------------------------+-----+-----+------------+-----------------------------------------------------+--------------+
|ap_clk                                                        |   in|    1|  ap_ctrl_hs|  top_kernel_Pipeline_VITIS_LOOP_90_8_VITIS_LOOP_91_9|  return value|
|ap_rst                                                        |   in|    1|  ap_ctrl_hs|  top_kernel_Pipeline_VITIS_LOOP_90_8_VITIS_LOOP_91_9|  return value|
|ap_start                                                      |   in|    1|  ap_ctrl_hs|  top_kernel_Pipeline_VITIS_LOOP_90_8_VITIS_LOOP_91_9|  return value|
|ap_done                                                       |  out|    1|  ap_ctrl_hs|  top_kernel_Pipeline_VITIS_LOOP_90_8_VITIS_LOOP_91_9|  return value|
|ap_idle                                                       |  out|    1|  ap_ctrl_hs|  top_kernel_Pipeline_VITIS_LOOP_90_8_VITIS_LOOP_91_9|  return value|
|ap_ready                                                      |  out|    1|  ap_ctrl_hs|  top_kernel_Pipeline_VITIS_LOOP_90_8_VITIS_LOOP_91_9|  return value|
|col_sum_8_i                                                   |   in|   24|     ap_ovld|                                            col_sum_8|       pointer|
|col_sum_8_o                                                   |  out|   24|     ap_ovld|                                            col_sum_8|       pointer|
|col_sum_8_o_ap_vld                                            |  out|    1|     ap_ovld|                                            col_sum_8|       pointer|
|col_sum_16_i                                                  |   in|   24|     ap_ovld|                                           col_sum_16|       pointer|
|col_sum_16_o                                                  |  out|   24|     ap_ovld|                                           col_sum_16|       pointer|
|col_sum_16_o_ap_vld                                           |  out|    1|     ap_ovld|                                           col_sum_16|       pointer|
|col_sum_24_i                                                  |   in|   24|     ap_ovld|                                           col_sum_24|       pointer|
|col_sum_24_o                                                  |  out|   24|     ap_ovld|                                           col_sum_24|       pointer|
|col_sum_24_o_ap_vld                                           |  out|    1|     ap_ovld|                                           col_sum_24|       pointer|
|col_sum_32_i                                                  |   in|   24|     ap_ovld|                                           col_sum_32|       pointer|
|col_sum_32_o                                                  |  out|   24|     ap_ovld|                                           col_sum_32|       pointer|
|col_sum_32_o_ap_vld                                           |  out|    1|     ap_ovld|                                           col_sum_32|       pointer|
|col_sum_40_i                                                  |   in|   24|     ap_ovld|                                           col_sum_40|       pointer|
|col_sum_40_o                                                  |  out|   24|     ap_ovld|                                           col_sum_40|       pointer|
|col_sum_40_o_ap_vld                                           |  out|    1|     ap_ovld|                                           col_sum_40|       pointer|
|col_sum_48_i                                                  |   in|   24|     ap_ovld|                                           col_sum_48|       pointer|
|col_sum_48_o                                                  |  out|   24|     ap_ovld|                                           col_sum_48|       pointer|
|col_sum_48_o_ap_vld                                           |  out|    1|     ap_ovld|                                           col_sum_48|       pointer|
|col_sum_56_i                                                  |   in|   24|     ap_ovld|                                           col_sum_56|       pointer|
|col_sum_56_o                                                  |  out|   24|     ap_ovld|                                           col_sum_56|       pointer|
|col_sum_56_o_ap_vld                                           |  out|    1|     ap_ovld|                                           col_sum_56|       pointer|
|col_sum_load_1_out                                            |  out|   24|      ap_vld|                                   col_sum_load_1_out|       pointer|
|col_sum_load_1_out_ap_vld                                     |  out|    1|      ap_vld|                                   col_sum_load_1_out|       pointer|
|top_kernel_ap_fixed_64_ap_fixed_24_8_0_0_0_64_tmp_7_address0  |  out|   11|   ap_memory|  top_kernel_ap_fixed_64_ap_fixed_24_8_0_0_0_64_tmp_7|         array|
|top_kernel_ap_fixed_64_ap_fixed_24_8_0_0_0_64_tmp_7_ce0       |  out|    1|   ap_memory|  top_kernel_ap_fixed_64_ap_fixed_24_8_0_0_0_64_tmp_7|         array|
|top_kernel_ap_fixed_64_ap_fixed_24_8_0_0_0_64_tmp_7_q0        |   in|   24|   ap_memory|  top_kernel_ap_fixed_64_ap_fixed_24_8_0_0_0_64_tmp_7|         array|
+--------------------------------------------------------------+-----+-----+------------+-----------------------------------------------------+--------------+

