

================================================================
== Vitis HLS Report for 'top_kernel_Pipeline_VITIS_LOOP_90_8'
================================================================
* Date:           Thu Jan 29 16:02:57 2026

* Version:        2025.1.1 (Build 6214317 on Sep 11 2025)
* Project:        project_1
* Solution:       hls (Vivado IP Flow Target)
* Product family: zynquplus
* Target device:  xczu3eg-sbva484-1-e


================================================================
== Performance Estimates
================================================================
+ Timing: 
    * Summary: 
    +--------+----------+----------+------------+
    |  Clock |  Target  | Estimated| Uncertainty|
    +--------+----------+----------+------------+
    |ap_clk  |  10.00 ns|  7.116 ns|     2.70 ns|
    +--------+----------+----------+------------+

+ Latency: 
    * Summary: 
    +---------+---------+-----------+-----------+------+------+------------------------------------------------+
    |  Latency (cycles) |   Latency (absolute)  |   Interval  |                    Pipeline                    |
    |   min   |   max   |    min    |    max    |  min |  max |                      Type                      |
    +---------+---------+-----------+-----------+------+------+------------------------------------------------+
    |     8195|     8195|  81.950 us|  81.950 us|  8193|  8193|  loop auto-rewind stp (delay=0 clock cycles(s))|
    +---------+---------+-----------+-----------+------+------+------------------------------------------------+

    + Detail: 
        * Instance: 
        N/A

        * Loop: 
        +-------------------+---------+---------+----------+-----------+-----------+------+----------+
        |                   |  Latency (cycles) | Iteration|  Initiation Interval  | Trip |          |
        |     Loop Name     |   min   |   max   |  Latency |  achieved |   target  | Count| Pipelined|
        +-------------------+---------+---------+----------+-----------+-----------+------+----------+
        |- VITIS_LOOP_90_8  |     8193|     8193|         3|          1|          1|  8192|       yes|
        +-------------------+---------+---------+----------+-----------+-----------+------+----------+



================================================================
== Utilization Estimates
================================================================
* Summary: 
+-----------------+---------+-----+--------+-------+-----+
|       Name      | BRAM_18K| DSP |   FF   |  LUT  | URAM|
+-----------------+---------+-----+--------+-------+-----+
|DSP              |        -|    -|       -|      -|    -|
|Expression       |        -|    -|       0|    355|    -|
|FIFO             |        -|    -|       -|      -|    -|
|Instance         |        -|    4|       0|    414|    -|
|Memory           |        -|    -|       -|      -|    -|
|Multiplexer      |        -|    -|       0|     36|    -|
|Register         |        -|    -|     153|      -|    -|
+-----------------+---------+-----+--------+-------+-----+
|Total            |        0|    4|     153|    805|    0|
+-----------------+---------+-----+--------+-------+-----+
|Available        |      432|  360|  141120|  70560|    0|
+-----------------+---------+-----+--------+-------+-----+
|Utilization (%)  |        0|    1|      ~0|      1|    0|
+-----------------+---------+-----+--------+-------+-----+

+ Detail: 
    * Instance: 
    +----------------------------+-----------------------+---------+----+---+-----+-----+
    |          Instance          |         Module        | BRAM_18K| DSP| FF| LUT | URAM|
    +----------------------------+-----------------------+---------+----+---+-----+-----+
    |mul_24s_24s_48_1_1_U256     |mul_24s_24s_48_1_1     |        0|   2|  0|   39|    0|
    |mul_24s_24s_48_1_1_U257     |mul_24s_24s_48_1_1     |        0|   2|  0|   39|    0|
    |sparsemux_65_5_24_1_1_U258  |sparsemux_65_5_24_1_1  |        0|   0|  0|  148|    0|
    |sparsemux_65_5_24_1_1_U259  |sparsemux_65_5_24_1_1  |        0|   0|  0|  148|    0|
    |sparsemux_9_2_24_1_1_U260   |sparsemux_9_2_24_1_1   |        0|   0|  0|   20|    0|
    |sparsemux_9_2_24_1_1_U261   |sparsemux_9_2_24_1_1   |        0|   0|  0|   20|    0|
    +----------------------------+-----------------------+---------+----+---+-----+-----+
    |Total                       |                       |        0|   4|  0|  414|    0|
    +----------------------------+-----------------------+---------+----+---+-----+-----+

    * DSP: 
    N/A

    * Memory: 
    N/A

    * FIFO: 
    N/A

    * Expression: 
    +--------------------------+----------+----+---+----+------------+------------+
    |       Variable Name      | Operation| DSP| FF| LUT| Bitwidth P0| Bitwidth P1|
    +--------------------------+----------+----+---+----+------------+------------+
    |add_ln99_1_fu_1427_p2     |         +|   0|  0|  31|          24|          24|
    |add_ln99_fu_1230_p2       |         +|   0|  0|  31|          24|          24|
    |idx_2_fu_847_p2           |         +|   0|  0|  21|          14|           1|
    |and_ln99_10_fu_1547_p2    |       and|   0|  0|   2|           1|           1|
    |and_ln99_11_fu_1634_p2    |       and|   0|  0|   2|           1|           1|
    |and_ln99_1_fu_1312_p2     |       and|   0|  0|   2|           1|           1|
    |and_ln99_2_fu_1566_p2     |       and|   0|  0|   2|           1|           1|
    |and_ln99_3_fu_1344_p2     |       and|   0|  0|   2|           1|           1|
    |and_ln99_4_fu_1350_p2     |       and|   0|  0|   2|           1|           1|
    |and_ln99_5_fu_1581_p2     |       and|   0|  0|   2|           1|           1|
    |and_ln99_6_fu_1447_p2     |       and|   0|  0|   2|           1|           1|
    |and_ln99_7_fu_1509_p2     |       and|   0|  0|   2|           1|           1|
    |and_ln99_8_fu_1619_p2     |       and|   0|  0|   2|           1|           1|
    |and_ln99_9_fu_1541_p2     |       and|   0|  0|   2|           1|           1|
    |and_ln99_fu_1250_p2       |       and|   0|  0|   2|           1|           1|
    |icmp_ln90_fu_841_p2       |      icmp|   0|  0|  22|          14|          15|
    |icmp_ln99_1_fu_1286_p2    |      icmp|   0|  0|  15|           8|           2|
    |icmp_ln99_2_fu_1292_p2    |      icmp|   0|  0|  15|           8|           1|
    |icmp_ln99_3_fu_1469_p2    |      icmp|   0|  0|  14|           7|           2|
    |icmp_ln99_4_fu_1483_p2    |      icmp|   0|  0|  15|           8|           2|
    |icmp_ln99_5_fu_1489_p2    |      icmp|   0|  0|  15|           8|           1|
    |icmp_ln99_fu_1272_p2      |      icmp|   0|  0|  14|           7|           2|
    |or_ln99_1_fu_1593_p2      |        or|   0|  0|   2|           1|           1|
    |or_ln99_2_fu_1529_p2      |        or|   0|  0|   2|           1|           1|
    |or_ln99_3_fu_1646_p2      |        or|   0|  0|   2|           1|           1|
    |or_ln99_4_fu_1570_p2      |        or|   0|  0|   2|           1|           1|
    |or_ln99_5_fu_1623_p2      |        or|   0|  0|   2|           1|           1|
    |or_ln99_fu_1332_p2        |        or|   0|  0|   2|           1|           1|
    |select_ln99_1_fu_1318_p3  |    select|   0|  0|   2|           1|           1|
    |select_ln99_2_fu_1586_p3  |    select|   0|  0|  24|           1|          23|
    |select_ln99_3_fu_1598_p3  |    select|   0|  0|  24|           1|          24|
    |select_ln99_4_fu_1495_p3  |    select|   0|  0|   2|           1|           1|
    |select_ln99_5_fu_1515_p3  |    select|   0|  0|   2|           1|           1|
    |select_ln99_6_fu_1639_p3  |    select|   0|  0|  24|           1|          23|
    |select_ln99_7_fu_1651_p3  |    select|   0|  0|  24|           1|          24|
    |select_ln99_fu_1298_p3    |    select|   0|  0|   2|           1|           1|
    |ap_enable_pp0             |       xor|   0|  0|   2|           1|           2|
    |xor_ln99_1_fu_1306_p2     |       xor|   0|  0|   2|           1|           2|
    |xor_ln99_2_fu_1326_p2     |       xor|   0|  0|   2|           1|           2|
    |xor_ln99_3_fu_1338_p2     |       xor|   0|  0|   2|           1|           2|
    |xor_ln99_4_fu_1575_p2     |       xor|   0|  0|   2|           1|           2|
    |xor_ln99_5_fu_1441_p2     |       xor|   0|  0|   2|           1|           2|
    |xor_ln99_6_fu_1503_p2     |       xor|   0|  0|   2|           1|           2|
    |xor_ln99_7_fu_1523_p2     |       xor|   0|  0|   2|           1|           2|
    |xor_ln99_8_fu_1535_p2     |       xor|   0|  0|   2|           1|           2|
    |xor_ln99_9_fu_1628_p2     |       xor|   0|  0|   2|           1|           2|
    |xor_ln99_fu_1244_p2       |       xor|   0|  0|   2|           1|           2|
    +--------------------------+----------+----+---+----+------------+------------+
    |Total                     |          |   0|  0| 355|         159|         212|
    +--------------------------+----------+----+---+----+------------+------------+

    * Multiplexer: 
    +-------------------------+----+-----------+-----+-----------+
    |           Name          | LUT| Input Size| Bits| Total Bits|
    +-------------------------+----+-----------+-----+-----------+
    |ap_done_int              |   9|          2|    1|          2|
    |ap_enable_reg_pp0_iter1  |   9|          2|    1|          2|
    |ap_sig_allocacmp_idx_1   |   9|          2|   14|         28|
    |idx_fu_308               |   9|          2|   14|         28|
    +-------------------------+----+-----------+-----+-----------+
    |Total                    |  36|          8|   30|         60|
    +-------------------------+----+-----------+-----+-----------+

    * Register: 
    +----------------------------------+----+----+-----+-----------+
    |               Name               | FF | LUT| Bits| Const Bits|
    +----------------------------------+----+----+-----+-----------+
    |add_ln99_1_reg_1763               |  24|   0|   24|          0|
    |add_ln99_reg_1732                 |  24|   0|   24|          0|
    |and_ln99_10_reg_1784              |   1|   0|    1|          0|
    |and_ln99_3_reg_1747               |   1|   0|    1|          0|
    |and_ln99_4_reg_1753               |   1|   0|    1|          0|
    |and_ln99_6_reg_1768               |   1|   0|    1|          0|
    |and_ln99_9_reg_1778               |   1|   0|    1|          0|
    |and_ln99_reg_1737                 |   1|   0|    1|          0|
    |ap_CS_fsm                         |   1|   0|    1|          0|
    |ap_done_reg                       |   1|   0|    1|          0|
    |ap_enable_reg_pp0_iter1           |   1|   0|    1|          0|
    |ap_enable_reg_pp0_iter2           |   1|   0|    1|          0|
    |ap_loop_exit_ready_pp0_iter1_reg  |   1|   0|    1|          0|
    |icmp_ln99_1_reg_1742              |   1|   0|    1|          0|
    |icmp_ln99_4_reg_1773              |   1|   0|    1|          0|
    |idx_1_reg_1666                    |  14|   0|   14|          0|
    |idx_1_reg_1666_pp0_iter1_reg      |  14|   0|   14|          0|
    |idx_fu_308                        |  14|   0|   14|          0|
    |tmp_11_reg_1722                   |  24|   0|   24|          0|
    |tmp_12_reg_1758                   |   1|   0|    1|          0|
    |tmp_2_reg_1717                    |  24|   0|   24|          0|
    |tmp_reg_1727                      |   1|   0|    1|          0|
    +----------------------------------+----+----+-----+-----------+
    |Total                             | 153|   0|  153|          0|
    +----------------------------------+----+----+-----+-----------+



================================================================
== Interface
================================================================
* Summary: 
+--------------------------------------------------------------+-----+-----+------------+-----------------------------------------------------+--------------+
|                           RTL Ports                          | Dir | Bits|  Protocol  |                    Source Object                    |    C Type    |
+--------------------------------------------------------------+-----+-----+------------+-----------------------------------------------------+--------------+
|ap_clk                                                        |   in|    1|  ap_ctrl_hs|                  top_kernel_Pipeline_VITIS_LOOP_90_8|  return value|
|ap_rst                                                        |   in|    1|  ap_ctrl_hs|                  top_kernel_Pipeline_VITIS_LOOP_90_8|  return value|
|ap_start                                                      |   in|    1|  ap_ctrl_hs|                  top_kernel_Pipeline_VITIS_LOOP_90_8|  return value|
|ap_done                                                       |  out|    1|  ap_ctrl_hs|                  top_kernel_Pipeline_VITIS_LOOP_90_8|  return value|
|ap_idle                                                       |  out|    1|  ap_ctrl_hs|                  top_kernel_Pipeline_VITIS_LOOP_90_8|  return value|
|ap_ready                                                      |  out|    1|  ap_ctrl_hs|                  top_kernel_Pipeline_VITIS_LOOP_90_8|  return value|
|C_address0                                                    |  out|   14|   ap_memory|                                                    C|         array|
|C_ce0                                                         |  out|    1|   ap_memory|                                                    C|         array|
|C_we0                                                         |  out|    1|   ap_memory|                                                    C|         array|
|C_d0                                                          |  out|   24|   ap_memory|                                                    C|         array|
|C_address1                                                    |  out|   14|   ap_memory|                                                    C|         array|
|C_ce1                                                         |  out|    1|   ap_memory|                                                    C|         array|
|C_we1                                                         |  out|    1|   ap_memory|                                                    C|         array|
|C_d1                                                          |  out|   24|   ap_memory|                                                    C|         array|
|scale_reload                                                  |   in|   24|     ap_none|                                         scale_reload|        scalar|
|scale_2_reload                                                |   in|   24|     ap_none|                                       scale_2_reload|        scalar|
|scale_4_reload                                                |   in|   24|     ap_none|                                       scale_4_reload|        scalar|
|scale_6_reload                                                |   in|   24|     ap_none|                                       scale_6_reload|        scalar|
|scale_8_reload                                                |   in|   24|     ap_none|                                       scale_8_reload|        scalar|
|scale_10_reload                                               |   in|   24|     ap_none|                                      scale_10_reload|        scalar|
|scale_12_reload                                               |   in|   24|     ap_none|                                      scale_12_reload|        scalar|
|scale_14_reload                                               |   in|   24|     ap_none|                                      scale_14_reload|        scalar|
|scale_16_reload                                               |   in|   24|     ap_none|                                      scale_16_reload|        scalar|
|scale_18_reload                                               |   in|   24|     ap_none|                                      scale_18_reload|        scalar|
|scale_20_reload                                               |   in|   24|     ap_none|                                      scale_20_reload|        scalar|
|scale_22_reload                                               |   in|   24|     ap_none|                                      scale_22_reload|        scalar|
|scale_24_reload                                               |   in|   24|     ap_none|                                      scale_24_reload|        scalar|
|scale_26_reload                                               |   in|   24|     ap_none|                                      scale_26_reload|        scalar|
|scale_28_reload                                               |   in|   24|     ap_none|                                      scale_28_reload|        scalar|
|scale_30_reload                                               |   in|   24|     ap_none|                                      scale_30_reload|        scalar|
|scale_32_reload                                               |   in|   24|     ap_none|                                      scale_32_reload|        scalar|
|scale_34_reload                                               |   in|   24|     ap_none|                                      scale_34_reload|        scalar|
|scale_36_reload                                               |   in|   24|     ap_none|                                      scale_36_reload|        scalar|
|scale_38_reload                                               |   in|   24|     ap_none|                                      scale_38_reload|        scalar|
|scale_40_reload                                               |   in|   24|     ap_none|                                      scale_40_reload|        scalar|
|scale_42_reload                                               |   in|   24|     ap_none|                                      scale_42_reload|        scalar|
|scale_44_reload                                               |   in|   24|     ap_none|                                      scale_44_reload|        scalar|
|scale_46_reload                                               |   in|   24|     ap_none|                                      scale_46_reload|        scalar|
|scale_48_reload                                               |   in|   24|     ap_none|                                      scale_48_reload|        scalar|
|scale_50_reload                                               |   in|   24|     ap_none|                                      scale_50_reload|        scalar|
|scale_52_reload                                               |   in|   24|     ap_none|                                      scale_52_reload|        scalar|
|scale_54_reload                                               |   in|   24|     ap_none|                                      scale_54_reload|        scalar|
|scale_56_reload                                               |   in|   24|     ap_none|                                      scale_56_reload|        scalar|
|scale_58_reload                                               |   in|   24|     ap_none|                                      scale_58_reload|        scalar|
|scale_60_reload                                               |   in|   24|     ap_none|                                      scale_60_reload|        scalar|
|scale_62_reload                                               |   in|   24|     ap_none|                                      scale_62_reload|        scalar|
|scale_1_reload                                                |   in|   24|     ap_none|                                       scale_1_reload|        scalar|
|scale_3_reload                                                |   in|   24|     ap_none|                                       scale_3_reload|        scalar|
|scale_5_reload                                                |   in|   24|     ap_none|                                       scale_5_reload|        scalar|
|scale_7_reload                                                |   in|   24|     ap_none|                                       scale_7_reload|        scalar|
|scale_9_reload                                                |   in|   24|     ap_none|                                       scale_9_reload|        scalar|
|scale_11_reload                                               |   in|   24|     ap_none|                                      scale_11_reload|        scalar|
|scale_13_reload                                               |   in|   24|     ap_none|                                      scale_13_reload|        scalar|
|scale_15_reload                                               |   in|   24|     ap_none|                                      scale_15_reload|        scalar|
|scale_17_reload                                               |   in|   24|     ap_none|                                      scale_17_reload|        scalar|
|scale_19_reload                                               |   in|   24|     ap_none|                                      scale_19_reload|        scalar|
|scale_21_reload                                               |   in|   24|     ap_none|                                      scale_21_reload|        scalar|
|scale_23_reload                                               |   in|   24|     ap_none|                                      scale_23_reload|        scalar|
|scale_25_reload                                               |   in|   24|     ap_none|                                      scale_25_reload|        scalar|
|scale_27_reload                                               |   in|   24|     ap_none|                                      scale_27_reload|        scalar|
|scale_29_reload                                               |   in|   24|     ap_none|                                      scale_29_reload|        scalar|
|scale_31_reload                                               |   in|   24|     ap_none|                                      scale_31_reload|        scalar|
|scale_33_reload                                               |   in|   24|     ap_none|                                      scale_33_reload|        scalar|
|scale_35_reload                                               |   in|   24|     ap_none|                                      scale_35_reload|        scalar|
|scale_37_reload                                               |   in|   24|     ap_none|                                      scale_37_reload|        scalar|
|scale_39_reload                                               |   in|   24|     ap_none|                                      scale_39_reload|        scalar|
|scale_41_reload                                               |   in|   24|     ap_none|                                      scale_41_reload|        scalar|
|scale_43_reload                                               |   in|   24|     ap_none|                                      scale_43_reload|        scalar|
|scale_45_reload                                               |   in|   24|     ap_none|                                      scale_45_reload|        scalar|
|scale_47_reload                                               |   in|   24|     ap_none|                                      scale_47_reload|        scalar|
|scale_49_reload                                               |   in|   24|     ap_none|                                      scale_49_reload|        scalar|
|scale_51_reload                                               |   in|   24|     ap_none|                                      scale_51_reload|        scalar|
|scale_53_reload                                               |   in|   24|     ap_none|                                      scale_53_reload|        scalar|
|scale_55_reload                                               |   in|   24|     ap_none|                                      scale_55_reload|        scalar|
|scale_57_reload                                               |   in|   24|     ap_none|                                      scale_57_reload|        scalar|
|scale_59_reload                                               |   in|   24|     ap_none|                                      scale_59_reload|        scalar|
|scale_61_reload                                               |   in|   24|     ap_none|                                      scale_61_reload|        scalar|
|scale_63_reload                                               |   in|   24|     ap_none|                                      scale_63_reload|        scalar|
|top_kernel_ap_fixed_64_ap_fixed_24_8_0_0_0_64_tmp_7_address0  |  out|   11|   ap_memory|  top_kernel_ap_fixed_64_ap_fixed_24_8_0_0_0_64_tmp_7|         array|
|top_kernel_ap_fixed_64_ap_fixed_24_8_0_0_0_64_tmp_7_ce0       |  out|    1|   ap_memory|  top_kernel_ap_fixed_64_ap_fixed_24_8_0_0_0_64_tmp_7|         array|
|top_kernel_ap_fixed_64_ap_fixed_24_8_0_0_0_64_tmp_7_q0        |   in|   24|   ap_memory|  top_kernel_ap_fixed_64_ap_fixed_24_8_0_0_0_64_tmp_7|         array|
|top_kernel_ap_fixed_64_ap_fixed_24_8_0_0_0_64_tmp_address0    |  out|   11|   ap_memory|    top_kernel_ap_fixed_64_ap_fixed_24_8_0_0_0_64_tmp|         array|
|top_kernel_ap_fixed_64_ap_fixed_24_8_0_0_0_64_tmp_ce0         |  out|    1|   ap_memory|    top_kernel_ap_fixed_64_ap_fixed_24_8_0_0_0_64_tmp|         array|
|top_kernel_ap_fixed_64_ap_fixed_24_8_0_0_0_64_tmp_q0          |   in|   24|   ap_memory|    top_kernel_ap_fixed_64_ap_fixed_24_8_0_0_0_64_tmp|         array|
|top_kernel_ap_fixed_64_ap_fixed_24_8_0_0_0_64_tmp_5_address0  |  out|   11|   ap_memory|  top_kernel_ap_fixed_64_ap_fixed_24_8_0_0_0_64_tmp_5|         array|
|top_kernel_ap_fixed_64_ap_fixed_24_8_0_0_0_64_tmp_5_ce0       |  out|    1|   ap_memory|  top_kernel_ap_fixed_64_ap_fixed_24_8_0_0_0_64_tmp_5|         array|
|top_kernel_ap_fixed_64_ap_fixed_24_8_0_0_0_64_tmp_5_q0        |   in|   24|   ap_memory|  top_kernel_ap_fixed_64_ap_fixed_24_8_0_0_0_64_tmp_5|         array|
|top_kernel_ap_fixed_64_ap_fixed_24_8_0_0_0_64_tmp_3_address0  |  out|   11|   ap_memory|  top_kernel_ap_fixed_64_ap_fixed_24_8_0_0_0_64_tmp_3|         array|
|top_kernel_ap_fixed_64_ap_fixed_24_8_0_0_0_64_tmp_3_ce0       |  out|    1|   ap_memory|  top_kernel_ap_fixed_64_ap_fixed_24_8_0_0_0_64_tmp_3|         array|
|top_kernel_ap_fixed_64_ap_fixed_24_8_0_0_0_64_tmp_3_q0        |   in|   24|   ap_memory|  top_kernel_ap_fixed_64_ap_fixed_24_8_0_0_0_64_tmp_3|         array|
|top_kernel_ap_fixed_64_ap_fixed_24_8_0_0_0_64_tmp_1_address0  |  out|   11|   ap_memory|  top_kernel_ap_fixed_64_ap_fixed_24_8_0_0_0_64_tmp_1|         array|
|top_kernel_ap_fixed_64_ap_fixed_24_8_0_0_0_64_tmp_1_ce0       |  out|    1|   ap_memory|  top_kernel_ap_fixed_64_ap_fixed_24_8_0_0_0_64_tmp_1|         array|
|top_kernel_ap_fixed_64_ap_fixed_24_8_0_0_0_64_tmp_1_q0        |   in|   24|   ap_memory|  top_kernel_ap_fixed_64_ap_fixed_24_8_0_0_0_64_tmp_1|         array|
|top_kernel_ap_fixed_64_ap_fixed_24_8_0_0_0_64_tmp_6_address0  |  out|   11|   ap_memory|  top_kernel_ap_fixed_64_ap_fixed_24_8_0_0_0_64_tmp_6|         array|
|top_kernel_ap_fixed_64_ap_fixed_24_8_0_0_0_64_tmp_6_ce0       |  out|    1|   ap_memory|  top_kernel_ap_fixed_64_ap_fixed_24_8_0_0_0_64_tmp_6|         array|
|top_kernel_ap_fixed_64_ap_fixed_24_8_0_0_0_64_tmp_6_q0        |   in|   24|   ap_memory|  top_kernel_ap_fixed_64_ap_fixed_24_8_0_0_0_64_tmp_6|         array|
|top_kernel_ap_fixed_64_ap_fixed_24_8_0_0_0_64_tmp_4_address0  |  out|   11|   ap_memory|  top_kernel_ap_fixed_64_ap_fixed_24_8_0_0_0_64_tmp_4|         array|
|top_kernel_ap_fixed_64_ap_fixed_24_8_0_0_0_64_tmp_4_ce0       |  out|    1|   ap_memory|  top_kernel_ap_fixed_64_ap_fixed_24_8_0_0_0_64_tmp_4|         array|
|top_kernel_ap_fixed_64_ap_fixed_24_8_0_0_0_64_tmp_4_q0        |   in|   24|   ap_memory|  top_kernel_ap_fixed_64_ap_fixed_24_8_0_0_0_64_tmp_4|         array|
|top_kernel_ap_fixed_64_ap_fixed_24_8_0_0_0_64_tmp_2_address0  |  out|   11|   ap_memory|  top_kernel_ap_fixed_64_ap_fixed_24_8_0_0_0_64_tmp_2|         array|
|top_kernel_ap_fixed_64_ap_fixed_24_8_0_0_0_64_tmp_2_ce0       |  out|    1|   ap_memory|  top_kernel_ap_fixed_64_ap_fixed_24_8_0_0_0_64_tmp_2|         array|
|top_kernel_ap_fixed_64_ap_fixed_24_8_0_0_0_64_tmp_2_q0        |   in|   24|   ap_memory|  top_kernel_ap_fixed_64_ap_fixed_24_8_0_0_0_64_tmp_2|         array|
+--------------------------------------------------------------+-----+-----+------------+-----------------------------------------------------+--------------+

