

================================================================
== Vitis HLS Report for 'top_kernel_Pipeline_VITIS_LOOP_90_8_VITIS_LOOP_91_912'
================================================================
* Date:           Mon Jan 26 23:24:35 2026

* Version:        2025.1.1 (Build 6214317 on Sep 11 2025)
* Project:        project_1
* Solution:       hls (Vivado IP Flow Target)
* Product family: zynquplus
* Target device:  xczu3eg-sbva484-1-e


================================================================
== Performance Estimates
================================================================
+ Timing: 
    * Summary: 
    +--------+----------+----------+------------+
    |  Clock |  Target  | Estimated| Uncertainty|
    +--------+----------+----------+------------+
    |ap_clk  |  10.00 ns|  3.583 ns|     2.70 ns|
    +--------+----------+----------+------------+

+ Latency: 
    * Summary: 
    +---------+---------+-----------+-----------+------+------+------------------------------------------------+
    |  Latency (cycles) |   Latency (absolute)  |   Interval  |                    Pipeline                    |
    |   min   |   max   |    min    |    max    |  min |  max |                      Type                      |
    +---------+---------+-----------+-----------+------+------+------------------------------------------------+
    |     2052|     2052|  20.520 us|  20.520 us|  2049|  2049|  loop auto-rewind stp (delay=0 clock cycles(s))|
    +---------+---------+-----------+-----------+------+------+------------------------------------------------+

    + Detail: 
        * Instance: 
        N/A

        * Loop: 
        +-----------------------------------+---------+---------+----------+-----------+-----------+------+----------+
        |                                   |  Latency (cycles) | Iteration|  Initiation Interval  | Trip |          |
        |             Loop Name             |   min   |   max   |  Latency |  achieved |   target  | Count| Pipelined|
        +-----------------------------------+---------+---------+----------+-----------+-----------+------+----------+
        |- VITIS_LOOP_90_8_VITIS_LOOP_91_9  |     2050|     2050|         4|          1|          1|  2048|       yes|
        +-----------------------------------+---------+---------+----------+-----------+-----------+------+----------+



================================================================
== Utilization Estimates
================================================================
* Summary: 
+-----------------+---------+-----+--------+-------+-----+
|       Name      | BRAM_18K| DSP |   FF   |  LUT  | URAM|
+-----------------+---------+-----+--------+-------+-----+
|DSP              |        -|    -|       -|      -|    -|
|Expression       |        -|    -|       0|    534|    -|
|FIFO             |        -|    -|       -|      -|    -|
|Instance         |        -|    -|       0|    249|    -|
|Memory           |        -|    -|       -|      -|    -|
|Multiplexer      |        -|    -|       0|   1554|    -|
|Register         |        -|    -|     303|     32|    -|
+-----------------+---------+-----+--------+-------+-----+
|Total            |        0|    0|     303|   2369|    0|
+-----------------+---------+-----+--------+-------+-----+
|Available        |      432|  360|  141120|  70560|    0|
+-----------------+---------+-----+--------+-------+-----+
|Utilization (%)  |        0|    0|      ~0|      3|    0|
+-----------------+---------+-----+--------+-------+-----+

+ Detail: 
    * Instance: 
    +---------------------------------+---------------------------+---------+----+---+-----+-----+
    |             Instance            |           Module          | BRAM_18K| DSP| FF| LUT | URAM|
    +---------------------------------+---------------------------+---------+----+---+-----+-----+
    |sparsemux_115_6_24_1_1_x0_U2597  |sparsemux_115_6_24_1_1_x0  |        0|   0|  0|  249|    0|
    +---------------------------------+---------------------------+---------+----+---+-----+-----+
    |Total                            |                           |        0|   0|  0|  249|    0|
    +---------------------------------+---------------------------+---------+----+---+-----+-----+

    * DSP: 
    N/A

    * Memory: 
    N/A

    * FIFO: 
    N/A

    * Expression: 
    +------------------------------+----------+----+---+----+------------+------------+
    |         Variable Name        | Operation| DSP| FF| LUT| Bitwidth P0| Bitwidth P1|
    +------------------------------+----------+----+---+----+------------+------------+
    |add_ln90_4_fu_1400_p2         |         +|   0|  0|  16|           9|           1|
    |add_ln90_fu_1384_p2           |         +|   0|  0|  19|          12|           1|
    |add_ln91_fu_1461_p2           |         +|   0|  0|  14|           7|           4|
    |add_ln93_5_fu_1731_p2         |         +|   0|  0|  32|          25|          25|
    |col_sum_fu_1725_p2            |         +|   0|  0|  31|          24|          24|
    |and_ln93_5_fu_1892_p2         |       and|   0|  0|   2|           1|           1|
    |and_ln93_fu_1880_p2           |       and|   0|  0|   2|           1|           1|
    |ap_condition_2135             |       and|   0|  0|   2|           1|           1|
    |ap_condition_2142             |       and|   0|  0|   2|           1|           1|
    |ap_condition_2149             |       and|   0|  0|   2|           1|           1|
    |ap_condition_2156             |       and|   0|  0|   2|           1|           1|
    |ap_condition_2163             |       and|   0|  0|   2|           1|           1|
    |ap_condition_2170             |       and|   0|  0|   2|           1|           1|
    |ap_condition_2177             |       and|   0|  0|   2|           1|           1|
    |ap_condition_2184             |       and|   0|  0|   2|           1|           1|
    |ap_condition_2191             |       and|   0|  0|   2|           1|           1|
    |ap_condition_2198             |       and|   0|  0|   2|           1|           1|
    |ap_condition_2205             |       and|   0|  0|   2|           1|           1|
    |ap_condition_2212             |       and|   0|  0|   2|           1|           1|
    |ap_condition_2219             |       and|   0|  0|   2|           1|           1|
    |ap_condition_2226             |       and|   0|  0|   2|           1|           1|
    |ap_condition_2233             |       and|   0|  0|   2|           1|           1|
    |ap_condition_2240             |       and|   0|  0|   2|           1|           1|
    |ap_condition_2247             |       and|   0|  0|   2|           1|           1|
    |ap_condition_2254             |       and|   0|  0|   2|           1|           1|
    |ap_condition_2261             |       and|   0|  0|   2|           1|           1|
    |ap_condition_2268             |       and|   0|  0|   2|           1|           1|
    |ap_condition_2275             |       and|   0|  0|   2|           1|           1|
    |ap_condition_2282             |       and|   0|  0|   2|           1|           1|
    |ap_condition_2289             |       and|   0|  0|   2|           1|           1|
    |ap_condition_2296             |       and|   0|  0|   2|           1|           1|
    |ap_condition_2303             |       and|   0|  0|   2|           1|           1|
    |ap_condition_2310             |       and|   0|  0|   2|           1|           1|
    |ap_condition_2317             |       and|   0|  0|   2|           1|           1|
    |ap_condition_2324             |       and|   0|  0|   2|           1|           1|
    |ap_condition_2331             |       and|   0|  0|   2|           1|           1|
    |ap_condition_2338             |       and|   0|  0|   2|           1|           1|
    |ap_condition_2345             |       and|   0|  0|   2|           1|           1|
    |ap_condition_2352             |       and|   0|  0|   2|           1|           1|
    |ap_condition_2359             |       and|   0|  0|   2|           1|           1|
    |ap_condition_2366             |       and|   0|  0|   2|           1|           1|
    |ap_condition_2373             |       and|   0|  0|   2|           1|           1|
    |ap_condition_2380             |       and|   0|  0|   2|           1|           1|
    |ap_condition_2387             |       and|   0|  0|   2|           1|           1|
    |ap_condition_2394             |       and|   0|  0|   2|           1|           1|
    |ap_condition_2401             |       and|   0|  0|   2|           1|           1|
    |ap_condition_2408             |       and|   0|  0|   2|           1|           1|
    |ap_condition_2415             |       and|   0|  0|   2|           1|           1|
    |ap_condition_2422             |       and|   0|  0|   2|           1|           1|
    |ap_condition_2429             |       and|   0|  0|   2|           1|           1|
    |ap_condition_2436             |       and|   0|  0|   2|           1|           1|
    |ap_condition_2443             |       and|   0|  0|   2|           1|           1|
    |ap_condition_2450             |       and|   0|  0|   2|           1|           1|
    |ap_condition_2457             |       and|   0|  0|   2|           1|           1|
    |ap_condition_2464             |       and|   0|  0|   2|           1|           1|
    |ap_condition_2471             |       and|   0|  0|   2|           1|           1|
    |ap_condition_2478             |       and|   0|  0|   2|           1|           1|
    |ap_condition_2485             |       and|   0|  0|   2|           1|           1|
    |ap_condition_2492             |       and|   0|  0|   2|           1|           1|
    |ap_condition_2498             |       and|   0|  0|   2|           1|           1|
    |ap_condition_2505             |       and|   0|  0|   2|           1|           1|
    |ap_condition_2512             |       and|   0|  0|   2|           1|           1|
    |ap_condition_2519             |       and|   0|  0|   2|           1|           1|
    |ap_condition_2526             |       and|   0|  0|   2|           1|           1|
    |ap_predicate_pred1003_state4  |       and|   0|  0|   2|           1|           1|
    |ap_predicate_pred1007_state4  |       and|   0|  0|   2|           1|           1|
    |ap_predicate_pred1028_state4  |       and|   0|  0|   2|           1|           1|
    |ap_predicate_pred1032_state4  |       and|   0|  0|   2|           1|           1|
    |ap_predicate_pred1053_state4  |       and|   0|  0|   2|           1|           1|
    |ap_predicate_pred1057_state4  |       and|   0|  0|   2|           1|           1|
    |ap_predicate_pred1078_state4  |       and|   0|  0|   2|           1|           1|
    |ap_predicate_pred1082_state4  |       and|   0|  0|   2|           1|           1|
    |ap_predicate_pred1103_state4  |       and|   0|  0|   2|           1|           1|
    |ap_predicate_pred1107_state4  |       and|   0|  0|   2|           1|           1|
    |ap_predicate_pred1128_state4  |       and|   0|  0|   2|           1|           1|
    |ap_predicate_pred1132_state4  |       and|   0|  0|   2|           1|           1|
    |ap_predicate_pred1153_state4  |       and|   0|  0|   2|           1|           1|
    |ap_predicate_pred1157_state4  |       and|   0|  0|   2|           1|           1|
    |ap_predicate_pred1178_state4  |       and|   0|  0|   2|           1|           1|
    |ap_predicate_pred1182_state4  |       and|   0|  0|   2|           1|           1|
    |ap_predicate_pred1203_state4  |       and|   0|  0|   2|           1|           1|
    |ap_predicate_pred1207_state4  |       and|   0|  0|   2|           1|           1|
    |ap_predicate_pred1228_state4  |       and|   0|  0|   2|           1|           1|
    |ap_predicate_pred1232_state4  |       and|   0|  0|   2|           1|           1|
    |ap_predicate_pred1253_state4  |       and|   0|  0|   2|           1|           1|
    |ap_predicate_pred1257_state4  |       and|   0|  0|   2|           1|           1|
    |ap_predicate_pred1278_state4  |       and|   0|  0|   2|           1|           1|
    |ap_predicate_pred1282_state4  |       and|   0|  0|   2|           1|           1|
    |ap_predicate_pred1303_state4  |       and|   0|  0|   2|           1|           1|
    |ap_predicate_pred1307_state4  |       and|   0|  0|   2|           1|           1|
    |ap_predicate_pred1328_state4  |       and|   0|  0|   2|           1|           1|
    |ap_predicate_pred1332_state4  |       and|   0|  0|   2|           1|           1|
    |ap_predicate_pred1353_state4  |       and|   0|  0|   2|           1|           1|
    |ap_predicate_pred1357_state4  |       and|   0|  0|   2|           1|           1|
    |ap_predicate_pred1378_state4  |       and|   0|  0|   2|           1|           1|
    |ap_predicate_pred1382_state4  |       and|   0|  0|   2|           1|           1|
    |ap_predicate_pred1403_state4  |       and|   0|  0|   2|           1|           1|
    |ap_predicate_pred1407_state4  |       and|   0|  0|   2|           1|           1|
    |ap_predicate_pred1428_state4  |       and|   0|  0|   2|           1|           1|
    |ap_predicate_pred1432_state4  |       and|   0|  0|   2|           1|           1|
    |ap_predicate_pred1453_state4  |       and|   0|  0|   2|           1|           1|
    |ap_predicate_pred1457_state4  |       and|   0|  0|   2|           1|           1|
    |ap_predicate_pred1478_state4  |       and|   0|  0|   2|           1|           1|
    |ap_predicate_pred1482_state4  |       and|   0|  0|   2|           1|           1|
    |ap_predicate_pred1503_state4  |       and|   0|  0|   2|           1|           1|
    |ap_predicate_pred1507_state4  |       and|   0|  0|   2|           1|           1|
    |ap_predicate_pred1528_state4  |       and|   0|  0|   2|           1|           1|
    |ap_predicate_pred1532_state4  |       and|   0|  0|   2|           1|           1|
    |ap_predicate_pred1553_state4  |       and|   0|  0|   2|           1|           1|
    |ap_predicate_pred1557_state4  |       and|   0|  0|   2|           1|           1|
    |ap_predicate_pred1578_state4  |       and|   0|  0|   2|           1|           1|
    |ap_predicate_pred1582_state4  |       and|   0|  0|   2|           1|           1|
    |ap_predicate_pred1603_state4  |       and|   0|  0|   2|           1|           1|
    |ap_predicate_pred1607_state4  |       and|   0|  0|   2|           1|           1|
    |ap_predicate_pred1628_state4  |       and|   0|  0|   2|           1|           1|
    |ap_predicate_pred1632_state4  |       and|   0|  0|   2|           1|           1|
    |ap_predicate_pred1653_state4  |       and|   0|  0|   2|           1|           1|
    |ap_predicate_pred1657_state4  |       and|   0|  0|   2|           1|           1|
    |ap_predicate_pred1678_state4  |       and|   0|  0|   2|           1|           1|
    |ap_predicate_pred1682_state4  |       and|   0|  0|   2|           1|           1|
    |ap_predicate_pred1703_state4  |       and|   0|  0|   2|           1|           1|
    |ap_predicate_pred1707_state4  |       and|   0|  0|   2|           1|           1|
    |ap_predicate_pred1728_state4  |       and|   0|  0|   2|           1|           1|
    |ap_predicate_pred1732_state4  |       and|   0|  0|   2|           1|           1|
    |ap_predicate_pred1753_state4  |       and|   0|  0|   2|           1|           1|
    |ap_predicate_pred1757_state4  |       and|   0|  0|   2|           1|           1|
    |ap_predicate_pred374_state4   |       and|   0|  0|   2|           1|           1|
    |ap_predicate_pred380_state4   |       and|   0|  0|   2|           1|           1|
    |ap_predicate_pred403_state4   |       and|   0|  0|   2|           1|           1|
    |ap_predicate_pred407_state4   |       and|   0|  0|   2|           1|           1|
    |ap_predicate_pred428_state4   |       and|   0|  0|   2|           1|           1|
    |ap_predicate_pred432_state4   |       and|   0|  0|   2|           1|           1|
    |ap_predicate_pred453_state4   |       and|   0|  0|   2|           1|           1|
    |ap_predicate_pred457_state4   |       and|   0|  0|   2|           1|           1|
    |ap_predicate_pred478_state4   |       and|   0|  0|   2|           1|           1|
    |ap_predicate_pred482_state4   |       and|   0|  0|   2|           1|           1|
    |ap_predicate_pred503_state4   |       and|   0|  0|   2|           1|           1|
    |ap_predicate_pred507_state4   |       and|   0|  0|   2|           1|           1|
    |ap_predicate_pred528_state4   |       and|   0|  0|   2|           1|           1|
    |ap_predicate_pred532_state4   |       and|   0|  0|   2|           1|           1|
    |ap_predicate_pred553_state4   |       and|   0|  0|   2|           1|           1|
    |ap_predicate_pred557_state4   |       and|   0|  0|   2|           1|           1|
    |ap_predicate_pred578_state4   |       and|   0|  0|   2|           1|           1|
    |ap_predicate_pred582_state4   |       and|   0|  0|   2|           1|           1|
    |ap_predicate_pred603_state4   |       and|   0|  0|   2|           1|           1|
    |ap_predicate_pred607_state4   |       and|   0|  0|   2|           1|           1|
    |ap_predicate_pred628_state4   |       and|   0|  0|   2|           1|           1|
    |ap_predicate_pred632_state4   |       and|   0|  0|   2|           1|           1|
    |ap_predicate_pred653_state4   |       and|   0|  0|   2|           1|           1|
    |ap_predicate_pred657_state4   |       and|   0|  0|   2|           1|           1|
    |ap_predicate_pred678_state4   |       and|   0|  0|   2|           1|           1|
    |ap_predicate_pred682_state4   |       and|   0|  0|   2|           1|           1|
    |ap_predicate_pred703_state4   |       and|   0|  0|   2|           1|           1|
    |ap_predicate_pred707_state4   |       and|   0|  0|   2|           1|           1|
    |ap_predicate_pred728_state4   |       and|   0|  0|   2|           1|           1|
    |ap_predicate_pred732_state4   |       and|   0|  0|   2|           1|           1|
    |ap_predicate_pred753_state4   |       and|   0|  0|   2|           1|           1|
    |ap_predicate_pred757_state4   |       and|   0|  0|   2|           1|           1|
    |ap_predicate_pred778_state4   |       and|   0|  0|   2|           1|           1|
    |ap_predicate_pred782_state4   |       and|   0|  0|   2|           1|           1|
    |ap_predicate_pred803_state4   |       and|   0|  0|   2|           1|           1|
    |ap_predicate_pred807_state4   |       and|   0|  0|   2|           1|           1|
    |ap_predicate_pred828_state4   |       and|   0|  0|   2|           1|           1|
    |ap_predicate_pred832_state4   |       and|   0|  0|   2|           1|           1|
    |ap_predicate_pred853_state4   |       and|   0|  0|   2|           1|           1|
    |ap_predicate_pred857_state4   |       and|   0|  0|   2|           1|           1|
    |ap_predicate_pred878_state4   |       and|   0|  0|   2|           1|           1|
    |ap_predicate_pred882_state4   |       and|   0|  0|   2|           1|           1|
    |ap_predicate_pred903_state4   |       and|   0|  0|   2|           1|           1|
    |ap_predicate_pred907_state4   |       and|   0|  0|   2|           1|           1|
    |ap_predicate_pred928_state4   |       and|   0|  0|   2|           1|           1|
    |ap_predicate_pred932_state4   |       and|   0|  0|   2|           1|           1|
    |ap_predicate_pred953_state4   |       and|   0|  0|   2|           1|           1|
    |ap_predicate_pred957_state4   |       and|   0|  0|   2|           1|           1|
    |ap_predicate_pred978_state4   |       and|   0|  0|   2|           1|           1|
    |ap_predicate_pred982_state4   |       and|   0|  0|   2|           1|           1|
    |icmp_ln90_fu_1378_p2          |      icmp|   0|  0|  20|          12|          13|
    |icmp_ln93_fu_1737_p2          |      icmp|   0|  0|  32|          25|           1|
    |ap_predicate_pred1806_state3  |        or|   0|  0|   2|           1|           1|
    |ap_predicate_pred1848_state4  |        or|   0|  0|   2|           1|           1|
    |ap_predicate_pred1866_state4  |        or|   0|  0|   2|           1|           1|
    |select_ln90_fu_1426_p3        |    select|   0|  0|   8|           1|           9|
    |select_ln91_fu_1414_p3        |    select|   0|  0|   6|           1|           3|
    |ap_enable_pp0                 |       xor|   0|  0|   2|           1|           2|
    |xor_ln93_10_fu_1898_p2        |       xor|   0|  0|   2|           1|           1|
    |xor_ln93_9_fu_1886_p2         |       xor|   0|  0|   2|           1|           2|
    |xor_ln93_fu_1874_p2           |       xor|   0|  0|   2|           1|           2|
    +------------------------------+----------+----+---+----+------------+------------+
    |Total                         |          |   0|  0| 534|         294|         262|
    +------------------------------+----------+----+---+----+------------+------------+

    * Multiplexer: 
    +----------------------------------------+----+-----------+-----+-----------+
    |                  Name                  | LUT| Input Size| Bits| Total Bits|
    +----------------------------------------+----+-----------+-----+-----------+
    |ap_done_int                             |   9|          2|    1|          2|
    |ap_enable_reg_pp0_iter1                 |   9|          2|    1|          2|
    |ap_sig_allocacmp_i_load                 |   9|          2|    9|         18|
    |ap_sig_allocacmp_indvar_flatten90_load  |   9|          2|   12|         24|
    |ap_sig_allocacmp_j_load                 |   9|          2|    7|         14|
    |col_sum_10_o                            |  26|          5|   24|        120|
    |col_sum_11_o                            |  26|          5|   24|        120|
    |col_sum_12_o                            |  26|          5|   24|        120|
    |col_sum_13_o                            |  26|          5|   24|        120|
    |col_sum_14_o                            |  26|          5|   24|        120|
    |col_sum_15_o                            |  26|          5|   24|        120|
    |col_sum_16_o                            |  26|          5|   24|        120|
    |col_sum_17_o                            |  26|          5|   24|        120|
    |col_sum_18_o                            |  26|          5|   24|        120|
    |col_sum_19_o                            |  26|          5|   24|        120|
    |col_sum_20_o                            |  26|          5|   24|        120|
    |col_sum_21_o                            |  26|          5|   24|        120|
    |col_sum_22_o                            |  26|          5|   24|        120|
    |col_sum_23_o                            |  26|          5|   24|        120|
    |col_sum_24_o                            |  26|          5|   24|        120|
    |col_sum_25_o                            |  26|          5|   24|        120|
    |col_sum_26_o                            |  26|          5|   24|        120|
    |col_sum_27_o                            |  26|          5|   24|        120|
    |col_sum_28_o                            |  26|          5|   24|        120|
    |col_sum_29_o                            |  26|          5|   24|        120|
    |col_sum_30_o                            |  26|          5|   24|        120|
    |col_sum_31_o                            |  26|          5|   24|        120|
    |col_sum_32_o                            |  26|          5|   24|        120|
    |col_sum_33_o                            |  26|          5|   24|        120|
    |col_sum_34_o                            |  26|          5|   24|        120|
    |col_sum_35_o                            |  26|          5|   24|        120|
    |col_sum_36_o                            |  26|          5|   24|        120|
    |col_sum_37_o                            |  26|          5|   24|        120|
    |col_sum_38_o                            |  26|          5|   24|        120|
    |col_sum_39_o                            |  26|          5|   24|        120|
    |col_sum_40_o                            |  26|          5|   24|        120|
    |col_sum_41_o                            |  26|          5|   24|        120|
    |col_sum_42_o                            |  26|          5|   24|        120|
    |col_sum_43_o                            |  26|          5|   24|        120|
    |col_sum_44_o                            |  26|          5|   24|        120|
    |col_sum_45_o                            |  26|          5|   24|        120|
    |col_sum_46_o                            |  26|          5|   24|        120|
    |col_sum_47_o                            |  26|          5|   24|        120|
    |col_sum_48_o                            |  26|          5|   24|        120|
    |col_sum_49_o                            |  26|          5|   24|        120|
    |col_sum_50_o                            |  26|          5|   24|        120|
    |col_sum_51_o                            |  26|          5|   24|        120|
    |col_sum_52_o                            |  26|          5|   24|        120|
    |col_sum_53_o                            |  26|          5|   24|        120|
    |col_sum_54_o                            |  26|          5|   24|        120|
    |col_sum_55_o                            |  26|          5|   24|        120|
    |col_sum_56_o                            |  26|          5|   24|        120|
    |col_sum_57_o                            |  26|          5|   24|        120|
    |col_sum_58_o                            |  26|          5|   24|        120|
    |col_sum_59_o                            |  26|          5|   24|        120|
    |col_sum_5_o                             |  26|          5|   24|        120|
    |col_sum_60_o                            |  26|          5|   24|        120|
    |col_sum_61_o                            |  26|          5|   24|        120|
    |col_sum_6_o                             |  26|          5|   24|        120|
    |col_sum_7_o                             |  26|          5|   24|        120|
    |col_sum_8_o                             |  26|          5|   24|        120|
    |col_sum_9_o                             |  26|          5|   24|        120|
    |i_fu_312                                |   9|          2|    9|         18|
    |indvar_flatten90_fu_316                 |   9|          2|   12|         24|
    |j_fu_308                                |   9|          2|    7|         14|
    +----------------------------------------+----+-----------+-----+-----------+
    |Total                                   |1554|        301| 1426|       6956|
    +----------------------------------------+----+-----------+-----+-----------+

    * Register: 
    +----------------------------------+----+----+-----+-----------+
    |               Name               | FF | LUT| Bits| Const Bits|
    +----------------------------------+----+----+-----+-----------+
    |and_ln93_5_reg_2126               |   1|   0|    1|          0|
    |and_ln93_reg_2122                 |   1|   0|    1|          0|
    |ap_CS_fsm                         |   1|   0|    1|          0|
    |ap_done_reg                       |   1|   0|    1|          0|
    |ap_enable_reg_pp0_iter1           |   1|   0|    1|          0|
    |ap_enable_reg_pp0_iter2           |   1|   0|    1|          0|
    |ap_enable_reg_pp0_iter3           |   1|   0|    1|          0|
    |ap_loop_exit_ready_pp0_iter1_reg  |   1|   0|    1|          0|
    |ap_loop_exit_ready_pp0_iter2_reg  |   1|   0|    1|          0|
    |ap_predicate_pred1003_state4      |   1|   0|    1|          0|
    |ap_predicate_pred1007_state4      |   1|   0|    1|          0|
    |ap_predicate_pred1019_state3      |   1|   0|    1|          0|
    |ap_predicate_pred1028_state4      |   1|   0|    1|          0|
    |ap_predicate_pred1032_state4      |   1|   0|    1|          0|
    |ap_predicate_pred1044_state3      |   1|   0|    1|          0|
    |ap_predicate_pred1053_state4      |   1|   0|    1|          0|
    |ap_predicate_pred1057_state4      |   1|   0|    1|          0|
    |ap_predicate_pred1069_state3      |   1|   0|    1|          0|
    |ap_predicate_pred1078_state4      |   1|   0|    1|          0|
    |ap_predicate_pred1082_state4      |   1|   0|    1|          0|
    |ap_predicate_pred1094_state3      |   1|   0|    1|          0|
    |ap_predicate_pred1103_state4      |   1|   0|    1|          0|
    |ap_predicate_pred1107_state4      |   1|   0|    1|          0|
    |ap_predicate_pred1119_state3      |   1|   0|    1|          0|
    |ap_predicate_pred1128_state4      |   1|   0|    1|          0|
    |ap_predicate_pred1132_state4      |   1|   0|    1|          0|
    |ap_predicate_pred1144_state3      |   1|   0|    1|          0|
    |ap_predicate_pred1153_state4      |   1|   0|    1|          0|
    |ap_predicate_pred1157_state4      |   1|   0|    1|          0|
    |ap_predicate_pred1169_state3      |   1|   0|    1|          0|
    |ap_predicate_pred1178_state4      |   1|   0|    1|          0|
    |ap_predicate_pred1182_state4      |   1|   0|    1|          0|
    |ap_predicate_pred1194_state3      |   1|   0|    1|          0|
    |ap_predicate_pred1203_state4      |   1|   0|    1|          0|
    |ap_predicate_pred1207_state4      |   1|   0|    1|          0|
    |ap_predicate_pred1219_state3      |   1|   0|    1|          0|
    |ap_predicate_pred1228_state4      |   1|   0|    1|          0|
    |ap_predicate_pred1232_state4      |   1|   0|    1|          0|
    |ap_predicate_pred1244_state3      |   1|   0|    1|          0|
    |ap_predicate_pred1253_state4      |   1|   0|    1|          0|
    |ap_predicate_pred1257_state4      |   1|   0|    1|          0|
    |ap_predicate_pred1269_state3      |   1|   0|    1|          0|
    |ap_predicate_pred1278_state4      |   1|   0|    1|          0|
    |ap_predicate_pred1282_state4      |   1|   0|    1|          0|
    |ap_predicate_pred1294_state3      |   1|   0|    1|          0|
    |ap_predicate_pred1303_state4      |   1|   0|    1|          0|
    |ap_predicate_pred1307_state4      |   1|   0|    1|          0|
    |ap_predicate_pred1319_state3      |   1|   0|    1|          0|
    |ap_predicate_pred1328_state4      |   1|   0|    1|          0|
    |ap_predicate_pred1332_state4      |   1|   0|    1|          0|
    |ap_predicate_pred1344_state3      |   1|   0|    1|          0|
    |ap_predicate_pred1353_state4      |   1|   0|    1|          0|
    |ap_predicate_pred1357_state4      |   1|   0|    1|          0|
    |ap_predicate_pred1369_state3      |   1|   0|    1|          0|
    |ap_predicate_pred1378_state4      |   1|   0|    1|          0|
    |ap_predicate_pred1382_state4      |   1|   0|    1|          0|
    |ap_predicate_pred1394_state3      |   1|   0|    1|          0|
    |ap_predicate_pred1403_state4      |   1|   0|    1|          0|
    |ap_predicate_pred1407_state4      |   1|   0|    1|          0|
    |ap_predicate_pred1419_state3      |   1|   0|    1|          0|
    |ap_predicate_pred1428_state4      |   1|   0|    1|          0|
    |ap_predicate_pred1432_state4      |   1|   0|    1|          0|
    |ap_predicate_pred1444_state3      |   1|   0|    1|          0|
    |ap_predicate_pred1453_state4      |   1|   0|    1|          0|
    |ap_predicate_pred1457_state4      |   1|   0|    1|          0|
    |ap_predicate_pred1469_state3      |   1|   0|    1|          0|
    |ap_predicate_pred1478_state4      |   1|   0|    1|          0|
    |ap_predicate_pred1482_state4      |   1|   0|    1|          0|
    |ap_predicate_pred1494_state3      |   1|   0|    1|          0|
    |ap_predicate_pred1503_state4      |   1|   0|    1|          0|
    |ap_predicate_pred1507_state4      |   1|   0|    1|          0|
    |ap_predicate_pred1519_state3      |   1|   0|    1|          0|
    |ap_predicate_pred1528_state4      |   1|   0|    1|          0|
    |ap_predicate_pred1532_state4      |   1|   0|    1|          0|
    |ap_predicate_pred1544_state3      |   1|   0|    1|          0|
    |ap_predicate_pred1553_state4      |   1|   0|    1|          0|
    |ap_predicate_pred1557_state4      |   1|   0|    1|          0|
    |ap_predicate_pred1569_state3      |   1|   0|    1|          0|
    |ap_predicate_pred1578_state4      |   1|   0|    1|          0|
    |ap_predicate_pred1582_state4      |   1|   0|    1|          0|
    |ap_predicate_pred1594_state3      |   1|   0|    1|          0|
    |ap_predicate_pred1603_state4      |   1|   0|    1|          0|
    |ap_predicate_pred1607_state4      |   1|   0|    1|          0|
    |ap_predicate_pred1619_state3      |   1|   0|    1|          0|
    |ap_predicate_pred1628_state4      |   1|   0|    1|          0|
    |ap_predicate_pred1632_state4      |   1|   0|    1|          0|
    |ap_predicate_pred1644_state3      |   1|   0|    1|          0|
    |ap_predicate_pred1653_state4      |   1|   0|    1|          0|
    |ap_predicate_pred1657_state4      |   1|   0|    1|          0|
    |ap_predicate_pred1669_state3      |   1|   0|    1|          0|
    |ap_predicate_pred1678_state4      |   1|   0|    1|          0|
    |ap_predicate_pred1682_state4      |   1|   0|    1|          0|
    |ap_predicate_pred1694_state3      |   1|   0|    1|          0|
    |ap_predicate_pred1703_state4      |   1|   0|    1|          0|
    |ap_predicate_pred1707_state4      |   1|   0|    1|          0|
    |ap_predicate_pred1719_state3      |   1|   0|    1|          0|
    |ap_predicate_pred1728_state4      |   1|   0|    1|          0|
    |ap_predicate_pred1732_state4      |   1|   0|    1|          0|
    |ap_predicate_pred1744_state3      |   1|   0|    1|          0|
    |ap_predicate_pred1753_state4      |   1|   0|    1|          0|
    |ap_predicate_pred1757_state4      |   1|   0|    1|          0|
    |ap_predicate_pred1806_state3      |   1|   0|    1|          0|
    |ap_predicate_pred1848_state4      |   1|   0|    1|          0|
    |ap_predicate_pred1866_state4      |   1|   0|    1|          0|
    |ap_predicate_pred357_state3       |   1|   0|    1|          0|
    |ap_predicate_pred374_state4       |   1|   0|    1|          0|
    |ap_predicate_pred380_state4       |   1|   0|    1|          0|
    |ap_predicate_pred394_state3       |   1|   0|    1|          0|
    |ap_predicate_pred403_state4       |   1|   0|    1|          0|
    |ap_predicate_pred407_state4       |   1|   0|    1|          0|
    |ap_predicate_pred419_state3       |   1|   0|    1|          0|
    |ap_predicate_pred428_state4       |   1|   0|    1|          0|
    |ap_predicate_pred432_state4       |   1|   0|    1|          0|
    |ap_predicate_pred444_state3       |   1|   0|    1|          0|
    |ap_predicate_pred453_state4       |   1|   0|    1|          0|
    |ap_predicate_pred457_state4       |   1|   0|    1|          0|
    |ap_predicate_pred469_state3       |   1|   0|    1|          0|
    |ap_predicate_pred478_state4       |   1|   0|    1|          0|
    |ap_predicate_pred482_state4       |   1|   0|    1|          0|
    |ap_predicate_pred494_state3       |   1|   0|    1|          0|
    |ap_predicate_pred503_state4       |   1|   0|    1|          0|
    |ap_predicate_pred507_state4       |   1|   0|    1|          0|
    |ap_predicate_pred519_state3       |   1|   0|    1|          0|
    |ap_predicate_pred528_state4       |   1|   0|    1|          0|
    |ap_predicate_pred532_state4       |   1|   0|    1|          0|
    |ap_predicate_pred544_state3       |   1|   0|    1|          0|
    |ap_predicate_pred553_state4       |   1|   0|    1|          0|
    |ap_predicate_pred557_state4       |   1|   0|    1|          0|
    |ap_predicate_pred569_state3       |   1|   0|    1|          0|
    |ap_predicate_pred578_state4       |   1|   0|    1|          0|
    |ap_predicate_pred582_state4       |   1|   0|    1|          0|
    |ap_predicate_pred594_state3       |   1|   0|    1|          0|
    |ap_predicate_pred603_state4       |   1|   0|    1|          0|
    |ap_predicate_pred607_state4       |   1|   0|    1|          0|
    |ap_predicate_pred619_state3       |   1|   0|    1|          0|
    |ap_predicate_pred628_state4       |   1|   0|    1|          0|
    |ap_predicate_pred632_state4       |   1|   0|    1|          0|
    |ap_predicate_pred644_state3       |   1|   0|    1|          0|
    |ap_predicate_pred653_state4       |   1|   0|    1|          0|
    |ap_predicate_pred657_state4       |   1|   0|    1|          0|
    |ap_predicate_pred669_state3       |   1|   0|    1|          0|
    |ap_predicate_pred678_state4       |   1|   0|    1|          0|
    |ap_predicate_pred682_state4       |   1|   0|    1|          0|
    |ap_predicate_pred694_state3       |   1|   0|    1|          0|
    |ap_predicate_pred703_state4       |   1|   0|    1|          0|
    |ap_predicate_pred707_state4       |   1|   0|    1|          0|
    |ap_predicate_pred719_state3       |   1|   0|    1|          0|
    |ap_predicate_pred728_state4       |   1|   0|    1|          0|
    |ap_predicate_pred732_state4       |   1|   0|    1|          0|
    |ap_predicate_pred744_state3       |   1|   0|    1|          0|
    |ap_predicate_pred753_state4       |   1|   0|    1|          0|
    |ap_predicate_pred757_state4       |   1|   0|    1|          0|
    |ap_predicate_pred769_state3       |   1|   0|    1|          0|
    |ap_predicate_pred778_state4       |   1|   0|    1|          0|
    |ap_predicate_pred782_state4       |   1|   0|    1|          0|
    |ap_predicate_pred794_state3       |   1|   0|    1|          0|
    |ap_predicate_pred803_state4       |   1|   0|    1|          0|
    |ap_predicate_pred807_state4       |   1|   0|    1|          0|
    |ap_predicate_pred819_state3       |   1|   0|    1|          0|
    |ap_predicate_pred828_state4       |   1|   0|    1|          0|
    |ap_predicate_pred832_state4       |   1|   0|    1|          0|
    |ap_predicate_pred844_state3       |   1|   0|    1|          0|
    |ap_predicate_pred853_state4       |   1|   0|    1|          0|
    |ap_predicate_pred857_state4       |   1|   0|    1|          0|
    |ap_predicate_pred869_state3       |   1|   0|    1|          0|
    |ap_predicate_pred878_state4       |   1|   0|    1|          0|
    |ap_predicate_pred882_state4       |   1|   0|    1|          0|
    |ap_predicate_pred894_state3       |   1|   0|    1|          0|
    |ap_predicate_pred903_state4       |   1|   0|    1|          0|
    |ap_predicate_pred907_state4       |   1|   0|    1|          0|
    |ap_predicate_pred919_state3       |   1|   0|    1|          0|
    |ap_predicate_pred928_state4       |   1|   0|    1|          0|
    |ap_predicate_pred932_state4       |   1|   0|    1|          0|
    |ap_predicate_pred944_state3       |   1|   0|    1|          0|
    |ap_predicate_pred953_state4       |   1|   0|    1|          0|
    |ap_predicate_pred957_state4       |   1|   0|    1|          0|
    |ap_predicate_pred969_state3       |   1|   0|    1|          0|
    |ap_predicate_pred978_state4       |   1|   0|    1|          0|
    |ap_predicate_pred982_state4       |   1|   0|    1|          0|
    |ap_predicate_pred994_state3       |   1|   0|    1|          0|
    |col_sum_reg_2057                  |  24|   0|   24|          0|
    |i_fu_312                          |   9|   0|    9|          0|
    |indvar_flatten90_fu_316           |  12|   0|   12|          0|
    |j_fu_308                          |   7|   0|    7|          0|
    |select_ln91_reg_2044              |   6|   0|    6|          0|
    |xor_ln93_10_reg_2130              |   1|   0|    1|          0|
    |select_ln91_reg_2044              |  64|  32|    6|          0|
    +----------------------------------+----+----+-----+-----------+
    |Total                             | 303|  32|  245|          0|
    +----------------------------------+----+----+-----+-----------+



================================================================
== Interface
================================================================
* Summary: 
+--------------------------------------------------------------+-----+-----+------------+-------------------------------------------------------+--------------+
|                           RTL Ports                          | Dir | Bits|  Protocol  |                     Source Object                     |    C Type    |
+--------------------------------------------------------------+-----+-----+------------+-------------------------------------------------------+--------------+
|ap_clk                                                        |   in|    1|  ap_ctrl_hs|  top_kernel_Pipeline_VITIS_LOOP_90_8_VITIS_LOOP_91_912|  return value|
|ap_rst                                                        |   in|    1|  ap_ctrl_hs|  top_kernel_Pipeline_VITIS_LOOP_90_8_VITIS_LOOP_91_912|  return value|
|ap_start                                                      |   in|    1|  ap_ctrl_hs|  top_kernel_Pipeline_VITIS_LOOP_90_8_VITIS_LOOP_91_912|  return value|
|ap_done                                                       |  out|    1|  ap_ctrl_hs|  top_kernel_Pipeline_VITIS_LOOP_90_8_VITIS_LOOP_91_912|  return value|
|ap_idle                                                       |  out|    1|  ap_ctrl_hs|  top_kernel_Pipeline_VITIS_LOOP_90_8_VITIS_LOOP_91_912|  return value|
|ap_ready                                                      |  out|    1|  ap_ctrl_hs|  top_kernel_Pipeline_VITIS_LOOP_90_8_VITIS_LOOP_91_912|  return value|
|col_sum_5_i                                                   |   in|   24|     ap_ovld|                                              col_sum_5|       pointer|
|col_sum_5_o                                                   |  out|   24|     ap_ovld|                                              col_sum_5|       pointer|
|col_sum_5_o_ap_vld                                            |  out|    1|     ap_ovld|                                              col_sum_5|       pointer|
|col_sum_6_i                                                   |   in|   24|     ap_ovld|                                              col_sum_6|       pointer|
|col_sum_6_o                                                   |  out|   24|     ap_ovld|                                              col_sum_6|       pointer|
|col_sum_6_o_ap_vld                                            |  out|    1|     ap_ovld|                                              col_sum_6|       pointer|
|col_sum_7_i                                                   |   in|   24|     ap_ovld|                                              col_sum_7|       pointer|
|col_sum_7_o                                                   |  out|   24|     ap_ovld|                                              col_sum_7|       pointer|
|col_sum_7_o_ap_vld                                            |  out|    1|     ap_ovld|                                              col_sum_7|       pointer|
|col_sum_8_i                                                   |   in|   24|     ap_ovld|                                              col_sum_8|       pointer|
|col_sum_8_o                                                   |  out|   24|     ap_ovld|                                              col_sum_8|       pointer|
|col_sum_8_o_ap_vld                                            |  out|    1|     ap_ovld|                                              col_sum_8|       pointer|
|col_sum_9_i                                                   |   in|   24|     ap_ovld|                                              col_sum_9|       pointer|
|col_sum_9_o                                                   |  out|   24|     ap_ovld|                                              col_sum_9|       pointer|
|col_sum_9_o_ap_vld                                            |  out|    1|     ap_ovld|                                              col_sum_9|       pointer|
|col_sum_10_i                                                  |   in|   24|     ap_ovld|                                             col_sum_10|       pointer|
|col_sum_10_o                                                  |  out|   24|     ap_ovld|                                             col_sum_10|       pointer|
|col_sum_10_o_ap_vld                                           |  out|    1|     ap_ovld|                                             col_sum_10|       pointer|
|col_sum_11_i                                                  |   in|   24|     ap_ovld|                                             col_sum_11|       pointer|
|col_sum_11_o                                                  |  out|   24|     ap_ovld|                                             col_sum_11|       pointer|
|col_sum_11_o_ap_vld                                           |  out|    1|     ap_ovld|                                             col_sum_11|       pointer|
|col_sum_12_i                                                  |   in|   24|     ap_ovld|                                             col_sum_12|       pointer|
|col_sum_12_o                                                  |  out|   24|     ap_ovld|                                             col_sum_12|       pointer|
|col_sum_12_o_ap_vld                                           |  out|    1|     ap_ovld|                                             col_sum_12|       pointer|
|col_sum_13_i                                                  |   in|   24|     ap_ovld|                                             col_sum_13|       pointer|
|col_sum_13_o                                                  |  out|   24|     ap_ovld|                                             col_sum_13|       pointer|
|col_sum_13_o_ap_vld                                           |  out|    1|     ap_ovld|                                             col_sum_13|       pointer|
|col_sum_14_i                                                  |   in|   24|     ap_ovld|                                             col_sum_14|       pointer|
|col_sum_14_o                                                  |  out|   24|     ap_ovld|                                             col_sum_14|       pointer|
|col_sum_14_o_ap_vld                                           |  out|    1|     ap_ovld|                                             col_sum_14|       pointer|
|col_sum_15_i                                                  |   in|   24|     ap_ovld|                                             col_sum_15|       pointer|
|col_sum_15_o                                                  |  out|   24|     ap_ovld|                                             col_sum_15|       pointer|
|col_sum_15_o_ap_vld                                           |  out|    1|     ap_ovld|                                             col_sum_15|       pointer|
|col_sum_16_i                                                  |   in|   24|     ap_ovld|                                             col_sum_16|       pointer|
|col_sum_16_o                                                  |  out|   24|     ap_ovld|                                             col_sum_16|       pointer|
|col_sum_16_o_ap_vld                                           |  out|    1|     ap_ovld|                                             col_sum_16|       pointer|
|col_sum_17_i                                                  |   in|   24|     ap_ovld|                                             col_sum_17|       pointer|
|col_sum_17_o                                                  |  out|   24|     ap_ovld|                                             col_sum_17|       pointer|
|col_sum_17_o_ap_vld                                           |  out|    1|     ap_ovld|                                             col_sum_17|       pointer|
|col_sum_18_i                                                  |   in|   24|     ap_ovld|                                             col_sum_18|       pointer|
|col_sum_18_o                                                  |  out|   24|     ap_ovld|                                             col_sum_18|       pointer|
|col_sum_18_o_ap_vld                                           |  out|    1|     ap_ovld|                                             col_sum_18|       pointer|
|col_sum_19_i                                                  |   in|   24|     ap_ovld|                                             col_sum_19|       pointer|
|col_sum_19_o                                                  |  out|   24|     ap_ovld|                                             col_sum_19|       pointer|
|col_sum_19_o_ap_vld                                           |  out|    1|     ap_ovld|                                             col_sum_19|       pointer|
|col_sum_20_i                                                  |   in|   24|     ap_ovld|                                             col_sum_20|       pointer|
|col_sum_20_o                                                  |  out|   24|     ap_ovld|                                             col_sum_20|       pointer|
|col_sum_20_o_ap_vld                                           |  out|    1|     ap_ovld|                                             col_sum_20|       pointer|
|col_sum_21_i                                                  |   in|   24|     ap_ovld|                                             col_sum_21|       pointer|
|col_sum_21_o                                                  |  out|   24|     ap_ovld|                                             col_sum_21|       pointer|
|col_sum_21_o_ap_vld                                           |  out|    1|     ap_ovld|                                             col_sum_21|       pointer|
|col_sum_22_i                                                  |   in|   24|     ap_ovld|                                             col_sum_22|       pointer|
|col_sum_22_o                                                  |  out|   24|     ap_ovld|                                             col_sum_22|       pointer|
|col_sum_22_o_ap_vld                                           |  out|    1|     ap_ovld|                                             col_sum_22|       pointer|
|col_sum_23_i                                                  |   in|   24|     ap_ovld|                                             col_sum_23|       pointer|
|col_sum_23_o                                                  |  out|   24|     ap_ovld|                                             col_sum_23|       pointer|
|col_sum_23_o_ap_vld                                           |  out|    1|     ap_ovld|                                             col_sum_23|       pointer|
|col_sum_24_i                                                  |   in|   24|     ap_ovld|                                             col_sum_24|       pointer|
|col_sum_24_o                                                  |  out|   24|     ap_ovld|                                             col_sum_24|       pointer|
|col_sum_24_o_ap_vld                                           |  out|    1|     ap_ovld|                                             col_sum_24|       pointer|
|col_sum_25_i                                                  |   in|   24|     ap_ovld|                                             col_sum_25|       pointer|
|col_sum_25_o                                                  |  out|   24|     ap_ovld|                                             col_sum_25|       pointer|
|col_sum_25_o_ap_vld                                           |  out|    1|     ap_ovld|                                             col_sum_25|       pointer|
|col_sum_26_i                                                  |   in|   24|     ap_ovld|                                             col_sum_26|       pointer|
|col_sum_26_o                                                  |  out|   24|     ap_ovld|                                             col_sum_26|       pointer|
|col_sum_26_o_ap_vld                                           |  out|    1|     ap_ovld|                                             col_sum_26|       pointer|
|col_sum_27_i                                                  |   in|   24|     ap_ovld|                                             col_sum_27|       pointer|
|col_sum_27_o                                                  |  out|   24|     ap_ovld|                                             col_sum_27|       pointer|
|col_sum_27_o_ap_vld                                           |  out|    1|     ap_ovld|                                             col_sum_27|       pointer|
|col_sum_28_i                                                  |   in|   24|     ap_ovld|                                             col_sum_28|       pointer|
|col_sum_28_o                                                  |  out|   24|     ap_ovld|                                             col_sum_28|       pointer|
|col_sum_28_o_ap_vld                                           |  out|    1|     ap_ovld|                                             col_sum_28|       pointer|
|col_sum_29_i                                                  |   in|   24|     ap_ovld|                                             col_sum_29|       pointer|
|col_sum_29_o                                                  |  out|   24|     ap_ovld|                                             col_sum_29|       pointer|
|col_sum_29_o_ap_vld                                           |  out|    1|     ap_ovld|                                             col_sum_29|       pointer|
|col_sum_30_i                                                  |   in|   24|     ap_ovld|                                             col_sum_30|       pointer|
|col_sum_30_o                                                  |  out|   24|     ap_ovld|                                             col_sum_30|       pointer|
|col_sum_30_o_ap_vld                                           |  out|    1|     ap_ovld|                                             col_sum_30|       pointer|
|col_sum_31_i                                                  |   in|   24|     ap_ovld|                                             col_sum_31|       pointer|
|col_sum_31_o                                                  |  out|   24|     ap_ovld|                                             col_sum_31|       pointer|
|col_sum_31_o_ap_vld                                           |  out|    1|     ap_ovld|                                             col_sum_31|       pointer|
|col_sum_32_i                                                  |   in|   24|     ap_ovld|                                             col_sum_32|       pointer|
|col_sum_32_o                                                  |  out|   24|     ap_ovld|                                             col_sum_32|       pointer|
|col_sum_32_o_ap_vld                                           |  out|    1|     ap_ovld|                                             col_sum_32|       pointer|
|col_sum_33_i                                                  |   in|   24|     ap_ovld|                                             col_sum_33|       pointer|
|col_sum_33_o                                                  |  out|   24|     ap_ovld|                                             col_sum_33|       pointer|
|col_sum_33_o_ap_vld                                           |  out|    1|     ap_ovld|                                             col_sum_33|       pointer|
|col_sum_34_i                                                  |   in|   24|     ap_ovld|                                             col_sum_34|       pointer|
|col_sum_34_o                                                  |  out|   24|     ap_ovld|                                             col_sum_34|       pointer|
|col_sum_34_o_ap_vld                                           |  out|    1|     ap_ovld|                                             col_sum_34|       pointer|
|col_sum_35_i                                                  |   in|   24|     ap_ovld|                                             col_sum_35|       pointer|
|col_sum_35_o                                                  |  out|   24|     ap_ovld|                                             col_sum_35|       pointer|
|col_sum_35_o_ap_vld                                           |  out|    1|     ap_ovld|                                             col_sum_35|       pointer|
|col_sum_36_i                                                  |   in|   24|     ap_ovld|                                             col_sum_36|       pointer|
|col_sum_36_o                                                  |  out|   24|     ap_ovld|                                             col_sum_36|       pointer|
|col_sum_36_o_ap_vld                                           |  out|    1|     ap_ovld|                                             col_sum_36|       pointer|
|col_sum_37_i                                                  |   in|   24|     ap_ovld|                                             col_sum_37|       pointer|
|col_sum_37_o                                                  |  out|   24|     ap_ovld|                                             col_sum_37|       pointer|
|col_sum_37_o_ap_vld                                           |  out|    1|     ap_ovld|                                             col_sum_37|       pointer|
|col_sum_38_i                                                  |   in|   24|     ap_ovld|                                             col_sum_38|       pointer|
|col_sum_38_o                                                  |  out|   24|     ap_ovld|                                             col_sum_38|       pointer|
|col_sum_38_o_ap_vld                                           |  out|    1|     ap_ovld|                                             col_sum_38|       pointer|
|col_sum_39_i                                                  |   in|   24|     ap_ovld|                                             col_sum_39|       pointer|
|col_sum_39_o                                                  |  out|   24|     ap_ovld|                                             col_sum_39|       pointer|
|col_sum_39_o_ap_vld                                           |  out|    1|     ap_ovld|                                             col_sum_39|       pointer|
|col_sum_40_i                                                  |   in|   24|     ap_ovld|                                             col_sum_40|       pointer|
|col_sum_40_o                                                  |  out|   24|     ap_ovld|                                             col_sum_40|       pointer|
|col_sum_40_o_ap_vld                                           |  out|    1|     ap_ovld|                                             col_sum_40|       pointer|
|col_sum_41_i                                                  |   in|   24|     ap_ovld|                                             col_sum_41|       pointer|
|col_sum_41_o                                                  |  out|   24|     ap_ovld|                                             col_sum_41|       pointer|
|col_sum_41_o_ap_vld                                           |  out|    1|     ap_ovld|                                             col_sum_41|       pointer|
|col_sum_42_i                                                  |   in|   24|     ap_ovld|                                             col_sum_42|       pointer|
|col_sum_42_o                                                  |  out|   24|     ap_ovld|                                             col_sum_42|       pointer|
|col_sum_42_o_ap_vld                                           |  out|    1|     ap_ovld|                                             col_sum_42|       pointer|
|col_sum_43_i                                                  |   in|   24|     ap_ovld|                                             col_sum_43|       pointer|
|col_sum_43_o                                                  |  out|   24|     ap_ovld|                                             col_sum_43|       pointer|
|col_sum_43_o_ap_vld                                           |  out|    1|     ap_ovld|                                             col_sum_43|       pointer|
|col_sum_44_i                                                  |   in|   24|     ap_ovld|                                             col_sum_44|       pointer|
|col_sum_44_o                                                  |  out|   24|     ap_ovld|                                             col_sum_44|       pointer|
|col_sum_44_o_ap_vld                                           |  out|    1|     ap_ovld|                                             col_sum_44|       pointer|
|col_sum_45_i                                                  |   in|   24|     ap_ovld|                                             col_sum_45|       pointer|
|col_sum_45_o                                                  |  out|   24|     ap_ovld|                                             col_sum_45|       pointer|
|col_sum_45_o_ap_vld                                           |  out|    1|     ap_ovld|                                             col_sum_45|       pointer|
|col_sum_46_i                                                  |   in|   24|     ap_ovld|                                             col_sum_46|       pointer|
|col_sum_46_o                                                  |  out|   24|     ap_ovld|                                             col_sum_46|       pointer|
|col_sum_46_o_ap_vld                                           |  out|    1|     ap_ovld|                                             col_sum_46|       pointer|
|col_sum_47_i                                                  |   in|   24|     ap_ovld|                                             col_sum_47|       pointer|
|col_sum_47_o                                                  |  out|   24|     ap_ovld|                                             col_sum_47|       pointer|
|col_sum_47_o_ap_vld                                           |  out|    1|     ap_ovld|                                             col_sum_47|       pointer|
|col_sum_48_i                                                  |   in|   24|     ap_ovld|                                             col_sum_48|       pointer|
|col_sum_48_o                                                  |  out|   24|     ap_ovld|                                             col_sum_48|       pointer|
|col_sum_48_o_ap_vld                                           |  out|    1|     ap_ovld|                                             col_sum_48|       pointer|
|col_sum_49_i                                                  |   in|   24|     ap_ovld|                                             col_sum_49|       pointer|
|col_sum_49_o                                                  |  out|   24|     ap_ovld|                                             col_sum_49|       pointer|
|col_sum_49_o_ap_vld                                           |  out|    1|     ap_ovld|                                             col_sum_49|       pointer|
|col_sum_50_i                                                  |   in|   24|     ap_ovld|                                             col_sum_50|       pointer|
|col_sum_50_o                                                  |  out|   24|     ap_ovld|                                             col_sum_50|       pointer|
|col_sum_50_o_ap_vld                                           |  out|    1|     ap_ovld|                                             col_sum_50|       pointer|
|col_sum_51_i                                                  |   in|   24|     ap_ovld|                                             col_sum_51|       pointer|
|col_sum_51_o                                                  |  out|   24|     ap_ovld|                                             col_sum_51|       pointer|
|col_sum_51_o_ap_vld                                           |  out|    1|     ap_ovld|                                             col_sum_51|       pointer|
|col_sum_52_i                                                  |   in|   24|     ap_ovld|                                             col_sum_52|       pointer|
|col_sum_52_o                                                  |  out|   24|     ap_ovld|                                             col_sum_52|       pointer|
|col_sum_52_o_ap_vld                                           |  out|    1|     ap_ovld|                                             col_sum_52|       pointer|
|col_sum_53_i                                                  |   in|   24|     ap_ovld|                                             col_sum_53|       pointer|
|col_sum_53_o                                                  |  out|   24|     ap_ovld|                                             col_sum_53|       pointer|
|col_sum_53_o_ap_vld                                           |  out|    1|     ap_ovld|                                             col_sum_53|       pointer|
|col_sum_54_i                                                  |   in|   24|     ap_ovld|                                             col_sum_54|       pointer|
|col_sum_54_o                                                  |  out|   24|     ap_ovld|                                             col_sum_54|       pointer|
|col_sum_54_o_ap_vld                                           |  out|    1|     ap_ovld|                                             col_sum_54|       pointer|
|col_sum_55_i                                                  |   in|   24|     ap_ovld|                                             col_sum_55|       pointer|
|col_sum_55_o                                                  |  out|   24|     ap_ovld|                                             col_sum_55|       pointer|
|col_sum_55_o_ap_vld                                           |  out|    1|     ap_ovld|                                             col_sum_55|       pointer|
|col_sum_56_i                                                  |   in|   24|     ap_ovld|                                             col_sum_56|       pointer|
|col_sum_56_o                                                  |  out|   24|     ap_ovld|                                             col_sum_56|       pointer|
|col_sum_56_o_ap_vld                                           |  out|    1|     ap_ovld|                                             col_sum_56|       pointer|
|col_sum_57_i                                                  |   in|   24|     ap_ovld|                                             col_sum_57|       pointer|
|col_sum_57_o                                                  |  out|   24|     ap_ovld|                                             col_sum_57|       pointer|
|col_sum_57_o_ap_vld                                           |  out|    1|     ap_ovld|                                             col_sum_57|       pointer|
|col_sum_58_i                                                  |   in|   24|     ap_ovld|                                             col_sum_58|       pointer|
|col_sum_58_o                                                  |  out|   24|     ap_ovld|                                             col_sum_58|       pointer|
|col_sum_58_o_ap_vld                                           |  out|    1|     ap_ovld|                                             col_sum_58|       pointer|
|col_sum_59_i                                                  |   in|   24|     ap_ovld|                                             col_sum_59|       pointer|
|col_sum_59_o                                                  |  out|   24|     ap_ovld|                                             col_sum_59|       pointer|
|col_sum_59_o_ap_vld                                           |  out|    1|     ap_ovld|                                             col_sum_59|       pointer|
|col_sum_60_i                                                  |   in|   24|     ap_ovld|                                             col_sum_60|       pointer|
|col_sum_60_o                                                  |  out|   24|     ap_ovld|                                             col_sum_60|       pointer|
|col_sum_60_o_ap_vld                                           |  out|    1|     ap_ovld|                                             col_sum_60|       pointer|
|col_sum_61_i                                                  |   in|   24|     ap_ovld|                                             col_sum_61|       pointer|
|col_sum_61_o                                                  |  out|   24|     ap_ovld|                                             col_sum_61|       pointer|
|col_sum_61_o_ap_vld                                           |  out|    1|     ap_ovld|                                             col_sum_61|       pointer|
|top_kernel_ap_fixed_64_ap_fixed_24_8_0_0_0_64_tmp_2_address0  |  out|   11|   ap_memory|    top_kernel_ap_fixed_64_ap_fixed_24_8_0_0_0_64_tmp_2|         array|
|top_kernel_ap_fixed_64_ap_fixed_24_8_0_0_0_64_tmp_2_ce0       |  out|    1|   ap_memory|    top_kernel_ap_fixed_64_ap_fixed_24_8_0_0_0_64_tmp_2|         array|
|top_kernel_ap_fixed_64_ap_fixed_24_8_0_0_0_64_tmp_2_q0        |   in|   24|   ap_memory|    top_kernel_ap_fixed_64_ap_fixed_24_8_0_0_0_64_tmp_2|         array|
+--------------------------------------------------------------+-----+-----+------------+-------------------------------------------------------+--------------+

