

================================================================
== Vitis HLS Report for 'top_kernel_Pipeline_VITIS_LOOP_109_12_VITIS_LOOP_110_1336'
================================================================
* Date:           Mon Jan 26 23:11:32 2026

* Version:        2025.1.1 (Build 6214317 on Sep 11 2025)
* Project:        project_1
* Solution:       hls (Vivado IP Flow Target)
* Product family: zynquplus
* Target device:  xczu3eg-sbva484-1-e


================================================================
== Performance Estimates
================================================================
+ Timing: 
    * Summary: 
    +--------+----------+----------+------------+
    |  Clock |  Target  | Estimated| Uncertainty|
    +--------+----------+----------+------------+
    |ap_clk  |  10.00 ns|  7.277 ns|     2.70 ns|
    +--------+----------+----------+------------+

+ Latency: 
    * Summary: 
    +---------+---------+-----------+-----------+------+------+------------------------------------------------+
    |  Latency (cycles) |   Latency (absolute)  |   Interval  |                    Pipeline                    |
    |   min   |   max   |    min    |    max    |  min |  max |                      Type                      |
    +---------+---------+-----------+-----------+------+------+------------------------------------------------+
    |     1027|     1027|  10.270 us|  10.270 us|  1025|  1025|  loop auto-rewind stp (delay=0 clock cycles(s))|
    +---------+---------+-----------+-----------+------+------+------------------------------------------------+

    + Detail: 
        * Instance: 
        N/A

        * Loop: 
        +---------------------------------------+---------+---------+----------+-----------+-----------+------+----------+
        |                                       |  Latency (cycles) | Iteration|  Initiation Interval  | Trip |          |
        |               Loop Name               |   min   |   max   |  Latency |  achieved |   target  | Count| Pipelined|
        +---------------------------------------+---------+---------+----------+-----------+-----------+------+----------+
        |- VITIS_LOOP_109_12_VITIS_LOOP_110_13  |     1025|     1025|         3|          1|          1|  1024|       yes|
        +---------------------------------------+---------+---------+----------+-----------+-----------+------+----------+



================================================================
== Utilization Estimates
================================================================
* Summary: 
+-----------------+---------+-----+--------+-------+-----+
|       Name      | BRAM_18K| DSP |   FF   |  LUT  | URAM|
+-----------------+---------+-----+--------+-------+-----+
|DSP              |        -|    -|       -|      -|    -|
|Expression       |        -|    -|       0|    238|    -|
|FIFO             |        -|    -|       -|      -|    -|
|Instance         |        -|    2|       0|    162|    -|
|Memory           |        -|    -|       -|      -|    -|
|Multiplexer      |        -|    -|       0|     72|    -|
|Register         |        -|    -|     100|      -|    -|
+-----------------+---------+-----+--------+-------+-----+
|Total            |        0|    2|     100|    472|    0|
+-----------------+---------+-----+--------+-------+-----+
|Available        |      432|  360|  141120|  70560|    0|
+-----------------+---------+-----+--------+-------+-----+
|Utilization (%)  |        0|   ~0|      ~0|     ~0|    0|
+-----------------+---------+-----+--------+-------+-----+

+ Detail: 
    * Instance: 
    +-------------------------------+-------------------------+---------+----+---+-----+-----+
    |            Instance           |          Module         | BRAM_18K| DSP| FF| LUT | URAM|
    +-------------------------------+-------------------------+---------+----+---+-----+-----+
    |mul_24s_24s_48_1_1_U5442       |mul_24s_24s_48_1_1       |        0|   2|  0|   39|    0|
    |sparsemux_51_6_24_1_1_x_U5443  |sparsemux_51_6_24_1_1_x  |        0|   0|  0|  123|    0|
    +-------------------------------+-------------------------+---------+----+---+-----+-----+
    |Total                          |                         |        0|   2|  0|  162|    0|
    +-------------------------------+-------------------------+---------+----+---+-----+-----+

    * DSP: 
    N/A

    * Memory: 
    N/A

    * FIFO: 
    N/A

    * Expression: 
    +---------------------------+----------+----+---+----+------------+------------+
    |       Variable Name       | Operation| DSP| FF| LUT| Bitwidth P0| Bitwidth P1|
    +---------------------------+----------+----+---+----+------------+------------+
    |add_ln109_6_fu_466_p2      |         +|   0|  0|  16|           9|           1|
    |add_ln109_fu_450_p2        |         +|   0|  0|  18|          11|           1|
    |add_ln110_fu_635_p2        |         +|   0|  0|  14|           7|           5|
    |add_ln112_fu_703_p2        |         +|   0|  0|  31|          24|          24|
    |and_ln112_36_fu_723_p2     |       and|   0|  0|   2|           1|           1|
    |and_ln112_37_fu_785_p2     |       and|   0|  0|   2|           1|           1|
    |and_ln112_38_fu_799_p2     |       and|   0|  0|   2|           1|           1|
    |and_ln112_39_fu_823_p2     |       and|   0|  0|   2|           1|           1|
    |and_ln112_40_fu_829_p2     |       and|   0|  0|   2|           1|           1|
    |and_ln112_41_fu_847_p2     |       and|   0|  0|   2|           1|           1|
    |icmp_ln109_fu_444_p2       |      icmp|   0|  0|  19|          11|          12|
    |icmp_ln112_21_fu_745_p2    |      icmp|   0|  0|  14|           7|           2|
    |icmp_ln112_22_fu_759_p2    |      icmp|   0|  0|  15|           8|           2|
    |icmp_ln112_23_fu_765_p2    |      icmp|   0|  0|  15|           8|           1|
    |or_ln112_12_fu_811_p2      |        or|   0|  0|   2|           1|           1|
    |or_ln112_13_fu_861_p2      |        or|   0|  0|   2|           1|           1|
    |or_ln112_fu_835_p2         |        or|   0|  0|   2|           1|           1|
    |select_ln109_fu_492_p3     |    select|   0|  0|   8|           1|           9|
    |select_ln110_fu_480_p3     |    select|   0|  0|   6|           1|           3|
    |select_ln112_24_fu_771_p3  |    select|   0|  0|   2|           1|           1|
    |select_ln112_25_fu_791_p3  |    select|   0|  0|   2|           1|           1|
    |select_ln112_26_fu_853_p3  |    select|   0|  0|  24|           1|          23|
    |select_ln112_27_fu_867_p3  |    select|   0|  0|  24|           1|          24|
    |ap_enable_pp0              |       xor|   0|  0|   2|           1|           2|
    |xor_ln112_30_fu_717_p2     |       xor|   0|  0|   2|           1|           2|
    |xor_ln112_31_fu_779_p2     |       xor|   0|  0|   2|           1|           2|
    |xor_ln112_32_fu_805_p2     |       xor|   0|  0|   2|           1|           2|
    |xor_ln112_33_fu_817_p2     |       xor|   0|  0|   2|           1|           2|
    |xor_ln112_34_fu_841_p2     |       xor|   0|  0|   2|           1|           2|
    +---------------------------+----------+----+---+----+------------+------------+
    |Total                      |          |   0|  0| 238|         106|         130|
    +---------------------------+----------+----+---+----+------------+------------+

    * Multiplexer: 
    +-----------------------------------------+----+-----------+-----+-----------+
    |                   Name                  | LUT| Input Size| Bits| Total Bits|
    +-----------------------------------------+----+-----------+-----+-----------+
    |ap_done_int                              |   9|          2|    1|          2|
    |ap_enable_reg_pp0_iter1                  |   9|          2|    1|          2|
    |ap_sig_allocacmp_i_load                  |   9|          2|    9|         18|
    |ap_sig_allocacmp_indvar_flatten265_load  |   9|          2|   11|         22|
    |ap_sig_allocacmp_j_load                  |   9|          2|    7|         14|
    |i_fu_238                                 |   9|          2|    9|         18|
    |indvar_flatten265_fu_242                 |   9|          2|   11|         22|
    |j_fu_234                                 |   9|          2|    7|         14|
    +-----------------------------------------+----+-----------+-----+-----------+
    |Total                                    |  72|         16|   56|        112|
    +-----------------------------------------+----+-----------+-----+-----------+

    * Register: 
    +----------------------------------+----+----+-----+-----------+
    |               Name               | FF | LUT| Bits| Const Bits|
    +----------------------------------+----+----+-----+-----------+
    |ap_CS_fsm                         |   1|   0|    1|          0|
    |ap_done_reg                       |   1|   0|    1|          0|
    |ap_enable_reg_pp0_iter1           |   1|   0|    1|          0|
    |ap_enable_reg_pp0_iter2           |   1|   0|    1|          0|
    |ap_loop_exit_ready_pp0_iter1_reg  |   1|   0|    1|          0|
    |i_fu_238                          |   9|   0|    9|          0|
    |indvar_flatten265_fu_242          |  11|   0|   11|          0|
    |j_fu_234                          |   7|   0|    7|          0|
    |select_ln112_27_reg_915           |  24|   0|   24|          0|
    |tmp_55_reg_910                    |  24|   0|   24|          0|
    |zext_ln112_reg_900                |  10|   0|   64|         54|
    |zext_ln112_reg_900_pp0_iter1_reg  |  10|   0|   64|         54|
    +----------------------------------+----+----+-----+-----------+
    |Total                             | 100|   0|  208|        108|
    +----------------------------------+----+----+-----+-----------+



================================================================
== Interface
================================================================
* Summary: 
+--------------------------------------------------------------+-----+-----+------------+-----------------------------------------------------------+--------------+
|                           RTL Ports                          | Dir | Bits|  Protocol  |                       Source Object                       |    C Type    |
+--------------------------------------------------------------+-----+-----+------------+-----------------------------------------------------------+--------------+
|ap_clk                                                        |   in|    1|  ap_ctrl_hs|  top_kernel_Pipeline_VITIS_LOOP_109_12_VITIS_LOOP_110_1336|  return value|
|ap_rst                                                        |   in|    1|  ap_ctrl_hs|  top_kernel_Pipeline_VITIS_LOOP_109_12_VITIS_LOOP_110_1336|  return value|
|ap_start                                                      |   in|    1|  ap_ctrl_hs|  top_kernel_Pipeline_VITIS_LOOP_109_12_VITIS_LOOP_110_1336|  return value|
|ap_done                                                       |  out|    1|  ap_ctrl_hs|  top_kernel_Pipeline_VITIS_LOOP_109_12_VITIS_LOOP_110_1336|  return value|
|ap_idle                                                       |  out|    1|  ap_ctrl_hs|  top_kernel_Pipeline_VITIS_LOOP_109_12_VITIS_LOOP_110_1336|  return value|
|ap_ready                                                      |  out|    1|  ap_ctrl_hs|  top_kernel_Pipeline_VITIS_LOOP_109_12_VITIS_LOOP_110_1336|  return value|
|C_6_address0                                                  |  out|   10|   ap_memory|                                                        C_6|         array|
|C_6_ce0                                                       |  out|    1|   ap_memory|                                                        C_6|         array|
|C_6_we0                                                       |  out|    1|   ap_memory|                                                        C_6|         array|
|C_6_d0                                                        |  out|   24|   ap_memory|                                                        C_6|         array|
|scale_6_reload                                                |   in|   24|     ap_none|                                             scale_6_reload|        scalar|
|scale_8_reload                                                |   in|   24|     ap_none|                                             scale_8_reload|        scalar|
|scale_10_reload                                               |   in|   24|     ap_none|                                            scale_10_reload|        scalar|
|scale_12_reload                                               |   in|   24|     ap_none|                                            scale_12_reload|        scalar|
|scale_14_reload                                               |   in|   24|     ap_none|                                            scale_14_reload|        scalar|
|scale_16_reload                                               |   in|   24|     ap_none|                                            scale_16_reload|        scalar|
|scale_18_reload                                               |   in|   24|     ap_none|                                            scale_18_reload|        scalar|
|scale_20_reload                                               |   in|   24|     ap_none|                                            scale_20_reload|        scalar|
|scale_22_reload                                               |   in|   24|     ap_none|                                            scale_22_reload|        scalar|
|scale_24_reload                                               |   in|   24|     ap_none|                                            scale_24_reload|        scalar|
|scale_26_reload                                               |   in|   24|     ap_none|                                            scale_26_reload|        scalar|
|scale_28_reload                                               |   in|   24|     ap_none|                                            scale_28_reload|        scalar|
|scale_30_reload                                               |   in|   24|     ap_none|                                            scale_30_reload|        scalar|
|scale_32_reload                                               |   in|   24|     ap_none|                                            scale_32_reload|        scalar|
|scale_34_reload                                               |   in|   24|     ap_none|                                            scale_34_reload|        scalar|
|scale_36_reload                                               |   in|   24|     ap_none|                                            scale_36_reload|        scalar|
|scale_38_reload                                               |   in|   24|     ap_none|                                            scale_38_reload|        scalar|
|scale_40_reload                                               |   in|   24|     ap_none|                                            scale_40_reload|        scalar|
|scale_42_reload                                               |   in|   24|     ap_none|                                            scale_42_reload|        scalar|
|scale_44_reload                                               |   in|   24|     ap_none|                                            scale_44_reload|        scalar|
|scale_46_reload                                               |   in|   24|     ap_none|                                            scale_46_reload|        scalar|
|scale_48_reload                                               |   in|   24|     ap_none|                                            scale_48_reload|        scalar|
|scale_50_reload                                               |   in|   24|     ap_none|                                            scale_50_reload|        scalar|
|scale_52_reload                                               |   in|   24|     ap_none|                                            scale_52_reload|        scalar|
|scale_54_reload                                               |   in|   24|     ap_none|                                            scale_54_reload|        scalar|
|top_kernel_ap_fixed_64_ap_fixed_24_8_0_0_0_64_tmp_3_address0  |  out|   10|   ap_memory|        top_kernel_ap_fixed_64_ap_fixed_24_8_0_0_0_64_tmp_3|         array|
|top_kernel_ap_fixed_64_ap_fixed_24_8_0_0_0_64_tmp_3_ce0       |  out|    1|   ap_memory|        top_kernel_ap_fixed_64_ap_fixed_24_8_0_0_0_64_tmp_3|         array|
|top_kernel_ap_fixed_64_ap_fixed_24_8_0_0_0_64_tmp_3_q0        |   in|   24|   ap_memory|        top_kernel_ap_fixed_64_ap_fixed_24_8_0_0_0_64_tmp_3|         array|
+--------------------------------------------------------------+-----+-----+------------+-----------------------------------------------------------+--------------+

