

================================================================
== Vitis HLS Report for 'top_kernel_Pipeline_VITIS_LOOP_78_6'
================================================================
* Date:           Thu Jan 29 16:02:57 2026

* Version:        2025.1.1 (Build 6214317 on Sep 11 2025)
* Project:        project_1
* Solution:       hls (Vivado IP Flow Target)
* Product family: zynquplus
* Target device:  xczu3eg-sbva484-1-e


================================================================
== Performance Estimates
================================================================
+ Timing: 
    * Summary: 
    +--------+----------+----------+------------+
    |  Clock |  Target  | Estimated| Uncertainty|
    +--------+----------+----------+------------+
    |ap_clk  |  10.00 ns|  5.590 ns|     2.70 ns|
    +--------+----------+----------+------------+

+ Latency: 
    * Summary: 
    +---------+---------+----------+----------+-----+-----+------------------------------------------------+
    |  Latency (cycles) |  Latency (absolute) |  Interval |                    Pipeline                    |
    |   min   |   max   |    min   |    max   | min | max |                      Type                      |
    +---------+---------+----------+----------+-----+-----+------------------------------------------------+
    |       10|       10|  0.100 us|  0.100 us|    9|    9|  loop auto-rewind stp (delay=0 clock cycles(s))|
    +---------+---------+----------+----------+-----+-----+------------------------------------------------+

    + Detail: 
        * Instance: 
        N/A

        * Loop: 
        +-------------------+---------+---------+----------+-----------+-----------+------+----------+
        |                   |  Latency (cycles) | Iteration|  Initiation Interval  | Trip |          |
        |     Loop Name     |   min   |   max   |  Latency |  achieved |   target  | Count| Pipelined|
        +-------------------+---------+---------+----------+-----------+-----------+------+----------+
        |- VITIS_LOOP_78_6  |        8|        8|         2|          1|          1|     8|       yes|
        +-------------------+---------+---------+----------+-----------+-----------+------+----------+



================================================================
== Utilization Estimates
================================================================
* Summary: 
+-----------------+---------+-----+--------+-------+-----+
|       Name      | BRAM_18K| DSP |   FF   |  LUT  | URAM|
+-----------------+---------+-----+--------+-------+-----+
|DSP              |        -|    -|       -|      -|    -|
|Expression       |        -|    -|       0|   1696|    -|
|FIFO             |        -|    -|       -|      -|    -|
|Instance         |        -|   40|       0|    520|    -|
|Memory           |        -|    -|       -|      -|    -|
|Multiplexer      |        -|    -|       0|     36|    -|
|Register         |        -|    -|    2352|      -|    -|
+-----------------+---------+-----+--------+-------+-----+
|Total            |        0|   40|    2352|   2252|    0|
+-----------------+---------+-----+--------+-------+-----+
|Available        |      432|  360|  141120|  70560|    0|
+-----------------+---------+-----+--------+-------+-----+
|Utilization (%)  |        0|   11|       1|      3|    0|
+-----------------+---------+-----+--------+-------+-----+

+ Detail: 
    * Instance: 
    +----------------------------+-----------------------+---------+----+---+----+-----+
    |          Instance          |         Module        | BRAM_18K| DSP| FF| LUT| URAM|
    +----------------------------+-----------------------+---------+----+---+----+-----+
    |mul_40s_42ns_81_1_1_U110    |mul_40s_42ns_81_1_1    |        0|   5|  0|  22|    0|
    |mul_40s_42ns_81_1_1_U111    |mul_40s_42ns_81_1_1    |        0|   5|  0|  22|    0|
    |mul_40s_42ns_81_1_1_U112    |mul_40s_42ns_81_1_1    |        0|   5|  0|  22|    0|
    |mul_40s_42ns_81_1_1_U113    |mul_40s_42ns_81_1_1    |        0|   5|  0|  22|    0|
    |mul_40s_42ns_81_1_1_U114    |mul_40s_42ns_81_1_1    |        0|   5|  0|  22|    0|
    |mul_40s_42ns_81_1_1_U115    |mul_40s_42ns_81_1_1    |        0|   5|  0|  22|    0|
    |mul_40s_42ns_81_1_1_U116    |mul_40s_42ns_81_1_1    |        0|   5|  0|  22|    0|
    |mul_40s_42ns_81_1_1_U117    |mul_40s_42ns_81_1_1    |        0|   5|  0|  22|    0|
    |sparsemux_17_6_24_1_1_U118  |sparsemux_17_6_24_1_1  |        0|   0|  0|  43|    0|
    |sparsemux_17_6_24_1_1_U119  |sparsemux_17_6_24_1_1  |        0|   0|  0|  43|    0|
    |sparsemux_17_6_24_1_1_U120  |sparsemux_17_6_24_1_1  |        0|   0|  0|  43|    0|
    |sparsemux_17_6_24_1_1_U121  |sparsemux_17_6_24_1_1  |        0|   0|  0|  43|    0|
    |sparsemux_17_6_24_1_1_U122  |sparsemux_17_6_24_1_1  |        0|   0|  0|  43|    0|
    |sparsemux_17_6_24_1_1_U123  |sparsemux_17_6_24_1_1  |        0|   0|  0|  43|    0|
    |sparsemux_17_6_24_1_1_U124  |sparsemux_17_6_24_1_1  |        0|   0|  0|  43|    0|
    |sparsemux_17_6_24_1_1_U125  |sparsemux_17_6_24_1_1  |        0|   0|  0|  43|    0|
    +----------------------------+-----------------------+---------+----+---+----+-----+
    |Total                       |                       |        0|  40|  0| 520|    0|
    +----------------------------+-----------------------+---------+----+---+----+-----+

    * DSP: 
    N/A

    * Memory: 
    N/A

    * FIFO: 
    N/A

    * Expression: 
    +---------------------------+----------+----+---+----+------------+------------+
    |       Variable Name       | Operation| DSP| FF| LUT| Bitwidth P0| Bitwidth P1|
    +---------------------------+----------+----+---+----+------------+------------+
    |add_ln78_fu_2080_p2        |         +|   0|  0|  14|           7|           4|
    |sub_ln82_10_fu_2776_p2     |         -|   0|  0|  88|           1|          81|
    |sub_ln82_11_fu_2811_p2     |         -|   0|  0|  25|           1|          18|
    |sub_ln82_12_fu_2913_p2     |         -|   0|  0|  88|           1|          81|
    |sub_ln82_13_fu_2948_p2     |         -|   0|  0|  25|           1|          18|
    |sub_ln82_14_fu_3050_p2     |         -|   0|  0|  88|           1|          81|
    |sub_ln82_15_fu_3085_p2     |         -|   0|  0|  25|           1|          18|
    |sub_ln82_1_fu_2126_p2      |         -|   0|  0|  25|           1|          18|
    |sub_ln82_2_fu_2228_p2      |         -|   0|  0|  88|           1|          81|
    |sub_ln82_3_fu_2263_p2      |         -|   0|  0|  25|           1|          18|
    |sub_ln82_4_fu_2365_p2      |         -|   0|  0|  88|           1|          81|
    |sub_ln82_5_fu_2400_p2      |         -|   0|  0|  25|           1|          18|
    |sub_ln82_6_fu_2502_p2      |         -|   0|  0|  88|           1|          81|
    |sub_ln82_7_fu_2537_p2      |         -|   0|  0|  25|           1|          18|
    |sub_ln82_8_fu_2639_p2      |         -|   0|  0|  88|           1|          81|
    |sub_ln82_9_fu_2674_p2      |         -|   0|  0|  25|           1|          18|
    |sub_ln82_fu_2091_p2        |         -|   0|  0|  88|           1|          81|
    |and_ln82_10_fu_2867_p2     |       and|   0|  0|   2|           1|           1|
    |and_ln82_11_fu_2885_p2     |       and|   0|  0|   2|           1|           1|
    |and_ln82_12_fu_3004_p2     |       and|   0|  0|   2|           1|           1|
    |and_ln82_13_fu_3022_p2     |       and|   0|  0|   2|           1|           1|
    |and_ln82_14_fu_3141_p2     |       and|   0|  0|   2|           1|           1|
    |and_ln82_15_fu_3159_p2     |       and|   0|  0|   2|           1|           1|
    |and_ln82_16_fu_2188_p2     |       and|   0|  0|   2|           1|           1|
    |and_ln82_17_fu_2325_p2     |       and|   0|  0|   2|           1|           1|
    |and_ln82_18_fu_2462_p2     |       and|   0|  0|   2|           1|           1|
    |and_ln82_19_fu_2599_p2     |       and|   0|  0|   2|           1|           1|
    |and_ln82_1_fu_2200_p2      |       and|   0|  0|   2|           1|           1|
    |and_ln82_20_fu_2736_p2     |       and|   0|  0|   2|           1|           1|
    |and_ln82_21_fu_2873_p2     |       and|   0|  0|   2|           1|           1|
    |and_ln82_22_fu_3010_p2     |       and|   0|  0|   2|           1|           1|
    |and_ln82_23_fu_3147_p2     |       and|   0|  0|   2|           1|           1|
    |and_ln82_2_fu_2319_p2      |       and|   0|  0|   2|           1|           1|
    |and_ln82_3_fu_2337_p2      |       and|   0|  0|   2|           1|           1|
    |and_ln82_4_fu_2456_p2      |       and|   0|  0|   2|           1|           1|
    |and_ln82_5_fu_2474_p2      |       and|   0|  0|   2|           1|           1|
    |and_ln82_6_fu_2593_p2      |       and|   0|  0|   2|           1|           1|
    |and_ln82_7_fu_2611_p2      |       and|   0|  0|   2|           1|           1|
    |and_ln82_8_fu_2730_p2      |       and|   0|  0|   2|           1|           1|
    |and_ln82_9_fu_2748_p2      |       and|   0|  0|   2|           1|           1|
    |and_ln82_fu_2182_p2        |       and|   0|  0|   2|           1|           1|
    |or_ln82_10_fu_2855_p2      |        or|   0|  0|   2|           1|           1|
    |or_ln82_11_fu_2899_p2      |        or|   0|  0|   2|           1|           1|
    |or_ln82_12_fu_2992_p2      |        or|   0|  0|   2|           1|           1|
    |or_ln82_13_fu_3036_p2      |        or|   0|  0|   2|           1|           1|
    |or_ln82_14_fu_3129_p2      |        or|   0|  0|   2|           1|           1|
    |or_ln82_15_fu_3173_p2      |        or|   0|  0|   2|           1|           1|
    |or_ln82_1_fu_2214_p2       |        or|   0|  0|   2|           1|           1|
    |or_ln82_2_fu_2307_p2       |        or|   0|  0|   2|           1|           1|
    |or_ln82_3_fu_2351_p2       |        or|   0|  0|   2|           1|           1|
    |or_ln82_4_fu_2444_p2       |        or|   0|  0|   2|           1|           1|
    |or_ln82_5_fu_2488_p2       |        or|   0|  0|   2|           1|           1|
    |or_ln82_6_fu_2581_p2       |        or|   0|  0|   2|           1|           1|
    |or_ln82_7_fu_2625_p2       |        or|   0|  0|   2|           1|           1|
    |or_ln82_8_fu_2718_p2       |        or|   0|  0|   2|           1|           1|
    |or_ln82_9_fu_2762_p2       |        or|   0|  0|   2|           1|           1|
    |or_ln82_fu_2170_p2         |        or|   0|  0|   2|           1|           1|
    |scale_64_fu_2220_p3        |    select|   0|  0|  24|           1|          24|
    |scale_65_fu_2357_p3        |    select|   0|  0|  24|           1|          24|
    |scale_66_fu_2494_p3        |    select|   0|  0|  24|           1|          24|
    |scale_67_fu_2631_p3        |    select|   0|  0|  24|           1|          24|
    |scale_68_fu_2768_p3        |    select|   0|  0|  24|           1|          24|
    |scale_69_fu_2905_p3        |    select|   0|  0|  24|           1|          24|
    |scale_70_fu_3042_p3        |    select|   0|  0|  24|           1|          24|
    |scale_71_fu_3179_p3        |    select|   0|  0|  24|           1|          24|
    |select_ln82_10_fu_2891_p3  |    select|   0|  0|  24|           1|          23|
    |select_ln82_12_fu_3028_p3  |    select|   0|  0|  24|           1|          23|
    |select_ln82_13_fu_2389_p3  |    select|   0|  0|  17|           1|          17|
    |select_ln82_14_fu_3165_p3  |    select|   0|  0|  24|           1|          23|
    |select_ln82_15_fu_2406_p3  |    select|   0|  0|  18|           1|          18|
    |select_ln82_17_fu_2526_p3  |    select|   0|  0|  17|           1|          17|
    |select_ln82_18_fu_2543_p3  |    select|   0|  0|  18|           1|          18|
    |select_ln82_1_fu_2115_p3   |    select|   0|  0|  17|           1|          17|
    |select_ln82_20_fu_2663_p3  |    select|   0|  0|  17|           1|          17|
    |select_ln82_21_fu_2680_p3  |    select|   0|  0|  18|           1|          18|
    |select_ln82_23_fu_2800_p3  |    select|   0|  0|  17|           1|          17|
    |select_ln82_24_fu_2817_p3  |    select|   0|  0|  18|           1|          18|
    |select_ln82_26_fu_2937_p3  |    select|   0|  0|  17|           1|          17|
    |select_ln82_27_fu_2954_p3  |    select|   0|  0|  18|           1|          18|
    |select_ln82_29_fu_3074_p3  |    select|   0|  0|  17|           1|          17|
    |select_ln82_2_fu_2343_p3   |    select|   0|  0|  24|           1|          23|
    |select_ln82_30_fu_3091_p3  |    select|   0|  0|  18|           1|          18|
    |select_ln82_3_fu_2132_p3   |    select|   0|  0|  18|           1|          18|
    |select_ln82_4_fu_2480_p3   |    select|   0|  0|  24|           1|          23|
    |select_ln82_6_fu_2617_p3   |    select|   0|  0|  24|           1|          23|
    |select_ln82_7_fu_2252_p3   |    select|   0|  0|  17|           1|          17|
    |select_ln82_8_fu_2754_p3   |    select|   0|  0|  24|           1|          23|
    |select_ln82_9_fu_2269_p3   |    select|   0|  0|  18|           1|          18|
    |select_ln82_fu_2206_p3     |    select|   0|  0|  24|           1|          23|
    |ap_enable_pp0              |       xor|   0|  0|   2|           1|           2|
    |xor_ln82_10_fu_2861_p2     |       xor|   0|  0|   2|           1|           2|
    |xor_ln82_11_fu_2879_p2     |       xor|   0|  0|   2|           2|           1|
    |xor_ln82_12_fu_2998_p2     |       xor|   0|  0|   2|           1|           2|
    |xor_ln82_13_fu_3016_p2     |       xor|   0|  0|   2|           2|           1|
    |xor_ln82_14_fu_3135_p2     |       xor|   0|  0|   2|           1|           2|
    |xor_ln82_15_fu_3153_p2     |       xor|   0|  0|   2|           2|           1|
    |xor_ln82_1_fu_2194_p2      |       xor|   0|  0|   2|           2|           1|
    |xor_ln82_2_fu_2313_p2      |       xor|   0|  0|   2|           1|           2|
    |xor_ln82_3_fu_2331_p2      |       xor|   0|  0|   2|           2|           1|
    |xor_ln82_4_fu_2450_p2      |       xor|   0|  0|   2|           1|           2|
    |xor_ln82_5_fu_2468_p2      |       xor|   0|  0|   2|           2|           1|
    |xor_ln82_6_fu_2587_p2      |       xor|   0|  0|   2|           1|           2|
    |xor_ln82_7_fu_2605_p2      |       xor|   0|  0|   2|           2|           1|
    |xor_ln82_8_fu_2724_p2      |       xor|   0|  0|   2|           1|           2|
    |xor_ln82_9_fu_2742_p2      |       xor|   0|  0|   2|           2|           1|
    |xor_ln82_fu_2176_p2        |       xor|   0|  0|   2|           1|           2|
    +---------------------------+----------+----+---+----+------------+------------+
    |Total                      |          |   0|  0|1696|         120|        1518|
    +---------------------------+----------+----+---+----+------------+------------+

    * Multiplexer: 
    +-------------------------+----+-----------+-----+-----------+
    |           Name          | LUT| Input Size| Bits| Total Bits|
    +-------------------------+----+-----------+-----+-----------+
    |ap_done_int              |   9|          2|    1|          2|
    |ap_enable_reg_pp0_iter1  |   9|          2|    1|          2|
    |ap_sig_allocacmp_jb_1    |   9|          2|    7|         14|
    |jb_fu_342                |   9|          2|    7|         14|
    +-------------------------+----+-----------+-----+-----------+
    |Total                    |  36|          8|   16|         32|
    +-------------------------+----+-----------+-----+-----------+

    * Register: 
    +-------------------------+----+----+-----+-----------+
    |           Name          | FF | LUT| Bits| Const Bits|
    +-------------------------+----+----+-----+-----------+
    |ap_CS_fsm                |   1|   0|    1|          0|
    |ap_done_reg              |   1|   0|    1|          0|
    |ap_enable_reg_pp0_iter1  |   1|   0|    1|          0|
    |jb_fu_342                |   7|   0|    7|          0|
    |mul_ln82_1_reg_4178      |  81|   0|   81|          0|
    |mul_ln82_2_reg_4195      |  81|   0|   81|          0|
    |mul_ln82_3_reg_4212      |  81|   0|   81|          0|
    |mul_ln82_4_reg_4229      |  81|   0|   81|          0|
    |mul_ln82_5_reg_4246      |  81|   0|   81|          0|
    |mul_ln82_6_reg_4263      |  81|   0|   81|          0|
    |mul_ln82_7_reg_4280      |  81|   0|   81|          0|
    |mul_ln82_reg_4161        |  81|   0|   81|          0|
    |scale_10_fu_386          |  24|   0|   24|          0|
    |scale_11_fu_390          |  24|   0|   24|          0|
    |scale_12_fu_394          |  24|   0|   24|          0|
    |scale_13_fu_398          |  24|   0|   24|          0|
    |scale_14_fu_402          |  24|   0|   24|          0|
    |scale_15_fu_406          |  24|   0|   24|          0|
    |scale_16_fu_410          |  24|   0|   24|          0|
    |scale_17_fu_414          |  24|   0|   24|          0|
    |scale_18_fu_418          |  24|   0|   24|          0|
    |scale_19_fu_422          |  24|   0|   24|          0|
    |scale_1_fu_350           |  24|   0|   24|          0|
    |scale_20_fu_426          |  24|   0|   24|          0|
    |scale_21_fu_430          |  24|   0|   24|          0|
    |scale_22_fu_434          |  24|   0|   24|          0|
    |scale_23_fu_438          |  24|   0|   24|          0|
    |scale_24_fu_442          |  24|   0|   24|          0|
    |scale_25_fu_446          |  24|   0|   24|          0|
    |scale_26_fu_450          |  24|   0|   24|          0|
    |scale_27_fu_454          |  24|   0|   24|          0|
    |scale_28_fu_458          |  24|   0|   24|          0|
    |scale_29_fu_462          |  24|   0|   24|          0|
    |scale_2_fu_354           |  24|   0|   24|          0|
    |scale_30_fu_466          |  24|   0|   24|          0|
    |scale_31_fu_470          |  24|   0|   24|          0|
    |scale_32_fu_474          |  24|   0|   24|          0|
    |scale_33_fu_478          |  24|   0|   24|          0|
    |scale_34_fu_482          |  24|   0|   24|          0|
    |scale_35_fu_486          |  24|   0|   24|          0|
    |scale_36_fu_490          |  24|   0|   24|          0|
    |scale_37_fu_494          |  24|   0|   24|          0|
    |scale_38_fu_498          |  24|   0|   24|          0|
    |scale_39_fu_502          |  24|   0|   24|          0|
    |scale_3_fu_358           |  24|   0|   24|          0|
    |scale_40_fu_506          |  24|   0|   24|          0|
    |scale_41_fu_510          |  24|   0|   24|          0|
    |scale_42_fu_514          |  24|   0|   24|          0|
    |scale_43_fu_518          |  24|   0|   24|          0|
    |scale_44_fu_522          |  24|   0|   24|          0|
    |scale_45_fu_526          |  24|   0|   24|          0|
    |scale_46_fu_530          |  24|   0|   24|          0|
    |scale_47_fu_534          |  24|   0|   24|          0|
    |scale_48_fu_538          |  24|   0|   24|          0|
    |scale_49_fu_542          |  24|   0|   24|          0|
    |scale_4_fu_362           |  24|   0|   24|          0|
    |scale_50_fu_546          |  24|   0|   24|          0|
    |scale_51_fu_550          |  24|   0|   24|          0|
    |scale_52_fu_554          |  24|   0|   24|          0|
    |scale_53_fu_558          |  24|   0|   24|          0|
    |scale_54_fu_562          |  24|   0|   24|          0|
    |scale_55_fu_566          |  24|   0|   24|          0|
    |scale_56_fu_570          |  24|   0|   24|          0|
    |scale_57_fu_574          |  24|   0|   24|          0|
    |scale_58_fu_578          |  24|   0|   24|          0|
    |scale_59_fu_582          |  24|   0|   24|          0|
    |scale_5_fu_366           |  24|   0|   24|          0|
    |scale_60_fu_586          |  24|   0|   24|          0|
    |scale_61_fu_590          |  24|   0|   24|          0|
    |scale_62_fu_594          |  24|   0|   24|          0|
    |scale_63_fu_598          |  24|   0|   24|          0|
    |scale_6_fu_370           |  24|   0|   24|          0|
    |scale_7_fu_374           |  24|   0|   24|          0|
    |scale_8_fu_378           |  24|   0|   24|          0|
    |scale_9_fu_382           |  24|   0|   24|          0|
    |scale_fu_346             |  24|   0|   24|          0|
    |tmp_105_cast1_reg_4173   |  18|   0|   18|          0|
    |tmp_107_cast2_reg_4190   |  18|   0|   18|          0|
    |tmp_109_cast3_reg_4207   |  18|   0|   18|          0|
    |tmp_111_cast4_reg_4224   |  18|   0|   18|          0|
    |tmp_113_cast5_reg_4241   |  18|   0|   18|          0|
    |tmp_115_cast6_reg_4258   |  18|   0|   18|          0|
    |tmp_117_cast7_reg_4275   |  18|   0|   18|          0|
    |tmp_119_cast8_reg_4292   |  18|   0|   18|          0|
    |tmp_18_reg_4167          |   1|   0|    1|          0|
    |tmp_23_reg_4184          |   1|   0|    1|          0|
    |tmp_28_reg_4201          |   1|   0|    1|          0|
    |tmp_34_reg_4218          |   1|   0|    1|          0|
    |tmp_38_reg_4235          |   1|   0|    1|          0|
    |tmp_42_reg_4252          |   1|   0|    1|          0|
    |tmp_46_reg_4269          |   1|   0|    1|          0|
    |tmp_50_reg_4286          |   1|   0|    1|          0|
    |trunc_ln78_reg_4157      |   6|   0|    6|          0|
    +-------------------------+----+----+-----+-----------+
    |Total                    |2352|   0| 2352|          0|
    +-------------------------+----+----+-----+-----------+



================================================================
== Interface
================================================================
* Summary: 
+------------------------+-----+-----+------------+-------------------------------------+--------------+
|        RTL Ports       | Dir | Bits|  Protocol  |            Source Object            |    C Type    |
+------------------------+-----+-----+------------+-------------------------------------+--------------+
|ap_clk                  |   in|    1|  ap_ctrl_hs|  top_kernel_Pipeline_VITIS_LOOP_78_6|  return value|
|ap_rst                  |   in|    1|  ap_ctrl_hs|  top_kernel_Pipeline_VITIS_LOOP_78_6|  return value|
|ap_start                |   in|    1|  ap_ctrl_hs|  top_kernel_Pipeline_VITIS_LOOP_78_6|  return value|
|ap_done                 |  out|    1|  ap_ctrl_hs|  top_kernel_Pipeline_VITIS_LOOP_78_6|  return value|
|ap_idle                 |  out|    1|  ap_ctrl_hs|  top_kernel_Pipeline_VITIS_LOOP_78_6|  return value|
|ap_ready                |  out|    1|  ap_ctrl_hs|  top_kernel_Pipeline_VITIS_LOOP_78_6|  return value|
|col_sum_load_reload     |   in|   24|     ap_none|                  col_sum_load_reload|        scalar|
|col_sum_8_load_reload   |   in|   24|     ap_none|                col_sum_8_load_reload|        scalar|
|col_sum_16_load_reload  |   in|   24|     ap_none|               col_sum_16_load_reload|        scalar|
|col_sum_24_load_reload  |   in|   24|     ap_none|               col_sum_24_load_reload|        scalar|
|col_sum_32_load_reload  |   in|   24|     ap_none|               col_sum_32_load_reload|        scalar|
|col_sum_40_load_reload  |   in|   24|     ap_none|               col_sum_40_load_reload|        scalar|
|col_sum_48_load_reload  |   in|   24|     ap_none|               col_sum_48_load_reload|        scalar|
|col_sum_56_load_reload  |   in|   24|     ap_none|               col_sum_56_load_reload|        scalar|
|col_sum_1_load_reload   |   in|   24|     ap_none|                col_sum_1_load_reload|        scalar|
|col_sum_9_load_reload   |   in|   24|     ap_none|                col_sum_9_load_reload|        scalar|
|col_sum_17_load_reload  |   in|   24|     ap_none|               col_sum_17_load_reload|        scalar|
|col_sum_25_load_reload  |   in|   24|     ap_none|               col_sum_25_load_reload|        scalar|
|col_sum_33_load_reload  |   in|   24|     ap_none|               col_sum_33_load_reload|        scalar|
|col_sum_41_load_reload  |   in|   24|     ap_none|               col_sum_41_load_reload|        scalar|
|col_sum_49_load_reload  |   in|   24|     ap_none|               col_sum_49_load_reload|        scalar|
|col_sum_57_load_reload  |   in|   24|     ap_none|               col_sum_57_load_reload|        scalar|
|col_sum_2_load_reload   |   in|   24|     ap_none|                col_sum_2_load_reload|        scalar|
|col_sum_10_load_reload  |   in|   24|     ap_none|               col_sum_10_load_reload|        scalar|
|col_sum_18_load_reload  |   in|   24|     ap_none|               col_sum_18_load_reload|        scalar|
|col_sum_26_load_reload  |   in|   24|     ap_none|               col_sum_26_load_reload|        scalar|
|col_sum_34_load_reload  |   in|   24|     ap_none|               col_sum_34_load_reload|        scalar|
|col_sum_42_load_reload  |   in|   24|     ap_none|               col_sum_42_load_reload|        scalar|
|col_sum_50_load_reload  |   in|   24|     ap_none|               col_sum_50_load_reload|        scalar|
|col_sum_58_load_reload  |   in|   24|     ap_none|               col_sum_58_load_reload|        scalar|
|col_sum_3_load_reload   |   in|   24|     ap_none|                col_sum_3_load_reload|        scalar|
|col_sum_11_load_reload  |   in|   24|     ap_none|               col_sum_11_load_reload|        scalar|
|col_sum_19_load_reload  |   in|   24|     ap_none|               col_sum_19_load_reload|        scalar|
|col_sum_27_load_reload  |   in|   24|     ap_none|               col_sum_27_load_reload|        scalar|
|col_sum_35_load_reload  |   in|   24|     ap_none|               col_sum_35_load_reload|        scalar|
|col_sum_43_load_reload  |   in|   24|     ap_none|               col_sum_43_load_reload|        scalar|
|col_sum_51_load_reload  |   in|   24|     ap_none|               col_sum_51_load_reload|        scalar|
|col_sum_59_load_reload  |   in|   24|     ap_none|               col_sum_59_load_reload|        scalar|
|col_sum_4_load_reload   |   in|   24|     ap_none|                col_sum_4_load_reload|        scalar|
|col_sum_12_load_reload  |   in|   24|     ap_none|               col_sum_12_load_reload|        scalar|
|col_sum_20_load_reload  |   in|   24|     ap_none|               col_sum_20_load_reload|        scalar|
|col_sum_28_load_reload  |   in|   24|     ap_none|               col_sum_28_load_reload|        scalar|
|col_sum_36_load_reload  |   in|   24|     ap_none|               col_sum_36_load_reload|        scalar|
|col_sum_44_load_reload  |   in|   24|     ap_none|               col_sum_44_load_reload|        scalar|
|col_sum_52_load_reload  |   in|   24|     ap_none|               col_sum_52_load_reload|        scalar|
|col_sum_60_load_reload  |   in|   24|     ap_none|               col_sum_60_load_reload|        scalar|
|col_sum_5_load_reload   |   in|   24|     ap_none|                col_sum_5_load_reload|        scalar|
|col_sum_13_load_reload  |   in|   24|     ap_none|               col_sum_13_load_reload|        scalar|
|col_sum_21_load_reload  |   in|   24|     ap_none|               col_sum_21_load_reload|        scalar|
|col_sum_29_load_reload  |   in|   24|     ap_none|               col_sum_29_load_reload|        scalar|
|col_sum_37_load_reload  |   in|   24|     ap_none|               col_sum_37_load_reload|        scalar|
|col_sum_45_load_reload  |   in|   24|     ap_none|               col_sum_45_load_reload|        scalar|
|col_sum_53_load_reload  |   in|   24|     ap_none|               col_sum_53_load_reload|        scalar|
|col_sum_61_load_reload  |   in|   24|     ap_none|               col_sum_61_load_reload|        scalar|
|col_sum_6_load_reload   |   in|   24|     ap_none|                col_sum_6_load_reload|        scalar|
|col_sum_14_load_reload  |   in|   24|     ap_none|               col_sum_14_load_reload|        scalar|
|col_sum_22_load_reload  |   in|   24|     ap_none|               col_sum_22_load_reload|        scalar|
|col_sum_30_load_reload  |   in|   24|     ap_none|               col_sum_30_load_reload|        scalar|
|col_sum_38_load_reload  |   in|   24|     ap_none|               col_sum_38_load_reload|        scalar|
|col_sum_46_load_reload  |   in|   24|     ap_none|               col_sum_46_load_reload|        scalar|
|col_sum_54_load_reload  |   in|   24|     ap_none|               col_sum_54_load_reload|        scalar|
|col_sum_62_load_reload  |   in|   24|     ap_none|               col_sum_62_load_reload|        scalar|
|col_sum_7_load_reload   |   in|   24|     ap_none|                col_sum_7_load_reload|        scalar|
|col_sum_15_load_reload  |   in|   24|     ap_none|               col_sum_15_load_reload|        scalar|
|col_sum_23_load_reload  |   in|   24|     ap_none|               col_sum_23_load_reload|        scalar|
|col_sum_31_load_reload  |   in|   24|     ap_none|               col_sum_31_load_reload|        scalar|
|col_sum_39_load_reload  |   in|   24|     ap_none|               col_sum_39_load_reload|        scalar|
|col_sum_47_load_reload  |   in|   24|     ap_none|               col_sum_47_load_reload|        scalar|
|col_sum_55_load_reload  |   in|   24|     ap_none|               col_sum_55_load_reload|        scalar|
|col_sum_63_load_reload  |   in|   24|     ap_none|               col_sum_63_load_reload|        scalar|
|scale_63_out            |  out|   24|      ap_vld|                         scale_63_out|       pointer|
|scale_63_out_ap_vld     |  out|    1|      ap_vld|                         scale_63_out|       pointer|
|scale_62_out            |  out|   24|      ap_vld|                         scale_62_out|       pointer|
|scale_62_out_ap_vld     |  out|    1|      ap_vld|                         scale_62_out|       pointer|
|scale_61_out            |  out|   24|      ap_vld|                         scale_61_out|       pointer|
|scale_61_out_ap_vld     |  out|    1|      ap_vld|                         scale_61_out|       pointer|
|scale_60_out            |  out|   24|      ap_vld|                         scale_60_out|       pointer|
|scale_60_out_ap_vld     |  out|    1|      ap_vld|                         scale_60_out|       pointer|
|scale_59_out            |  out|   24|      ap_vld|                         scale_59_out|       pointer|
|scale_59_out_ap_vld     |  out|    1|      ap_vld|                         scale_59_out|       pointer|
|scale_58_out            |  out|   24|      ap_vld|                         scale_58_out|       pointer|
|scale_58_out_ap_vld     |  out|    1|      ap_vld|                         scale_58_out|       pointer|
|scale_57_out            |  out|   24|      ap_vld|                         scale_57_out|       pointer|
|scale_57_out_ap_vld     |  out|    1|      ap_vld|                         scale_57_out|       pointer|
|scale_56_out            |  out|   24|      ap_vld|                         scale_56_out|       pointer|
|scale_56_out_ap_vld     |  out|    1|      ap_vld|                         scale_56_out|       pointer|
|scale_55_out            |  out|   24|      ap_vld|                         scale_55_out|       pointer|
|scale_55_out_ap_vld     |  out|    1|      ap_vld|                         scale_55_out|       pointer|
|scale_54_out            |  out|   24|      ap_vld|                         scale_54_out|       pointer|
|scale_54_out_ap_vld     |  out|    1|      ap_vld|                         scale_54_out|       pointer|
|scale_53_out            |  out|   24|      ap_vld|                         scale_53_out|       pointer|
|scale_53_out_ap_vld     |  out|    1|      ap_vld|                         scale_53_out|       pointer|
|scale_52_out            |  out|   24|      ap_vld|                         scale_52_out|       pointer|
|scale_52_out_ap_vld     |  out|    1|      ap_vld|                         scale_52_out|       pointer|
|scale_51_out            |  out|   24|      ap_vld|                         scale_51_out|       pointer|
|scale_51_out_ap_vld     |  out|    1|      ap_vld|                         scale_51_out|       pointer|
|scale_50_out            |  out|   24|      ap_vld|                         scale_50_out|       pointer|
|scale_50_out_ap_vld     |  out|    1|      ap_vld|                         scale_50_out|       pointer|
|scale_49_out            |  out|   24|      ap_vld|                         scale_49_out|       pointer|
|scale_49_out_ap_vld     |  out|    1|      ap_vld|                         scale_49_out|       pointer|
|scale_48_out            |  out|   24|      ap_vld|                         scale_48_out|       pointer|
|scale_48_out_ap_vld     |  out|    1|      ap_vld|                         scale_48_out|       pointer|
|scale_47_out            |  out|   24|      ap_vld|                         scale_47_out|       pointer|
|scale_47_out_ap_vld     |  out|    1|      ap_vld|                         scale_47_out|       pointer|
|scale_46_out            |  out|   24|      ap_vld|                         scale_46_out|       pointer|
|scale_46_out_ap_vld     |  out|    1|      ap_vld|                         scale_46_out|       pointer|
|scale_45_out            |  out|   24|      ap_vld|                         scale_45_out|       pointer|
|scale_45_out_ap_vld     |  out|    1|      ap_vld|                         scale_45_out|       pointer|
|scale_44_out            |  out|   24|      ap_vld|                         scale_44_out|       pointer|
|scale_44_out_ap_vld     |  out|    1|      ap_vld|                         scale_44_out|       pointer|
|scale_43_out            |  out|   24|      ap_vld|                         scale_43_out|       pointer|
|scale_43_out_ap_vld     |  out|    1|      ap_vld|                         scale_43_out|       pointer|
|scale_42_out            |  out|   24|      ap_vld|                         scale_42_out|       pointer|
|scale_42_out_ap_vld     |  out|    1|      ap_vld|                         scale_42_out|       pointer|
|scale_41_out            |  out|   24|      ap_vld|                         scale_41_out|       pointer|
|scale_41_out_ap_vld     |  out|    1|      ap_vld|                         scale_41_out|       pointer|
|scale_40_out            |  out|   24|      ap_vld|                         scale_40_out|       pointer|
|scale_40_out_ap_vld     |  out|    1|      ap_vld|                         scale_40_out|       pointer|
|scale_39_out            |  out|   24|      ap_vld|                         scale_39_out|       pointer|
|scale_39_out_ap_vld     |  out|    1|      ap_vld|                         scale_39_out|       pointer|
|scale_38_out            |  out|   24|      ap_vld|                         scale_38_out|       pointer|
|scale_38_out_ap_vld     |  out|    1|      ap_vld|                         scale_38_out|       pointer|
|scale_37_out            |  out|   24|      ap_vld|                         scale_37_out|       pointer|
|scale_37_out_ap_vld     |  out|    1|      ap_vld|                         scale_37_out|       pointer|
|scale_36_out            |  out|   24|      ap_vld|                         scale_36_out|       pointer|
|scale_36_out_ap_vld     |  out|    1|      ap_vld|                         scale_36_out|       pointer|
|scale_35_out            |  out|   24|      ap_vld|                         scale_35_out|       pointer|
|scale_35_out_ap_vld     |  out|    1|      ap_vld|                         scale_35_out|       pointer|
|scale_34_out            |  out|   24|      ap_vld|                         scale_34_out|       pointer|
|scale_34_out_ap_vld     |  out|    1|      ap_vld|                         scale_34_out|       pointer|
|scale_33_out            |  out|   24|      ap_vld|                         scale_33_out|       pointer|
|scale_33_out_ap_vld     |  out|    1|      ap_vld|                         scale_33_out|       pointer|
|scale_32_out            |  out|   24|      ap_vld|                         scale_32_out|       pointer|
|scale_32_out_ap_vld     |  out|    1|      ap_vld|                         scale_32_out|       pointer|
|scale_31_out            |  out|   24|      ap_vld|                         scale_31_out|       pointer|
|scale_31_out_ap_vld     |  out|    1|      ap_vld|                         scale_31_out|       pointer|
|scale_30_out            |  out|   24|      ap_vld|                         scale_30_out|       pointer|
|scale_30_out_ap_vld     |  out|    1|      ap_vld|                         scale_30_out|       pointer|
|scale_29_out            |  out|   24|      ap_vld|                         scale_29_out|       pointer|
|scale_29_out_ap_vld     |  out|    1|      ap_vld|                         scale_29_out|       pointer|
|scale_28_out            |  out|   24|      ap_vld|                         scale_28_out|       pointer|
|scale_28_out_ap_vld     |  out|    1|      ap_vld|                         scale_28_out|       pointer|
|scale_27_out            |  out|   24|      ap_vld|                         scale_27_out|       pointer|
|scale_27_out_ap_vld     |  out|    1|      ap_vld|                         scale_27_out|       pointer|
|scale_26_out            |  out|   24|      ap_vld|                         scale_26_out|       pointer|
|scale_26_out_ap_vld     |  out|    1|      ap_vld|                         scale_26_out|       pointer|
|scale_25_out            |  out|   24|      ap_vld|                         scale_25_out|       pointer|
|scale_25_out_ap_vld     |  out|    1|      ap_vld|                         scale_25_out|       pointer|
|scale_24_out            |  out|   24|      ap_vld|                         scale_24_out|       pointer|
|scale_24_out_ap_vld     |  out|    1|      ap_vld|                         scale_24_out|       pointer|
|scale_23_out            |  out|   24|      ap_vld|                         scale_23_out|       pointer|
|scale_23_out_ap_vld     |  out|    1|      ap_vld|                         scale_23_out|       pointer|
|scale_22_out            |  out|   24|      ap_vld|                         scale_22_out|       pointer|
|scale_22_out_ap_vld     |  out|    1|      ap_vld|                         scale_22_out|       pointer|
|scale_21_out            |  out|   24|      ap_vld|                         scale_21_out|       pointer|
|scale_21_out_ap_vld     |  out|    1|      ap_vld|                         scale_21_out|       pointer|
|scale_20_out            |  out|   24|      ap_vld|                         scale_20_out|       pointer|
|scale_20_out_ap_vld     |  out|    1|      ap_vld|                         scale_20_out|       pointer|
|scale_19_out            |  out|   24|      ap_vld|                         scale_19_out|       pointer|
|scale_19_out_ap_vld     |  out|    1|      ap_vld|                         scale_19_out|       pointer|
|scale_18_out            |  out|   24|      ap_vld|                         scale_18_out|       pointer|
|scale_18_out_ap_vld     |  out|    1|      ap_vld|                         scale_18_out|       pointer|
|scale_17_out            |  out|   24|      ap_vld|                         scale_17_out|       pointer|
|scale_17_out_ap_vld     |  out|    1|      ap_vld|                         scale_17_out|       pointer|
|scale_16_out            |  out|   24|      ap_vld|                         scale_16_out|       pointer|
|scale_16_out_ap_vld     |  out|    1|      ap_vld|                         scale_16_out|       pointer|
|scale_15_out            |  out|   24|      ap_vld|                         scale_15_out|       pointer|
|scale_15_out_ap_vld     |  out|    1|      ap_vld|                         scale_15_out|       pointer|
|scale_14_out            |  out|   24|      ap_vld|                         scale_14_out|       pointer|
|scale_14_out_ap_vld     |  out|    1|      ap_vld|                         scale_14_out|       pointer|
|scale_13_out            |  out|   24|      ap_vld|                         scale_13_out|       pointer|
|scale_13_out_ap_vld     |  out|    1|      ap_vld|                         scale_13_out|       pointer|
|scale_12_out            |  out|   24|      ap_vld|                         scale_12_out|       pointer|
|scale_12_out_ap_vld     |  out|    1|      ap_vld|                         scale_12_out|       pointer|
|scale_11_out            |  out|   24|      ap_vld|                         scale_11_out|       pointer|
|scale_11_out_ap_vld     |  out|    1|      ap_vld|                         scale_11_out|       pointer|
|scale_10_out            |  out|   24|      ap_vld|                         scale_10_out|       pointer|
|scale_10_out_ap_vld     |  out|    1|      ap_vld|                         scale_10_out|       pointer|
|scale_9_out             |  out|   24|      ap_vld|                          scale_9_out|       pointer|
|scale_9_out_ap_vld      |  out|    1|      ap_vld|                          scale_9_out|       pointer|
|scale_8_out             |  out|   24|      ap_vld|                          scale_8_out|       pointer|
|scale_8_out_ap_vld      |  out|    1|      ap_vld|                          scale_8_out|       pointer|
|scale_7_out             |  out|   24|      ap_vld|                          scale_7_out|       pointer|
|scale_7_out_ap_vld      |  out|    1|      ap_vld|                          scale_7_out|       pointer|
|scale_6_out             |  out|   24|      ap_vld|                          scale_6_out|       pointer|
|scale_6_out_ap_vld      |  out|    1|      ap_vld|                          scale_6_out|       pointer|
|scale_5_out             |  out|   24|      ap_vld|                          scale_5_out|       pointer|
|scale_5_out_ap_vld      |  out|    1|      ap_vld|                          scale_5_out|       pointer|
|scale_4_out             |  out|   24|      ap_vld|                          scale_4_out|       pointer|
|scale_4_out_ap_vld      |  out|    1|      ap_vld|                          scale_4_out|       pointer|
|scale_3_out             |  out|   24|      ap_vld|                          scale_3_out|       pointer|
|scale_3_out_ap_vld      |  out|    1|      ap_vld|                          scale_3_out|       pointer|
|scale_2_out             |  out|   24|      ap_vld|                          scale_2_out|       pointer|
|scale_2_out_ap_vld      |  out|    1|      ap_vld|                          scale_2_out|       pointer|
|scale_1_out             |  out|   24|      ap_vld|                          scale_1_out|       pointer|
|scale_1_out_ap_vld      |  out|    1|      ap_vld|                          scale_1_out|       pointer|
|scale_out               |  out|   24|      ap_vld|                            scale_out|       pointer|
|scale_out_ap_vld        |  out|    1|      ap_vld|                            scale_out|       pointer|
+------------------------+-----+-----+------------+-------------------------------------+--------------+

