

================================================================
== Vitis HLS Report for 'top_kernel_Pipeline_VITIS_LOOP_109_12_VITIS_LOOP_110_1317'
================================================================
* Date:           Mon Jan 26 23:24:37 2026

* Version:        2025.1.1 (Build 6214317 on Sep 11 2025)
* Project:        project_1
* Solution:       hls (Vivado IP Flow Target)
* Product family: zynquplus
* Target device:  xczu3eg-sbva484-1-e


================================================================
== Performance Estimates
================================================================
+ Timing: 
    * Summary: 
    +--------+----------+----------+------------+
    |  Clock |  Target  | Estimated| Uncertainty|
    +--------+----------+----------+------------+
    |ap_clk  |  10.00 ns|  7.277 ns|     2.70 ns|
    +--------+----------+----------+------------+

+ Latency: 
    * Summary: 
    +---------+---------+-----------+-----------+------+------+------------------------------------------------+
    |  Latency (cycles) |   Latency (absolute)  |   Interval  |                    Pipeline                    |
    |   min   |   max   |    min    |    max    |  min |  max |                      Type                      |
    +---------+---------+-----------+-----------+------+------+------------------------------------------------+
    |     2051|     2051|  20.510 us|  20.510 us|  2049|  2049|  loop auto-rewind stp (delay=0 clock cycles(s))|
    +---------+---------+-----------+-----------+------+------+------------------------------------------------+

    + Detail: 
        * Instance: 
        N/A

        * Loop: 
        +---------------------------------------+---------+---------+----------+-----------+-----------+------+----------+
        |                                       |  Latency (cycles) | Iteration|  Initiation Interval  | Trip |          |
        |               Loop Name               |   min   |   max   |  Latency |  achieved |   target  | Count| Pipelined|
        +---------------------------------------+---------+---------+----------+-----------+-----------+------+----------+
        |- VITIS_LOOP_109_12_VITIS_LOOP_110_13  |     2049|     2049|         3|          1|          1|  2048|       yes|
        +---------------------------------------+---------+---------+----------+-----------+-----------+------+----------+



================================================================
== Utilization Estimates
================================================================
* Summary: 
+-----------------+---------+-----+--------+-------+-----+
|       Name      | BRAM_18K| DSP |   FF   |  LUT  | URAM|
+-----------------+---------+-----+--------+-------+-----+
|DSP              |        -|    -|       -|      -|    -|
|Expression       |        -|    -|       0|    240|    -|
|FIFO             |        -|    -|       -|      -|    -|
|Instance         |        -|    2|       0|    288|    -|
|Memory           |        -|    -|       -|      -|    -|
|Multiplexer      |        -|    -|       0|     72|    -|
|Register         |        -|    -|     103|      -|    -|
+-----------------+---------+-----+--------+-------+-----+
|Total            |        0|    2|     103|    600|    0|
+-----------------+---------+-----+--------+-------+-----+
|Available        |      432|  360|  141120|  70560|    0|
+-----------------+---------+-----+--------+-------+-----+
|Utilization (%)  |        0|   ~0|      ~0|     ~0|    0|
+-----------------+---------+-----+--------+-------+-----+

+ Detail: 
    * Instance: 
    +--------------------------------+--------------------------+---------+----+---+-----+-----+
    |            Instance            |          Module          | BRAM_18K| DSP| FF| LUT | URAM|
    +--------------------------------+--------------------------+---------+----+---+-----+-----+
    |mul_24s_24s_48_1_1_U2988        |mul_24s_24s_48_1_1        |        0|   2|  0|   39|    0|
    |sparsemux_115_6_24_1_1_x_U2989  |sparsemux_115_6_24_1_1_x  |        0|   0|  0|  249|    0|
    +--------------------------------+--------------------------+---------+----+---+-----+-----+
    |Total                           |                          |        0|   2|  0|  288|    0|
    +--------------------------------+--------------------------+---------+----+---+-----+-----+

    * DSP: 
    N/A

    * Memory: 
    N/A

    * FIFO: 
    N/A

    * Expression: 
    +----------------------------+----------+----+---+----+------------+------------+
    |        Variable Name       | Operation| DSP| FF| LUT| Bitwidth P0| Bitwidth P1|
    +----------------------------+----------+----+---+----+------------+------------+
    |add_ln109_3_fu_770_p2       |         +|   0|  0|  16|           9|           1|
    |add_ln109_fu_754_p2         |         +|   0|  0|  19|          12|           1|
    |add_ln110_fu_1067_p2        |         +|   0|  0|  14|           7|           4|
    |add_ln112_fu_1135_p2        |         +|   0|  0|  31|          24|          24|
    |and_ln112_18_fu_1155_p2     |       and|   0|  0|   2|           1|           1|
    |and_ln112_19_fu_1217_p2     |       and|   0|  0|   2|           1|           1|
    |and_ln112_20_fu_1231_p2     |       and|   0|  0|   2|           1|           1|
    |and_ln112_21_fu_1261_p2     |       and|   0|  0|   2|           1|           1|
    |and_ln112_22_fu_1279_p2     |       and|   0|  0|   2|           1|           1|
    |and_ln112_fu_1255_p2        |       and|   0|  0|   2|           1|           1|
    |icmp_ln109_fu_748_p2        |      icmp|   0|  0|  20|          12|          13|
    |icmp_ln112_10_fu_1177_p2    |      icmp|   0|  0|  14|           7|           2|
    |icmp_ln112_11_fu_1191_p2    |      icmp|   0|  0|  15|           8|           2|
    |icmp_ln112_fu_1197_p2       |      icmp|   0|  0|  15|           8|           1|
    |or_ln112_6_fu_1243_p2       |        or|   0|  0|   2|           1|           1|
    |or_ln112_7_fu_1293_p2       |        or|   0|  0|   2|           1|           1|
    |or_ln112_fu_1267_p2         |        or|   0|  0|   2|           1|           1|
    |select_ln109_fu_796_p3      |    select|   0|  0|   8|           1|           9|
    |select_ln110_fu_784_p3      |    select|   0|  0|   6|           1|           2|
    |select_ln112_12_fu_1203_p3  |    select|   0|  0|   2|           1|           1|
    |select_ln112_13_fu_1285_p3  |    select|   0|  0|  24|           1|          23|
    |select_ln112_14_fu_1299_p3  |    select|   0|  0|  24|           1|          24|
    |select_ln112_fu_1223_p3     |    select|   0|  0|   2|           1|           1|
    |ap_enable_pp0               |       xor|   0|  0|   2|           1|           2|
    |xor_ln112_15_fu_1149_p2     |       xor|   0|  0|   2|           1|           2|
    |xor_ln112_16_fu_1211_p2     |       xor|   0|  0|   2|           1|           2|
    |xor_ln112_17_fu_1249_p2     |       xor|   0|  0|   2|           1|           2|
    |xor_ln112_18_fu_1273_p2     |       xor|   0|  0|   2|           1|           2|
    |xor_ln112_fu_1237_p2        |       xor|   0|  0|   2|           1|           2|
    +----------------------------+----------+----+---+----+------------+------------+
    |Total                       |          |   0|  0| 240|         108|         129|
    +----------------------------+----------+----+---+----+------------+------------+

    * Multiplexer: 
    +-----------------------------------------+----+-----------+-----+-----------+
    |                   Name                  | LUT| Input Size| Bits| Total Bits|
    +-----------------------------------------+----+-----------+-----+-----------+
    |ap_done_int                              |   9|          2|    1|          2|
    |ap_enable_reg_pp0_iter1                  |   9|          2|    1|          2|
    |ap_sig_allocacmp_i_load                  |   9|          2|    9|         18|
    |ap_sig_allocacmp_indvar_flatten132_load  |   9|          2|   12|         24|
    |ap_sig_allocacmp_j_load                  |   9|          2|    7|         14|
    |i_fu_350                                 |   9|          2|    9|         18|
    |indvar_flatten132_fu_354                 |   9|          2|   12|         24|
    |j_fu_346                                 |   9|          2|    7|         14|
    +-----------------------------------------+----+-----------+-----+-----------+
    |Total                                    |  72|         16|   58|        116|
    +-----------------------------------------+----+-----------+-----+-----------+

    * Register: 
    +-----------------------------------+----+----+-----+-----------+
    |                Name               | FF | LUT| Bits| Const Bits|
    +-----------------------------------+----+----+-----+-----------+
    |ap_CS_fsm                          |   1|   0|    1|          0|
    |ap_done_reg                        |   1|   0|    1|          0|
    |ap_enable_reg_pp0_iter1            |   1|   0|    1|          0|
    |ap_enable_reg_pp0_iter2            |   1|   0|    1|          0|
    |ap_loop_exit_ready_pp0_iter1_reg   |   1|   0|    1|          0|
    |i_fu_350                           |   9|   0|    9|          0|
    |indvar_flatten132_fu_354           |  12|   0|   12|          0|
    |j_fu_346                           |   7|   0|    7|          0|
    |select_ln112_14_reg_1347           |  24|   0|   24|          0|
    |tmp_26_reg_1342                    |  24|   0|   24|          0|
    |zext_ln112_reg_1332                |  11|   0|   64|         53|
    |zext_ln112_reg_1332_pp0_iter1_reg  |  11|   0|   64|         53|
    +-----------------------------------+----+----+-----+-----------+
    |Total                              | 103|   0|  209|        106|
    +-----------------------------------+----+----+-----+-----------+



================================================================
== Interface
================================================================
* Summary: 
+--------------------------------------------------------------+-----+-----+------------+-----------------------------------------------------------+--------------+
|                           RTL Ports                          | Dir | Bits|  Protocol  |                       Source Object                       |    C Type    |
+--------------------------------------------------------------+-----+-----+------------+-----------------------------------------------------------+--------------+
|ap_clk                                                        |   in|    1|  ap_ctrl_hs|  top_kernel_Pipeline_VITIS_LOOP_109_12_VITIS_LOOP_110_1317|  return value|
|ap_rst                                                        |   in|    1|  ap_ctrl_hs|  top_kernel_Pipeline_VITIS_LOOP_109_12_VITIS_LOOP_110_1317|  return value|
|ap_start                                                      |   in|    1|  ap_ctrl_hs|  top_kernel_Pipeline_VITIS_LOOP_109_12_VITIS_LOOP_110_1317|  return value|
|ap_done                                                       |  out|    1|  ap_ctrl_hs|  top_kernel_Pipeline_VITIS_LOOP_109_12_VITIS_LOOP_110_1317|  return value|
|ap_idle                                                       |  out|    1|  ap_ctrl_hs|  top_kernel_Pipeline_VITIS_LOOP_109_12_VITIS_LOOP_110_1317|  return value|
|ap_ready                                                      |  out|    1|  ap_ctrl_hs|  top_kernel_Pipeline_VITIS_LOOP_109_12_VITIS_LOOP_110_1317|  return value|
|C_3_address0                                                  |  out|   11|   ap_memory|                                                        C_3|         array|
|C_3_ce0                                                       |  out|    1|   ap_memory|                                                        C_3|         array|
|C_3_we0                                                       |  out|    1|   ap_memory|                                                        C_3|         array|
|C_3_d0                                                        |  out|   24|   ap_memory|                                                        C_3|         array|
|scale_3_reload                                                |   in|   24|     ap_none|                                             scale_3_reload|        scalar|
|scale_4_reload                                                |   in|   24|     ap_none|                                             scale_4_reload|        scalar|
|scale_5_reload                                                |   in|   24|     ap_none|                                             scale_5_reload|        scalar|
|scale_6_reload                                                |   in|   24|     ap_none|                                             scale_6_reload|        scalar|
|scale_7_reload                                                |   in|   24|     ap_none|                                             scale_7_reload|        scalar|
|scale_8_reload                                                |   in|   24|     ap_none|                                             scale_8_reload|        scalar|
|scale_9_reload                                                |   in|   24|     ap_none|                                             scale_9_reload|        scalar|
|scale_10_reload                                               |   in|   24|     ap_none|                                            scale_10_reload|        scalar|
|scale_11_reload                                               |   in|   24|     ap_none|                                            scale_11_reload|        scalar|
|scale_12_reload                                               |   in|   24|     ap_none|                                            scale_12_reload|        scalar|
|scale_13_reload                                               |   in|   24|     ap_none|                                            scale_13_reload|        scalar|
|scale_14_reload                                               |   in|   24|     ap_none|                                            scale_14_reload|        scalar|
|scale_15_reload                                               |   in|   24|     ap_none|                                            scale_15_reload|        scalar|
|scale_16_reload                                               |   in|   24|     ap_none|                                            scale_16_reload|        scalar|
|scale_17_reload                                               |   in|   24|     ap_none|                                            scale_17_reload|        scalar|
|scale_18_reload                                               |   in|   24|     ap_none|                                            scale_18_reload|        scalar|
|scale_19_reload                                               |   in|   24|     ap_none|                                            scale_19_reload|        scalar|
|scale_20_reload                                               |   in|   24|     ap_none|                                            scale_20_reload|        scalar|
|scale_21_reload                                               |   in|   24|     ap_none|                                            scale_21_reload|        scalar|
|scale_22_reload                                               |   in|   24|     ap_none|                                            scale_22_reload|        scalar|
|scale_23_reload                                               |   in|   24|     ap_none|                                            scale_23_reload|        scalar|
|scale_24_reload                                               |   in|   24|     ap_none|                                            scale_24_reload|        scalar|
|scale_25_reload                                               |   in|   24|     ap_none|                                            scale_25_reload|        scalar|
|scale_26_reload                                               |   in|   24|     ap_none|                                            scale_26_reload|        scalar|
|scale_27_reload                                               |   in|   24|     ap_none|                                            scale_27_reload|        scalar|
|scale_28_reload                                               |   in|   24|     ap_none|                                            scale_28_reload|        scalar|
|scale_29_reload                                               |   in|   24|     ap_none|                                            scale_29_reload|        scalar|
|scale_30_reload                                               |   in|   24|     ap_none|                                            scale_30_reload|        scalar|
|scale_31_reload                                               |   in|   24|     ap_none|                                            scale_31_reload|        scalar|
|scale_32_reload                                               |   in|   24|     ap_none|                                            scale_32_reload|        scalar|
|scale_33_reload                                               |   in|   24|     ap_none|                                            scale_33_reload|        scalar|
|scale_34_reload                                               |   in|   24|     ap_none|                                            scale_34_reload|        scalar|
|scale_35_reload                                               |   in|   24|     ap_none|                                            scale_35_reload|        scalar|
|scale_36_reload                                               |   in|   24|     ap_none|                                            scale_36_reload|        scalar|
|scale_37_reload                                               |   in|   24|     ap_none|                                            scale_37_reload|        scalar|
|scale_38_reload                                               |   in|   24|     ap_none|                                            scale_38_reload|        scalar|
|scale_39_reload                                               |   in|   24|     ap_none|                                            scale_39_reload|        scalar|
|scale_40_reload                                               |   in|   24|     ap_none|                                            scale_40_reload|        scalar|
|scale_41_reload                                               |   in|   24|     ap_none|                                            scale_41_reload|        scalar|
|scale_42_reload                                               |   in|   24|     ap_none|                                            scale_42_reload|        scalar|
|scale_43_reload                                               |   in|   24|     ap_none|                                            scale_43_reload|        scalar|
|scale_44_reload                                               |   in|   24|     ap_none|                                            scale_44_reload|        scalar|
|scale_45_reload                                               |   in|   24|     ap_none|                                            scale_45_reload|        scalar|
|scale_46_reload                                               |   in|   24|     ap_none|                                            scale_46_reload|        scalar|
|scale_47_reload                                               |   in|   24|     ap_none|                                            scale_47_reload|        scalar|
|scale_48_reload                                               |   in|   24|     ap_none|                                            scale_48_reload|        scalar|
|scale_49_reload                                               |   in|   24|     ap_none|                                            scale_49_reload|        scalar|
|scale_50_reload                                               |   in|   24|     ap_none|                                            scale_50_reload|        scalar|
|scale_51_reload                                               |   in|   24|     ap_none|                                            scale_51_reload|        scalar|
|scale_52_reload                                               |   in|   24|     ap_none|                                            scale_52_reload|        scalar|
|scale_53_reload                                               |   in|   24|     ap_none|                                            scale_53_reload|        scalar|
|scale_54_reload                                               |   in|   24|     ap_none|                                            scale_54_reload|        scalar|
|scale_55_reload                                               |   in|   24|     ap_none|                                            scale_55_reload|        scalar|
|scale_56_reload                                               |   in|   24|     ap_none|                                            scale_56_reload|        scalar|
|scale_57_reload                                               |   in|   24|     ap_none|                                            scale_57_reload|        scalar|
|scale_58_reload                                               |   in|   24|     ap_none|                                            scale_58_reload|        scalar|
|scale_59_reload                                               |   in|   24|     ap_none|                                            scale_59_reload|        scalar|
|top_kernel_ap_fixed_64_ap_fixed_24_8_0_0_0_64_tmp_4_address0  |  out|   11|   ap_memory|        top_kernel_ap_fixed_64_ap_fixed_24_8_0_0_0_64_tmp_4|         array|
|top_kernel_ap_fixed_64_ap_fixed_24_8_0_0_0_64_tmp_4_ce0       |  out|    1|   ap_memory|        top_kernel_ap_fixed_64_ap_fixed_24_8_0_0_0_64_tmp_4|         array|
|top_kernel_ap_fixed_64_ap_fixed_24_8_0_0_0_64_tmp_4_q0        |   in|   24|   ap_memory|        top_kernel_ap_fixed_64_ap_fixed_24_8_0_0_0_64_tmp_4|         array|
+--------------------------------------------------------------+-----+-----+------------+-----------------------------------------------------------+--------------+

