Sat Jan 31 16:05:53 2026: Running xcd server. This server was built by gradle.
Sat Jan 31 16:05:53 2026: Server was asked to start on port: '41903'
Sat Jan 31 16:05:53 2026: Server is using token UUID: '34821faa-afd3-443b-a505-5b33f05bf8d8'
Sat Jan 31 16:05:53 2026: SESSION_MGR: creating session with session uuid: '6d04a3e9-ade5-4ab9-8d63-1f78fcd2ec76' and name 'default'
Sat Jan 31 16:05:53 2026: Attempting to start server on port '41903'
Sat Jan 31 16:05:53 2026: XCD main fifo: created main fifo '/tmp/xcdmain34821faa-afd3-443b-a505-5b33f05bf8d8', fd read = 15
Sat Jan 31 16:05:53 2026: Running Dispatch Server
Sat Jan 31 16:05:53 2026: Version 2.2.0
Sat Jan 31 16:05:57 2026: Dispatch Server: Accepted socket connection from client
Sat Jan 31 16:05:57 2026: Starting Socket connection
Sat Jan 31 16:05:57 2026: EXCHANGE_TOKEN received, server token: 34821faa-afd3-443b-a505-5b33f05bf8d8, passed token: 34821faa-afd3-443b-a505-5b33f05bf8d8
Sat Jan 31 16:05:57 2026: SESSION_MGR: creating session with session uuid: 'e926706f-6352-4310-b841-3bf617e93c48' and name 'vitis_hls'
Sat Jan 31 16:05:57 2026: KERNEL_SVC: creating session with uuid: 'e926706f-6352-4310-b841-3bf617e93c48' and name 'vitis_hls'
Sat Jan 31 16:05:57 2026: GUIDANCE_SMGR: creating guidance session with uuid: 'e926706f-6352-4310-b841-3bf617e93c48' and name 'vitis_hls'
Sat Jan 31 16:06:32 2026: Running xcd server. This server was built by gradle.
Sat Jan 31 16:06:32 2026: Server was asked to start on port: '43527'
Sat Jan 31 16:06:32 2026: Server is using token UUID: '3d5c5927-03cd-440c-a670-7c7fcab33179'
Sat Jan 31 16:06:32 2026: SESSION_MGR: creating session with session uuid: '6d04a3e9-ade5-4ab9-8d63-1f78fcd2ec76' and name 'default'
Sat Jan 31 16:06:32 2026: Attempting to start server on port '43527'
Sat Jan 31 16:06:32 2026: XCD main fifo: created main fifo '/tmp/xcdmain3d5c5927-03cd-440c-a670-7c7fcab33179', fd read = 15
Sat Jan 31 16:06:32 2026: Running Dispatch Server
Sat Jan 31 16:06:32 2026: Version 2.2.0
Sat Jan 31 16:06:36 2026: Dispatch Server: Accepted socket connection from client
Sat Jan 31 16:06:36 2026: Starting Socket connection
Sat Jan 31 16:06:36 2026: EXCHANGE_TOKEN received, server token: 3d5c5927-03cd-440c-a670-7c7fcab33179, passed token: 3d5c5927-03cd-440c-a670-7c7fcab33179
Sat Jan 31 16:06:36 2026: SESSION_MGR: creating session with session uuid: '244ad7b5-ebec-4e51-83e2-20e2431397c8' and name 'vitis_hls'
Sat Jan 31 16:06:36 2026: KERNEL_SVC: creating session with uuid: '244ad7b5-ebec-4e51-83e2-20e2431397c8' and name 'vitis_hls'
Sat Jan 31 16:06:36 2026: GUIDANCE_SMGR: creating guidance session with uuid: '244ad7b5-ebec-4e51-83e2-20e2431397c8' and name 'vitis_hls'
Sat Jan 31 16:06:36 2026: STOP_SERVER received, server token: 34821faa-afd3-443b-a505-5b33f05bf8d8, passed token: 34821faa-afd3-443b-a505-5b33f05bf8d8
Sat Jan 31 16:06:36 2026: Socket received request to stop server.
Sat Jan 31 16:06:36 2026: Dispatch Server: do_await_stop
Sat Jan 31 16:06:36 2026: Dispatch Server: stopping mainFifo_
Sat Jan 31 16:06:36 2026: XCD main fifo: Stopping
Sat Jan 31 16:06:36 2026: XCD main fifo: do_read error code: Operation canceled
Sat Jan 31 16:06:36 2026: XCD main fifo: bytes_transferred: 0
Sat Jan 31 16:06:36 2026: SERVER: destructor for server bound to port 41903
Sat Jan 31 16:06:36 2026: XCD main fifo: Good unlink of /tmp/xcdmain34821faa-afd3-443b-a505-5b33f05bf8d8
Sat Jan 31 16:06:36 2026: Server exiting with status 0.
Sat Jan 31 16:06:36 2026: Closing log file.
Sat Jan 31 16:08:28 2026: Running xcd server. This server was built by gradle.
Sat Jan 31 16:08:28 2026: Server was asked to start on port: '34443'
Sat Jan 31 16:08:28 2026: Server is using token UUID: 'f8f69888-f2ba-4b62-8077-cc9a2d631c0c'
Sat Jan 31 16:08:28 2026: SESSION_MGR: creating session with session uuid: '6d04a3e9-ade5-4ab9-8d63-1f78fcd2ec76' and name 'default'
Sat Jan 31 16:08:28 2026: Attempting to start server on port '34443'
Sat Jan 31 16:08:28 2026: XCD main fifo: created main fifo '/tmp/xcdmainf8f69888-f2ba-4b62-8077-cc9a2d631c0c', fd read = 15
Sat Jan 31 16:08:28 2026: Running Dispatch Server
Sat Jan 31 16:08:28 2026: Version 2.2.0
Sat Jan 31 16:08:29 2026: Dispatch Server: Accepted socket connection from client
Sat Jan 31 16:08:29 2026: Starting Socket connection
Sat Jan 31 16:08:29 2026: EXCHANGE_TOKEN received, server token: f8f69888-f2ba-4b62-8077-cc9a2d631c0c, passed token: f8f69888-f2ba-4b62-8077-cc9a2d631c0c
Sat Jan 31 16:08:29 2026: SESSION_MGR: creating session with session uuid: 'cfcdb8ac-d928-4a76-88ca-2d49d9baeabb' and name 'vitis_hls'
Sat Jan 31 16:08:29 2026: KERNEL_SVC: creating session with uuid: 'cfcdb8ac-d928-4a76-88ca-2d49d9baeabb' and name 'vitis_hls'
Sat Jan 31 16:08:29 2026: GUIDANCE_SMGR: creating guidance session with uuid: 'cfcdb8ac-d928-4a76-88ca-2d49d9baeabb' and name 'vitis_hls'
Sat Jan 31 16:08:29 2026: STOP_SERVER received, server token: 3d5c5927-03cd-440c-a670-7c7fcab33179, passed token: 3d5c5927-03cd-440c-a670-7c7fcab33179
Sat Jan 31 16:08:29 2026: Socket received request to stop server.
Sat Jan 31 16:08:29 2026: Dispatch Server: do_await_stop
Sat Jan 31 16:08:29 2026: Dispatch Server: stopping mainFifo_
Sat Jan 31 16:08:29 2026: XCD main fifo: Stopping
Sat Jan 31 16:08:29 2026: XCD main fifo: do_read error code: Operation canceled
Sat Jan 31 16:08:29 2026: XCD main fifo: bytes_transferred: 0
Sat Jan 31 16:08:29 2026: SERVER: destructor for server bound to port 43527
Sat Jan 31 16:08:29 2026: XCD main fifo: Good unlink of /tmp/xcdmain3d5c5927-03cd-440c-a670-7c7fcab33179
Sat Jan 31 16:08:29 2026: Server exiting with status 0.
Sat Jan 31 16:08:29 2026: Closing log file.
Sat Jan 31 16:09:53 2026: Dispatch Server: Accepted socket connection from client
Sat Jan 31 16:09:53 2026: Starting Socket connection
Sat Jan 31 16:14:25 2026: Dispatch Server: Accepted socket connection from client
Sat Jan 31 16:14:25 2026: Starting Socket connection
Sat Jan 31 16:18:17 2026: Dispatch Server: Accepted socket connection from client
Sat Jan 31 16:18:17 2026: Starting Socket connection
Sat Jan 31 16:25:55 2026: STOP_SERVER received, server token: f8f69888-f2ba-4b62-8077-cc9a2d631c0c, passed token: f8f69888-f2ba-4b62-8077-cc9a2d631c0c
Sat Jan 31 16:25:55 2026: Socket received request to stop server.
Sat Jan 31 16:25:55 2026: Dispatch Server: do_await_stop
Sat Jan 31 16:25:55 2026: Dispatch Server: stopping mainFifo_
Sat Jan 31 16:25:55 2026: XCD main fifo: Stopping
Sat Jan 31 16:25:55 2026: XCD main fifo: do_read error code: Operation canceled
Sat Jan 31 16:25:55 2026: XCD main fifo: bytes_transferred: 0
Sat Jan 31 16:25:55 2026: SERVER: destructor for server bound to port 34443
Sat Jan 31 16:25:55 2026: XCD main fifo: Good unlink of /tmp/xcdmainf8f69888-f2ba-4b62-8077-cc9a2d631c0c
Sat Jan 31 16:25:55 2026: Server exiting with status 0.
Sat Jan 31 16:25:55 2026: Closing log file.
