================================================================
== Vivado Place & Route Results
================================================================
+ General Information:
    * Date:            Thu Feb 05 03:27:04 EST 2026
    * Version:         2025.1 (Build 6214317 on Sep 11 2025)
    * Project:         project_1
    * Solution:        hls (Vivado IP Flow Target)
    * Product family:  zynquplus
    * Target device:   xczu3eg-sbva484-1-e


================================================================
== Run Constraints & Options
================================================================
+ Design Constraints & Options:
    * Place & Route target clock:  10 ns
    * C-Synthesis target clock:    10 ns
    * C-Synthesis uncertainty:     27%

+ RTL Synthesis Options:
    * config_export -vivado_synth_strategy:     default
    * config_export -vivado_synth_design_args:  -directive sdx_optimization_effort_high

+ Place & Route Options:
    * config_export -vivado_impl_strategy:  default
    * config_export -vivado_phys_opt:       auto

+ Reporting Options:
    * config_export -vivado_report_level:      2
    * config_export -vivado_max_timing_paths:  10


================================================================
== Place & Route Resource Summary
================================================================
LUT:              12565
FF:               13121
DSP:              1
BRAM:             54
URAM:             0
SRL:              420


================================================================
== Place & Route Timing Summary
================================================================
* Timing was met
+----------------+-------------+
| Timing         | Period (ns) |
+----------------+-------------+
| Target         | 10.000      |
| Post-Synthesis | 3.173       |
| Post-Route     | 5.065       |
+----------------+-------------+


================================================================
== Place & Route Resources
================================================================
+----------------------------------------------------------------------+-------+-------+-----+------+------+-----+--------+------+---------+----------+--------+
| Name                                                                 | LUT   | FF    | DSP | BRAM | URAM | SRL | Pragma | Impl | Latency | Variable | Source |
+----------------------------------------------------------------------+-------+-------+-----+------+------+-----+--------+------+---------+----------+--------+
| inst                                                                 | 12565 | 13121 | 1   | 54   |      |     |        |      |         |          |        |
|   (inst)                                                             | 1     | 151   |     |      |      |     |        |      |         |          |        |
|   A_m_axi_U                                                          | 525   | 741   |     | 1    |      |     |        |      |         |          |        |
|   C_m_axi_U                                                          | 700   | 998   |     |      |      |     |        |      |         |          |        |
|   control_s_axi_U                                                    | 162   | 181   |     |      |      |     |        |      |         |          |        |
|   denom_row_U                                                        |       |       |     |      |      |     |        |      |         |          |        |
|   grp_top_kernel_Pipeline_VITIS_LOOP_44_2_VITIS_LOOP_46_3_fu_393     | 140   | 84    |     |      |      |     |        |      |         |          |        |
|     (grp_top_kernel_Pipeline_VITIS_LOOP_44_2_VITIS_LOOP_46_3_fu_393) | 117   | 82    |     |      |      |     |        |      |         |          |        |
|   grp_top_kernel_Pipeline_VITIS_LOOP_60_4_fu_410                     | 10713 | 10822 |     |      |      |     |        |      |         |          |        |
|     (grp_top_kernel_Pipeline_VITIS_LOOP_60_4_fu_410)                 | 1077  | 1650  |     |      |      |     |        |      |         |          |        |
|     sdiv_38ns_24s_38_42_1_U10                                        | 2352  | 2277  |     |      |      |     |        |      |         |          |        |
|     sdiv_38ns_24s_38_42_1_U11                                        | 2340  | 2277  |     |      |      |     |        |      |         |          |        |
|     sdiv_38ns_24s_38_42_1_U8                                         | 2340  | 2277  |     |      |      |     |        |      |         |          |        |
|     sdiv_38ns_24s_38_42_1_U9                                         | 2517  | 2339  |     |      |      |     |        |      |         |          |        |
|   grp_top_kernel_Pipeline_VITIS_LOOP_79_6_fu_496                     |       |       |     |      |      |     |        |      |         |          |        |
|     flow_control_loop_pipe_sequential_init_U                         |       |       |     |      |      |     |        |      |         |          |        |
|   grp_top_kernel_Pipeline_VITIS_LOOP_89_8_VITIS_LOOP_94_9_fu_572     | 170   | 137   | 1   |      |      |     |        |      |         |          |        |
|     (grp_top_kernel_Pipeline_VITIS_LOOP_89_8_VITIS_LOOP_94_9_fu_572) | 74    | 135   |     |      |      |     |        |      |         |          |        |
|     flow_control_loop_pipe_sequential_init_U                         | 57    | 2     |     |      |      |     |        |      |         |          |        |
|     mul_24s_17s_41_5_1_U166                                          |       |       |     |      |      |     |        |      |         |          |        |
|   top_kernel_ap_fixed_64_ap_fixed_24_10_0_0_0_64_A_1_U               |       |       |     |      |      |     |        |      |         |          |        |
|   top_kernel_ap_fixed_64_ap_fixed_24_10_0_0_0_64_A_2_U               |       |       |     |      |      |     |        |      |         |          |        |
|   top_kernel_ap_fixed_64_ap_fixed_24_10_0_0_0_64_A_3_U               |       |       |     |      |      |     |        |      |         |          |        |
|   top_kernel_ap_fixed_64_ap_fixed_24_10_0_0_0_64_A_U                 |       |       |     |      |      |     |        |      |         |          |        |
|   top_kernel_ap_fixed_64_ap_fixed_24_10_0_0_0_64_scale_mem_1_U       |       |       |     |      |      |     |        |      |         |          |        |
|   top_kernel_ap_fixed_64_ap_fixed_24_10_0_0_0_64_scale_mem_2_U       |       |       |     |      |      |     |        |      |         |          |        |
|   top_kernel_ap_fixed_64_ap_fixed_24_10_0_0_0_64_scale_mem_3_U       |       |       |     |      |      |     |        |      |         |          |        |
|   top_kernel_ap_fixed_64_ap_fixed_24_10_0_0_0_64_scale_mem_U         |       |       |     |      |      |     |        |      |         |          |        |
|   top_kernel_ap_fixed_64_ap_fixed_24_10_0_0_0_64_tmp_1_U             |       |       |     |      |      |     |        |      |         |          |        |
|   top_kernel_ap_fixed_64_ap_fixed_24_10_0_0_0_64_tmp_2_U             |       |       |     |      |      |     |        |      |         |          |        |
|   top_kernel_ap_fixed_64_ap_fixed_24_10_0_0_0_64_tmp_3_U             |       |       |     |      |      |     |        |      |         |          |        |
|   top_kernel_ap_fixed_64_ap_fixed_24_10_0_0_0_64_tmp_U               |       |       |     |      |      |     |        |      |         |          |        |
+----------------------------------------------------------------------+-------+-------+-----+------+------+-----+--------+------+---------+----------+--------+


================================================================
== Place & Route Fail Fast
================================================================
+-----------------------------------------------------------+-----------+--------+--------+
| Criteria                                                  | Guideline | Actual | Status |
+-----------------------------------------------------------+-----------+--------+--------+
| LUT                                                       | 70%       | 17.81% | OK     |
| FD                                                        | 50%       | 9.30%  | OK     |
| LUTRAM+SRL                                                | 25%       | 1.46%  | OK     |
| CARRY8                                                    | 25%       | 9.98%  | OK     |
| MUXF7                                                     | 15%       | 0.39%  | OK     |
| DSP                                                       | 80%       | 0.28%  | OK     |
| RAMB/FIFO                                                 | 80%       | 12.50% | OK     |
| DSP+RAMB+URAM (Avg)                                       | 70%       | 6.39%  | OK     |
| BUFGCE* + BUFGCTRL                                        | 24        | 0      | OK     |
| DONT_TOUCH (cells/nets)                                   | 0         | 0      | OK     |
| MARK_DEBUG (nets)                                         | 0         | 0      | OK     |
| Control Sets                                              | 1323      | 168    | OK     |
| Average Fanout for modules > 100k cells                   | 4         | 2.14   | OK     |
| Max Average Fanout for modules > 100k cells               | 4         | 0      | OK     |
| Non-FD high fanout nets > 10k loads                       | 0         | 0      | OK     |
+-----------------------------------------------------------+-----------+--------+--------+
| TIMING-6 (No common primary clock between related clocks) | 0         | 0      | OK     |
| TIMING-7 (No common node between related clocks)          | 0         | 0      | OK     |
| TIMING-8 (No common period between related clocks)        | 0         | 0      | OK     |
| TIMING-14 (LUT on the clock tree)                         | 0         | 0      | OK     |
| TIMING-35 (No common node in paths with the same clock)   | 0         | 0      | OK     |
+-----------------------------------------------------------+-----------+--------+--------+
| Number of paths above max LUT budgeting (0.350ns)         | 0         | 0      | OK     |
| Number of paths above max Net budgeting (0.239ns)         | 0         | 0      | OK     |
+-----------------------------------------------------------+-----------+--------+--------+


================================================================
== Place & Route Timing Paths
================================================================
* Timing was met
+-------+-------+--------------------------------------------------------------------------------------+----------------------------------------------------------------------------+--------------+------------+----------------+----------------+--------------+
| Path  | SLACK | STARTPOINT PIN                                                                       | ENDPOINT PIN                                                               | LOGIC LEVELS | MAX FANOUT | DATAPATH DELAY | DATAPATH LOGIC | DATAPATH NET |
|       |       |                                                                                      |                                                                            |              |            |                |          DELAY |        DELAY |
+-------+-------+--------------------------------------------------------------------------------------+----------------------------------------------------------------------------+--------------+------------+----------------+----------------+--------------+
| Path1 | 4.935 | grp_top_kernel_Pipeline_VITIS_LOOP_60_4_fu_410/b_reg_5371_pp0_iter41_reg_reg[1]__0/C | grp_top_kernel_Pipeline_VITIS_LOOP_60_4_fu_410/col_sum_40_fu_358_reg[0]/S  |            7 |        384 |          4.948 |          1.040 |        3.908 |
| Path2 | 4.935 | grp_top_kernel_Pipeline_VITIS_LOOP_60_4_fu_410/b_reg_5371_pp0_iter41_reg_reg[1]__0/C | grp_top_kernel_Pipeline_VITIS_LOOP_60_4_fu_410/col_sum_40_fu_358_reg[12]/S |            7 |        384 |          4.948 |          1.040 |        3.908 |
| Path3 | 4.963 | grp_top_kernel_Pipeline_VITIS_LOOP_60_4_fu_410/b_reg_5371_pp0_iter41_reg_reg[1]__0/C | grp_top_kernel_Pipeline_VITIS_LOOP_60_4_fu_410/col_sum_fu_518_reg[6]/S     |            7 |        384 |          4.919 |          1.114 |        3.805 |
| Path4 | 4.963 | grp_top_kernel_Pipeline_VITIS_LOOP_60_4_fu_410/b_reg_5371_pp0_iter41_reg_reg[1]__0/C | grp_top_kernel_Pipeline_VITIS_LOOP_60_4_fu_410/col_sum_fu_518_reg[8]/S     |            7 |        384 |          4.919 |          1.114 |        3.805 |
| Path5 | 4.966 | grp_top_kernel_Pipeline_VITIS_LOOP_60_4_fu_410/b_reg_5371_pp0_iter41_reg_reg[1]__0/C | grp_top_kernel_Pipeline_VITIS_LOOP_60_4_fu_410/col_sum_40_fu_358_reg[11]/S |            7 |        384 |          4.916 |          1.040 |        3.876 |
+-------+-------+--------------------------------------------------------------------------------------+----------------------------------------------------------------------------+--------------+------------+----------------+----------------+--------------+

    +----------------------------------------------------------------------------------------------------+-------------------+
    | Path1 Cells                                                                                        | Primitive Type    |
    +----------------------------------------------------------------------------------------------------+-------------------+
    | grp_top_kernel_Pipeline_VITIS_LOOP_60_4_fu_410/b_reg_5371_pp0_iter41_reg_reg[1]__0                 | REGISTER.SDR.FDRE |
    | grp_top_kernel_Pipeline_VITIS_LOOP_60_4_fu_410/col_sum_fu_518[7]_i_24                              | CLB.LUT.LUT6      |
    | grp_top_kernel_Pipeline_VITIS_LOOP_60_4_fu_410/col_sum_fu_518[7]_i_4                               | CLB.LUT.LUT6      |
    | grp_top_kernel_Pipeline_VITIS_LOOP_60_4_fu_410/sdiv_38ns_24s_38_42_1_U8/col_sum_fu_518[7]_i_12     | CLB.LUT.LUT6      |
    | grp_top_kernel_Pipeline_VITIS_LOOP_60_4_fu_410/sdiv_38ns_24s_38_42_1_U8/col_sum_fu_518_reg[7]_i_2  | CLB.CARRY.CARRY8  |
    | grp_top_kernel_Pipeline_VITIS_LOOP_60_4_fu_410/sdiv_38ns_24s_38_42_1_U8/col_sum_fu_518_reg[15]_i_2 | CLB.CARRY.CARRY8  |
    | grp_top_kernel_Pipeline_VITIS_LOOP_60_4_fu_410/sdiv_38ns_24s_38_42_1_U8/col_sum_fu_518_reg[22]_i_5 | CLB.CARRY.CARRY8  |
    | grp_top_kernel_Pipeline_VITIS_LOOP_60_4_fu_410/sdiv_38ns_24s_38_42_1_U8/col_sum_40_fu_358[22]_i_1  | CLB.LUT.LUT3      |
    | grp_top_kernel_Pipeline_VITIS_LOOP_60_4_fu_410/col_sum_40_fu_358_reg[0]                            | REGISTER.SDR.FDSE |
    | grp_top_kernel_Pipeline_VITIS_LOOP_60_4_fu_410/b_reg_5371_pp0_iter41_reg_reg[1]__0                 | REGISTER.SDR.FDRE |
    | grp_top_kernel_Pipeline_VITIS_LOOP_60_4_fu_410/col_sum_fu_518[7]_i_24                              | CLB.LUT.LUT6      |
    | grp_top_kernel_Pipeline_VITIS_LOOP_60_4_fu_410/col_sum_fu_518[7]_i_4                               | CLB.LUT.LUT6      |
    | grp_top_kernel_Pipeline_VITIS_LOOP_60_4_fu_410/sdiv_38ns_24s_38_42_1_U8/col_sum_fu_518[7]_i_12     | CLB.LUT.LUT6      |
    | grp_top_kernel_Pipeline_VITIS_LOOP_60_4_fu_410/sdiv_38ns_24s_38_42_1_U8/col_sum_fu_518_reg[7]_i_2  | CLB.CARRY.CARRY8  |
    | grp_top_kernel_Pipeline_VITIS_LOOP_60_4_fu_410/sdiv_38ns_24s_38_42_1_U8/col_sum_fu_518_reg[15]_i_2 | CLB.CARRY.CARRY8  |
    | grp_top_kernel_Pipeline_VITIS_LOOP_60_4_fu_410/sdiv_38ns_24s_38_42_1_U8/col_sum_fu_518_reg[22]_i_5 | CLB.CARRY.CARRY8  |
    | grp_top_kernel_Pipeline_VITIS_LOOP_60_4_fu_410/sdiv_38ns_24s_38_42_1_U8/col_sum_40_fu_358[22]_i_1  | CLB.LUT.LUT3      |
    | grp_top_kernel_Pipeline_VITIS_LOOP_60_4_fu_410/col_sum_40_fu_358_reg[12]                           | REGISTER.SDR.FDSE |
    | grp_top_kernel_Pipeline_VITIS_LOOP_60_4_fu_410/b_reg_5371_pp0_iter41_reg_reg[1]__0                 | REGISTER.SDR.FDRE |
    | grp_top_kernel_Pipeline_VITIS_LOOP_60_4_fu_410/col_sum_fu_518[7]_i_24                              | CLB.LUT.LUT6      |
    | grp_top_kernel_Pipeline_VITIS_LOOP_60_4_fu_410/col_sum_fu_518[7]_i_4                               | CLB.LUT.LUT6      |
    | grp_top_kernel_Pipeline_VITIS_LOOP_60_4_fu_410/sdiv_38ns_24s_38_42_1_U8/col_sum_fu_518[7]_i_12     | CLB.LUT.LUT6      |
    | grp_top_kernel_Pipeline_VITIS_LOOP_60_4_fu_410/sdiv_38ns_24s_38_42_1_U8/col_sum_fu_518_reg[7]_i_2  | CLB.CARRY.CARRY8  |
    | grp_top_kernel_Pipeline_VITIS_LOOP_60_4_fu_410/sdiv_38ns_24s_38_42_1_U8/col_sum_fu_518_reg[15]_i_2 | CLB.CARRY.CARRY8  |
    | grp_top_kernel_Pipeline_VITIS_LOOP_60_4_fu_410/sdiv_38ns_24s_38_42_1_U8/col_sum_fu_518_reg[22]_i_5 | CLB.CARRY.CARRY8  |
    | grp_top_kernel_Pipeline_VITIS_LOOP_60_4_fu_410/sdiv_38ns_24s_38_42_1_U8/col_sum_fu_518[22]_i_1     | CLB.LUT.LUT3      |
    | grp_top_kernel_Pipeline_VITIS_LOOP_60_4_fu_410/col_sum_fu_518_reg[6]                               | REGISTER.SDR.FDSE |
    | grp_top_kernel_Pipeline_VITIS_LOOP_60_4_fu_410/b_reg_5371_pp0_iter41_reg_reg[1]__0                 | REGISTER.SDR.FDRE |
    | grp_top_kernel_Pipeline_VITIS_LOOP_60_4_fu_410/col_sum_fu_518[7]_i_24                              | CLB.LUT.LUT6      |
    | grp_top_kernel_Pipeline_VITIS_LOOP_60_4_fu_410/col_sum_fu_518[7]_i_4                               | CLB.LUT.LUT6      |
    | grp_top_kernel_Pipeline_VITIS_LOOP_60_4_fu_410/sdiv_38ns_24s_38_42_1_U8/col_sum_fu_518[7]_i_12     | CLB.LUT.LUT6      |
    | grp_top_kernel_Pipeline_VITIS_LOOP_60_4_fu_410/sdiv_38ns_24s_38_42_1_U8/col_sum_fu_518_reg[7]_i_2  | CLB.CARRY.CARRY8  |
    | grp_top_kernel_Pipeline_VITIS_LOOP_60_4_fu_410/sdiv_38ns_24s_38_42_1_U8/col_sum_fu_518_reg[15]_i_2 | CLB.CARRY.CARRY8  |
    | grp_top_kernel_Pipeline_VITIS_LOOP_60_4_fu_410/sdiv_38ns_24s_38_42_1_U8/col_sum_fu_518_reg[22]_i_5 | CLB.CARRY.CARRY8  |
    | grp_top_kernel_Pipeline_VITIS_LOOP_60_4_fu_410/sdiv_38ns_24s_38_42_1_U8/col_sum_fu_518[22]_i_1     | CLB.LUT.LUT3      |
    | grp_top_kernel_Pipeline_VITIS_LOOP_60_4_fu_410/col_sum_fu_518_reg[8]                               | REGISTER.SDR.FDSE |
    | grp_top_kernel_Pipeline_VITIS_LOOP_60_4_fu_410/b_reg_5371_pp0_iter41_reg_reg[1]__0                 | REGISTER.SDR.FDRE |
    | grp_top_kernel_Pipeline_VITIS_LOOP_60_4_fu_410/col_sum_fu_518[7]_i_24                              | CLB.LUT.LUT6      |
    | grp_top_kernel_Pipeline_VITIS_LOOP_60_4_fu_410/col_sum_fu_518[7]_i_4                               | CLB.LUT.LUT6      |
    | grp_top_kernel_Pipeline_VITIS_LOOP_60_4_fu_410/sdiv_38ns_24s_38_42_1_U8/col_sum_fu_518[7]_i_12     | CLB.LUT.LUT6      |
    | grp_top_kernel_Pipeline_VITIS_LOOP_60_4_fu_410/sdiv_38ns_24s_38_42_1_U8/col_sum_fu_518_reg[7]_i_2  | CLB.CARRY.CARRY8  |
    | grp_top_kernel_Pipeline_VITIS_LOOP_60_4_fu_410/sdiv_38ns_24s_38_42_1_U8/col_sum_fu_518_reg[15]_i_2 | CLB.CARRY.CARRY8  |
    | grp_top_kernel_Pipeline_VITIS_LOOP_60_4_fu_410/sdiv_38ns_24s_38_42_1_U8/col_sum_fu_518_reg[22]_i_5 | CLB.CARRY.CARRY8  |
    | grp_top_kernel_Pipeline_VITIS_LOOP_60_4_fu_410/sdiv_38ns_24s_38_42_1_U8/col_sum_40_fu_358[22]_i_1  | CLB.LUT.LUT3      |
    | grp_top_kernel_Pipeline_VITIS_LOOP_60_4_fu_410/col_sum_40_fu_358_reg[11]                           | REGISTER.SDR.FDSE |
    +----------------------------------------------------------------------------------------------------+-------------------+

    +----------------------------------------------------------------------------------------------------+-------------------+
    | Path2 Cells                                                                                        | Primitive Type    |
    +----------------------------------------------------------------------------------------------------+-------------------+
    | grp_top_kernel_Pipeline_VITIS_LOOP_60_4_fu_410/b_reg_5371_pp0_iter41_reg_reg[1]__0                 | REGISTER.SDR.FDRE |
    | grp_top_kernel_Pipeline_VITIS_LOOP_60_4_fu_410/col_sum_fu_518[7]_i_24                              | CLB.LUT.LUT6      |
    | grp_top_kernel_Pipeline_VITIS_LOOP_60_4_fu_410/col_sum_fu_518[7]_i_4                               | CLB.LUT.LUT6      |
    | grp_top_kernel_Pipeline_VITIS_LOOP_60_4_fu_410/sdiv_38ns_24s_38_42_1_U8/col_sum_fu_518[7]_i_12     | CLB.LUT.LUT6      |
    | grp_top_kernel_Pipeline_VITIS_LOOP_60_4_fu_410/sdiv_38ns_24s_38_42_1_U8/col_sum_fu_518_reg[7]_i_2  | CLB.CARRY.CARRY8  |
    | grp_top_kernel_Pipeline_VITIS_LOOP_60_4_fu_410/sdiv_38ns_24s_38_42_1_U8/col_sum_fu_518_reg[15]_i_2 | CLB.CARRY.CARRY8  |
    | grp_top_kernel_Pipeline_VITIS_LOOP_60_4_fu_410/sdiv_38ns_24s_38_42_1_U8/col_sum_fu_518_reg[22]_i_5 | CLB.CARRY.CARRY8  |
    | grp_top_kernel_Pipeline_VITIS_LOOP_60_4_fu_410/sdiv_38ns_24s_38_42_1_U8/col_sum_40_fu_358[22]_i_1  | CLB.LUT.LUT3      |
    | grp_top_kernel_Pipeline_VITIS_LOOP_60_4_fu_410/col_sum_40_fu_358_reg[0]                            | REGISTER.SDR.FDSE |
    | grp_top_kernel_Pipeline_VITIS_LOOP_60_4_fu_410/b_reg_5371_pp0_iter41_reg_reg[1]__0                 | REGISTER.SDR.FDRE |
    | grp_top_kernel_Pipeline_VITIS_LOOP_60_4_fu_410/col_sum_fu_518[7]_i_24                              | CLB.LUT.LUT6      |
    | grp_top_kernel_Pipeline_VITIS_LOOP_60_4_fu_410/col_sum_fu_518[7]_i_4                               | CLB.LUT.LUT6      |
    | grp_top_kernel_Pipeline_VITIS_LOOP_60_4_fu_410/sdiv_38ns_24s_38_42_1_U8/col_sum_fu_518[7]_i_12     | CLB.LUT.LUT6      |
    | grp_top_kernel_Pipeline_VITIS_LOOP_60_4_fu_410/sdiv_38ns_24s_38_42_1_U8/col_sum_fu_518_reg[7]_i_2  | CLB.CARRY.CARRY8  |
    | grp_top_kernel_Pipeline_VITIS_LOOP_60_4_fu_410/sdiv_38ns_24s_38_42_1_U8/col_sum_fu_518_reg[15]_i_2 | CLB.CARRY.CARRY8  |
    | grp_top_kernel_Pipeline_VITIS_LOOP_60_4_fu_410/sdiv_38ns_24s_38_42_1_U8/col_sum_fu_518_reg[22]_i_5 | CLB.CARRY.CARRY8  |
    | grp_top_kernel_Pipeline_VITIS_LOOP_60_4_fu_410/sdiv_38ns_24s_38_42_1_U8/col_sum_40_fu_358[22]_i_1  | CLB.LUT.LUT3      |
    | grp_top_kernel_Pipeline_VITIS_LOOP_60_4_fu_410/col_sum_40_fu_358_reg[12]                           | REGISTER.SDR.FDSE |
    | grp_top_kernel_Pipeline_VITIS_LOOP_60_4_fu_410/b_reg_5371_pp0_iter41_reg_reg[1]__0                 | REGISTER.SDR.FDRE |
    | grp_top_kernel_Pipeline_VITIS_LOOP_60_4_fu_410/col_sum_fu_518[7]_i_24                              | CLB.LUT.LUT6      |
    | grp_top_kernel_Pipeline_VITIS_LOOP_60_4_fu_410/col_sum_fu_518[7]_i_4                               | CLB.LUT.LUT6      |
    | grp_top_kernel_Pipeline_VITIS_LOOP_60_4_fu_410/sdiv_38ns_24s_38_42_1_U8/col_sum_fu_518[7]_i_12     | CLB.LUT.LUT6      |
    | grp_top_kernel_Pipeline_VITIS_LOOP_60_4_fu_410/sdiv_38ns_24s_38_42_1_U8/col_sum_fu_518_reg[7]_i_2  | CLB.CARRY.CARRY8  |
    | grp_top_kernel_Pipeline_VITIS_LOOP_60_4_fu_410/sdiv_38ns_24s_38_42_1_U8/col_sum_fu_518_reg[15]_i_2 | CLB.CARRY.CARRY8  |
    | grp_top_kernel_Pipeline_VITIS_LOOP_60_4_fu_410/sdiv_38ns_24s_38_42_1_U8/col_sum_fu_518_reg[22]_i_5 | CLB.CARRY.CARRY8  |
    | grp_top_kernel_Pipeline_VITIS_LOOP_60_4_fu_410/sdiv_38ns_24s_38_42_1_U8/col_sum_fu_518[22]_i_1     | CLB.LUT.LUT3      |
    | grp_top_kernel_Pipeline_VITIS_LOOP_60_4_fu_410/col_sum_fu_518_reg[6]                               | REGISTER.SDR.FDSE |
    | grp_top_kernel_Pipeline_VITIS_LOOP_60_4_fu_410/b_reg_5371_pp0_iter41_reg_reg[1]__0                 | REGISTER.SDR.FDRE |
    | grp_top_kernel_Pipeline_VITIS_LOOP_60_4_fu_410/col_sum_fu_518[7]_i_24                              | CLB.LUT.LUT6      |
    | grp_top_kernel_Pipeline_VITIS_LOOP_60_4_fu_410/col_sum_fu_518[7]_i_4                               | CLB.LUT.LUT6      |
    | grp_top_kernel_Pipeline_VITIS_LOOP_60_4_fu_410/sdiv_38ns_24s_38_42_1_U8/col_sum_fu_518[7]_i_12     | CLB.LUT.LUT6      |
    | grp_top_kernel_Pipeline_VITIS_LOOP_60_4_fu_410/sdiv_38ns_24s_38_42_1_U8/col_sum_fu_518_reg[7]_i_2  | CLB.CARRY.CARRY8  |
    | grp_top_kernel_Pipeline_VITIS_LOOP_60_4_fu_410/sdiv_38ns_24s_38_42_1_U8/col_sum_fu_518_reg[15]_i_2 | CLB.CARRY.CARRY8  |
    | grp_top_kernel_Pipeline_VITIS_LOOP_60_4_fu_410/sdiv_38ns_24s_38_42_1_U8/col_sum_fu_518_reg[22]_i_5 | CLB.CARRY.CARRY8  |
    | grp_top_kernel_Pipeline_VITIS_LOOP_60_4_fu_410/sdiv_38ns_24s_38_42_1_U8/col_sum_fu_518[22]_i_1     | CLB.LUT.LUT3      |
    | grp_top_kernel_Pipeline_VITIS_LOOP_60_4_fu_410/col_sum_fu_518_reg[8]                               | REGISTER.SDR.FDSE |
    | grp_top_kernel_Pipeline_VITIS_LOOP_60_4_fu_410/b_reg_5371_pp0_iter41_reg_reg[1]__0                 | REGISTER.SDR.FDRE |
    | grp_top_kernel_Pipeline_VITIS_LOOP_60_4_fu_410/col_sum_fu_518[7]_i_24                              | CLB.LUT.LUT6      |
    | grp_top_kernel_Pipeline_VITIS_LOOP_60_4_fu_410/col_sum_fu_518[7]_i_4                               | CLB.LUT.LUT6      |
    | grp_top_kernel_Pipeline_VITIS_LOOP_60_4_fu_410/sdiv_38ns_24s_38_42_1_U8/col_sum_fu_518[7]_i_12     | CLB.LUT.LUT6      |
    | grp_top_kernel_Pipeline_VITIS_LOOP_60_4_fu_410/sdiv_38ns_24s_38_42_1_U8/col_sum_fu_518_reg[7]_i_2  | CLB.CARRY.CARRY8  |
    | grp_top_kernel_Pipeline_VITIS_LOOP_60_4_fu_410/sdiv_38ns_24s_38_42_1_U8/col_sum_fu_518_reg[15]_i_2 | CLB.CARRY.CARRY8  |
    | grp_top_kernel_Pipeline_VITIS_LOOP_60_4_fu_410/sdiv_38ns_24s_38_42_1_U8/col_sum_fu_518_reg[22]_i_5 | CLB.CARRY.CARRY8  |
    | grp_top_kernel_Pipeline_VITIS_LOOP_60_4_fu_410/sdiv_38ns_24s_38_42_1_U8/col_sum_40_fu_358[22]_i_1  | CLB.LUT.LUT3      |
    | grp_top_kernel_Pipeline_VITIS_LOOP_60_4_fu_410/col_sum_40_fu_358_reg[11]                           | REGISTER.SDR.FDSE |
    +----------------------------------------------------------------------------------------------------+-------------------+

    +----------------------------------------------------------------------------------------------------+-------------------+
    | Path3 Cells                                                                                        | Primitive Type    |
    +----------------------------------------------------------------------------------------------------+-------------------+
    | grp_top_kernel_Pipeline_VITIS_LOOP_60_4_fu_410/b_reg_5371_pp0_iter41_reg_reg[1]__0                 | REGISTER.SDR.FDRE |
    | grp_top_kernel_Pipeline_VITIS_LOOP_60_4_fu_410/col_sum_fu_518[7]_i_24                              | CLB.LUT.LUT6      |
    | grp_top_kernel_Pipeline_VITIS_LOOP_60_4_fu_410/col_sum_fu_518[7]_i_4                               | CLB.LUT.LUT6      |
    | grp_top_kernel_Pipeline_VITIS_LOOP_60_4_fu_410/sdiv_38ns_24s_38_42_1_U8/col_sum_fu_518[7]_i_12     | CLB.LUT.LUT6      |
    | grp_top_kernel_Pipeline_VITIS_LOOP_60_4_fu_410/sdiv_38ns_24s_38_42_1_U8/col_sum_fu_518_reg[7]_i_2  | CLB.CARRY.CARRY8  |
    | grp_top_kernel_Pipeline_VITIS_LOOP_60_4_fu_410/sdiv_38ns_24s_38_42_1_U8/col_sum_fu_518_reg[15]_i_2 | CLB.CARRY.CARRY8  |
    | grp_top_kernel_Pipeline_VITIS_LOOP_60_4_fu_410/sdiv_38ns_24s_38_42_1_U8/col_sum_fu_518_reg[22]_i_5 | CLB.CARRY.CARRY8  |
    | grp_top_kernel_Pipeline_VITIS_LOOP_60_4_fu_410/sdiv_38ns_24s_38_42_1_U8/col_sum_40_fu_358[22]_i_1  | CLB.LUT.LUT3      |
    | grp_top_kernel_Pipeline_VITIS_LOOP_60_4_fu_410/col_sum_40_fu_358_reg[0]                            | REGISTER.SDR.FDSE |
    | grp_top_kernel_Pipeline_VITIS_LOOP_60_4_fu_410/b_reg_5371_pp0_iter41_reg_reg[1]__0                 | REGISTER.SDR.FDRE |
    | grp_top_kernel_Pipeline_VITIS_LOOP_60_4_fu_410/col_sum_fu_518[7]_i_24                              | CLB.LUT.LUT6      |
    | grp_top_kernel_Pipeline_VITIS_LOOP_60_4_fu_410/col_sum_fu_518[7]_i_4                               | CLB.LUT.LUT6      |
    | grp_top_kernel_Pipeline_VITIS_LOOP_60_4_fu_410/sdiv_38ns_24s_38_42_1_U8/col_sum_fu_518[7]_i_12     | CLB.LUT.LUT6      |
    | grp_top_kernel_Pipeline_VITIS_LOOP_60_4_fu_410/sdiv_38ns_24s_38_42_1_U8/col_sum_fu_518_reg[7]_i_2  | CLB.CARRY.CARRY8  |
    | grp_top_kernel_Pipeline_VITIS_LOOP_60_4_fu_410/sdiv_38ns_24s_38_42_1_U8/col_sum_fu_518_reg[15]_i_2 | CLB.CARRY.CARRY8  |
    | grp_top_kernel_Pipeline_VITIS_LOOP_60_4_fu_410/sdiv_38ns_24s_38_42_1_U8/col_sum_fu_518_reg[22]_i_5 | CLB.CARRY.CARRY8  |
    | grp_top_kernel_Pipeline_VITIS_LOOP_60_4_fu_410/sdiv_38ns_24s_38_42_1_U8/col_sum_40_fu_358[22]_i_1  | CLB.LUT.LUT3      |
    | grp_top_kernel_Pipeline_VITIS_LOOP_60_4_fu_410/col_sum_40_fu_358_reg[12]                           | REGISTER.SDR.FDSE |
    | grp_top_kernel_Pipeline_VITIS_LOOP_60_4_fu_410/b_reg_5371_pp0_iter41_reg_reg[1]__0                 | REGISTER.SDR.FDRE |
    | grp_top_kernel_Pipeline_VITIS_LOOP_60_4_fu_410/col_sum_fu_518[7]_i_24                              | CLB.LUT.LUT6      |
    | grp_top_kernel_Pipeline_VITIS_LOOP_60_4_fu_410/col_sum_fu_518[7]_i_4                               | CLB.LUT.LUT6      |
    | grp_top_kernel_Pipeline_VITIS_LOOP_60_4_fu_410/sdiv_38ns_24s_38_42_1_U8/col_sum_fu_518[7]_i_12     | CLB.LUT.LUT6      |
    | grp_top_kernel_Pipeline_VITIS_LOOP_60_4_fu_410/sdiv_38ns_24s_38_42_1_U8/col_sum_fu_518_reg[7]_i_2  | CLB.CARRY.CARRY8  |
    | grp_top_kernel_Pipeline_VITIS_LOOP_60_4_fu_410/sdiv_38ns_24s_38_42_1_U8/col_sum_fu_518_reg[15]_i_2 | CLB.CARRY.CARRY8  |
    | grp_top_kernel_Pipeline_VITIS_LOOP_60_4_fu_410/sdiv_38ns_24s_38_42_1_U8/col_sum_fu_518_reg[22]_i_5 | CLB.CARRY.CARRY8  |
    | grp_top_kernel_Pipeline_VITIS_LOOP_60_4_fu_410/sdiv_38ns_24s_38_42_1_U8/col_sum_fu_518[22]_i_1     | CLB.LUT.LUT3      |
    | grp_top_kernel_Pipeline_VITIS_LOOP_60_4_fu_410/col_sum_fu_518_reg[6]                               | REGISTER.SDR.FDSE |
    | grp_top_kernel_Pipeline_VITIS_LOOP_60_4_fu_410/b_reg_5371_pp0_iter41_reg_reg[1]__0                 | REGISTER.SDR.FDRE |
    | grp_top_kernel_Pipeline_VITIS_LOOP_60_4_fu_410/col_sum_fu_518[7]_i_24                              | CLB.LUT.LUT6      |
    | grp_top_kernel_Pipeline_VITIS_LOOP_60_4_fu_410/col_sum_fu_518[7]_i_4                               | CLB.LUT.LUT6      |
    | grp_top_kernel_Pipeline_VITIS_LOOP_60_4_fu_410/sdiv_38ns_24s_38_42_1_U8/col_sum_fu_518[7]_i_12     | CLB.LUT.LUT6      |
    | grp_top_kernel_Pipeline_VITIS_LOOP_60_4_fu_410/sdiv_38ns_24s_38_42_1_U8/col_sum_fu_518_reg[7]_i_2  | CLB.CARRY.CARRY8  |
    | grp_top_kernel_Pipeline_VITIS_LOOP_60_4_fu_410/sdiv_38ns_24s_38_42_1_U8/col_sum_fu_518_reg[15]_i_2 | CLB.CARRY.CARRY8  |
    | grp_top_kernel_Pipeline_VITIS_LOOP_60_4_fu_410/sdiv_38ns_24s_38_42_1_U8/col_sum_fu_518_reg[22]_i_5 | CLB.CARRY.CARRY8  |
    | grp_top_kernel_Pipeline_VITIS_LOOP_60_4_fu_410/sdiv_38ns_24s_38_42_1_U8/col_sum_fu_518[22]_i_1     | CLB.LUT.LUT3      |
    | grp_top_kernel_Pipeline_VITIS_LOOP_60_4_fu_410/col_sum_fu_518_reg[8]                               | REGISTER.SDR.FDSE |
    | grp_top_kernel_Pipeline_VITIS_LOOP_60_4_fu_410/b_reg_5371_pp0_iter41_reg_reg[1]__0                 | REGISTER.SDR.FDRE |
    | grp_top_kernel_Pipeline_VITIS_LOOP_60_4_fu_410/col_sum_fu_518[7]_i_24                              | CLB.LUT.LUT6      |
    | grp_top_kernel_Pipeline_VITIS_LOOP_60_4_fu_410/col_sum_fu_518[7]_i_4                               | CLB.LUT.LUT6      |
    | grp_top_kernel_Pipeline_VITIS_LOOP_60_4_fu_410/sdiv_38ns_24s_38_42_1_U8/col_sum_fu_518[7]_i_12     | CLB.LUT.LUT6      |
    | grp_top_kernel_Pipeline_VITIS_LOOP_60_4_fu_410/sdiv_38ns_24s_38_42_1_U8/col_sum_fu_518_reg[7]_i_2  | CLB.CARRY.CARRY8  |
    | grp_top_kernel_Pipeline_VITIS_LOOP_60_4_fu_410/sdiv_38ns_24s_38_42_1_U8/col_sum_fu_518_reg[15]_i_2 | CLB.CARRY.CARRY8  |
    | grp_top_kernel_Pipeline_VITIS_LOOP_60_4_fu_410/sdiv_38ns_24s_38_42_1_U8/col_sum_fu_518_reg[22]_i_5 | CLB.CARRY.CARRY8  |
    | grp_top_kernel_Pipeline_VITIS_LOOP_60_4_fu_410/sdiv_38ns_24s_38_42_1_U8/col_sum_40_fu_358[22]_i_1  | CLB.LUT.LUT3      |
    | grp_top_kernel_Pipeline_VITIS_LOOP_60_4_fu_410/col_sum_40_fu_358_reg[11]                           | REGISTER.SDR.FDSE |
    +----------------------------------------------------------------------------------------------------+-------------------+

    +----------------------------------------------------------------------------------------------------+-------------------+
    | Path4 Cells                                                                                        | Primitive Type    |
    +----------------------------------------------------------------------------------------------------+-------------------+
    | grp_top_kernel_Pipeline_VITIS_LOOP_60_4_fu_410/b_reg_5371_pp0_iter41_reg_reg[1]__0                 | REGISTER.SDR.FDRE |
    | grp_top_kernel_Pipeline_VITIS_LOOP_60_4_fu_410/col_sum_fu_518[7]_i_24                              | CLB.LUT.LUT6      |
    | grp_top_kernel_Pipeline_VITIS_LOOP_60_4_fu_410/col_sum_fu_518[7]_i_4                               | CLB.LUT.LUT6      |
    | grp_top_kernel_Pipeline_VITIS_LOOP_60_4_fu_410/sdiv_38ns_24s_38_42_1_U8/col_sum_fu_518[7]_i_12     | CLB.LUT.LUT6      |
    | grp_top_kernel_Pipeline_VITIS_LOOP_60_4_fu_410/sdiv_38ns_24s_38_42_1_U8/col_sum_fu_518_reg[7]_i_2  | CLB.CARRY.CARRY8  |
    | grp_top_kernel_Pipeline_VITIS_LOOP_60_4_fu_410/sdiv_38ns_24s_38_42_1_U8/col_sum_fu_518_reg[15]_i_2 | CLB.CARRY.CARRY8  |
    | grp_top_kernel_Pipeline_VITIS_LOOP_60_4_fu_410/sdiv_38ns_24s_38_42_1_U8/col_sum_fu_518_reg[22]_i_5 | CLB.CARRY.CARRY8  |
    | grp_top_kernel_Pipeline_VITIS_LOOP_60_4_fu_410/sdiv_38ns_24s_38_42_1_U8/col_sum_40_fu_358[22]_i_1  | CLB.LUT.LUT3      |
    | grp_top_kernel_Pipeline_VITIS_LOOP_60_4_fu_410/col_sum_40_fu_358_reg[0]                            | REGISTER.SDR.FDSE |
    | grp_top_kernel_Pipeline_VITIS_LOOP_60_4_fu_410/b_reg_5371_pp0_iter41_reg_reg[1]__0                 | REGISTER.SDR.FDRE |
    | grp_top_kernel_Pipeline_VITIS_LOOP_60_4_fu_410/col_sum_fu_518[7]_i_24                              | CLB.LUT.LUT6      |
    | grp_top_kernel_Pipeline_VITIS_LOOP_60_4_fu_410/col_sum_fu_518[7]_i_4                               | CLB.LUT.LUT6      |
    | grp_top_kernel_Pipeline_VITIS_LOOP_60_4_fu_410/sdiv_38ns_24s_38_42_1_U8/col_sum_fu_518[7]_i_12     | CLB.LUT.LUT6      |
    | grp_top_kernel_Pipeline_VITIS_LOOP_60_4_fu_410/sdiv_38ns_24s_38_42_1_U8/col_sum_fu_518_reg[7]_i_2  | CLB.CARRY.CARRY8  |
    | grp_top_kernel_Pipeline_VITIS_LOOP_60_4_fu_410/sdiv_38ns_24s_38_42_1_U8/col_sum_fu_518_reg[15]_i_2 | CLB.CARRY.CARRY8  |
    | grp_top_kernel_Pipeline_VITIS_LOOP_60_4_fu_410/sdiv_38ns_24s_38_42_1_U8/col_sum_fu_518_reg[22]_i_5 | CLB.CARRY.CARRY8  |
    | grp_top_kernel_Pipeline_VITIS_LOOP_60_4_fu_410/sdiv_38ns_24s_38_42_1_U8/col_sum_40_fu_358[22]_i_1  | CLB.LUT.LUT3      |
    | grp_top_kernel_Pipeline_VITIS_LOOP_60_4_fu_410/col_sum_40_fu_358_reg[12]                           | REGISTER.SDR.FDSE |
    | grp_top_kernel_Pipeline_VITIS_LOOP_60_4_fu_410/b_reg_5371_pp0_iter41_reg_reg[1]__0                 | REGISTER.SDR.FDRE |
    | grp_top_kernel_Pipeline_VITIS_LOOP_60_4_fu_410/col_sum_fu_518[7]_i_24                              | CLB.LUT.LUT6      |
    | grp_top_kernel_Pipeline_VITIS_LOOP_60_4_fu_410/col_sum_fu_518[7]_i_4                               | CLB.LUT.LUT6      |
    | grp_top_kernel_Pipeline_VITIS_LOOP_60_4_fu_410/sdiv_38ns_24s_38_42_1_U8/col_sum_fu_518[7]_i_12     | CLB.LUT.LUT6      |
    | grp_top_kernel_Pipeline_VITIS_LOOP_60_4_fu_410/sdiv_38ns_24s_38_42_1_U8/col_sum_fu_518_reg[7]_i_2  | CLB.CARRY.CARRY8  |
    | grp_top_kernel_Pipeline_VITIS_LOOP_60_4_fu_410/sdiv_38ns_24s_38_42_1_U8/col_sum_fu_518_reg[15]_i_2 | CLB.CARRY.CARRY8  |
    | grp_top_kernel_Pipeline_VITIS_LOOP_60_4_fu_410/sdiv_38ns_24s_38_42_1_U8/col_sum_fu_518_reg[22]_i_5 | CLB.CARRY.CARRY8  |
    | grp_top_kernel_Pipeline_VITIS_LOOP_60_4_fu_410/sdiv_38ns_24s_38_42_1_U8/col_sum_fu_518[22]_i_1     | CLB.LUT.LUT3      |
    | grp_top_kernel_Pipeline_VITIS_LOOP_60_4_fu_410/col_sum_fu_518_reg[6]                               | REGISTER.SDR.FDSE |
    | grp_top_kernel_Pipeline_VITIS_LOOP_60_4_fu_410/b_reg_5371_pp0_iter41_reg_reg[1]__0                 | REGISTER.SDR.FDRE |
    | grp_top_kernel_Pipeline_VITIS_LOOP_60_4_fu_410/col_sum_fu_518[7]_i_24                              | CLB.LUT.LUT6      |
    | grp_top_kernel_Pipeline_VITIS_LOOP_60_4_fu_410/col_sum_fu_518[7]_i_4                               | CLB.LUT.LUT6      |
    | grp_top_kernel_Pipeline_VITIS_LOOP_60_4_fu_410/sdiv_38ns_24s_38_42_1_U8/col_sum_fu_518[7]_i_12     | CLB.LUT.LUT6      |
    | grp_top_kernel_Pipeline_VITIS_LOOP_60_4_fu_410/sdiv_38ns_24s_38_42_1_U8/col_sum_fu_518_reg[7]_i_2  | CLB.CARRY.CARRY8  |
    | grp_top_kernel_Pipeline_VITIS_LOOP_60_4_fu_410/sdiv_38ns_24s_38_42_1_U8/col_sum_fu_518_reg[15]_i_2 | CLB.CARRY.CARRY8  |
    | grp_top_kernel_Pipeline_VITIS_LOOP_60_4_fu_410/sdiv_38ns_24s_38_42_1_U8/col_sum_fu_518_reg[22]_i_5 | CLB.CARRY.CARRY8  |
    | grp_top_kernel_Pipeline_VITIS_LOOP_60_4_fu_410/sdiv_38ns_24s_38_42_1_U8/col_sum_fu_518[22]_i_1     | CLB.LUT.LUT3      |
    | grp_top_kernel_Pipeline_VITIS_LOOP_60_4_fu_410/col_sum_fu_518_reg[8]                               | REGISTER.SDR.FDSE |
    | grp_top_kernel_Pipeline_VITIS_LOOP_60_4_fu_410/b_reg_5371_pp0_iter41_reg_reg[1]__0                 | REGISTER.SDR.FDRE |
    | grp_top_kernel_Pipeline_VITIS_LOOP_60_4_fu_410/col_sum_fu_518[7]_i_24                              | CLB.LUT.LUT6      |
    | grp_top_kernel_Pipeline_VITIS_LOOP_60_4_fu_410/col_sum_fu_518[7]_i_4                               | CLB.LUT.LUT6      |
    | grp_top_kernel_Pipeline_VITIS_LOOP_60_4_fu_410/sdiv_38ns_24s_38_42_1_U8/col_sum_fu_518[7]_i_12     | CLB.LUT.LUT6      |
    | grp_top_kernel_Pipeline_VITIS_LOOP_60_4_fu_410/sdiv_38ns_24s_38_42_1_U8/col_sum_fu_518_reg[7]_i_2  | CLB.CARRY.CARRY8  |
    | grp_top_kernel_Pipeline_VITIS_LOOP_60_4_fu_410/sdiv_38ns_24s_38_42_1_U8/col_sum_fu_518_reg[15]_i_2 | CLB.CARRY.CARRY8  |
    | grp_top_kernel_Pipeline_VITIS_LOOP_60_4_fu_410/sdiv_38ns_24s_38_42_1_U8/col_sum_fu_518_reg[22]_i_5 | CLB.CARRY.CARRY8  |
    | grp_top_kernel_Pipeline_VITIS_LOOP_60_4_fu_410/sdiv_38ns_24s_38_42_1_U8/col_sum_40_fu_358[22]_i_1  | CLB.LUT.LUT3      |
    | grp_top_kernel_Pipeline_VITIS_LOOP_60_4_fu_410/col_sum_40_fu_358_reg[11]                           | REGISTER.SDR.FDSE |
    +----------------------------------------------------------------------------------------------------+-------------------+

    +----------------------------------------------------------------------------------------------------+-------------------+
    | Path5 Cells                                                                                        | Primitive Type    |
    +----------------------------------------------------------------------------------------------------+-------------------+
    | grp_top_kernel_Pipeline_VITIS_LOOP_60_4_fu_410/b_reg_5371_pp0_iter41_reg_reg[1]__0                 | REGISTER.SDR.FDRE |
    | grp_top_kernel_Pipeline_VITIS_LOOP_60_4_fu_410/col_sum_fu_518[7]_i_24                              | CLB.LUT.LUT6      |
    | grp_top_kernel_Pipeline_VITIS_LOOP_60_4_fu_410/col_sum_fu_518[7]_i_4                               | CLB.LUT.LUT6      |
    | grp_top_kernel_Pipeline_VITIS_LOOP_60_4_fu_410/sdiv_38ns_24s_38_42_1_U8/col_sum_fu_518[7]_i_12     | CLB.LUT.LUT6      |
    | grp_top_kernel_Pipeline_VITIS_LOOP_60_4_fu_410/sdiv_38ns_24s_38_42_1_U8/col_sum_fu_518_reg[7]_i_2  | CLB.CARRY.CARRY8  |
    | grp_top_kernel_Pipeline_VITIS_LOOP_60_4_fu_410/sdiv_38ns_24s_38_42_1_U8/col_sum_fu_518_reg[15]_i_2 | CLB.CARRY.CARRY8  |
    | grp_top_kernel_Pipeline_VITIS_LOOP_60_4_fu_410/sdiv_38ns_24s_38_42_1_U8/col_sum_fu_518_reg[22]_i_5 | CLB.CARRY.CARRY8  |
    | grp_top_kernel_Pipeline_VITIS_LOOP_60_4_fu_410/sdiv_38ns_24s_38_42_1_U8/col_sum_40_fu_358[22]_i_1  | CLB.LUT.LUT3      |
    | grp_top_kernel_Pipeline_VITIS_LOOP_60_4_fu_410/col_sum_40_fu_358_reg[0]                            | REGISTER.SDR.FDSE |
    | grp_top_kernel_Pipeline_VITIS_LOOP_60_4_fu_410/b_reg_5371_pp0_iter41_reg_reg[1]__0                 | REGISTER.SDR.FDRE |
    | grp_top_kernel_Pipeline_VITIS_LOOP_60_4_fu_410/col_sum_fu_518[7]_i_24                              | CLB.LUT.LUT6      |
    | grp_top_kernel_Pipeline_VITIS_LOOP_60_4_fu_410/col_sum_fu_518[7]_i_4                               | CLB.LUT.LUT6      |
    | grp_top_kernel_Pipeline_VITIS_LOOP_60_4_fu_410/sdiv_38ns_24s_38_42_1_U8/col_sum_fu_518[7]_i_12     | CLB.LUT.LUT6      |
    | grp_top_kernel_Pipeline_VITIS_LOOP_60_4_fu_410/sdiv_38ns_24s_38_42_1_U8/col_sum_fu_518_reg[7]_i_2  | CLB.CARRY.CARRY8  |
    | grp_top_kernel_Pipeline_VITIS_LOOP_60_4_fu_410/sdiv_38ns_24s_38_42_1_U8/col_sum_fu_518_reg[15]_i_2 | CLB.CARRY.CARRY8  |
    | grp_top_kernel_Pipeline_VITIS_LOOP_60_4_fu_410/sdiv_38ns_24s_38_42_1_U8/col_sum_fu_518_reg[22]_i_5 | CLB.CARRY.CARRY8  |
    | grp_top_kernel_Pipeline_VITIS_LOOP_60_4_fu_410/sdiv_38ns_24s_38_42_1_U8/col_sum_40_fu_358[22]_i_1  | CLB.LUT.LUT3      |
    | grp_top_kernel_Pipeline_VITIS_LOOP_60_4_fu_410/col_sum_40_fu_358_reg[12]                           | REGISTER.SDR.FDSE |
    | grp_top_kernel_Pipeline_VITIS_LOOP_60_4_fu_410/b_reg_5371_pp0_iter41_reg_reg[1]__0                 | REGISTER.SDR.FDRE |
    | grp_top_kernel_Pipeline_VITIS_LOOP_60_4_fu_410/col_sum_fu_518[7]_i_24                              | CLB.LUT.LUT6      |
    | grp_top_kernel_Pipeline_VITIS_LOOP_60_4_fu_410/col_sum_fu_518[7]_i_4                               | CLB.LUT.LUT6      |
    | grp_top_kernel_Pipeline_VITIS_LOOP_60_4_fu_410/sdiv_38ns_24s_38_42_1_U8/col_sum_fu_518[7]_i_12     | CLB.LUT.LUT6      |
    | grp_top_kernel_Pipeline_VITIS_LOOP_60_4_fu_410/sdiv_38ns_24s_38_42_1_U8/col_sum_fu_518_reg[7]_i_2  | CLB.CARRY.CARRY8  |
    | grp_top_kernel_Pipeline_VITIS_LOOP_60_4_fu_410/sdiv_38ns_24s_38_42_1_U8/col_sum_fu_518_reg[15]_i_2 | CLB.CARRY.CARRY8  |
    | grp_top_kernel_Pipeline_VITIS_LOOP_60_4_fu_410/sdiv_38ns_24s_38_42_1_U8/col_sum_fu_518_reg[22]_i_5 | CLB.CARRY.CARRY8  |
    | grp_top_kernel_Pipeline_VITIS_LOOP_60_4_fu_410/sdiv_38ns_24s_38_42_1_U8/col_sum_fu_518[22]_i_1     | CLB.LUT.LUT3      |
    | grp_top_kernel_Pipeline_VITIS_LOOP_60_4_fu_410/col_sum_fu_518_reg[6]                               | REGISTER.SDR.FDSE |
    | grp_top_kernel_Pipeline_VITIS_LOOP_60_4_fu_410/b_reg_5371_pp0_iter41_reg_reg[1]__0                 | REGISTER.SDR.FDRE |
    | grp_top_kernel_Pipeline_VITIS_LOOP_60_4_fu_410/col_sum_fu_518[7]_i_24                              | CLB.LUT.LUT6      |
    | grp_top_kernel_Pipeline_VITIS_LOOP_60_4_fu_410/col_sum_fu_518[7]_i_4                               | CLB.LUT.LUT6      |
    | grp_top_kernel_Pipeline_VITIS_LOOP_60_4_fu_410/sdiv_38ns_24s_38_42_1_U8/col_sum_fu_518[7]_i_12     | CLB.LUT.LUT6      |
    | grp_top_kernel_Pipeline_VITIS_LOOP_60_4_fu_410/sdiv_38ns_24s_38_42_1_U8/col_sum_fu_518_reg[7]_i_2  | CLB.CARRY.CARRY8  |
    | grp_top_kernel_Pipeline_VITIS_LOOP_60_4_fu_410/sdiv_38ns_24s_38_42_1_U8/col_sum_fu_518_reg[15]_i_2 | CLB.CARRY.CARRY8  |
    | grp_top_kernel_Pipeline_VITIS_LOOP_60_4_fu_410/sdiv_38ns_24s_38_42_1_U8/col_sum_fu_518_reg[22]_i_5 | CLB.CARRY.CARRY8  |
    | grp_top_kernel_Pipeline_VITIS_LOOP_60_4_fu_410/sdiv_38ns_24s_38_42_1_U8/col_sum_fu_518[22]_i_1     | CLB.LUT.LUT3      |
    | grp_top_kernel_Pipeline_VITIS_LOOP_60_4_fu_410/col_sum_fu_518_reg[8]                               | REGISTER.SDR.FDSE |
    | grp_top_kernel_Pipeline_VITIS_LOOP_60_4_fu_410/b_reg_5371_pp0_iter41_reg_reg[1]__0                 | REGISTER.SDR.FDRE |
    | grp_top_kernel_Pipeline_VITIS_LOOP_60_4_fu_410/col_sum_fu_518[7]_i_24                              | CLB.LUT.LUT6      |
    | grp_top_kernel_Pipeline_VITIS_LOOP_60_4_fu_410/col_sum_fu_518[7]_i_4                               | CLB.LUT.LUT6      |
    | grp_top_kernel_Pipeline_VITIS_LOOP_60_4_fu_410/sdiv_38ns_24s_38_42_1_U8/col_sum_fu_518[7]_i_12     | CLB.LUT.LUT6      |
    | grp_top_kernel_Pipeline_VITIS_LOOP_60_4_fu_410/sdiv_38ns_24s_38_42_1_U8/col_sum_fu_518_reg[7]_i_2  | CLB.CARRY.CARRY8  |
    | grp_top_kernel_Pipeline_VITIS_LOOP_60_4_fu_410/sdiv_38ns_24s_38_42_1_U8/col_sum_fu_518_reg[15]_i_2 | CLB.CARRY.CARRY8  |
    | grp_top_kernel_Pipeline_VITIS_LOOP_60_4_fu_410/sdiv_38ns_24s_38_42_1_U8/col_sum_fu_518_reg[22]_i_5 | CLB.CARRY.CARRY8  |
    | grp_top_kernel_Pipeline_VITIS_LOOP_60_4_fu_410/sdiv_38ns_24s_38_42_1_U8/col_sum_40_fu_358[22]_i_1  | CLB.LUT.LUT3      |
    | grp_top_kernel_Pipeline_VITIS_LOOP_60_4_fu_410/col_sum_40_fu_358_reg[11]                           | REGISTER.SDR.FDSE |
    +----------------------------------------------------------------------------------------------------+-------------------+


================================================================
== Place & Route Vivado Reports
================================================================
+--------------------------+--------------------------------------------------------------------+
| Report Type              | Report Location                                                    |
+--------------------------+--------------------------------------------------------------------+
| design_analysis          | impl/verilog/report/top_kernel_design_analysis_routed.rpt          |
| failfast                 | impl/verilog/report/top_kernel_failfast_routed.rpt                 |
| power                    | impl/verilog/report/top_kernel_power_routed.rpt                    |
| status                   | impl/verilog/report/top_kernel_status_routed.rpt                   |
| timing                   | impl/verilog/report/top_kernel_timing_routed.rpt                   |
| timing_paths             | impl/verilog/report/top_kernel_timing_paths_routed.rpt             |
| utilization              | impl/verilog/report/top_kernel_utilization_routed.rpt              |
| utilization_hierarchical | impl/verilog/report/top_kernel_utilization_hierarchical_routed.rpt |
+--------------------------+--------------------------------------------------------------------+


