Thu Feb  5 02:40:31 2026: Running xcd server. This server was built by gradle.
Thu Feb  5 02:40:31 2026: Server was asked to start on port: '44689'
Thu Feb  5 02:40:31 2026: Server is using token UUID: 'ed566e23-9dfd-43ed-9681-e5ae5f2c4052'
Thu Feb  5 02:40:31 2026: SESSION_MGR: creating session with session uuid: '6d04a3e9-ade5-4ab9-8d63-1f78fcd2ec76' and name 'default'
Thu Feb  5 02:40:31 2026: Attempting to start server on port '44689'
Thu Feb  5 02:40:31 2026: XCD main fifo: created main fifo '/tmp/xcdmained566e23-9dfd-43ed-9681-e5ae5f2c4052', fd read = 15
Thu Feb  5 02:40:31 2026: Running Dispatch Server
Thu Feb  5 02:40:31 2026: Version 2.2.0
Thu Feb  5 02:40:36 2026: Dispatch Server: Accepted socket connection from client
Thu Feb  5 02:40:36 2026: Starting Socket connection
Thu Feb  5 02:40:36 2026: EXCHANGE_TOKEN received, server token: ed566e23-9dfd-43ed-9681-e5ae5f2c4052, passed token: ed566e23-9dfd-43ed-9681-e5ae5f2c4052
Thu Feb  5 02:40:36 2026: SESSION_MGR: creating session with session uuid: '3b102306-0722-46f3-a21f-8eead210d634' and name 'vitis_hls'
Thu Feb  5 02:40:36 2026: KERNEL_SVC: creating session with uuid: '3b102306-0722-46f3-a21f-8eead210d634' and name 'vitis_hls'
Thu Feb  5 02:40:36 2026: GUIDANCE_SMGR: creating guidance session with uuid: '3b102306-0722-46f3-a21f-8eead210d634' and name 'vitis_hls'
Thu Feb  5 02:41:06 2026: Running xcd server. This server was built by gradle.
Thu Feb  5 02:41:06 2026: Server was asked to start on port: '44661'
Thu Feb  5 02:41:06 2026: Server is using token UUID: '48bac152-f1d1-40a0-b707-f5b666b6aa25'
Thu Feb  5 02:41:06 2026: SESSION_MGR: creating session with session uuid: '6d04a3e9-ade5-4ab9-8d63-1f78fcd2ec76' and name 'default'
Thu Feb  5 02:41:06 2026: Attempting to start server on port '44661'
Thu Feb  5 02:41:06 2026: XCD main fifo: created main fifo '/tmp/xcdmain48bac152-f1d1-40a0-b707-f5b666b6aa25', fd read = 15
Thu Feb  5 02:41:06 2026: Running Dispatch Server
Thu Feb  5 02:41:06 2026: Version 2.2.0
Thu Feb  5 02:41:09 2026: Dispatch Server: Accepted socket connection from client
Thu Feb  5 02:41:09 2026: Starting Socket connection
Thu Feb  5 02:41:09 2026: EXCHANGE_TOKEN received, server token: 48bac152-f1d1-40a0-b707-f5b666b6aa25, passed token: 48bac152-f1d1-40a0-b707-f5b666b6aa25
Thu Feb  5 02:41:09 2026: SESSION_MGR: creating session with session uuid: 'b9cae622-163b-494a-b30b-3f3e70000e4a' and name 'vitis_hls'
Thu Feb  5 02:41:09 2026: KERNEL_SVC: creating session with uuid: 'b9cae622-163b-494a-b30b-3f3e70000e4a' and name 'vitis_hls'
Thu Feb  5 02:41:09 2026: GUIDANCE_SMGR: creating guidance session with uuid: 'b9cae622-163b-494a-b30b-3f3e70000e4a' and name 'vitis_hls'
Thu Feb  5 02:41:09 2026: STOP_SERVER received, server token: ed566e23-9dfd-43ed-9681-e5ae5f2c4052, passed token: ed566e23-9dfd-43ed-9681-e5ae5f2c4052
Thu Feb  5 02:41:09 2026: Socket received request to stop server.
Thu Feb  5 02:41:09 2026: Dispatch Server: do_await_stop
Thu Feb  5 02:41:09 2026: Dispatch Server: stopping mainFifo_
Thu Feb  5 02:41:09 2026: XCD main fifo: Stopping
Thu Feb  5 02:41:09 2026: XCD main fifo: do_read error code: Operation canceled
Thu Feb  5 02:41:09 2026: XCD main fifo: bytes_transferred: 0
Thu Feb  5 02:41:09 2026: SERVER: destructor for server bound to port 44689
Thu Feb  5 02:41:09 2026: XCD main fifo: Good unlink of /tmp/xcdmained566e23-9dfd-43ed-9681-e5ae5f2c4052
Thu Feb  5 02:41:09 2026: Server exiting with status 0.
Thu Feb  5 02:41:09 2026: Closing log file.
Thu Feb  5 02:42:31 2026: Running xcd server. This server was built by gradle.
Thu Feb  5 02:42:31 2026: Server was asked to start on port: '38383'
Thu Feb  5 02:42:31 2026: Server is using token UUID: 'f2ad9fb2-51bc-4b35-87b2-66c092052290'
Thu Feb  5 02:42:31 2026: SESSION_MGR: creating session with session uuid: '6d04a3e9-ade5-4ab9-8d63-1f78fcd2ec76' and name 'default'
Thu Feb  5 02:42:31 2026: Attempting to start server on port '38383'
Thu Feb  5 02:42:31 2026: XCD main fifo: created main fifo '/tmp/xcdmainf2ad9fb2-51bc-4b35-87b2-66c092052290', fd read = 15
Thu Feb  5 02:42:31 2026: Running Dispatch Server
Thu Feb  5 02:42:31 2026: Version 2.2.0
Thu Feb  5 02:42:34 2026: Dispatch Server: Accepted socket connection from client
Thu Feb  5 02:42:34 2026: Starting Socket connection
Thu Feb  5 02:42:34 2026: EXCHANGE_TOKEN received, server token: f2ad9fb2-51bc-4b35-87b2-66c092052290, passed token: f2ad9fb2-51bc-4b35-87b2-66c092052290
Thu Feb  5 02:42:34 2026: SESSION_MGR: creating session with session uuid: '020d0a2f-321c-436c-95a4-0dce3dbe6a72' and name 'vitis_hls'
Thu Feb  5 02:42:34 2026: KERNEL_SVC: creating session with uuid: '020d0a2f-321c-436c-95a4-0dce3dbe6a72' and name 'vitis_hls'
Thu Feb  5 02:42:34 2026: GUIDANCE_SMGR: creating guidance session with uuid: '020d0a2f-321c-436c-95a4-0dce3dbe6a72' and name 'vitis_hls'
Thu Feb  5 02:42:34 2026: STOP_SERVER received, server token: 48bac152-f1d1-40a0-b707-f5b666b6aa25, passed token: 48bac152-f1d1-40a0-b707-f5b666b6aa25
Thu Feb  5 02:42:34 2026: Socket received request to stop server.
Thu Feb  5 02:42:34 2026: Dispatch Server: do_await_stop
Thu Feb  5 02:42:34 2026: Dispatch Server: stopping mainFifo_
Thu Feb  5 02:42:34 2026: XCD main fifo: Stopping
Thu Feb  5 02:42:34 2026: XCD main fifo: do_read error code: Operation canceled
Thu Feb  5 02:42:34 2026: XCD main fifo: bytes_transferred: 0
Thu Feb  5 02:42:34 2026: SERVER: destructor for server bound to port 44661
Thu Feb  5 02:42:34 2026: XCD main fifo: Good unlink of /tmp/xcdmain48bac152-f1d1-40a0-b707-f5b666b6aa25
Thu Feb  5 02:42:34 2026: Server exiting with status 0.
Thu Feb  5 02:42:34 2026: Closing log file.
Thu Feb  5 02:43:46 2026: Dispatch Server: Accepted socket connection from client
Thu Feb  5 02:43:46 2026: Starting Socket connection
Thu Feb  5 02:47:06 2026: Dispatch Server: Accepted socket connection from client
Thu Feb  5 02:47:06 2026: Starting Socket connection
Thu Feb  5 02:50:18 2026: Dispatch Server: Accepted socket connection from client
Thu Feb  5 02:50:18 2026: Starting Socket connection
Thu Feb  5 02:56:14 2026: STOP_SERVER received, server token: f2ad9fb2-51bc-4b35-87b2-66c092052290, passed token: f2ad9fb2-51bc-4b35-87b2-66c092052290
Thu Feb  5 02:56:14 2026: Socket received request to stop server.
Thu Feb  5 02:56:14 2026: Dispatch Server: do_await_stop
Thu Feb  5 02:56:14 2026: Dispatch Server: stopping mainFifo_
Thu Feb  5 02:56:14 2026: XCD main fifo: Stopping
Thu Feb  5 02:56:14 2026: XCD main fifo: do_read error code: Operation canceled
Thu Feb  5 02:56:14 2026: XCD main fifo: bytes_transferred: 0
Thu Feb  5 02:56:14 2026: SERVER: destructor for server bound to port 38383
Thu Feb  5 02:56:14 2026: XCD main fifo: Good unlink of /tmp/xcdmainf2ad9fb2-51bc-4b35-87b2-66c092052290
Thu Feb  5 02:56:14 2026: Server exiting with status 0.
Thu Feb  5 02:56:14 2026: Closing log file.
