Mon Jan 26 20:43:20 2026: Running xcd server. This server was built by gradle.
Mon Jan 26 20:43:20 2026: Server was asked to start on port: '33157'
Mon Jan 26 20:43:20 2026: Server is using token UUID: '8bfc59da-0be4-4107-ba85-815f98075df8'
Mon Jan 26 20:43:20 2026: SESSION_MGR: creating session with session uuid: '6d04a3e9-ade5-4ab9-8d63-1f78fcd2ec76' and name 'default'
Mon Jan 26 20:43:20 2026: Attempting to start server on port '33157'
Mon Jan 26 20:43:20 2026: XCD main fifo: created main fifo '/tmp/xcdmain8bfc59da-0be4-4107-ba85-815f98075df8', fd read = 15
Mon Jan 26 20:43:20 2026: Running Dispatch Server
Mon Jan 26 20:43:20 2026: Version 2.2.0
Mon Jan 26 20:43:24 2026: Dispatch Server: Accepted socket connection from client
Mon Jan 26 20:43:24 2026: Starting Socket connection
Mon Jan 26 20:43:24 2026: EXCHANGE_TOKEN received, server token: 8bfc59da-0be4-4107-ba85-815f98075df8, passed token: 8bfc59da-0be4-4107-ba85-815f98075df8
Mon Jan 26 20:43:24 2026: SESSION_MGR: creating session with session uuid: '5e218e15-1f92-4e12-bb44-1511cc048202' and name 'vitis_hls'
Mon Jan 26 20:43:24 2026: KERNEL_SVC: creating session with uuid: '5e218e15-1f92-4e12-bb44-1511cc048202' and name 'vitis_hls'
Mon Jan 26 20:43:24 2026: GUIDANCE_SMGR: creating guidance session with uuid: '5e218e15-1f92-4e12-bb44-1511cc048202' and name 'vitis_hls'
Mon Jan 26 20:44:02 2026: Running xcd server. This server was built by gradle.
Mon Jan 26 20:44:02 2026: Server was asked to start on port: '38599'
Mon Jan 26 20:44:02 2026: Server is using token UUID: '9201221d-52ae-4326-9bbe-e7692c0e451b'
Mon Jan 26 20:44:02 2026: SESSION_MGR: creating session with session uuid: '6d04a3e9-ade5-4ab9-8d63-1f78fcd2ec76' and name 'default'
Mon Jan 26 20:44:02 2026: Attempting to start server on port '38599'
Mon Jan 26 20:44:02 2026: XCD main fifo: created main fifo '/tmp/xcdmain9201221d-52ae-4326-9bbe-e7692c0e451b', fd read = 15
Mon Jan 26 20:44:02 2026: Running Dispatch Server
Mon Jan 26 20:44:02 2026: Version 2.2.0
Mon Jan 26 20:44:04 2026: Dispatch Server: Accepted socket connection from client
Mon Jan 26 20:44:04 2026: Starting Socket connection
Mon Jan 26 20:44:04 2026: EXCHANGE_TOKEN received, server token: 9201221d-52ae-4326-9bbe-e7692c0e451b, passed token: 9201221d-52ae-4326-9bbe-e7692c0e451b
Mon Jan 26 20:44:04 2026: SESSION_MGR: creating session with session uuid: '64c9d31e-8272-41a3-8a04-af003864b367' and name 'vitis_hls'
Mon Jan 26 20:44:04 2026: KERNEL_SVC: creating session with uuid: '64c9d31e-8272-41a3-8a04-af003864b367' and name 'vitis_hls'
Mon Jan 26 20:44:04 2026: GUIDANCE_SMGR: creating guidance session with uuid: '64c9d31e-8272-41a3-8a04-af003864b367' and name 'vitis_hls'
Mon Jan 26 20:44:04 2026: STOP_SERVER received, server token: 8bfc59da-0be4-4107-ba85-815f98075df8, passed token: 8bfc59da-0be4-4107-ba85-815f98075df8
Mon Jan 26 20:44:04 2026: Socket received request to stop server.
Mon Jan 26 20:44:04 2026: Dispatch Server: do_await_stop
Mon Jan 26 20:44:04 2026: Dispatch Server: stopping mainFifo_
Mon Jan 26 20:44:04 2026: XCD main fifo: Stopping
Mon Jan 26 20:44:04 2026: XCD main fifo: do_read error code: Operation canceled
Mon Jan 26 20:44:04 2026: XCD main fifo: bytes_transferred: 0
Mon Jan 26 20:44:04 2026: SERVER: destructor for server bound to port 33157
Mon Jan 26 20:44:04 2026: XCD main fifo: Good unlink of /tmp/xcdmain8bfc59da-0be4-4107-ba85-815f98075df8
Mon Jan 26 20:44:04 2026: Server exiting with status 0.
Mon Jan 26 20:44:04 2026: Closing log file.
Mon Jan 26 20:45:16 2026: Running xcd server. This server was built by gradle.
Mon Jan 26 20:45:16 2026: Server was asked to start on port: '41645'
Mon Jan 26 20:45:16 2026: Server is using token UUID: '72fdda4d-8147-4a2a-b809-55403df4f5e4'
Mon Jan 26 20:45:16 2026: SESSION_MGR: creating session with session uuid: '6d04a3e9-ade5-4ab9-8d63-1f78fcd2ec76' and name 'default'
Mon Jan 26 20:45:16 2026: Attempting to start server on port '41645'
Mon Jan 26 20:45:16 2026: XCD main fifo: created main fifo '/tmp/xcdmain72fdda4d-8147-4a2a-b809-55403df4f5e4', fd read = 15
Mon Jan 26 20:45:16 2026: Running Dispatch Server
Mon Jan 26 20:45:16 2026: Version 2.2.0
Mon Jan 26 20:45:18 2026: Dispatch Server: Accepted socket connection from client
Mon Jan 26 20:45:18 2026: Starting Socket connection
Mon Jan 26 20:45:18 2026: EXCHANGE_TOKEN received, server token: 72fdda4d-8147-4a2a-b809-55403df4f5e4, passed token: 72fdda4d-8147-4a2a-b809-55403df4f5e4
Mon Jan 26 20:45:18 2026: SESSION_MGR: creating session with session uuid: 'fee042cf-93dc-4666-8def-5a8e00da152a' and name 'vitis_hls'
Mon Jan 26 20:45:18 2026: KERNEL_SVC: creating session with uuid: 'fee042cf-93dc-4666-8def-5a8e00da152a' and name 'vitis_hls'
Mon Jan 26 20:45:18 2026: GUIDANCE_SMGR: creating guidance session with uuid: 'fee042cf-93dc-4666-8def-5a8e00da152a' and name 'vitis_hls'
Mon Jan 26 20:45:18 2026: STOP_SERVER received, server token: 9201221d-52ae-4326-9bbe-e7692c0e451b, passed token: 9201221d-52ae-4326-9bbe-e7692c0e451b
Mon Jan 26 20:45:18 2026: Socket received request to stop server.
Mon Jan 26 20:45:18 2026: Dispatch Server: do_await_stop
Mon Jan 26 20:45:18 2026: Dispatch Server: stopping mainFifo_
Mon Jan 26 20:45:18 2026: XCD main fifo: Stopping
Mon Jan 26 20:45:18 2026: XCD main fifo: do_read error code: Operation canceled
Mon Jan 26 20:45:18 2026: XCD main fifo: bytes_transferred: 0
Mon Jan 26 20:45:18 2026: SERVER: destructor for server bound to port 38599
Mon Jan 26 20:45:18 2026: XCD main fifo: Good unlink of /tmp/xcdmain9201221d-52ae-4326-9bbe-e7692c0e451b
Mon Jan 26 20:45:18 2026: Server exiting with status 0.
Mon Jan 26 20:45:18 2026: Closing log file.
Mon Jan 26 20:45:55 2026: STOP_SERVER received, server token: 72fdda4d-8147-4a2a-b809-55403df4f5e4, passed token: 72fdda4d-8147-4a2a-b809-55403df4f5e4
Mon Jan 26 20:45:55 2026: Socket received request to stop server.
Mon Jan 26 20:45:55 2026: Dispatch Server: do_await_stop
Mon Jan 26 20:45:55 2026: Dispatch Server: stopping mainFifo_
Mon Jan 26 20:45:55 2026: XCD main fifo: Stopping
Mon Jan 26 20:45:55 2026: XCD main fifo: do_read error code: Operation canceled
Mon Jan 26 20:45:55 2026: XCD main fifo: bytes_transferred: 0
Mon Jan 26 20:45:55 2026: SERVER: destructor for server bound to port 41645
Mon Jan 26 20:45:55 2026: XCD main fifo: Good unlink of /tmp/xcdmain72fdda4d-8147-4a2a-b809-55403df4f5e4
Mon Jan 26 20:45:55 2026: Server exiting with status 0.
Mon Jan 26 20:45:55 2026: Closing log file.
