

Implementation tool: Xilinx Vivado v.2025.1.1
Project:             project_1
Solution:            hls
Device target:       xczu3eg-sbva484-1-e
Report date:         Thu Feb 05 05:56:20 EST 2026

#=== Post-Implementation Resource usage ===
SLICE:            0
LUT:          20793
FF:           22147
DSP:              1
BRAM:            58
URAM:             0
LATCH:            0
SRL:            670
CLB:           3813

#=== Final timing ===
CP required:                     10.000
CP achieved post-synthesis:      3.232
CP achieved post-implementation: 5.081
Timing met
