

================================================================
== Vitis HLS Report for 'top_kernel_Pipeline_VITIS_LOOP_102_10_VITIS_LOOP_103_11'
================================================================
* Date:           Sat Jan 31 19:51:28 2026

* Version:        2025.1.1 (Build 6214317 on Sep 11 2025)
* Project:        project_1
* Solution:       hls (Vivado IP Flow Target)
* Product family: zynquplus
* Target device:  xczu3eg-sbva484-1-e


================================================================
== Performance Estimates
================================================================
+ Timing: 
    * Summary: 
    +--------+----------+----------+------------+
    |  Clock |  Target  | Estimated| Uncertainty|
    +--------+----------+----------+------------+
    |ap_clk  |  10.00 ns|  7.277 ns|     2.70 ns|
    +--------+----------+----------+------------+

+ Latency: 
    * Summary: 
    +---------+---------+-----------+-----------+------+------+------------------------------------------------+
    |  Latency (cycles) |   Latency (absolute)  |   Interval  |                    Pipeline                    |
    |   min   |   max   |    min    |    max    |  min |  max |                      Type                      |
    +---------+---------+-----------+-----------+------+------+------------------------------------------------+
    |     4099|     4099|  40.990 us|  40.990 us|  4097|  4097|  loop auto-rewind stp (delay=0 clock cycles(s))|
    +---------+---------+-----------+-----------+------+------+------------------------------------------------+

    + Detail: 
        * Instance: 
        N/A

        * Loop: 
        +---------------------------------------+---------+---------+----------+-----------+-----------+------+----------+
        |                                       |  Latency (cycles) | Iteration|  Initiation Interval  | Trip |          |
        |               Loop Name               |   min   |   max   |  Latency |  achieved |   target  | Count| Pipelined|
        +---------------------------------------+---------+---------+----------+-----------+-----------+------+----------+
        |- VITIS_LOOP_102_10_VITIS_LOOP_103_11  |     4097|     4097|         3|          1|          1|  4096|       yes|
        +---------------------------------------+---------+---------+----------+-----------+-----------+------+----------+

============================================================
+ Verbose Summary: Synthesis Manager
============================================================
InlineROM: 1
ExposeGlobal: 0
============================================================
+ Verbose Summary: CDFG Model
============================================================
IsTopModel: 0
ResetActiveHigh: 1
IsCombinational: 0
IsDatapathOnly: 0
HasWiredReturn: 1
HasMFsm: 2
HasVarLatency: 1
IsPipeline: 0
IsRtlPipelined: 0
IsInstanceOverlapped: 0
IsDontTouch: 0
HasImplIP: 0
IsGatedGlobalClock: 0

+ Individual pipeline summary: 
  * Pipeline-0: initiation interval (II) = 1, depth = 3


============================================================
+ Verbose Summary: Schedule
============================================================
* Number of FSM states : 3
* Pipeline : 1
  Pipeline-0 : II = 1, D = 3, States = { 1 2 3 }
* Dataflow Pipeline: 0

* FSM state transitions: 
1 --> 2 
2 --> 3 
3 --> 

* FSM state operations: 

State 1 <SV = 0> <Delay = 3.21>
ST_1 : Operation 6 [1/1] (0.00ns)   --->   "%j = alloca i32 1" [top.cpp:107]   --->   Operation 6 'alloca' 'j' <Predicate = true> <Delay = 0.00>
ST_1 : Operation 7 [1/1] (0.00ns)   --->   "%i = alloca i32 1" [top.cpp:102]   --->   Operation 7 'alloca' 'i' <Predicate = true> <Delay = 0.00>
ST_1 : Operation 8 [1/1] (0.00ns)   --->   "%indvar_flatten6 = alloca i32 1"   --->   Operation 8 'alloca' 'indvar_flatten6' <Predicate = true> <Delay = 0.00>
ST_1 : Operation 9 [1/1] (0.00ns)   --->   "%specmemcore_ln0 = specmemcore void @_ssdm_op_SpecMemCore, i24 %top_kernel_ap_fixed_64_ap_fixed_24_10_0_0_0_64_tmp_3, i64 666, i64 30, i64 18446744073709551615"   --->   Operation 9 'specmemcore' 'specmemcore_ln0' <Predicate = true> <Delay = 0.00>
ST_1 : Operation 10 [1/1] (0.00ns)   --->   "%specmemcore_ln0 = specmemcore void @_ssdm_op_SpecMemCore, i24 %top_kernel_ap_fixed_64_ap_fixed_24_10_0_0_0_64_tmp_2, i64 666, i64 30, i64 18446744073709551615"   --->   Operation 10 'specmemcore' 'specmemcore_ln0' <Predicate = true> <Delay = 0.00>
ST_1 : Operation 11 [1/1] (0.00ns)   --->   "%specmemcore_ln0 = specmemcore void @_ssdm_op_SpecMemCore, i24 %top_kernel_ap_fixed_64_ap_fixed_24_10_0_0_0_64_tmp_1, i64 666, i64 30, i64 18446744073709551615"   --->   Operation 11 'specmemcore' 'specmemcore_ln0' <Predicate = true> <Delay = 0.00>
ST_1 : Operation 12 [1/1] (0.00ns)   --->   "%specmemcore_ln0 = specmemcore void @_ssdm_op_SpecMemCore, i24 %top_kernel_ap_fixed_64_ap_fixed_24_10_0_0_0_64_tmp, i64 666, i64 30, i64 18446744073709551615"   --->   Operation 12 'specmemcore' 'specmemcore_ln0' <Predicate = true> <Delay = 0.00>
ST_1 : Operation 13 [1/1] (0.00ns)   --->   "%scale_63_reload_read = read i24 @_ssdm_op_Read.ap_auto.i24, i24 %scale_63_reload"   --->   Operation 13 'read' 'scale_63_reload_read' <Predicate = true> <Delay = 0.00>
ST_1 : Operation 14 [1/1] (0.00ns)   --->   "%scale_59_reload_read = read i24 @_ssdm_op_Read.ap_auto.i24, i24 %scale_59_reload"   --->   Operation 14 'read' 'scale_59_reload_read' <Predicate = true> <Delay = 0.00>
ST_1 : Operation 15 [1/1] (0.00ns)   --->   "%scale_55_reload_read = read i24 @_ssdm_op_Read.ap_auto.i24, i24 %scale_55_reload"   --->   Operation 15 'read' 'scale_55_reload_read' <Predicate = true> <Delay = 0.00>
ST_1 : Operation 16 [1/1] (0.00ns)   --->   "%scale_51_reload_read = read i24 @_ssdm_op_Read.ap_auto.i24, i24 %scale_51_reload"   --->   Operation 16 'read' 'scale_51_reload_read' <Predicate = true> <Delay = 0.00>
ST_1 : Operation 17 [1/1] (0.00ns)   --->   "%scale_47_reload_read = read i24 @_ssdm_op_Read.ap_auto.i24, i24 %scale_47_reload"   --->   Operation 17 'read' 'scale_47_reload_read' <Predicate = true> <Delay = 0.00>
ST_1 : Operation 18 [1/1] (0.00ns)   --->   "%scale_43_reload_read = read i24 @_ssdm_op_Read.ap_auto.i24, i24 %scale_43_reload"   --->   Operation 18 'read' 'scale_43_reload_read' <Predicate = true> <Delay = 0.00>
ST_1 : Operation 19 [1/1] (0.00ns)   --->   "%scale_39_reload_read = read i24 @_ssdm_op_Read.ap_auto.i24, i24 %scale_39_reload"   --->   Operation 19 'read' 'scale_39_reload_read' <Predicate = true> <Delay = 0.00>
ST_1 : Operation 20 [1/1] (0.00ns)   --->   "%scale_35_reload_read = read i24 @_ssdm_op_Read.ap_auto.i24, i24 %scale_35_reload"   --->   Operation 20 'read' 'scale_35_reload_read' <Predicate = true> <Delay = 0.00>
ST_1 : Operation 21 [1/1] (0.00ns)   --->   "%scale_31_reload_read = read i24 @_ssdm_op_Read.ap_auto.i24, i24 %scale_31_reload"   --->   Operation 21 'read' 'scale_31_reload_read' <Predicate = true> <Delay = 0.00>
ST_1 : Operation 22 [1/1] (0.00ns)   --->   "%scale_27_reload_read = read i24 @_ssdm_op_Read.ap_auto.i24, i24 %scale_27_reload"   --->   Operation 22 'read' 'scale_27_reload_read' <Predicate = true> <Delay = 0.00>
ST_1 : Operation 23 [1/1] (0.00ns)   --->   "%scale_23_reload_read = read i24 @_ssdm_op_Read.ap_auto.i24, i24 %scale_23_reload"   --->   Operation 23 'read' 'scale_23_reload_read' <Predicate = true> <Delay = 0.00>
ST_1 : Operation 24 [1/1] (0.00ns)   --->   "%scale_19_reload_read = read i24 @_ssdm_op_Read.ap_auto.i24, i24 %scale_19_reload"   --->   Operation 24 'read' 'scale_19_reload_read' <Predicate = true> <Delay = 0.00>
ST_1 : Operation 25 [1/1] (0.00ns)   --->   "%scale_15_reload_read = read i24 @_ssdm_op_Read.ap_auto.i24, i24 %scale_15_reload"   --->   Operation 25 'read' 'scale_15_reload_read' <Predicate = true> <Delay = 0.00>
ST_1 : Operation 26 [1/1] (0.00ns)   --->   "%scale_11_reload_read = read i24 @_ssdm_op_Read.ap_auto.i24, i24 %scale_11_reload"   --->   Operation 26 'read' 'scale_11_reload_read' <Predicate = true> <Delay = 0.00>
ST_1 : Operation 27 [1/1] (0.00ns)   --->   "%scale_7_reload_read = read i24 @_ssdm_op_Read.ap_auto.i24, i24 %scale_7_reload"   --->   Operation 27 'read' 'scale_7_reload_read' <Predicate = true> <Delay = 0.00>
ST_1 : Operation 28 [1/1] (0.00ns)   --->   "%scale_3_reload_read = read i24 @_ssdm_op_Read.ap_auto.i24, i24 %scale_3_reload"   --->   Operation 28 'read' 'scale_3_reload_read' <Predicate = true> <Delay = 0.00>
ST_1 : Operation 29 [1/1] (0.00ns)   --->   "%scale_62_reload_read = read i24 @_ssdm_op_Read.ap_auto.i24, i24 %scale_62_reload"   --->   Operation 29 'read' 'scale_62_reload_read' <Predicate = true> <Delay = 0.00>
ST_1 : Operation 30 [1/1] (0.00ns)   --->   "%scale_58_reload_read = read i24 @_ssdm_op_Read.ap_auto.i24, i24 %scale_58_reload"   --->   Operation 30 'read' 'scale_58_reload_read' <Predicate = true> <Delay = 0.00>
ST_1 : Operation 31 [1/1] (0.00ns)   --->   "%scale_54_reload_read = read i24 @_ssdm_op_Read.ap_auto.i24, i24 %scale_54_reload"   --->   Operation 31 'read' 'scale_54_reload_read' <Predicate = true> <Delay = 0.00>
ST_1 : Operation 32 [1/1] (0.00ns)   --->   "%scale_50_reload_read = read i24 @_ssdm_op_Read.ap_auto.i24, i24 %scale_50_reload"   --->   Operation 32 'read' 'scale_50_reload_read' <Predicate = true> <Delay = 0.00>
ST_1 : Operation 33 [1/1] (0.00ns)   --->   "%scale_46_reload_read = read i24 @_ssdm_op_Read.ap_auto.i24, i24 %scale_46_reload"   --->   Operation 33 'read' 'scale_46_reload_read' <Predicate = true> <Delay = 0.00>
ST_1 : Operation 34 [1/1] (0.00ns)   --->   "%scale_42_reload_read = read i24 @_ssdm_op_Read.ap_auto.i24, i24 %scale_42_reload"   --->   Operation 34 'read' 'scale_42_reload_read' <Predicate = true> <Delay = 0.00>
ST_1 : Operation 35 [1/1] (0.00ns)   --->   "%scale_38_reload_read = read i24 @_ssdm_op_Read.ap_auto.i24, i24 %scale_38_reload"   --->   Operation 35 'read' 'scale_38_reload_read' <Predicate = true> <Delay = 0.00>
ST_1 : Operation 36 [1/1] (0.00ns)   --->   "%scale_34_reload_read = read i24 @_ssdm_op_Read.ap_auto.i24, i24 %scale_34_reload"   --->   Operation 36 'read' 'scale_34_reload_read' <Predicate = true> <Delay = 0.00>
ST_1 : Operation 37 [1/1] (0.00ns)   --->   "%scale_30_reload_read = read i24 @_ssdm_op_Read.ap_auto.i24, i24 %scale_30_reload"   --->   Operation 37 'read' 'scale_30_reload_read' <Predicate = true> <Delay = 0.00>
ST_1 : Operation 38 [1/1] (0.00ns)   --->   "%scale_26_reload_read = read i24 @_ssdm_op_Read.ap_auto.i24, i24 %scale_26_reload"   --->   Operation 38 'read' 'scale_26_reload_read' <Predicate = true> <Delay = 0.00>
ST_1 : Operation 39 [1/1] (0.00ns)   --->   "%scale_22_reload_read = read i24 @_ssdm_op_Read.ap_auto.i24, i24 %scale_22_reload"   --->   Operation 39 'read' 'scale_22_reload_read' <Predicate = true> <Delay = 0.00>
ST_1 : Operation 40 [1/1] (0.00ns)   --->   "%scale_18_reload_read = read i24 @_ssdm_op_Read.ap_auto.i24, i24 %scale_18_reload"   --->   Operation 40 'read' 'scale_18_reload_read' <Predicate = true> <Delay = 0.00>
ST_1 : Operation 41 [1/1] (0.00ns)   --->   "%scale_14_reload_read = read i24 @_ssdm_op_Read.ap_auto.i24, i24 %scale_14_reload"   --->   Operation 41 'read' 'scale_14_reload_read' <Predicate = true> <Delay = 0.00>
ST_1 : Operation 42 [1/1] (0.00ns)   --->   "%scale_10_reload_read = read i24 @_ssdm_op_Read.ap_auto.i24, i24 %scale_10_reload"   --->   Operation 42 'read' 'scale_10_reload_read' <Predicate = true> <Delay = 0.00>
ST_1 : Operation 43 [1/1] (0.00ns)   --->   "%scale_6_reload_read = read i24 @_ssdm_op_Read.ap_auto.i24, i24 %scale_6_reload"   --->   Operation 43 'read' 'scale_6_reload_read' <Predicate = true> <Delay = 0.00>
ST_1 : Operation 44 [1/1] (0.00ns)   --->   "%scale_2_reload_read = read i24 @_ssdm_op_Read.ap_auto.i24, i24 %scale_2_reload"   --->   Operation 44 'read' 'scale_2_reload_read' <Predicate = true> <Delay = 0.00>
ST_1 : Operation 45 [1/1] (0.00ns)   --->   "%scale_61_reload_read = read i24 @_ssdm_op_Read.ap_auto.i24, i24 %scale_61_reload"   --->   Operation 45 'read' 'scale_61_reload_read' <Predicate = true> <Delay = 0.00>
ST_1 : Operation 46 [1/1] (0.00ns)   --->   "%scale_57_reload_read = read i24 @_ssdm_op_Read.ap_auto.i24, i24 %scale_57_reload"   --->   Operation 46 'read' 'scale_57_reload_read' <Predicate = true> <Delay = 0.00>
ST_1 : Operation 47 [1/1] (0.00ns)   --->   "%scale_53_reload_read = read i24 @_ssdm_op_Read.ap_auto.i24, i24 %scale_53_reload"   --->   Operation 47 'read' 'scale_53_reload_read' <Predicate = true> <Delay = 0.00>
ST_1 : Operation 48 [1/1] (0.00ns)   --->   "%scale_49_reload_read = read i24 @_ssdm_op_Read.ap_auto.i24, i24 %scale_49_reload"   --->   Operation 48 'read' 'scale_49_reload_read' <Predicate = true> <Delay = 0.00>
ST_1 : Operation 49 [1/1] (0.00ns)   --->   "%scale_45_reload_read = read i24 @_ssdm_op_Read.ap_auto.i24, i24 %scale_45_reload"   --->   Operation 49 'read' 'scale_45_reload_read' <Predicate = true> <Delay = 0.00>
ST_1 : Operation 50 [1/1] (0.00ns)   --->   "%scale_41_reload_read = read i24 @_ssdm_op_Read.ap_auto.i24, i24 %scale_41_reload"   --->   Operation 50 'read' 'scale_41_reload_read' <Predicate = true> <Delay = 0.00>
ST_1 : Operation 51 [1/1] (0.00ns)   --->   "%scale_37_reload_read = read i24 @_ssdm_op_Read.ap_auto.i24, i24 %scale_37_reload"   --->   Operation 51 'read' 'scale_37_reload_read' <Predicate = true> <Delay = 0.00>
ST_1 : Operation 52 [1/1] (0.00ns)   --->   "%scale_33_reload_read = read i24 @_ssdm_op_Read.ap_auto.i24, i24 %scale_33_reload"   --->   Operation 52 'read' 'scale_33_reload_read' <Predicate = true> <Delay = 0.00>
ST_1 : Operation 53 [1/1] (0.00ns)   --->   "%scale_29_reload_read = read i24 @_ssdm_op_Read.ap_auto.i24, i24 %scale_29_reload"   --->   Operation 53 'read' 'scale_29_reload_read' <Predicate = true> <Delay = 0.00>
ST_1 : Operation 54 [1/1] (0.00ns)   --->   "%scale_25_reload_read = read i24 @_ssdm_op_Read.ap_auto.i24, i24 %scale_25_reload"   --->   Operation 54 'read' 'scale_25_reload_read' <Predicate = true> <Delay = 0.00>
ST_1 : Operation 55 [1/1] (0.00ns)   --->   "%scale_21_reload_read = read i24 @_ssdm_op_Read.ap_auto.i24, i24 %scale_21_reload"   --->   Operation 55 'read' 'scale_21_reload_read' <Predicate = true> <Delay = 0.00>
ST_1 : Operation 56 [1/1] (0.00ns)   --->   "%scale_17_reload_read = read i24 @_ssdm_op_Read.ap_auto.i24, i24 %scale_17_reload"   --->   Operation 56 'read' 'scale_17_reload_read' <Predicate = true> <Delay = 0.00>
ST_1 : Operation 57 [1/1] (0.00ns)   --->   "%scale_13_reload_read = read i24 @_ssdm_op_Read.ap_auto.i24, i24 %scale_13_reload"   --->   Operation 57 'read' 'scale_13_reload_read' <Predicate = true> <Delay = 0.00>
ST_1 : Operation 58 [1/1] (0.00ns)   --->   "%scale_9_reload_read = read i24 @_ssdm_op_Read.ap_auto.i24, i24 %scale_9_reload"   --->   Operation 58 'read' 'scale_9_reload_read' <Predicate = true> <Delay = 0.00>
ST_1 : Operation 59 [1/1] (0.00ns)   --->   "%scale_5_reload_read = read i24 @_ssdm_op_Read.ap_auto.i24, i24 %scale_5_reload"   --->   Operation 59 'read' 'scale_5_reload_read' <Predicate = true> <Delay = 0.00>
ST_1 : Operation 60 [1/1] (0.00ns)   --->   "%scale_1_reload_read = read i24 @_ssdm_op_Read.ap_auto.i24, i24 %scale_1_reload"   --->   Operation 60 'read' 'scale_1_reload_read' <Predicate = true> <Delay = 0.00>
ST_1 : Operation 61 [1/1] (0.00ns)   --->   "%scale_60_reload_read = read i24 @_ssdm_op_Read.ap_auto.i24, i24 %scale_60_reload"   --->   Operation 61 'read' 'scale_60_reload_read' <Predicate = true> <Delay = 0.00>
ST_1 : Operation 62 [1/1] (0.00ns)   --->   "%scale_56_reload_read = read i24 @_ssdm_op_Read.ap_auto.i24, i24 %scale_56_reload"   --->   Operation 62 'read' 'scale_56_reload_read' <Predicate = true> <Delay = 0.00>
ST_1 : Operation 63 [1/1] (0.00ns)   --->   "%scale_52_reload_read = read i24 @_ssdm_op_Read.ap_auto.i24, i24 %scale_52_reload"   --->   Operation 63 'read' 'scale_52_reload_read' <Predicate = true> <Delay = 0.00>
ST_1 : Operation 64 [1/1] (0.00ns)   --->   "%scale_48_reload_read = read i24 @_ssdm_op_Read.ap_auto.i24, i24 %scale_48_reload"   --->   Operation 64 'read' 'scale_48_reload_read' <Predicate = true> <Delay = 0.00>
ST_1 : Operation 65 [1/1] (0.00ns)   --->   "%scale_44_reload_read = read i24 @_ssdm_op_Read.ap_auto.i24, i24 %scale_44_reload"   --->   Operation 65 'read' 'scale_44_reload_read' <Predicate = true> <Delay = 0.00>
ST_1 : Operation 66 [1/1] (0.00ns)   --->   "%scale_40_reload_read = read i24 @_ssdm_op_Read.ap_auto.i24, i24 %scale_40_reload"   --->   Operation 66 'read' 'scale_40_reload_read' <Predicate = true> <Delay = 0.00>
ST_1 : Operation 67 [1/1] (0.00ns)   --->   "%scale_36_reload_read = read i24 @_ssdm_op_Read.ap_auto.i24, i24 %scale_36_reload"   --->   Operation 67 'read' 'scale_36_reload_read' <Predicate = true> <Delay = 0.00>
ST_1 : Operation 68 [1/1] (0.00ns)   --->   "%scale_32_reload_read = read i24 @_ssdm_op_Read.ap_auto.i24, i24 %scale_32_reload"   --->   Operation 68 'read' 'scale_32_reload_read' <Predicate = true> <Delay = 0.00>
ST_1 : Operation 69 [1/1] (0.00ns)   --->   "%scale_28_reload_read = read i24 @_ssdm_op_Read.ap_auto.i24, i24 %scale_28_reload"   --->   Operation 69 'read' 'scale_28_reload_read' <Predicate = true> <Delay = 0.00>
ST_1 : Operation 70 [1/1] (0.00ns)   --->   "%scale_24_reload_read = read i24 @_ssdm_op_Read.ap_auto.i24, i24 %scale_24_reload"   --->   Operation 70 'read' 'scale_24_reload_read' <Predicate = true> <Delay = 0.00>
ST_1 : Operation 71 [1/1] (0.00ns)   --->   "%scale_20_reload_read = read i24 @_ssdm_op_Read.ap_auto.i24, i24 %scale_20_reload"   --->   Operation 71 'read' 'scale_20_reload_read' <Predicate = true> <Delay = 0.00>
ST_1 : Operation 72 [1/1] (0.00ns)   --->   "%scale_16_reload_read = read i24 @_ssdm_op_Read.ap_auto.i24, i24 %scale_16_reload"   --->   Operation 72 'read' 'scale_16_reload_read' <Predicate = true> <Delay = 0.00>
ST_1 : Operation 73 [1/1] (0.00ns)   --->   "%scale_12_reload_read = read i24 @_ssdm_op_Read.ap_auto.i24, i24 %scale_12_reload"   --->   Operation 73 'read' 'scale_12_reload_read' <Predicate = true> <Delay = 0.00>
ST_1 : Operation 74 [1/1] (0.00ns)   --->   "%scale_8_reload_read = read i24 @_ssdm_op_Read.ap_auto.i24, i24 %scale_8_reload"   --->   Operation 74 'read' 'scale_8_reload_read' <Predicate = true> <Delay = 0.00>
ST_1 : Operation 75 [1/1] (0.00ns)   --->   "%scale_4_reload_read = read i24 @_ssdm_op_Read.ap_auto.i24, i24 %scale_4_reload"   --->   Operation 75 'read' 'scale_4_reload_read' <Predicate = true> <Delay = 0.00>
ST_1 : Operation 76 [1/1] (0.00ns)   --->   "%scale_reload_read = read i24 @_ssdm_op_Read.ap_auto.i24, i24 %scale_reload"   --->   Operation 76 'read' 'scale_reload_read' <Predicate = true> <Delay = 0.00>
ST_1 : Operation 77 [1/1] (0.48ns)   --->   "%store_ln0 = store i13 0, i13 %indvar_flatten6"   --->   Operation 77 'store' 'store_ln0' <Predicate = true> <Delay = 0.48>
ST_1 : Operation 78 [1/1] (0.48ns)   --->   "%store_ln102 = store i9 0, i9 %i" [top.cpp:102]   --->   Operation 78 'store' 'store_ln102' <Predicate = true> <Delay = 0.48>
ST_1 : Operation 79 [1/1] (0.48ns)   --->   "%store_ln107 = store i7 0, i7 %j" [top.cpp:107]   --->   Operation 79 'store' 'store_ln107' <Predicate = true> <Delay = 0.48>
ST_1 : Operation 80 [1/1] (0.00ns)   --->   "%br_ln0 = br void %VITIS_LOOP_105_12"   --->   Operation 80 'br' 'br_ln0' <Predicate = true> <Delay = 0.00>
ST_1 : Operation 81 [1/1] (0.00ns)   --->   "%indvar_flatten6_load = load i13 %indvar_flatten6" [top.cpp:102]   --->   Operation 81 'load' 'indvar_flatten6_load' <Predicate = true> <Delay = 0.00>
ST_1 : Operation 82 [1/1] (0.97ns)   --->   "%icmp_ln102 = icmp_eq  i13 %indvar_flatten6_load, i13 4096" [top.cpp:102]   --->   Operation 82 'icmp' 'icmp_ln102' <Predicate = true> <Delay = 0.97> <CoreInst = "Cmp">   --->   Core 9 'Cmp' <Latency = 0> <II = 1> <Delay = 0.97> <FuncUnit> <Opcode : 'seteq' 'setne' 'setle' 'setge' 'setlt' 'setgt'> <InPorts = 2> <OutPorts = 1>
ST_1 : Operation 83 [1/1] (0.97ns)   --->   "%add_ln102_1 = add i13 %indvar_flatten6_load, i13 1" [top.cpp:102]   --->   Operation 83 'add' 'add_ln102_1' <Predicate = true> <Delay = 0.97> <CoreInst = "Adder">   --->   Core 1 'Adder' <Latency = 0> <II = 1> <Delay = 0.97> <FuncUnit> <Opcode : 'add' 'sub'> <InPorts = 2> <OutPorts = 1>
ST_1 : Operation 84 [1/1] (0.00ns)   --->   "%br_ln102 = br i1 %icmp_ln102, void %for.inc133, void %VITIS_LOOP_114_13.exitStub" [top.cpp:102]   --->   Operation 84 'br' 'br_ln102' <Predicate = true> <Delay = 0.00>
ST_1 : Operation 85 [1/1] (0.00ns)   --->   "%j_load = load i7 %j" [top.cpp:102]   --->   Operation 85 'load' 'j_load' <Predicate = (!icmp_ln102)> <Delay = 0.00>
ST_1 : Operation 86 [1/1] (0.00ns)   --->   "%i_load = load i9 %i" [top.cpp:102]   --->   Operation 86 'load' 'i_load' <Predicate = (!icmp_ln102)> <Delay = 0.00>
ST_1 : Operation 87 [1/1] (0.00ns)   --->   "%trunc_ln102 = trunc i7 %j_load" [top.cpp:102]   --->   Operation 87 'trunc' 'trunc_ln102' <Predicate = (!icmp_ln102)> <Delay = 0.00>
ST_1 : Operation 88 [1/1] (0.92ns)   --->   "%add_ln102 = add i9 %i_load, i9 1" [top.cpp:102]   --->   Operation 88 'add' 'add_ln102' <Predicate = (!icmp_ln102)> <Delay = 0.92> <CoreInst = "Adder">   --->   Core 1 'Adder' <Latency = 0> <II = 1> <Delay = 0.92> <FuncUnit> <Opcode : 'add' 'sub'> <InPorts = 2> <OutPorts = 1>
ST_1 : Operation 89 [1/1] (0.00ns)   --->   "%tmp = bitselect i1 @_ssdm_op_BitSelect.i1.i7.i32, i7 %j_load, i32 6" [top.cpp:103]   --->   Operation 89 'bitselect' 'tmp' <Predicate = (!icmp_ln102)> <Delay = 0.00>
ST_1 : Operation 90 [1/1] (0.44ns)   --->   "%select_ln103 = select i1 %tmp, i6 0, i6 %trunc_ln102" [top.cpp:103]   --->   Operation 90 'select' 'select_ln103' <Predicate = (!icmp_ln102)> <Delay = 0.44> <CoreInst = "Sel">   --->   Core 73 'Sel' <Latency = 0> <II = 1> <Delay = 0.44> <FuncUnit> <Opcode : 'select'> <InPorts = 3> <OutPorts = 1>
ST_1 : Operation 91 [1/1] (0.00ns)   --->   "%zext_ln102 = zext i6 %select_ln103" [top.cpp:102]   --->   Operation 91 'zext' 'zext_ln102' <Predicate = (!icmp_ln102)> <Delay = 0.00>
ST_1 : Operation 92 [1/1] (0.45ns)   --->   "%select_ln102 = select i1 %tmp, i9 %add_ln102, i9 %i_load" [top.cpp:102]   --->   Operation 92 'select' 'select_ln102' <Predicate = (!icmp_ln102)> <Delay = 0.45> <CoreInst = "Sel">   --->   Core 73 'Sel' <Latency = 0> <II = 1> <Delay = 0.45> <FuncUnit> <Opcode : 'select'> <InPorts = 3> <OutPorts = 1>
ST_1 : Operation 93 [1/1] (0.00ns)   --->   "%trunc_ln103 = trunc i9 %select_ln102" [top.cpp:103]   --->   Operation 93 'trunc' 'trunc_ln103' <Predicate = (!icmp_ln102)> <Delay = 0.00>
ST_1 : Operation 94 [1/1] (0.00ns)   --->   "%lshr_ln1 = partselect i5 @_ssdm_op_PartSelect.i5.i6.i32.i32, i6 %select_ln103, i32 1, i32 5" [top.cpp:103]   --->   Operation 94 'partselect' 'lshr_ln1' <Predicate = (!icmp_ln102)> <Delay = 0.00>
ST_1 : Operation 95 [1/1] (0.00ns)   --->   "%lshr_ln103_1 = partselect i4 @_ssdm_op_PartSelect.i4.i6.i32.i32, i6 %select_ln103, i32 2, i32 5" [top.cpp:103]   --->   Operation 95 'partselect' 'lshr_ln103_1' <Predicate = (!icmp_ln102)> <Delay = 0.00>
ST_1 : Operation 96 [1/1] (0.00ns)   --->   "%tmp_16 = bitconcatenate i12 @_ssdm_op_BitConcatenate.i12.i8.i4, i8 %trunc_ln103, i4 %lshr_ln103_1" [top.cpp:108]   --->   Operation 96 'bitconcatenate' 'tmp_16' <Predicate = (!icmp_ln102)> <Delay = 0.00>
ST_1 : Operation 97 [1/1] (0.00ns)   --->   "%zext_ln108_5 = zext i12 %tmp_16" [top.cpp:108]   --->   Operation 97 'zext' 'zext_ln108_5' <Predicate = (!icmp_ln102)> <Delay = 0.00>
ST_1 : Operation 98 [1/1] (0.00ns)   --->   "%top_kernel_ap_fixed_64_ap_fixed_24_10_0_0_0_64_tmp_3_addr = getelementptr i24 %top_kernel_ap_fixed_64_ap_fixed_24_10_0_0_0_64_tmp_3, i64 0, i64 %zext_ln108_5" [top.cpp:108]   --->   Operation 98 'getelementptr' 'top_kernel_ap_fixed_64_ap_fixed_24_10_0_0_0_64_tmp_3_addr' <Predicate = (!icmp_ln102)> <Delay = 0.00>
ST_1 : Operation 99 [1/1] (0.00ns)   --->   "%top_kernel_ap_fixed_64_ap_fixed_24_10_0_0_0_64_tmp_2_addr = getelementptr i24 %top_kernel_ap_fixed_64_ap_fixed_24_10_0_0_0_64_tmp_2, i64 0, i64 %zext_ln108_5" [top.cpp:108]   --->   Operation 99 'getelementptr' 'top_kernel_ap_fixed_64_ap_fixed_24_10_0_0_0_64_tmp_2_addr' <Predicate = (!icmp_ln102)> <Delay = 0.00>
ST_1 : Operation 100 [1/1] (0.00ns)   --->   "%top_kernel_ap_fixed_64_ap_fixed_24_10_0_0_0_64_tmp_1_addr = getelementptr i24 %top_kernel_ap_fixed_64_ap_fixed_24_10_0_0_0_64_tmp_1, i64 0, i64 %zext_ln108_5" [top.cpp:108]   --->   Operation 100 'getelementptr' 'top_kernel_ap_fixed_64_ap_fixed_24_10_0_0_0_64_tmp_1_addr' <Predicate = (!icmp_ln102)> <Delay = 0.00>
ST_1 : Operation 101 [1/1] (0.00ns)   --->   "%top_kernel_ap_fixed_64_ap_fixed_24_10_0_0_0_64_tmp_addr = getelementptr i24 %top_kernel_ap_fixed_64_ap_fixed_24_10_0_0_0_64_tmp, i64 0, i64 %zext_ln108_5" [top.cpp:108]   --->   Operation 101 'getelementptr' 'top_kernel_ap_fixed_64_ap_fixed_24_10_0_0_0_64_tmp_addr' <Predicate = (!icmp_ln102)> <Delay = 0.00>
ST_1 : Operation 102 [2/2] (1.35ns)   --->   "%top_kernel_ap_fixed_64_ap_fixed_24_10_0_0_0_64_tmp_3_load = load i12 %top_kernel_ap_fixed_64_ap_fixed_24_10_0_0_0_64_tmp_3_addr" [top.cpp:108]   --->   Operation 102 'load' 'top_kernel_ap_fixed_64_ap_fixed_24_10_0_0_0_64_tmp_3_load' <Predicate = (!icmp_ln102)> <Delay = 1.35> <CoreInst = "RAM_T2P_BRAM">   --->   Core 98 'RAM_T2P_BRAM' <Latency = 1> <II = 1> <Delay = 1.35> <Storage> <Opcode : 'load' 'store'> <Ports = 2> <Width = 24> <Depth = 4096> <RAM>
ST_1 : Operation 103 [1/1] (0.57ns)   --->   "%tmp_23 = sparsemux i24 @_ssdm_op_SparseMux.ap_auto.16i24.i24.i6, i6 0, i24 %scale_reload_read, i6 4, i24 %scale_4_reload_read, i6 8, i24 %scale_8_reload_read, i6 12, i24 %scale_12_reload_read, i6 16, i24 %scale_16_reload_read, i6 20, i24 %scale_20_reload_read, i6 24, i24 %scale_24_reload_read, i6 28, i24 %scale_28_reload_read, i6 32, i24 %scale_32_reload_read, i6 36, i24 %scale_36_reload_read, i6 40, i24 %scale_40_reload_read, i6 44, i24 %scale_44_reload_read, i6 48, i24 %scale_48_reload_read, i6 52, i24 %scale_52_reload_read, i6 56, i24 %scale_56_reload_read, i6 60, i24 %scale_60_reload_read, i24 0, i6 %select_ln103" [top.cpp:108]   --->   Operation 103 'sparsemux' 'tmp_23' <Predicate = (!icmp_ln102)> <Delay = 0.57> <CoreInst = "BinarySparseMux_DontCare">   --->   Core 149 'BinarySparseMux_DontCare' <Latency = 0> <II = 1> <Delay = 0.57> <FuncUnit> <Opcode : 'sparsemux'> <InPorts = 2> <OutPorts = 1>
ST_1 : Operation 104 [2/2] (1.35ns)   --->   "%top_kernel_ap_fixed_64_ap_fixed_24_10_0_0_0_64_tmp_2_load = load i12 %top_kernel_ap_fixed_64_ap_fixed_24_10_0_0_0_64_tmp_2_addr" [top.cpp:108]   --->   Operation 104 'load' 'top_kernel_ap_fixed_64_ap_fixed_24_10_0_0_0_64_tmp_2_load' <Predicate = (!icmp_ln102)> <Delay = 1.35> <CoreInst = "RAM_T2P_BRAM">   --->   Core 98 'RAM_T2P_BRAM' <Latency = 1> <II = 1> <Delay = 1.35> <Storage> <Opcode : 'load' 'store'> <Ports = 2> <Width = 24> <Depth = 4096> <RAM>
ST_1 : Operation 105 [1/1] (0.57ns)   --->   "%tmp_31 = sparsemux i24 @_ssdm_op_SparseMux.ap_auto.16i24.i24.i6, i6 0, i24 %scale_1_reload_read, i6 4, i24 %scale_5_reload_read, i6 8, i24 %scale_9_reload_read, i6 12, i24 %scale_13_reload_read, i6 16, i24 %scale_17_reload_read, i6 20, i24 %scale_21_reload_read, i6 24, i24 %scale_25_reload_read, i6 28, i24 %scale_29_reload_read, i6 32, i24 %scale_33_reload_read, i6 36, i24 %scale_37_reload_read, i6 40, i24 %scale_41_reload_read, i6 44, i24 %scale_45_reload_read, i6 48, i24 %scale_49_reload_read, i6 52, i24 %scale_53_reload_read, i6 56, i24 %scale_57_reload_read, i6 60, i24 %scale_61_reload_read, i24 0, i6 %select_ln103" [top.cpp:108]   --->   Operation 105 'sparsemux' 'tmp_31' <Predicate = (!icmp_ln102)> <Delay = 0.57> <CoreInst = "BinarySparseMux_DontCare">   --->   Core 149 'BinarySparseMux_DontCare' <Latency = 0> <II = 1> <Delay = 0.57> <FuncUnit> <Opcode : 'sparsemux'> <InPorts = 2> <OutPorts = 1>
ST_1 : Operation 106 [2/2] (1.35ns)   --->   "%top_kernel_ap_fixed_64_ap_fixed_24_10_0_0_0_64_tmp_1_load = load i12 %top_kernel_ap_fixed_64_ap_fixed_24_10_0_0_0_64_tmp_1_addr" [top.cpp:108]   --->   Operation 106 'load' 'top_kernel_ap_fixed_64_ap_fixed_24_10_0_0_0_64_tmp_1_load' <Predicate = (!icmp_ln102)> <Delay = 1.35> <CoreInst = "RAM_T2P_BRAM">   --->   Core 98 'RAM_T2P_BRAM' <Latency = 1> <II = 1> <Delay = 1.35> <Storage> <Opcode : 'load' 'store'> <Ports = 2> <Width = 24> <Depth = 4096> <RAM>
ST_1 : Operation 107 [1/1] (0.57ns)   --->   "%tmp_37 = sparsemux i24 @_ssdm_op_SparseMux.ap_auto.16i24.i24.i6, i6 0, i24 %scale_2_reload_read, i6 4, i24 %scale_6_reload_read, i6 8, i24 %scale_10_reload_read, i6 12, i24 %scale_14_reload_read, i6 16, i24 %scale_18_reload_read, i6 20, i24 %scale_22_reload_read, i6 24, i24 %scale_26_reload_read, i6 28, i24 %scale_30_reload_read, i6 32, i24 %scale_34_reload_read, i6 36, i24 %scale_38_reload_read, i6 40, i24 %scale_42_reload_read, i6 44, i24 %scale_46_reload_read, i6 48, i24 %scale_50_reload_read, i6 52, i24 %scale_54_reload_read, i6 56, i24 %scale_58_reload_read, i6 60, i24 %scale_62_reload_read, i24 0, i6 %select_ln103" [top.cpp:108]   --->   Operation 107 'sparsemux' 'tmp_37' <Predicate = (!icmp_ln102)> <Delay = 0.57> <CoreInst = "BinarySparseMux_DontCare">   --->   Core 149 'BinarySparseMux_DontCare' <Latency = 0> <II = 1> <Delay = 0.57> <FuncUnit> <Opcode : 'sparsemux'> <InPorts = 2> <OutPorts = 1>
ST_1 : Operation 108 [2/2] (1.35ns)   --->   "%top_kernel_ap_fixed_64_ap_fixed_24_10_0_0_0_64_tmp_load = load i12 %top_kernel_ap_fixed_64_ap_fixed_24_10_0_0_0_64_tmp_addr" [top.cpp:108]   --->   Operation 108 'load' 'top_kernel_ap_fixed_64_ap_fixed_24_10_0_0_0_64_tmp_load' <Predicate = (!icmp_ln102)> <Delay = 1.35> <CoreInst = "RAM_T2P_BRAM">   --->   Core 98 'RAM_T2P_BRAM' <Latency = 1> <II = 1> <Delay = 1.35> <Storage> <Opcode : 'load' 'store'> <Ports = 2> <Width = 24> <Depth = 4096> <RAM>
ST_1 : Operation 109 [1/1] (0.57ns)   --->   "%tmp_45 = sparsemux i24 @_ssdm_op_SparseMux.ap_auto.16i24.i24.i6, i6 0, i24 %scale_3_reload_read, i6 4, i24 %scale_7_reload_read, i6 8, i24 %scale_11_reload_read, i6 12, i24 %scale_15_reload_read, i6 16, i24 %scale_19_reload_read, i6 20, i24 %scale_23_reload_read, i6 24, i24 %scale_27_reload_read, i6 28, i24 %scale_31_reload_read, i6 32, i24 %scale_35_reload_read, i6 36, i24 %scale_39_reload_read, i6 40, i24 %scale_43_reload_read, i6 44, i24 %scale_47_reload_read, i6 48, i24 %scale_51_reload_read, i6 52, i24 %scale_55_reload_read, i6 56, i24 %scale_59_reload_read, i6 60, i24 %scale_63_reload_read, i24 0, i6 %select_ln103" [top.cpp:108]   --->   Operation 109 'sparsemux' 'tmp_45' <Predicate = (!icmp_ln102)> <Delay = 0.57> <CoreInst = "BinarySparseMux_DontCare">   --->   Core 149 'BinarySparseMux_DontCare' <Latency = 0> <II = 1> <Delay = 0.57> <FuncUnit> <Opcode : 'sparsemux'> <InPorts = 2> <OutPorts = 1>
ST_1 : Operation 110 [1/1] (0.88ns)   --->   "%add_ln103 = add i7 %zext_ln102, i7 4" [top.cpp:103]   --->   Operation 110 'add' 'add_ln103' <Predicate = (!icmp_ln102)> <Delay = 0.88> <CoreInst = "Adder">   --->   Core 1 'Adder' <Latency = 0> <II = 1> <Delay = 0.88> <FuncUnit> <Opcode : 'add' 'sub'> <InPorts = 2> <OutPorts = 1>
ST_1 : Operation 111 [1/1] (0.48ns)   --->   "%store_ln102 = store i13 %add_ln102_1, i13 %indvar_flatten6" [top.cpp:102]   --->   Operation 111 'store' 'store_ln102' <Predicate = (!icmp_ln102)> <Delay = 0.48>
ST_1 : Operation 112 [1/1] (0.48ns)   --->   "%store_ln102 = store i9 %select_ln102, i9 %i" [top.cpp:102]   --->   Operation 112 'store' 'store_ln102' <Predicate = (!icmp_ln102)> <Delay = 0.48>
ST_1 : Operation 113 [1/1] (0.48ns)   --->   "%store_ln107 = store i7 %add_ln103, i7 %j" [top.cpp:107]   --->   Operation 113 'store' 'store_ln107' <Predicate = (!icmp_ln102)> <Delay = 0.48>

State 2 <SV = 1> <Delay = 7.27>
ST_2 : Operation 114 [1/2] ( I:1.35ns O:1.35ns )   --->   "%top_kernel_ap_fixed_64_ap_fixed_24_10_0_0_0_64_tmp_3_load = load i12 %top_kernel_ap_fixed_64_ap_fixed_24_10_0_0_0_64_tmp_3_addr" [top.cpp:108]   --->   Operation 114 'load' 'top_kernel_ap_fixed_64_ap_fixed_24_10_0_0_0_64_tmp_3_load' <Predicate = true> <Delay = 1.35> <CoreInst = "RAM_T2P_BRAM">   --->   Core 98 'RAM_T2P_BRAM' <Latency = 1> <II = 1> <Delay = 1.35> <Storage> <Opcode : 'load' 'store'> <Ports = 2> <Width = 24> <Depth = 4096> <RAM>
ST_2 : Operation 115 [1/1] (0.00ns)   --->   "%sext_ln108 = sext i24 %top_kernel_ap_fixed_64_ap_fixed_24_10_0_0_0_64_tmp_3_load" [top.cpp:108]   --->   Operation 115 'sext' 'sext_ln108' <Predicate = true> <Delay = 0.00>
ST_2 : Operation 116 [1/1] (0.00ns)   --->   "%sext_ln108_1 = sext i24 %tmp_23" [top.cpp:108]   --->   Operation 116 'sext' 'sext_ln108_1' <Predicate = true> <Delay = 0.00>
ST_2 : Operation 117 [1/1] (3.38ns)   --->   "%mul_ln108 = mul i48 %sext_ln108_1, i48 %sext_ln108" [top.cpp:108]   --->   Operation 117 'mul' 'mul_ln108' <Predicate = true> <Delay = 3.38> <CoreInst = "Multiplier">   --->   Core 3 'Multiplier' <Latency = 0> <II = 1> <Delay = 3.38> <FuncUnit> <Opcode : 'mul'> <InPorts = 2> <OutPorts = 1>
ST_2 : Operation 118 [1/1] (0.00ns)   --->   "%tmp_40 = bitselect i1 @_ssdm_op_BitSelect.i1.i48.i32, i48 %mul_ln108, i32 47" [top.cpp:108]   --->   Operation 118 'bitselect' 'tmp_40' <Predicate = true> <Delay = 0.00>
ST_2 : Operation 119 [1/1] (0.00ns)   --->   "%trunc_ln6 = partselect i24 @_ssdm_op_PartSelect.i24.i48.i32.i32, i48 %mul_ln108, i32 14, i32 37" [top.cpp:108]   --->   Operation 119 'partselect' 'trunc_ln6' <Predicate = true> <Delay = 0.00>
ST_2 : Operation 120 [1/1] (0.00ns)   --->   "%tmp_41 = bitselect i1 @_ssdm_op_BitSelect.i1.i48.i32, i48 %mul_ln108, i32 13" [top.cpp:108]   --->   Operation 120 'bitselect' 'tmp_41' <Predicate = true> <Delay = 0.00>
ST_2 : Operation 121 [1/1] (0.00ns) (grouped into LUT with out node and_ln108)   --->   "%tmp_42 = bitselect i1 @_ssdm_op_BitSelect.i1.i48.i32, i48 %mul_ln108, i32 37" [top.cpp:108]   --->   Operation 121 'bitselect' 'tmp_42' <Predicate = true> <Delay = 0.00>
ST_2 : Operation 122 [1/1] (0.00ns)   --->   "%zext_ln108 = zext i1 %tmp_41" [top.cpp:108]   --->   Operation 122 'zext' 'zext_ln108' <Predicate = true> <Delay = 0.00>
ST_2 : Operation 123 [1/1] (1.10ns)   --->   "%add_ln108 = add i24 %trunc_ln6, i24 %zext_ln108" [top.cpp:108]   --->   Operation 123 'add' 'add_ln108' <Predicate = true> <Delay = 1.10> <CoreInst = "Adder">   --->   Core 1 'Adder' <Latency = 0> <II = 1> <Delay = 1.10> <FuncUnit> <Opcode : 'add' 'sub'> <InPorts = 2> <OutPorts = 1>
ST_2 : Operation 124 [1/1] (0.00ns)   --->   "%tmp_43 = bitselect i1 @_ssdm_op_BitSelect.i1.i24.i32, i24 %add_ln108, i32 23" [top.cpp:108]   --->   Operation 124 'bitselect' 'tmp_43' <Predicate = true> <Delay = 0.00>
ST_2 : Operation 125 [1/1] (0.00ns) (grouped into LUT with out node and_ln108)   --->   "%xor_ln108 = xor i1 %tmp_43, i1 1" [top.cpp:108]   --->   Operation 125 'xor' 'xor_ln108' <Predicate = true> <Delay = 0.00> <CoreInst = "LogicGate">   --->   Core 74 'LogicGate' <Latency = 0> <II = 1> <Delay = 0.33> <FuncUnit> <Opcode : 'and' 'or' 'xor'> <InPorts = 2> <OutPorts = 1>
ST_2 : Operation 126 [1/1] (0.33ns) (out node of the LUT)   --->   "%and_ln108 = and i1 %tmp_42, i1 %xor_ln108" [top.cpp:108]   --->   Operation 126 'and' 'and_ln108' <Predicate = true> <Delay = 0.33> <CoreInst = "LogicGate">   --->   Core 74 'LogicGate' <Latency = 0> <II = 1> <Delay = 0.33> <FuncUnit> <Opcode : 'and' 'or' 'xor'> <InPorts = 2> <OutPorts = 1>
ST_2 : Operation 127 [1/1] (0.00ns) (grouped into LUT with out node and_ln108_4)   --->   "%tmp_44 = bitselect i1 @_ssdm_op_BitSelect.i1.i48.i32, i48 %mul_ln108, i32 38" [top.cpp:108]   --->   Operation 127 'bitselect' 'tmp_44' <Predicate = true> <Delay = 0.00>
ST_2 : Operation 128 [1/1] (0.00ns)   --->   "%tmp_29 = partselect i9 @_ssdm_op_PartSelect.i9.i48.i32, i48 %mul_ln108, i32 39" [top.cpp:108]   --->   Operation 128 'partselect' 'tmp_29' <Predicate = true> <Delay = 0.00>
ST_2 : Operation 129 [1/1] (0.92ns)   --->   "%icmp_ln108 = icmp_eq  i9 %tmp_29, i9 511" [top.cpp:108]   --->   Operation 129 'icmp' 'icmp_ln108' <Predicate = true> <Delay = 0.92> <CoreInst = "Cmp">   --->   Core 9 'Cmp' <Latency = 0> <II = 1> <Delay = 0.92> <FuncUnit> <Opcode : 'seteq' 'setne' 'setle' 'setge' 'setlt' 'setgt'> <InPorts = 2> <OutPorts = 1>
ST_2 : Operation 130 [1/1] (0.00ns)   --->   "%tmp_30 = partselect i10 @_ssdm_op_PartSelect.i10.i48.i32, i48 %mul_ln108, i32 38" [top.cpp:108]   --->   Operation 130 'partselect' 'tmp_30' <Predicate = true> <Delay = 0.00>
ST_2 : Operation 131 [1/1] (0.93ns)   --->   "%icmp_ln108_1 = icmp_eq  i10 %tmp_30, i10 1023" [top.cpp:108]   --->   Operation 131 'icmp' 'icmp_ln108_1' <Predicate = true> <Delay = 0.93> <CoreInst = "Cmp">   --->   Core 9 'Cmp' <Latency = 0> <II = 1> <Delay = 0.93> <FuncUnit> <Opcode : 'seteq' 'setne' 'setle' 'setge' 'setlt' 'setgt'> <InPorts = 2> <OutPorts = 1>
ST_2 : Operation 132 [1/1] (0.93ns)   --->   "%icmp_ln108_2 = icmp_eq  i10 %tmp_30, i10 0" [top.cpp:108]   --->   Operation 132 'icmp' 'icmp_ln108_2' <Predicate = true> <Delay = 0.93> <CoreInst = "Cmp">   --->   Core 9 'Cmp' <Latency = 0> <II = 1> <Delay = 0.93> <FuncUnit> <Opcode : 'seteq' 'setne' 'setle' 'setge' 'setlt' 'setgt'> <InPorts = 2> <OutPorts = 1>
ST_2 : Operation 133 [1/1] (0.00ns) (grouped into LUT with out node and_ln108_3)   --->   "%select_ln108 = select i1 %and_ln108, i1 %icmp_ln108_1, i1 %icmp_ln108_2" [top.cpp:108]   --->   Operation 133 'select' 'select_ln108' <Predicate = true> <Delay = 0.00> <CoreInst = "Sel">   --->   Core 73 'Sel' <Latency = 0> <II = 1> <Delay = 0.26> <FuncUnit> <Opcode : 'select'> <InPorts = 3> <OutPorts = 1>
ST_2 : Operation 134 [1/1] (0.00ns) (grouped into LUT with out node and_ln108_4)   --->   "%xor_ln108_1 = xor i1 %tmp_44, i1 1" [top.cpp:108]   --->   Operation 134 'xor' 'xor_ln108_1' <Predicate = true> <Delay = 0.00> <CoreInst = "LogicGate">   --->   Core 74 'LogicGate' <Latency = 0> <II = 1> <Delay = 0.33> <FuncUnit> <Opcode : 'and' 'or' 'xor'> <InPorts = 2> <OutPorts = 1>
ST_2 : Operation 135 [1/1] (0.00ns) (grouped into LUT with out node and_ln108_4)   --->   "%and_ln108_1 = and i1 %icmp_ln108, i1 %xor_ln108_1" [top.cpp:108]   --->   Operation 135 'and' 'and_ln108_1' <Predicate = true> <Delay = 0.00> <CoreInst = "LogicGate">   --->   Core 74 'LogicGate' <Latency = 0> <II = 1> <Delay = 0.33> <FuncUnit> <Opcode : 'and' 'or' 'xor'> <InPorts = 2> <OutPorts = 1>
ST_2 : Operation 136 [1/1] (0.00ns) (grouped into LUT with out node and_ln108_4)   --->   "%select_ln108_1 = select i1 %and_ln108, i1 %and_ln108_1, i1 %icmp_ln108_1" [top.cpp:108]   --->   Operation 136 'select' 'select_ln108_1' <Predicate = true> <Delay = 0.00> <CoreInst = "Sel">   --->   Core 73 'Sel' <Latency = 0> <II = 1> <Delay = 0.26> <FuncUnit> <Opcode : 'select'> <InPorts = 3> <OutPorts = 1>
ST_2 : Operation 137 [1/1] (0.00ns) (grouped into LUT with out node or_ln108_1)   --->   "%and_ln108_2 = and i1 %and_ln108, i1 %icmp_ln108_1" [top.cpp:108]   --->   Operation 137 'and' 'and_ln108_2' <Predicate = true> <Delay = 0.00> <CoreInst = "LogicGate">   --->   Core 74 'LogicGate' <Latency = 0> <II = 1> <Delay = 0.33> <FuncUnit> <Opcode : 'and' 'or' 'xor'> <InPorts = 2> <OutPorts = 1>
ST_2 : Operation 138 [1/1] (0.00ns) (grouped into LUT with out node and_ln108_3)   --->   "%xor_ln108_2 = xor i1 %select_ln108, i1 1" [top.cpp:108]   --->   Operation 138 'xor' 'xor_ln108_2' <Predicate = true> <Delay = 0.00> <CoreInst = "LogicGate">   --->   Core 74 'LogicGate' <Latency = 0> <II = 1> <Delay = 0.33> <FuncUnit> <Opcode : 'and' 'or' 'xor'> <InPorts = 2> <OutPorts = 1>
ST_2 : Operation 139 [1/1] (0.00ns) (grouped into LUT with out node and_ln108_3)   --->   "%or_ln108 = or i1 %tmp_43, i1 %xor_ln108_2" [top.cpp:108]   --->   Operation 139 'or' 'or_ln108' <Predicate = true> <Delay = 0.00> <CoreInst = "LogicGate">   --->   Core 74 'LogicGate' <Latency = 0> <II = 1> <Delay = 0.33> <FuncUnit> <Opcode : 'and' 'or' 'xor'> <InPorts = 2> <OutPorts = 1>
ST_2 : Operation 140 [1/1] (0.00ns) (grouped into LUT with out node and_ln108_3)   --->   "%xor_ln108_3 = xor i1 %tmp_40, i1 1" [top.cpp:108]   --->   Operation 140 'xor' 'xor_ln108_3' <Predicate = true> <Delay = 0.00> <CoreInst = "LogicGate">   --->   Core 74 'LogicGate' <Latency = 0> <II = 1> <Delay = 0.33> <FuncUnit> <Opcode : 'and' 'or' 'xor'> <InPorts = 2> <OutPorts = 1>
ST_2 : Operation 141 [1/1] (0.33ns) (out node of the LUT)   --->   "%and_ln108_3 = and i1 %or_ln108, i1 %xor_ln108_3" [top.cpp:108]   --->   Operation 141 'and' 'and_ln108_3' <Predicate = true> <Delay = 0.33> <CoreInst = "LogicGate">   --->   Core 74 'LogicGate' <Latency = 0> <II = 1> <Delay = 0.33> <FuncUnit> <Opcode : 'and' 'or' 'xor'> <InPorts = 2> <OutPorts = 1>
ST_2 : Operation 142 [1/1] (0.33ns) (out node of the LUT)   --->   "%and_ln108_4 = and i1 %tmp_43, i1 %select_ln108_1" [top.cpp:108]   --->   Operation 142 'and' 'and_ln108_4' <Predicate = true> <Delay = 0.33> <CoreInst = "LogicGate">   --->   Core 74 'LogicGate' <Latency = 0> <II = 1> <Delay = 0.33> <FuncUnit> <Opcode : 'and' 'or' 'xor'> <InPorts = 2> <OutPorts = 1>
ST_2 : Operation 143 [1/1] (0.00ns) (grouped into LUT with out node or_ln108_1)   --->   "%or_ln108_4 = or i1 %and_ln108_2, i1 %and_ln108_4" [top.cpp:108]   --->   Operation 143 'or' 'or_ln108_4' <Predicate = true> <Delay = 0.00> <CoreInst = "LogicGate">   --->   Core 74 'LogicGate' <Latency = 0> <II = 1> <Delay = 0.33> <FuncUnit> <Opcode : 'and' 'or' 'xor'> <InPorts = 2> <OutPorts = 1>
ST_2 : Operation 144 [1/1] (0.00ns) (grouped into LUT with out node or_ln108_1)   --->   "%xor_ln108_4 = xor i1 %or_ln108_4, i1 1" [top.cpp:108]   --->   Operation 144 'xor' 'xor_ln108_4' <Predicate = true> <Delay = 0.00> <CoreInst = "LogicGate">   --->   Core 74 'LogicGate' <Latency = 0> <II = 1> <Delay = 0.33> <FuncUnit> <Opcode : 'and' 'or' 'xor'> <InPorts = 2> <OutPorts = 1>
ST_2 : Operation 145 [1/1] (0.00ns) (grouped into LUT with out node or_ln108_1)   --->   "%and_ln108_5 = and i1 %tmp_40, i1 %xor_ln108_4" [top.cpp:108]   --->   Operation 145 'and' 'and_ln108_5' <Predicate = true> <Delay = 0.00> <CoreInst = "LogicGate">   --->   Core 74 'LogicGate' <Latency = 0> <II = 1> <Delay = 0.33> <FuncUnit> <Opcode : 'and' 'or' 'xor'> <InPorts = 2> <OutPorts = 1>
ST_2 : Operation 146 [1/1] (0.00ns) (grouped into LUT with out node select_ln108_3)   --->   "%select_ln108_2 = select i1 %and_ln108_3, i24 8388607, i24 8388608" [top.cpp:108]   --->   Operation 146 'select' 'select_ln108_2' <Predicate = true> <Delay = 0.00> <CoreInst = "Sel">   --->   Core 73 'Sel' <Latency = 0> <II = 1> <Delay = 0.43> <FuncUnit> <Opcode : 'select'> <InPorts = 3> <OutPorts = 1>
ST_2 : Operation 147 [1/1] (0.33ns) (out node of the LUT)   --->   "%or_ln108_1 = or i1 %and_ln108_3, i1 %and_ln108_5" [top.cpp:108]   --->   Operation 147 'or' 'or_ln108_1' <Predicate = true> <Delay = 0.33> <CoreInst = "LogicGate">   --->   Core 74 'LogicGate' <Latency = 0> <II = 1> <Delay = 0.33> <FuncUnit> <Opcode : 'and' 'or' 'xor'> <InPorts = 2> <OutPorts = 1>
ST_2 : Operation 148 [1/1] (0.43ns) (out node of the LUT)   --->   "%select_ln108_3 = select i1 %or_ln108_1, i24 %select_ln108_2, i24 %add_ln108" [top.cpp:108]   --->   Operation 148 'select' 'select_ln108_3' <Predicate = true> <Delay = 0.43> <CoreInst = "Sel">   --->   Core 73 'Sel' <Latency = 0> <II = 1> <Delay = 0.43> <FuncUnit> <Opcode : 'select'> <InPorts = 3> <OutPorts = 1>
ST_2 : Operation 149 [1/2] ( I:1.35ns O:1.35ns )   --->   "%top_kernel_ap_fixed_64_ap_fixed_24_10_0_0_0_64_tmp_2_load = load i12 %top_kernel_ap_fixed_64_ap_fixed_24_10_0_0_0_64_tmp_2_addr" [top.cpp:108]   --->   Operation 149 'load' 'top_kernel_ap_fixed_64_ap_fixed_24_10_0_0_0_64_tmp_2_load' <Predicate = true> <Delay = 1.35> <CoreInst = "RAM_T2P_BRAM">   --->   Core 98 'RAM_T2P_BRAM' <Latency = 1> <II = 1> <Delay = 1.35> <Storage> <Opcode : 'load' 'store'> <Ports = 2> <Width = 24> <Depth = 4096> <RAM>
ST_2 : Operation 150 [1/1] (0.00ns)   --->   "%sext_ln108_2 = sext i24 %top_kernel_ap_fixed_64_ap_fixed_24_10_0_0_0_64_tmp_2_load" [top.cpp:108]   --->   Operation 150 'sext' 'sext_ln108_2' <Predicate = true> <Delay = 0.00>
ST_2 : Operation 151 [1/1] (0.00ns)   --->   "%sext_ln108_3 = sext i24 %tmp_31" [top.cpp:108]   --->   Operation 151 'sext' 'sext_ln108_3' <Predicate = true> <Delay = 0.00>
ST_2 : Operation 152 [1/1] (3.38ns)   --->   "%mul_ln108_1 = mul i48 %sext_ln108_3, i48 %sext_ln108_2" [top.cpp:108]   --->   Operation 152 'mul' 'mul_ln108_1' <Predicate = true> <Delay = 3.38> <CoreInst = "Multiplier">   --->   Core 3 'Multiplier' <Latency = 0> <II = 1> <Delay = 3.38> <FuncUnit> <Opcode : 'mul'> <InPorts = 2> <OutPorts = 1>
ST_2 : Operation 153 [1/1] (0.00ns)   --->   "%tmp_48 = bitselect i1 @_ssdm_op_BitSelect.i1.i48.i32, i48 %mul_ln108_1, i32 47" [top.cpp:108]   --->   Operation 153 'bitselect' 'tmp_48' <Predicate = true> <Delay = 0.00>
ST_2 : Operation 154 [1/1] (0.00ns)   --->   "%trunc_ln108_1 = partselect i24 @_ssdm_op_PartSelect.i24.i48.i32.i32, i48 %mul_ln108_1, i32 14, i32 37" [top.cpp:108]   --->   Operation 154 'partselect' 'trunc_ln108_1' <Predicate = true> <Delay = 0.00>
ST_2 : Operation 155 [1/1] (0.00ns)   --->   "%tmp_49 = bitselect i1 @_ssdm_op_BitSelect.i1.i48.i32, i48 %mul_ln108_1, i32 13" [top.cpp:108]   --->   Operation 155 'bitselect' 'tmp_49' <Predicate = true> <Delay = 0.00>
ST_2 : Operation 156 [1/1] (0.00ns) (grouped into LUT with out node and_ln108_6)   --->   "%tmp_50 = bitselect i1 @_ssdm_op_BitSelect.i1.i48.i32, i48 %mul_ln108_1, i32 37" [top.cpp:108]   --->   Operation 156 'bitselect' 'tmp_50' <Predicate = true> <Delay = 0.00>
ST_2 : Operation 157 [1/1] (0.00ns)   --->   "%zext_ln108_1 = zext i1 %tmp_49" [top.cpp:108]   --->   Operation 157 'zext' 'zext_ln108_1' <Predicate = true> <Delay = 0.00>
ST_2 : Operation 158 [1/1] (1.10ns)   --->   "%add_ln108_1 = add i24 %trunc_ln108_1, i24 %zext_ln108_1" [top.cpp:108]   --->   Operation 158 'add' 'add_ln108_1' <Predicate = true> <Delay = 1.10> <CoreInst = "Adder">   --->   Core 1 'Adder' <Latency = 0> <II = 1> <Delay = 1.10> <FuncUnit> <Opcode : 'add' 'sub'> <InPorts = 2> <OutPorts = 1>
ST_2 : Operation 159 [1/1] (0.00ns)   --->   "%tmp_51 = bitselect i1 @_ssdm_op_BitSelect.i1.i24.i32, i24 %add_ln108_1, i32 23" [top.cpp:108]   --->   Operation 159 'bitselect' 'tmp_51' <Predicate = true> <Delay = 0.00>
ST_2 : Operation 160 [1/1] (0.00ns) (grouped into LUT with out node and_ln108_6)   --->   "%xor_ln108_5 = xor i1 %tmp_51, i1 1" [top.cpp:108]   --->   Operation 160 'xor' 'xor_ln108_5' <Predicate = true> <Delay = 0.00> <CoreInst = "LogicGate">   --->   Core 74 'LogicGate' <Latency = 0> <II = 1> <Delay = 0.33> <FuncUnit> <Opcode : 'and' 'or' 'xor'> <InPorts = 2> <OutPorts = 1>
ST_2 : Operation 161 [1/1] (0.33ns) (out node of the LUT)   --->   "%and_ln108_6 = and i1 %tmp_50, i1 %xor_ln108_5" [top.cpp:108]   --->   Operation 161 'and' 'and_ln108_6' <Predicate = true> <Delay = 0.33> <CoreInst = "LogicGate">   --->   Core 74 'LogicGate' <Latency = 0> <II = 1> <Delay = 0.33> <FuncUnit> <Opcode : 'and' 'or' 'xor'> <InPorts = 2> <OutPorts = 1>
ST_2 : Operation 162 [1/1] (0.00ns) (grouped into LUT with out node and_ln108_10)   --->   "%tmp_52 = bitselect i1 @_ssdm_op_BitSelect.i1.i48.i32, i48 %mul_ln108_1, i32 38" [top.cpp:108]   --->   Operation 162 'bitselect' 'tmp_52' <Predicate = true> <Delay = 0.00>
ST_2 : Operation 163 [1/1] (0.00ns)   --->   "%tmp_s = partselect i9 @_ssdm_op_PartSelect.i9.i48.i32, i48 %mul_ln108_1, i32 39" [top.cpp:108]   --->   Operation 163 'partselect' 'tmp_s' <Predicate = true> <Delay = 0.00>
ST_2 : Operation 164 [1/1] (0.92ns)   --->   "%icmp_ln108_3 = icmp_eq  i9 %tmp_s, i9 511" [top.cpp:108]   --->   Operation 164 'icmp' 'icmp_ln108_3' <Predicate = true> <Delay = 0.92> <CoreInst = "Cmp">   --->   Core 9 'Cmp' <Latency = 0> <II = 1> <Delay = 0.92> <FuncUnit> <Opcode : 'seteq' 'setne' 'setle' 'setge' 'setlt' 'setgt'> <InPorts = 2> <OutPorts = 1>
ST_2 : Operation 165 [1/1] (0.00ns)   --->   "%tmp_35 = partselect i10 @_ssdm_op_PartSelect.i10.i48.i32, i48 %mul_ln108_1, i32 38" [top.cpp:108]   --->   Operation 165 'partselect' 'tmp_35' <Predicate = true> <Delay = 0.00>
ST_2 : Operation 166 [1/1] (0.93ns)   --->   "%icmp_ln108_4 = icmp_eq  i10 %tmp_35, i10 1023" [top.cpp:108]   --->   Operation 166 'icmp' 'icmp_ln108_4' <Predicate = true> <Delay = 0.93> <CoreInst = "Cmp">   --->   Core 9 'Cmp' <Latency = 0> <II = 1> <Delay = 0.93> <FuncUnit> <Opcode : 'seteq' 'setne' 'setle' 'setge' 'setlt' 'setgt'> <InPorts = 2> <OutPorts = 1>
ST_2 : Operation 167 [1/1] (0.93ns)   --->   "%icmp_ln108_5 = icmp_eq  i10 %tmp_35, i10 0" [top.cpp:108]   --->   Operation 167 'icmp' 'icmp_ln108_5' <Predicate = true> <Delay = 0.93> <CoreInst = "Cmp">   --->   Core 9 'Cmp' <Latency = 0> <II = 1> <Delay = 0.93> <FuncUnit> <Opcode : 'seteq' 'setne' 'setle' 'setge' 'setlt' 'setgt'> <InPorts = 2> <OutPorts = 1>
ST_2 : Operation 168 [1/1] (0.00ns) (grouped into LUT with out node and_ln108_9)   --->   "%select_ln108_4 = select i1 %and_ln108_6, i1 %icmp_ln108_4, i1 %icmp_ln108_5" [top.cpp:108]   --->   Operation 168 'select' 'select_ln108_4' <Predicate = true> <Delay = 0.00> <CoreInst = "Sel">   --->   Core 73 'Sel' <Latency = 0> <II = 1> <Delay = 0.26> <FuncUnit> <Opcode : 'select'> <InPorts = 3> <OutPorts = 1>
ST_2 : Operation 169 [1/1] (0.00ns) (grouped into LUT with out node and_ln108_10)   --->   "%xor_ln108_6 = xor i1 %tmp_52, i1 1" [top.cpp:108]   --->   Operation 169 'xor' 'xor_ln108_6' <Predicate = true> <Delay = 0.00> <CoreInst = "LogicGate">   --->   Core 74 'LogicGate' <Latency = 0> <II = 1> <Delay = 0.33> <FuncUnit> <Opcode : 'and' 'or' 'xor'> <InPorts = 2> <OutPorts = 1>
ST_2 : Operation 170 [1/1] (0.00ns) (grouped into LUT with out node and_ln108_10)   --->   "%and_ln108_7 = and i1 %icmp_ln108_3, i1 %xor_ln108_6" [top.cpp:108]   --->   Operation 170 'and' 'and_ln108_7' <Predicate = true> <Delay = 0.00> <CoreInst = "LogicGate">   --->   Core 74 'LogicGate' <Latency = 0> <II = 1> <Delay = 0.33> <FuncUnit> <Opcode : 'and' 'or' 'xor'> <InPorts = 2> <OutPorts = 1>
ST_2 : Operation 171 [1/1] (0.00ns) (grouped into LUT with out node and_ln108_10)   --->   "%select_ln108_5 = select i1 %and_ln108_6, i1 %and_ln108_7, i1 %icmp_ln108_4" [top.cpp:108]   --->   Operation 171 'select' 'select_ln108_5' <Predicate = true> <Delay = 0.00> <CoreInst = "Sel">   --->   Core 73 'Sel' <Latency = 0> <II = 1> <Delay = 0.26> <FuncUnit> <Opcode : 'select'> <InPorts = 3> <OutPorts = 1>
ST_2 : Operation 172 [1/1] (0.00ns) (grouped into LUT with out node or_ln108_3)   --->   "%and_ln108_8 = and i1 %and_ln108_6, i1 %icmp_ln108_4" [top.cpp:108]   --->   Operation 172 'and' 'and_ln108_8' <Predicate = true> <Delay = 0.00> <CoreInst = "LogicGate">   --->   Core 74 'LogicGate' <Latency = 0> <II = 1> <Delay = 0.33> <FuncUnit> <Opcode : 'and' 'or' 'xor'> <InPorts = 2> <OutPorts = 1>
ST_2 : Operation 173 [1/1] (0.00ns) (grouped into LUT with out node and_ln108_9)   --->   "%xor_ln108_7 = xor i1 %select_ln108_4, i1 1" [top.cpp:108]   --->   Operation 173 'xor' 'xor_ln108_7' <Predicate = true> <Delay = 0.00> <CoreInst = "LogicGate">   --->   Core 74 'LogicGate' <Latency = 0> <II = 1> <Delay = 0.33> <FuncUnit> <Opcode : 'and' 'or' 'xor'> <InPorts = 2> <OutPorts = 1>
ST_2 : Operation 174 [1/1] (0.00ns) (grouped into LUT with out node and_ln108_9)   --->   "%or_ln108_2 = or i1 %tmp_51, i1 %xor_ln108_7" [top.cpp:108]   --->   Operation 174 'or' 'or_ln108_2' <Predicate = true> <Delay = 0.00> <CoreInst = "LogicGate">   --->   Core 74 'LogicGate' <Latency = 0> <II = 1> <Delay = 0.33> <FuncUnit> <Opcode : 'and' 'or' 'xor'> <InPorts = 2> <OutPorts = 1>
ST_2 : Operation 175 [1/1] (0.00ns) (grouped into LUT with out node and_ln108_9)   --->   "%xor_ln108_8 = xor i1 %tmp_48, i1 1" [top.cpp:108]   --->   Operation 175 'xor' 'xor_ln108_8' <Predicate = true> <Delay = 0.00> <CoreInst = "LogicGate">   --->   Core 74 'LogicGate' <Latency = 0> <II = 1> <Delay = 0.33> <FuncUnit> <Opcode : 'and' 'or' 'xor'> <InPorts = 2> <OutPorts = 1>
ST_2 : Operation 176 [1/1] (0.33ns) (out node of the LUT)   --->   "%and_ln108_9 = and i1 %or_ln108_2, i1 %xor_ln108_8" [top.cpp:108]   --->   Operation 176 'and' 'and_ln108_9' <Predicate = true> <Delay = 0.33> <CoreInst = "LogicGate">   --->   Core 74 'LogicGate' <Latency = 0> <II = 1> <Delay = 0.33> <FuncUnit> <Opcode : 'and' 'or' 'xor'> <InPorts = 2> <OutPorts = 1>
ST_2 : Operation 177 [1/1] (0.33ns) (out node of the LUT)   --->   "%and_ln108_10 = and i1 %tmp_51, i1 %select_ln108_5" [top.cpp:108]   --->   Operation 177 'and' 'and_ln108_10' <Predicate = true> <Delay = 0.33> <CoreInst = "LogicGate">   --->   Core 74 'LogicGate' <Latency = 0> <II = 1> <Delay = 0.33> <FuncUnit> <Opcode : 'and' 'or' 'xor'> <InPorts = 2> <OutPorts = 1>
ST_2 : Operation 178 [1/1] (0.00ns) (grouped into LUT with out node or_ln108_3)   --->   "%or_ln108_9 = or i1 %and_ln108_8, i1 %and_ln108_10" [top.cpp:108]   --->   Operation 178 'or' 'or_ln108_9' <Predicate = true> <Delay = 0.00> <CoreInst = "LogicGate">   --->   Core 74 'LogicGate' <Latency = 0> <II = 1> <Delay = 0.33> <FuncUnit> <Opcode : 'and' 'or' 'xor'> <InPorts = 2> <OutPorts = 1>
ST_2 : Operation 179 [1/1] (0.00ns) (grouped into LUT with out node or_ln108_3)   --->   "%xor_ln108_9 = xor i1 %or_ln108_9, i1 1" [top.cpp:108]   --->   Operation 179 'xor' 'xor_ln108_9' <Predicate = true> <Delay = 0.00> <CoreInst = "LogicGate">   --->   Core 74 'LogicGate' <Latency = 0> <II = 1> <Delay = 0.33> <FuncUnit> <Opcode : 'and' 'or' 'xor'> <InPorts = 2> <OutPorts = 1>
ST_2 : Operation 180 [1/1] (0.00ns) (grouped into LUT with out node or_ln108_3)   --->   "%and_ln108_11 = and i1 %tmp_48, i1 %xor_ln108_9" [top.cpp:108]   --->   Operation 180 'and' 'and_ln108_11' <Predicate = true> <Delay = 0.00> <CoreInst = "LogicGate">   --->   Core 74 'LogicGate' <Latency = 0> <II = 1> <Delay = 0.33> <FuncUnit> <Opcode : 'and' 'or' 'xor'> <InPorts = 2> <OutPorts = 1>
ST_2 : Operation 181 [1/1] (0.00ns) (grouped into LUT with out node select_ln108_7)   --->   "%select_ln108_6 = select i1 %and_ln108_9, i24 8388607, i24 8388608" [top.cpp:108]   --->   Operation 181 'select' 'select_ln108_6' <Predicate = true> <Delay = 0.00> <CoreInst = "Sel">   --->   Core 73 'Sel' <Latency = 0> <II = 1> <Delay = 0.43> <FuncUnit> <Opcode : 'select'> <InPorts = 3> <OutPorts = 1>
ST_2 : Operation 182 [1/1] (0.33ns) (out node of the LUT)   --->   "%or_ln108_3 = or i1 %and_ln108_9, i1 %and_ln108_11" [top.cpp:108]   --->   Operation 182 'or' 'or_ln108_3' <Predicate = true> <Delay = 0.33> <CoreInst = "LogicGate">   --->   Core 74 'LogicGate' <Latency = 0> <II = 1> <Delay = 0.33> <FuncUnit> <Opcode : 'and' 'or' 'xor'> <InPorts = 2> <OutPorts = 1>
ST_2 : Operation 183 [1/1] (0.43ns) (out node of the LUT)   --->   "%select_ln108_7 = select i1 %or_ln108_3, i24 %select_ln108_6, i24 %add_ln108_1" [top.cpp:108]   --->   Operation 183 'select' 'select_ln108_7' <Predicate = true> <Delay = 0.43> <CoreInst = "Sel">   --->   Core 73 'Sel' <Latency = 0> <II = 1> <Delay = 0.43> <FuncUnit> <Opcode : 'select'> <InPorts = 3> <OutPorts = 1>
ST_2 : Operation 184 [1/2] ( I:1.35ns O:1.35ns )   --->   "%top_kernel_ap_fixed_64_ap_fixed_24_10_0_0_0_64_tmp_1_load = load i12 %top_kernel_ap_fixed_64_ap_fixed_24_10_0_0_0_64_tmp_1_addr" [top.cpp:108]   --->   Operation 184 'load' 'top_kernel_ap_fixed_64_ap_fixed_24_10_0_0_0_64_tmp_1_load' <Predicate = true> <Delay = 1.35> <CoreInst = "RAM_T2P_BRAM">   --->   Core 98 'RAM_T2P_BRAM' <Latency = 1> <II = 1> <Delay = 1.35> <Storage> <Opcode : 'load' 'store'> <Ports = 2> <Width = 24> <Depth = 4096> <RAM>
ST_2 : Operation 185 [1/1] (0.00ns)   --->   "%sext_ln108_4 = sext i24 %top_kernel_ap_fixed_64_ap_fixed_24_10_0_0_0_64_tmp_1_load" [top.cpp:108]   --->   Operation 185 'sext' 'sext_ln108_4' <Predicate = true> <Delay = 0.00>
ST_2 : Operation 186 [1/1] (0.00ns)   --->   "%sext_ln108_5 = sext i24 %tmp_37" [top.cpp:108]   --->   Operation 186 'sext' 'sext_ln108_5' <Predicate = true> <Delay = 0.00>
ST_2 : Operation 187 [1/1] (3.38ns)   --->   "%mul_ln108_2 = mul i48 %sext_ln108_5, i48 %sext_ln108_4" [top.cpp:108]   --->   Operation 187 'mul' 'mul_ln108_2' <Predicate = true> <Delay = 3.38> <CoreInst = "Multiplier">   --->   Core 3 'Multiplier' <Latency = 0> <II = 1> <Delay = 3.38> <FuncUnit> <Opcode : 'mul'> <InPorts = 2> <OutPorts = 1>
ST_2 : Operation 188 [1/1] (0.00ns)   --->   "%tmp_55 = bitselect i1 @_ssdm_op_BitSelect.i1.i48.i32, i48 %mul_ln108_2, i32 47" [top.cpp:108]   --->   Operation 188 'bitselect' 'tmp_55' <Predicate = true> <Delay = 0.00>
ST_2 : Operation 189 [1/1] (0.00ns)   --->   "%trunc_ln108_2 = partselect i24 @_ssdm_op_PartSelect.i24.i48.i32.i32, i48 %mul_ln108_2, i32 14, i32 37" [top.cpp:108]   --->   Operation 189 'partselect' 'trunc_ln108_2' <Predicate = true> <Delay = 0.00>
ST_2 : Operation 190 [1/1] (0.00ns)   --->   "%tmp_56 = bitselect i1 @_ssdm_op_BitSelect.i1.i48.i32, i48 %mul_ln108_2, i32 13" [top.cpp:108]   --->   Operation 190 'bitselect' 'tmp_56' <Predicate = true> <Delay = 0.00>
ST_2 : Operation 191 [1/1] (0.00ns) (grouped into LUT with out node and_ln108_12)   --->   "%tmp_57 = bitselect i1 @_ssdm_op_BitSelect.i1.i48.i32, i48 %mul_ln108_2, i32 37" [top.cpp:108]   --->   Operation 191 'bitselect' 'tmp_57' <Predicate = true> <Delay = 0.00>
ST_2 : Operation 192 [1/1] (0.00ns)   --->   "%zext_ln108_2 = zext i1 %tmp_56" [top.cpp:108]   --->   Operation 192 'zext' 'zext_ln108_2' <Predicate = true> <Delay = 0.00>
ST_2 : Operation 193 [1/1] (1.10ns)   --->   "%add_ln108_2 = add i24 %trunc_ln108_2, i24 %zext_ln108_2" [top.cpp:108]   --->   Operation 193 'add' 'add_ln108_2' <Predicate = true> <Delay = 1.10> <CoreInst = "Adder">   --->   Core 1 'Adder' <Latency = 0> <II = 1> <Delay = 1.10> <FuncUnit> <Opcode : 'add' 'sub'> <InPorts = 2> <OutPorts = 1>
ST_2 : Operation 194 [1/1] (0.00ns)   --->   "%tmp_58 = bitselect i1 @_ssdm_op_BitSelect.i1.i24.i32, i24 %add_ln108_2, i32 23" [top.cpp:108]   --->   Operation 194 'bitselect' 'tmp_58' <Predicate = true> <Delay = 0.00>
ST_2 : Operation 195 [1/1] (0.00ns) (grouped into LUT with out node and_ln108_12)   --->   "%xor_ln108_10 = xor i1 %tmp_58, i1 1" [top.cpp:108]   --->   Operation 195 'xor' 'xor_ln108_10' <Predicate = true> <Delay = 0.00> <CoreInst = "LogicGate">   --->   Core 74 'LogicGate' <Latency = 0> <II = 1> <Delay = 0.33> <FuncUnit> <Opcode : 'and' 'or' 'xor'> <InPorts = 2> <OutPorts = 1>
ST_2 : Operation 196 [1/1] (0.33ns) (out node of the LUT)   --->   "%and_ln108_12 = and i1 %tmp_57, i1 %xor_ln108_10" [top.cpp:108]   --->   Operation 196 'and' 'and_ln108_12' <Predicate = true> <Delay = 0.33> <CoreInst = "LogicGate">   --->   Core 74 'LogicGate' <Latency = 0> <II = 1> <Delay = 0.33> <FuncUnit> <Opcode : 'and' 'or' 'xor'> <InPorts = 2> <OutPorts = 1>
ST_2 : Operation 197 [1/1] (0.00ns) (grouped into LUT with out node and_ln108_16)   --->   "%tmp_59 = bitselect i1 @_ssdm_op_BitSelect.i1.i48.i32, i48 %mul_ln108_2, i32 38" [top.cpp:108]   --->   Operation 197 'bitselect' 'tmp_59' <Predicate = true> <Delay = 0.00>
ST_2 : Operation 198 [1/1] (0.00ns)   --->   "%tmp_38 = partselect i9 @_ssdm_op_PartSelect.i9.i48.i32, i48 %mul_ln108_2, i32 39" [top.cpp:108]   --->   Operation 198 'partselect' 'tmp_38' <Predicate = true> <Delay = 0.00>
ST_2 : Operation 199 [1/1] (0.92ns)   --->   "%icmp_ln108_6 = icmp_eq  i9 %tmp_38, i9 511" [top.cpp:108]   --->   Operation 199 'icmp' 'icmp_ln108_6' <Predicate = true> <Delay = 0.92> <CoreInst = "Cmp">   --->   Core 9 'Cmp' <Latency = 0> <II = 1> <Delay = 0.92> <FuncUnit> <Opcode : 'seteq' 'setne' 'setle' 'setge' 'setlt' 'setgt'> <InPorts = 2> <OutPorts = 1>
ST_2 : Operation 200 [1/1] (0.00ns)   --->   "%tmp_39 = partselect i10 @_ssdm_op_PartSelect.i10.i48.i32, i48 %mul_ln108_2, i32 38" [top.cpp:108]   --->   Operation 200 'partselect' 'tmp_39' <Predicate = true> <Delay = 0.00>
ST_2 : Operation 201 [1/1] (0.93ns)   --->   "%icmp_ln108_7 = icmp_eq  i10 %tmp_39, i10 1023" [top.cpp:108]   --->   Operation 201 'icmp' 'icmp_ln108_7' <Predicate = true> <Delay = 0.93> <CoreInst = "Cmp">   --->   Core 9 'Cmp' <Latency = 0> <II = 1> <Delay = 0.93> <FuncUnit> <Opcode : 'seteq' 'setne' 'setle' 'setge' 'setlt' 'setgt'> <InPorts = 2> <OutPorts = 1>
ST_2 : Operation 202 [1/1] (0.93ns)   --->   "%icmp_ln108_8 = icmp_eq  i10 %tmp_39, i10 0" [top.cpp:108]   --->   Operation 202 'icmp' 'icmp_ln108_8' <Predicate = true> <Delay = 0.93> <CoreInst = "Cmp">   --->   Core 9 'Cmp' <Latency = 0> <II = 1> <Delay = 0.93> <FuncUnit> <Opcode : 'seteq' 'setne' 'setle' 'setge' 'setlt' 'setgt'> <InPorts = 2> <OutPorts = 1>
ST_2 : Operation 203 [1/1] (0.00ns) (grouped into LUT with out node and_ln108_15)   --->   "%select_ln108_8 = select i1 %and_ln108_12, i1 %icmp_ln108_7, i1 %icmp_ln108_8" [top.cpp:108]   --->   Operation 203 'select' 'select_ln108_8' <Predicate = true> <Delay = 0.00> <CoreInst = "Sel">   --->   Core 73 'Sel' <Latency = 0> <II = 1> <Delay = 0.26> <FuncUnit> <Opcode : 'select'> <InPorts = 3> <OutPorts = 1>
ST_2 : Operation 204 [1/1] (0.00ns) (grouped into LUT with out node and_ln108_16)   --->   "%xor_ln108_11 = xor i1 %tmp_59, i1 1" [top.cpp:108]   --->   Operation 204 'xor' 'xor_ln108_11' <Predicate = true> <Delay = 0.00> <CoreInst = "LogicGate">   --->   Core 74 'LogicGate' <Latency = 0> <II = 1> <Delay = 0.33> <FuncUnit> <Opcode : 'and' 'or' 'xor'> <InPorts = 2> <OutPorts = 1>
ST_2 : Operation 205 [1/1] (0.00ns) (grouped into LUT with out node and_ln108_16)   --->   "%and_ln108_13 = and i1 %icmp_ln108_6, i1 %xor_ln108_11" [top.cpp:108]   --->   Operation 205 'and' 'and_ln108_13' <Predicate = true> <Delay = 0.00> <CoreInst = "LogicGate">   --->   Core 74 'LogicGate' <Latency = 0> <II = 1> <Delay = 0.33> <FuncUnit> <Opcode : 'and' 'or' 'xor'> <InPorts = 2> <OutPorts = 1>
ST_2 : Operation 206 [1/1] (0.00ns) (grouped into LUT with out node and_ln108_16)   --->   "%select_ln108_9 = select i1 %and_ln108_12, i1 %and_ln108_13, i1 %icmp_ln108_7" [top.cpp:108]   --->   Operation 206 'select' 'select_ln108_9' <Predicate = true> <Delay = 0.00> <CoreInst = "Sel">   --->   Core 73 'Sel' <Latency = 0> <II = 1> <Delay = 0.26> <FuncUnit> <Opcode : 'select'> <InPorts = 3> <OutPorts = 1>
ST_2 : Operation 207 [1/1] (0.00ns) (grouped into LUT with out node or_ln108_6)   --->   "%and_ln108_14 = and i1 %and_ln108_12, i1 %icmp_ln108_7" [top.cpp:108]   --->   Operation 207 'and' 'and_ln108_14' <Predicate = true> <Delay = 0.00> <CoreInst = "LogicGate">   --->   Core 74 'LogicGate' <Latency = 0> <II = 1> <Delay = 0.33> <FuncUnit> <Opcode : 'and' 'or' 'xor'> <InPorts = 2> <OutPorts = 1>
ST_2 : Operation 208 [1/1] (0.00ns) (grouped into LUT with out node and_ln108_15)   --->   "%xor_ln108_12 = xor i1 %select_ln108_8, i1 1" [top.cpp:108]   --->   Operation 208 'xor' 'xor_ln108_12' <Predicate = true> <Delay = 0.00> <CoreInst = "LogicGate">   --->   Core 74 'LogicGate' <Latency = 0> <II = 1> <Delay = 0.33> <FuncUnit> <Opcode : 'and' 'or' 'xor'> <InPorts = 2> <OutPorts = 1>
ST_2 : Operation 209 [1/1] (0.00ns) (grouped into LUT with out node and_ln108_15)   --->   "%or_ln108_5 = or i1 %tmp_58, i1 %xor_ln108_12" [top.cpp:108]   --->   Operation 209 'or' 'or_ln108_5' <Predicate = true> <Delay = 0.00> <CoreInst = "LogicGate">   --->   Core 74 'LogicGate' <Latency = 0> <II = 1> <Delay = 0.33> <FuncUnit> <Opcode : 'and' 'or' 'xor'> <InPorts = 2> <OutPorts = 1>
ST_2 : Operation 210 [1/1] (0.00ns) (grouped into LUT with out node and_ln108_15)   --->   "%xor_ln108_13 = xor i1 %tmp_55, i1 1" [top.cpp:108]   --->   Operation 210 'xor' 'xor_ln108_13' <Predicate = true> <Delay = 0.00> <CoreInst = "LogicGate">   --->   Core 74 'LogicGate' <Latency = 0> <II = 1> <Delay = 0.33> <FuncUnit> <Opcode : 'and' 'or' 'xor'> <InPorts = 2> <OutPorts = 1>
ST_2 : Operation 211 [1/1] (0.33ns) (out node of the LUT)   --->   "%and_ln108_15 = and i1 %or_ln108_5, i1 %xor_ln108_13" [top.cpp:108]   --->   Operation 211 'and' 'and_ln108_15' <Predicate = true> <Delay = 0.33> <CoreInst = "LogicGate">   --->   Core 74 'LogicGate' <Latency = 0> <II = 1> <Delay = 0.33> <FuncUnit> <Opcode : 'and' 'or' 'xor'> <InPorts = 2> <OutPorts = 1>
ST_2 : Operation 212 [1/1] (0.33ns) (out node of the LUT)   --->   "%and_ln108_16 = and i1 %tmp_58, i1 %select_ln108_9" [top.cpp:108]   --->   Operation 212 'and' 'and_ln108_16' <Predicate = true> <Delay = 0.33> <CoreInst = "LogicGate">   --->   Core 74 'LogicGate' <Latency = 0> <II = 1> <Delay = 0.33> <FuncUnit> <Opcode : 'and' 'or' 'xor'> <InPorts = 2> <OutPorts = 1>
ST_2 : Operation 213 [1/1] (0.00ns) (grouped into LUT with out node or_ln108_6)   --->   "%or_ln108_10 = or i1 %and_ln108_14, i1 %and_ln108_16" [top.cpp:108]   --->   Operation 213 'or' 'or_ln108_10' <Predicate = true> <Delay = 0.00> <CoreInst = "LogicGate">   --->   Core 74 'LogicGate' <Latency = 0> <II = 1> <Delay = 0.33> <FuncUnit> <Opcode : 'and' 'or' 'xor'> <InPorts = 2> <OutPorts = 1>
ST_2 : Operation 214 [1/1] (0.00ns) (grouped into LUT with out node or_ln108_6)   --->   "%xor_ln108_14 = xor i1 %or_ln108_10, i1 1" [top.cpp:108]   --->   Operation 214 'xor' 'xor_ln108_14' <Predicate = true> <Delay = 0.00> <CoreInst = "LogicGate">   --->   Core 74 'LogicGate' <Latency = 0> <II = 1> <Delay = 0.33> <FuncUnit> <Opcode : 'and' 'or' 'xor'> <InPorts = 2> <OutPorts = 1>
ST_2 : Operation 215 [1/1] (0.00ns) (grouped into LUT with out node or_ln108_6)   --->   "%and_ln108_17 = and i1 %tmp_55, i1 %xor_ln108_14" [top.cpp:108]   --->   Operation 215 'and' 'and_ln108_17' <Predicate = true> <Delay = 0.00> <CoreInst = "LogicGate">   --->   Core 74 'LogicGate' <Latency = 0> <II = 1> <Delay = 0.33> <FuncUnit> <Opcode : 'and' 'or' 'xor'> <InPorts = 2> <OutPorts = 1>
ST_2 : Operation 216 [1/1] (0.00ns) (grouped into LUT with out node select_ln108_11)   --->   "%select_ln108_10 = select i1 %and_ln108_15, i24 8388607, i24 8388608" [top.cpp:108]   --->   Operation 216 'select' 'select_ln108_10' <Predicate = true> <Delay = 0.00> <CoreInst = "Sel">   --->   Core 73 'Sel' <Latency = 0> <II = 1> <Delay = 0.43> <FuncUnit> <Opcode : 'select'> <InPorts = 3> <OutPorts = 1>
ST_2 : Operation 217 [1/1] (0.33ns) (out node of the LUT)   --->   "%or_ln108_6 = or i1 %and_ln108_15, i1 %and_ln108_17" [top.cpp:108]   --->   Operation 217 'or' 'or_ln108_6' <Predicate = true> <Delay = 0.33> <CoreInst = "LogicGate">   --->   Core 74 'LogicGate' <Latency = 0> <II = 1> <Delay = 0.33> <FuncUnit> <Opcode : 'and' 'or' 'xor'> <InPorts = 2> <OutPorts = 1>
ST_2 : Operation 218 [1/1] (0.43ns) (out node of the LUT)   --->   "%select_ln108_11 = select i1 %or_ln108_6, i24 %select_ln108_10, i24 %add_ln108_2" [top.cpp:108]   --->   Operation 218 'select' 'select_ln108_11' <Predicate = true> <Delay = 0.43> <CoreInst = "Sel">   --->   Core 73 'Sel' <Latency = 0> <II = 1> <Delay = 0.43> <FuncUnit> <Opcode : 'select'> <InPorts = 3> <OutPorts = 1>
ST_2 : Operation 219 [1/2] ( I:1.35ns O:1.35ns )   --->   "%top_kernel_ap_fixed_64_ap_fixed_24_10_0_0_0_64_tmp_load = load i12 %top_kernel_ap_fixed_64_ap_fixed_24_10_0_0_0_64_tmp_addr" [top.cpp:108]   --->   Operation 219 'load' 'top_kernel_ap_fixed_64_ap_fixed_24_10_0_0_0_64_tmp_load' <Predicate = true> <Delay = 1.35> <CoreInst = "RAM_T2P_BRAM">   --->   Core 98 'RAM_T2P_BRAM' <Latency = 1> <II = 1> <Delay = 1.35> <Storage> <Opcode : 'load' 'store'> <Ports = 2> <Width = 24> <Depth = 4096> <RAM>
ST_2 : Operation 220 [1/1] (0.00ns)   --->   "%sext_ln108_6 = sext i24 %top_kernel_ap_fixed_64_ap_fixed_24_10_0_0_0_64_tmp_load" [top.cpp:108]   --->   Operation 220 'sext' 'sext_ln108_6' <Predicate = true> <Delay = 0.00>
ST_2 : Operation 221 [1/1] (0.00ns)   --->   "%sext_ln108_7 = sext i24 %tmp_45" [top.cpp:108]   --->   Operation 221 'sext' 'sext_ln108_7' <Predicate = true> <Delay = 0.00>
ST_2 : Operation 222 [1/1] (3.38ns)   --->   "%mul_ln108_3 = mul i48 %sext_ln108_7, i48 %sext_ln108_6" [top.cpp:108]   --->   Operation 222 'mul' 'mul_ln108_3' <Predicate = true> <Delay = 3.38> <CoreInst = "Multiplier">   --->   Core 3 'Multiplier' <Latency = 0> <II = 1> <Delay = 3.38> <FuncUnit> <Opcode : 'mul'> <InPorts = 2> <OutPorts = 1>
ST_2 : Operation 223 [1/1] (0.00ns)   --->   "%tmp_60 = bitselect i1 @_ssdm_op_BitSelect.i1.i48.i32, i48 %mul_ln108_3, i32 47" [top.cpp:108]   --->   Operation 223 'bitselect' 'tmp_60' <Predicate = true> <Delay = 0.00>
ST_2 : Operation 224 [1/1] (0.00ns)   --->   "%trunc_ln108_3 = partselect i24 @_ssdm_op_PartSelect.i24.i48.i32.i32, i48 %mul_ln108_3, i32 14, i32 37" [top.cpp:108]   --->   Operation 224 'partselect' 'trunc_ln108_3' <Predicate = true> <Delay = 0.00>
ST_2 : Operation 225 [1/1] (0.00ns)   --->   "%tmp_61 = bitselect i1 @_ssdm_op_BitSelect.i1.i48.i32, i48 %mul_ln108_3, i32 13" [top.cpp:108]   --->   Operation 225 'bitselect' 'tmp_61' <Predicate = true> <Delay = 0.00>
ST_2 : Operation 226 [1/1] (0.00ns) (grouped into LUT with out node and_ln108_18)   --->   "%tmp_62 = bitselect i1 @_ssdm_op_BitSelect.i1.i48.i32, i48 %mul_ln108_3, i32 37" [top.cpp:108]   --->   Operation 226 'bitselect' 'tmp_62' <Predicate = true> <Delay = 0.00>
ST_2 : Operation 227 [1/1] (0.00ns)   --->   "%zext_ln108_3 = zext i1 %tmp_61" [top.cpp:108]   --->   Operation 227 'zext' 'zext_ln108_3' <Predicate = true> <Delay = 0.00>
ST_2 : Operation 228 [1/1] (1.10ns)   --->   "%add_ln108_3 = add i24 %trunc_ln108_3, i24 %zext_ln108_3" [top.cpp:108]   --->   Operation 228 'add' 'add_ln108_3' <Predicate = true> <Delay = 1.10> <CoreInst = "Adder">   --->   Core 1 'Adder' <Latency = 0> <II = 1> <Delay = 1.10> <FuncUnit> <Opcode : 'add' 'sub'> <InPorts = 2> <OutPorts = 1>
ST_2 : Operation 229 [1/1] (0.00ns)   --->   "%tmp_63 = bitselect i1 @_ssdm_op_BitSelect.i1.i24.i32, i24 %add_ln108_3, i32 23" [top.cpp:108]   --->   Operation 229 'bitselect' 'tmp_63' <Predicate = true> <Delay = 0.00>
ST_2 : Operation 230 [1/1] (0.00ns) (grouped into LUT with out node and_ln108_18)   --->   "%xor_ln108_15 = xor i1 %tmp_63, i1 1" [top.cpp:108]   --->   Operation 230 'xor' 'xor_ln108_15' <Predicate = true> <Delay = 0.00> <CoreInst = "LogicGate">   --->   Core 74 'LogicGate' <Latency = 0> <II = 1> <Delay = 0.33> <FuncUnit> <Opcode : 'and' 'or' 'xor'> <InPorts = 2> <OutPorts = 1>
ST_2 : Operation 231 [1/1] (0.33ns) (out node of the LUT)   --->   "%and_ln108_18 = and i1 %tmp_62, i1 %xor_ln108_15" [top.cpp:108]   --->   Operation 231 'and' 'and_ln108_18' <Predicate = true> <Delay = 0.33> <CoreInst = "LogicGate">   --->   Core 74 'LogicGate' <Latency = 0> <II = 1> <Delay = 0.33> <FuncUnit> <Opcode : 'and' 'or' 'xor'> <InPorts = 2> <OutPorts = 1>
ST_2 : Operation 232 [1/1] (0.00ns) (grouped into LUT with out node and_ln108_22)   --->   "%tmp_64 = bitselect i1 @_ssdm_op_BitSelect.i1.i48.i32, i48 %mul_ln108_3, i32 38" [top.cpp:108]   --->   Operation 232 'bitselect' 'tmp_64' <Predicate = true> <Delay = 0.00>
ST_2 : Operation 233 [1/1] (0.00ns)   --->   "%tmp_46 = partselect i9 @_ssdm_op_PartSelect.i9.i48.i32, i48 %mul_ln108_3, i32 39" [top.cpp:108]   --->   Operation 233 'partselect' 'tmp_46' <Predicate = true> <Delay = 0.00>
ST_2 : Operation 234 [1/1] (0.92ns)   --->   "%icmp_ln108_9 = icmp_eq  i9 %tmp_46, i9 511" [top.cpp:108]   --->   Operation 234 'icmp' 'icmp_ln108_9' <Predicate = true> <Delay = 0.92> <CoreInst = "Cmp">   --->   Core 9 'Cmp' <Latency = 0> <II = 1> <Delay = 0.92> <FuncUnit> <Opcode : 'seteq' 'setne' 'setle' 'setge' 'setlt' 'setgt'> <InPorts = 2> <OutPorts = 1>
ST_2 : Operation 235 [1/1] (0.00ns)   --->   "%tmp_47 = partselect i10 @_ssdm_op_PartSelect.i10.i48.i32, i48 %mul_ln108_3, i32 38" [top.cpp:108]   --->   Operation 235 'partselect' 'tmp_47' <Predicate = true> <Delay = 0.00>
ST_2 : Operation 236 [1/1] (0.93ns)   --->   "%icmp_ln108_10 = icmp_eq  i10 %tmp_47, i10 1023" [top.cpp:108]   --->   Operation 236 'icmp' 'icmp_ln108_10' <Predicate = true> <Delay = 0.93> <CoreInst = "Cmp">   --->   Core 9 'Cmp' <Latency = 0> <II = 1> <Delay = 0.93> <FuncUnit> <Opcode : 'seteq' 'setne' 'setle' 'setge' 'setlt' 'setgt'> <InPorts = 2> <OutPorts = 1>
ST_2 : Operation 237 [1/1] (0.93ns)   --->   "%icmp_ln108_11 = icmp_eq  i10 %tmp_47, i10 0" [top.cpp:108]   --->   Operation 237 'icmp' 'icmp_ln108_11' <Predicate = true> <Delay = 0.93> <CoreInst = "Cmp">   --->   Core 9 'Cmp' <Latency = 0> <II = 1> <Delay = 0.93> <FuncUnit> <Opcode : 'seteq' 'setne' 'setle' 'setge' 'setlt' 'setgt'> <InPorts = 2> <OutPorts = 1>
ST_2 : Operation 238 [1/1] (0.00ns) (grouped into LUT with out node and_ln108_21)   --->   "%select_ln108_12 = select i1 %and_ln108_18, i1 %icmp_ln108_10, i1 %icmp_ln108_11" [top.cpp:108]   --->   Operation 238 'select' 'select_ln108_12' <Predicate = true> <Delay = 0.00> <CoreInst = "Sel">   --->   Core 73 'Sel' <Latency = 0> <II = 1> <Delay = 0.26> <FuncUnit> <Opcode : 'select'> <InPorts = 3> <OutPorts = 1>
ST_2 : Operation 239 [1/1] (0.00ns) (grouped into LUT with out node and_ln108_22)   --->   "%xor_ln108_16 = xor i1 %tmp_64, i1 1" [top.cpp:108]   --->   Operation 239 'xor' 'xor_ln108_16' <Predicate = true> <Delay = 0.00> <CoreInst = "LogicGate">   --->   Core 74 'LogicGate' <Latency = 0> <II = 1> <Delay = 0.33> <FuncUnit> <Opcode : 'and' 'or' 'xor'> <InPorts = 2> <OutPorts = 1>
ST_2 : Operation 240 [1/1] (0.00ns) (grouped into LUT with out node and_ln108_22)   --->   "%and_ln108_19 = and i1 %icmp_ln108_9, i1 %xor_ln108_16" [top.cpp:108]   --->   Operation 240 'and' 'and_ln108_19' <Predicate = true> <Delay = 0.00> <CoreInst = "LogicGate">   --->   Core 74 'LogicGate' <Latency = 0> <II = 1> <Delay = 0.33> <FuncUnit> <Opcode : 'and' 'or' 'xor'> <InPorts = 2> <OutPorts = 1>
ST_2 : Operation 241 [1/1] (0.00ns) (grouped into LUT with out node and_ln108_22)   --->   "%select_ln108_13 = select i1 %and_ln108_18, i1 %and_ln108_19, i1 %icmp_ln108_10" [top.cpp:108]   --->   Operation 241 'select' 'select_ln108_13' <Predicate = true> <Delay = 0.00> <CoreInst = "Sel">   --->   Core 73 'Sel' <Latency = 0> <II = 1> <Delay = 0.26> <FuncUnit> <Opcode : 'select'> <InPorts = 3> <OutPorts = 1>
ST_2 : Operation 242 [1/1] (0.00ns) (grouped into LUT with out node or_ln108_8)   --->   "%and_ln108_20 = and i1 %and_ln108_18, i1 %icmp_ln108_10" [top.cpp:108]   --->   Operation 242 'and' 'and_ln108_20' <Predicate = true> <Delay = 0.00> <CoreInst = "LogicGate">   --->   Core 74 'LogicGate' <Latency = 0> <II = 1> <Delay = 0.33> <FuncUnit> <Opcode : 'and' 'or' 'xor'> <InPorts = 2> <OutPorts = 1>
ST_2 : Operation 243 [1/1] (0.00ns) (grouped into LUT with out node and_ln108_21)   --->   "%xor_ln108_17 = xor i1 %select_ln108_12, i1 1" [top.cpp:108]   --->   Operation 243 'xor' 'xor_ln108_17' <Predicate = true> <Delay = 0.00> <CoreInst = "LogicGate">   --->   Core 74 'LogicGate' <Latency = 0> <II = 1> <Delay = 0.33> <FuncUnit> <Opcode : 'and' 'or' 'xor'> <InPorts = 2> <OutPorts = 1>
ST_2 : Operation 244 [1/1] (0.00ns) (grouped into LUT with out node and_ln108_21)   --->   "%or_ln108_7 = or i1 %tmp_63, i1 %xor_ln108_17" [top.cpp:108]   --->   Operation 244 'or' 'or_ln108_7' <Predicate = true> <Delay = 0.00> <CoreInst = "LogicGate">   --->   Core 74 'LogicGate' <Latency = 0> <II = 1> <Delay = 0.33> <FuncUnit> <Opcode : 'and' 'or' 'xor'> <InPorts = 2> <OutPorts = 1>
ST_2 : Operation 245 [1/1] (0.00ns) (grouped into LUT with out node and_ln108_21)   --->   "%xor_ln108_18 = xor i1 %tmp_60, i1 1" [top.cpp:108]   --->   Operation 245 'xor' 'xor_ln108_18' <Predicate = true> <Delay = 0.00> <CoreInst = "LogicGate">   --->   Core 74 'LogicGate' <Latency = 0> <II = 1> <Delay = 0.33> <FuncUnit> <Opcode : 'and' 'or' 'xor'> <InPorts = 2> <OutPorts = 1>
ST_2 : Operation 246 [1/1] (0.33ns) (out node of the LUT)   --->   "%and_ln108_21 = and i1 %or_ln108_7, i1 %xor_ln108_18" [top.cpp:108]   --->   Operation 246 'and' 'and_ln108_21' <Predicate = true> <Delay = 0.33> <CoreInst = "LogicGate">   --->   Core 74 'LogicGate' <Latency = 0> <II = 1> <Delay = 0.33> <FuncUnit> <Opcode : 'and' 'or' 'xor'> <InPorts = 2> <OutPorts = 1>
ST_2 : Operation 247 [1/1] (0.33ns) (out node of the LUT)   --->   "%and_ln108_22 = and i1 %tmp_63, i1 %select_ln108_13" [top.cpp:108]   --->   Operation 247 'and' 'and_ln108_22' <Predicate = true> <Delay = 0.33> <CoreInst = "LogicGate">   --->   Core 74 'LogicGate' <Latency = 0> <II = 1> <Delay = 0.33> <FuncUnit> <Opcode : 'and' 'or' 'xor'> <InPorts = 2> <OutPorts = 1>
ST_2 : Operation 248 [1/1] (0.00ns) (grouped into LUT with out node or_ln108_8)   --->   "%or_ln108_11 = or i1 %and_ln108_20, i1 %and_ln108_22" [top.cpp:108]   --->   Operation 248 'or' 'or_ln108_11' <Predicate = true> <Delay = 0.00> <CoreInst = "LogicGate">   --->   Core 74 'LogicGate' <Latency = 0> <II = 1> <Delay = 0.33> <FuncUnit> <Opcode : 'and' 'or' 'xor'> <InPorts = 2> <OutPorts = 1>
ST_2 : Operation 249 [1/1] (0.00ns) (grouped into LUT with out node or_ln108_8)   --->   "%xor_ln108_19 = xor i1 %or_ln108_11, i1 1" [top.cpp:108]   --->   Operation 249 'xor' 'xor_ln108_19' <Predicate = true> <Delay = 0.00> <CoreInst = "LogicGate">   --->   Core 74 'LogicGate' <Latency = 0> <II = 1> <Delay = 0.33> <FuncUnit> <Opcode : 'and' 'or' 'xor'> <InPorts = 2> <OutPorts = 1>
ST_2 : Operation 250 [1/1] (0.00ns) (grouped into LUT with out node or_ln108_8)   --->   "%and_ln108_23 = and i1 %tmp_60, i1 %xor_ln108_19" [top.cpp:108]   --->   Operation 250 'and' 'and_ln108_23' <Predicate = true> <Delay = 0.00> <CoreInst = "LogicGate">   --->   Core 74 'LogicGate' <Latency = 0> <II = 1> <Delay = 0.33> <FuncUnit> <Opcode : 'and' 'or' 'xor'> <InPorts = 2> <OutPorts = 1>
ST_2 : Operation 251 [1/1] (0.00ns) (grouped into LUT with out node select_ln108_15)   --->   "%select_ln108_14 = select i1 %and_ln108_21, i24 8388607, i24 8388608" [top.cpp:108]   --->   Operation 251 'select' 'select_ln108_14' <Predicate = true> <Delay = 0.00> <CoreInst = "Sel">   --->   Core 73 'Sel' <Latency = 0> <II = 1> <Delay = 0.43> <FuncUnit> <Opcode : 'select'> <InPorts = 3> <OutPorts = 1>
ST_2 : Operation 252 [1/1] (0.33ns) (out node of the LUT)   --->   "%or_ln108_8 = or i1 %and_ln108_21, i1 %and_ln108_23" [top.cpp:108]   --->   Operation 252 'or' 'or_ln108_8' <Predicate = true> <Delay = 0.33> <CoreInst = "LogicGate">   --->   Core 74 'LogicGate' <Latency = 0> <II = 1> <Delay = 0.33> <FuncUnit> <Opcode : 'and' 'or' 'xor'> <InPorts = 2> <OutPorts = 1>
ST_2 : Operation 253 [1/1] (0.43ns) (out node of the LUT)   --->   "%select_ln108_15 = select i1 %or_ln108_8, i24 %select_ln108_14, i24 %add_ln108_3" [top.cpp:108]   --->   Operation 253 'select' 'select_ln108_15' <Predicate = true> <Delay = 0.43> <CoreInst = "Sel">   --->   Core 73 'Sel' <Latency = 0> <II = 1> <Delay = 0.43> <FuncUnit> <Opcode : 'select'> <InPorts = 3> <OutPorts = 1>
ST_2 : Operation 270 [1/1] (0.48ns)   --->   "%ret_ln0 = ret"   --->   Operation 270 'ret' 'ret_ln0' <Predicate = (icmp_ln102)> <Delay = 0.48>

State 3 <SV = 2> <Delay = 1.35>
ST_3 : Operation 254 [1/1] (0.00ns)   --->   "%specloopname_ln0 = specloopname void @_ssdm_op_SpecLoopName, void @VITIS_LOOP_102_10_VITIS_LOOP_103_11_str"   --->   Operation 254 'specloopname' 'specloopname_ln0' <Predicate = true> <Delay = 0.00>
ST_3 : Operation 255 [1/1] (0.00ns)   --->   "%speclooptripcount_ln0 = speclooptripcount void @_ssdm_op_SpecLoopTripCount, i64 4096, i64 4096, i64 4096"   --->   Operation 255 'speclooptripcount' 'speclooptripcount_ln0' <Predicate = true> <Delay = 0.00>
ST_3 : Operation 256 [1/1] (0.00ns)   --->   "%specpipeline_ln104 = specpipeline void @_ssdm_op_SpecPipeline, i32 1, i32 0, i32 0, i32 0, void @empty_0" [top.cpp:104]   --->   Operation 256 'specpipeline' 'specpipeline_ln104' <Predicate = true> <Delay = 0.00>
ST_3 : Operation 257 [1/1] (0.00ns)   --->   "%tmp_15 = bitconcatenate i13 @_ssdm_op_BitConcatenate.i13.i8.i5, i8 %trunc_ln103, i5 %lshr_ln1" [top.cpp:108]   --->   Operation 257 'bitconcatenate' 'tmp_15' <Predicate = true> <Delay = 0.00>
ST_3 : Operation 258 [1/1] (0.00ns)   --->   "%zext_ln108_4 = zext i13 %tmp_15" [top.cpp:108]   --->   Operation 258 'zext' 'zext_ln108_4' <Predicate = true> <Delay = 0.00>
ST_3 : Operation 259 [1/1] (0.00ns)   --->   "%C_1_addr = getelementptr i24 %C_1, i64 0, i64 %zext_ln108_4" [top.cpp:108]   --->   Operation 259 'getelementptr' 'C_1_addr' <Predicate = true> <Delay = 0.00>
ST_3 : Operation 260 [1/1] (0.00ns)   --->   "%C_1_addr_34 = getelementptr i24 %C_1_16, i64 0, i64 %zext_ln108_4" [top.cpp:108]   --->   Operation 260 'getelementptr' 'C_1_addr_34' <Predicate = true> <Delay = 0.00>
ST_3 : Operation 261 [1/1] (0.00ns)   --->   "%tmp_36 = bitconcatenate i13 @_ssdm_op_BitConcatenate.i13.i8.i4.i1, i8 %trunc_ln103, i4 %lshr_ln103_1, i1 1" [top.cpp:108]   --->   Operation 261 'bitconcatenate' 'tmp_36' <Predicate = true> <Delay = 0.00>
ST_3 : Operation 262 [1/1] (0.00ns)   --->   "%zext_ln108_6 = zext i13 %tmp_36" [top.cpp:108]   --->   Operation 262 'zext' 'zext_ln108_6' <Predicate = true> <Delay = 0.00>
ST_3 : Operation 263 [1/1] (0.00ns)   --->   "%C_1_addr_1 = getelementptr i24 %C_1, i64 0, i64 %zext_ln108_6" [top.cpp:108]   --->   Operation 263 'getelementptr' 'C_1_addr_1' <Predicate = true> <Delay = 0.00>
ST_3 : Operation 264 [1/1] (0.00ns)   --->   "%C_1_addr_1_35 = getelementptr i24 %C_1_16, i64 0, i64 %zext_ln108_6" [top.cpp:108]   --->   Operation 264 'getelementptr' 'C_1_addr_1_35' <Predicate = true> <Delay = 0.00>
ST_3 : Operation 265 [1/1] ( I:1.35ns O:1.35ns )   --->   "%store_ln108 = store i24 %select_ln108_3, i13 %C_1_addr" [top.cpp:108]   --->   Operation 265 'store' 'store_ln108' <Predicate = true> <Delay = 1.35> <CoreInst = "RAM">   --->   Core 82 'RAM' <Latency = 1> <II = 1> <Delay = 1.35> <Storage> <Opcode : 'load' 'store'> <Ports = 2> <Width = 24> <Depth = 8192> <RAM>
ST_3 : Operation 266 [1/1] ( I:1.35ns O:1.35ns )   --->   "%store_ln108 = store i24 %select_ln108_7, i13 %C_1_addr_34" [top.cpp:108]   --->   Operation 266 'store' 'store_ln108' <Predicate = true> <Delay = 1.35> <CoreInst = "RAM">   --->   Core 82 'RAM' <Latency = 1> <II = 1> <Delay = 1.35> <Storage> <Opcode : 'load' 'store'> <Ports = 2> <Width = 24> <Depth = 8192> <RAM>
ST_3 : Operation 267 [1/1] ( I:1.35ns O:1.35ns )   --->   "%store_ln108 = store i24 %select_ln108_11, i13 %C_1_addr_1" [top.cpp:108]   --->   Operation 267 'store' 'store_ln108' <Predicate = true> <Delay = 1.35> <CoreInst = "RAM">   --->   Core 82 'RAM' <Latency = 1> <II = 1> <Delay = 1.35> <Storage> <Opcode : 'load' 'store'> <Ports = 2> <Width = 24> <Depth = 8192> <RAM>
ST_3 : Operation 268 [1/1] ( I:1.35ns O:1.35ns )   --->   "%store_ln108 = store i24 %select_ln108_15, i13 %C_1_addr_1_35" [top.cpp:108]   --->   Operation 268 'store' 'store_ln108' <Predicate = true> <Delay = 1.35> <CoreInst = "RAM">   --->   Core 82 'RAM' <Latency = 1> <II = 1> <Delay = 1.35> <Storage> <Opcode : 'load' 'store'> <Ports = 2> <Width = 24> <Depth = 8192> <RAM>
ST_3 : Operation 269 [1/1] (0.00ns)   --->   "%br_ln103 = br void %VITIS_LOOP_105_12" [top.cpp:103]   --->   Operation 269 'br' 'br_ln103' <Predicate = true> <Delay = 0.00>


============================================================
+ Verbose Summary: Timing violations
============================================================
Target clock period: 10.000ns, clock uncertainty: 2.700ns.

 <State 1>: 3.219ns
The critical path consists of the following:
	'store' operation 0 bit ('store_ln102', top.cpp:102) of constant 0 on local variable 'i', top.cpp:102 [143]  (0.489 ns)
	'load' operation 9 bit ('i_load', top.cpp:102) on local variable 'i', top.cpp:102 [153]  (0.000 ns)
	'add' operation 9 bit ('add_ln102', top.cpp:102) [155]  (0.921 ns)
	'select' operation 9 bit ('select_ln102', top.cpp:102) [161]  (0.458 ns)
	'getelementptr' operation 12 bit ('top_kernel_ap_fixed_64_ap_fixed_24_10_0_0_0_64_tmp_3_addr', top.cpp:108) [172]  (0.000 ns)
	'load' operation 24 bit ('top_kernel_ap_fixed_64_ap_fixed_24_10_0_0_0_64_tmp_3_load', top.cpp:108) on array 'top_kernel_ap_fixed_64_ap_fixed_24_10_0_0_0_64_tmp_3' [176]  (1.352 ns)

 <State 2>: 7.277ns
The critical path consists of the following:
	'load' operation 24 bit ('top_kernel_ap_fixed_64_ap_fixed_24_10_0_0_0_64_tmp_3_load', top.cpp:108) on array 'top_kernel_ap_fixed_64_ap_fixed_24_10_0_0_0_64_tmp_3' [176]  (1.352 ns)
	'mul' operation 48 bit ('mul_ln108', top.cpp:108) [180]  (3.387 ns)
	'add' operation 24 bit ('add_ln108', top.cpp:108) [186]  (1.110 ns)
	'xor' operation 1 bit ('xor_ln108', top.cpp:108) [188]  (0.000 ns)
	'and' operation 1 bit ('and_ln108', top.cpp:108) [189]  (0.331 ns)
	'select' operation 1 bit ('select_ln108', top.cpp:108) [196]  (0.000 ns)
	'xor' operation 1 bit ('xor_ln108_2', top.cpp:108) [201]  (0.000 ns)
	'or' operation 1 bit ('or_ln108', top.cpp:108) [202]  (0.000 ns)
	'and' operation 1 bit ('and_ln108_3', top.cpp:108) [204]  (0.331 ns)
	'or' operation 1 bit ('or_ln108_1', top.cpp:108) [210]  (0.331 ns)
	'select' operation 24 bit ('select_ln108_3', top.cpp:108) [211]  (0.435 ns)

 <State 3>: 1.352ns
The critical path consists of the following:
	'getelementptr' operation 13 bit ('C_1_addr', top.cpp:108) [167]  (0.000 ns)
	'store' operation 0 bit ('store_ln108', top.cpp:108) of variable 'select_ln108_3', top.cpp:108 on array 'C_1' [324]  (1.352 ns)


============================================================
+ Verbose Summary: Binding
============================================================
N/A
* FSMD analyzer results:
  - Output states:
 - Input state : 
  - Chain level:
	State 1
	State 2
	State 3


============================================================
+ Verbose Summary: Datapath Resource usage 
============================================================
N/A
