Copyright 1986-2022 Xilinx, Inc. All Rights Reserved. Copyright 2022-2025 Advanced Micro Devices, Inc. All Rights Reserved.
---------------------------------------------------------------------------------------------------------------------------------------------
| Tool Version : Vivado v.2025.1.1 (lin64) Build 6233196 Thu Sep 11 21:27:11 MDT 2025
| Date         : Thu Feb  5 05:05:57 2026
| Host         : ece-linlabsrv01 running 64-bit Red Hat Enterprise Linux release 8.10 (Ootpa)
| Command      : report_utilization -hierarchical -hierarchical_depth 6 -file ./report/top_kernel_utilization_hierarchical_synth.rpt
| Design       : bd_0_wrapper
| Device       : xczu3eg-sbva484-1-e
| Speed File   : -1
| Design State : Synthesized
---------------------------------------------------------------------------------------------------------------------------------------------

Utilization Design Information

Table of Contents
-----------------
1. Utilization by Hierarchy

1. Utilization by Hierarchy
---------------------------

+-----------------------------------------------------------------------------+---------------------------------------------------------------------------------+------------+------------+---------+------+-------+--------+--------+------+------------+
|                                   Instance                                  |                                      Module                                     | Total LUTs | Logic LUTs | LUTRAMs | SRLs |  FFs  | RAMB36 | RAMB18 | URAM | DSP Blocks |
+-----------------------------------------------------------------------------+---------------------------------------------------------------------------------+------------+------------+---------+------+-------+--------+--------+------+------------+
| bd_0_wrapper                                                                |                                                                           (top) |      20395 |      19454 |     192 |  749 | 21158 |     20 |     26 |    0 |          1 |
|   bd_0_i                                                                    |                                                                            bd_0 |      20395 |      19454 |     192 |  749 | 21158 |     20 |     26 |    0 |          1 |
|     hls_inst                                                                |                                                                 bd_0_hls_inst_0 |      20395 |      19454 |     192 |  749 | 21158 |     20 |     26 |    0 |          1 |
|       inst                                                                  |                                                      bd_0_hls_inst_0_top_kernel |      20395 |      19454 |     192 |  749 | 21158 |     20 |     26 |    0 |          1 |
|         (inst)                                                              |                                                      bd_0_hls_inst_0_top_kernel |          1 |          0 |       0 |    1 |   153 |      0 |      0 |    0 |          0 |
|         A_m_axi_U                                                           |                                              bd_0_hls_inst_0_top_kernel_A_m_axi |        560 |        497 |       0 |   63 |   741 |      0 |      1 |    0 |          0 |
|           bus_read                                                          |                                         bd_0_hls_inst_0_top_kernel_A_m_axi_read |        392 |        392 |       0 |    0 |   561 |      0 |      0 |    0 |          0 |
|             rreq_burst_conv                                                 |                              bd_0_hls_inst_0_top_kernel_A_m_axi_burst_converter |        314 |        314 |       0 |    0 |   459 |      0 |      0 |    0 |          0 |
|             rs_rdata                                                        |                    bd_0_hls_inst_0_top_kernel_A_m_axi_reg_slice__parameterized0 |         40 |         40 |       0 |    0 |    71 |      0 |      0 |    0 |          0 |
|           load_unit_0                                                       |                                         bd_0_hls_inst_0_top_kernel_A_m_axi_load |        168 |        105 |       0 |   63 |   180 |      0 |      1 |    0 |          0 |
|             (load_unit_0)                                                   |                                         bd_0_hls_inst_0_top_kernel_A_m_axi_load |          1 |          1 |       0 |    0 |    66 |      0 |      0 |    0 |          0 |
|             buff_rdata                                                      |                         bd_0_hls_inst_0_top_kernel_A_m_axi_fifo__parameterized0 |         50 |         50 |       0 |    0 |    37 |      0 |      1 |    0 |          0 |
|             fifo_rreq                                                       |                                         bd_0_hls_inst_0_top_kernel_A_m_axi_fifo |        117 |         54 |       0 |   63 |    77 |      0 |      0 |    0 |          0 |
|         C_m_axi_U                                                           |                                              bd_0_hls_inst_0_top_kernel_C_m_axi |        770 |        611 |       0 |  159 |   998 |      0 |      0 |    0 |          0 |
|           bus_write                                                         |                                        bd_0_hls_inst_0_top_kernel_C_m_axi_write |        525 |        462 |       0 |   63 |   750 |      0 |      0 |    0 |          0 |
|             wreq_burst_conv                                                 |                              bd_0_hls_inst_0_top_kernel_C_m_axi_burst_converter |        314 |        314 |       0 |    0 |   459 |      0 |      0 |    0 |          0 |
|             wreq_throttle                                                   |                                     bd_0_hls_inst_0_top_kernel_C_m_axi_throttle |        184 |        122 |       0 |   62 |   268 |      0 |      0 |    0 |          0 |
|           store_unit_0                                                      |                                        bd_0_hls_inst_0_top_kernel_C_m_axi_store |        245 |        149 |       0 |   96 |   248 |      0 |      0 |    0 |          0 |
|             (store_unit_0)                                                  |                                        bd_0_hls_inst_0_top_kernel_C_m_axi_store |          2 |          2 |       0 |    0 |    78 |      0 |      0 |    0 |          0 |
|             buff_wdata                                                      |                         bd_0_hls_inst_0_top_kernel_C_m_axi_fifo__parameterized1 |         53 |         25 |       0 |   28 |    48 |      0 |      0 |    0 |          0 |
|             fifo_wreq                                                       |                         bd_0_hls_inst_0_top_kernel_C_m_axi_fifo__parameterized0 |        111 |         48 |       0 |   63 |    74 |      0 |      0 |    0 |          0 |
|         col_sum_1_U                                                         |                                bd_0_hls_inst_0_top_kernel_col_sum_RAM_AUTO_1R1W |         92 |         44 |      48 |    0 |    48 |      0 |      0 |    0 |          0 |
|         col_sum_2_U                                                         |                              bd_0_hls_inst_0_top_kernel_col_sum_RAM_AUTO_1R1W_0 |         91 |         43 |      48 |    0 |    48 |      0 |      0 |    0 |          0 |
|         col_sum_3_U                                                         |                              bd_0_hls_inst_0_top_kernel_col_sum_RAM_AUTO_1R1W_1 |         91 |         43 |      48 |    0 |    48 |      0 |      0 |    0 |          0 |
|         col_sum_U                                                           |                              bd_0_hls_inst_0_top_kernel_col_sum_RAM_AUTO_1R1W_5 |         92 |         44 |      48 |    0 |    48 |      0 |      0 |    0 |          0 |
|         control_s_axi_U                                                     |                                        bd_0_hls_inst_0_top_kernel_control_s_axi |        164 |        164 |       0 |    0 |   181 |      0 |      0 |    0 |          0 |
|         grp_top_kernel_Pipeline_VITIS_LOOP_44_2_VITIS_LOOP_46_3_fu_215      |  bd_0_hls_inst_0_top_kernel_top_kernel_Pipeline_VITIS_LOOP_44_2_VITIS_LOOP_46_3 |        142 |        142 |       0 |    0 |    84 |      0 |      0 |    0 |          0 |
|           (grp_top_kernel_Pipeline_VITIS_LOOP_44_2_VITIS_LOOP_46_3_fu_215)  |  bd_0_hls_inst_0_top_kernel_top_kernel_Pipeline_VITIS_LOOP_44_2_VITIS_LOOP_46_3 |        119 |        119 |       0 |    0 |    82 |      0 |      0 |    0 |          0 |
|         grp_top_kernel_Pipeline_VITIS_LOOP_57_4_VITIS_LOOP_60_5_fu_240      |  bd_0_hls_inst_0_top_kernel_top_kernel_Pipeline_VITIS_LOOP_57_4_VITIS_LOOP_60_5 |      17825 |      17301 |       0 |  524 | 18679 |      0 |      0 |    0 |          0 |
|           (grp_top_kernel_Pipeline_VITIS_LOOP_57_4_VITIS_LOOP_60_5_fu_240)  |  bd_0_hls_inst_0_top_kernel_top_kernel_Pipeline_VITIS_LOOP_57_4_VITIS_LOOP_60_5 |         76 |         64 |       0 |   12 |   241 |      0 |      0 |    0 |          0 |
|           sdiv_38ns_24s_38_42_1_U20                                         |                                bd_0_hls_inst_0_top_kernel_sdiv_38ns_24s_38_42_1 |       2166 |       2102 |       0 |   64 |  2277 |      0 |      0 |    0 |          0 |
|             (sdiv_38ns_24s_38_42_1_U20)                                     |                                bd_0_hls_inst_0_top_kernel_sdiv_38ns_24s_38_42_1 |        971 |        971 |       0 |    0 |    38 |      0 |      0 |    0 |          0 |
|             top_kernel_sdiv_38ns_24s_38_42_1_divider_u                      |                     bd_0_hls_inst_0_top_kernel_sdiv_38ns_24s_38_42_1_divider_43 |       1195 |       1131 |       0 |   64 |  2239 |      0 |      0 |    0 |          0 |
|           sdiv_38ns_24s_38_42_1_U21                                         |                             bd_0_hls_inst_0_top_kernel_sdiv_38ns_24s_38_42_1_30 |       2166 |       2102 |       0 |   64 |  2277 |      0 |      0 |    0 |          0 |
|             (sdiv_38ns_24s_38_42_1_U21)                                     |                             bd_0_hls_inst_0_top_kernel_sdiv_38ns_24s_38_42_1_30 |        971 |        971 |       0 |    0 |    38 |      0 |      0 |    0 |          0 |
|             top_kernel_sdiv_38ns_24s_38_42_1_divider_u                      |                     bd_0_hls_inst_0_top_kernel_sdiv_38ns_24s_38_42_1_divider_42 |       1195 |       1131 |       0 |   64 |  2239 |      0 |      0 |    0 |          0 |
|           sdiv_38ns_24s_38_42_1_U22                                         |                             bd_0_hls_inst_0_top_kernel_sdiv_38ns_24s_38_42_1_31 |       2166 |       2102 |       0 |   64 |  2277 |      0 |      0 |    0 |          0 |
|             (sdiv_38ns_24s_38_42_1_U22)                                     |                             bd_0_hls_inst_0_top_kernel_sdiv_38ns_24s_38_42_1_31 |        971 |        971 |       0 |    0 |    38 |      0 |      0 |    0 |          0 |
|             top_kernel_sdiv_38ns_24s_38_42_1_divider_u                      |                     bd_0_hls_inst_0_top_kernel_sdiv_38ns_24s_38_42_1_divider_41 |       1195 |       1131 |       0 |   64 |  2239 |      0 |      0 |    0 |          0 |
|           sdiv_38ns_24s_38_42_1_U23                                         |                             bd_0_hls_inst_0_top_kernel_sdiv_38ns_24s_38_42_1_32 |       2319 |       2255 |       0 |   64 |  2339 |      0 |      0 |    0 |          0 |
|             (sdiv_38ns_24s_38_42_1_U23)                                     |                             bd_0_hls_inst_0_top_kernel_sdiv_38ns_24s_38_42_1_32 |       1036 |       1036 |       0 |    0 |    62 |      0 |      0 |    0 |          0 |
|             top_kernel_sdiv_38ns_24s_38_42_1_divider_u                      |                     bd_0_hls_inst_0_top_kernel_sdiv_38ns_24s_38_42_1_divider_40 |       1283 |       1219 |       0 |   64 |  2277 |      0 |      0 |    0 |          0 |
|           sdiv_38ns_24s_38_42_1_U24                                         |                             bd_0_hls_inst_0_top_kernel_sdiv_38ns_24s_38_42_1_33 |       2339 |       2275 |       0 |   64 |  2363 |      0 |      0 |    0 |          0 |
|             (sdiv_38ns_24s_38_42_1_U24)                                     |                             bd_0_hls_inst_0_top_kernel_sdiv_38ns_24s_38_42_1_33 |       1037 |       1037 |       0 |    0 |    86 |      0 |      0 |    0 |          0 |
|             top_kernel_sdiv_38ns_24s_38_42_1_divider_u                      |                     bd_0_hls_inst_0_top_kernel_sdiv_38ns_24s_38_42_1_divider_39 |       1302 |       1238 |       0 |   64 |  2277 |      0 |      0 |    0 |          0 |
|           sdiv_38ns_24s_38_42_1_U25                                         |                             bd_0_hls_inst_0_top_kernel_sdiv_38ns_24s_38_42_1_34 |       2186 |       2122 |       0 |   64 |  2301 |      0 |      0 |    0 |          0 |
|             (sdiv_38ns_24s_38_42_1_U25)                                     |                             bd_0_hls_inst_0_top_kernel_sdiv_38ns_24s_38_42_1_34 |        972 |        972 |       0 |    0 |    62 |      0 |      0 |    0 |          0 |
|             top_kernel_sdiv_38ns_24s_38_42_1_divider_u                      |                     bd_0_hls_inst_0_top_kernel_sdiv_38ns_24s_38_42_1_divider_38 |       1214 |       1150 |       0 |   64 |  2239 |      0 |      0 |    0 |          0 |
|           sdiv_38ns_24s_38_42_1_U26                                         |                             bd_0_hls_inst_0_top_kernel_sdiv_38ns_24s_38_42_1_35 |       2186 |       2122 |       0 |   64 |  2301 |      0 |      0 |    0 |          0 |
|             (sdiv_38ns_24s_38_42_1_U26)                                     |                             bd_0_hls_inst_0_top_kernel_sdiv_38ns_24s_38_42_1_35 |        972 |        972 |       0 |    0 |    62 |      0 |      0 |    0 |          0 |
|             top_kernel_sdiv_38ns_24s_38_42_1_divider_u                      |                     bd_0_hls_inst_0_top_kernel_sdiv_38ns_24s_38_42_1_divider_37 |       1214 |       1150 |       0 |   64 |  2239 |      0 |      0 |    0 |          0 |
|           sdiv_38ns_24s_38_42_1_U27                                         |                             bd_0_hls_inst_0_top_kernel_sdiv_38ns_24s_38_42_1_36 |       2186 |       2122 |       0 |   64 |  2301 |      0 |      0 |    0 |          0 |
|             (sdiv_38ns_24s_38_42_1_U27)                                     |                             bd_0_hls_inst_0_top_kernel_sdiv_38ns_24s_38_42_1_36 |        972 |        972 |       0 |    0 |    62 |      0 |      0 |    0 |          0 |
|             top_kernel_sdiv_38ns_24s_38_42_1_divider_u                      |                        bd_0_hls_inst_0_top_kernel_sdiv_38ns_24s_38_42_1_divider |       1214 |       1150 |       0 |   64 |  2239 |      0 |      0 |    0 |          0 |
|         grp_top_kernel_Pipeline_VITIS_LOOP_87_9_VITIS_LOOP_90_10_fu_314     | bd_0_hls_inst_0_top_kernel_top_kernel_Pipeline_VITIS_LOOP_87_9_VITIS_LOOP_90_10 |        207 |        205 |       0 |    2 |   111 |      0 |      0 |    0 |          1 |
|           (grp_top_kernel_Pipeline_VITIS_LOOP_87_9_VITIS_LOOP_90_10_fu_314) | bd_0_hls_inst_0_top_kernel_top_kernel_Pipeline_VITIS_LOOP_87_9_VITIS_LOOP_90_10 |        109 |        107 |       0 |    2 |   109 |      0 |      0 |    0 |          0 |
|           flow_control_loop_pipe_sequential_init_U                          |               bd_0_hls_inst_0_top_kernel_flow_control_loop_pipe_sequential_init |         60 |         60 |       0 |    0 |     2 |      0 |      0 |    0 |          0 |
+-----------------------------------------------------------------------------+---------------------------------------------------------------------------------+------------+------------+---------+------+-------+--------+--------+------+------------+


