Copyright 1986-2022 Xilinx, Inc. All Rights Reserved. Copyright 2022-2025 Advanced Micro Devices, Inc. All Rights Reserved.
--------------------------------------------------------------------------------------------------------------------------------------------------
| Tool Version      : Vivado v.2025.1.1 (lin64) Build 6233196 Thu Sep 11 21:27:11 MDT 2025
| Date              : Thu Feb  5 05:06:28 2026
| Host              : ece-linlabsrv01 running 64-bit Red Hat Enterprise Linux release 8.10 (Ootpa)
| Command           : report_timing -max_paths 10 -file ./report/top_kernel_timing_paths_synth.rpt
| Design            : bd_0_wrapper
| Device            : xczu3eg-sbva484
| Speed File        : -1  PRODUCTION 1.30 05-15-2022
| Design State      : Synthesized
| Temperature Grade : E
--------------------------------------------------------------------------------------------------------------------------------------------------

Timing Report

Slack (MET) :             6.532ns  (required time - arrival time)
  Source:                 bd_0_i/hls_inst/inst/col_sum_6_U/ram_reg_bram_0/CLKBWRCLK
                            (rising edge-triggered cell RAMB36E2 clocked by ap_clk  {rise@0.000ns fall@5.000ns period=10.000ns})
  Destination:            bd_0_i/hls_inst/inst/top_kernel_ap_fixed_64_ap_fixed_24_10_0_0_0_64_scale_mem_1_U/ram_reg_bram_0/DINADIN[15]
                            (rising edge-triggered cell RAMB18E2 clocked by ap_clk  {rise@0.000ns fall@5.000ns period=10.000ns})
  Path Group:             ap_clk
  Path Type:              Setup (Max at Slow Process Corner)
  Requirement:            10.000ns  (ap_clk rise@10.000ns - ap_clk rise@0.000ns)
  Data Path Delay:        3.087ns  (logic 1.743ns (56.463%)  route 1.344ns (43.537%))
  Logic Levels:           7  (CARRY8=2 LUT1=1 LUT3=1 LUT5=1 LUT6=2)
  Clock Path Skew:        -0.040ns (DCD - SCD + CPR)
    Destination Clock Delay (DCD):    0.041ns = ( 10.041 - 10.000 ) 
    Source Clock Delay      (SCD):    0.081ns
    Clock Pessimism Removal (CPR):    0.000ns
  Clock Uncertainty:      0.035ns  ((TSJ^2 + TIJ^2)^1/2 + DJ) / 2 + PE
    Total System Jitter     (TSJ):    0.071ns
    Total Input Jitter      (TIJ):    0.000ns
    Discrete Jitter          (DJ):    0.000ns
    Phase Error              (PE):    0.000ns

    Location             Delay type                Incr(ns)  Path(ns)    Netlist Resource(s)
  -------------------------------------------------------------------    -------------------
                         (clock ap_clk rise edge)     0.000     0.000 r  
                                                      0.000     0.000 r  ap_clk (IN)
                         net (fo=22156, unset)        0.081     0.081    bd_0_i/hls_inst/inst/col_sum_6_U/ap_clk
                         RAMB36E2                                     r  bd_0_i/hls_inst/inst/col_sum_6_U/ram_reg_bram_0/CLKBWRCLK
  -------------------------------------------------------------------    -------------------
                         RAMB36E2 (Prop_RAMB36E2_CLKBWRCLK_DOUTBDOUT[1])
                                                      0.998     1.079 f  bd_0_i/hls_inst/inst/col_sum_6_U/ram_reg_bram_0/DOUTBDOUT[1]
                         net (fo=1, unplaced)         0.274     1.353    bd_0_i/hls_inst/inst/col_sum_6_U/col_sum_6_q0[1]
                         LUT1 (Prop_LUT1_I0_O)        0.039     1.392 r  bd_0_i/hls_inst/inst/col_sum_6_U/ram_reg_bram_0_i_51__5/O
                         net (fo=1, unplaced)         0.025     1.417    bd_0_i/hls_inst/inst/col_sum_6_U/ram_reg_bram_0_i_51__5_n_0
                         CARRY8 (Prop_CARRY8_S[1]_CO[7])
                                                      0.245     1.662 r  bd_0_i/hls_inst/inst/col_sum_6_U/ram_reg_bram_0_i_36__6/CO[7]
                         net (fo=1, unplaced)         0.007     1.669    bd_0_i/hls_inst/inst/col_sum_6_U/ram_reg_bram_0_i_36__6_n_0
                         CARRY8 (Prop_CARRY8_CI_O[2])
                                                      0.086     1.755 f  bd_0_i/hls_inst/inst/col_sum_6_U/ram_reg_bram_0_i_24__11/O[2]
                         net (fo=5, unplaced)         0.242     1.997    bd_0_i/hls_inst/inst/col_sum_6_U/grp_top_kernel_Pipeline_VITIS_LOOP_75_7_fu_286/sub_ln80_12_fu_761_p2[24]
                         LUT6 (Prop_LUT6_I1_O)        0.150     2.147 r  bd_0_i/hls_inst/inst/col_sum_6_U/ram_reg_bram_0_i_25__12/O
                         net (fo=6, unplaced)         0.181     2.328    bd_0_i/hls_inst/inst/col_sum_6_U/ram_reg_bram_0_i_25__12_n_0
                         LUT6 (Prop_LUT6_I2_O)        0.100     2.428 r  bd_0_i/hls_inst/inst/col_sum_6_U/ram_reg_bram_0_i_21__12/O
                         net (fo=5, unplaced)         0.232     2.660    bd_0_i/hls_inst/inst/col_sum_6_U/ram_reg_bram_0_i_21__12_n_0
                         LUT5 (Prop_LUT5_I2_O)        0.040     2.700 r  bd_0_i/hls_inst/inst/col_sum_6_U/ram_reg_bram_0_i_19__13/O
                         net (fo=2, unplaced)         0.214     2.914    bd_0_i/hls_inst/inst/col_sum_6_U/ram_reg_bram_0_i_19__13_n_0
                         LUT3 (Prop_LUT3_I2_O)        0.085     2.999 r  bd_0_i/hls_inst/inst/col_sum_6_U/ram_reg_bram_0_i_1__22/O
                         net (fo=1, unplaced)         0.169     3.168    bd_0_i/hls_inst/inst/top_kernel_ap_fixed_64_ap_fixed_24_10_0_0_0_64_scale_mem_1_U/DINADIN[15]
                         RAMB18E2                                     r  bd_0_i/hls_inst/inst/top_kernel_ap_fixed_64_ap_fixed_24_10_0_0_0_64_scale_mem_1_U/ram_reg_bram_0/DINADIN[15]
  -------------------------------------------------------------------    -------------------

                         (clock ap_clk rise edge)    10.000    10.000 r  
                                                      0.000    10.000 r  ap_clk (IN)
                         net (fo=22156, unset)        0.041    10.041    bd_0_i/hls_inst/inst/top_kernel_ap_fixed_64_ap_fixed_24_10_0_0_0_64_scale_mem_1_U/ap_clk
                         RAMB18E2                                     r  bd_0_i/hls_inst/inst/top_kernel_ap_fixed_64_ap_fixed_24_10_0_0_0_64_scale_mem_1_U/ram_reg_bram_0/CLKARDCLK
                         clock pessimism              0.000    10.041    
                         clock uncertainty           -0.035    10.006    
                         RAMB18E2 (Setup_RAMB18E2_CLKARDCLK_DINADIN[15])
                                                     -0.306     9.700    bd_0_i/hls_inst/inst/top_kernel_ap_fixed_64_ap_fixed_24_10_0_0_0_64_scale_mem_1_U/ram_reg_bram_0
  -------------------------------------------------------------------
                         required time                          9.700    
                         arrival time                          -3.168    
  -------------------------------------------------------------------
                         slack                                  6.532    

Slack (MET) :             6.532ns  (required time - arrival time)
  Source:                 bd_0_i/hls_inst/inst/col_sum_5_U/ram_reg_bram_0/CLKBWRCLK
                            (rising edge-triggered cell RAMB36E2 clocked by ap_clk  {rise@0.000ns fall@5.000ns period=10.000ns})
  Destination:            bd_0_i/hls_inst/inst/top_kernel_ap_fixed_64_ap_fixed_24_10_0_0_0_64_scale_mem_2_U/ram_reg_bram_0/DINADIN[15]
                            (rising edge-triggered cell RAMB18E2 clocked by ap_clk  {rise@0.000ns fall@5.000ns period=10.000ns})
  Path Group:             ap_clk
  Path Type:              Setup (Max at Slow Process Corner)
  Requirement:            10.000ns  (ap_clk rise@10.000ns - ap_clk rise@0.000ns)
  Data Path Delay:        3.087ns  (logic 1.743ns (56.463%)  route 1.344ns (43.537%))
  Logic Levels:           7  (CARRY8=2 LUT1=1 LUT3=1 LUT5=1 LUT6=2)
  Clock Path Skew:        -0.040ns (DCD - SCD + CPR)
    Destination Clock Delay (DCD):    0.041ns = ( 10.041 - 10.000 ) 
    Source Clock Delay      (SCD):    0.081ns
    Clock Pessimism Removal (CPR):    0.000ns
  Clock Uncertainty:      0.035ns  ((TSJ^2 + TIJ^2)^1/2 + DJ) / 2 + PE
    Total System Jitter     (TSJ):    0.071ns
    Total Input Jitter      (TIJ):    0.000ns
    Discrete Jitter          (DJ):    0.000ns
    Phase Error              (PE):    0.000ns

    Location             Delay type                Incr(ns)  Path(ns)    Netlist Resource(s)
  -------------------------------------------------------------------    -------------------
                         (clock ap_clk rise edge)     0.000     0.000 r  
                                                      0.000     0.000 r  ap_clk (IN)
                         net (fo=22156, unset)        0.081     0.081    bd_0_i/hls_inst/inst/col_sum_5_U/ap_clk
                         RAMB36E2                                     r  bd_0_i/hls_inst/inst/col_sum_5_U/ram_reg_bram_0/CLKBWRCLK
  -------------------------------------------------------------------    -------------------
                         RAMB36E2 (Prop_RAMB36E2_CLKBWRCLK_DOUTBDOUT[1])
                                                      0.998     1.079 f  bd_0_i/hls_inst/inst/col_sum_5_U/ram_reg_bram_0/DOUTBDOUT[1]
                         net (fo=1, unplaced)         0.274     1.353    bd_0_i/hls_inst/inst/col_sum_5_U/col_sum_5_q0[1]
                         LUT1 (Prop_LUT1_I0_O)        0.039     1.392 r  bd_0_i/hls_inst/inst/col_sum_5_U/ram_reg_bram_0_i_51__4/O
                         net (fo=1, unplaced)         0.025     1.417    bd_0_i/hls_inst/inst/col_sum_5_U/ram_reg_bram_0_i_51__4_n_0
                         CARRY8 (Prop_CARRY8_S[1]_CO[7])
                                                      0.245     1.662 r  bd_0_i/hls_inst/inst/col_sum_5_U/ram_reg_bram_0_i_36__5/CO[7]
                         net (fo=1, unplaced)         0.007     1.669    bd_0_i/hls_inst/inst/col_sum_5_U/ram_reg_bram_0_i_36__5_n_0
                         CARRY8 (Prop_CARRY8_CI_O[2])
                                                      0.086     1.755 f  bd_0_i/hls_inst/inst/col_sum_5_U/ram_reg_bram_0_i_24__10/O[2]
                         net (fo=5, unplaced)         0.242     1.997    bd_0_i/hls_inst/inst/col_sum_5_U/grp_top_kernel_Pipeline_VITIS_LOOP_75_7_fu_286/sub_ln80_10_fu_696_p2[24]
                         LUT6 (Prop_LUT6_I1_O)        0.150     2.147 r  bd_0_i/hls_inst/inst/col_sum_5_U/ram_reg_bram_0_i_25__11/O
                         net (fo=6, unplaced)         0.181     2.328    bd_0_i/hls_inst/inst/col_sum_5_U/ram_reg_bram_0_i_25__11_n_0
                         LUT6 (Prop_LUT6_I2_O)        0.100     2.428 r  bd_0_i/hls_inst/inst/col_sum_5_U/ram_reg_bram_0_i_21__11/O
                         net (fo=5, unplaced)         0.232     2.660    bd_0_i/hls_inst/inst/col_sum_5_U/ram_reg_bram_0_i_21__11_n_0
                         LUT5 (Prop_LUT5_I2_O)        0.040     2.700 r  bd_0_i/hls_inst/inst/col_sum_5_U/ram_reg_bram_0_i_19__12/O
                         net (fo=2, unplaced)         0.214     2.914    bd_0_i/hls_inst/inst/col_sum_5_U/ram_reg_bram_0_i_19__12_n_0
                         LUT3 (Prop_LUT3_I2_O)        0.085     2.999 r  bd_0_i/hls_inst/inst/col_sum_5_U/ram_reg_bram_0_i_1__21/O
                         net (fo=1, unplaced)         0.169     3.168    bd_0_i/hls_inst/inst/top_kernel_ap_fixed_64_ap_fixed_24_10_0_0_0_64_scale_mem_2_U/DINADIN[15]
                         RAMB18E2                                     r  bd_0_i/hls_inst/inst/top_kernel_ap_fixed_64_ap_fixed_24_10_0_0_0_64_scale_mem_2_U/ram_reg_bram_0/DINADIN[15]
  -------------------------------------------------------------------    -------------------

                         (clock ap_clk rise edge)    10.000    10.000 r  
                                                      0.000    10.000 r  ap_clk (IN)
                         net (fo=22156, unset)        0.041    10.041    bd_0_i/hls_inst/inst/top_kernel_ap_fixed_64_ap_fixed_24_10_0_0_0_64_scale_mem_2_U/ap_clk
                         RAMB18E2                                     r  bd_0_i/hls_inst/inst/top_kernel_ap_fixed_64_ap_fixed_24_10_0_0_0_64_scale_mem_2_U/ram_reg_bram_0/CLKARDCLK
                         clock pessimism              0.000    10.041    
                         clock uncertainty           -0.035    10.006    
                         RAMB18E2 (Setup_RAMB18E2_CLKARDCLK_DINADIN[15])
                                                     -0.306     9.700    bd_0_i/hls_inst/inst/top_kernel_ap_fixed_64_ap_fixed_24_10_0_0_0_64_scale_mem_2_U/ram_reg_bram_0
  -------------------------------------------------------------------
                         required time                          9.700    
                         arrival time                          -3.168    
  -------------------------------------------------------------------
                         slack                                  6.532    

Slack (MET) :             6.532ns  (required time - arrival time)
  Source:                 bd_0_i/hls_inst/inst/col_sum_4_U/ram_reg_bram_0/CLKBWRCLK
                            (rising edge-triggered cell RAMB36E2 clocked by ap_clk  {rise@0.000ns fall@5.000ns period=10.000ns})
  Destination:            bd_0_i/hls_inst/inst/top_kernel_ap_fixed_64_ap_fixed_24_10_0_0_0_64_scale_mem_3_U/ram_reg_bram_0/DINADIN[15]
                            (rising edge-triggered cell RAMB18E2 clocked by ap_clk  {rise@0.000ns fall@5.000ns period=10.000ns})
  Path Group:             ap_clk
  Path Type:              Setup (Max at Slow Process Corner)
  Requirement:            10.000ns  (ap_clk rise@10.000ns - ap_clk rise@0.000ns)
  Data Path Delay:        3.087ns  (logic 1.743ns (56.463%)  route 1.344ns (43.537%))
  Logic Levels:           7  (CARRY8=2 LUT1=1 LUT3=1 LUT5=1 LUT6=2)
  Clock Path Skew:        -0.040ns (DCD - SCD + CPR)
    Destination Clock Delay (DCD):    0.041ns = ( 10.041 - 10.000 ) 
    Source Clock Delay      (SCD):    0.081ns
    Clock Pessimism Removal (CPR):    0.000ns
  Clock Uncertainty:      0.035ns  ((TSJ^2 + TIJ^2)^1/2 + DJ) / 2 + PE
    Total System Jitter     (TSJ):    0.071ns
    Total Input Jitter      (TIJ):    0.000ns
    Discrete Jitter          (DJ):    0.000ns
    Phase Error              (PE):    0.000ns

    Location             Delay type                Incr(ns)  Path(ns)    Netlist Resource(s)
  -------------------------------------------------------------------    -------------------
                         (clock ap_clk rise edge)     0.000     0.000 r  
                                                      0.000     0.000 r  ap_clk (IN)
                         net (fo=22156, unset)        0.081     0.081    bd_0_i/hls_inst/inst/col_sum_4_U/ap_clk
                         RAMB36E2                                     r  bd_0_i/hls_inst/inst/col_sum_4_U/ram_reg_bram_0/CLKBWRCLK
  -------------------------------------------------------------------    -------------------
                         RAMB36E2 (Prop_RAMB36E2_CLKBWRCLK_DOUTBDOUT[1])
                                                      0.998     1.079 f  bd_0_i/hls_inst/inst/col_sum_4_U/ram_reg_bram_0/DOUTBDOUT[1]
                         net (fo=1, unplaced)         0.274     1.353    bd_0_i/hls_inst/inst/col_sum_4_U/col_sum_4_q0[1]
                         LUT1 (Prop_LUT1_I0_O)        0.039     1.392 r  bd_0_i/hls_inst/inst/col_sum_4_U/ram_reg_bram_0_i_51__3/O
                         net (fo=1, unplaced)         0.025     1.417    bd_0_i/hls_inst/inst/col_sum_4_U/ram_reg_bram_0_i_51__3_n_0
                         CARRY8 (Prop_CARRY8_S[1]_CO[7])
                                                      0.245     1.662 r  bd_0_i/hls_inst/inst/col_sum_4_U/ram_reg_bram_0_i_36__4/CO[7]
                         net (fo=1, unplaced)         0.007     1.669    bd_0_i/hls_inst/inst/col_sum_4_U/ram_reg_bram_0_i_36__4_n_0
                         CARRY8 (Prop_CARRY8_CI_O[2])
                                                      0.086     1.755 f  bd_0_i/hls_inst/inst/col_sum_4_U/ram_reg_bram_0_i_24__9/O[2]
                         net (fo=5, unplaced)         0.242     1.997    bd_0_i/hls_inst/inst/col_sum_4_U/grp_top_kernel_Pipeline_VITIS_LOOP_75_7_fu_286/sub_ln80_8_fu_631_p2[24]
                         LUT6 (Prop_LUT6_I1_O)        0.150     2.147 r  bd_0_i/hls_inst/inst/col_sum_4_U/ram_reg_bram_0_i_25__10/O
                         net (fo=6, unplaced)         0.181     2.328    bd_0_i/hls_inst/inst/col_sum_4_U/ram_reg_bram_0_i_25__10_n_0
                         LUT6 (Prop_LUT6_I2_O)        0.100     2.428 r  bd_0_i/hls_inst/inst/col_sum_4_U/ram_reg_bram_0_i_21__10/O
                         net (fo=5, unplaced)         0.232     2.660    bd_0_i/hls_inst/inst/col_sum_4_U/ram_reg_bram_0_i_21__10_n_0
                         LUT5 (Prop_LUT5_I2_O)        0.040     2.700 r  bd_0_i/hls_inst/inst/col_sum_4_U/ram_reg_bram_0_i_19__11/O
                         net (fo=2, unplaced)         0.214     2.914    bd_0_i/hls_inst/inst/col_sum_4_U/ram_reg_bram_0_i_19__11_n_0
                         LUT3 (Prop_LUT3_I2_O)        0.085     2.999 r  bd_0_i/hls_inst/inst/col_sum_4_U/ram_reg_bram_0_i_1__20/O
                         net (fo=1, unplaced)         0.169     3.168    bd_0_i/hls_inst/inst/top_kernel_ap_fixed_64_ap_fixed_24_10_0_0_0_64_scale_mem_3_U/DINADIN[15]
                         RAMB18E2                                     r  bd_0_i/hls_inst/inst/top_kernel_ap_fixed_64_ap_fixed_24_10_0_0_0_64_scale_mem_3_U/ram_reg_bram_0/DINADIN[15]
  -------------------------------------------------------------------    -------------------

                         (clock ap_clk rise edge)    10.000    10.000 r  
                                                      0.000    10.000 r  ap_clk (IN)
                         net (fo=22156, unset)        0.041    10.041    bd_0_i/hls_inst/inst/top_kernel_ap_fixed_64_ap_fixed_24_10_0_0_0_64_scale_mem_3_U/ap_clk
                         RAMB18E2                                     r  bd_0_i/hls_inst/inst/top_kernel_ap_fixed_64_ap_fixed_24_10_0_0_0_64_scale_mem_3_U/ram_reg_bram_0/CLKARDCLK
                         clock pessimism              0.000    10.041    
                         clock uncertainty           -0.035    10.006    
                         RAMB18E2 (Setup_RAMB18E2_CLKARDCLK_DINADIN[15])
                                                     -0.306     9.700    bd_0_i/hls_inst/inst/top_kernel_ap_fixed_64_ap_fixed_24_10_0_0_0_64_scale_mem_3_U/ram_reg_bram_0
  -------------------------------------------------------------------
                         required time                          9.700    
                         arrival time                          -3.168    
  -------------------------------------------------------------------
                         slack                                  6.532    

Slack (MET) :             6.532ns  (required time - arrival time)
  Source:                 bd_0_i/hls_inst/inst/col_sum_7_U/ram_reg_bram_0/CLKBWRCLK
                            (rising edge-triggered cell RAMB36E2 clocked by ap_clk  {rise@0.000ns fall@5.000ns period=10.000ns})
  Destination:            bd_0_i/hls_inst/inst/top_kernel_ap_fixed_64_ap_fixed_24_10_0_0_0_64_scale_mem_U/ram_reg_bram_0/DINADIN[15]
                            (rising edge-triggered cell RAMB18E2 clocked by ap_clk  {rise@0.000ns fall@5.000ns period=10.000ns})
  Path Group:             ap_clk
  Path Type:              Setup (Max at Slow Process Corner)
  Requirement:            10.000ns  (ap_clk rise@10.000ns - ap_clk rise@0.000ns)
  Data Path Delay:        3.087ns  (logic 1.743ns (56.463%)  route 1.344ns (43.537%))
  Logic Levels:           7  (CARRY8=2 LUT1=1 LUT3=1 LUT5=1 LUT6=2)
  Clock Path Skew:        -0.040ns (DCD - SCD + CPR)
    Destination Clock Delay (DCD):    0.041ns = ( 10.041 - 10.000 ) 
    Source Clock Delay      (SCD):    0.081ns
    Clock Pessimism Removal (CPR):    0.000ns
  Clock Uncertainty:      0.035ns  ((TSJ^2 + TIJ^2)^1/2 + DJ) / 2 + PE
    Total System Jitter     (TSJ):    0.071ns
    Total Input Jitter      (TIJ):    0.000ns
    Discrete Jitter          (DJ):    0.000ns
    Phase Error              (PE):    0.000ns

    Location             Delay type                Incr(ns)  Path(ns)    Netlist Resource(s)
  -------------------------------------------------------------------    -------------------
                         (clock ap_clk rise edge)     0.000     0.000 r  
                                                      0.000     0.000 r  ap_clk (IN)
                         net (fo=22156, unset)        0.081     0.081    bd_0_i/hls_inst/inst/col_sum_7_U/ap_clk
                         RAMB36E2                                     r  bd_0_i/hls_inst/inst/col_sum_7_U/ram_reg_bram_0/CLKBWRCLK
  -------------------------------------------------------------------    -------------------
                         RAMB36E2 (Prop_RAMB36E2_CLKBWRCLK_DOUTBDOUT[1])
                                                      0.998     1.079 f  bd_0_i/hls_inst/inst/col_sum_7_U/ram_reg_bram_0/DOUTBDOUT[1]
                         net (fo=1, unplaced)         0.274     1.353    bd_0_i/hls_inst/inst/col_sum_7_U/col_sum_7_q0[1]
                         LUT1 (Prop_LUT1_I0_O)        0.039     1.392 r  bd_0_i/hls_inst/inst/col_sum_7_U/ram_reg_bram_0_i_51__6/O
                         net (fo=1, unplaced)         0.025     1.417    bd_0_i/hls_inst/inst/col_sum_7_U/ram_reg_bram_0_i_51__6_n_0
                         CARRY8 (Prop_CARRY8_S[1]_CO[7])
                                                      0.245     1.662 r  bd_0_i/hls_inst/inst/col_sum_7_U/ram_reg_bram_0_i_36__7/CO[7]
                         net (fo=1, unplaced)         0.007     1.669    bd_0_i/hls_inst/inst/col_sum_7_U/ram_reg_bram_0_i_36__7_n_0
                         CARRY8 (Prop_CARRY8_CI_O[2])
                                                      0.086     1.755 f  bd_0_i/hls_inst/inst/col_sum_7_U/ram_reg_bram_0_i_24__12/O[2]
                         net (fo=5, unplaced)         0.242     1.997    bd_0_i/hls_inst/inst/col_sum_7_U/grp_top_kernel_Pipeline_VITIS_LOOP_75_7_fu_286/sub_ln80_14_fu_826_p2[24]
                         LUT6 (Prop_LUT6_I1_O)        0.150     2.147 r  bd_0_i/hls_inst/inst/col_sum_7_U/ram_reg_bram_0_i_25__13/O
                         net (fo=6, unplaced)         0.181     2.328    bd_0_i/hls_inst/inst/col_sum_7_U/ram_reg_bram_0_i_25__13_n_0
                         LUT6 (Prop_LUT6_I2_O)        0.100     2.428 r  bd_0_i/hls_inst/inst/col_sum_7_U/ram_reg_bram_0_i_21__13/O
                         net (fo=5, unplaced)         0.232     2.660    bd_0_i/hls_inst/inst/col_sum_7_U/ram_reg_bram_0_i_21__13_n_0
                         LUT5 (Prop_LUT5_I2_O)        0.040     2.700 r  bd_0_i/hls_inst/inst/col_sum_7_U/ram_reg_bram_0_i_19__14/O
                         net (fo=2, unplaced)         0.214     2.914    bd_0_i/hls_inst/inst/col_sum_7_U/ram_reg_bram_0_i_19__14_n_0
                         LUT3 (Prop_LUT3_I2_O)        0.085     2.999 r  bd_0_i/hls_inst/inst/col_sum_7_U/ram_reg_bram_0_i_1__23/O
                         net (fo=1, unplaced)         0.169     3.168    bd_0_i/hls_inst/inst/top_kernel_ap_fixed_64_ap_fixed_24_10_0_0_0_64_scale_mem_U/DINADIN[15]
                         RAMB18E2                                     r  bd_0_i/hls_inst/inst/top_kernel_ap_fixed_64_ap_fixed_24_10_0_0_0_64_scale_mem_U/ram_reg_bram_0/DINADIN[15]
  -------------------------------------------------------------------    -------------------

                         (clock ap_clk rise edge)    10.000    10.000 r  
                                                      0.000    10.000 r  ap_clk (IN)
                         net (fo=22156, unset)        0.041    10.041    bd_0_i/hls_inst/inst/top_kernel_ap_fixed_64_ap_fixed_24_10_0_0_0_64_scale_mem_U/ap_clk
                         RAMB18E2                                     r  bd_0_i/hls_inst/inst/top_kernel_ap_fixed_64_ap_fixed_24_10_0_0_0_64_scale_mem_U/ram_reg_bram_0/CLKARDCLK
                         clock pessimism              0.000    10.041    
                         clock uncertainty           -0.035    10.006    
                         RAMB18E2 (Setup_RAMB18E2_CLKARDCLK_DINADIN[15])
                                                     -0.306     9.700    bd_0_i/hls_inst/inst/top_kernel_ap_fixed_64_ap_fixed_24_10_0_0_0_64_scale_mem_U/ram_reg_bram_0
  -------------------------------------------------------------------
                         required time                          9.700    
                         arrival time                          -3.168    
  -------------------------------------------------------------------
                         slack                                  6.532    

Slack (MET) :             6.564ns  (required time - arrival time)
  Source:                 bd_0_i/hls_inst/inst/col_sum_6_U/ram_reg_bram_0/CLKBWRCLK
                            (rising edge-triggered cell RAMB36E2 clocked by ap_clk  {rise@0.000ns fall@5.000ns period=10.000ns})
  Destination:            bd_0_i/hls_inst/inst/top_kernel_ap_fixed_64_ap_fixed_24_10_0_0_0_64_scale_mem_1_U/ram_reg_bram_0/DINPADINP[0]
                            (rising edge-triggered cell RAMB18E2 clocked by ap_clk  {rise@0.000ns fall@5.000ns period=10.000ns})
  Path Group:             ap_clk
  Path Type:              Setup (Max at Slow Process Corner)
  Requirement:            10.000ns  (ap_clk rise@10.000ns - ap_clk rise@0.000ns)
  Data Path Delay:        3.105ns  (logic 1.698ns (54.686%)  route 1.407ns (45.314%))
  Logic Levels:           7  (CARRY8=2 LUT1=1 LUT3=1 LUT5=1 LUT6=2)
  Clock Path Skew:        -0.040ns (DCD - SCD + CPR)
    Destination Clock Delay (DCD):    0.041ns = ( 10.041 - 10.000 ) 
    Source Clock Delay      (SCD):    0.081ns
    Clock Pessimism Removal (CPR):    0.000ns
  Clock Uncertainty:      0.035ns  ((TSJ^2 + TIJ^2)^1/2 + DJ) / 2 + PE
    Total System Jitter     (TSJ):    0.071ns
    Total Input Jitter      (TIJ):    0.000ns
    Discrete Jitter          (DJ):    0.000ns
    Phase Error              (PE):    0.000ns

    Location             Delay type                Incr(ns)  Path(ns)    Netlist Resource(s)
  -------------------------------------------------------------------    -------------------
                         (clock ap_clk rise edge)     0.000     0.000 r  
                                                      0.000     0.000 r  ap_clk (IN)
                         net (fo=22156, unset)        0.081     0.081    bd_0_i/hls_inst/inst/col_sum_6_U/ap_clk
                         RAMB36E2                                     r  bd_0_i/hls_inst/inst/col_sum_6_U/ram_reg_bram_0/CLKBWRCLK
  -------------------------------------------------------------------    -------------------
                         RAMB36E2 (Prop_RAMB36E2_CLKBWRCLK_DOUTBDOUT[1])
                                                      0.998     1.079 f  bd_0_i/hls_inst/inst/col_sum_6_U/ram_reg_bram_0/DOUTBDOUT[1]
                         net (fo=1, unplaced)         0.274     1.353    bd_0_i/hls_inst/inst/col_sum_6_U/col_sum_6_q0[1]
                         LUT1 (Prop_LUT1_I0_O)        0.039     1.392 r  bd_0_i/hls_inst/inst/col_sum_6_U/ram_reg_bram_0_i_51__5/O
                         net (fo=1, unplaced)         0.025     1.417    bd_0_i/hls_inst/inst/col_sum_6_U/ram_reg_bram_0_i_51__5_n_0
                         CARRY8 (Prop_CARRY8_S[1]_CO[7])
                                                      0.245     1.662 r  bd_0_i/hls_inst/inst/col_sum_6_U/ram_reg_bram_0_i_36__6/CO[7]
                         net (fo=1, unplaced)         0.007     1.669    bd_0_i/hls_inst/inst/col_sum_6_U/ram_reg_bram_0_i_36__6_n_0
                         CARRY8 (Prop_CARRY8_CI_O[2])
                                                      0.086     1.755 r  bd_0_i/hls_inst/inst/col_sum_6_U/ram_reg_bram_0_i_24__11/O[2]
                         net (fo=5, unplaced)         0.242     1.997    bd_0_i/hls_inst/inst/col_sum_6_U/grp_top_kernel_Pipeline_VITIS_LOOP_75_7_fu_286/sub_ln80_12_fu_761_p2[24]
                         LUT6 (Prop_LUT6_I1_O)        0.150     2.147 f  bd_0_i/hls_inst/inst/col_sum_6_U/ram_reg_bram_0_i_25__12/O
                         net (fo=6, unplaced)         0.181     2.328    bd_0_i/hls_inst/inst/col_sum_6_U/ram_reg_bram_0_i_25__12_n_0
                         LUT6 (Prop_LUT6_I2_O)        0.100     2.428 f  bd_0_i/hls_inst/inst/col_sum_6_U/ram_reg_bram_0_i_21__12/O
                         net (fo=5, unplaced)         0.232     2.660    bd_0_i/hls_inst/inst/col_sum_6_U/ram_reg_bram_0_i_21__12_n_0
                         LUT5 (Prop_LUT5_I2_O)        0.040     2.700 f  bd_0_i/hls_inst/inst/col_sum_6_U/ram_reg_bram_0_i_19__13/O
                         net (fo=2, unplaced)         0.214     2.914    bd_0_i/hls_inst/inst/col_sum_6_U/ram_reg_bram_0_i_19__13_n_0
                         LUT3 (Prop_LUT3_I2_O)        0.040     2.954 r  bd_0_i/hls_inst/inst/col_sum_6_U/ram_reg_bram_0_i_17__10/O
                         net (fo=1, unplaced)         0.232     3.186    bd_0_i/hls_inst/inst/top_kernel_ap_fixed_64_ap_fixed_24_10_0_0_0_64_scale_mem_1_U/DINPADINP[0]
                         RAMB18E2                                     r  bd_0_i/hls_inst/inst/top_kernel_ap_fixed_64_ap_fixed_24_10_0_0_0_64_scale_mem_1_U/ram_reg_bram_0/DINPADINP[0]
  -------------------------------------------------------------------    -------------------

                         (clock ap_clk rise edge)    10.000    10.000 r  
                                                      0.000    10.000 r  ap_clk (IN)
                         net (fo=22156, unset)        0.041    10.041    bd_0_i/hls_inst/inst/top_kernel_ap_fixed_64_ap_fixed_24_10_0_0_0_64_scale_mem_1_U/ap_clk
                         RAMB18E2                                     r  bd_0_i/hls_inst/inst/top_kernel_ap_fixed_64_ap_fixed_24_10_0_0_0_64_scale_mem_1_U/ram_reg_bram_0/CLKARDCLK
                         clock pessimism              0.000    10.041    
                         clock uncertainty           -0.035    10.006    
                         RAMB18E2 (Setup_RAMB18E2_CLKARDCLK_DINPADINP[0])
                                                     -0.256     9.750    bd_0_i/hls_inst/inst/top_kernel_ap_fixed_64_ap_fixed_24_10_0_0_0_64_scale_mem_1_U/ram_reg_bram_0
  -------------------------------------------------------------------
                         required time                          9.750    
                         arrival time                          -3.186    
  -------------------------------------------------------------------
                         slack                                  6.564    

Slack (MET) :             6.564ns  (required time - arrival time)
  Source:                 bd_0_i/hls_inst/inst/col_sum_5_U/ram_reg_bram_0/CLKBWRCLK
                            (rising edge-triggered cell RAMB36E2 clocked by ap_clk  {rise@0.000ns fall@5.000ns period=10.000ns})
  Destination:            bd_0_i/hls_inst/inst/top_kernel_ap_fixed_64_ap_fixed_24_10_0_0_0_64_scale_mem_2_U/ram_reg_bram_0/DINPADINP[0]
                            (rising edge-triggered cell RAMB18E2 clocked by ap_clk  {rise@0.000ns fall@5.000ns period=10.000ns})
  Path Group:             ap_clk
  Path Type:              Setup (Max at Slow Process Corner)
  Requirement:            10.000ns  (ap_clk rise@10.000ns - ap_clk rise@0.000ns)
  Data Path Delay:        3.105ns  (logic 1.698ns (54.686%)  route 1.407ns (45.314%))
  Logic Levels:           7  (CARRY8=2 LUT1=1 LUT3=1 LUT5=1 LUT6=2)
  Clock Path Skew:        -0.040ns (DCD - SCD + CPR)
    Destination Clock Delay (DCD):    0.041ns = ( 10.041 - 10.000 ) 
    Source Clock Delay      (SCD):    0.081ns
    Clock Pessimism Removal (CPR):    0.000ns
  Clock Uncertainty:      0.035ns  ((TSJ^2 + TIJ^2)^1/2 + DJ) / 2 + PE
    Total System Jitter     (TSJ):    0.071ns
    Total Input Jitter      (TIJ):    0.000ns
    Discrete Jitter          (DJ):    0.000ns
    Phase Error              (PE):    0.000ns

    Location             Delay type                Incr(ns)  Path(ns)    Netlist Resource(s)
  -------------------------------------------------------------------    -------------------
                         (clock ap_clk rise edge)     0.000     0.000 r  
                                                      0.000     0.000 r  ap_clk (IN)
                         net (fo=22156, unset)        0.081     0.081    bd_0_i/hls_inst/inst/col_sum_5_U/ap_clk
                         RAMB36E2                                     r  bd_0_i/hls_inst/inst/col_sum_5_U/ram_reg_bram_0/CLKBWRCLK
  -------------------------------------------------------------------    -------------------
                         RAMB36E2 (Prop_RAMB36E2_CLKBWRCLK_DOUTBDOUT[1])
                                                      0.998     1.079 f  bd_0_i/hls_inst/inst/col_sum_5_U/ram_reg_bram_0/DOUTBDOUT[1]
                         net (fo=1, unplaced)         0.274     1.353    bd_0_i/hls_inst/inst/col_sum_5_U/col_sum_5_q0[1]
                         LUT1 (Prop_LUT1_I0_O)        0.039     1.392 r  bd_0_i/hls_inst/inst/col_sum_5_U/ram_reg_bram_0_i_51__4/O
                         net (fo=1, unplaced)         0.025     1.417    bd_0_i/hls_inst/inst/col_sum_5_U/ram_reg_bram_0_i_51__4_n_0
                         CARRY8 (Prop_CARRY8_S[1]_CO[7])
                                                      0.245     1.662 r  bd_0_i/hls_inst/inst/col_sum_5_U/ram_reg_bram_0_i_36__5/CO[7]
                         net (fo=1, unplaced)         0.007     1.669    bd_0_i/hls_inst/inst/col_sum_5_U/ram_reg_bram_0_i_36__5_n_0
                         CARRY8 (Prop_CARRY8_CI_O[2])
                                                      0.086     1.755 r  bd_0_i/hls_inst/inst/col_sum_5_U/ram_reg_bram_0_i_24__10/O[2]
                         net (fo=5, unplaced)         0.242     1.997    bd_0_i/hls_inst/inst/col_sum_5_U/grp_top_kernel_Pipeline_VITIS_LOOP_75_7_fu_286/sub_ln80_10_fu_696_p2[24]
                         LUT6 (Prop_LUT6_I1_O)        0.150     2.147 f  bd_0_i/hls_inst/inst/col_sum_5_U/ram_reg_bram_0_i_25__11/O
                         net (fo=6, unplaced)         0.181     2.328    bd_0_i/hls_inst/inst/col_sum_5_U/ram_reg_bram_0_i_25__11_n_0
                         LUT6 (Prop_LUT6_I2_O)        0.100     2.428 f  bd_0_i/hls_inst/inst/col_sum_5_U/ram_reg_bram_0_i_21__11/O
                         net (fo=5, unplaced)         0.232     2.660    bd_0_i/hls_inst/inst/col_sum_5_U/ram_reg_bram_0_i_21__11_n_0
                         LUT5 (Prop_LUT5_I2_O)        0.040     2.700 f  bd_0_i/hls_inst/inst/col_sum_5_U/ram_reg_bram_0_i_19__12/O
                         net (fo=2, unplaced)         0.214     2.914    bd_0_i/hls_inst/inst/col_sum_5_U/ram_reg_bram_0_i_19__12_n_0
                         LUT3 (Prop_LUT3_I2_O)        0.040     2.954 r  bd_0_i/hls_inst/inst/col_sum_5_U/ram_reg_bram_0_i_17__9/O
                         net (fo=1, unplaced)         0.232     3.186    bd_0_i/hls_inst/inst/top_kernel_ap_fixed_64_ap_fixed_24_10_0_0_0_64_scale_mem_2_U/DINPADINP[0]
                         RAMB18E2                                     r  bd_0_i/hls_inst/inst/top_kernel_ap_fixed_64_ap_fixed_24_10_0_0_0_64_scale_mem_2_U/ram_reg_bram_0/DINPADINP[0]
  -------------------------------------------------------------------    -------------------

                         (clock ap_clk rise edge)    10.000    10.000 r  
                                                      0.000    10.000 r  ap_clk (IN)
                         net (fo=22156, unset)        0.041    10.041    bd_0_i/hls_inst/inst/top_kernel_ap_fixed_64_ap_fixed_24_10_0_0_0_64_scale_mem_2_U/ap_clk
                         RAMB18E2                                     r  bd_0_i/hls_inst/inst/top_kernel_ap_fixed_64_ap_fixed_24_10_0_0_0_64_scale_mem_2_U/ram_reg_bram_0/CLKARDCLK
                         clock pessimism              0.000    10.041    
                         clock uncertainty           -0.035    10.006    
                         RAMB18E2 (Setup_RAMB18E2_CLKARDCLK_DINPADINP[0])
                                                     -0.256     9.750    bd_0_i/hls_inst/inst/top_kernel_ap_fixed_64_ap_fixed_24_10_0_0_0_64_scale_mem_2_U/ram_reg_bram_0
  -------------------------------------------------------------------
                         required time                          9.750    
                         arrival time                          -3.186    
  -------------------------------------------------------------------
                         slack                                  6.564    

Slack (MET) :             6.564ns  (required time - arrival time)
  Source:                 bd_0_i/hls_inst/inst/col_sum_4_U/ram_reg_bram_0/CLKBWRCLK
                            (rising edge-triggered cell RAMB36E2 clocked by ap_clk  {rise@0.000ns fall@5.000ns period=10.000ns})
  Destination:            bd_0_i/hls_inst/inst/top_kernel_ap_fixed_64_ap_fixed_24_10_0_0_0_64_scale_mem_3_U/ram_reg_bram_0/DINPADINP[0]
                            (rising edge-triggered cell RAMB18E2 clocked by ap_clk  {rise@0.000ns fall@5.000ns period=10.000ns})
  Path Group:             ap_clk
  Path Type:              Setup (Max at Slow Process Corner)
  Requirement:            10.000ns  (ap_clk rise@10.000ns - ap_clk rise@0.000ns)
  Data Path Delay:        3.105ns  (logic 1.698ns (54.686%)  route 1.407ns (45.314%))
  Logic Levels:           7  (CARRY8=2 LUT1=1 LUT3=1 LUT5=1 LUT6=2)
  Clock Path Skew:        -0.040ns (DCD - SCD + CPR)
    Destination Clock Delay (DCD):    0.041ns = ( 10.041 - 10.000 ) 
    Source Clock Delay      (SCD):    0.081ns
    Clock Pessimism Removal (CPR):    0.000ns
  Clock Uncertainty:      0.035ns  ((TSJ^2 + TIJ^2)^1/2 + DJ) / 2 + PE
    Total System Jitter     (TSJ):    0.071ns
    Total Input Jitter      (TIJ):    0.000ns
    Discrete Jitter          (DJ):    0.000ns
    Phase Error              (PE):    0.000ns

    Location             Delay type                Incr(ns)  Path(ns)    Netlist Resource(s)
  -------------------------------------------------------------------    -------------------
                         (clock ap_clk rise edge)     0.000     0.000 r  
                                                      0.000     0.000 r  ap_clk (IN)
                         net (fo=22156, unset)        0.081     0.081    bd_0_i/hls_inst/inst/col_sum_4_U/ap_clk
                         RAMB36E2                                     r  bd_0_i/hls_inst/inst/col_sum_4_U/ram_reg_bram_0/CLKBWRCLK
  -------------------------------------------------------------------    -------------------
                         RAMB36E2 (Prop_RAMB36E2_CLKBWRCLK_DOUTBDOUT[1])
                                                      0.998     1.079 f  bd_0_i/hls_inst/inst/col_sum_4_U/ram_reg_bram_0/DOUTBDOUT[1]
                         net (fo=1, unplaced)         0.274     1.353    bd_0_i/hls_inst/inst/col_sum_4_U/col_sum_4_q0[1]
                         LUT1 (Prop_LUT1_I0_O)        0.039     1.392 r  bd_0_i/hls_inst/inst/col_sum_4_U/ram_reg_bram_0_i_51__3/O
                         net (fo=1, unplaced)         0.025     1.417    bd_0_i/hls_inst/inst/col_sum_4_U/ram_reg_bram_0_i_51__3_n_0
                         CARRY8 (Prop_CARRY8_S[1]_CO[7])
                                                      0.245     1.662 r  bd_0_i/hls_inst/inst/col_sum_4_U/ram_reg_bram_0_i_36__4/CO[7]
                         net (fo=1, unplaced)         0.007     1.669    bd_0_i/hls_inst/inst/col_sum_4_U/ram_reg_bram_0_i_36__4_n_0
                         CARRY8 (Prop_CARRY8_CI_O[2])
                                                      0.086     1.755 r  bd_0_i/hls_inst/inst/col_sum_4_U/ram_reg_bram_0_i_24__9/O[2]
                         net (fo=5, unplaced)         0.242     1.997    bd_0_i/hls_inst/inst/col_sum_4_U/grp_top_kernel_Pipeline_VITIS_LOOP_75_7_fu_286/sub_ln80_8_fu_631_p2[24]
                         LUT6 (Prop_LUT6_I1_O)        0.150     2.147 f  bd_0_i/hls_inst/inst/col_sum_4_U/ram_reg_bram_0_i_25__10/O
                         net (fo=6, unplaced)         0.181     2.328    bd_0_i/hls_inst/inst/col_sum_4_U/ram_reg_bram_0_i_25__10_n_0
                         LUT6 (Prop_LUT6_I2_O)        0.100     2.428 f  bd_0_i/hls_inst/inst/col_sum_4_U/ram_reg_bram_0_i_21__10/O
                         net (fo=5, unplaced)         0.232     2.660    bd_0_i/hls_inst/inst/col_sum_4_U/ram_reg_bram_0_i_21__10_n_0
                         LUT5 (Prop_LUT5_I2_O)        0.040     2.700 f  bd_0_i/hls_inst/inst/col_sum_4_U/ram_reg_bram_0_i_19__11/O
                         net (fo=2, unplaced)         0.214     2.914    bd_0_i/hls_inst/inst/col_sum_4_U/ram_reg_bram_0_i_19__11_n_0
                         LUT3 (Prop_LUT3_I2_O)        0.040     2.954 r  bd_0_i/hls_inst/inst/col_sum_4_U/ram_reg_bram_0_i_17__8/O
                         net (fo=1, unplaced)         0.232     3.186    bd_0_i/hls_inst/inst/top_kernel_ap_fixed_64_ap_fixed_24_10_0_0_0_64_scale_mem_3_U/DINPADINP[0]
                         RAMB18E2                                     r  bd_0_i/hls_inst/inst/top_kernel_ap_fixed_64_ap_fixed_24_10_0_0_0_64_scale_mem_3_U/ram_reg_bram_0/DINPADINP[0]
  -------------------------------------------------------------------    -------------------

                         (clock ap_clk rise edge)    10.000    10.000 r  
                                                      0.000    10.000 r  ap_clk (IN)
                         net (fo=22156, unset)        0.041    10.041    bd_0_i/hls_inst/inst/top_kernel_ap_fixed_64_ap_fixed_24_10_0_0_0_64_scale_mem_3_U/ap_clk
                         RAMB18E2                                     r  bd_0_i/hls_inst/inst/top_kernel_ap_fixed_64_ap_fixed_24_10_0_0_0_64_scale_mem_3_U/ram_reg_bram_0/CLKARDCLK
                         clock pessimism              0.000    10.041    
                         clock uncertainty           -0.035    10.006    
                         RAMB18E2 (Setup_RAMB18E2_CLKARDCLK_DINPADINP[0])
                                                     -0.256     9.750    bd_0_i/hls_inst/inst/top_kernel_ap_fixed_64_ap_fixed_24_10_0_0_0_64_scale_mem_3_U/ram_reg_bram_0
  -------------------------------------------------------------------
                         required time                          9.750    
                         arrival time                          -3.186    
  -------------------------------------------------------------------
                         slack                                  6.564    

Slack (MET) :             6.564ns  (required time - arrival time)
  Source:                 bd_0_i/hls_inst/inst/col_sum_7_U/ram_reg_bram_0/CLKBWRCLK
                            (rising edge-triggered cell RAMB36E2 clocked by ap_clk  {rise@0.000ns fall@5.000ns period=10.000ns})
  Destination:            bd_0_i/hls_inst/inst/top_kernel_ap_fixed_64_ap_fixed_24_10_0_0_0_64_scale_mem_U/ram_reg_bram_0/DINPADINP[0]
                            (rising edge-triggered cell RAMB18E2 clocked by ap_clk  {rise@0.000ns fall@5.000ns period=10.000ns})
  Path Group:             ap_clk
  Path Type:              Setup (Max at Slow Process Corner)
  Requirement:            10.000ns  (ap_clk rise@10.000ns - ap_clk rise@0.000ns)
  Data Path Delay:        3.105ns  (logic 1.698ns (54.686%)  route 1.407ns (45.314%))
  Logic Levels:           7  (CARRY8=2 LUT1=1 LUT3=1 LUT5=1 LUT6=2)
  Clock Path Skew:        -0.040ns (DCD - SCD + CPR)
    Destination Clock Delay (DCD):    0.041ns = ( 10.041 - 10.000 ) 
    Source Clock Delay      (SCD):    0.081ns
    Clock Pessimism Removal (CPR):    0.000ns
  Clock Uncertainty:      0.035ns  ((TSJ^2 + TIJ^2)^1/2 + DJ) / 2 + PE
    Total System Jitter     (TSJ):    0.071ns
    Total Input Jitter      (TIJ):    0.000ns
    Discrete Jitter          (DJ):    0.000ns
    Phase Error              (PE):    0.000ns

    Location             Delay type                Incr(ns)  Path(ns)    Netlist Resource(s)
  -------------------------------------------------------------------    -------------------
                         (clock ap_clk rise edge)     0.000     0.000 r  
                                                      0.000     0.000 r  ap_clk (IN)
                         net (fo=22156, unset)        0.081     0.081    bd_0_i/hls_inst/inst/col_sum_7_U/ap_clk
                         RAMB36E2                                     r  bd_0_i/hls_inst/inst/col_sum_7_U/ram_reg_bram_0/CLKBWRCLK
  -------------------------------------------------------------------    -------------------
                         RAMB36E2 (Prop_RAMB36E2_CLKBWRCLK_DOUTBDOUT[1])
                                                      0.998     1.079 f  bd_0_i/hls_inst/inst/col_sum_7_U/ram_reg_bram_0/DOUTBDOUT[1]
                         net (fo=1, unplaced)         0.274     1.353    bd_0_i/hls_inst/inst/col_sum_7_U/col_sum_7_q0[1]
                         LUT1 (Prop_LUT1_I0_O)        0.039     1.392 r  bd_0_i/hls_inst/inst/col_sum_7_U/ram_reg_bram_0_i_51__6/O
                         net (fo=1, unplaced)         0.025     1.417    bd_0_i/hls_inst/inst/col_sum_7_U/ram_reg_bram_0_i_51__6_n_0
                         CARRY8 (Prop_CARRY8_S[1]_CO[7])
                                                      0.245     1.662 r  bd_0_i/hls_inst/inst/col_sum_7_U/ram_reg_bram_0_i_36__7/CO[7]
                         net (fo=1, unplaced)         0.007     1.669    bd_0_i/hls_inst/inst/col_sum_7_U/ram_reg_bram_0_i_36__7_n_0
                         CARRY8 (Prop_CARRY8_CI_O[2])
                                                      0.086     1.755 r  bd_0_i/hls_inst/inst/col_sum_7_U/ram_reg_bram_0_i_24__12/O[2]
                         net (fo=5, unplaced)         0.242     1.997    bd_0_i/hls_inst/inst/col_sum_7_U/grp_top_kernel_Pipeline_VITIS_LOOP_75_7_fu_286/sub_ln80_14_fu_826_p2[24]
                         LUT6 (Prop_LUT6_I1_O)        0.150     2.147 f  bd_0_i/hls_inst/inst/col_sum_7_U/ram_reg_bram_0_i_25__13/O
                         net (fo=6, unplaced)         0.181     2.328    bd_0_i/hls_inst/inst/col_sum_7_U/ram_reg_bram_0_i_25__13_n_0
                         LUT6 (Prop_LUT6_I2_O)        0.100     2.428 f  bd_0_i/hls_inst/inst/col_sum_7_U/ram_reg_bram_0_i_21__13/O
                         net (fo=5, unplaced)         0.232     2.660    bd_0_i/hls_inst/inst/col_sum_7_U/ram_reg_bram_0_i_21__13_n_0
                         LUT5 (Prop_LUT5_I2_O)        0.040     2.700 f  bd_0_i/hls_inst/inst/col_sum_7_U/ram_reg_bram_0_i_19__14/O
                         net (fo=2, unplaced)         0.214     2.914    bd_0_i/hls_inst/inst/col_sum_7_U/ram_reg_bram_0_i_19__14_n_0
                         LUT3 (Prop_LUT3_I2_O)        0.040     2.954 r  bd_0_i/hls_inst/inst/col_sum_7_U/ram_reg_bram_0_i_17__11/O
                         net (fo=1, unplaced)         0.232     3.186    bd_0_i/hls_inst/inst/top_kernel_ap_fixed_64_ap_fixed_24_10_0_0_0_64_scale_mem_U/DINPADINP[0]
                         RAMB18E2                                     r  bd_0_i/hls_inst/inst/top_kernel_ap_fixed_64_ap_fixed_24_10_0_0_0_64_scale_mem_U/ram_reg_bram_0/DINPADINP[0]
  -------------------------------------------------------------------    -------------------

                         (clock ap_clk rise edge)    10.000    10.000 r  
                                                      0.000    10.000 r  ap_clk (IN)
                         net (fo=22156, unset)        0.041    10.041    bd_0_i/hls_inst/inst/top_kernel_ap_fixed_64_ap_fixed_24_10_0_0_0_64_scale_mem_U/ap_clk
                         RAMB18E2                                     r  bd_0_i/hls_inst/inst/top_kernel_ap_fixed_64_ap_fixed_24_10_0_0_0_64_scale_mem_U/ram_reg_bram_0/CLKARDCLK
                         clock pessimism              0.000    10.041    
                         clock uncertainty           -0.035    10.006    
                         RAMB18E2 (Setup_RAMB18E2_CLKARDCLK_DINPADINP[0])
                                                     -0.256     9.750    bd_0_i/hls_inst/inst/top_kernel_ap_fixed_64_ap_fixed_24_10_0_0_0_64_scale_mem_U/ram_reg_bram_0
  -------------------------------------------------------------------
                         required time                          9.750    
                         arrival time                          -3.186    
  -------------------------------------------------------------------
                         slack                                  6.564    

Slack (MET) :             6.579ns  (required time - arrival time)
  Source:                 bd_0_i/hls_inst/inst/col_sum_6_U/ram_reg_bram_0/CLKBWRCLK
                            (rising edge-triggered cell RAMB36E2 clocked by ap_clk  {rise@0.000ns fall@5.000ns period=10.000ns})
  Destination:            bd_0_i/hls_inst/inst/top_kernel_ap_fixed_64_ap_fixed_24_10_0_0_0_64_scale_mem_1_U/ram_reg_bram_0/DINADIN[14]
                            (rising edge-triggered cell RAMB18E2 clocked by ap_clk  {rise@0.000ns fall@5.000ns period=10.000ns})
  Path Group:             ap_clk
  Path Type:              Setup (Max at Slow Process Corner)
  Requirement:            10.000ns  (ap_clk rise@10.000ns - ap_clk rise@0.000ns)
  Data Path Delay:        3.034ns  (logic 1.743ns (57.449%)  route 1.291ns (42.551%))
  Logic Levels:           7  (CARRY8=2 LUT1=1 LUT4=2 LUT6=2)
  Clock Path Skew:        -0.040ns (DCD - SCD + CPR)
    Destination Clock Delay (DCD):    0.041ns = ( 10.041 - 10.000 ) 
    Source Clock Delay      (SCD):    0.081ns
    Clock Pessimism Removal (CPR):    0.000ns
  Clock Uncertainty:      0.035ns  ((TSJ^2 + TIJ^2)^1/2 + DJ) / 2 + PE
    Total System Jitter     (TSJ):    0.071ns
    Total Input Jitter      (TIJ):    0.000ns
    Discrete Jitter          (DJ):    0.000ns
    Phase Error              (PE):    0.000ns

    Location             Delay type                Incr(ns)  Path(ns)    Netlist Resource(s)
  -------------------------------------------------------------------    -------------------
                         (clock ap_clk rise edge)     0.000     0.000 r  
                                                      0.000     0.000 r  ap_clk (IN)
                         net (fo=22156, unset)        0.081     0.081    bd_0_i/hls_inst/inst/col_sum_6_U/ap_clk
                         RAMB36E2                                     r  bd_0_i/hls_inst/inst/col_sum_6_U/ram_reg_bram_0/CLKBWRCLK
  -------------------------------------------------------------------    -------------------
                         RAMB36E2 (Prop_RAMB36E2_CLKBWRCLK_DOUTBDOUT[1])
                                                      0.998     1.079 f  bd_0_i/hls_inst/inst/col_sum_6_U/ram_reg_bram_0/DOUTBDOUT[1]
                         net (fo=1, unplaced)         0.274     1.353    bd_0_i/hls_inst/inst/col_sum_6_U/col_sum_6_q0[1]
                         LUT1 (Prop_LUT1_I0_O)        0.039     1.392 r  bd_0_i/hls_inst/inst/col_sum_6_U/ram_reg_bram_0_i_51__5/O
                         net (fo=1, unplaced)         0.025     1.417    bd_0_i/hls_inst/inst/col_sum_6_U/ram_reg_bram_0_i_51__5_n_0
                         CARRY8 (Prop_CARRY8_S[1]_CO[7])
                                                      0.245     1.662 r  bd_0_i/hls_inst/inst/col_sum_6_U/ram_reg_bram_0_i_36__6/CO[7]
                         net (fo=1, unplaced)         0.007     1.669    bd_0_i/hls_inst/inst/col_sum_6_U/ram_reg_bram_0_i_36__6_n_0
                         CARRY8 (Prop_CARRY8_CI_O[2])
                                                      0.086     1.755 f  bd_0_i/hls_inst/inst/col_sum_6_U/ram_reg_bram_0_i_24__11/O[2]
                         net (fo=5, unplaced)         0.242     1.997    bd_0_i/hls_inst/inst/col_sum_6_U/grp_top_kernel_Pipeline_VITIS_LOOP_75_7_fu_286/sub_ln80_12_fu_761_p2[24]
                         LUT6 (Prop_LUT6_I1_O)        0.150     2.147 r  bd_0_i/hls_inst/inst/col_sum_6_U/ram_reg_bram_0_i_25__12/O
                         net (fo=6, unplaced)         0.181     2.328    bd_0_i/hls_inst/inst/col_sum_6_U/ram_reg_bram_0_i_25__12_n_0
                         LUT6 (Prop_LUT6_I2_O)        0.100     2.428 r  bd_0_i/hls_inst/inst/col_sum_6_U/ram_reg_bram_0_i_21__12/O
                         net (fo=5, unplaced)         0.232     2.660    bd_0_i/hls_inst/inst/col_sum_6_U/ram_reg_bram_0_i_21__12_n_0
                         LUT4 (Prop_LUT4_I1_O)        0.085     2.745 r  bd_0_i/hls_inst/inst/col_sum_6_U/ram_reg_bram_0_i_20__13/O
                         net (fo=1, unplaced)         0.214     2.959    bd_0_i/hls_inst/inst/col_sum_6_U/ram_reg_bram_0_i_20__13_n_0
                         LUT4 (Prop_LUT4_I0_O)        0.040     2.999 r  bd_0_i/hls_inst/inst/col_sum_6_U/ram_reg_bram_0_i_2__15/O
                         net (fo=1, unplaced)         0.116     3.115    bd_0_i/hls_inst/inst/top_kernel_ap_fixed_64_ap_fixed_24_10_0_0_0_64_scale_mem_1_U/DINADIN[14]
                         RAMB18E2                                     r  bd_0_i/hls_inst/inst/top_kernel_ap_fixed_64_ap_fixed_24_10_0_0_0_64_scale_mem_1_U/ram_reg_bram_0/DINADIN[14]
  -------------------------------------------------------------------    -------------------

                         (clock ap_clk rise edge)    10.000    10.000 r  
                                                      0.000    10.000 r  ap_clk (IN)
                         net (fo=22156, unset)        0.041    10.041    bd_0_i/hls_inst/inst/top_kernel_ap_fixed_64_ap_fixed_24_10_0_0_0_64_scale_mem_1_U/ap_clk
                         RAMB18E2                                     r  bd_0_i/hls_inst/inst/top_kernel_ap_fixed_64_ap_fixed_24_10_0_0_0_64_scale_mem_1_U/ram_reg_bram_0/CLKARDCLK
                         clock pessimism              0.000    10.041    
                         clock uncertainty           -0.035    10.006    
                         RAMB18E2 (Setup_RAMB18E2_CLKARDCLK_DINADIN[14])
                                                     -0.312     9.694    bd_0_i/hls_inst/inst/top_kernel_ap_fixed_64_ap_fixed_24_10_0_0_0_64_scale_mem_1_U/ram_reg_bram_0
  -------------------------------------------------------------------
                         required time                          9.694    
                         arrival time                          -3.115    
  -------------------------------------------------------------------
                         slack                                  6.579    

Slack (MET) :             6.579ns  (required time - arrival time)
  Source:                 bd_0_i/hls_inst/inst/col_sum_5_U/ram_reg_bram_0/CLKBWRCLK
                            (rising edge-triggered cell RAMB36E2 clocked by ap_clk  {rise@0.000ns fall@5.000ns period=10.000ns})
  Destination:            bd_0_i/hls_inst/inst/top_kernel_ap_fixed_64_ap_fixed_24_10_0_0_0_64_scale_mem_2_U/ram_reg_bram_0/DINADIN[14]
                            (rising edge-triggered cell RAMB18E2 clocked by ap_clk  {rise@0.000ns fall@5.000ns period=10.000ns})
  Path Group:             ap_clk
  Path Type:              Setup (Max at Slow Process Corner)
  Requirement:            10.000ns  (ap_clk rise@10.000ns - ap_clk rise@0.000ns)
  Data Path Delay:        3.034ns  (logic 1.743ns (57.449%)  route 1.291ns (42.551%))
  Logic Levels:           7  (CARRY8=2 LUT1=1 LUT4=2 LUT6=2)
  Clock Path Skew:        -0.040ns (DCD - SCD + CPR)
    Destination Clock Delay (DCD):    0.041ns = ( 10.041 - 10.000 ) 
    Source Clock Delay      (SCD):    0.081ns
    Clock Pessimism Removal (CPR):    0.000ns
  Clock Uncertainty:      0.035ns  ((TSJ^2 + TIJ^2)^1/2 + DJ) / 2 + PE
    Total System Jitter     (TSJ):    0.071ns
    Total Input Jitter      (TIJ):    0.000ns
    Discrete Jitter          (DJ):    0.000ns
    Phase Error              (PE):    0.000ns

    Location             Delay type                Incr(ns)  Path(ns)    Netlist Resource(s)
  -------------------------------------------------------------------    -------------------
                         (clock ap_clk rise edge)     0.000     0.000 r  
                                                      0.000     0.000 r  ap_clk (IN)
                         net (fo=22156, unset)        0.081     0.081    bd_0_i/hls_inst/inst/col_sum_5_U/ap_clk
                         RAMB36E2                                     r  bd_0_i/hls_inst/inst/col_sum_5_U/ram_reg_bram_0/CLKBWRCLK
  -------------------------------------------------------------------    -------------------
                         RAMB36E2 (Prop_RAMB36E2_CLKBWRCLK_DOUTBDOUT[1])
                                                      0.998     1.079 f  bd_0_i/hls_inst/inst/col_sum_5_U/ram_reg_bram_0/DOUTBDOUT[1]
                         net (fo=1, unplaced)         0.274     1.353    bd_0_i/hls_inst/inst/col_sum_5_U/col_sum_5_q0[1]
                         LUT1 (Prop_LUT1_I0_O)        0.039     1.392 r  bd_0_i/hls_inst/inst/col_sum_5_U/ram_reg_bram_0_i_51__4/O
                         net (fo=1, unplaced)         0.025     1.417    bd_0_i/hls_inst/inst/col_sum_5_U/ram_reg_bram_0_i_51__4_n_0
                         CARRY8 (Prop_CARRY8_S[1]_CO[7])
                                                      0.245     1.662 r  bd_0_i/hls_inst/inst/col_sum_5_U/ram_reg_bram_0_i_36__5/CO[7]
                         net (fo=1, unplaced)         0.007     1.669    bd_0_i/hls_inst/inst/col_sum_5_U/ram_reg_bram_0_i_36__5_n_0
                         CARRY8 (Prop_CARRY8_CI_O[2])
                                                      0.086     1.755 f  bd_0_i/hls_inst/inst/col_sum_5_U/ram_reg_bram_0_i_24__10/O[2]
                         net (fo=5, unplaced)         0.242     1.997    bd_0_i/hls_inst/inst/col_sum_5_U/grp_top_kernel_Pipeline_VITIS_LOOP_75_7_fu_286/sub_ln80_10_fu_696_p2[24]
                         LUT6 (Prop_LUT6_I1_O)        0.150     2.147 r  bd_0_i/hls_inst/inst/col_sum_5_U/ram_reg_bram_0_i_25__11/O
                         net (fo=6, unplaced)         0.181     2.328    bd_0_i/hls_inst/inst/col_sum_5_U/ram_reg_bram_0_i_25__11_n_0
                         LUT6 (Prop_LUT6_I2_O)        0.100     2.428 r  bd_0_i/hls_inst/inst/col_sum_5_U/ram_reg_bram_0_i_21__11/O
                         net (fo=5, unplaced)         0.232     2.660    bd_0_i/hls_inst/inst/col_sum_5_U/ram_reg_bram_0_i_21__11_n_0
                         LUT4 (Prop_LUT4_I1_O)        0.085     2.745 r  bd_0_i/hls_inst/inst/col_sum_5_U/ram_reg_bram_0_i_20__12/O
                         net (fo=1, unplaced)         0.214     2.959    bd_0_i/hls_inst/inst/col_sum_5_U/ram_reg_bram_0_i_20__12_n_0
                         LUT4 (Prop_LUT4_I0_O)        0.040     2.999 r  bd_0_i/hls_inst/inst/col_sum_5_U/ram_reg_bram_0_i_2__14/O
                         net (fo=1, unplaced)         0.116     3.115    bd_0_i/hls_inst/inst/top_kernel_ap_fixed_64_ap_fixed_24_10_0_0_0_64_scale_mem_2_U/DINADIN[14]
                         RAMB18E2                                     r  bd_0_i/hls_inst/inst/top_kernel_ap_fixed_64_ap_fixed_24_10_0_0_0_64_scale_mem_2_U/ram_reg_bram_0/DINADIN[14]
  -------------------------------------------------------------------    -------------------

                         (clock ap_clk rise edge)    10.000    10.000 r  
                                                      0.000    10.000 r  ap_clk (IN)
                         net (fo=22156, unset)        0.041    10.041    bd_0_i/hls_inst/inst/top_kernel_ap_fixed_64_ap_fixed_24_10_0_0_0_64_scale_mem_2_U/ap_clk
                         RAMB18E2                                     r  bd_0_i/hls_inst/inst/top_kernel_ap_fixed_64_ap_fixed_24_10_0_0_0_64_scale_mem_2_U/ram_reg_bram_0/CLKARDCLK
                         clock pessimism              0.000    10.041    
                         clock uncertainty           -0.035    10.006    
                         RAMB18E2 (Setup_RAMB18E2_CLKARDCLK_DINADIN[14])
                                                     -0.312     9.694    bd_0_i/hls_inst/inst/top_kernel_ap_fixed_64_ap_fixed_24_10_0_0_0_64_scale_mem_2_U/ram_reg_bram_0
  -------------------------------------------------------------------
                         required time                          9.694    
                         arrival time                          -3.115    
  -------------------------------------------------------------------
                         slack                                  6.579    




