

================================================================
== Vitis HLS Report for 'top_kernel_Pipeline_VITIS_LOOP_92_9'
================================================================
* Date:           Tue Feb  3 21:10:53 2026

* Version:        2025.1.1 (Build 6214317 on Sep 11 2025)
* Project:        project_1
* Solution:       hls (Vivado IP Flow Target)
* Product family: zynquplus
* Target device:  xczu3eg-sbva484-1-e


================================================================
== Performance Estimates
================================================================
+ Timing: 
    * Summary: 
    +--------+----------+----------+------------+
    |  Clock |  Target  | Estimated| Uncertainty|
    +--------+----------+----------+------------+
    |ap_clk  |  10.00 ns|  6.715 ns|     2.70 ns|
    +--------+----------+----------+------------+

+ Latency: 
    * Summary: 
    +---------+---------+----------+----------+-----+-----+------------------------------------------------+
    |  Latency (cycles) |  Latency (absolute) |  Interval |                    Pipeline                    |
    |   min   |   max   |    min   |    max   | min | max |                      Type                      |
    +---------+---------+----------+----------+-----+-----+------------------------------------------------+
    |       67|       67|  0.670 us|  0.670 us|   65|   65|  loop auto-rewind stp (delay=0 clock cycles(s))|
    +---------+---------+----------+----------+-----+-----+------------------------------------------------+

    + Detail: 
        * Instance: 
        N/A

        * Loop: 
        +-------------------+---------+---------+----------+-----------+-----------+------+----------+
        |                   |  Latency (cycles) | Iteration|  Initiation Interval  | Trip |          |
        |     Loop Name     |   min   |   max   |  Latency |  achieved |   target  | Count| Pipelined|
        +-------------------+---------+---------+----------+-----------+-----------+------+----------+
        |- VITIS_LOOP_92_9  |       65|       65|         3|          1|          1|    64|       yes|
        +-------------------+---------+---------+----------+-----------+-----------+------+----------+



================================================================
== Utilization Estimates
================================================================
* Summary: 
+-----------------+---------+-----+--------+-------+-----+
|       Name      | BRAM_18K| DSP |   FF   |  LUT  | URAM|
+-----------------+---------+-----+--------+-------+-----+
|DSP              |        -|    -|       -|      -|    -|
|Expression       |        -|    -|       0|    192|    -|
|FIFO             |        -|    -|       -|      -|    -|
|Instance         |        -|    2|       0|    355|    -|
|Memory           |        -|    -|       -|      -|    -|
|Multiplexer      |        -|    -|       0|     36|    -|
|Register         |        -|    -|      96|      -|    -|
+-----------------+---------+-----+--------+-------+-----+
|Total            |        0|    2|      96|    583|    0|
+-----------------+---------+-----+--------+-------+-----+
|Available        |      432|  360|  141120|  70560|    0|
+-----------------+---------+-----+--------+-------+-----+
|Utilization (%)  |        0|   ~0|      ~0|     ~0|    0|
+-----------------+---------+-----+--------+-------+-----+

+ Detail: 
    * Instance: 
    +-----------------------------+------------------------+---------+----+---+-----+-----+
    |           Instance          |         Module         | BRAM_18K| DSP| FF| LUT | URAM|
    +-----------------------------+------------------------+---------+----+---+-----+-----+
    |mul_24s_24s_48_1_1_U248      |mul_24s_24s_48_1_1      |        0|   2|  0|   39|    0|
    |sparsemux_129_6_24_1_1_U249  |sparsemux_129_6_24_1_1  |        0|   0|  0|  273|    0|
    |sparsemux_17_3_24_1_1_U250   |sparsemux_17_3_24_1_1   |        0|   0|  0|   43|    0|
    +-----------------------------+------------------------+---------+----+---+-----+-----+
    |Total                        |                        |        0|   2|  0|  355|    0|
    +-----------------------------+------------------------+---------+----+---+-----+-----+

    * DSP: 
    N/A

    * Memory: 
    N/A

    * FIFO: 
    N/A

    * Expression: 
    +--------------------------+----------+----+---+----+------------+------------+
    |       Variable Name      | Operation| DSP| FF| LUT| Bitwidth P0| Bitwidth P1|
    +--------------------------+----------+----+---+----+------------+------------+
    |add_ln92_fu_1012_p2       |         +|   0|  0|  14|           7|           1|
    |add_ln94_fu_1439_p2       |         +|   0|  0|  31|          24|          24|
    |and_ln94_1_fu_1521_p2     |       and|   0|  0|   2|           1|           1|
    |and_ln94_2_fu_1535_p2     |       and|   0|  0|   2|           1|           1|
    |and_ln94_3_fu_1559_p2     |       and|   0|  0|   2|           1|           1|
    |and_ln94_4_fu_1565_p2     |       and|   0|  0|   2|           1|           1|
    |and_ln94_5_fu_1583_p2     |       and|   0|  0|   2|           1|           1|
    |and_ln94_fu_1459_p2       |       and|   0|  0|   2|           1|           1|
    |icmp_ln92_fu_1006_p2      |      icmp|   0|  0|  15|           7|           8|
    |icmp_ln94_1_fu_1495_p2    |      icmp|   0|  0|  17|          10|           2|
    |icmp_ln94_2_fu_1501_p2    |      icmp|   0|  0|  17|          10|           1|
    |icmp_ln94_fu_1481_p2      |      icmp|   0|  0|  16|           9|           2|
    |or_ln94_1_fu_1597_p2      |        or|   0|  0|   2|           1|           1|
    |or_ln94_2_fu_1571_p2      |        or|   0|  0|   2|           1|           1|
    |or_ln94_fu_1547_p2        |        or|   0|  0|   2|           1|           1|
    |select_ln94_1_fu_1527_p3  |    select|   0|  0|   2|           1|           1|
    |select_ln94_2_fu_1589_p3  |    select|   0|  0|  24|           1|          23|
    |select_ln94_3_fu_1603_p3  |    select|   0|  0|  24|           1|          24|
    |select_ln94_fu_1507_p3    |    select|   0|  0|   2|           1|           1|
    |ap_enable_pp0             |       xor|   0|  0|   2|           1|           2|
    |xor_ln94_1_fu_1515_p2     |       xor|   0|  0|   2|           1|           2|
    |xor_ln94_2_fu_1541_p2     |       xor|   0|  0|   2|           1|           2|
    |xor_ln94_3_fu_1553_p2     |       xor|   0|  0|   2|           1|           2|
    |xor_ln94_4_fu_1577_p2     |       xor|   0|  0|   2|           1|           2|
    |xor_ln94_fu_1453_p2       |       xor|   0|  0|   2|           1|           2|
    +--------------------------+----------+----+---+----+------------+------------+
    |Total                     |          |   0|  0| 192|          86|         108|
    +--------------------------+----------+----+---+----+------------+------------+

    * Multiplexer: 
    +-------------------------+----+-----------+-----+-----------+
    |           Name          | LUT| Input Size| Bits| Total Bits|
    +-------------------------+----+-----------+-----+-----------+
    |ap_done_int              |   9|          2|    1|          2|
    |ap_enable_reg_pp0_iter1  |   9|          2|    1|          2|
    |ap_sig_allocacmp_j_1     |   9|          2|    7|         14|
    |j_fu_392                 |   9|          2|    7|         14|
    +-------------------------+----+-----------+-----+-----------+
    |Total                    |  36|          8|   16|         32|
    +-------------------------+----+-----------+-----+-----------+

    * Register: 
    +-------------------------------------+----+----+-----+-----------+
    |                 Name                | FF | LUT| Bits| Const Bits|
    +-------------------------------------+----+----+-----+-----------+
    |ap_CS_fsm                            |   1|   0|    1|          0|
    |ap_done_reg                          |   1|   0|    1|          0|
    |ap_enable_reg_pp0_iter1              |   1|   0|    1|          0|
    |ap_enable_reg_pp0_iter2              |   1|   0|    1|          0|
    |ap_loop_exit_ready_pp0_iter1_reg     |   1|   0|    1|          0|
    |j_fu_392                             |   7|   0|    7|          0|
    |lshr_ln1_reg_1635                    |   3|   0|    3|          0|
    |lshr_ln1_reg_1635_pp0_iter1_reg      |   3|   0|    3|          0|
    |tmp_1_reg_1685                       |  24|   0|   24|          0|
    |tmp_2_reg_1680                       |  24|   0|   24|          0|
    |tmp_2_reg_1680_pp0_iter1_reg         |  24|   0|   24|          0|
    |trunc_ln92_1_reg_1630                |   3|   0|    3|          0|
    |trunc_ln92_1_reg_1630_pp0_iter1_reg  |   3|   0|    3|          0|
    +-------------------------------------+----+----+-----+-----------+
    |Total                                |  96|   0|   96|          0|
    +-------------------------------------+----+----+-----+-----------+



================================================================
== Interface
================================================================
* Summary: 
+---------------------------------------------------------------+-----+-----+------------+------------------------------------------------------+--------------+
|                           RTL Ports                           | Dir | Bits|  Protocol  |                     Source Object                    |    C Type    |
+---------------------------------------------------------------+-----+-----+------------+------------------------------------------------------+--------------+
|ap_clk                                                         |   in|    1|  ap_ctrl_hs|                   top_kernel_Pipeline_VITIS_LOOP_92_9|  return value|
|ap_rst                                                         |   in|    1|  ap_ctrl_hs|                   top_kernel_Pipeline_VITIS_LOOP_92_9|  return value|
|ap_start                                                       |   in|    1|  ap_ctrl_hs|                   top_kernel_Pipeline_VITIS_LOOP_92_9|  return value|
|ap_done                                                        |  out|    1|  ap_ctrl_hs|                   top_kernel_Pipeline_VITIS_LOOP_92_9|  return value|
|ap_idle                                                        |  out|    1|  ap_ctrl_hs|                   top_kernel_Pipeline_VITIS_LOOP_92_9|  return value|
|ap_ready                                                       |  out|    1|  ap_ctrl_hs|                   top_kernel_Pipeline_VITIS_LOOP_92_9|  return value|
|i_2                                                            |   in|    8|     ap_none|                                                   i_2|        scalar|
|rowC_7_address0                                                |  out|    3|   ap_memory|                                                rowC_7|         array|
|rowC_7_ce0                                                     |  out|    1|   ap_memory|                                                rowC_7|         array|
|rowC_7_we0                                                     |  out|    1|   ap_memory|                                                rowC_7|         array|
|rowC_7_d0                                                      |  out|   24|   ap_memory|                                                rowC_7|         array|
|rowC_6_address0                                                |  out|    3|   ap_memory|                                                rowC_6|         array|
|rowC_6_ce0                                                     |  out|    1|   ap_memory|                                                rowC_6|         array|
|rowC_6_we0                                                     |  out|    1|   ap_memory|                                                rowC_6|         array|
|rowC_6_d0                                                      |  out|   24|   ap_memory|                                                rowC_6|         array|
|rowC_5_address0                                                |  out|    3|   ap_memory|                                                rowC_5|         array|
|rowC_5_ce0                                                     |  out|    1|   ap_memory|                                                rowC_5|         array|
|rowC_5_we0                                                     |  out|    1|   ap_memory|                                                rowC_5|         array|
|rowC_5_d0                                                      |  out|   24|   ap_memory|                                                rowC_5|         array|
|rowC_4_address0                                                |  out|    3|   ap_memory|                                                rowC_4|         array|
|rowC_4_ce0                                                     |  out|    1|   ap_memory|                                                rowC_4|         array|
|rowC_4_we0                                                     |  out|    1|   ap_memory|                                                rowC_4|         array|
|rowC_4_d0                                                      |  out|   24|   ap_memory|                                                rowC_4|         array|
|rowC_3_address0                                                |  out|    3|   ap_memory|                                                rowC_3|         array|
|rowC_3_ce0                                                     |  out|    1|   ap_memory|                                                rowC_3|         array|
|rowC_3_we0                                                     |  out|    1|   ap_memory|                                                rowC_3|         array|
|rowC_3_d0                                                      |  out|   24|   ap_memory|                                                rowC_3|         array|
|rowC_2_address0                                                |  out|    3|   ap_memory|                                                rowC_2|         array|
|rowC_2_ce0                                                     |  out|    1|   ap_memory|                                                rowC_2|         array|
|rowC_2_we0                                                     |  out|    1|   ap_memory|                                                rowC_2|         array|
|rowC_2_d0                                                      |  out|   24|   ap_memory|                                                rowC_2|         array|
|rowC_1_address0                                                |  out|    3|   ap_memory|                                                rowC_1|         array|
|rowC_1_ce0                                                     |  out|    1|   ap_memory|                                                rowC_1|         array|
|rowC_1_we0                                                     |  out|    1|   ap_memory|                                                rowC_1|         array|
|rowC_1_d0                                                      |  out|   24|   ap_memory|                                                rowC_1|         array|
|rowC_address0                                                  |  out|    3|   ap_memory|                                                  rowC|         array|
|rowC_ce0                                                       |  out|    1|   ap_memory|                                                  rowC|         array|
|rowC_we0                                                       |  out|    1|   ap_memory|                                                  rowC|         array|
|rowC_d0                                                        |  out|   24|   ap_memory|                                                  rowC|         array|
|scale_reload                                                   |   in|   24|     ap_none|                                          scale_reload|        scalar|
|scale_1_reload                                                 |   in|   24|     ap_none|                                        scale_1_reload|        scalar|
|scale_2_reload                                                 |   in|   24|     ap_none|                                        scale_2_reload|        scalar|
|scale_3_reload                                                 |   in|   24|     ap_none|                                        scale_3_reload|        scalar|
|scale_4_reload                                                 |   in|   24|     ap_none|                                        scale_4_reload|        scalar|
|scale_5_reload                                                 |   in|   24|     ap_none|                                        scale_5_reload|        scalar|
|scale_6_reload                                                 |   in|   24|     ap_none|                                        scale_6_reload|        scalar|
|scale_7_reload                                                 |   in|   24|     ap_none|                                        scale_7_reload|        scalar|
|scale_8_reload                                                 |   in|   24|     ap_none|                                        scale_8_reload|        scalar|
|scale_9_reload                                                 |   in|   24|     ap_none|                                        scale_9_reload|        scalar|
|scale_10_reload                                                |   in|   24|     ap_none|                                       scale_10_reload|        scalar|
|scale_11_reload                                                |   in|   24|     ap_none|                                       scale_11_reload|        scalar|
|scale_12_reload                                                |   in|   24|     ap_none|                                       scale_12_reload|        scalar|
|scale_13_reload                                                |   in|   24|     ap_none|                                       scale_13_reload|        scalar|
|scale_14_reload                                                |   in|   24|     ap_none|                                       scale_14_reload|        scalar|
|scale_15_reload                                                |   in|   24|     ap_none|                                       scale_15_reload|        scalar|
|scale_16_reload                                                |   in|   24|     ap_none|                                       scale_16_reload|        scalar|
|scale_17_reload                                                |   in|   24|     ap_none|                                       scale_17_reload|        scalar|
|scale_18_reload                                                |   in|   24|     ap_none|                                       scale_18_reload|        scalar|
|scale_19_reload                                                |   in|   24|     ap_none|                                       scale_19_reload|        scalar|
|scale_20_reload                                                |   in|   24|     ap_none|                                       scale_20_reload|        scalar|
|scale_21_reload                                                |   in|   24|     ap_none|                                       scale_21_reload|        scalar|
|scale_22_reload                                                |   in|   24|     ap_none|                                       scale_22_reload|        scalar|
|scale_23_reload                                                |   in|   24|     ap_none|                                       scale_23_reload|        scalar|
|scale_24_reload                                                |   in|   24|     ap_none|                                       scale_24_reload|        scalar|
|scale_25_reload                                                |   in|   24|     ap_none|                                       scale_25_reload|        scalar|
|scale_26_reload                                                |   in|   24|     ap_none|                                       scale_26_reload|        scalar|
|scale_27_reload                                                |   in|   24|     ap_none|                                       scale_27_reload|        scalar|
|scale_28_reload                                                |   in|   24|     ap_none|                                       scale_28_reload|        scalar|
|scale_29_reload                                                |   in|   24|     ap_none|                                       scale_29_reload|        scalar|
|scale_30_reload                                                |   in|   24|     ap_none|                                       scale_30_reload|        scalar|
|scale_31_reload                                                |   in|   24|     ap_none|                                       scale_31_reload|        scalar|
|scale_32_reload                                                |   in|   24|     ap_none|                                       scale_32_reload|        scalar|
|scale_33_reload                                                |   in|   24|     ap_none|                                       scale_33_reload|        scalar|
|scale_34_reload                                                |   in|   24|     ap_none|                                       scale_34_reload|        scalar|
|scale_35_reload                                                |   in|   24|     ap_none|                                       scale_35_reload|        scalar|
|scale_36_reload                                                |   in|   24|     ap_none|                                       scale_36_reload|        scalar|
|scale_37_reload                                                |   in|   24|     ap_none|                                       scale_37_reload|        scalar|
|scale_38_reload                                                |   in|   24|     ap_none|                                       scale_38_reload|        scalar|
|scale_39_reload                                                |   in|   24|     ap_none|                                       scale_39_reload|        scalar|
|scale_40_reload                                                |   in|   24|     ap_none|                                       scale_40_reload|        scalar|
|scale_41_reload                                                |   in|   24|     ap_none|                                       scale_41_reload|        scalar|
|scale_42_reload                                                |   in|   24|     ap_none|                                       scale_42_reload|        scalar|
|scale_43_reload                                                |   in|   24|     ap_none|                                       scale_43_reload|        scalar|
|scale_44_reload                                                |   in|   24|     ap_none|                                       scale_44_reload|        scalar|
|scale_45_reload                                                |   in|   24|     ap_none|                                       scale_45_reload|        scalar|
|scale_46_reload                                                |   in|   24|     ap_none|                                       scale_46_reload|        scalar|
|scale_47_reload                                                |   in|   24|     ap_none|                                       scale_47_reload|        scalar|
|scale_48_reload                                                |   in|   24|     ap_none|                                       scale_48_reload|        scalar|
|scale_49_reload                                                |   in|   24|     ap_none|                                       scale_49_reload|        scalar|
|scale_50_reload                                                |   in|   24|     ap_none|                                       scale_50_reload|        scalar|
|scale_51_reload                                                |   in|   24|     ap_none|                                       scale_51_reload|        scalar|
|scale_52_reload                                                |   in|   24|     ap_none|                                       scale_52_reload|        scalar|
|scale_53_reload                                                |   in|   24|     ap_none|                                       scale_53_reload|        scalar|
|scale_54_reload                                                |   in|   24|     ap_none|                                       scale_54_reload|        scalar|
|scale_55_reload                                                |   in|   24|     ap_none|                                       scale_55_reload|        scalar|
|scale_56_reload                                                |   in|   24|     ap_none|                                       scale_56_reload|        scalar|
|scale_57_reload                                                |   in|   24|     ap_none|                                       scale_57_reload|        scalar|
|scale_58_reload                                                |   in|   24|     ap_none|                                       scale_58_reload|        scalar|
|scale_59_reload                                                |   in|   24|     ap_none|                                       scale_59_reload|        scalar|
|scale_60_reload                                                |   in|   24|     ap_none|                                       scale_60_reload|        scalar|
|scale_61_reload                                                |   in|   24|     ap_none|                                       scale_61_reload|        scalar|
|scale_62_reload                                                |   in|   24|     ap_none|                                       scale_62_reload|        scalar|
|scale_63_reload                                                |   in|   24|     ap_none|                                       scale_63_reload|        scalar|
|top_kernel_ap_fixed_64_ap_fixed_24_10_0_0_0_64_tmp_7_address0  |  out|   11|   ap_memory|  top_kernel_ap_fixed_64_ap_fixed_24_10_0_0_0_64_tmp_7|         array|
|top_kernel_ap_fixed_64_ap_fixed_24_10_0_0_0_64_tmp_7_ce0       |  out|    1|   ap_memory|  top_kernel_ap_fixed_64_ap_fixed_24_10_0_0_0_64_tmp_7|         array|
|top_kernel_ap_fixed_64_ap_fixed_24_10_0_0_0_64_tmp_7_q0        |   in|   24|   ap_memory|  top_kernel_ap_fixed_64_ap_fixed_24_10_0_0_0_64_tmp_7|         array|
|top_kernel_ap_fixed_64_ap_fixed_24_10_0_0_0_64_tmp_1_address0  |  out|   11|   ap_memory|  top_kernel_ap_fixed_64_ap_fixed_24_10_0_0_0_64_tmp_1|         array|
|top_kernel_ap_fixed_64_ap_fixed_24_10_0_0_0_64_tmp_1_ce0       |  out|    1|   ap_memory|  top_kernel_ap_fixed_64_ap_fixed_24_10_0_0_0_64_tmp_1|         array|
|top_kernel_ap_fixed_64_ap_fixed_24_10_0_0_0_64_tmp_1_q0        |   in|   24|   ap_memory|  top_kernel_ap_fixed_64_ap_fixed_24_10_0_0_0_64_tmp_1|         array|
|top_kernel_ap_fixed_64_ap_fixed_24_10_0_0_0_64_tmp_address0    |  out|   11|   ap_memory|    top_kernel_ap_fixed_64_ap_fixed_24_10_0_0_0_64_tmp|         array|
|top_kernel_ap_fixed_64_ap_fixed_24_10_0_0_0_64_tmp_ce0         |  out|    1|   ap_memory|    top_kernel_ap_fixed_64_ap_fixed_24_10_0_0_0_64_tmp|         array|
|top_kernel_ap_fixed_64_ap_fixed_24_10_0_0_0_64_tmp_q0          |   in|   24|   ap_memory|    top_kernel_ap_fixed_64_ap_fixed_24_10_0_0_0_64_tmp|         array|
|top_kernel_ap_fixed_64_ap_fixed_24_10_0_0_0_64_tmp_6_address0  |  out|   11|   ap_memory|  top_kernel_ap_fixed_64_ap_fixed_24_10_0_0_0_64_tmp_6|         array|
|top_kernel_ap_fixed_64_ap_fixed_24_10_0_0_0_64_tmp_6_ce0       |  out|    1|   ap_memory|  top_kernel_ap_fixed_64_ap_fixed_24_10_0_0_0_64_tmp_6|         array|
|top_kernel_ap_fixed_64_ap_fixed_24_10_0_0_0_64_tmp_6_q0        |   in|   24|   ap_memory|  top_kernel_ap_fixed_64_ap_fixed_24_10_0_0_0_64_tmp_6|         array|
|top_kernel_ap_fixed_64_ap_fixed_24_10_0_0_0_64_tmp_5_address0  |  out|   11|   ap_memory|  top_kernel_ap_fixed_64_ap_fixed_24_10_0_0_0_64_tmp_5|         array|
|top_kernel_ap_fixed_64_ap_fixed_24_10_0_0_0_64_tmp_5_ce0       |  out|    1|   ap_memory|  top_kernel_ap_fixed_64_ap_fixed_24_10_0_0_0_64_tmp_5|         array|
|top_kernel_ap_fixed_64_ap_fixed_24_10_0_0_0_64_tmp_5_q0        |   in|   24|   ap_memory|  top_kernel_ap_fixed_64_ap_fixed_24_10_0_0_0_64_tmp_5|         array|
|top_kernel_ap_fixed_64_ap_fixed_24_10_0_0_0_64_tmp_4_address0  |  out|   11|   ap_memory|  top_kernel_ap_fixed_64_ap_fixed_24_10_0_0_0_64_tmp_4|         array|
|top_kernel_ap_fixed_64_ap_fixed_24_10_0_0_0_64_tmp_4_ce0       |  out|    1|   ap_memory|  top_kernel_ap_fixed_64_ap_fixed_24_10_0_0_0_64_tmp_4|         array|
|top_kernel_ap_fixed_64_ap_fixed_24_10_0_0_0_64_tmp_4_q0        |   in|   24|   ap_memory|  top_kernel_ap_fixed_64_ap_fixed_24_10_0_0_0_64_tmp_4|         array|
|top_kernel_ap_fixed_64_ap_fixed_24_10_0_0_0_64_tmp_3_address0  |  out|   11|   ap_memory|  top_kernel_ap_fixed_64_ap_fixed_24_10_0_0_0_64_tmp_3|         array|
|top_kernel_ap_fixed_64_ap_fixed_24_10_0_0_0_64_tmp_3_ce0       |  out|    1|   ap_memory|  top_kernel_ap_fixed_64_ap_fixed_24_10_0_0_0_64_tmp_3|         array|
|top_kernel_ap_fixed_64_ap_fixed_24_10_0_0_0_64_tmp_3_q0        |   in|   24|   ap_memory|  top_kernel_ap_fixed_64_ap_fixed_24_10_0_0_0_64_tmp_3|         array|
|top_kernel_ap_fixed_64_ap_fixed_24_10_0_0_0_64_tmp_2_address0  |  out|   11|   ap_memory|  top_kernel_ap_fixed_64_ap_fixed_24_10_0_0_0_64_tmp_2|         array|
|top_kernel_ap_fixed_64_ap_fixed_24_10_0_0_0_64_tmp_2_ce0       |  out|    1|   ap_memory|  top_kernel_ap_fixed_64_ap_fixed_24_10_0_0_0_64_tmp_2|         array|
|top_kernel_ap_fixed_64_ap_fixed_24_10_0_0_0_64_tmp_2_q0        |   in|   24|   ap_memory|  top_kernel_ap_fixed_64_ap_fixed_24_10_0_0_0_64_tmp_2|         array|
+---------------------------------------------------------------+-----+-----+------------+------------------------------------------------------+--------------+

