

================================================================
== Vitis HLS Report for 'top_kernel_Pipeline_VITIS_LOOP_79_6'
================================================================
* Date:           Thu Feb  5 03:13:34 2026

* Version:        2025.1.1 (Build 6214317 on Sep 11 2025)
* Project:        project_1
* Solution:       hls (Vivado IP Flow Target)
* Product family: zynquplus
* Target device:  xczu3eg-sbva484-1-e


================================================================
== Performance Estimates
================================================================
+ Timing: 
    * Summary: 
    +--------+----------+----------+------------+
    |  Clock |  Target  | Estimated| Uncertainty|
    +--------+----------+----------+------------+
    |ap_clk  |  10.00 ns|  5.078 ns|     2.70 ns|
    +--------+----------+----------+------------+

+ Latency: 
    * Summary: 
    +---------+---------+----------+----------+-----+-----+------------------------------------------------+
    |  Latency (cycles) |  Latency (absolute) |  Interval |                    Pipeline                    |
    |   min   |   max   |    min   |    max   | min | max |                      Type                      |
    +---------+---------+----------+----------+-----+-----+------------------------------------------------+
    |       18|       18|  0.180 us|  0.180 us|   17|   17|  loop auto-rewind stp (delay=0 clock cycles(s))|
    +---------+---------+----------+----------+-----+-----+------------------------------------------------+

    + Detail: 
        * Instance: 
        N/A

        * Loop: 
        +-------------------+---------+---------+----------+-----------+-----------+------+----------+
        |                   |  Latency (cycles) | Iteration|  Initiation Interval  | Trip |          |
        |     Loop Name     |   min   |   max   |  Latency |  achieved |   target  | Count| Pipelined|
        +-------------------+---------+---------+----------+-----------+-----------+------+----------+
        |- VITIS_LOOP_79_6  |       16|       16|         1|          1|          1|    16|       yes|
        +-------------------+---------+---------+----------+-----------+-----------+------+----------+



================================================================
== Utilization Estimates
================================================================
* Summary: 
+-----------------+---------+-----+--------+-------+-----+
|       Name      | BRAM_18K| DSP |   FF   |  LUT  | URAM|
+-----------------+---------+-----+--------+-------+-----+
|DSP              |        -|    -|       -|      -|    -|
|Expression       |        -|    -|       0|    358|    -|
|FIFO             |        -|    -|       -|      -|    -|
|Instance         |        -|    -|       0|    260|    -|
|Memory           |        -|    -|       -|      -|    -|
|Multiplexer      |        -|    -|       0|     27|    -|
|Register         |        -|    -|       9|      -|    -|
+-----------------+---------+-----+--------+-------+-----+
|Total            |        0|    0|       9|    645|    0|
+-----------------+---------+-----+--------+-------+-----+
|Available        |      432|  360|  141120|  70560|    0|
+-----------------+---------+-----+--------+-------+-----+
|Utilization (%)  |        0|    0|      ~0|     ~0|    0|
+-----------------+---------+-----+--------+-------+-----+

+ Detail: 
    * Instance: 
    +---------------------------+-----------------------+---------+----+---+----+-----+
    |          Instance         |         Module        | BRAM_18K| DSP| FF| LUT| URAM|
    +---------------------------+-----------------------+---------+----+---+----+-----+
    |sparsemux_33_6_24_1_1_U91  |sparsemux_33_6_24_1_1  |        0|   0|  0|  65|    0|
    |sparsemux_33_6_24_1_1_U92  |sparsemux_33_6_24_1_1  |        0|   0|  0|  65|    0|
    |sparsemux_33_6_24_1_1_U93  |sparsemux_33_6_24_1_1  |        0|   0|  0|  65|    0|
    |sparsemux_33_6_24_1_1_U94  |sparsemux_33_6_24_1_1  |        0|   0|  0|  65|    0|
    +---------------------------+-----------------------+---------+----+---+----+-----+
    |Total                      |                       |        0|   0|  0| 260|    0|
    +---------------------------+-----------------------+---------+----+---+----+-----+

    * DSP: 
    N/A

    * Memory: 
    N/A

    * FIFO: 
    N/A

    * Expression: 
    +--------------------------+----------+----+---+----+------------+------------+
    |       Variable Name      | Operation| DSP| FF| LUT| Bitwidth P0| Bitwidth P1|
    +--------------------------+----------+----+---+----+------------+------------+
    |add_ln79_fu_1262_p2       |         +|   0|  0|  14|           7|           3|
    |sub_ln84_1_fu_822_p2      |         -|   0|  0|  24|           1|          17|
    |sub_ln84_2_fu_939_p2      |         -|   0|  0|  45|           1|          38|
    |sub_ln84_3_fu_959_p2      |         -|   0|  0|  24|           1|          17|
    |sub_ln84_4_fu_1076_p2     |         -|   0|  0|  45|           1|          38|
    |sub_ln84_5_fu_1096_p2     |         -|   0|  0|  24|           1|          17|
    |sub_ln84_6_fu_1213_p2     |         -|   0|  0|  45|           1|          38|
    |sub_ln84_7_fu_1233_p2     |         -|   0|  0|  24|           1|          17|
    |sub_ln84_fu_802_p2        |         -|   0|  0|  45|           1|          38|
    |select_ln84_1_fu_979_p3   |    select|   0|  0|  17|           1|          17|
    |select_ln84_2_fu_1116_p3  |    select|   0|  0|  17|           1|          17|
    |select_ln84_3_fu_1253_p3  |    select|   0|  0|  17|           1|          17|
    |select_ln84_fu_842_p3     |    select|   0|  0|  17|           1|          17|
    +--------------------------+----------+----+---+----+------------+------------+
    |Total                     |          |   0|  0| 358|          19|         291|
    +--------------------------+----------+----+---+----+------------+------------+

    * Multiplexer: 
    +---------------------+----+-----------+-----+-----------+
    |         Name        | LUT| Input Size| Bits| Total Bits|
    +---------------------+----+-----------+-----+-----------+
    |ap_done_int          |   9|          2|    1|          2|
    |ap_sig_allocacmp_jb  |   9|          2|    7|         14|
    |j_fu_236             |   9|          2|    7|         14|
    +---------------------+----+-----------+-----+-----------+
    |Total                |  27|          6|   15|         30|
    +---------------------+----+-----------+-----+-----------+

    * Register: 
    +-------------+---+----+-----+-----------+
    |     Name    | FF| LUT| Bits| Const Bits|
    +-------------+---+----+-----+-----------+
    |ap_CS_fsm    |  1|   0|    1|          0|
    |ap_done_reg  |  1|   0|    1|          0|
    |j_fu_236     |  7|   0|    7|          0|
    +-------------+---+----+-----+-----------+
    |Total        |  9|   0|    9|          0|
    +-------------+---+----+-----+-----------+



================================================================
== Interface
================================================================
* Summary: 
+---------------------------------------------------------------------+-----+-----+------------+------------------------------------------------------------+--------------+
|                              RTL Ports                              | Dir | Bits|  Protocol  |                        Source Object                       |    C Type    |
+---------------------------------------------------------------------+-----+-----+------------+------------------------------------------------------------+--------------+
|ap_clk                                                               |   in|    1|  ap_ctrl_hs|                         top_kernel_Pipeline_VITIS_LOOP_79_6|  return value|
|ap_rst                                                               |   in|    1|  ap_ctrl_hs|                         top_kernel_Pipeline_VITIS_LOOP_79_6|  return value|
|ap_start                                                             |   in|    1|  ap_ctrl_hs|                         top_kernel_Pipeline_VITIS_LOOP_79_6|  return value|
|ap_done                                                              |  out|    1|  ap_ctrl_hs|                         top_kernel_Pipeline_VITIS_LOOP_79_6|  return value|
|ap_idle                                                              |  out|    1|  ap_ctrl_hs|                         top_kernel_Pipeline_VITIS_LOOP_79_6|  return value|
|ap_ready                                                             |  out|    1|  ap_ctrl_hs|                         top_kernel_Pipeline_VITIS_LOOP_79_6|  return value|
|col_sum_load_reload                                                  |   in|   24|     ap_none|                                         col_sum_load_reload|        scalar|
|col_sum_4_load_reload                                                |   in|   24|     ap_none|                                       col_sum_4_load_reload|        scalar|
|col_sum_8_load_reload                                                |   in|   24|     ap_none|                                       col_sum_8_load_reload|        scalar|
|col_sum_12_load_reload                                               |   in|   24|     ap_none|                                      col_sum_12_load_reload|        scalar|
|col_sum_16_load_reload                                               |   in|   24|     ap_none|                                      col_sum_16_load_reload|        scalar|
|col_sum_20_load_reload                                               |   in|   24|     ap_none|                                      col_sum_20_load_reload|        scalar|
|col_sum_24_load_reload                                               |   in|   24|     ap_none|                                      col_sum_24_load_reload|        scalar|
|col_sum_28_load_reload                                               |   in|   24|     ap_none|                                      col_sum_28_load_reload|        scalar|
|col_sum_32_load_reload                                               |   in|   24|     ap_none|                                      col_sum_32_load_reload|        scalar|
|col_sum_36_load_reload                                               |   in|   24|     ap_none|                                      col_sum_36_load_reload|        scalar|
|col_sum_40_load_reload                                               |   in|   24|     ap_none|                                      col_sum_40_load_reload|        scalar|
|col_sum_44_load_reload                                               |   in|   24|     ap_none|                                      col_sum_44_load_reload|        scalar|
|col_sum_48_load_reload                                               |   in|   24|     ap_none|                                      col_sum_48_load_reload|        scalar|
|col_sum_52_load_reload                                               |   in|   24|     ap_none|                                      col_sum_52_load_reload|        scalar|
|col_sum_56_load_reload                                               |   in|   24|     ap_none|                                      col_sum_56_load_reload|        scalar|
|col_sum_60_load_reload                                               |   in|   24|     ap_none|                                      col_sum_60_load_reload|        scalar|
|col_sum_1_load_reload                                                |   in|   24|     ap_none|                                       col_sum_1_load_reload|        scalar|
|col_sum_5_load_reload                                                |   in|   24|     ap_none|                                       col_sum_5_load_reload|        scalar|
|col_sum_9_load_reload                                                |   in|   24|     ap_none|                                       col_sum_9_load_reload|        scalar|
|col_sum_13_load_reload                                               |   in|   24|     ap_none|                                      col_sum_13_load_reload|        scalar|
|col_sum_17_load_reload                                               |   in|   24|     ap_none|                                      col_sum_17_load_reload|        scalar|
|col_sum_21_load_reload                                               |   in|   24|     ap_none|                                      col_sum_21_load_reload|        scalar|
|col_sum_25_load_reload                                               |   in|   24|     ap_none|                                      col_sum_25_load_reload|        scalar|
|col_sum_29_load_reload                                               |   in|   24|     ap_none|                                      col_sum_29_load_reload|        scalar|
|col_sum_33_load_reload                                               |   in|   24|     ap_none|                                      col_sum_33_load_reload|        scalar|
|col_sum_37_load_reload                                               |   in|   24|     ap_none|                                      col_sum_37_load_reload|        scalar|
|col_sum_41_load_reload                                               |   in|   24|     ap_none|                                      col_sum_41_load_reload|        scalar|
|col_sum_45_load_reload                                               |   in|   24|     ap_none|                                      col_sum_45_load_reload|        scalar|
|col_sum_49_load_reload                                               |   in|   24|     ap_none|                                      col_sum_49_load_reload|        scalar|
|col_sum_53_load_reload                                               |   in|   24|     ap_none|                                      col_sum_53_load_reload|        scalar|
|col_sum_57_load_reload                                               |   in|   24|     ap_none|                                      col_sum_57_load_reload|        scalar|
|col_sum_61_load_reload                                               |   in|   24|     ap_none|                                      col_sum_61_load_reload|        scalar|
|col_sum_2_load_reload                                                |   in|   24|     ap_none|                                       col_sum_2_load_reload|        scalar|
|col_sum_6_load_reload                                                |   in|   24|     ap_none|                                       col_sum_6_load_reload|        scalar|
|col_sum_10_load_reload                                               |   in|   24|     ap_none|                                      col_sum_10_load_reload|        scalar|
|col_sum_14_load_reload                                               |   in|   24|     ap_none|                                      col_sum_14_load_reload|        scalar|
|col_sum_18_load_reload                                               |   in|   24|     ap_none|                                      col_sum_18_load_reload|        scalar|
|col_sum_22_load_reload                                               |   in|   24|     ap_none|                                      col_sum_22_load_reload|        scalar|
|col_sum_26_load_reload                                               |   in|   24|     ap_none|                                      col_sum_26_load_reload|        scalar|
|col_sum_30_load_reload                                               |   in|   24|     ap_none|                                      col_sum_30_load_reload|        scalar|
|col_sum_34_load_reload                                               |   in|   24|     ap_none|                                      col_sum_34_load_reload|        scalar|
|col_sum_38_load_reload                                               |   in|   24|     ap_none|                                      col_sum_38_load_reload|        scalar|
|col_sum_42_load_reload                                               |   in|   24|     ap_none|                                      col_sum_42_load_reload|        scalar|
|col_sum_46_load_reload                                               |   in|   24|     ap_none|                                      col_sum_46_load_reload|        scalar|
|col_sum_50_load_reload                                               |   in|   24|     ap_none|                                      col_sum_50_load_reload|        scalar|
|col_sum_54_load_reload                                               |   in|   24|     ap_none|                                      col_sum_54_load_reload|        scalar|
|col_sum_58_load_reload                                               |   in|   24|     ap_none|                                      col_sum_58_load_reload|        scalar|
|col_sum_62_load_reload                                               |   in|   24|     ap_none|                                      col_sum_62_load_reload|        scalar|
|col_sum_3_load_reload                                                |   in|   24|     ap_none|                                       col_sum_3_load_reload|        scalar|
|col_sum_7_load_reload                                                |   in|   24|     ap_none|                                       col_sum_7_load_reload|        scalar|
|col_sum_11_load_reload                                               |   in|   24|     ap_none|                                      col_sum_11_load_reload|        scalar|
|col_sum_15_load_reload                                               |   in|   24|     ap_none|                                      col_sum_15_load_reload|        scalar|
|col_sum_19_load_reload                                               |   in|   24|     ap_none|                                      col_sum_19_load_reload|        scalar|
|col_sum_23_load_reload                                               |   in|   24|     ap_none|                                      col_sum_23_load_reload|        scalar|
|col_sum_27_load_reload                                               |   in|   24|     ap_none|                                      col_sum_27_load_reload|        scalar|
|col_sum_31_load_reload                                               |   in|   24|     ap_none|                                      col_sum_31_load_reload|        scalar|
|col_sum_35_load_reload                                               |   in|   24|     ap_none|                                      col_sum_35_load_reload|        scalar|
|col_sum_39_load_reload                                               |   in|   24|     ap_none|                                      col_sum_39_load_reload|        scalar|
|col_sum_43_load_reload                                               |   in|   24|     ap_none|                                      col_sum_43_load_reload|        scalar|
|col_sum_47_load_reload                                               |   in|   24|     ap_none|                                      col_sum_47_load_reload|        scalar|
|col_sum_51_load_reload                                               |   in|   24|     ap_none|                                      col_sum_51_load_reload|        scalar|
|col_sum_55_load_reload                                               |   in|   24|     ap_none|                                      col_sum_55_load_reload|        scalar|
|col_sum_59_load_reload                                               |   in|   24|     ap_none|                                      col_sum_59_load_reload|        scalar|
|col_sum_63_load_reload                                               |   in|   24|     ap_none|                                      col_sum_63_load_reload|        scalar|
|top_kernel_ap_fixed_64_ap_fixed_24_10_0_0_0_64_scale_mem_3_address0  |  out|    4|   ap_memory|  top_kernel_ap_fixed_64_ap_fixed_24_10_0_0_0_64_scale_mem_3|         array|
|top_kernel_ap_fixed_64_ap_fixed_24_10_0_0_0_64_scale_mem_3_ce0       |  out|    1|   ap_memory|  top_kernel_ap_fixed_64_ap_fixed_24_10_0_0_0_64_scale_mem_3|         array|
|top_kernel_ap_fixed_64_ap_fixed_24_10_0_0_0_64_scale_mem_3_we0       |  out|    1|   ap_memory|  top_kernel_ap_fixed_64_ap_fixed_24_10_0_0_0_64_scale_mem_3|         array|
|top_kernel_ap_fixed_64_ap_fixed_24_10_0_0_0_64_scale_mem_3_d0        |  out|   17|   ap_memory|  top_kernel_ap_fixed_64_ap_fixed_24_10_0_0_0_64_scale_mem_3|         array|
|top_kernel_ap_fixed_64_ap_fixed_24_10_0_0_0_64_scale_mem_2_address0  |  out|    4|   ap_memory|  top_kernel_ap_fixed_64_ap_fixed_24_10_0_0_0_64_scale_mem_2|         array|
|top_kernel_ap_fixed_64_ap_fixed_24_10_0_0_0_64_scale_mem_2_ce0       |  out|    1|   ap_memory|  top_kernel_ap_fixed_64_ap_fixed_24_10_0_0_0_64_scale_mem_2|         array|
|top_kernel_ap_fixed_64_ap_fixed_24_10_0_0_0_64_scale_mem_2_we0       |  out|    1|   ap_memory|  top_kernel_ap_fixed_64_ap_fixed_24_10_0_0_0_64_scale_mem_2|         array|
|top_kernel_ap_fixed_64_ap_fixed_24_10_0_0_0_64_scale_mem_2_d0        |  out|   17|   ap_memory|  top_kernel_ap_fixed_64_ap_fixed_24_10_0_0_0_64_scale_mem_2|         array|
|top_kernel_ap_fixed_64_ap_fixed_24_10_0_0_0_64_scale_mem_1_address0  |  out|    4|   ap_memory|  top_kernel_ap_fixed_64_ap_fixed_24_10_0_0_0_64_scale_mem_1|         array|
|top_kernel_ap_fixed_64_ap_fixed_24_10_0_0_0_64_scale_mem_1_ce0       |  out|    1|   ap_memory|  top_kernel_ap_fixed_64_ap_fixed_24_10_0_0_0_64_scale_mem_1|         array|
|top_kernel_ap_fixed_64_ap_fixed_24_10_0_0_0_64_scale_mem_1_we0       |  out|    1|   ap_memory|  top_kernel_ap_fixed_64_ap_fixed_24_10_0_0_0_64_scale_mem_1|         array|
|top_kernel_ap_fixed_64_ap_fixed_24_10_0_0_0_64_scale_mem_1_d0        |  out|   17|   ap_memory|  top_kernel_ap_fixed_64_ap_fixed_24_10_0_0_0_64_scale_mem_1|         array|
|top_kernel_ap_fixed_64_ap_fixed_24_10_0_0_0_64_scale_mem_address0    |  out|    4|   ap_memory|    top_kernel_ap_fixed_64_ap_fixed_24_10_0_0_0_64_scale_mem|         array|
|top_kernel_ap_fixed_64_ap_fixed_24_10_0_0_0_64_scale_mem_ce0         |  out|    1|   ap_memory|    top_kernel_ap_fixed_64_ap_fixed_24_10_0_0_0_64_scale_mem|         array|
|top_kernel_ap_fixed_64_ap_fixed_24_10_0_0_0_64_scale_mem_we0         |  out|    1|   ap_memory|    top_kernel_ap_fixed_64_ap_fixed_24_10_0_0_0_64_scale_mem|         array|
|top_kernel_ap_fixed_64_ap_fixed_24_10_0_0_0_64_scale_mem_d0          |  out|   17|   ap_memory|    top_kernel_ap_fixed_64_ap_fixed_24_10_0_0_0_64_scale_mem|         array|
+---------------------------------------------------------------------+-----+-----+------------+------------------------------------------------------------+--------------+

