

================================================================
== Vitis HLS Report for 'top_kernel_Pipeline_VITIS_LOOP_57_4_VITIS_LOOP_60_5'
================================================================
* Date:           Thu Feb  5 04:58:13 2026

* Version:        2025.1.1 (Build 6214317 on Sep 11 2025)
* Project:        project_1
* Solution:       hls (Vivado IP Flow Target)
* Product family: zynquplus
* Target device:  xczu3eg-sbva484-1-e


================================================================
== Performance Estimates
================================================================
+ Timing: 
    * Summary: 
    +--------+----------+----------+------------+
    |  Clock |  Target  | Estimated| Uncertainty|
    +--------+----------+----------+------------+
    |ap_clk  |  10.00 ns|  5.371 ns|     2.70 ns|
    +--------+----------+----------+------------+

+ Latency: 
    * Summary: 
    +---------+---------+-----------+-----------+------+------+------------------------------------------------+
    |  Latency (cycles) |   Latency (absolute)  |   Interval  |                    Pipeline                    |
    |   min   |   max   |    min    |    max    |  min |  max |                      Type                      |
    +---------+---------+-----------+-----------+------+------+------------------------------------------------+
    |     4140|     4140|  41.400 us|  41.400 us|  4098|  4098|  loop auto-rewind stp (delay=0 clock cycles(s))|
    +---------+---------+-----------+-----------+------+------+------------------------------------------------+

    + Detail: 
        * Instance: 
        N/A

        * Loop: 
        +-----------------------------------+---------+---------+----------+-----------+-----------+------+----------+
        |                                   |  Latency (cycles) | Iteration|  Initiation Interval  | Trip |          |
        |             Loop Name             |   min   |   max   |  Latency |  achieved |   target  | Count| Pipelined|
        +-----------------------------------+---------+---------+----------+-----------+-----------+------+----------+
        |- VITIS_LOOP_57_4_VITIS_LOOP_60_5  |     4138|     4138|        45|          2|          1|  2048|       yes|
        +-----------------------------------+---------+---------+----------+-----------+-----------+------+----------+



================================================================
== Utilization Estimates
================================================================
* Summary: 
+-----------------+---------+-----+--------+-------+-----+
|       Name      | BRAM_18K| DSP |   FF   |  LUT  | URAM|
+-----------------+---------+-----+--------+-------+-----+
|DSP              |        -|    -|       -|      -|    -|
|Expression       |        -|    -|       0|   1569|    -|
|FIFO             |        -|    -|       -|      -|    -|
|Instance         |        -|    -|   25512|  19472|    -|
|Memory           |        -|    -|       -|      -|    -|
|Multiplexer      |        -|    -|       0|    541|    -|
|Register         |        -|    -|     628|     96|    -|
+-----------------+---------+-----+--------+-------+-----+
|Total            |        0|    0|   26140|  21678|    0|
+-----------------+---------+-----+--------+-------+-----+
|Available        |      432|  360|  141120|  70560|    0|
+-----------------+---------+-----+--------+-------+-----+
|Utilization (%)  |        0|    0|      18|     30|    0|
+-----------------+---------+-----+--------+-------+-----+

+ Detail: 
    * Instance: 
    +---------------------------+-----------------------+---------+----+------+------+-----+
    |          Instance         |         Module        | BRAM_18K| DSP|  FF  |  LUT | URAM|
    +---------------------------+-----------------------+---------+----+------+------+-----+
    |sdiv_38ns_24s_38_42_1_U20  |sdiv_38ns_24s_38_42_1  |        0|   0|  3189|  2434|    0|
    |sdiv_38ns_24s_38_42_1_U21  |sdiv_38ns_24s_38_42_1  |        0|   0|  3189|  2434|    0|
    |sdiv_38ns_24s_38_42_1_U22  |sdiv_38ns_24s_38_42_1  |        0|   0|  3189|  2434|    0|
    |sdiv_38ns_24s_38_42_1_U23  |sdiv_38ns_24s_38_42_1  |        0|   0|  3189|  2434|    0|
    |sdiv_38ns_24s_38_42_1_U24  |sdiv_38ns_24s_38_42_1  |        0|   0|  3189|  2434|    0|
    |sdiv_38ns_24s_38_42_1_U25  |sdiv_38ns_24s_38_42_1  |        0|   0|  3189|  2434|    0|
    |sdiv_38ns_24s_38_42_1_U26  |sdiv_38ns_24s_38_42_1  |        0|   0|  3189|  2434|    0|
    |sdiv_38ns_24s_38_42_1_U27  |sdiv_38ns_24s_38_42_1  |        0|   0|  3189|  2434|    0|
    +---------------------------+-----------------------+---------+----+------+------+-----+
    |Total                      |                       |        0|   0| 25512| 19472|    0|
    +---------------------------+-----------------------+---------+----+------+------+-----+

    * DSP: 
    N/A

    * Memory: 
    N/A

    * FIFO: 
    N/A

    * Expression: 
    +-------------------------------------+----------+----+---+----+------------+------------+
    |            Variable Name            | Operation| DSP| FF| LUT| Bitwidth P0| Bitwidth P1|
    +-------------------------------------+----------+----+---+----+------------+------------+
    |add_ln57_1_fu_533_p2                 |         +|   0|  0|  19|          12|           1|
    |add_ln57_fu_549_p2                   |         +|   0|  0|  16|           9|           1|
    |add_ln60_fu_622_p2                   |         +|   0|  0|  14|           7|           4|
    |add_ln68_10_fu_1703_p2               |         +|   0|  0|  31|          24|          24|
    |add_ln68_11_fu_1710_p2               |         +|   0|  0|  32|          25|          25|
    |add_ln68_12_fu_1871_p2               |         +|   0|  0|  31|          24|          24|
    |add_ln68_13_fu_1878_p2               |         +|   0|  0|  32|          25|          25|
    |add_ln68_14_fu_2039_p2               |         +|   0|  0|  31|          24|          24|
    |add_ln68_15_fu_2046_p2               |         +|   0|  0|  32|          25|          25|
    |add_ln68_1_fu_876_p2                 |         +|   0|  0|  32|          25|          25|
    |add_ln68_2_fu_1036_p2                |         +|   0|  0|  31|          24|          24|
    |add_ln68_3_fu_1042_p2                |         +|   0|  0|  32|          25|          25|
    |add_ln68_4_fu_1202_p2                |         +|   0|  0|  31|          24|          24|
    |add_ln68_5_fu_1208_p2                |         +|   0|  0|  32|          25|          25|
    |add_ln68_6_fu_1368_p2                |         +|   0|  0|  31|          24|          24|
    |add_ln68_7_fu_1374_p2                |         +|   0|  0|  32|          25|          25|
    |add_ln68_8_fu_1535_p2                |         +|   0|  0|  31|          24|          24|
    |add_ln68_9_fu_1542_p2                |         +|   0|  0|  32|          25|          25|
    |add_ln68_fu_870_p2                   |         +|   0|  0|  31|          24|          24|
    |and_ln66_10_fu_1648_p2               |       and|   0|  0|   2|           1|           1|
    |and_ln66_11_fu_1666_p2               |       and|   0|  0|   2|           1|           1|
    |and_ln66_12_fu_1816_p2               |       and|   0|  0|   2|           1|           1|
    |and_ln66_13_fu_1834_p2               |       and|   0|  0|   2|           1|           1|
    |and_ln66_14_fu_1984_p2               |       and|   0|  0|   2|           1|           1|
    |and_ln66_15_fu_2002_p2               |       and|   0|  0|   2|           1|           1|
    |and_ln66_1_fu_834_p2                 |       and|   0|  0|   2|           1|           1|
    |and_ln66_2_fu_982_p2                 |       and|   0|  0|   2|           1|           1|
    |and_ln66_3_fu_1000_p2                |       and|   0|  0|   2|           1|           1|
    |and_ln66_4_fu_1148_p2                |       and|   0|  0|   2|           1|           1|
    |and_ln66_5_fu_1166_p2                |       and|   0|  0|   2|           1|           1|
    |and_ln66_6_fu_1314_p2                |       and|   0|  0|   2|           1|           1|
    |and_ln66_7_fu_1332_p2                |       and|   0|  0|   2|           1|           1|
    |and_ln66_8_fu_1480_p2                |       and|   0|  0|   2|           1|           1|
    |and_ln66_9_fu_1498_p2                |       and|   0|  0|   2|           1|           1|
    |and_ln66_fu_816_p2                   |       and|   0|  0|   2|           1|           1|
    |and_ln68_10_fu_1738_p2               |       and|   0|  0|   2|           1|           1|
    |and_ln68_11_fu_1750_p2               |       and|   0|  0|   2|           1|           1|
    |and_ln68_12_fu_1906_p2               |       and|   0|  0|   2|           1|           1|
    |and_ln68_13_fu_1918_p2               |       and|   0|  0|   2|           1|           1|
    |and_ln68_14_fu_2074_p2               |       and|   0|  0|   2|           1|           1|
    |and_ln68_15_fu_2086_p2               |       and|   0|  0|   2|           1|           1|
    |and_ln68_1_fu_916_p2                 |       and|   0|  0|   2|           1|           1|
    |and_ln68_2_fu_1070_p2                |       and|   0|  0|   2|           1|           1|
    |and_ln68_3_fu_1082_p2                |       and|   0|  0|   2|           1|           1|
    |and_ln68_4_fu_1236_p2                |       and|   0|  0|   2|           1|           1|
    |and_ln68_5_fu_1248_p2                |       and|   0|  0|   2|           1|           1|
    |and_ln68_6_fu_1402_p2                |       and|   0|  0|   2|           1|           1|
    |and_ln68_7_fu_1414_p2                |       and|   0|  0|   2|           1|           1|
    |and_ln68_8_fu_1570_p2                |       and|   0|  0|   2|           1|           1|
    |and_ln68_9_fu_1582_p2                |       and|   0|  0|   2|           1|           1|
    |and_ln68_fu_904_p2                   |       and|   0|  0|   2|           1|           1|
    |ap_condition_2239                    |       and|   0|  0|   2|           1|           1|
    |ap_condition_2244                    |       and|   0|  0|   2|           1|           1|
    |ap_condition_2249                    |       and|   0|  0|   2|           1|           1|
    |ap_condition_2254                    |       and|   0|  0|   2|           1|           1|
    |ap_condition_2259                    |       and|   0|  0|   2|           1|           1|
    |ap_condition_2264                    |       and|   0|  0|   2|           1|           1|
    |ap_condition_2268                    |       and|   0|  0|   2|           1|           1|
    |ap_condition_2272                    |       and|   0|  0|   2|           1|           1|
    |ap_condition_2276                    |       and|   0|  0|   2|           1|           1|
    |ap_condition_2280                    |       and|   0|  0|   2|           1|           1|
    |ap_condition_2286                    |       and|   0|  0|   2|           1|           1|
    |ap_condition_2291                    |       and|   0|  0|   2|           1|           1|
    |ap_enable_state41_pp0_iter20_stage0  |       and|   0|  0|   2|           1|           1|
    |ap_enable_state42_pp0_iter20_stage1  |       and|   0|  0|   2|           1|           1|
    |ap_enable_state43_pp0_iter21_stage0  |       and|   0|  0|   2|           1|           1|
    |ap_enable_state44_pp0_iter21_stage1  |       and|   0|  0|   2|           1|           1|
    |ap_enable_state45_pp0_iter22_stage0  |       and|   0|  0|   2|           1|           1|
    |ap_predicate_op622_store_state44     |       and|   0|  0|   2|           1|           1|
    |ap_predicate_op624_store_state44     |       and|   0|  0|   2|           1|           1|
    |ap_predicate_op626_store_state44     |       and|   0|  0|   2|           1|           1|
    |ap_predicate_op628_store_state44     |       and|   0|  0|   2|           1|           1|
    |ap_predicate_op630_store_state44     |       and|   0|  0|   2|           1|           1|
    |ap_predicate_op632_store_state44     |       and|   0|  0|   2|           1|           1|
    |ap_predicate_op634_store_state44     |       and|   0|  0|   2|           1|           1|
    |ap_predicate_op636_store_state44     |       and|   0|  0|   2|           1|           1|
    |ap_predicate_op774_store_state45     |       and|   0|  0|   2|           1|           1|
    |ap_predicate_op776_store_state45     |       and|   0|  0|   2|           1|           1|
    |ap_predicate_op778_store_state45     |       and|   0|  0|   2|           1|           1|
    |ap_predicate_op780_store_state45     |       and|   0|  0|   2|           1|           1|
    |ap_predicate_op782_store_state45     |       and|   0|  0|   2|           1|           1|
    |ap_predicate_op784_store_state45     |       and|   0|  0|   2|           1|           1|
    |ap_predicate_op786_store_state45     |       and|   0|  0|   2|           1|           1|
    |ap_predicate_op788_store_state45     |       and|   0|  0|   2|           1|           1|
    |icmp_ln57_fu_527_p2                  |      icmp|   0|  0|  20|          12|          13|
    |icmp_ln66_10_fu_1624_p2              |      icmp|   0|  0|  21|          14|           2|
    |icmp_ln66_11_fu_1630_p2              |      icmp|   0|  0|  21|          14|           1|
    |icmp_ln66_12_fu_1792_p2              |      icmp|   0|  0|  21|          14|           2|
    |icmp_ln66_13_fu_1798_p2              |      icmp|   0|  0|  21|          14|           1|
    |icmp_ln66_14_fu_1960_p2              |      icmp|   0|  0|  21|          14|           2|
    |icmp_ln66_15_fu_1966_p2              |      icmp|   0|  0|  21|          14|           1|
    |icmp_ln66_1_fu_798_p2                |      icmp|   0|  0|  21|          14|           1|
    |icmp_ln66_2_fu_958_p2                |      icmp|   0|  0|  21|          14|           2|
    |icmp_ln66_3_fu_964_p2                |      icmp|   0|  0|  21|          14|           1|
    |icmp_ln66_4_fu_1124_p2               |      icmp|   0|  0|  21|          14|           2|
    |icmp_ln66_5_fu_1130_p2               |      icmp|   0|  0|  21|          14|           1|
    |icmp_ln66_6_fu_1290_p2               |      icmp|   0|  0|  21|          14|           2|
    |icmp_ln66_7_fu_1296_p2               |      icmp|   0|  0|  21|          14|           1|
    |icmp_ln66_8_fu_1456_p2               |      icmp|   0|  0|  21|          14|           2|
    |icmp_ln66_9_fu_1462_p2               |      icmp|   0|  0|  21|          14|           1|
    |icmp_ln66_fu_792_p2                  |      icmp|   0|  0|  21|          14|           2|
    |ap_block_pp0                         |        or|   0|  0|   2|           1|           1|
    |or_ln66_10_fu_1326_p2                |        or|   0|  0|   2|           1|           1|
    |or_ln66_11_fu_1346_p2                |        or|   0|  0|   2|           1|           1|
    |or_ln66_12_fu_1468_p2                |        or|   0|  0|   2|           1|           1|
    |or_ln66_13_fu_1492_p2                |        or|   0|  0|   2|           1|           1|
    |or_ln66_14_fu_1512_p2                |        or|   0|  0|   2|           1|           1|
    |or_ln66_15_fu_1636_p2                |        or|   0|  0|   2|           1|           1|
    |or_ln66_16_fu_1660_p2                |        or|   0|  0|   2|           1|           1|
    |or_ln66_17_fu_1680_p2                |        or|   0|  0|   2|           1|           1|
    |or_ln66_18_fu_1804_p2                |        or|   0|  0|   2|           1|           1|
    |or_ln66_19_fu_1828_p2                |        or|   0|  0|   2|           1|           1|
    |or_ln66_1_fu_828_p2                  |        or|   0|  0|   2|           1|           1|
    |or_ln66_20_fu_1848_p2                |        or|   0|  0|   2|           1|           1|
    |or_ln66_21_fu_1972_p2                |        or|   0|  0|   2|           1|           1|
    |or_ln66_22_fu_1996_p2                |        or|   0|  0|   2|           1|           1|
    |or_ln66_23_fu_2016_p2                |        or|   0|  0|   2|           1|           1|
    |or_ln66_2_fu_848_p2                  |        or|   0|  0|   2|           1|           1|
    |or_ln66_3_fu_970_p2                  |        or|   0|  0|   2|           1|           1|
    |or_ln66_4_fu_994_p2                  |        or|   0|  0|   2|           1|           1|
    |or_ln66_5_fu_1014_p2                 |        or|   0|  0|   2|           1|           1|
    |or_ln66_6_fu_1136_p2                 |        or|   0|  0|   2|           1|           1|
    |or_ln66_7_fu_1160_p2                 |        or|   0|  0|   2|           1|           1|
    |or_ln66_8_fu_1180_p2                 |        or|   0|  0|   2|           1|           1|
    |or_ln66_9_fu_1302_p2                 |        or|   0|  0|   2|           1|           1|
    |or_ln66_fu_804_p2                    |        or|   0|  0|   2|           1|           1|
    |select_ln57_1_fu_575_p3              |    select|   0|  0|   8|           1|           9|
    |select_ln57_fu_563_p3                |    select|   0|  0|   6|           1|           1|
    |select_ln66_10_fu_1672_p3            |    select|   0|  0|  24|           1|          23|
    |select_ln66_12_fu_1840_p3            |    select|   0|  0|  24|           1|          23|
    |select_ln66_14_fu_2008_p3            |    select|   0|  0|  24|           1|          23|
    |select_ln66_2_fu_1006_p3             |    select|   0|  0|  24|           1|          23|
    |select_ln66_4_fu_1172_p3             |    select|   0|  0|  24|           1|          23|
    |select_ln66_6_fu_1338_p3             |    select|   0|  0|  24|           1|          23|
    |select_ln66_8_fu_1504_p3             |    select|   0|  0|  24|           1|          23|
    |select_ln66_fu_840_p3                |    select|   0|  0|  24|           1|          23|
    |t_11_fu_1686_p3                      |    select|   0|  0|  24|           1|          24|
    |t_13_fu_1854_p3                      |    select|   0|  0|  24|           1|          24|
    |t_15_fu_2022_p3                      |    select|   0|  0|  24|           1|          24|
    |t_1_fu_854_p3                        |    select|   0|  0|  24|           1|          24|
    |t_3_fu_1020_p3                       |    select|   0|  0|  24|           1|          24|
    |t_5_fu_1186_p3                       |    select|   0|  0|  24|           1|          24|
    |t_7_fu_1352_p3                       |    select|   0|  0|  24|           1|          24|
    |t_9_fu_1518_p3                       |    select|   0|  0|  24|           1|          24|
    |ap_enable_pp0                        |       xor|   0|  0|   2|           1|           2|
    |xor_ln66_10_fu_1642_p2               |       xor|   0|  0|   2|           1|           2|
    |xor_ln66_11_fu_1654_p2               |       xor|   0|  0|   2|           1|           2|
    |xor_ln66_12_fu_1810_p2               |       xor|   0|  0|   2|           1|           2|
    |xor_ln66_13_fu_1822_p2               |       xor|   0|  0|   2|           1|           2|
    |xor_ln66_14_fu_1978_p2               |       xor|   0|  0|   2|           1|           2|
    |xor_ln66_15_fu_1990_p2               |       xor|   0|  0|   2|           1|           2|
    |xor_ln66_1_fu_822_p2                 |       xor|   0|  0|   2|           1|           2|
    |xor_ln66_2_fu_976_p2                 |       xor|   0|  0|   2|           1|           2|
    |xor_ln66_3_fu_988_p2                 |       xor|   0|  0|   2|           1|           2|
    |xor_ln66_4_fu_1142_p2                |       xor|   0|  0|   2|           1|           2|
    |xor_ln66_5_fu_1154_p2                |       xor|   0|  0|   2|           1|           2|
    |xor_ln66_6_fu_1308_p2                |       xor|   0|  0|   2|           1|           2|
    |xor_ln66_7_fu_1320_p2                |       xor|   0|  0|   2|           1|           2|
    |xor_ln66_8_fu_1474_p2                |       xor|   0|  0|   2|           1|           2|
    |xor_ln66_9_fu_1486_p2                |       xor|   0|  0|   2|           1|           2|
    |xor_ln66_fu_810_p2                   |       xor|   0|  0|   2|           1|           2|
    |xor_ln68_10_fu_1408_p2               |       xor|   0|  0|   2|           1|           2|
    |xor_ln68_11_fu_1420_p2               |       xor|   0|  0|   2|           1|           1|
    |xor_ln68_12_fu_1564_p2               |       xor|   0|  0|   2|           1|           2|
    |xor_ln68_13_fu_1576_p2               |       xor|   0|  0|   2|           1|           2|
    |xor_ln68_14_fu_1588_p2               |       xor|   0|  0|   2|           1|           1|
    |xor_ln68_15_fu_1732_p2               |       xor|   0|  0|   2|           1|           2|
    |xor_ln68_16_fu_1744_p2               |       xor|   0|  0|   2|           1|           2|
    |xor_ln68_17_fu_1756_p2               |       xor|   0|  0|   2|           1|           1|
    |xor_ln68_18_fu_1900_p2               |       xor|   0|  0|   2|           1|           2|
    |xor_ln68_19_fu_1912_p2               |       xor|   0|  0|   2|           1|           2|
    |xor_ln68_1_fu_910_p2                 |       xor|   0|  0|   2|           1|           2|
    |xor_ln68_20_fu_1924_p2               |       xor|   0|  0|   2|           1|           1|
    |xor_ln68_21_fu_2068_p2               |       xor|   0|  0|   2|           1|           2|
    |xor_ln68_22_fu_2080_p2               |       xor|   0|  0|   2|           1|           2|
    |xor_ln68_23_fu_2092_p2               |       xor|   0|  0|   2|           1|           1|
    |xor_ln68_2_fu_922_p2                 |       xor|   0|  0|   2|           1|           1|
    |xor_ln68_3_fu_1064_p2                |       xor|   0|  0|   2|           1|           2|
    |xor_ln68_4_fu_1076_p2                |       xor|   0|  0|   2|           1|           2|
    |xor_ln68_5_fu_1088_p2                |       xor|   0|  0|   2|           1|           1|
    |xor_ln68_6_fu_1230_p2                |       xor|   0|  0|   2|           1|           2|
    |xor_ln68_7_fu_1242_p2                |       xor|   0|  0|   2|           1|           2|
    |xor_ln68_8_fu_1254_p2                |       xor|   0|  0|   2|           1|           1|
    |xor_ln68_9_fu_1396_p2                |       xor|   0|  0|   2|           1|           2|
    |xor_ln68_fu_898_p2                   |       xor|   0|  0|   2|           1|           2|
    +-------------------------------------+----------+----+---+----+------------+------------+
    |Total                                |          |   0|  0|1569|         805|         985|
    +-------------------------------------+----------+----+---+----+------------+------------+

    * Multiplexer: 
    +---------------------------------------+----+-----------+-----+-----------+
    |                  Name                 | LUT| Input Size| Bits| Total Bits|
    +---------------------------------------+----+-----------+-----+-----------+
    |ap_NS_fsm                              |  14|          3|    1|          3|
    |ap_done_int                            |   9|          2|    1|          2|
    |ap_enable_reg_pp0_iter0                |   9|          2|    1|          2|
    |ap_enable_reg_pp0_iter1                |   9|          2|    1|          2|
    |ap_enable_reg_pp0_iter22               |   9|          2|    1|          2|
    |ap_loop_exit_ready_pp0_iter10_reg      |   9|          2|    1|          2|
    |ap_loop_exit_ready_pp0_iter11_reg      |   9|          2|    1|          2|
    |ap_loop_exit_ready_pp0_iter12_reg      |   9|          2|    1|          2|
    |ap_loop_exit_ready_pp0_iter13_reg      |   9|          2|    1|          2|
    |ap_loop_exit_ready_pp0_iter14_reg      |   9|          2|    1|          2|
    |ap_loop_exit_ready_pp0_iter15_reg      |   9|          2|    1|          2|
    |ap_loop_exit_ready_pp0_iter16_reg      |   9|          2|    1|          2|
    |ap_loop_exit_ready_pp0_iter17_reg      |   9|          2|    1|          2|
    |ap_loop_exit_ready_pp0_iter18_reg      |   9|          2|    1|          2|
    |ap_loop_exit_ready_pp0_iter19_reg      |   9|          2|    1|          2|
    |ap_loop_exit_ready_pp0_iter1_reg       |   9|          2|    1|          2|
    |ap_loop_exit_ready_pp0_iter20_reg      |   9|          2|    1|          2|
    |ap_loop_exit_ready_pp0_iter21_reg      |   9|          2|    1|          2|
    |ap_loop_exit_ready_pp0_iter2_reg       |   9|          2|    1|          2|
    |ap_loop_exit_ready_pp0_iter3_reg       |   9|          2|    1|          2|
    |ap_loop_exit_ready_pp0_iter4_reg       |   9|          2|    1|          2|
    |ap_loop_exit_ready_pp0_iter5_reg       |   9|          2|    1|          2|
    |ap_loop_exit_ready_pp0_iter6_reg       |   9|          2|    1|          2|
    |ap_loop_exit_ready_pp0_iter7_reg       |   9|          2|    1|          2|
    |ap_loop_exit_ready_pp0_iter8_reg       |   9|          2|    1|          2|
    |ap_loop_exit_ready_pp0_iter9_reg       |   9|          2|    1|          2|
    |ap_sig_allocacmp_i_load                |   9|          2|    9|         18|
    |ap_sig_allocacmp_indvar_flatten6_load  |   9|          2|   12|         24|
    |ap_sig_allocacmp_j_load                |   9|          2|    7|         14|
    |col_sum_1_address0_local               |  14|          3|    3|          9|
    |col_sum_1_d0_local                     |  20|          4|   24|         96|
    |col_sum_2_address0_local               |  14|          3|    3|          9|
    |col_sum_2_d0_local                     |  20|          4|   24|         96|
    |col_sum_3_address0_local               |  14|          3|    3|          9|
    |col_sum_3_d0_local                     |  20|          4|   24|         96|
    |col_sum_4_address1_local               |  14|          3|    3|          9|
    |col_sum_4_d0_local                     |  14|          3|   24|         72|
    |col_sum_5_address1_local               |  14|          3|    3|          9|
    |col_sum_5_d0_local                     |  14|          3|   24|         72|
    |col_sum_6_address1_local               |  14|          3|    3|          9|
    |col_sum_6_d0_local                     |  14|          3|   24|         72|
    |col_sum_7_address1_local               |  14|          3|    3|          9|
    |col_sum_7_d0_local                     |  14|          3|   24|         72|
    |col_sum_address0_local                 |  14|          3|    3|          9|
    |col_sum_d0_local                       |  20|          4|   24|         96|
    |i_fu_136                               |   9|          2|    9|         18|
    |indvar_flatten6_fu_140                 |   9|          2|   12|         24|
    |j_fu_132                               |   9|          2|    7|         14|
    +---------------------------------------+----+-----------+-----+-----------+
    |Total                                  | 541|        117|  298|        909|
    +---------------------------------------+----+-----------+-----+-----------+

    * Register: 
    +--------------------------------------------------------------------+----+----+-----+-----------+
    |                                Name                                | FF | LUT| Bits| Const Bits|
    +--------------------------------------------------------------------+----+----+-----+-----------+
    |and_ln68_10_reg_2409                                                |   1|   0|    1|          0|
    |and_ln68_11_reg_2413                                                |   1|   0|    1|          0|
    |and_ln68_12_reg_2421                                                |   1|   0|    1|          0|
    |and_ln68_13_reg_2425                                                |   1|   0|    1|          0|
    |and_ln68_14_reg_2433                                                |   1|   0|    1|          0|
    |and_ln68_15_reg_2437                                                |   1|   0|    1|          0|
    |and_ln68_1_reg_2353                                                 |   1|   0|    1|          0|
    |and_ln68_2_reg_2361                                                 |   1|   0|    1|          0|
    |and_ln68_3_reg_2365                                                 |   1|   0|    1|          0|
    |and_ln68_4_reg_2373                                                 |   1|   0|    1|          0|
    |and_ln68_5_reg_2377                                                 |   1|   0|    1|          0|
    |and_ln68_6_reg_2385                                                 |   1|   0|    1|          0|
    |and_ln68_7_reg_2389                                                 |   1|   0|    1|          0|
    |and_ln68_8_reg_2397                                                 |   1|   0|    1|          0|
    |and_ln68_9_reg_2401                                                 |   1|   0|    1|          0|
    |and_ln68_reg_2349                                                   |   1|   0|    1|          0|
    |ap_CS_fsm                                                           |   2|   0|    2|          0|
    |ap_done_reg                                                         |   1|   0|    1|          0|
    |ap_enable_reg_pp0_iter0_reg                                         |   1|   0|    1|          0|
    |ap_enable_reg_pp0_iter1                                             |   1|   0|    1|          0|
    |ap_enable_reg_pp0_iter10                                            |   1|   0|    1|          0|
    |ap_enable_reg_pp0_iter11                                            |   1|   0|    1|          0|
    |ap_enable_reg_pp0_iter12                                            |   1|   0|    1|          0|
    |ap_enable_reg_pp0_iter13                                            |   1|   0|    1|          0|
    |ap_enable_reg_pp0_iter14                                            |   1|   0|    1|          0|
    |ap_enable_reg_pp0_iter15                                            |   1|   0|    1|          0|
    |ap_enable_reg_pp0_iter16                                            |   1|   0|    1|          0|
    |ap_enable_reg_pp0_iter17                                            |   1|   0|    1|          0|
    |ap_enable_reg_pp0_iter18                                            |   1|   0|    1|          0|
    |ap_enable_reg_pp0_iter19                                            |   1|   0|    1|          0|
    |ap_enable_reg_pp0_iter2                                             |   1|   0|    1|          0|
    |ap_enable_reg_pp0_iter20                                            |   1|   0|    1|          0|
    |ap_enable_reg_pp0_iter21                                            |   1|   0|    1|          0|
    |ap_enable_reg_pp0_iter22                                            |   1|   0|    1|          0|
    |ap_enable_reg_pp0_iter3                                             |   1|   0|    1|          0|
    |ap_enable_reg_pp0_iter4                                             |   1|   0|    1|          0|
    |ap_enable_reg_pp0_iter5                                             |   1|   0|    1|          0|
    |ap_enable_reg_pp0_iter6                                             |   1|   0|    1|          0|
    |ap_enable_reg_pp0_iter7                                             |   1|   0|    1|          0|
    |ap_enable_reg_pp0_iter8                                             |   1|   0|    1|          0|
    |ap_enable_reg_pp0_iter9                                             |   1|   0|    1|          0|
    |ap_loop_exit_ready_pp0_iter10_reg                                   |   1|   0|    1|          0|
    |ap_loop_exit_ready_pp0_iter11_reg                                   |   1|   0|    1|          0|
    |ap_loop_exit_ready_pp0_iter12_reg                                   |   1|   0|    1|          0|
    |ap_loop_exit_ready_pp0_iter13_reg                                   |   1|   0|    1|          0|
    |ap_loop_exit_ready_pp0_iter14_reg                                   |   1|   0|    1|          0|
    |ap_loop_exit_ready_pp0_iter15_reg                                   |   1|   0|    1|          0|
    |ap_loop_exit_ready_pp0_iter16_reg                                   |   1|   0|    1|          0|
    |ap_loop_exit_ready_pp0_iter17_reg                                   |   1|   0|    1|          0|
    |ap_loop_exit_ready_pp0_iter18_reg                                   |   1|   0|    1|          0|
    |ap_loop_exit_ready_pp0_iter19_reg                                   |   1|   0|    1|          0|
    |ap_loop_exit_ready_pp0_iter1_reg                                    |   1|   0|    1|          0|
    |ap_loop_exit_ready_pp0_iter20_reg                                   |   1|   0|    1|          0|
    |ap_loop_exit_ready_pp0_iter21_reg                                   |   1|   0|    1|          0|
    |ap_loop_exit_ready_pp0_iter2_reg                                    |   1|   0|    1|          0|
    |ap_loop_exit_ready_pp0_iter3_reg                                    |   1|   0|    1|          0|
    |ap_loop_exit_ready_pp0_iter4_reg                                    |   1|   0|    1|          0|
    |ap_loop_exit_ready_pp0_iter5_reg                                    |   1|   0|    1|          0|
    |ap_loop_exit_ready_pp0_iter6_reg                                    |   1|   0|    1|          0|
    |ap_loop_exit_ready_pp0_iter7_reg                                    |   1|   0|    1|          0|
    |ap_loop_exit_ready_pp0_iter8_reg                                    |   1|   0|    1|          0|
    |ap_loop_exit_ready_pp0_iter9_reg                                    |   1|   0|    1|          0|
    |col_sum_1_addr_reg_2263                                             |   3|   0|    3|          0|
    |col_sum_1_addr_reg_2263_pp0_iter21_reg                              |   3|   0|    3|          0|
    |col_sum_1_load_reg_2311                                             |  24|   0|   24|          0|
    |col_sum_2_addr_reg_2269                                             |   3|   0|    3|          0|
    |col_sum_2_addr_reg_2269_pp0_iter21_reg                              |   3|   0|    3|          0|
    |col_sum_2_load_reg_2317                                             |  24|   0|   24|          0|
    |col_sum_3_addr_reg_2275                                             |   3|   0|    3|          0|
    |col_sum_3_addr_reg_2275_pp0_iter21_reg                              |   3|   0|    3|          0|
    |col_sum_3_load_reg_2323                                             |  24|   0|   24|          0|
    |col_sum_4_addr_reg_2281                                             |   3|   0|    3|          0|
    |col_sum_4_addr_reg_2281_pp0_iter21_reg                              |   3|   0|    3|          0|
    |col_sum_5_addr_reg_2287                                             |   3|   0|    3|          0|
    |col_sum_5_addr_reg_2287_pp0_iter21_reg                              |   3|   0|    3|          0|
    |col_sum_6_addr_reg_2293                                             |   3|   0|    3|          0|
    |col_sum_6_addr_reg_2293_pp0_iter21_reg                              |   3|   0|    3|          0|
    |col_sum_7_addr_reg_2299                                             |   3|   0|    3|          0|
    |col_sum_7_addr_reg_2299_pp0_iter21_reg                              |   3|   0|    3|          0|
    |col_sum_addr_reg_2257                                               |   3|   0|    3|          0|
    |col_sum_addr_reg_2257_pp0_iter21_reg                                |   3|   0|    3|          0|
    |col_sum_load_reg_2305                                               |  24|   0|   24|          0|
    |conv_i103_reg_2185                                                  |  38|   0|   38|          0|
    |i_fu_136                                                            |   9|   0|    9|          0|
    |icmp_ln57_reg_2119                                                  |   1|   0|    1|          0|
    |indvar_flatten6_fu_140                                              |  12|   0|   12|          0|
    |j_fu_132                                                            |   7|   0|    7|          0|
    |lshr_ln2_reg_2128                                                   |   3|   0|    3|          0|
    |top_kernel_ap_fixed_64_ap_fixed_24_10_0_0_0_64_A_1_load_reg_2227    |  24|   0|   24|          0|
    |top_kernel_ap_fixed_64_ap_fixed_24_10_0_0_0_64_A_2_load_reg_2222    |  24|   0|   24|          0|
    |top_kernel_ap_fixed_64_ap_fixed_24_10_0_0_0_64_A_3_load_reg_2217    |  24|   0|   24|          0|
    |top_kernel_ap_fixed_64_ap_fixed_24_10_0_0_0_64_A_load_reg_2232      |  24|   0|   24|          0|
    |top_kernel_ap_fixed_64_ap_fixed_24_10_0_0_0_64_tmp_2_addr_reg_2344  |  11|   0|   11|          0|
    |top_kernel_ap_fixed_64_ap_fixed_24_10_0_0_0_64_tmp_3_addr_reg_2339  |  11|   0|   11|          0|
    |top_kernel_ap_fixed_64_ap_fixed_24_10_0_0_0_64_tmp_4_addr_reg_2334  |  11|   0|   11|          0|
    |top_kernel_ap_fixed_64_ap_fixed_24_10_0_0_0_64_tmp_5_addr_reg_2329  |  11|   0|   11|          0|
    |xor_ln68_11_reg_2393                                                |   1|   0|    1|          0|
    |xor_ln68_14_reg_2405                                                |   1|   0|    1|          0|
    |xor_ln68_17_reg_2417                                                |   1|   0|    1|          0|
    |xor_ln68_20_reg_2429                                                |   1|   0|    1|          0|
    |xor_ln68_23_reg_2441                                                |   1|   0|    1|          0|
    |xor_ln68_2_reg_2357                                                 |   1|   0|    1|          0|
    |xor_ln68_5_reg_2369                                                 |   1|   0|    1|          0|
    |xor_ln68_8_reg_2381                                                 |   1|   0|    1|          0|
    |zext_ln66_reg_2133                                                  |  11|   0|   64|         53|
    |icmp_ln57_reg_2119                                                  |  64|  32|    1|          0|
    |lshr_ln2_reg_2128                                                   |  64|  32|    3|          0|
    |zext_ln66_reg_2133                                                  |  64|  32|   64|         53|
    +--------------------------------------------------------------------+----+----+-----+-----------+
    |Total                                                               | 628|  96|  557|        106|
    +--------------------------------------------------------------------+----+----+-----+-----------+



================================================================
== Interface
================================================================
* Summary: 
+---------------------------------------------------------------+-----+-----+------------+------------------------------------------------------+--------------+
|                           RTL Ports                           | Dir | Bits|  Protocol  |                     Source Object                    |    C Type    |
+---------------------------------------------------------------+-----+-----+------------+------------------------------------------------------+--------------+
|ap_clk                                                         |   in|    1|  ap_ctrl_hs|   top_kernel_Pipeline_VITIS_LOOP_57_4_VITIS_LOOP_60_5|  return value|
|ap_rst                                                         |   in|    1|  ap_ctrl_hs|   top_kernel_Pipeline_VITIS_LOOP_57_4_VITIS_LOOP_60_5|  return value|
|ap_start                                                       |   in|    1|  ap_ctrl_hs|   top_kernel_Pipeline_VITIS_LOOP_57_4_VITIS_LOOP_60_5|  return value|
|ap_done                                                        |  out|    1|  ap_ctrl_hs|   top_kernel_Pipeline_VITIS_LOOP_57_4_VITIS_LOOP_60_5|  return value|
|ap_idle                                                        |  out|    1|  ap_ctrl_hs|   top_kernel_Pipeline_VITIS_LOOP_57_4_VITIS_LOOP_60_5|  return value|
|ap_ready                                                       |  out|    1|  ap_ctrl_hs|   top_kernel_Pipeline_VITIS_LOOP_57_4_VITIS_LOOP_60_5|  return value|
|col_sum_7_address0                                             |  out|    3|   ap_memory|                                             col_sum_7|         array|
|col_sum_7_ce0                                                  |  out|    1|   ap_memory|                                             col_sum_7|         array|
|col_sum_7_we0                                                  |  out|    1|   ap_memory|                                             col_sum_7|         array|
|col_sum_7_d0                                                   |  out|   24|   ap_memory|                                             col_sum_7|         array|
|col_sum_7_address1                                             |  out|    3|   ap_memory|                                             col_sum_7|         array|
|col_sum_7_ce1                                                  |  out|    1|   ap_memory|                                             col_sum_7|         array|
|col_sum_7_we1                                                  |  out|    1|   ap_memory|                                             col_sum_7|         array|
|col_sum_7_d1                                                   |  out|   24|   ap_memory|                                             col_sum_7|         array|
|col_sum_7_q1                                                   |   in|   24|   ap_memory|                                             col_sum_7|         array|
|col_sum_6_address0                                             |  out|    3|   ap_memory|                                             col_sum_6|         array|
|col_sum_6_ce0                                                  |  out|    1|   ap_memory|                                             col_sum_6|         array|
|col_sum_6_we0                                                  |  out|    1|   ap_memory|                                             col_sum_6|         array|
|col_sum_6_d0                                                   |  out|   24|   ap_memory|                                             col_sum_6|         array|
|col_sum_6_address1                                             |  out|    3|   ap_memory|                                             col_sum_6|         array|
|col_sum_6_ce1                                                  |  out|    1|   ap_memory|                                             col_sum_6|         array|
|col_sum_6_we1                                                  |  out|    1|   ap_memory|                                             col_sum_6|         array|
|col_sum_6_d1                                                   |  out|   24|   ap_memory|                                             col_sum_6|         array|
|col_sum_6_q1                                                   |   in|   24|   ap_memory|                                             col_sum_6|         array|
|col_sum_5_address0                                             |  out|    3|   ap_memory|                                             col_sum_5|         array|
|col_sum_5_ce0                                                  |  out|    1|   ap_memory|                                             col_sum_5|         array|
|col_sum_5_we0                                                  |  out|    1|   ap_memory|                                             col_sum_5|         array|
|col_sum_5_d0                                                   |  out|   24|   ap_memory|                                             col_sum_5|         array|
|col_sum_5_address1                                             |  out|    3|   ap_memory|                                             col_sum_5|         array|
|col_sum_5_ce1                                                  |  out|    1|   ap_memory|                                             col_sum_5|         array|
|col_sum_5_we1                                                  |  out|    1|   ap_memory|                                             col_sum_5|         array|
|col_sum_5_d1                                                   |  out|   24|   ap_memory|                                             col_sum_5|         array|
|col_sum_5_q1                                                   |   in|   24|   ap_memory|                                             col_sum_5|         array|
|col_sum_4_address0                                             |  out|    3|   ap_memory|                                             col_sum_4|         array|
|col_sum_4_ce0                                                  |  out|    1|   ap_memory|                                             col_sum_4|         array|
|col_sum_4_we0                                                  |  out|    1|   ap_memory|                                             col_sum_4|         array|
|col_sum_4_d0                                                   |  out|   24|   ap_memory|                                             col_sum_4|         array|
|col_sum_4_address1                                             |  out|    3|   ap_memory|                                             col_sum_4|         array|
|col_sum_4_ce1                                                  |  out|    1|   ap_memory|                                             col_sum_4|         array|
|col_sum_4_we1                                                  |  out|    1|   ap_memory|                                             col_sum_4|         array|
|col_sum_4_d1                                                   |  out|   24|   ap_memory|                                             col_sum_4|         array|
|col_sum_4_q1                                                   |   in|   24|   ap_memory|                                             col_sum_4|         array|
|col_sum_3_address0                                             |  out|    3|   ap_memory|                                             col_sum_3|         array|
|col_sum_3_ce0                                                  |  out|    1|   ap_memory|                                             col_sum_3|         array|
|col_sum_3_we0                                                  |  out|    1|   ap_memory|                                             col_sum_3|         array|
|col_sum_3_d0                                                   |  out|   24|   ap_memory|                                             col_sum_3|         array|
|col_sum_3_address1                                             |  out|    3|   ap_memory|                                             col_sum_3|         array|
|col_sum_3_ce1                                                  |  out|    1|   ap_memory|                                             col_sum_3|         array|
|col_sum_3_q1                                                   |   in|   24|   ap_memory|                                             col_sum_3|         array|
|col_sum_2_address0                                             |  out|    3|   ap_memory|                                             col_sum_2|         array|
|col_sum_2_ce0                                                  |  out|    1|   ap_memory|                                             col_sum_2|         array|
|col_sum_2_we0                                                  |  out|    1|   ap_memory|                                             col_sum_2|         array|
|col_sum_2_d0                                                   |  out|   24|   ap_memory|                                             col_sum_2|         array|
|col_sum_2_address1                                             |  out|    3|   ap_memory|                                             col_sum_2|         array|
|col_sum_2_ce1                                                  |  out|    1|   ap_memory|                                             col_sum_2|         array|
|col_sum_2_q1                                                   |   in|   24|   ap_memory|                                             col_sum_2|         array|
|col_sum_1_address0                                             |  out|    3|   ap_memory|                                             col_sum_1|         array|
|col_sum_1_ce0                                                  |  out|    1|   ap_memory|                                             col_sum_1|         array|
|col_sum_1_we0                                                  |  out|    1|   ap_memory|                                             col_sum_1|         array|
|col_sum_1_d0                                                   |  out|   24|   ap_memory|                                             col_sum_1|         array|
|col_sum_1_address1                                             |  out|    3|   ap_memory|                                             col_sum_1|         array|
|col_sum_1_ce1                                                  |  out|    1|   ap_memory|                                             col_sum_1|         array|
|col_sum_1_q1                                                   |   in|   24|   ap_memory|                                             col_sum_1|         array|
|col_sum_address0                                               |  out|    3|   ap_memory|                                               col_sum|         array|
|col_sum_ce0                                                    |  out|    1|   ap_memory|                                               col_sum|         array|
|col_sum_we0                                                    |  out|    1|   ap_memory|                                               col_sum|         array|
|col_sum_d0                                                     |  out|   24|   ap_memory|                                               col_sum|         array|
|col_sum_address1                                               |  out|    3|   ap_memory|                                               col_sum|         array|
|col_sum_ce1                                                    |  out|    1|   ap_memory|                                               col_sum|         array|
|col_sum_q1                                                     |   in|   24|   ap_memory|                                               col_sum|         array|
|top_kernel_ap_fixed_64_ap_fixed_24_10_0_0_0_64_A_address0      |  out|   11|   ap_memory|      top_kernel_ap_fixed_64_ap_fixed_24_10_0_0_0_64_A|         array|
|top_kernel_ap_fixed_64_ap_fixed_24_10_0_0_0_64_A_ce0           |  out|    1|   ap_memory|      top_kernel_ap_fixed_64_ap_fixed_24_10_0_0_0_64_A|         array|
|top_kernel_ap_fixed_64_ap_fixed_24_10_0_0_0_64_A_q0            |   in|   24|   ap_memory|      top_kernel_ap_fixed_64_ap_fixed_24_10_0_0_0_64_A|         array|
|top_kernel_ap_fixed_64_ap_fixed_24_10_0_0_0_64_tmp_2_address0  |  out|   11|   ap_memory|  top_kernel_ap_fixed_64_ap_fixed_24_10_0_0_0_64_tmp_2|         array|
|top_kernel_ap_fixed_64_ap_fixed_24_10_0_0_0_64_tmp_2_ce0       |  out|    1|   ap_memory|  top_kernel_ap_fixed_64_ap_fixed_24_10_0_0_0_64_tmp_2|         array|
|top_kernel_ap_fixed_64_ap_fixed_24_10_0_0_0_64_tmp_2_we0       |  out|    1|   ap_memory|  top_kernel_ap_fixed_64_ap_fixed_24_10_0_0_0_64_tmp_2|         array|
|top_kernel_ap_fixed_64_ap_fixed_24_10_0_0_0_64_tmp_2_d0        |  out|   24|   ap_memory|  top_kernel_ap_fixed_64_ap_fixed_24_10_0_0_0_64_tmp_2|         array|
|top_kernel_ap_fixed_64_ap_fixed_24_10_0_0_0_64_A_1_address0    |  out|   11|   ap_memory|    top_kernel_ap_fixed_64_ap_fixed_24_10_0_0_0_64_A_1|         array|
|top_kernel_ap_fixed_64_ap_fixed_24_10_0_0_0_64_A_1_ce0         |  out|    1|   ap_memory|    top_kernel_ap_fixed_64_ap_fixed_24_10_0_0_0_64_A_1|         array|
|top_kernel_ap_fixed_64_ap_fixed_24_10_0_0_0_64_A_1_q0          |   in|   24|   ap_memory|    top_kernel_ap_fixed_64_ap_fixed_24_10_0_0_0_64_A_1|         array|
|top_kernel_ap_fixed_64_ap_fixed_24_10_0_0_0_64_tmp_3_address0  |  out|   11|   ap_memory|  top_kernel_ap_fixed_64_ap_fixed_24_10_0_0_0_64_tmp_3|         array|
|top_kernel_ap_fixed_64_ap_fixed_24_10_0_0_0_64_tmp_3_ce0       |  out|    1|   ap_memory|  top_kernel_ap_fixed_64_ap_fixed_24_10_0_0_0_64_tmp_3|         array|
|top_kernel_ap_fixed_64_ap_fixed_24_10_0_0_0_64_tmp_3_we0       |  out|    1|   ap_memory|  top_kernel_ap_fixed_64_ap_fixed_24_10_0_0_0_64_tmp_3|         array|
|top_kernel_ap_fixed_64_ap_fixed_24_10_0_0_0_64_tmp_3_d0        |  out|   24|   ap_memory|  top_kernel_ap_fixed_64_ap_fixed_24_10_0_0_0_64_tmp_3|         array|
|top_kernel_ap_fixed_64_ap_fixed_24_10_0_0_0_64_A_2_address0    |  out|   11|   ap_memory|    top_kernel_ap_fixed_64_ap_fixed_24_10_0_0_0_64_A_2|         array|
|top_kernel_ap_fixed_64_ap_fixed_24_10_0_0_0_64_A_2_ce0         |  out|    1|   ap_memory|    top_kernel_ap_fixed_64_ap_fixed_24_10_0_0_0_64_A_2|         array|
|top_kernel_ap_fixed_64_ap_fixed_24_10_0_0_0_64_A_2_q0          |   in|   24|   ap_memory|    top_kernel_ap_fixed_64_ap_fixed_24_10_0_0_0_64_A_2|         array|
|top_kernel_ap_fixed_64_ap_fixed_24_10_0_0_0_64_tmp_4_address0  |  out|   11|   ap_memory|  top_kernel_ap_fixed_64_ap_fixed_24_10_0_0_0_64_tmp_4|         array|
|top_kernel_ap_fixed_64_ap_fixed_24_10_0_0_0_64_tmp_4_ce0       |  out|    1|   ap_memory|  top_kernel_ap_fixed_64_ap_fixed_24_10_0_0_0_64_tmp_4|         array|
|top_kernel_ap_fixed_64_ap_fixed_24_10_0_0_0_64_tmp_4_we0       |  out|    1|   ap_memory|  top_kernel_ap_fixed_64_ap_fixed_24_10_0_0_0_64_tmp_4|         array|
|top_kernel_ap_fixed_64_ap_fixed_24_10_0_0_0_64_tmp_4_d0        |  out|   24|   ap_memory|  top_kernel_ap_fixed_64_ap_fixed_24_10_0_0_0_64_tmp_4|         array|
|top_kernel_ap_fixed_64_ap_fixed_24_10_0_0_0_64_A_3_address0    |  out|   11|   ap_memory|    top_kernel_ap_fixed_64_ap_fixed_24_10_0_0_0_64_A_3|         array|
|top_kernel_ap_fixed_64_ap_fixed_24_10_0_0_0_64_A_3_ce0         |  out|    1|   ap_memory|    top_kernel_ap_fixed_64_ap_fixed_24_10_0_0_0_64_A_3|         array|
|top_kernel_ap_fixed_64_ap_fixed_24_10_0_0_0_64_A_3_q0          |   in|   24|   ap_memory|    top_kernel_ap_fixed_64_ap_fixed_24_10_0_0_0_64_A_3|         array|
|top_kernel_ap_fixed_64_ap_fixed_24_10_0_0_0_64_tmp_5_address0  |  out|   11|   ap_memory|  top_kernel_ap_fixed_64_ap_fixed_24_10_0_0_0_64_tmp_5|         array|
|top_kernel_ap_fixed_64_ap_fixed_24_10_0_0_0_64_tmp_5_ce0       |  out|    1|   ap_memory|  top_kernel_ap_fixed_64_ap_fixed_24_10_0_0_0_64_tmp_5|         array|
|top_kernel_ap_fixed_64_ap_fixed_24_10_0_0_0_64_tmp_5_we0       |  out|    1|   ap_memory|  top_kernel_ap_fixed_64_ap_fixed_24_10_0_0_0_64_tmp_5|         array|
|top_kernel_ap_fixed_64_ap_fixed_24_10_0_0_0_64_tmp_5_d0        |  out|   24|   ap_memory|  top_kernel_ap_fixed_64_ap_fixed_24_10_0_0_0_64_tmp_5|         array|
|top_kernel_ap_fixed_64_ap_fixed_24_10_0_0_0_64_A_4_address0    |  out|   11|   ap_memory|    top_kernel_ap_fixed_64_ap_fixed_24_10_0_0_0_64_A_4|         array|
|top_kernel_ap_fixed_64_ap_fixed_24_10_0_0_0_64_A_4_ce0         |  out|    1|   ap_memory|    top_kernel_ap_fixed_64_ap_fixed_24_10_0_0_0_64_A_4|         array|
|top_kernel_ap_fixed_64_ap_fixed_24_10_0_0_0_64_A_4_q0          |   in|   24|   ap_memory|    top_kernel_ap_fixed_64_ap_fixed_24_10_0_0_0_64_A_4|         array|
|top_kernel_ap_fixed_64_ap_fixed_24_10_0_0_0_64_tmp_6_address0  |  out|   11|   ap_memory|  top_kernel_ap_fixed_64_ap_fixed_24_10_0_0_0_64_tmp_6|         array|
|top_kernel_ap_fixed_64_ap_fixed_24_10_0_0_0_64_tmp_6_ce0       |  out|    1|   ap_memory|  top_kernel_ap_fixed_64_ap_fixed_24_10_0_0_0_64_tmp_6|         array|
|top_kernel_ap_fixed_64_ap_fixed_24_10_0_0_0_64_tmp_6_we0       |  out|    1|   ap_memory|  top_kernel_ap_fixed_64_ap_fixed_24_10_0_0_0_64_tmp_6|         array|
|top_kernel_ap_fixed_64_ap_fixed_24_10_0_0_0_64_tmp_6_d0        |  out|   24|   ap_memory|  top_kernel_ap_fixed_64_ap_fixed_24_10_0_0_0_64_tmp_6|         array|
|top_kernel_ap_fixed_64_ap_fixed_24_10_0_0_0_64_A_5_address0    |  out|   11|   ap_memory|    top_kernel_ap_fixed_64_ap_fixed_24_10_0_0_0_64_A_5|         array|
|top_kernel_ap_fixed_64_ap_fixed_24_10_0_0_0_64_A_5_ce0         |  out|    1|   ap_memory|    top_kernel_ap_fixed_64_ap_fixed_24_10_0_0_0_64_A_5|         array|
|top_kernel_ap_fixed_64_ap_fixed_24_10_0_0_0_64_A_5_q0          |   in|   24|   ap_memory|    top_kernel_ap_fixed_64_ap_fixed_24_10_0_0_0_64_A_5|         array|
|top_kernel_ap_fixed_64_ap_fixed_24_10_0_0_0_64_tmp_address0    |  out|   11|   ap_memory|    top_kernel_ap_fixed_64_ap_fixed_24_10_0_0_0_64_tmp|         array|
|top_kernel_ap_fixed_64_ap_fixed_24_10_0_0_0_64_tmp_ce0         |  out|    1|   ap_memory|    top_kernel_ap_fixed_64_ap_fixed_24_10_0_0_0_64_tmp|         array|
|top_kernel_ap_fixed_64_ap_fixed_24_10_0_0_0_64_tmp_we0         |  out|    1|   ap_memory|    top_kernel_ap_fixed_64_ap_fixed_24_10_0_0_0_64_tmp|         array|
|top_kernel_ap_fixed_64_ap_fixed_24_10_0_0_0_64_tmp_d0          |  out|   24|   ap_memory|    top_kernel_ap_fixed_64_ap_fixed_24_10_0_0_0_64_tmp|         array|
|top_kernel_ap_fixed_64_ap_fixed_24_10_0_0_0_64_A_6_address0    |  out|   11|   ap_memory|    top_kernel_ap_fixed_64_ap_fixed_24_10_0_0_0_64_A_6|         array|
|top_kernel_ap_fixed_64_ap_fixed_24_10_0_0_0_64_A_6_ce0         |  out|    1|   ap_memory|    top_kernel_ap_fixed_64_ap_fixed_24_10_0_0_0_64_A_6|         array|
|top_kernel_ap_fixed_64_ap_fixed_24_10_0_0_0_64_A_6_q0          |   in|   24|   ap_memory|    top_kernel_ap_fixed_64_ap_fixed_24_10_0_0_0_64_A_6|         array|
|top_kernel_ap_fixed_64_ap_fixed_24_10_0_0_0_64_tmp_1_address0  |  out|   11|   ap_memory|  top_kernel_ap_fixed_64_ap_fixed_24_10_0_0_0_64_tmp_1|         array|
|top_kernel_ap_fixed_64_ap_fixed_24_10_0_0_0_64_tmp_1_ce0       |  out|    1|   ap_memory|  top_kernel_ap_fixed_64_ap_fixed_24_10_0_0_0_64_tmp_1|         array|
|top_kernel_ap_fixed_64_ap_fixed_24_10_0_0_0_64_tmp_1_we0       |  out|    1|   ap_memory|  top_kernel_ap_fixed_64_ap_fixed_24_10_0_0_0_64_tmp_1|         array|
|top_kernel_ap_fixed_64_ap_fixed_24_10_0_0_0_64_tmp_1_d0        |  out|   24|   ap_memory|  top_kernel_ap_fixed_64_ap_fixed_24_10_0_0_0_64_tmp_1|         array|
|denom_row_address0                                             |  out|    8|   ap_memory|                                             denom_row|         array|
|denom_row_ce0                                                  |  out|    1|   ap_memory|                                             denom_row|         array|
|denom_row_q0                                                   |   in|   24|   ap_memory|                                             denom_row|         array|
|top_kernel_ap_fixed_64_ap_fixed_24_10_0_0_0_64_A_7_address0    |  out|   11|   ap_memory|    top_kernel_ap_fixed_64_ap_fixed_24_10_0_0_0_64_A_7|         array|
|top_kernel_ap_fixed_64_ap_fixed_24_10_0_0_0_64_A_7_ce0         |  out|    1|   ap_memory|    top_kernel_ap_fixed_64_ap_fixed_24_10_0_0_0_64_A_7|         array|
|top_kernel_ap_fixed_64_ap_fixed_24_10_0_0_0_64_A_7_q0          |   in|   24|   ap_memory|    top_kernel_ap_fixed_64_ap_fixed_24_10_0_0_0_64_A_7|         array|
|top_kernel_ap_fixed_64_ap_fixed_24_10_0_0_0_64_tmp_7_address0  |  out|   11|   ap_memory|  top_kernel_ap_fixed_64_ap_fixed_24_10_0_0_0_64_tmp_7|         array|
|top_kernel_ap_fixed_64_ap_fixed_24_10_0_0_0_64_tmp_7_ce0       |  out|    1|   ap_memory|  top_kernel_ap_fixed_64_ap_fixed_24_10_0_0_0_64_tmp_7|         array|
|top_kernel_ap_fixed_64_ap_fixed_24_10_0_0_0_64_tmp_7_we0       |  out|    1|   ap_memory|  top_kernel_ap_fixed_64_ap_fixed_24_10_0_0_0_64_tmp_7|         array|
|top_kernel_ap_fixed_64_ap_fixed_24_10_0_0_0_64_tmp_7_d0        |  out|   24|   ap_memory|  top_kernel_ap_fixed_64_ap_fixed_24_10_0_0_0_64_tmp_7|         array|
+---------------------------------------------------------------+-----+-----+------------+------------------------------------------------------+--------------+

