

================================================================
== Vitis HLS Report for 'top_kernel'
================================================================
* Date:           Mon Jan 26 20:43:55 2026

* Version:        2025.1.1 (Build 6214317 on Sep 11 2025)
* Project:        project_1
* Solution:       hls (Vivado IP Flow Target)
* Product family: zynquplus
* Target device:  xczu3eg-sbva484-1-e


================================================================
== Performance Estimates
================================================================
+ Timing: 
    * Summary: 
    +--------+----------+----------+------------+
    |  Clock |  Target  | Estimated| Uncertainty|
    +--------+----------+----------+------------+
    |ap_clk  |  10.00 ns|  7.287 ns|     2.70 ns|
    +--------+----------+----------+------------+

+ Latency: 
    * Summary: 
    +---------+---------+----------+----------+-------+-------+---------+
    |  Latency (cycles) |  Latency (absolute) |    Interval   | Pipeline|
    |   min   |   max   |    min   |    max   |  min  |  max  |   Type  |
    +---------+---------+----------+----------+-------+-------+---------+
    |    41678|    41678|  0.417 ms|  0.417 ms|  41679|  41679|       no|
    +---------+---------+----------+----------+-------+-------+---------+

    + Detail: 
        * Instance: 
        +------------------------------------------------+-------------------------------------+---------+---------+-----------+-----------+------+------+------------------------------------------------+
        |                                                |                                     |  Latency (cycles) |   Latency (absolute)  |   Interval  |                    Pipeline                    |
        |                    Instance                    |                Module               |   min   |   max   |    min    |    max    |  min |  max |                      Type                      |
        +------------------------------------------------+-------------------------------------+---------+---------+-----------+-----------+------+------+------------------------------------------------+
        |grp_top_kernel_Pipeline_VITIS_LOOP_11_1_fu_92   |top_kernel_Pipeline_VITIS_LOOP_11_1  |     8268|     8268|  82.680 us|  82.680 us|  8224|  8224|  loop auto-rewind stp (delay=0 clock cycles(s))|
        |grp_top_kernel_Pipeline_VITIS_LOOP_33_5_fu_100  |top_kernel_Pipeline_VITIS_LOOP_33_5  |      258|      258|   2.580 us|   2.580 us|   257|   257|  loop auto-rewind stp (delay=0 clock cycles(s))|
        |grp_top_kernel_Pipeline_VITIS_LOOP_41_6_fu_108  |top_kernel_Pipeline_VITIS_LOOP_41_6  |      259|      259|   2.590 us|   2.590 us|   257|   257|  loop auto-rewind stp (delay=0 clock cycles(s))|
        +------------------------------------------------+-------------------------------------+---------+---------+-----------+-----------+------+------+------------------------------------------------+

        * Loop: 
        +-------------------+---------+---------+----------+-----------+-----------+------+----------+
        |                   |  Latency (cycles) | Iteration|  Initiation Interval  | Trip |          |
        |     Loop Name     |   min   |   max   |  Latency |  achieved |   target  | Count| Pipelined|
        +-------------------+---------+---------+----------+-----------+-----------+------+----------+
        |- VITIS_LOOP_29_4  |    33408|    33408|       522|          -|          -|    64|        no|
        +-------------------+---------+---------+----------+-----------+-----------+------+----------+



================================================================
== Utilization Estimates
================================================================
* Summary: 
+-----------------+---------+-----+--------+--------+-----+
|       Name      | BRAM_18K| DSP |   FF   |   LUT  | URAM|
+-----------------+---------+-----+--------+--------+-----+
|DSP              |        -|    -|       -|       -|    -|
|Expression       |        -|    -|       0|     239|    -|
|FIFO             |        -|    -|       -|       -|    -|
|Instance         |        -|    7|  230225|  188728|    -|
|Memory           |       22|    -|       0|       0|    0|
|Multiplexer      |        -|    -|       0|     119|    -|
|Register         |        -|    -|      66|       -|    -|
+-----------------+---------+-----+--------+--------+-----+
|Total            |       22|    7|  230291|  189086|    0|
+-----------------+---------+-----+--------+--------+-----+
|Available        |      432|  360|  141120|   70560|    0|
+-----------------+---------+-----+--------+--------+-----+
|Utilization (%)  |        5|    1|     163|     267|    0|
+-----------------+---------+-----+--------+--------+-----+

+ Detail: 
    * Instance: 
    +------------------------------------------------+-------------------------------------+---------+----+--------+--------+-----+
    |                    Instance                    |                Module               | BRAM_18K| DSP|   FF   |   LUT  | URAM|
    +------------------------------------------------+-------------------------------------+---------+----+--------+--------+-----+
    |mul_40s_42ns_81_1_1_U77                         |mul_40s_42ns_81_1_1                  |        0|   5|       0|      22|    0|
    |grp_top_kernel_Pipeline_VITIS_LOOP_11_1_fu_92   |top_kernel_Pipeline_VITIS_LOOP_11_1  |        0|   0|  230075|  188244|    0|
    |grp_top_kernel_Pipeline_VITIS_LOOP_33_5_fu_100  |top_kernel_Pipeline_VITIS_LOOP_33_5  |        0|   0|      36|     197|    0|
    |grp_top_kernel_Pipeline_VITIS_LOOP_41_6_fu_108  |top_kernel_Pipeline_VITIS_LOOP_41_6  |        0|   2|     114|     265|    0|
    +------------------------------------------------+-------------------------------------+---------+----+--------+--------+-----+
    |Total                                           |                                     |        0|   7|  230225|  188728|    0|
    +------------------------------------------------+-------------------------------------+---------+----+--------+--------+-----+

    * DSP: 
    N/A

    * Memory: 
    +-------+-------------------+---------+---+----+-----+-------+-----+------+-------------+
    | Memory|       Module      | BRAM_18K| FF| LUT| URAM| Words | Bits| Banks| W*Bits*Banks|
    +-------+-------------------+---------+---+----+-----+-------+-----+------+-------------+
    |tmp_U  |tmp_RAM_AUTO_1R1W  |       22|  0|   0|    0|  16384|   24|     1|       393216|
    +-------+-------------------+---------+---+----+-----+-------+-----+------+-------------+
    |Total  |                   |       22|  0|   0|    0|  16384|   24|     1|       393216|
    +-------+-------------------+---------+---+----+-----+-------+-----+------+-------------+

    * FIFO: 
    N/A

    * Expression: 
    +-------------------------+----------+----+---+----+------------+------------+
    |      Variable Name      | Operation| DSP| FF| LUT| Bitwidth P0| Bitwidth P1|
    +-------------------------+----------+----+---+----+------------+------------+
    |add_ln29_fu_137_p2       |         +|   0|  0|  14|           7|           1|
    |sub_ln38_1_fu_225_p2     |         -|   0|  0|  25|           1|          18|
    |sub_ln38_fu_169_p2       |         -|   0|  0|  88|           1|          81|
    |and_ln38_1_fu_297_p2     |       and|   0|  0|   2|           1|           1|
    |and_ln38_2_fu_286_p2     |       and|   0|  0|   2|           1|           1|
    |and_ln38_fu_280_p2       |       and|   0|  0|   2|           1|           1|
    |icmp_ln29_fu_131_p2      |      icmp|   0|  0|  15|           7|           8|
    |or_ln38_1_fu_311_p2      |        or|   0|  0|   2|           1|           1|
    |or_ln38_fu_269_p2        |        or|   0|  0|   2|           1|           1|
    |scale_1_fu_317_p3        |    select|   0|  0|  24|           1|          24|
    |scale_fu_231_p3          |    select|   0|  0|  18|           1|          18|
    |select_ln38_1_fu_213_p3  |    select|   0|  0|  17|           1|          17|
    |select_ln38_fu_303_p3    |    select|   0|  0|  24|           1|          23|
    |xor_ln38_1_fu_291_p2     |       xor|   0|  0|   2|           2|           1|
    |xor_ln38_fu_274_p2       |       xor|   0|  0|   2|           1|           2|
    +-------------------------+----------+----+---+----+------------+------------+
    |Total                    |          |   0|  0| 239|          28|         198|
    +-------------------------+----------+----+---+----+------------+------------+

    * Multiplexer: 
    +--------------+----+-----------+-----+-----------+
    |     Name     | LUT| Input Size| Bits| Total Bits|
    +--------------+----+-----------+-----+-----------+
    |ap_NS_fsm     |  43|          8|    1|          8|
    |j_fu_84       |   9|          2|    7|         14|
    |tmp_address0  |  20|          4|   14|         56|
    |tmp_ce0       |  20|          4|    1|          4|
    |tmp_ce1       |   9|          2|    1|          2|
    |tmp_we0       |   9|          2|    1|          2|
    |tmp_we1       |   9|          2|    1|          2|
    +--------------+----+-----------+-----+-----------+
    |Total         | 119|         24|   26|         88|
    +--------------+----+-----------+-----+-----------+

    * Register: 
    +-------------------------------------------------------------+----+----+-----+-----------+
    |                             Name                            | FF | LUT| Bits| Const Bits|
    +-------------------------------------------------------------+----+----+-----+-----------+
    |ap_CS_fsm                                                    |   7|   0|    7|          0|
    |grp_top_kernel_Pipeline_VITIS_LOOP_11_1_fu_92_ap_start_reg   |   1|   0|    1|          0|
    |grp_top_kernel_Pipeline_VITIS_LOOP_33_5_fu_100_ap_start_reg  |   1|   0|    1|          0|
    |grp_top_kernel_Pipeline_VITIS_LOOP_41_6_fu_108_ap_start_reg  |   1|   0|    1|          0|
    |j_fu_84                                                      |   7|   0|    7|          0|
    |scale_1_reg_360                                              |  24|   0|   24|          0|
    |scale_reg_348                                                |  18|   0|   18|          0|
    |tmp_390_reg_354                                              |   1|   0|    1|          0|
    |trunc_ln29_reg_342                                           |   6|   0|    6|          0|
    +-------------------------------------------------------------+----+----+-----+-----------+
    |Total                                                        |  66|   0|   66|          0|
    +-------------------------------------------------------------+----+----+-----+-----------+



================================================================
== Interface
================================================================
* Summary: 
+------------+-----+-----+------------+--------------+--------------+
|  RTL Ports | Dir | Bits|  Protocol  | Source Object|    C Type    |
+------------+-----+-----+------------+--------------+--------------+
|ap_clk      |   in|    1|  ap_ctrl_hs|    top_kernel|  return value|
|ap_rst      |   in|    1|  ap_ctrl_hs|    top_kernel|  return value|
|ap_start    |   in|    1|  ap_ctrl_hs|    top_kernel|  return value|
|ap_done     |  out|    1|  ap_ctrl_hs|    top_kernel|  return value|
|ap_idle     |  out|    1|  ap_ctrl_hs|    top_kernel|  return value|
|ap_ready    |  out|    1|  ap_ctrl_hs|    top_kernel|  return value|
|A_address0  |  out|   14|   ap_memory|             A|         array|
|A_ce0       |  out|    1|   ap_memory|             A|         array|
|A_q0        |   in|   24|   ap_memory|             A|         array|
|A_address1  |  out|   14|   ap_memory|             A|         array|
|A_ce1       |  out|    1|   ap_memory|             A|         array|
|A_q1        |   in|   24|   ap_memory|             A|         array|
|C_address0  |  out|   14|   ap_memory|             C|         array|
|C_ce0       |  out|    1|   ap_memory|             C|         array|
|C_we0       |  out|    1|   ap_memory|             C|         array|
|C_d0        |  out|   24|   ap_memory|             C|         array|
+------------+-----+-----+------------+--------------+--------------+

