  **** HLS Build v2025.1.1 6214317
Sourcing Tcl script '/nethome/wsun377/ece8893/FPGA_ECE8893/2026_Spring/lab1/script.tcl'
INFO: [HLS 200-1510] Running: open_component project_1 
INFO: [HLS 200-10] Creating and opening component '/nethome/wsun377/ece8893/FPGA_ECE8893/2026_Spring/lab1/project_1'.
INFO: [HLS 200-1505] Using default flow_target 'vivado'
Resolution: For help on HLS 200-1505 see docs.xilinx.com/access/sources/dita/topic?Doc_Version=2025.1%20English&url=ug1448-hls-guidance&resourceid=200-1505.html
INFO: [HLS 200-2176] Writing Vitis IDE component file /nethome/wsun377/ece8893/FPGA_ECE8893/2026_Spring/lab1/project_1/vitis-comp.json
INFO: [HLS 200-1915] Writing HLS config ini file /nethome/wsun377/ece8893/FPGA_ECE8893/2026_Spring/lab1/project_1/hls_config.cfg
INFO: [HLS 200-1510] Running: set_top top_kernel 
INFO: [HLS 200-1510] Running: add_files top.cpp 
INFO: [HLS 200-10] Adding design file 'top.cpp' to the project
INFO: [HLS 200-1510] Running: add_files -tb host.cpp 
INFO: [HLS 200-10] Adding test bench file 'host.cpp' to the project
INFO: [HLS 200-1510] Running: set_part xczu3eg-sbva484-1-e 
INFO: [HLS 200-1611] Setting target device to 'xczu3eg-sbva484-1-e'
INFO: [HLS 200-1510] Running: csynth_design 
INFO: [HLS 200-1915] Writing HLS config ini file /nethome/wsun377/ece8893/FPGA_ECE8893/2026_Spring/lab1/project_1/hls_config.cfg
INFO: [HLS 200-111] Finished File checks and directory preparation: CPU user time: 0.38 seconds. CPU system time: 0.14 seconds. Elapsed time: 8.09 seconds; current allocated memory: 0.000 MB.
INFO: [HLS 200-10] Analyzing design file 'top.cpp' ... 
INFO: [HLS 200-111] Finished Source Code Analysis and Preprocessing: CPU user time: 4.96 seconds. CPU system time: 1.12 seconds. Elapsed time: 6.19 seconds; current allocated memory: 0.000 MB.
INFO: [HLS 200-777] Using interface defaults for 'Vivado' flow target.
INFO: [HLS 200-1995] There were 4,844 instructions in the design after the 'Compile/Link' phase of compilation. See the Design Size Report for more details (/nethome/wsun377/ece8893/FPGA_ECE8893/2026_Spring/lab1/project_1/hls/syn/report/csynth_design_size.rpt:2)
INFO: [HLS 200-1995] There were 615 instructions in the design after the 'Unroll/Inline (step 1)' phase of compilation. See the Design Size Report for more details (/nethome/wsun377/ece8893/FPGA_ECE8893/2026_Spring/lab1/project_1/hls/syn/report/csynth_design_size.rpt:2)
INFO: [HLS 200-1995] There were 226 instructions in the design after the 'Unroll/Inline (step 2)' phase of compilation. See the Design Size Report for more details (/nethome/wsun377/ece8893/FPGA_ECE8893/2026_Spring/lab1/project_1/hls/syn/report/csynth_design_size.rpt:2)
INFO: [HLS 200-1995] There were 208 instructions in the design after the 'Unroll/Inline (step 3)' phase of compilation. See the Design Size Report for more details (/nethome/wsun377/ece8893/FPGA_ECE8893/2026_Spring/lab1/project_1/hls/syn/report/csynth_design_size.rpt:2)
INFO: [HLS 200-1995] There were 191 instructions in the design after the 'Unroll/Inline (step 4)' phase of compilation. See the Design Size Report for more details (/nethome/wsun377/ece8893/FPGA_ECE8893/2026_Spring/lab1/project_1/hls/syn/report/csynth_design_size.rpt:2)
INFO: [HLS 200-1995] There were 191 instructions in the design after the 'Array/Struct (step 1)' phase of compilation. See the Design Size Report for more details (/nethome/wsun377/ece8893/FPGA_ECE8893/2026_Spring/lab1/project_1/hls/syn/report/csynth_design_size.rpt:2)
INFO: [HLS 200-1995] There were 191 instructions in the design after the 'Array/Struct (step 2)' phase of compilation. See the Design Size Report for more details (/nethome/wsun377/ece8893/FPGA_ECE8893/2026_Spring/lab1/project_1/hls/syn/report/csynth_design_size.rpt:2)
INFO: [HLS 200-1995] There were 194 instructions in the design after the 'Array/Struct (step 3)' phase of compilation. See the Design Size Report for more details (/nethome/wsun377/ece8893/FPGA_ECE8893/2026_Spring/lab1/project_1/hls/syn/report/csynth_design_size.rpt:2)
INFO: [HLS 200-1995] There were 197 instructions in the design after the 'Array/Struct (step 4)' phase of compilation. See the Design Size Report for more details (/nethome/wsun377/ece8893/FPGA_ECE8893/2026_Spring/lab1/project_1/hls/syn/report/csynth_design_size.rpt:2)
INFO: [HLS 200-1995] There were 199 instructions in the design after the 'Array/Struct (step 5)' phase of compilation. See the Design Size Report for more details (/nethome/wsun377/ece8893/FPGA_ECE8893/2026_Spring/lab1/project_1/hls/syn/report/csynth_design_size.rpt:2)
INFO: [HLS 200-1995] There were 193 instructions in the design after the 'Performance (step 1)' phase of compilation. See the Design Size Report for more details (/nethome/wsun377/ece8893/FPGA_ECE8893/2026_Spring/lab1/project_1/hls/syn/report/csynth_design_size.rpt:2)
INFO: [HLS 200-1995] There were 3,197 instructions in the design after the 'Performance (step 2)' phase of compilation. See the Design Size Report for more details (/nethome/wsun377/ece8893/FPGA_ECE8893/2026_Spring/lab1/project_1/hls/syn/report/csynth_design_size.rpt:2)
INFO: [HLS 200-1995] There were 3,133 instructions in the design after the 'Performance (step 3)' phase of compilation. See the Design Size Report for more details (/nethome/wsun377/ece8893/FPGA_ECE8893/2026_Spring/lab1/project_1/hls/syn/report/csynth_design_size.rpt:2)
INFO: [HLS 200-1995] There were 3,133 instructions in the design after the 'Performance (step 4)' phase of compilation. See the Design Size Report for more details (/nethome/wsun377/ece8893/FPGA_ECE8893/2026_Spring/lab1/project_1/hls/syn/report/csynth_design_size.rpt:2)
INFO: [HLS 200-1995] There were 3,137 instructions in the design after the 'HW Transforms (step 1)' phase of compilation. See the Design Size Report for more details (/nethome/wsun377/ece8893/FPGA_ECE8893/2026_Spring/lab1/project_1/hls/syn/report/csynth_design_size.rpt:2)
INFO: [HLS 200-1995] There were 3,153 instructions in the design after the 'HW Transforms (step 2)' phase of compilation. See the Design Size Report for more details (/nethome/wsun377/ece8893/FPGA_ECE8893/2026_Spring/lab1/project_1/hls/syn/report/csynth_design_size.rpt:2)
INFO: [HLS 214-241] Aggregating bram variable 'C' with compact=bit mode in 24-bits
INFO: [HLS 214-241] Aggregating bram variable 'A' with compact=bit mode in 24-bits
INFO: [HLS 214-376] automatically set the pipeline for Loop< VITIS_LOOP_11_1> at top.cpp:11:22 
INFO: [HLS 214-376] automatically set the pipeline for Loop< VITIS_LOOP_41_6> at top.cpp:41:26 
INFO: [HLS 214-376] automatically set the pipeline for Loop< VITIS_LOOP_33_5> at top.cpp:33:26 
INFO: [HLS 214-291] Loop 'VITIS_LOOP_15_2' is marked as complete unroll implied by the pipeline pragma (top.cpp:15:26)
INFO: [HLS 214-291] Loop 'VITIS_LOOP_23_3' is marked as complete unroll implied by the pipeline pragma (top.cpp:23:26)
INFO: [HLS 214-186] Unrolling loop 'VITIS_LOOP_15_2' (top.cpp:15:26) in function 'top_kernel' completely with a factor of 64 (top.cpp:6:0)
INFO: [HLS 214-186] Unrolling loop 'VITIS_LOOP_23_3' (top.cpp:23:26) in function 'top_kernel' completely with a factor of 64 (top.cpp:6:0)
INFO: [HLS 200-111] Finished Compiling Optimization and Transform: CPU user time: 4.89 seconds. CPU system time: 1.08 seconds. Elapsed time: 9.53 seconds; current allocated memory: 0.000 MB.
INFO: [HLS 200-111] Finished Checking Pragmas: CPU user time: 0 seconds. CPU system time: 0 seconds. Elapsed time: 0 seconds; current allocated memory: 0.000 MB.
INFO: [HLS 200-10] Starting code transformations ...
INFO: [HLS 200-111] Finished Standard Transforms: CPU user time: 0.14 seconds. CPU system time: 0.01 seconds. Elapsed time: 0.16 seconds; current allocated memory: 0.000 MB.
INFO: [HLS 200-10] Checking synthesizability ...
INFO: [HLS 200-111] Finished Checking Synthesizability: CPU user time: 0.12 seconds. CPU system time: 0 seconds. Elapsed time: 0.12 seconds; current allocated memory: 0.000 MB.
INFO: [HLS 200-111] Finished Loop, function and other optimizations: CPU user time: 0.79 seconds. CPU system time: 0.03 seconds. Elapsed time: 0.83 seconds; current allocated memory: 0.000 MB.
INFO: [HLS 200-111] Finished Architecture Synthesis: CPU user time: 1.03 seconds. CPU system time: 0.02 seconds. Elapsed time: 1.06 seconds; current allocated memory: 0.000 MB.
INFO: [HLS 200-10] Starting hardware synthesis ...
INFO: [HLS 200-10] Synthesizing 'top_kernel' ...
INFO: [SYN 201-201] Setting up clock 'default' with a period of 10ns.
INFO: [HLS 200-10] ----------------------------------------------------------------
INFO: [HLS 200-42] -- Implementing module 'top_kernel_Pipeline_VITIS_LOOP_11_1' 
INFO: [HLS 200-10] ----------------------------------------------------------------
INFO: [SCHED 204-11] Starting scheduling ...
INFO: [SCHED 204-61] Pipelining loop 'VITIS_LOOP_11_1'.
WARNING: [HLS 200-885] The II Violation in module 'top_kernel_Pipeline_VITIS_LOOP_11_1' (loop 'VITIS_LOOP_11_1'): Unable to schedule 'load' operation 24 bit ('A_load_1', top.cpp:16) on array 'A' due to limited memory ports (II = 1). Please consider using a memory core with more ports or partitioning the array 'A'.
Resolution: For help on HLS 200-885 see docs.xilinx.com/access/sources/dita/topic?Doc_Version=2025.1%20English&url=ug1448-hls-guidance&resourceid=200-885.html
WARNING: [HLS 200-885] The II Violation in module 'top_kernel_Pipeline_VITIS_LOOP_11_1' (loop 'VITIS_LOOP_11_1'): Unable to schedule 'load' operation 24 bit ('A_load_3', top.cpp:16) on array 'A' due to limited memory ports (II = 2). Please consider using a memory core with more ports or partitioning the array 'A'.
Resolution: For help on HLS 200-885 see docs.xilinx.com/access/sources/dita/topic?Doc_Version=2025.1%20English&url=ug1448-hls-guidance&resourceid=200-885.html
WARNING: [HLS 200-885] The II Violation in module 'top_kernel_Pipeline_VITIS_LOOP_11_1' (loop 'VITIS_LOOP_11_1'): Unable to schedule 'load' operation 24 bit ('A_load_5', top.cpp:16) on array 'A' due to limited memory ports (II = 3). Please consider using a memory core with more ports or partitioning the array 'A'.
Resolution: For help on HLS 200-885 see docs.xilinx.com/access/sources/dita/topic?Doc_Version=2025.1%20English&url=ug1448-hls-guidance&resourceid=200-885.html
WARNING: [HLS 200-885] The II Violation in module 'top_kernel_Pipeline_VITIS_LOOP_11_1' (loop 'VITIS_LOOP_11_1'): Unable to schedule 'load' operation 24 bit ('A_load_7', top.cpp:16) on array 'A' due to limited memory ports (II = 4). Please consider using a memory core with more ports or partitioning the array 'A'.
Resolution: For help on HLS 200-885 see docs.xilinx.com/access/sources/dita/topic?Doc_Version=2025.1%20English&url=ug1448-hls-guidance&resourceid=200-885.html
WARNING: [HLS 200-885] The II Violation in module 'top_kernel_Pipeline_VITIS_LOOP_11_1' (loop 'VITIS_LOOP_11_1'): Unable to schedule 'load' operation 24 bit ('A_load_37', top.cpp:16) on array 'A' due to limited memory ports (II = 19). Please consider using a memory core with more ports or partitioning the array 'A'.
Resolution: For help on HLS 200-885 see docs.xilinx.com/access/sources/dita/topic?Doc_Version=2025.1%20English&url=ug1448-hls-guidance&resourceid=200-885.html
WARNING: [HLS 200-885] The II Violation in module 'top_kernel_Pipeline_VITIS_LOOP_11_1' (loop 'VITIS_LOOP_11_1'): Unable to schedule 'load' operation 24 bit ('A_load_53', top.cpp:16) on array 'A' due to limited memory ports (II = 27). Please consider using a memory core with more ports or partitioning the array 'A'.
Resolution: For help on HLS 200-885 see docs.xilinx.com/access/sources/dita/topic?Doc_Version=2025.1%20English&url=ug1448-hls-guidance&resourceid=200-885.html
WARNING: [HLS 200-885] The II Violation in module 'top_kernel_Pipeline_VITIS_LOOP_11_1' (loop 'VITIS_LOOP_11_1'): Unable to schedule 'load' operation 24 bit ('A_load_61', top.cpp:16) on array 'A' due to limited memory ports (II = 31). Please consider using a memory core with more ports or partitioning the array 'A'.
Resolution: For help on HLS 200-885 see docs.xilinx.com/access/sources/dita/topic?Doc_Version=2025.1%20English&url=ug1448-hls-guidance&resourceid=200-885.html
INFO: [HLS 200-1470] Pipelining result : Target II = NA, Final II = 32, Depth = 107, loop 'VITIS_LOOP_11_1'
INFO: [SCHED 204-11] Finished scheduling.
INFO: [HLS 200-111] Finished Scheduling: CPU user time: 5.28 seconds. CPU system time: 0.09 seconds. Elapsed time: 5.42 seconds; current allocated memory: 0.000 MB.
INFO: [BIND 205-100] Starting micro-architecture generation ...
INFO: [BIND 205-101] Performing variable lifetime analysis.
INFO: [BIND 205-101] Exploring resource sharing.
INFO: [BIND 205-101] Binding ...
INFO: [BIND 205-100] Finished micro-architecture generation.
INFO: [HLS 200-111] Finished Binding: CPU user time: 0.91 seconds. CPU system time: 0.06 seconds. Elapsed time: 0.99 seconds; current allocated memory: 0.000 MB.
INFO: [HLS 200-10] ----------------------------------------------------------------
INFO: [HLS 200-42] -- Implementing module 'top_kernel_Pipeline_VITIS_LOOP_33_5' 
INFO: [HLS 200-10] ----------------------------------------------------------------
INFO: [SCHED 204-11] Starting scheduling ...
INFO: [SCHED 204-61] Pipelining loop 'VITIS_LOOP_33_5'.
INFO: [HLS 200-1470] Pipelining result : Target II = NA, Final II = 1, Depth = 2, loop 'VITIS_LOOP_33_5'
INFO: [SCHED 204-11] Finished scheduling.
INFO: [HLS 200-111] Finished Scheduling: CPU user time: 0.65 seconds. CPU system time: 0.03 seconds. Elapsed time: 0.71 seconds; current allocated memory: 0.000 MB.
INFO: [BIND 205-100] Starting micro-architecture generation ...
INFO: [BIND 205-101] Performing variable lifetime analysis.
INFO: [BIND 205-101] Exploring resource sharing.
INFO: [BIND 205-101] Binding ...
INFO: [BIND 205-100] Finished micro-architecture generation.
INFO: [HLS 200-111] Finished Binding: CPU user time: 0.03 seconds. CPU system time: 0 seconds. Elapsed time: 0.04 seconds; current allocated memory: 0.000 MB.
INFO: [HLS 200-10] ----------------------------------------------------------------
INFO: [HLS 200-42] -- Implementing module 'top_kernel_Pipeline_VITIS_LOOP_41_6' 
INFO: [HLS 200-10] ----------------------------------------------------------------
INFO: [SCHED 204-11] Starting scheduling ...
INFO: [SCHED 204-61] Pipelining loop 'VITIS_LOOP_41_6'.
INFO: [HLS 200-1470] Pipelining result : Target II = NA, Final II = 1, Depth = 3, loop 'VITIS_LOOP_41_6'
INFO: [SCHED 204-11] Finished scheduling.
INFO: [HLS 200-111] Finished Scheduling: CPU user time: 0.07 seconds. CPU system time: 0 seconds. Elapsed time: 0.16 seconds; current allocated memory: 0.000 MB.
INFO: [BIND 205-100] Starting micro-architecture generation ...
INFO: [BIND 205-101] Performing variable lifetime analysis.
INFO: [BIND 205-101] Exploring resource sharing.
INFO: [BIND 205-101] Binding ...
INFO: [BIND 205-100] Finished micro-architecture generation.
INFO: [HLS 200-111] Finished Binding: CPU user time: 0.03 seconds. CPU system time: 0 seconds. Elapsed time: 0.03 seconds; current allocated memory: 0.000 MB.
INFO: [HLS 200-10] ----------------------------------------------------------------
INFO: [HLS 200-42] -- Implementing module 'top_kernel' 
INFO: [HLS 200-10] ----------------------------------------------------------------
INFO: [SCHED 204-11] Starting scheduling ...
INFO: [SCHED 204-11] Finished scheduling.
INFO: [HLS 200-111] Finished Scheduling: CPU user time: 0.05 seconds. CPU system time: 0 seconds. Elapsed time: 0.06 seconds; current allocated memory: 0.000 MB.
INFO: [BIND 205-100] Starting micro-architecture generation ...
INFO: [BIND 205-101] Performing variable lifetime analysis.
INFO: [BIND 205-101] Exploring resource sharing.
INFO: [BIND 205-101] Binding ...
INFO: [BIND 205-100] Finished micro-architecture generation.
INFO: [HLS 200-111] Finished Binding: CPU user time: 0.03 seconds. CPU system time: 0.01 seconds. Elapsed time: 0.04 seconds; current allocated memory: 0.000 MB.
INFO: [HLS 200-10] ----------------------------------------------------------------
INFO: [HLS 200-10] -- Generating RTL for module 'top_kernel_Pipeline_VITIS_LOOP_11_1' 
INFO: [HLS 200-10] ----------------------------------------------------------------
INFO: [HLS 200-1030] Apply Unified Pipeline Control on module 'top_kernel_Pipeline_VITIS_LOOP_11_1' pipeline 'VITIS_LOOP_11_1' pipeline type 'loop pipeline'
INFO: [RTGEN 206-100] Generating core module 'sdiv_40ns_24s_40_44_1': 64 instance(s).
INFO: [RTGEN 206-100] Finished creating RTL model for 'top_kernel_Pipeline_VITIS_LOOP_11_1'.
INFO: [HLS 200-111] Finished Creating RTL model: CPU user time: 0.74 seconds. CPU system time: 0.01 seconds. Elapsed time: 0.79 seconds; current allocated memory: 0.000 MB.
INFO: [HLS 200-10] ----------------------------------------------------------------
INFO: [HLS 200-10] -- Generating RTL for module 'top_kernel_Pipeline_VITIS_LOOP_33_5' 
INFO: [HLS 200-10] ----------------------------------------------------------------
INFO: [HLS 200-1030] Apply Unified Pipeline Control on module 'top_kernel_Pipeline_VITIS_LOOP_33_5' pipeline 'VITIS_LOOP_33_5' pipeline type 'loop pipeline'
INFO: [RTGEN 206-100] Finished creating RTL model for 'top_kernel_Pipeline_VITIS_LOOP_33_5'.
INFO: [HLS 200-111] Finished Creating RTL model: CPU user time: 1.71 seconds. CPU system time: 0.2 seconds. Elapsed time: 2.04 seconds; current allocated memory: 0.000 MB.
INFO: [HLS 200-10] ----------------------------------------------------------------
INFO: [HLS 200-10] -- Generating RTL for module 'top_kernel_Pipeline_VITIS_LOOP_41_6' 
INFO: [HLS 200-10] ----------------------------------------------------------------
INFO: [HLS 200-1030] Apply Unified Pipeline Control on module 'top_kernel_Pipeline_VITIS_LOOP_41_6' pipeline 'VITIS_LOOP_41_6' pipeline type 'loop pipeline'
INFO: [RTGEN 206-100] Generating core module 'mul_24s_24s_48_1_1': 1 instance(s).
INFO: [RTGEN 206-100] Finished creating RTL model for 'top_kernel_Pipeline_VITIS_LOOP_41_6'.
INFO: [HLS 200-111] Finished Creating RTL model: CPU user time: 0.11 seconds. CPU system time: 0.03 seconds. Elapsed time: 1.3 seconds; current allocated memory: 0.000 MB.
INFO: [HLS 200-10] ----------------------------------------------------------------
INFO: [HLS 200-10] -- Generating RTL for module 'top_kernel' 
INFO: [HLS 200-10] ----------------------------------------------------------------
INFO: [RTGEN 206-500] Setting interface mode on port 'top_kernel/A' to 'ap_memory'.
INFO: [RTGEN 206-500] Setting interface mode on port 'top_kernel/C' to 'ap_memory'.
INFO: [RTGEN 206-500] Setting interface mode on function 'top_kernel' to 'ap_ctrl_hs'.
INFO: [RTGEN 206-100] Generating core module 'mul_40s_42ns_81_1_1': 1 instance(s).
INFO: [RTGEN 206-100] Finished creating RTL model for 'top_kernel'.
INFO: [RTMG 210-278] Implementing memory 'top_kernel_tmp_RAM_AUTO_1R1W' using auto RAMs.
INFO: [HLS 200-111] Finished Creating RTL model: CPU user time: 0.1 seconds. CPU system time: 0.01 seconds. Elapsed time: 0.15 seconds; current allocated memory: 0.000 MB.
INFO: [HLS 200-111] Finished Generating all RTL models: CPU user time: 0.47 seconds. CPU system time: 0.09 seconds. Elapsed time: 0.8 seconds; current allocated memory: 0.000 MB.
INFO: [HLS 200-111] Finished Updating report files: CPU user time: 0.98 seconds. CPU system time: 0.16 seconds. Elapsed time: 1.23 seconds; current allocated memory: 0.000 MB.
INFO: [VHDL 208-304] Generating VHDL RTL for top_kernel.
INFO: [VLOG 209-307] Generating Verilog RTL for top_kernel.
INFO: [HLS 200-790] **** Loop Constraint Status: All loop constraints were NOT satisfied.
INFO: [HLS 200-789] **** Estimated Fmax: 137.22 MHz
INFO: [HLS 200-2161] Finished Command csynth_design Elapsed time: 00:00:39; Allocated memory: 0.000 MB.
INFO: [HLS 200-1510] Running: cosim_design 
INFO: [HLS 200-1915] Writing HLS config ini file /nethome/wsun377/ece8893/FPGA_ECE8893/2026_Spring/lab1/project_1/hls_config.cfg
INFO: [COSIM 212-47] Using XSIM for RTL simulation.
INFO: [COSIM 212-14] Instrumenting C test bench ...
   Build using "/tools/software/xilinx/2025.1.1/Vitis/lnx64/tools/vcxx/libexec/clang++"
   Compiling host.cpp_pre.cpp.tb.cpp
   Compiling apatb_top_kernel.cpp
   Compiling top.cpp_pre.cpp.tb.cpp
   Compiling apatb_top_kernel_ir.ll
   Generating cosim.tv.exe
INFO: [COSIM 212-302] Starting C TB testing ... 
TEST PASSED!!
INFO: [COSIM 212-333] Generating C post check test bench ...
INFO: [COSIM 212-12] Generating RTL test bench ...
pdir_merged readonly
pdir_merged writeonly
INFO: [COSIM 212-1] *** C/RTL co-simulation file generation completed. ***
INFO: [COSIM 212-323] Starting verilog simulation. 
INFO: [COSIM 212-15] Starting XSIM ...
Vivado Simulator v2025.1.1
Copyright 1986-2022 Xilinx, Inc. All Rights Reserved.
Copyright 2022-2025 Advanced Micro Devices, Inc. All Rights Reserved.
Running: /tools/software/xilinx/2025.1.1/Vivado/bin/unwrapped/lnx64.o/xelab xil_defaultlib.apatb_top_kernel_top xil_defaultlib.glbl -Oenable_linking_all_libraries -prj top_kernel.prj -L smartconnect_v1_0 -L axi_protocol_checker_v1_1_12 -L axi_protocol_checker_v1_1_13 -L axis_protocol_checker_v1_1_11 -L axis_protocol_checker_v1_1_12 -L xil_defaultlib -L unisims_ver -L xpm -L floating_point_v7_1_20 -L floating_point_v7_0_25 --lib ieee_proposed=./ieee_proposed -L uvm -relax -i ./svr -i ./svtb -i ./file_agent -i ./top_kernel_subsystem -s top_kernel 
Multi-threading is on. Using 110 slave threads.
INFO: [VRFC 10-2263] Analyzing SystemVerilog file "/nethome/wsun377/ece8893/FPGA_ECE8893/2026_Spring/lab1/project_1/hls/sim/verilog/glbl.v" into library xil_defaultlib
INFO: [VRFC 10-311] analyzing module glbl
INFO: [VRFC 10-2263] Analyzing SystemVerilog file "/nethome/wsun377/ece8893/FPGA_ECE8893/2026_Spring/lab1/project_1/hls/sim/verilog/AESL_automem_A.v" into library xil_defaultlib
INFO: [VRFC 10-311] analyzing module AESL_automem_A
INFO: [VRFC 10-2263] Analyzing SystemVerilog file "/nethome/wsun377/ece8893/FPGA_ECE8893/2026_Spring/lab1/project_1/hls/sim/verilog/AESL_automem_C.v" into library xil_defaultlib
INFO: [VRFC 10-311] analyzing module AESL_automem_C
INFO: [VRFC 10-2263] Analyzing SystemVerilog file "/nethome/wsun377/ece8893/FPGA_ECE8893/2026_Spring/lab1/project_1/hls/sim/verilog/top_kernel.autotb.v" into library xil_defaultlib
INFO: [VRFC 10-311] analyzing module apatb_top_kernel_top
INFO: [VRFC 10-2263] Analyzing SystemVerilog file "/nethome/wsun377/ece8893/FPGA_ECE8893/2026_Spring/lab1/project_1/hls/sim/verilog/top_kernel_top_kernel_Pipeline_VITIS_LOOP_11_1.v" into library xil_defaultlib
INFO: [VRFC 10-311] analyzing module top_kernel_top_kernel_Pipeline_VITIS_LOOP_11_1
INFO: [VRFC 10-2263] Analyzing SystemVerilog file "/nethome/wsun377/ece8893/FPGA_ECE8893/2026_Spring/lab1/project_1/hls/sim/verilog/top_kernel_top_kernel_Pipeline_VITIS_LOOP_33_5.v" into library xil_defaultlib
INFO: [VRFC 10-311] analyzing module top_kernel_top_kernel_Pipeline_VITIS_LOOP_33_5
INFO: [VRFC 10-2263] Analyzing SystemVerilog file "/nethome/wsun377/ece8893/FPGA_ECE8893/2026_Spring/lab1/project_1/hls/sim/verilog/top_kernel_top_kernel_Pipeline_VITIS_LOOP_41_6.v" into library xil_defaultlib
INFO: [VRFC 10-311] analyzing module top_kernel_top_kernel_Pipeline_VITIS_LOOP_41_6
INFO: [VRFC 10-2263] Analyzing SystemVerilog file "/nethome/wsun377/ece8893/FPGA_ECE8893/2026_Spring/lab1/project_1/hls/sim/verilog/top_kernel.v" into library xil_defaultlib
INFO: [VRFC 10-311] analyzing module top_kernel
INFO: [VRFC 10-2263] Analyzing SystemVerilog file "/nethome/wsun377/ece8893/FPGA_ECE8893/2026_Spring/lab1/project_1/hls/sim/verilog/top_kernel_flow_control_loop_pipe_sequential_init.v" into library xil_defaultlib
INFO: [VRFC 10-311] analyzing module top_kernel_flow_control_loop_pipe_sequential_init
INFO: [VRFC 10-2263] Analyzing SystemVerilog file "/nethome/wsun377/ece8893/FPGA_ECE8893/2026_Spring/lab1/project_1/hls/sim/verilog/top_kernel_sdiv_40ns_24s_40_44_1.v" into library xil_defaultlib
INFO: [VRFC 10-311] analyzing module top_kernel_sdiv_40ns_24s_40_44_1_divider
INFO: [VRFC 10-311] analyzing module top_kernel_sdiv_40ns_24s_40_44_1
INFO: [VRFC 10-2263] Analyzing SystemVerilog file "/nethome/wsun377/ece8893/FPGA_ECE8893/2026_Spring/lab1/project_1/hls/sim/verilog/top_kernel_mul_24s_24s_48_1_1.v" into library xil_defaultlib
INFO: [VRFC 10-311] analyzing module top_kernel_mul_24s_24s_48_1_1
INFO: [VRFC 10-2263] Analyzing SystemVerilog file "/nethome/wsun377/ece8893/FPGA_ECE8893/2026_Spring/lab1/project_1/hls/sim/verilog/top_kernel_mul_40s_42ns_81_1_1.v" into library xil_defaultlib
INFO: [VRFC 10-311] analyzing module top_kernel_mul_40s_42ns_81_1_1
INFO: [VRFC 10-2263] Analyzing SystemVerilog file "/nethome/wsun377/ece8893/FPGA_ECE8893/2026_Spring/lab1/project_1/hls/sim/verilog/top_kernel_tmp_RAM_AUTO_1R1W.v" into library xil_defaultlib
INFO: [VRFC 10-311] analyzing module top_kernel_tmp_RAM_AUTO_1R1W
INFO: [VRFC 10-2263] Analyzing SystemVerilog file "/nethome/wsun377/ece8893/FPGA_ECE8893/2026_Spring/lab1/project_1/hls/sim/verilog/dataflow_monitor.sv" into library xil_defaultlib
INFO: [VRFC 10-311] analyzing module dataflow_monitor
INFO: [VRFC 10-2263] Analyzing SystemVerilog file "/nethome/wsun377/ece8893/FPGA_ECE8893/2026_Spring/lab1/project_1/hls/sim/verilog/file_agent/file_agent_pkg.sv" into library xil_defaultlib
INFO: [VRFC 10-2263] Analyzing SystemVerilog file "/nethome/wsun377/ece8893/FPGA_ECE8893/2026_Spring/lab1/project_1/hls/sim/verilog/top_kernel_subsystem/top_kernel_subsystem_pkg.sv" into library xil_defaultlib
INFO: [VRFC 10-2263] Analyzing SystemVerilog file "/nethome/wsun377/ece8893/FPGA_ECE8893/2026_Spring/lab1/project_1/hls/sim/verilog/svtb/misc_interface.sv" into library xil_defaultlib
INFO: [VRFC 10-2263] Analyzing SystemVerilog file "/nethome/wsun377/ece8893/FPGA_ECE8893/2026_Spring/lab1/project_1/hls/sim/verilog/svtb/sv_module_top.sv" into library xil_defaultlib
INFO: [VRFC 10-311] analyzing module sv_module_top
Starting static elaboration
Pass Through NonSizing Optimizer
Completed static elaboration
Starting simulation data flow analysis
WARNING: [XSIM 43-4099] "/proj/primebuilds/9999.0_PRIME_0428_0031/installs/data/system_verilog/uvm_1.2/xlnx_uvm_package.sv" Line 4356. Module uvm_pkg doesn't have a timescale but at least one module in design has a timescale.
WARNING: [XSIM 43-4099] "/proj/primebuilds/9999.0_PRIME_0428_0031/installs/data/system_verilog/uvm_1.2/xlnx_uvm_package.sv" Line 4356. Module uvm_pkg doesn't have a timescale but at least one module in design has a timescale.
WARNING: [XSIM 43-4468] File : /proj/primebuilds/9999.0_PRIME_0428_0031/installs/data/system_verilog/uvm_1.2/xlnx_uvm_package.sv, Line : 25994, RANDC variable size more than 8 bits. This will be treated as a RAND variable instead.
Completed simulation data flow analysis
Time Resolution for simulation is 1ps
Compiling package xil_defaultlib.$unit_sv_module_top_sv
Compiling package uvm.uvm_pkg
Compiling package std.std
Compiling package xil_defaultlib.top_kernel_subsystem_pkg
Compiling package xil_defaultlib.file_agent_pkg
Compiling package xil_defaultlib.$unit_dataflow_monitor_sv
Compiling module xil_defaultlib.top_kernel_tmp_RAM_AUTO_1R1W
Compiling module xil_defaultlib.top_kernel_sdiv_40ns_24s_40_44_1...
Compiling module xil_defaultlib.top_kernel_sdiv_40ns_24s_40_44_1...
Compiling module xil_defaultlib.top_kernel_flow_control_loop_pip...
Compiling module xil_defaultlib.top_kernel_top_kernel_Pipeline_V...
Compiling module xil_defaultlib.top_kernel_top_kernel_Pipeline_V...
Compiling module xil_defaultlib.top_kernel_mul_24s_24s_48_1_1(NU...
Compiling module xil_defaultlib.top_kernel_top_kernel_Pipeline_V...
Compiling module xil_defaultlib.top_kernel_mul_40s_42ns_81_1_1(N...
Compiling module xil_defaultlib.top_kernel
Compiling module xil_defaultlib.misc_interface_default
Compiling module xil_defaultlib.sv_module_top
Compiling module xil_defaultlib.AESL_automem_A
Compiling module xil_defaultlib.AESL_automem_C
Compiling module xil_defaultlib.nodf_module_intf_default
Compiling module xil_defaultlib.seq_loop_intf(FSM_WIDTH=7)
Compiling module xil_defaultlib.upc_loop_intf(FSM_WIDTH=32)
Compiling module xil_defaultlib.upc_loop_intf(FSM_WIDTH=1)
Compiling module xil_defaultlib.dataflow_monitor_1
Compiling module xil_defaultlib.apatb_top_kernel_top
Compiling module xil_defaultlib.glbl
Built simulation snapshot top_kernel

****** xsim v2025.1.1 (64-bit)
  **** SW Build 6233196 on Thu Sep 11 21:27:11 MDT 2025
  **** IP Build 6232796 on Fri Sep 12 01:46:16 MDT 2025
  **** SharedData Build 6233195 on Thu Sep 11 17:56:43 MDT 2025
  **** Start of session at: Mon Jan 26 20:45:01 2026
    ** Copyright 1986-2022 Xilinx, Inc. All Rights Reserved.
    ** Copyright 2022-2025 Advanced Micro Devices, Inc. All Rights Reserved.

source xsim.dir/top_kernel/xsim_script.tcl
# xsim {top_kernel} -testplusarg UVM_VERBOSITY=UVM_NONE -testplusarg UVM_TESTNAME=top_kernel_test_lib -testplusarg UVM_TIMEOUT=20000000000000 -autoloadwcfg -tclbatch {top_kernel.tcl}
Time resolution is 1 ps
source top_kernel.tcl
## run all
UVM_INFO /tools/software/xilinx//2025.1.1/Vivado/data/system_verilog/uvm_1.2/xlnx_uvm_package.sv(18601) @ 0: reporter [UVM/RELNOTES] 
----------------------------------------------------------------
UVM-1.2
(C) 2007-2014 Mentor Graphics Corporation
(C) 2007-2014 Cadence Design Systems, Inc.
(C) 2006-2014 Synopsys, Inc.
(C) 2011-2013 Cypress Semiconductor Corp.
(C) 2013-2014 NVIDIA Corporation
----------------------------------------------------------------

  ***********       IMPORTANT RELEASE NOTES         ************

  You are using a version of the UVM library that has been compiled
  with `UVM_NO_DEPRECATED undefined.

  You are using a version of the UVM library that has been compiled
  with `UVM_OBJECT_DO_NOT_NEED_CONSTRUCTOR undefined.

      (Specify +UVM_NO_RELNOTES to turn off this notice)

UVM_INFO /tools/software/xilinx//2025.1.1/Vivado/data/system_verilog/uvm_1.2/xlnx_uvm_package.sv(18648) @ 0: reporter [NO_DPI_TSTNAME] UVM_NO_DPI defined--getting UVM_TESTNAME directly, without DPI
UVM_INFO /tools/software/xilinx//2025.1.1/Vivado/data/system_verilog/uvm_1.2/xlnx_uvm_package.sv(18752) @ 0: reporter [UVMTOP] UVM testbench topology:
---------------------------------------------------------------------
Name                        Type                          Size  Value
---------------------------------------------------------------------
uvm_test_top                top_kernel_test_lib           -     @342 
  top_env                   top_kernel_env                -     @353 
    refm                    top_kernel_reference_model    -     @368 
      trans_num_idx         integral                      32    'h0  
    subsys_mon              top_kernel_subsystem_monitor  -     @381 
      scbd                  top_kernel_scoreboard         -     @532 
        refm                top_kernel_reference_model    -     @368 
          trans_num_idx     integral                      32    'h0  
    top_kernel_virtual_sqr  top_kernel_virtual_sequencer  -     @390 
      rsp_export            uvm_analysis_export           -     @399 
      seq_item_export       uvm_seq_item_pull_imp         -     @517 
      arbitration_queue     array                         0     -    
      lock_queue            array                         0     -    
      num_last_reqs         integral                      32    'd1  
      num_last_rsps         integral                      32    'd1  
    refm                    top_kernel_reference_model    -     @368 
    top_kernel_virtual_sqr  top_kernel_virtual_sequencer  -     @390 
    top_kernel_cfg          top_kernel_config             -     @367 
      check_ena             integral                      32    'h0  
      cover_ena             integral                      32    'h0  
---------------------------------------------------------------------

UVM_INFO /tools/software/xilinx//2025.1.1/Vivado/data/system_verilog/uvm_1.2/xlnx_uvm_package.sv(20867) @ 0: reporter [UVM/COMP/NAMECHECK] This implementation of the component name checks requires DPI to be enabled
////////////////////////////////////////////////////////////////////////////////////
// Inter-Transaction Progress: Completed Transaction / Total Transaction
// Intra-Transaction Progress: Measured Latency / Latency Estimation * 100%
//
// RTL Simulation : "Inter-Transaction Progress" ["Intra-Transaction Progress"] @ "Simulation Time"
////////////////////////////////////////////////////////////////////////////////////
// RTL Simulation : 0 / 1 [0.00%] @ "125000"
// RTL Simulation : 1 / 1 [100.00%] @ "414365000"
////////////////////////////////////////////////////////////////////////////////////
$finish called at time : 414415 ns : File "/tools/software/xilinx//2025.1.1/Vivado/data/system_verilog/uvm_1.2/xlnx_uvm_package.sv" Line 18699
## quit
INFO: xsimkernel Simulation Memory Usage: 505576 KB (Peak: 558180 KB), Simulation CPU Usage: 5980 ms
INFO: [Common 17-206] Exiting xsim at Mon Jan 26 20:45:09 2026...
INFO: [COSIM 212-316] Starting C post checking ...
TEST PASSED!!
INFO: [COSIM 212-1000] *** C/RTL co-simulation finished: PASS ***
INFO: [COSIM 212-211] II is measurable only when transaction number is greater than 1 in RTL simulation. Otherwise, they will be marked as all NA. If user wants to calculate them, please make sure there are at least 2 transactions in RTL simulation.
INFO: [HLS 200-2161] Finished Command cosim_design Elapsed time: 00:01:14; Allocated memory: 0.000 MB.
INFO: [HLS 200-1510] Running: export_design -format ip_catalog 
INFO: [HLS 200-1915] Writing HLS config ini file /nethome/wsun377/ece8893/FPGA_ECE8893/2026_Spring/lab1/project_1/hls_config.cfg
INFO: [IMPL 213-8] Exporting RTL as a Vivado IP.

****** Vivado v2025.1.1 (64-bit)
  **** SW Build 6233196 on Thu Sep 11 21:27:11 MDT 2025
  **** IP Build 6232796 on Fri Sep 12 01:46:16 MDT 2025
  **** SharedData Build 6233195 on Thu Sep 11 17:56:43 MDT 2025
  **** Start of session at: Mon Jan 26 20:45:22 2026
    ** Copyright 1986-2022 Xilinx, Inc. All Rights Reserved.
    ** Copyright 2022-2025 Advanced Micro Devices, Inc. All Rights Reserved.

source run_ippack.tcl -notrace
INFO: calling package_hls_ip ip_types=vitis sysgen json_file=/nethome/wsun377/ece8893/FPGA_ECE8893/2026_Spring/lab1/project_1/hls/hls_data.json outdir=/nethome/wsun377/ece8893/FPGA_ECE8893/2026_Spring/lab1/project_1/hls/impl/ip srcdir=/nethome/wsun377/ece8893/FPGA_ECE8893/2026_Spring/lab1/project_1/hls ippack_options_dict= ippack_options_dict=
INFO: Copied 1 ipmisc file(s) to /nethome/wsun377/ece8893/FPGA_ECE8893/2026_Spring/lab1/project_1/hls/impl/ip/misc
INFO: Copied 10 verilog file(s) to /nethome/wsun377/ece8893/FPGA_ECE8893/2026_Spring/lab1/project_1/hls/impl/ip/hdl/verilog
INFO: Copied 9 vhdl file(s) to /nethome/wsun377/ece8893/FPGA_ECE8893/2026_Spring/lab1/project_1/hls/impl/ip/hdl/vhdl
INFO: Import ports from HDL: /nethome/wsun377/ece8893/FPGA_ECE8893/2026_Spring/lab1/project_1/hls/impl/ip/hdl/vhdl/top_kernel.vhd (top_kernel)
INFO: Add clock interface ap_clk
INFO: Add reset interface ap_rst
INFO: Add ap_ctrl interface ap_ctrl
INFO: Add data interface A_address0
INFO: [IP_Flow 19-234] Refreshing IP repositories
INFO: [IP_Flow 19-1704] No user IP repositories specified
INFO: [IP_Flow 19-2313] Loaded Vivado IP repository '/tools/software/xilinx/2025.1.1/data/ip'.
INFO: Add data interface A_q0
INFO: Add data interface A_address1
INFO: Add data interface A_q1
INFO: Add data interface C_address0
INFO: Add data interface C_d0
INFO: Calling post_process_vitis to specialize IP
INFO: Calling post_process_sysgen to specialize IP
Generating sysgen info xml from json file
INFO: Created IP /nethome/wsun377/ece8893/FPGA_ECE8893/2026_Spring/lab1/project_1/hls/impl/ip/component.xml
INFO: Created IP archive /nethome/wsun377/ece8893/FPGA_ECE8893/2026_Spring/lab1/project_1/hls/impl/ip/xilinx_com_hls_top_kernel_1_0.zip
INFO: [Common 17-206] Exiting Vivado at Mon Jan 26 20:45:34 2026...
INFO: [HLS 200-802] Generated output file project_1/hls/impl/export.zip
INFO: [HLS 200-2161] Finished Command export_design Elapsed time: 00:00:44; Allocated memory: 0.000 MB.
INFO: [HLS 200-112] Total CPU user time: 252.83 seconds. Total CPU system time: 25.66 seconds. Total elapsed time: 165.2 seconds; peak allocated memory: 0.000 MB.
INFO: [vitis-run 60-791] Total elapsed time: 0h 2m 47s
INFO: [vitis-run 60-1662] Stopping dispatch session having empty uuid.
