Copyright 1986-2022 Xilinx, Inc. All Rights Reserved. Copyright 2022-2025 Advanced Micro Devices, Inc. All Rights Reserved.
---------------------------------------------------------------------------------------------------------------------------------------------
| Tool Version : Vivado v.2025.1.1 (lin64) Build 6233196 Thu Sep 11 21:27:11 MDT 2025
| Date         : Sat Jan 31 20:15:49 2026
| Host         : ece-linlabsrv01 running 64-bit Red Hat Enterprise Linux release 8.10 (Ootpa)
| Command      : report_utilization -hierarchical -hierarchical_depth 6 -file ./report/top_kernel_utilization_hierarchical_routed.rpt
| Design       : bd_0_wrapper
| Device       : xczu3eg-sbva484-1-e
| Speed File   : -1
| Design State : Routed
---------------------------------------------------------------------------------------------------------------------------------------------

Utilization Design Information

Table of Contents
-----------------
1. Utilization by Hierarchy

1. Utilization by Hierarchy
---------------------------

+----------------------------------------------------------------------------+--------------------------------------------------------------------------------+------------+------------+---------+------+-------+--------+--------+------+------------+
|                                  Instance                                  |                                     Module                                     | Total LUTs | Logic LUTs | LUTRAMs | SRLs |  FFs  | RAMB36 | RAMB18 | URAM | DSP Blocks |
+----------------------------------------------------------------------------+--------------------------------------------------------------------------------+------------+------------+---------+------+-------+--------+--------+------+------------+
| bd_0_wrapper                                                               |                                                                          (top) |      22959 |      22210 |      96 |  653 | 24162 |      8 |      9 |    0 |          2 |
|   bd_0_i                                                                   |                                                                           bd_0 |      22959 |      22210 |      96 |  653 | 24162 |      8 |      9 |    0 |          2 |
|     hls_inst                                                               |                                                                bd_0_hls_inst_0 |      22959 |      22210 |      96 |  653 | 24162 |      8 |      9 |    0 |          2 |
|       inst                                                                 |                                                     bd_0_hls_inst_0_top_kernel |      22959 |      22210 |      96 |  653 | 24162 |      8 |      9 |    0 |          2 |
|         (inst)                                                             |                                                     bd_0_hls_inst_0_top_kernel |          8 |          7 |       0 |    1 |  1789 |      0 |      0 |    0 |          0 |
|         A_m_axi_U                                                          |                                             bd_0_hls_inst_0_top_kernel_A_m_axi |        525 |        492 |       0 |   33 |   741 |      0 |      1 |    0 |          0 |
|           bus_read                                                         |                                        bd_0_hls_inst_0_top_kernel_A_m_axi_read |        389 |        389 |       0 |    0 |   561 |      0 |      0 |    0 |          0 |
|             rreq_burst_conv                                                |                             bd_0_hls_inst_0_top_kernel_A_m_axi_burst_converter |        312 |        312 |       0 |    0 |   459 |      0 |      0 |    0 |          0 |
|             rs_rdata                                                       |                   bd_0_hls_inst_0_top_kernel_A_m_axi_reg_slice__parameterized0 |         39 |         39 |       0 |    0 |    71 |      0 |      0 |    0 |          0 |
|           load_unit_0                                                      |                                        bd_0_hls_inst_0_top_kernel_A_m_axi_load |        137 |        104 |       0 |   33 |   180 |      0 |      1 |    0 |          0 |
|             (load_unit_0)                                                  |                                        bd_0_hls_inst_0_top_kernel_A_m_axi_load |          1 |          1 |       0 |    0 |    66 |      0 |      0 |    0 |          0 |
|             buff_rdata                                                     |                        bd_0_hls_inst_0_top_kernel_A_m_axi_fifo__parameterized0 |         50 |         50 |       0 |    0 |    37 |      0 |      1 |    0 |          0 |
|             fifo_rreq                                                      |                                        bd_0_hls_inst_0_top_kernel_A_m_axi_fifo |         87 |         54 |       0 |   33 |    77 |      0 |      0 |    0 |          0 |
|         C_m_axi_U                                                          |                                             bd_0_hls_inst_0_top_kernel_C_m_axi |        697 |        598 |       0 |   99 |   998 |      0 |      0 |    0 |          0 |
|           bus_write                                                        |                                       bd_0_hls_inst_0_top_kernel_C_m_axi_write |        489 |        456 |       0 |   33 |   750 |      0 |      0 |    0 |          0 |
|             wreq_burst_conv                                                |                             bd_0_hls_inst_0_top_kernel_C_m_axi_burst_converter |        311 |        311 |       0 |    0 |   459 |      0 |      0 |    0 |          0 |
|             wreq_throttle                                                  |                                    bd_0_hls_inst_0_top_kernel_C_m_axi_throttle |        152 |        120 |       0 |   32 |   268 |      0 |      0 |    0 |          0 |
|           store_unit_0                                                     |                                       bd_0_hls_inst_0_top_kernel_C_m_axi_store |        210 |        144 |       0 |   66 |   248 |      0 |      0 |    0 |          0 |
|             (store_unit_0)                                                 |                                       bd_0_hls_inst_0_top_kernel_C_m_axi_store |          2 |          2 |       0 |    0 |    78 |      0 |      0 |    0 |          0 |
|             buff_wdata                                                     |                        bd_0_hls_inst_0_top_kernel_C_m_axi_fifo__parameterized1 |         52 |         24 |       0 |   28 |    48 |      0 |      0 |    0 |          0 |
|             fifo_wreq                                                      |                        bd_0_hls_inst_0_top_kernel_C_m_axi_fifo__parameterized0 |         80 |         47 |       0 |   33 |    74 |      0 |      0 |    0 |          0 |
|         control_s_axi_U                                                    |                                       bd_0_hls_inst_0_top_kernel_control_s_axi |        160 |        160 |       0 |    0 |   181 |      0 |      0 |    0 |          0 |
|         grp_top_kernel_Pipeline_VITIS_LOOP_60_3_fu_709                     |                 bd_0_hls_inst_0_top_kernel_top_kernel_Pipeline_VITIS_LOOP_60_3 |        105 |        105 |       0 |    0 |    73 |      0 |      0 |    0 |          0 |
|           (grp_top_kernel_Pipeline_VITIS_LOOP_60_3_fu_709)                 |                 bd_0_hls_inst_0_top_kernel_top_kernel_Pipeline_VITIS_LOOP_60_3 |         85 |         85 |       0 |    0 |    71 |      0 |      0 |    0 |          0 |
|         grp_top_kernel_Pipeline_VITIS_LOOP_69_4_fu_857                     |                 bd_0_hls_inst_0_top_kernel_top_kernel_Pipeline_VITIS_LOOP_69_4 |      20074 |      19554 |       0 |  520 | 18915 |      0 |      0 |    0 |          0 |
|           (grp_top_kernel_Pipeline_VITIS_LOOP_69_4_fu_857)                 |                 bd_0_hls_inst_0_top_kernel_top_kernel_Pipeline_VITIS_LOOP_69_4 |        596 |        588 |       0 |    8 |   442 |      0 |      0 |    0 |          0 |
|           sdiv_38ns_24s_38_42_1_U12                                        |                               bd_0_hls_inst_0_top_kernel_sdiv_38ns_24s_38_42_1 |       2689 |       2625 |       0 |   64 |  2364 |      0 |      0 |    0 |          0 |
|             (sdiv_38ns_24s_38_42_1_U12)                                    |                               bd_0_hls_inst_0_top_kernel_sdiv_38ns_24s_38_42_1 |       1315 |       1315 |       0 |    0 |    87 |      0 |      0 |    0 |          0 |
|             top_kernel_sdiv_38ns_24s_38_42_1_divider_u                     |                    bd_0_hls_inst_0_top_kernel_sdiv_38ns_24s_38_42_1_divider_29 |       1375 |       1311 |       0 |   64 |  2277 |      0 |      0 |    0 |          0 |
|           sdiv_38ns_24s_38_42_1_U13                                        |                            bd_0_hls_inst_0_top_kernel_sdiv_38ns_24s_38_42_1_16 |       2398 |       2334 |       0 |   64 |  2301 |      0 |      0 |    0 |          0 |
|             (sdiv_38ns_24s_38_42_1_U13)                                    |                            bd_0_hls_inst_0_top_kernel_sdiv_38ns_24s_38_42_1_16 |       1186 |       1186 |       0 |    0 |    62 |      0 |      0 |    0 |          0 |
|             top_kernel_sdiv_38ns_24s_38_42_1_divider_u                     |                    bd_0_hls_inst_0_top_kernel_sdiv_38ns_24s_38_42_1_divider_28 |       1213 |       1149 |       0 |   64 |  2239 |      0 |      0 |    0 |          0 |
|           sdiv_38ns_24s_38_42_1_U14                                        |                            bd_0_hls_inst_0_top_kernel_sdiv_38ns_24s_38_42_1_17 |       2398 |       2334 |       0 |   64 |  2301 |      0 |      0 |    0 |          0 |
|             (sdiv_38ns_24s_38_42_1_U14)                                    |                            bd_0_hls_inst_0_top_kernel_sdiv_38ns_24s_38_42_1_17 |       1186 |       1186 |       0 |    0 |    62 |      0 |      0 |    0 |          0 |
|             top_kernel_sdiv_38ns_24s_38_42_1_divider_u                     |                    bd_0_hls_inst_0_top_kernel_sdiv_38ns_24s_38_42_1_divider_27 |       1213 |       1149 |       0 |   64 |  2239 |      0 |      0 |    0 |          0 |
|           sdiv_38ns_24s_38_42_1_U15                                        |                            bd_0_hls_inst_0_top_kernel_sdiv_38ns_24s_38_42_1_18 |       2398 |       2334 |       0 |   64 |  2301 |      0 |      0 |    0 |          0 |
|             (sdiv_38ns_24s_38_42_1_U15)                                    |                            bd_0_hls_inst_0_top_kernel_sdiv_38ns_24s_38_42_1_18 |       1186 |       1186 |       0 |    0 |    62 |      0 |      0 |    0 |          0 |
|             top_kernel_sdiv_38ns_24s_38_42_1_divider_u                     |                    bd_0_hls_inst_0_top_kernel_sdiv_38ns_24s_38_42_1_divider_26 |       1213 |       1149 |       0 |   64 |  2239 |      0 |      0 |    0 |          0 |
|           sdiv_38ns_24s_38_42_1_U16                                        |                            bd_0_hls_inst_0_top_kernel_sdiv_38ns_24s_38_42_1_19 |       2398 |       2334 |       0 |   64 |  2301 |      0 |      0 |    0 |          0 |
|             (sdiv_38ns_24s_38_42_1_U16)                                    |                            bd_0_hls_inst_0_top_kernel_sdiv_38ns_24s_38_42_1_19 |       1186 |       1186 |       0 |    0 |    62 |      0 |      0 |    0 |          0 |
|             top_kernel_sdiv_38ns_24s_38_42_1_divider_u                     |                    bd_0_hls_inst_0_top_kernel_sdiv_38ns_24s_38_42_1_divider_25 |       1213 |       1149 |       0 |   64 |  2239 |      0 |      0 |    0 |          0 |
|           sdiv_38ns_24s_38_42_1_U17                                        |                            bd_0_hls_inst_0_top_kernel_sdiv_38ns_24s_38_42_1_20 |       2398 |       2334 |       0 |   64 |  2301 |      0 |      0 |    0 |          0 |
|             (sdiv_38ns_24s_38_42_1_U17)                                    |                            bd_0_hls_inst_0_top_kernel_sdiv_38ns_24s_38_42_1_20 |       1186 |       1186 |       0 |    0 |    62 |      0 |      0 |    0 |          0 |
|             top_kernel_sdiv_38ns_24s_38_42_1_divider_u                     |                    bd_0_hls_inst_0_top_kernel_sdiv_38ns_24s_38_42_1_divider_24 |       1213 |       1149 |       0 |   64 |  2239 |      0 |      0 |    0 |          0 |
|           sdiv_38ns_24s_38_42_1_U18                                        |                            bd_0_hls_inst_0_top_kernel_sdiv_38ns_24s_38_42_1_21 |       2398 |       2334 |       0 |   64 |  2301 |      0 |      0 |    0 |          0 |
|             (sdiv_38ns_24s_38_42_1_U18)                                    |                            bd_0_hls_inst_0_top_kernel_sdiv_38ns_24s_38_42_1_21 |       1186 |       1186 |       0 |    0 |    62 |      0 |      0 |    0 |          0 |
|             top_kernel_sdiv_38ns_24s_38_42_1_divider_u                     |                    bd_0_hls_inst_0_top_kernel_sdiv_38ns_24s_38_42_1_divider_23 |       1213 |       1149 |       0 |   64 |  2239 |      0 |      0 |    0 |          0 |
|           sdiv_38ns_24s_38_42_1_U19                                        |                            bd_0_hls_inst_0_top_kernel_sdiv_38ns_24s_38_42_1_22 |       2398 |       2334 |       0 |   64 |  2301 |      0 |      0 |    0 |          0 |
|             (sdiv_38ns_24s_38_42_1_U19)                                    |                            bd_0_hls_inst_0_top_kernel_sdiv_38ns_24s_38_42_1_22 |       1186 |       1186 |       0 |    0 |    62 |      0 |      0 |    0 |          0 |
|             top_kernel_sdiv_38ns_24s_38_42_1_divider_u                     |                       bd_0_hls_inst_0_top_kernel_sdiv_38ns_24s_38_42_1_divider |       1213 |       1149 |       0 |   64 |  2239 |      0 |      0 |    0 |          0 |
|         grp_top_kernel_Pipeline_VITIS_LOOP_83_6_fu_725                     |                 bd_0_hls_inst_0_top_kernel_top_kernel_Pipeline_VITIS_LOOP_83_6 |       1065 |       1065 |       0 |    0 |  1097 |      0 |      0 |    0 |          0 |
|           (grp_top_kernel_Pipeline_VITIS_LOOP_83_6_fu_725)                 |                 bd_0_hls_inst_0_top_kernel_top_kernel_Pipeline_VITIS_LOOP_83_6 |        306 |        306 |       0 |    0 |  1095 |      0 |      0 |    0 |          0 |
|           flow_control_loop_pipe_sequential_init_U                         |           bd_0_hls_inst_0_top_kernel_flow_control_loop_pipe_sequential_init_14 |        759 |        759 |       0 |    0 |     2 |      0 |      0 |    0 |          0 |
|         grp_top_kernel_Pipeline_VITIS_LOOP_93_8_VITIS_LOOP_94_9_fu_951     | bd_0_hls_inst_0_top_kernel_top_kernel_Pipeline_VITIS_LOOP_93_8_VITIS_LOOP_94_9 |        232 |        232 |       0 |    0 |   176 |      0 |      0 |    0 |          2 |
|           (grp_top_kernel_Pipeline_VITIS_LOOP_93_8_VITIS_LOOP_94_9_fu_951) | bd_0_hls_inst_0_top_kernel_top_kernel_Pipeline_VITIS_LOOP_93_8_VITIS_LOOP_94_9 |         83 |         83 |       0 |    0 |   174 |      0 |      0 |    0 |          0 |
|           flow_control_loop_pipe_sequential_init_U                         |              bd_0_hls_inst_0_top_kernel_flow_control_loop_pipe_sequential_init |         53 |         53 |       0 |    0 |     2 |      0 |      0 |    0 |          0 |
|           mul_24s_24s_48_1_1_U248                                          |                                  bd_0_hls_inst_0_top_kernel_mul_24s_24s_48_1_1 |         98 |         98 |       0 |    0 |     0 |      0 |      0 |    0 |          2 |
+----------------------------------------------------------------------------+--------------------------------------------------------------------------------+------------+------------+---------+------+-------+--------+--------+------+------------+
* Note: The sum of lower-level cells may be larger than their parent cells total, due to cross-hierarchy LUT combining


