Copyright 1986-2022 Xilinx, Inc. All Rights Reserved. Copyright 2022-2025 Advanced Micro Devices, Inc. All Rights Reserved.
---------------------------------------------------------------------------------------------------------------------------------------------
| Tool Version : Vivado v.2025.1.1 (lin64) Build 6233196 Thu Sep 11 21:27:11 MDT 2025
| Date         : Tue Feb  3 23:43:50 2026
| Host         : ece-linlabsrv01 running 64-bit Red Hat Enterprise Linux release 8.10 (Ootpa)
| Command      : report_control_sets -verbose -file bd_0_wrapper_control_sets_placed.rpt
| Design       : bd_0_wrapper
| Device       : xczu3eg
---------------------------------------------------------------------------------------------------------------------------------------------

Control Set Information

Table of Contents
-----------------
1. Summary
2. Histogram
3. Flip-Flop Distribution
4. Detailed Control Set Information

1. Summary
----------

+----------------------------------------------------------+-------+
|                          Status                          | Count |
+----------------------------------------------------------+-------+
| Total control sets                                       |   203 |
|    Minimum number of control sets                        |   203 |
|    Addition due to synthesis replication                 |     0 |
|    Addition due to physical synthesis replication        |     0 |
| Unused register locations in slices containing registers |   138 |
+----------------------------------------------------------+-------+
* Control sets can be merged at opt_design using control_set_merge or merge_equivalent_drivers
** Run report_qor_suggestions for automated merging and remapping suggestions


2. Histogram
------------

+--------------------+-------+
|       Fanout       | Count |
+--------------------+-------+
| Total control sets |   203 |
| >= 0 to < 4        |    14 |
| >= 4 to < 6        |    28 |
| >= 6 to < 8        |     8 |
| >= 8 to < 10       |    10 |
| >= 10 to < 12      |     2 |
| >= 12 to < 14      |     6 |
| >= 14 to < 16      |     0 |
| >= 16              |   135 |
+--------------------+-------+
* Control sets can be remapped at either synth_design or opt_design


3. Flip-Flop Distribution
-------------------------

+--------------+-----------------------+------------------------+-----------------+--------------+
| Clock Enable | Synchronous Set/Reset | Asynchronous Set/Reset | Total Registers | Total Slices |
+--------------+-----------------------+------------------------+-----------------+--------------+
| No           | No                    | No                     |           18563 |         1830 |
| No           | No                    | Yes                    |               0 |            0 |
| No           | Yes                   | No                     |             484 |          140 |
| Yes          | No                    | No                     |            2104 |          328 |
| Yes          | No                    | Yes                    |               0 |            0 |
| Yes          | Yes                   | No                     |            3011 |          771 |
+--------------+-----------------------+------------------------+-----------------+--------------+


4. Detailed Control Set Information
-----------------------------------

+--------------+-----------------------------------------------------------------------------------------------------------------------------------------------+--------------------------------------------------------------------------------------------------------------------------------------------------------------------------------------------------------------+------------------+----------------+--------------+
| Clock Signal |                                                                 Enable Signal                                                                 |                                                                                               Set/Reset Signal                                                                                               | Slice Load Count | Bel Load Count | Bels / Slice |
+--------------+-----------------------------------------------------------------------------------------------------------------------------------------------+--------------------------------------------------------------------------------------------------------------------------------------------------------------------------------------------------------------+------------------+----------------+--------------+
|  ap_clk      | bd_0_i/hls_inst/inst/C_m_axi_U/bus_write/wreq_burst_conv/burst_sequential/push                                                                |                                                                                                                                                                                                              |                1 |              1 |         1.00 |
|  ap_clk      | bd_0_i/hls_inst/inst/C_m_axi_U/store_unit_0/fifo_wrsp/push                                                                                    |                                                                                                                                                                                                              |                1 |              1 |         1.00 |
|  ap_clk      | bd_0_i/hls_inst/inst/C_m_axi_U/store_unit_0/fifo_wrsp/U_fifo_srl/pop                                                                          | ap_rst_n                                                                                                                                                                                                     |                1 |              1 |         1.00 |
|  ap_clk      | bd_0_i/hls_inst/inst/A_m_axi_U/bus_read/rs_rdata/pop                                                                                          | ap_rst_n                                                                                                                                                                                                     |                1 |              1 |         1.00 |
|  ap_clk      | bd_0_i/hls_inst/inst/A_m_axi_U/bus_read/rreq_burst_conv/burst_sequential/push                                                                 |                                                                                                                                                                                                              |                1 |              1 |         1.00 |
|  ap_clk      | bd_0_i/hls_inst/inst/C_m_axi_U/bus_write/fifo_resp_gen[0].fifo_resp/U_fifo_srl/pop                                                            | ap_rst_n                                                                                                                                                                                                     |                1 |              1 |         1.00 |
|  ap_clk      | bd_0_i/hls_inst/inst/grp_top_kernel_Pipeline_VITIS_LOOP_93_8_VITIS_LOOP_94_9_fu_951/icmp_ln99_1_reg_17940                                     |                                                                                                                                                                                                              |                1 |              2 |         2.00 |
|  ap_clk      | bd_0_i/hls_inst/inst/control_s_axi_U/int_ier10_out                                                                                            | ap_rst_n                                                                                                                                                                                                     |                1 |              2 |         2.00 |
|  ap_clk      | bd_0_i/hls_inst/inst/C_m_axi_U/store_unit_0/fifo_wreq/raddr[1]_i_1__4_n_0                                                                     | ap_rst_n                                                                                                                                                                                                     |                1 |              2 |         2.00 |
|  ap_clk      | bd_0_i/hls_inst/inst/A_m_axi_U/load_unit_0/fifo_rreq/raddr[2]_i_1_n_0                                                                         | ap_rst_n                                                                                                                                                                                                     |                1 |              3 |         3.00 |
|  ap_clk      | bd_0_i/hls_inst/inst/C_m_axi_U/store_unit_0/user_resp/mOutPtr[2]_i_1__7_n_0                                                                   | ap_rst_n                                                                                                                                                                                                     |                1 |              3 |         3.00 |
|  ap_clk      | bd_0_i/hls_inst/inst/C_m_axi_U/store_unit_0/fifo_wrsp/U_fifo_srl/ap_CS_fsm_reg[21][0]                                                         | ap_rst_n                                                                                                                                                                                                     |                1 |              3 |         3.00 |
|  ap_clk      | bd_0_i/hls_inst/inst/C_m_axi_U/store_unit_0/fifo_wreq/num_data_cnt[2]_i_1__4_n_0                                                              | ap_rst_n                                                                                                                                                                                                     |                1 |              3 |         3.00 |
|  ap_clk      | bd_0_i/hls_inst/inst/C_m_axi_U/store_unit_0/fifo_wreq/mOutPtr[2]_i_1__4_n_0                                                                   | ap_rst_n                                                                                                                                                                                                     |                1 |              3 |         3.00 |
|  ap_clk      | bd_0_i/hls_inst/inst/C_m_axi_U/store_unit_0/fifo_wrsp/U_fifo_srl/raddr_reg[3][0]                                                              | ap_rst_n                                                                                                                                                                                                     |                1 |              4 |         4.00 |
|  ap_clk      | bd_0_i/hls_inst/inst/C_m_axi_U/bus_write/fifo_resp_gen[0].fifo_resp/raddr[3]_i_1__5_n_0                                                       | ap_rst_n                                                                                                                                                                                                     |                1 |              4 |         4.00 |
|  ap_clk      | bd_0_i/hls_inst/inst/control_s_axi_U/waddr                                                                                                    |                                                                                                                                                                                                              |                1 |              4 |         4.00 |
|  ap_clk      | bd_0_i/hls_inst/inst/C_m_axi_U/store_unit_0/conservative_gen.fifo_burst/U_fifo_srl/raddr_reg[3][0]                                            | ap_rst_n                                                                                                                                                                                                     |                1 |              4 |         4.00 |
|  ap_clk      | bd_0_i/hls_inst/inst/C_m_axi_U/store_unit_0/conservative_gen.fifo_burst/U_fifo_srl/push_0                                                     |                                                                                                                                                                                                              |                1 |              4 |         4.00 |
|  ap_clk      | bd_0_i/hls_inst/inst/C_m_axi_U/store_unit_0/conservative_gen.fifo_burst/U_fifo_srl/pop                                                        | ap_rst_n                                                                                                                                                                                                     |                1 |              4 |         4.00 |
|  ap_clk      | bd_0_i/hls_inst/inst/C_m_axi_U/store_unit_0/conservative_gen.fifo_burst/U_fifo_srl/conservative_gen.num_beat_cnt_reg[7]                       | ap_rst_n                                                                                                                                                                                                     |                1 |              4 |         4.00 |
|  ap_clk      | bd_0_i/hls_inst/inst/A_m_axi_U/bus_read/ost_ctrl_gen[0].fifo_burst/raddr[3]_i_1_n_0                                                           | ap_rst_n                                                                                                                                                                                                     |                1 |              4 |         4.00 |
|  ap_clk      | bd_0_i/hls_inst/inst/grp_top_kernel_Pipeline_VITIS_LOOP_69_4_fu_857/flow_control_loop_pipe_sequential_init_U/j_fu_2640                        |                                                                                                                                                                                                              |                1 |              4 |         4.00 |
|  ap_clk      | bd_0_i/hls_inst/inst/C_m_axi_U/bus_write/wreq_throttle/rs_burst/load_p1                                                                       |                                                                                                                                                                                                              |                1 |              4 |         4.00 |
|  ap_clk      | bd_0_i/hls_inst/inst/C_m_axi_U/bus_write/wreq_throttle/fifo_burst_gen[0].fifo_req/raddr[3]_i_1__4_n_0                                         | ap_rst_n                                                                                                                                                                                                     |                2 |              4 |         2.00 |
|  ap_clk      | bd_0_i/hls_inst/inst/A_m_axi_U/load_unit_0/fifo_rreq/mOutPtr[3]_i_1_n_0                                                                       | ap_rst_n                                                                                                                                                                                                     |                2 |              4 |         2.00 |
|  ap_clk      | bd_0_i/hls_inst/inst/C_m_axi_U/store_unit_0/conservative_gen.local_BURST_WVALID_reg_0[0]                                                      |                                                                                                                                                                                                              |                1 |              4 |         4.00 |
|  ap_clk      | bd_0_i/hls_inst/inst/A_m_axi_U/load_unit_0/fifo_rreq/num_data_cnt[3]_i_1_n_0                                                                  | ap_rst_n                                                                                                                                                                                                     |                2 |              4 |         2.00 |
|  ap_clk      | bd_0_i/hls_inst/inst/C_m_axi_U/store_unit_0/conservative_gen.fifo_burst/U_fifo_srl/E[0]                                                       | ap_rst_n                                                                                                                                                                                                     |                1 |              5 |         5.00 |
|  ap_clk      | bd_0_i/hls_inst/inst/A_m_axi_U/bus_read/ost_ctrl_gen[0].fifo_burst/num_data_cnt[4]_i_1_n_0                                                    | ap_rst_n                                                                                                                                                                                                     |                2 |              5 |         2.50 |
|  ap_clk      | bd_0_i/hls_inst/inst/A_m_axi_U/bus_read/ost_ctrl_gen[0].fifo_rctl/mOutPtr                                                                     | ap_rst_n                                                                                                                                                                                                     |                1 |              5 |         5.00 |
|  ap_clk      | bd_0_i/hls_inst/inst/A_m_axi_U/bus_read/ost_ctrl_gen[0].fifo_rctl/num_data_cnt                                                                | ap_rst_n                                                                                                                                                                                                     |                1 |              5 |         5.00 |
|  ap_clk      | bd_0_i/hls_inst/inst/A_m_axi_U/bus_read/ost_ctrl_gen[0].fifo_burst/mOutPtr[4]_i_1_n_0                                                         | ap_rst_n                                                                                                                                                                                                     |                1 |              5 |         5.00 |
|  ap_clk      | bd_0_i/hls_inst/inst/C_m_axi_U/bus_write/wreq_throttle/fifo_burst_gen[0].fifo_req/mOutPtr[4]_i_1__4_n_0                                       | ap_rst_n                                                                                                                                                                                                     |                2 |              5 |         2.50 |
|  ap_clk      | bd_0_i/hls_inst/inst/C_m_axi_U/bus_write/fifo_resp_gen[0].fifo_resp/num_data_cnt[4]_i_1__5_n_0                                                | ap_rst_n                                                                                                                                                                                                     |                1 |              5 |         5.00 |
|  ap_clk      | bd_0_i/hls_inst/inst/C_m_axi_U/bus_write/fifo_resp_gen[0].fifo_resp/mOutPtr[4]_i_1__5_n_0                                                     | ap_rst_n                                                                                                                                                                                                     |                1 |              5 |         5.00 |
|  ap_clk      | bd_0_i/hls_inst/inst/C_m_axi_U/store_unit_0/fifo_wrsp/U_fifo_srl/s_ready_t_reg[0]                                                             | ap_rst_n                                                                                                                                                                                                     |                1 |              5 |         5.00 |
|  ap_clk      | bd_0_i/hls_inst/inst/C_m_axi_U/store_unit_0/conservative_gen.fifo_burst/U_fifo_srl/full_n_reg[0]                                              | ap_rst_n                                                                                                                                                                                                     |                1 |              5 |         5.00 |
|  ap_clk      |                                                                                                                                               | bd_0_i/hls_inst/inst/grp_top_kernel_Pipeline_VITIS_LOOP_69_4_fu_857/ap_predicate_pred2391_state45_i_1_n_0                                                                                                    |                2 |              5 |         2.50 |
|  ap_clk      | bd_0_i/hls_inst/inst/C_m_axi_U/store_unit_0/buff_wdata/raddr[4]_i_1__0_n_0                                                                    | ap_rst_n                                                                                                                                                                                                     |                2 |              5 |         2.50 |
|  ap_clk      | bd_0_i/hls_inst/inst/C_m_axi_U/store_unit_0/fifo_wrsp/U_fifo_srl/E[0]                                                                         | ap_rst_n                                                                                                                                                                                                     |                2 |              5 |         2.50 |
|  ap_clk      | bd_0_i/hls_inst/inst/C_m_axi_U/bus_write/wreq_throttle/fifo_burst_gen[0].fifo_req/num_data_cnt[4]_i_1__4_n_0                                  | ap_rst_n                                                                                                                                                                                                     |                2 |              5 |         2.50 |
|  ap_clk      | bd_0_i/hls_inst/inst/A_m_axi_U/load_unit_0/buff_rdata/p_0_in                                                                                  | bd_0_i/hls_inst/inst/grp_top_kernel_Pipeline_VITIS_LOOP_60_3_fu_709/flow_control_loop_pipe_sequential_init_U/grp_top_kernel_Pipeline_VITIS_LOOP_60_3_fu_709_ap_start_reg_reg                                 |                2 |              6 |         3.00 |
|  ap_clk      | bd_0_i/hls_inst/inst/grp_top_kernel_Pipeline_VITIS_LOOP_93_8_VITIS_LOOP_94_9_fu_951/ap_enable_reg_pp0_iter1_reg_1[0]                          | ap_rst_n                                                                                                                                                                                                     |                2 |              6 |         3.00 |
|  ap_clk      |                                                                                                                                               | bd_0_i/hls_inst/inst/grp_top_kernel_Pipeline_VITIS_LOOP_69_4_fu_857/and_ln77_14_reg_4156                                                                                                                     |                4 |              6 |         1.50 |
|  ap_clk      |                                                                                                                                               | bd_0_i/hls_inst/inst/grp_top_kernel_Pipeline_VITIS_LOOP_69_4_fu_857/ap_predicate_pred2405_state45_i_1_n_0                                                                                                    |                3 |              6 |         2.00 |
|  ap_clk      | bd_0_i/hls_inst/inst/grp_top_kernel_Pipeline_VITIS_LOOP_93_8_VITIS_LOOP_94_9_fu_951/ap_enable_reg_pp0_iter1_reg_0[0]                          | ap_rst_n                                                                                                                                                                                                     |                1 |              6 |         6.00 |
|  ap_clk      |                                                                                                                                               | bd_0_i/hls_inst/inst/grp_top_kernel_Pipeline_VITIS_LOOP_69_4_fu_857/ap_predicate_pred2562_state45_i_1_n_0                                                                                                    |                3 |              6 |         2.00 |
|  ap_clk      | bd_0_i/hls_inst/inst/grp_top_kernel_Pipeline_VITIS_LOOP_60_3_fu_709/flow_control_loop_pipe_sequential_init_U/dout_vld_reg[0]                  | bd_0_i/hls_inst/inst/grp_top_kernel_Pipeline_VITIS_LOOP_60_3_fu_709/flow_control_loop_pipe_sequential_init_U/ap_loop_init_int_reg_0[0]                                                                       |                2 |              7 |         3.50 |
|  ap_clk      | bd_0_i/hls_inst/inst/grp_top_kernel_Pipeline_VITIS_LOOP_83_6_fu_725/flow_control_loop_pipe_sequential_init_U/j_fu_326                         |                                                                                                                                                                                                              |                3 |              7 |         2.33 |
|  ap_clk      | bd_0_i/hls_inst/inst/grp_top_kernel_Pipeline_VITIS_LOOP_93_8_VITIS_LOOP_94_9_fu_951/flow_control_loop_pipe_sequential_init_U/i_fu_340         | bd_0_i/hls_inst/inst/grp_top_kernel_Pipeline_VITIS_LOOP_93_8_VITIS_LOOP_94_9_fu_951/flow_control_loop_pipe_sequential_init_U/grp_top_kernel_Pipeline_VITIS_LOOP_93_8_VITIS_LOOP_94_9_fu_951_ap_start_reg_reg |                4 |              8 |         2.00 |
|  ap_clk      | bd_0_i/hls_inst/inst/A_m_axi_U/load_unit_0/buff_rdata/U_fifo_mem/full_n_reg                                                                   | ap_rst_n                                                                                                                                                                                                     |                2 |              8 |         4.00 |
|  ap_clk      | bd_0_i/hls_inst/inst/C_m_axi_U/bus_write/wreq_burst_conv/burst_sequential/could_multi_bursts.last_loop                                        | ap_rst_n                                                                                                                                                                                                     |                2 |              8 |         4.00 |
|  ap_clk      | bd_0_i/hls_inst/inst/grp_top_kernel_Pipeline_VITIS_LOOP_93_8_VITIS_LOOP_94_9_fu_951/E[0]                                                      | ap_rst_n                                                                                                                                                                                                     |                1 |              8 |         8.00 |
|  ap_clk      | bd_0_i/hls_inst/inst/A_m_axi_U/bus_read/rreq_burst_conv/burst_sequential/could_multi_bursts.last_loop                                         | ap_rst_n                                                                                                                                                                                                     |                2 |              8 |         4.00 |
|  ap_clk      | bd_0_i/hls_inst/inst/A_m_axi_U/load_unit_0/buff_rdata/pop                                                                                     | ap_rst_n                                                                                                                                                                                                     |                2 |              8 |         4.00 |
|  ap_clk      | bd_0_i/hls_inst/inst/C_m_axi_U/bus_write/wreq_throttle/rs_req/E[0]                                                                            | bd_0_i/hls_inst/inst/C_m_axi_U/bus_write/wreq_throttle/rs_burst/ap_rst_n_0[0]                                                                                                                                |                2 |              8 |         4.00 |
|  ap_clk      | bd_0_i/hls_inst/inst/grp_top_kernel_Pipeline_VITIS_LOOP_60_3_fu_709/flow_control_loop_pipe_sequential_init_U/E[0]                             | bd_0_i/hls_inst/inst/control_s_axi_U/SR[0]                                                                                                                                                                   |                2 |              9 |         4.50 |
|  ap_clk      | bd_0_i/hls_inst/inst/A_m_axi_U/load_unit_0/buff_rdata/mOutPtr[8]_i_1_n_0                                                                      | ap_rst_n                                                                                                                                                                                                     |                2 |              9 |         4.50 |
|  ap_clk      | bd_0_i/hls_inst/inst/A_m_axi_U/load_unit_0/buff_rdata/num_data_cnt[8]_i_1_n_0                                                                 | ap_rst_n                                                                                                                                                                                                     |                2 |              9 |         4.50 |
|  ap_clk      | bd_0_i/hls_inst/inst/C_m_axi_U/bus_write/wreq_burst_conv/burst_sequential/rs_req/p_15_in                                                      | bd_0_i/hls_inst/inst/C_m_axi_U/bus_write/wreq_burst_conv/burst_sequential/sect_addr_buf[11]_i_1__0_n_0                                                                                                       |                1 |             10 |        10.00 |
|  ap_clk      | bd_0_i/hls_inst/inst/A_m_axi_U/bus_read/rreq_burst_conv/burst_sequential/rs_req/p_15_in                                                       | bd_0_i/hls_inst/inst/A_m_axi_U/bus_read/rreq_burst_conv/burst_sequential/sect_addr_buf[11]_i_1_n_0                                                                                                           |                2 |             10 |         5.00 |
|  ap_clk      |                                                                                                                                               | bd_0_i/hls_inst/inst/grp_top_kernel_Pipeline_VITIS_LOOP_69_4_fu_857/ap_predicate_pred2158_state45_i_1_n_0                                                                                                    |                5 |             12 |         2.40 |
|  ap_clk      |                                                                                                                                               | bd_0_i/hls_inst/inst/grp_top_kernel_Pipeline_VITIS_LOOP_69_4_fu_857/ap_predicate_pred2176_state45_i_1_n_0                                                                                                    |                5 |             12 |         2.40 |
|  ap_clk      |                                                                                                                                               | bd_0_i/hls_inst/inst/grp_top_kernel_Pipeline_VITIS_LOOP_69_4_fu_857/ap_predicate_pred2194_state45_i_1_n_0                                                                                                    |                6 |             12 |         2.00 |
|  ap_clk      |                                                                                                                                               | bd_0_i/hls_inst/inst/grp_top_kernel_Pipeline_VITIS_LOOP_69_4_fu_857/ap_predicate_pred2212_state45_i_1_n_0                                                                                                    |                6 |             12 |         2.00 |
|  ap_clk      |                                                                                                                                               | bd_0_i/hls_inst/inst/grp_top_kernel_Pipeline_VITIS_LOOP_69_4_fu_857/ap_predicate_pred2230_state45_i_1_n_0                                                                                                    |                6 |             12 |         2.00 |
|  ap_clk      |                                                                                                                                               | bd_0_i/hls_inst/inst/grp_top_kernel_Pipeline_VITIS_LOOP_69_4_fu_857/ap_predicate_pred2409_state45_i_1_n_0                                                                                                    |                7 |             13 |         1.86 |
|  ap_clk      |                                                                                                                                               | bd_0_i/hls_inst/inst/grp_top_kernel_Pipeline_VITIS_LOOP_69_4_fu_857/ap_predicate_pred2453_state45_i_1_n_0                                                                                                    |                8 |             16 |         2.00 |
|  ap_clk      |                                                                                                                                               | bd_0_i/hls_inst/inst/grp_top_kernel_Pipeline_VITIS_LOOP_69_4_fu_857/ap_predicate_pred2580_state45_i_1_n_0                                                                                                    |                8 |             16 |         2.00 |
|  ap_clk      | bd_0_i/hls_inst/inst/grp_top_kernel_Pipeline_VITIS_LOOP_93_8_VITIS_LOOP_94_9_fu_951/flow_control_loop_pipe_sequential_init_U/E[0]             | bd_0_i/hls_inst/inst/grp_top_kernel_Pipeline_VITIS_LOOP_93_8_VITIS_LOOP_94_9_fu_951/flow_control_loop_pipe_sequential_init_U/ap_enable_reg_pp0_iter2_reg[0]                                                  |                6 |             20 |         3.33 |
|  ap_clk      |                                                                                                                                               | bd_0_i/hls_inst/inst/grp_top_kernel_Pipeline_VITIS_LOOP_69_4_fu_857/sdiv_38ns_24s_38_42_1_U13/top_kernel_sdiv_38ns_24s_38_42_1_divider_u/p_2_out[0]                                                          |                3 |             23 |         7.67 |
|  ap_clk      |                                                                                                                                               | bd_0_i/hls_inst/inst/grp_top_kernel_Pipeline_VITIS_LOOP_69_4_fu_857/sdiv_38ns_24s_38_42_1_U19/top_kernel_sdiv_38ns_24s_38_42_1_divider_u/p_2_out[0]                                                          |                3 |             23 |         7.67 |
|  ap_clk      |                                                                                                                                               | bd_0_i/hls_inst/inst/grp_top_kernel_Pipeline_VITIS_LOOP_69_4_fu_857/sdiv_38ns_24s_38_42_1_U12/top_kernel_sdiv_38ns_24s_38_42_1_divider_u/p_2_out[0]                                                          |                3 |             23 |         7.67 |
|  ap_clk      |                                                                                                                                               | bd_0_i/hls_inst/inst/grp_top_kernel_Pipeline_VITIS_LOOP_69_4_fu_857/sdiv_38ns_24s_38_42_1_U14/top_kernel_sdiv_38ns_24s_38_42_1_divider_u/p_2_out[0]                                                          |                3 |             23 |         7.67 |
|  ap_clk      |                                                                                                                                               | bd_0_i/hls_inst/inst/grp_top_kernel_Pipeline_VITIS_LOOP_69_4_fu_857/sdiv_38ns_24s_38_42_1_U15/top_kernel_sdiv_38ns_24s_38_42_1_divider_u/p_2_out[0]                                                          |                3 |             23 |         7.67 |
|  ap_clk      |                                                                                                                                               | bd_0_i/hls_inst/inst/grp_top_kernel_Pipeline_VITIS_LOOP_69_4_fu_857/sdiv_38ns_24s_38_42_1_U18/top_kernel_sdiv_38ns_24s_38_42_1_divider_u/p_2_out[0]                                                          |                3 |             23 |         7.67 |
|  ap_clk      |                                                                                                                                               | bd_0_i/hls_inst/inst/grp_top_kernel_Pipeline_VITIS_LOOP_69_4_fu_857/sdiv_38ns_24s_38_42_1_U16/top_kernel_sdiv_38ns_24s_38_42_1_divider_u/p_2_out[0]                                                          |                3 |             23 |         7.67 |
|  ap_clk      |                                                                                                                                               | bd_0_i/hls_inst/inst/grp_top_kernel_Pipeline_VITIS_LOOP_69_4_fu_857/sdiv_38ns_24s_38_42_1_U17/top_kernel_sdiv_38ns_24s_38_42_1_divider_u/p_2_out[0]                                                          |                3 |             23 |         7.67 |
|  ap_clk      | bd_0_i/hls_inst/inst/grp_top_kernel_Pipeline_VITIS_LOOP_93_8_VITIS_LOOP_94_9_fu_951/select_ln99_3_reg_1815[23]_i_2_n_0                        | bd_0_i/hls_inst/inst/grp_top_kernel_Pipeline_VITIS_LOOP_93_8_VITIS_LOOP_94_9_fu_951/select_ln99_3_reg_1815                                                                                                   |                9 |             24 |         2.67 |
|  ap_clk      | bd_0_i/hls_inst/inst/grp_top_kernel_Pipeline_VITIS_LOOP_69_4_fu_857/sdiv_38ns_24s_38_42_1_U13/ap_predicate_pred1592_state45_reg[0]            | bd_0_i/hls_inst/inst/control_s_axi_U/SR[0]                                                                                                                                                                   |               14 |             24 |         1.71 |
|  ap_clk      | bd_0_i/hls_inst/inst/grp_top_kernel_Pipeline_VITIS_LOOP_69_4_fu_857/sdiv_38ns_24s_38_42_1_U13/ap_predicate_pred1535_state45_reg[0]            | bd_0_i/hls_inst/inst/control_s_axi_U/SR[0]                                                                                                                                                                   |               15 |             24 |         1.60 |
|  ap_clk      | bd_0_i/hls_inst/inst/grp_top_kernel_Pipeline_VITIS_LOOP_69_4_fu_857/sdiv_38ns_24s_38_42_1_U13/ap_predicate_pred1516_state45_reg[0]            | bd_0_i/hls_inst/inst/control_s_axi_U/SR[0]                                                                                                                                                                   |               15 |             24 |         1.60 |
|  ap_clk      | bd_0_i/hls_inst/inst/grp_top_kernel_Pipeline_VITIS_LOOP_69_4_fu_857/sdiv_38ns_24s_38_42_1_U14/ap_predicate_pred1673_state45_reg[0]            | bd_0_i/hls_inst/inst/control_s_axi_U/SR[0]                                                                                                                                                                   |               14 |             24 |         1.71 |
|  ap_clk      | bd_0_i/hls_inst/inst/grp_top_kernel_Pipeline_VITIS_LOOP_69_4_fu_857/sdiv_38ns_24s_38_42_1_U13/ap_predicate_pred1497_state45_reg[0]            | bd_0_i/hls_inst/inst/control_s_axi_U/SR[0]                                                                                                                                                                   |               12 |             24 |         2.00 |
|  ap_clk      | bd_0_i/hls_inst/inst/ap_CS_fsm_state12                                                                                                        | bd_0_i/hls_inst/inst/grp_top_kernel_Pipeline_VITIS_LOOP_60_3_fu_709/denom_1_reg_3201                                                                                                                         |                5 |             24 |         4.80 |
|  ap_clk      | bd_0_i/hls_inst/inst/grp_top_kernel_Pipeline_VITIS_LOOP_69_4_fu_857/sdiv_38ns_24s_38_42_1_U13/ap_predicate_pred1554_state45_reg[0]            | bd_0_i/hls_inst/inst/control_s_axi_U/SR[0]                                                                                                                                                                   |               12 |             24 |         2.00 |
|  ap_clk      | bd_0_i/hls_inst/inst/grp_top_kernel_Pipeline_VITIS_LOOP_93_8_VITIS_LOOP_94_9_fu_951/select_ln99_7_reg_1820[23]_i_2_n_0                        | bd_0_i/hls_inst/inst/grp_top_kernel_Pipeline_VITIS_LOOP_93_8_VITIS_LOOP_94_9_fu_951/mul_24s_24s_48_1_1_U248/SR[0]                                                                                            |                9 |             24 |         2.67 |
|  ap_clk      | bd_0_i/hls_inst/inst/grp_top_kernel_Pipeline_VITIS_LOOP_69_4_fu_857/sdiv_38ns_24s_38_42_1_U19/ap_predicate_pred2566_state45_reg[0]            | bd_0_i/hls_inst/inst/control_s_axi_U/SR[0]                                                                                                                                                                   |               17 |             24 |         1.41 |
|  ap_clk      | bd_0_i/hls_inst/inst/grp_top_kernel_Pipeline_VITIS_LOOP_69_4_fu_857/sdiv_38ns_24s_38_42_1_U19/ap_predicate_pred2548_state45_reg[0]            | bd_0_i/hls_inst/inst/control_s_axi_U/SR[0]                                                                                                                                                                   |               15 |             24 |         1.60 |
|  ap_clk      | bd_0_i/hls_inst/inst/grp_top_kernel_Pipeline_VITIS_LOOP_69_4_fu_857/sdiv_38ns_24s_38_42_1_U19/ap_predicate_pred2512_state45_reg[0]            | bd_0_i/hls_inst/inst/control_s_axi_U/SR[0]                                                                                                                                                                   |               17 |             24 |         1.41 |
|  ap_clk      | bd_0_i/hls_inst/inst/grp_top_kernel_Pipeline_VITIS_LOOP_69_4_fu_857/sdiv_38ns_24s_38_42_1_U19/ap_predicate_pred2494_state45_reg[0]            | bd_0_i/hls_inst/inst/control_s_axi_U/SR[0]                                                                                                                                                                   |               15 |             24 |         1.60 |
|  ap_clk      | bd_0_i/hls_inst/inst/grp_top_kernel_Pipeline_VITIS_LOOP_69_4_fu_857/sdiv_38ns_24s_38_42_1_U19/ap_predicate_pred2530_state45_reg[0]            | bd_0_i/hls_inst/inst/control_s_axi_U/SR[0]                                                                                                                                                                   |               17 |             24 |         1.41 |
|  ap_clk      | bd_0_i/hls_inst/inst/grp_top_kernel_Pipeline_VITIS_LOOP_69_4_fu_857/sdiv_38ns_24s_38_42_1_U12/ap_predicate_pred1310_state45_reg[0]            | bd_0_i/hls_inst/inst/control_s_axi_U/SR[0]                                                                                                                                                                   |               14 |             24 |         1.71 |
|  ap_clk      | bd_0_i/hls_inst/inst/grp_top_kernel_Pipeline_VITIS_LOOP_60_3_fu_709/flow_control_loop_pipe_sequential_init_U/empty_fu_102                     | bd_0_i/hls_inst/inst/grp_top_kernel_Pipeline_VITIS_LOOP_60_3_fu_709/flow_control_loop_pipe_sequential_init_U/ap_block_pp0_stage0_subdone_grp0_done_reg_reg                                                   |                4 |             24 |         6.00 |
|  ap_clk      | bd_0_i/hls_inst/inst/grp_top_kernel_Pipeline_VITIS_LOOP_60_3_fu_709/p_0_in__0                                                                 |                                                                                                                                                                                                              |                2 |             24 |        12.00 |
|  ap_clk      | bd_0_i/hls_inst/inst/grp_top_kernel_Pipeline_VITIS_LOOP_60_3_fu_709/p_0_in__1                                                                 |                                                                                                                                                                                                              |                2 |             24 |        12.00 |
|  ap_clk      | bd_0_i/hls_inst/inst/grp_top_kernel_Pipeline_VITIS_LOOP_60_3_fu_709/p_0_in__2                                                                 |                                                                                                                                                                                                              |                2 |             24 |        12.00 |
|  ap_clk      | bd_0_i/hls_inst/inst/grp_top_kernel_Pipeline_VITIS_LOOP_60_3_fu_709/p_0_in__3                                                                 |                                                                                                                                                                                                              |                2 |             24 |        12.00 |
|  ap_clk      | bd_0_i/hls_inst/inst/grp_top_kernel_Pipeline_VITIS_LOOP_60_3_fu_709/p_0_in__4                                                                 |                                                                                                                                                                                                              |                2 |             24 |        12.00 |
|  ap_clk      | bd_0_i/hls_inst/inst/grp_top_kernel_Pipeline_VITIS_LOOP_60_3_fu_709/p_0_in__5                                                                 |                                                                                                                                                                                                              |                2 |             24 |        12.00 |
|  ap_clk      | bd_0_i/hls_inst/inst/grp_top_kernel_Pipeline_VITIS_LOOP_69_4_fu_857/sdiv_38ns_24s_38_42_1_U12/ap_predicate_pred1464_state45_reg[0]            | bd_0_i/hls_inst/inst/control_s_axi_U/SR[0]                                                                                                                                                                   |               12 |             24 |         2.00 |
|  ap_clk      | bd_0_i/hls_inst/inst/grp_top_kernel_Pipeline_VITIS_LOOP_69_4_fu_857/sdiv_38ns_24s_38_42_1_U12/ap_predicate_pred1385_state45_reg[0]            | bd_0_i/hls_inst/inst/control_s_axi_U/SR[0]                                                                                                                                                                   |               11 |             24 |         2.18 |
|  ap_clk      | bd_0_i/hls_inst/inst/grp_top_kernel_Pipeline_VITIS_LOOP_69_4_fu_857/sdiv_38ns_24s_38_42_1_U12/ap_predicate_pred1360_state45_reg[0]            | bd_0_i/hls_inst/inst/control_s_axi_U/SR[0]                                                                                                                                                                   |               13 |             24 |         1.85 |
|  ap_clk      | bd_0_i/hls_inst/inst/grp_top_kernel_Pipeline_VITIS_LOOP_69_4_fu_857/sdiv_38ns_24s_38_42_1_U19/ap_predicate_pred2584_state45_reg[0]            | bd_0_i/hls_inst/inst/control_s_axi_U/SR[0]                                                                                                                                                                   |               12 |             24 |         2.00 |
|  ap_clk      | bd_0_i/hls_inst/inst/grp_top_kernel_Pipeline_VITIS_LOOP_69_4_fu_857/sdiv_38ns_24s_38_42_1_U12/ap_predicate_pred1285_state45_reg[0]            | bd_0_i/hls_inst/inst/control_s_axi_U/SR[0]                                                                                                                                                                   |               16 |             24 |         1.50 |
|  ap_clk      | bd_0_i/hls_inst/inst/grp_top_kernel_Pipeline_VITIS_LOOP_60_3_fu_709/p_0_in__6                                                                 |                                                                                                                                                                                                              |                2 |             24 |        12.00 |
|  ap_clk      | bd_0_i/hls_inst/inst/grp_top_kernel_Pipeline_VITIS_LOOP_69_4_fu_857/sdiv_38ns_24s_38_42_1_U12/ap_predicate_pred1335_state45_reg[0]            | bd_0_i/hls_inst/inst/control_s_axi_U/SR[0]                                                                                                                                                                   |               14 |             24 |         1.71 |
|  ap_clk      | bd_0_i/hls_inst/inst/grp_top_kernel_Pipeline_VITIS_LOOP_69_4_fu_857/sdiv_38ns_24s_38_42_1_U12/ap_predicate_pred1258_state45_reg[0]            | bd_0_i/hls_inst/inst/control_s_axi_U/SR[0]                                                                                                                                                                   |               16 |             24 |         1.50 |
|  ap_clk      | bd_0_i/hls_inst/inst/grp_top_kernel_Pipeline_VITIS_LOOP_60_3_fu_709/p_0_in__7                                                                 |                                                                                                                                                                                                              |                2 |             24 |        12.00 |
|  ap_clk      | bd_0_i/hls_inst/inst/grp_top_kernel_Pipeline_VITIS_LOOP_69_4_fu_857/sdiv_38ns_24s_38_42_1_U12/E[0]                                            | bd_0_i/hls_inst/inst/control_s_axi_U/SR[0]                                                                                                                                                                   |               15 |             24 |         1.60 |
|  ap_clk      | bd_0_i/hls_inst/inst/grp_top_kernel_Pipeline_VITIS_LOOP_69_4_fu_857/sdiv_38ns_24s_38_42_1_U13/ap_predicate_pred1642_state45_reg[0]            | bd_0_i/hls_inst/inst/control_s_axi_U/SR[0]                                                                                                                                                                   |               11 |             24 |         2.18 |
|  ap_clk      | bd_0_i/hls_inst/inst/grp_top_kernel_Pipeline_VITIS_LOOP_69_4_fu_857/sdiv_38ns_24s_38_42_1_U13/ap_predicate_pred1607_state45_reg[0]            | bd_0_i/hls_inst/inst/control_s_axi_U/SR[0]                                                                                                                                                                   |               13 |             24 |         1.85 |
|  ap_clk      | bd_0_i/hls_inst/inst/grp_top_kernel_Pipeline_VITIS_LOOP_69_4_fu_857/sdiv_38ns_24s_38_42_1_U13/ap_predicate_pred1573_state45_reg[0]            | bd_0_i/hls_inst/inst/control_s_axi_U/SR[0]                                                                                                                                                                   |               16 |             24 |         1.50 |
|  ap_clk      | bd_0_i/hls_inst/inst/grp_top_kernel_Pipeline_VITIS_LOOP_69_4_fu_857/sdiv_38ns_24s_38_42_1_U15/ap_predicate_pred1884_state45_reg[0]            | bd_0_i/hls_inst/inst/control_s_axi_U/SR[0]                                                                                                                                                                   |               11 |             24 |         2.18 |
|  ap_clk      | bd_0_i/hls_inst/inst/grp_top_kernel_Pipeline_VITIS_LOOP_69_4_fu_857/sdiv_38ns_24s_38_42_1_U16/ap_predicate_pred2113_state45_reg[0]            | bd_0_i/hls_inst/inst/control_s_axi_U/SR[0]                                                                                                                                                                   |               16 |             24 |         1.50 |
|  ap_clk      | bd_0_i/hls_inst/inst/grp_top_kernel_Pipeline_VITIS_LOOP_69_4_fu_857/sdiv_38ns_24s_38_42_1_U19/ap_predicate_pred2476_state45_reg[0]            | bd_0_i/hls_inst/inst/control_s_axi_U/SR[0]                                                                                                                                                                   |               16 |             24 |         1.50 |
|  ap_clk      | bd_0_i/hls_inst/inst/grp_top_kernel_Pipeline_VITIS_LOOP_69_4_fu_857/sdiv_38ns_24s_38_42_1_U16/ap_predicate_pred2059_state45_reg[0]            | bd_0_i/hls_inst/inst/control_s_axi_U/SR[0]                                                                                                                                                                   |               14 |             24 |         1.71 |
|  ap_clk      | bd_0_i/hls_inst/inst/grp_top_kernel_Pipeline_VITIS_LOOP_69_4_fu_857/sdiv_38ns_24s_38_42_1_U16/ap_predicate_pred2041_state45_reg[0]            | bd_0_i/hls_inst/inst/control_s_axi_U/SR[0]                                                                                                                                                                   |               13 |             24 |         1.85 |
|  ap_clk      | bd_0_i/hls_inst/inst/grp_top_kernel_Pipeline_VITIS_LOOP_69_4_fu_857/sdiv_38ns_24s_38_42_1_U16/ap_predicate_pred2077_state45_reg[0]            | bd_0_i/hls_inst/inst/control_s_axi_U/SR[0]                                                                                                                                                                   |               15 |             24 |         1.60 |
|  ap_clk      | bd_0_i/hls_inst/inst/grp_top_kernel_Pipeline_VITIS_LOOP_69_4_fu_857/sdiv_38ns_24s_38_42_1_U16/ap_predicate_pred2023_state45_reg[0]            | bd_0_i/hls_inst/inst/control_s_axi_U/SR[0]                                                                                                                                                                   |               13 |             24 |         1.85 |
|  ap_clk      | bd_0_i/hls_inst/inst/grp_top_kernel_Pipeline_VITIS_LOOP_69_4_fu_857/sdiv_38ns_24s_38_42_1_U16/ap_predicate_pred2005_state45_reg[0]            | bd_0_i/hls_inst/inst/control_s_axi_U/SR[0]                                                                                                                                                                   |               14 |             24 |         1.71 |
|  ap_clk      | bd_0_i/hls_inst/inst/grp_top_kernel_Pipeline_VITIS_LOOP_69_4_fu_857/sdiv_38ns_24s_38_42_1_U16/ap_predicate_pred1987_state45_reg[0]            | bd_0_i/hls_inst/inst/control_s_axi_U/SR[0]                                                                                                                                                                   |               17 |             24 |         1.41 |
|  ap_clk      | bd_0_i/hls_inst/inst/grp_top_kernel_Pipeline_VITIS_LOOP_69_4_fu_857/sdiv_38ns_24s_38_42_1_U15/ap_predicate_pred1956_state45_reg[0]            | bd_0_i/hls_inst/inst/control_s_axi_U/SR[0]                                                                                                                                                                   |               16 |             24 |         1.50 |
|  ap_clk      | bd_0_i/hls_inst/inst/grp_top_kernel_Pipeline_VITIS_LOOP_69_4_fu_857/sdiv_38ns_24s_38_42_1_U15/ap_predicate_pred1938_state45_reg[0]            | bd_0_i/hls_inst/inst/control_s_axi_U/SR[0]                                                                                                                                                                   |               13 |             24 |         1.85 |
|  ap_clk      | bd_0_i/hls_inst/inst/grp_top_kernel_Pipeline_VITIS_LOOP_69_4_fu_857/sdiv_38ns_24s_38_42_1_U15/ap_predicate_pred1902_state45_reg[0]            | bd_0_i/hls_inst/inst/control_s_axi_U/SR[0]                                                                                                                                                                   |               17 |             24 |         1.41 |
|  ap_clk      | bd_0_i/hls_inst/inst/grp_top_kernel_Pipeline_VITIS_LOOP_69_4_fu_857/sdiv_38ns_24s_38_42_1_U16/ap_predicate_pred2095_state45_reg[0]            | bd_0_i/hls_inst/inst/control_s_axi_U/SR[0]                                                                                                                                                                   |               11 |             24 |         2.18 |
|  ap_clk      | bd_0_i/hls_inst/inst/grp_top_kernel_Pipeline_VITIS_LOOP_69_4_fu_857/sdiv_38ns_24s_38_42_1_U15/ap_predicate_pred1920_state45_reg[0]            | bd_0_i/hls_inst/inst/control_s_axi_U/SR[0]                                                                                                                                                                   |               15 |             24 |         1.60 |
|  ap_clk      | bd_0_i/hls_inst/inst/grp_top_kernel_Pipeline_VITIS_LOOP_69_4_fu_857/sdiv_38ns_24s_38_42_1_U15/ap_predicate_pred1866_state45_reg[0]            | bd_0_i/hls_inst/inst/control_s_axi_U/SR[0]                                                                                                                                                                   |               15 |             24 |         1.60 |
|  ap_clk      | bd_0_i/hls_inst/inst/grp_top_kernel_Pipeline_VITIS_LOOP_69_4_fu_857/sdiv_38ns_24s_38_42_1_U15/ap_predicate_pred1848_state45_reg[0]            | bd_0_i/hls_inst/inst/control_s_axi_U/SR[0]                                                                                                                                                                   |               15 |             24 |         1.60 |
|  ap_clk      | bd_0_i/hls_inst/inst/grp_top_kernel_Pipeline_VITIS_LOOP_69_4_fu_857/sdiv_38ns_24s_38_42_1_U15/ap_predicate_pred1830_state45_reg[0]            | bd_0_i/hls_inst/inst/control_s_axi_U/SR[0]                                                                                                                                                                   |               14 |             24 |         1.71 |
|  ap_clk      | bd_0_i/hls_inst/inst/grp_top_kernel_Pipeline_VITIS_LOOP_69_4_fu_857/sdiv_38ns_24s_38_42_1_U14/ap_predicate_pred1799_state45_reg[0]            | bd_0_i/hls_inst/inst/control_s_axi_U/SR[0]                                                                                                                                                                   |               14 |             24 |         1.71 |
|  ap_clk      | bd_0_i/hls_inst/inst/grp_top_kernel_Pipeline_VITIS_LOOP_69_4_fu_857/sdiv_38ns_24s_38_42_1_U14/ap_predicate_pred1781_state45_reg[0]            | bd_0_i/hls_inst/inst/control_s_axi_U/SR[0]                                                                                                                                                                   |               15 |             24 |         1.60 |
|  ap_clk      | bd_0_i/hls_inst/inst/grp_top_kernel_Pipeline_VITIS_LOOP_69_4_fu_857/sdiv_38ns_24s_38_42_1_U14/ap_predicate_pred1745_state45_reg[0]            | bd_0_i/hls_inst/inst/control_s_axi_U/SR[0]                                                                                                                                                                   |               18 |             24 |         1.33 |
|  ap_clk      | bd_0_i/hls_inst/inst/grp_top_kernel_Pipeline_VITIS_LOOP_69_4_fu_857/sdiv_38ns_24s_38_42_1_U14/ap_predicate_pred1727_state45_reg[0]            | bd_0_i/hls_inst/inst/control_s_axi_U/SR[0]                                                                                                                                                                   |               16 |             24 |         1.50 |
|  ap_clk      | bd_0_i/hls_inst/inst/grp_top_kernel_Pipeline_VITIS_LOOP_69_4_fu_857/sdiv_38ns_24s_38_42_1_U14/ap_predicate_pred1763_state45_reg[0]            | bd_0_i/hls_inst/inst/control_s_axi_U/SR[0]                                                                                                                                                                   |               17 |             24 |         1.41 |
|  ap_clk      | bd_0_i/hls_inst/inst/grp_top_kernel_Pipeline_VITIS_LOOP_69_4_fu_857/sdiv_38ns_24s_38_42_1_U14/ap_predicate_pred1709_state45_reg[0]            | bd_0_i/hls_inst/inst/control_s_axi_U/SR[0]                                                                                                                                                                   |               17 |             24 |         1.41 |
|  ap_clk      | bd_0_i/hls_inst/inst/grp_top_kernel_Pipeline_VITIS_LOOP_69_4_fu_857/sdiv_38ns_24s_38_42_1_U14/ap_predicate_pred1691_state45_reg[0]            | bd_0_i/hls_inst/inst/control_s_axi_U/SR[0]                                                                                                                                                                   |               16 |             24 |         1.50 |
|  ap_clk      | bd_0_i/hls_inst/inst/grp_top_kernel_Pipeline_VITIS_LOOP_69_4_fu_857/sdiv_38ns_24s_38_42_1_U18/ap_predicate_pred2337_state45_reg[0]            | bd_0_i/hls_inst/inst/control_s_axi_U/SR[0]                                                                                                                                                                   |               13 |             24 |         1.85 |
|  ap_clk      | bd_0_i/hls_inst/inst/grp_top_kernel_Pipeline_VITIS_LOOP_69_4_fu_857/sdiv_38ns_24s_38_42_1_U19/ap_predicate_pred2458_state45_reg[0]            | bd_0_i/hls_inst/inst/control_s_axi_U/SR[0]                                                                                                                                                                   |               15 |             24 |         1.60 |
|  ap_clk      | bd_0_i/hls_inst/inst/grp_top_kernel_Pipeline_VITIS_LOOP_69_4_fu_857/sdiv_38ns_24s_38_42_1_U18/ap_predicate_pred2427_state45_reg[0]            | bd_0_i/hls_inst/inst/control_s_axi_U/SR[0]                                                                                                                                                                   |               11 |             24 |         2.18 |
|  ap_clk      | bd_0_i/hls_inst/inst/grp_top_kernel_Pipeline_VITIS_LOOP_69_4_fu_857/sdiv_38ns_24s_38_42_1_U18/ap_predicate_pred2409_state45_reg[0]            | bd_0_i/hls_inst/inst/control_s_axi_U/SR[0]                                                                                                                                                                   |               16 |             24 |         1.50 |
|  ap_clk      | bd_0_i/hls_inst/inst/grp_top_kernel_Pipeline_VITIS_LOOP_69_4_fu_857/sdiv_38ns_24s_38_42_1_U18/ap_predicate_pred2373_state45_reg[0]            | bd_0_i/hls_inst/inst/control_s_axi_U/SR[0]                                                                                                                                                                   |               14 |             24 |         1.71 |
|  ap_clk      | bd_0_i/hls_inst/inst/grp_top_kernel_Pipeline_VITIS_LOOP_69_4_fu_857/sdiv_38ns_24s_38_42_1_U18/ap_predicate_pred2355_state45_reg[0]            | bd_0_i/hls_inst/inst/control_s_axi_U/SR[0]                                                                                                                                                                   |               17 |             24 |         1.41 |
|  ap_clk      | bd_0_i/hls_inst/inst/grp_top_kernel_Pipeline_VITIS_LOOP_69_4_fu_857/sdiv_38ns_24s_38_42_1_U18/ap_predicate_pred2391_state45_reg[0]            | bd_0_i/hls_inst/inst/control_s_axi_U/SR[0]                                                                                                                                                                   |               15 |             24 |         1.60 |
|  ap_clk      | bd_0_i/hls_inst/inst/grp_top_kernel_Pipeline_VITIS_LOOP_69_4_fu_857/sdiv_38ns_24s_38_42_1_U17/ap_predicate_pred2144_state45_reg[0]            | bd_0_i/hls_inst/inst/control_s_axi_U/SR[0]                                                                                                                                                                   |               15 |             24 |         1.60 |
|  ap_clk      | bd_0_i/hls_inst/inst/grp_top_kernel_Pipeline_VITIS_LOOP_69_4_fu_857/sdiv_38ns_24s_38_42_1_U18/ap_predicate_pred2319_state45_reg[0]            | bd_0_i/hls_inst/inst/control_s_axi_U/SR[0]                                                                                                                                                                   |               16 |             24 |         1.50 |
|  ap_clk      | bd_0_i/hls_inst/inst/grp_top_kernel_Pipeline_VITIS_LOOP_69_4_fu_857/sdiv_38ns_24s_38_42_1_U18/ap_predicate_pred2301_state45_reg[0]            | bd_0_i/hls_inst/inst/control_s_axi_U/SR[0]                                                                                                                                                                   |                8 |             24 |         3.00 |
|  ap_clk      | bd_0_i/hls_inst/inst/grp_top_kernel_Pipeline_VITIS_LOOP_69_4_fu_857/sdiv_38ns_24s_38_42_1_U17/ap_predicate_pred2270_state45_reg[0]            | bd_0_i/hls_inst/inst/control_s_axi_U/SR[0]                                                                                                                                                                   |               14 |             24 |         1.71 |
|  ap_clk      | bd_0_i/hls_inst/inst/grp_top_kernel_Pipeline_VITIS_LOOP_69_4_fu_857/sdiv_38ns_24s_38_42_1_U17/ap_predicate_pred2162_state45_reg[0]            | bd_0_i/hls_inst/inst/control_s_axi_U/SR[0]                                                                                                                                                                   |               15 |             24 |         1.60 |
|  ap_clk      | bd_0_i/hls_inst/inst/grp_top_kernel_Pipeline_VITIS_LOOP_69_4_fu_857/sdiv_38ns_24s_38_42_1_U17/ap_predicate_pred2252_state45_reg[0]            | bd_0_i/hls_inst/inst/control_s_axi_U/SR[0]                                                                                                                                                                   |               20 |             24 |         1.20 |
|  ap_clk      | bd_0_i/hls_inst/inst/grp_top_kernel_Pipeline_VITIS_LOOP_69_4_fu_857/sdiv_38ns_24s_38_42_1_U17/ap_predicate_pred2216_state45_reg[0]            | bd_0_i/hls_inst/inst/control_s_axi_U/SR[0]                                                                                                                                                                   |               17 |             24 |         1.41 |
|  ap_clk      | bd_0_i/hls_inst/inst/grp_top_kernel_Pipeline_VITIS_LOOP_69_4_fu_857/sdiv_38ns_24s_38_42_1_U17/ap_predicate_pred2180_state45_reg[0]            | bd_0_i/hls_inst/inst/control_s_axi_U/SR[0]                                                                                                                                                                   |               16 |             24 |         1.50 |
|  ap_clk      | bd_0_i/hls_inst/inst/grp_top_kernel_Pipeline_VITIS_LOOP_69_4_fu_857/sdiv_38ns_24s_38_42_1_U17/ap_predicate_pred2234_state45_reg[0]            | bd_0_i/hls_inst/inst/control_s_axi_U/SR[0]                                                                                                                                                                   |               15 |             24 |         1.60 |
|  ap_clk      | bd_0_i/hls_inst/inst/grp_top_kernel_Pipeline_VITIS_LOOP_69_4_fu_857/sdiv_38ns_24s_38_42_1_U17/ap_predicate_pred2198_state45_reg[0]            | bd_0_i/hls_inst/inst/control_s_axi_U/SR[0]                                                                                                                                                                   |               15 |             24 |         1.60 |
|  ap_clk      | bd_0_i/hls_inst/inst/grp_top_kernel_Pipeline_VITIS_LOOP_93_8_VITIS_LOOP_94_9_fu_951/push                                                      |                                                                                                                                                                                                              |                4 |             28 |         7.00 |
|  ap_clk      | bd_0_i/hls_inst/inst/C_m_axi_U/bus_write/wreq_throttle/rs_burst/dout_vld_reg[0]                                                               | ap_rst_n                                                                                                                                                                                                     |                7 |             28 |         4.00 |
|  ap_clk      | bd_0_i/hls_inst/inst/C_m_axi_U/bus_write/wreq_throttle/rs_req/ap_rst_n_1                                                                      | bd_0_i/hls_inst/inst/C_m_axi_U/bus_write/wreq_throttle/rs_req/ap_rst_n_0                                                                                                                                     |                4 |             28 |         7.00 |
|  ap_clk      | bd_0_i/hls_inst/inst/A_m_axi_U/load_unit_0/buff_rdata/p_0_in                                                                                  |                                                                                                                                                                                                              |               11 |             31 |         2.82 |
|  ap_clk      | bd_0_i/hls_inst/inst/control_s_axi_U/int_C_r[63]_i_1_n_0                                                                                      | ap_rst_n                                                                                                                                                                                                     |               22 |             32 |         1.45 |
|  ap_clk      | bd_0_i/hls_inst/inst/control_s_axi_U/int_C_r[31]_i_1_n_0                                                                                      | ap_rst_n                                                                                                                                                                                                     |               22 |             32 |         1.45 |
|  ap_clk      | bd_0_i/hls_inst/inst/control_s_axi_U/int_A_r[63]_i_1_n_0                                                                                      | ap_rst_n                                                                                                                                                                                                     |               22 |             32 |         1.45 |
|  ap_clk      | bd_0_i/hls_inst/inst/control_s_axi_U/int_A_r[31]_i_1_n_0                                                                                      | ap_rst_n                                                                                                                                                                                                     |               22 |             32 |         1.45 |
|  ap_clk      | bd_0_i/hls_inst/inst/control_s_axi_U/ar_hs                                                                                                    |                                                                                                                                                                                                              |               23 |             32 |         1.39 |
|  ap_clk      | bd_0_i/hls_inst/inst/A_m_axi_U/bus_read/rs_rdata/load_p1                                                                                      |                                                                                                                                                                                                              |                5 |             33 |         6.60 |
|  ap_clk      | bd_0_i/hls_inst/inst/A_m_axi_U/bus_read/rs_rdata/load_p2                                                                                      |                                                                                                                                                                                                              |                5 |             33 |         6.60 |
|  ap_clk      | bd_0_i/hls_inst/inst/grp_top_kernel_Pipeline_VITIS_LOOP_93_8_VITIS_LOOP_94_9_fu_951/flow_control_loop_pipe_sequential_init_U/ap_CS_fsm_reg[0] |                                                                                                                                                                                                              |               35 |             37 |         1.06 |
|  ap_clk      | bd_0_i/hls_inst/inst/grp_top_kernel_Pipeline_VITIS_LOOP_93_8_VITIS_LOOP_94_9_fu_951/add_ln99_reg_17840                                        |                                                                                                                                                                                                              |               13 |             51 |         3.92 |
|  ap_clk      | bd_0_i/hls_inst/inst/A_m_axi_U/bus_read/rreq_burst_conv/burst_sequential/rs_req/E[0]                                                          | ap_rst_n                                                                                                                                                                                                     |               15 |             53 |         3.53 |
|  ap_clk      | bd_0_i/hls_inst/inst/C_m_axi_U/bus_write/wreq_burst_conv/burst_sequential/rs_req/state_reg[0]_1[0]                                            | ap_rst_n                                                                                                                                                                                                     |               15 |             53 |         3.53 |
|  ap_clk      | bd_0_i/hls_inst/inst/C_m_axi_U/bus_write/wreq_throttle/fifo_burst_gen[0].fifo_req/U_fifo_srl/push                                             |                                                                                                                                                                                                              |                4 |             62 |        15.50 |
|  ap_clk      | bd_0_i/hls_inst/inst/C_m_axi_U/bus_write/wreq_throttle/rs_burst/pop                                                                           | ap_rst_n                                                                                                                                                                                                     |               12 |             62 |         5.17 |
|  ap_clk      | bd_0_i/hls_inst/inst/A_m_axi_U/load_unit_0/fifo_rreq/U_fifo_srl/ap_CS_fsm_reg[1]                                                              |                                                                                                                                                                                                              |                5 |             63 |        12.60 |
|  ap_clk      | bd_0_i/hls_inst/inst/A_m_axi_U/load_unit_0/fifo_rreq/U_fifo_srl/pop                                                                           | ap_rst_n                                                                                                                                                                                                     |               20 |             63 |         3.15 |
|  ap_clk      | bd_0_i/hls_inst/inst/C_m_axi_U/store_unit_0/fifo_wreq/U_fifo_srl/push_0                                                                       |                                                                                                                                                                                                              |                5 |             63 |        12.60 |
|  ap_clk      | bd_0_i/hls_inst/inst/C_m_axi_U/store_unit_0/fifo_wreq/U_fifo_srl/pop                                                                          | ap_rst_n                                                                                                                                                                                                     |               18 |             63 |         3.50 |
|  ap_clk      | bd_0_i/hls_inst/inst/C_m_axi_U/store_unit_0/fifo_wreq/next_wreq                                                                               | ap_rst_n                                                                                                                                                                                                     |               18 |             64 |         3.56 |
|  ap_clk      | bd_0_i/hls_inst/inst/A_m_axi_U/load_unit_0/E[0]                                                                                               |                                                                                                                                                                                                              |               15 |             64 |         4.27 |
|  ap_clk      | bd_0_i/hls_inst/inst/A_m_axi_U/load_unit_0/fifo_rreq/E[0]                                                                                     | ap_rst_n                                                                                                                                                                                                     |               19 |             64 |         3.37 |
|  ap_clk      | bd_0_i/hls_inst/inst/C_m_axi_U/bus_write/wreq_burst_conv/burst_sequential/rs_req/load_p1                                                      |                                                                                                                                                                                                              |               14 |             64 |         4.57 |
|  ap_clk      | bd_0_i/hls_inst/inst/C_m_axi_U/store_unit_0/tmp_valid_reg_0[0]                                                                                |                                                                                                                                                                                                              |               14 |             64 |         4.57 |
|  ap_clk      | bd_0_i/hls_inst/inst/A_m_axi_U/bus_read/rreq_burst_conv/burst_sequential/rs_req/load_p1                                                       |                                                                                                                                                                                                              |               15 |             64 |         4.27 |
|  ap_clk      | bd_0_i/hls_inst/inst/C_m_axi_U/bus_write/wreq_throttle/rs_req/load_p1                                                                         |                                                                                                                                                                                                              |               16 |             66 |         4.12 |
|  ap_clk      | bd_0_i/hls_inst/inst/C_m_axi_U/bus_write/wreq_throttle/fifo_burst_gen[0].fifo_req/E[0]                                                        |                                                                                                                                                                                                              |               16 |             66 |         4.12 |
|  ap_clk      | bd_0_i/hls_inst/inst/ap_CS_fsm_state10                                                                                                        |                                                                                                                                                                                                              |               19 |             70 |         3.68 |
|  ap_clk      | bd_0_i/hls_inst/inst/C_m_axi_U/bus_write/wreq_burst_conv/burst_sequential/E[0]                                                                | ap_rst_n                                                                                                                                                                                                     |               10 |             71 |         7.10 |
|  ap_clk      | bd_0_i/hls_inst/inst/A_m_axi_U/bus_read/rreq_burst_conv/burst_sequential/E[0]                                                                 | ap_rst_n                                                                                                                                                                                                     |                9 |             71 |         7.89 |
|  ap_clk      | bd_0_i/hls_inst/inst/C_m_axi_U/bus_write/wreq_burst_conv/burst_sequential/rs_req/p_15_in                                                      | ap_rst_n                                                                                                                                                                                                     |               19 |             77 |         4.05 |
|  ap_clk      | bd_0_i/hls_inst/inst/A_m_axi_U/bus_read/rreq_burst_conv/burst_sequential/rs_req/p_15_in                                                       | ap_rst_n                                                                                                                                                                                                     |               18 |             77 |         4.28 |
|  ap_clk      | bd_0_i/hls_inst/inst/A_m_axi_U/bus_read/rreq_burst_conv/burst_sequential/rs_req/state_reg[0]_2[0]                                             | ap_rst_n                                                                                                                                                                                                     |               28 |            103 |         3.68 |
|  ap_clk      | bd_0_i/hls_inst/inst/C_m_axi_U/bus_write/wreq_burst_conv/burst_sequential/rs_req/E[0]                                                         | ap_rst_n                                                                                                                                                                                                     |               23 |            103 |         4.48 |
|  ap_clk      | bd_0_i/hls_inst/inst/ap_CS_fsm_state1                                                                                                         |                                                                                                                                                                                                              |               34 |            124 |         3.65 |
|  ap_clk      | bd_0_i/hls_inst/inst/grp_top_kernel_Pipeline_VITIS_LOOP_83_6_fu_725/flow_control_loop_pipe_sequential_init_U/j_fu_326_reg[6]_5[0]             |                                                                                                                                                                                                              |               34 |            136 |         4.00 |
|  ap_clk      | bd_0_i/hls_inst/inst/grp_top_kernel_Pipeline_VITIS_LOOP_83_6_fu_725/flow_control_loop_pipe_sequential_init_U/j_fu_326_reg[6]_4[0]             |                                                                                                                                                                                                              |               34 |            136 |         4.00 |
|  ap_clk      | bd_0_i/hls_inst/inst/grp_top_kernel_Pipeline_VITIS_LOOP_83_6_fu_725/flow_control_loop_pipe_sequential_init_U/j_fu_326_reg[6]_3[0]             |                                                                                                                                                                                                              |               34 |            136 |         4.00 |
|  ap_clk      | bd_0_i/hls_inst/inst/grp_top_kernel_Pipeline_VITIS_LOOP_83_6_fu_725/flow_control_loop_pipe_sequential_init_U/j_fu_326_reg[6]_2[0]             |                                                                                                                                                                                                              |               34 |            136 |         4.00 |
|  ap_clk      | bd_0_i/hls_inst/inst/grp_top_kernel_Pipeline_VITIS_LOOP_83_6_fu_725/flow_control_loop_pipe_sequential_init_U/j_fu_326_reg[6]_1[0]             |                                                                                                                                                                                                              |               34 |            136 |         4.00 |
|  ap_clk      | bd_0_i/hls_inst/inst/grp_top_kernel_Pipeline_VITIS_LOOP_83_6_fu_725/flow_control_loop_pipe_sequential_init_U/j_fu_326_reg[6]_0[0]             |                                                                                                                                                                                                              |               35 |            136 |         3.89 |
|  ap_clk      | bd_0_i/hls_inst/inst/grp_top_kernel_Pipeline_VITIS_LOOP_83_6_fu_725/flow_control_loop_pipe_sequential_init_U/j_fu_326_reg[6][0]               |                                                                                                                                                                                                              |               35 |            136 |         3.89 |
|  ap_clk      | bd_0_i/hls_inst/inst/grp_top_kernel_Pipeline_VITIS_LOOP_83_6_fu_725/flow_control_loop_pipe_sequential_init_U/E[0]                             |                                                                                                                                                                                                              |               34 |            136 |         4.00 |
|  ap_clk      |                                                                                                                                               | ap_rst_n                                                                                                                                                                                                     |               78 |            172 |         2.21 |
|  ap_clk      | bd_0_i/hls_inst/inst/grp_top_kernel_Pipeline_VITIS_LOOP_60_3_fu_709/row_buf_ce0                                                               |                                                                                                                                                                                                              |               64 |            192 |         3.00 |
|  ap_clk      |                                                                                                                                               |                                                                                                                                                                                                              |             1873 |          19083 |        10.19 |
+--------------+-----------------------------------------------------------------------------------------------------------------------------------------------+--------------------------------------------------------------------------------------------------------------------------------------------------------------------------------------------------------------+------------------+----------------+--------------+


