
*** Running vivado
    with args -log bd_0_wrapper.vdi -applog -m64 -product Vivado -messageDb vivado.pb -mode batch -source bd_0_wrapper.tcl -notrace


****** Vivado v2025.1.1 (64-bit)
  **** SW Build 6233196 on Thu Sep 11 21:27:11 MDT 2025
  **** IP Build 6232796 on Fri Sep 12 01:46:16 MDT 2025
  **** SharedData Build 6233195 on Thu Sep 11 17:56:43 MDT 2025
  **** Start of session at: Tue Feb  3 21:17:26 2026
    ** Copyright 1986-2022 Xilinx, Inc. All Rights Reserved.
    ** Copyright 2022-2025 Advanced Micro Devices, Inc. All Rights Reserved.

source bd_0_wrapper.tcl -notrace
INFO: Dispatch client connection id - 34223
Command: open_checkpoint /nethome/wsun377/ece8893/FPGA_ECE8893_1/2026_Spring/lab1_parallel/project_1/hls/impl/verilog/project.runs/impl_1/bd_0_wrapper.dcp
INFO: [Device 21-403] Loading part xczu3eg-sbva484-1-e
Netlist sorting complete. Time (s): cpu = 00:00:00.33 ; elapsed = 00:00:00.34 . Memory (MB): peak = 0.000 ; gain = 0.000 ; free physical = 77669 ; free virtual = 140150
INFO: [Netlist 29-17] Analyzing 2154 Unisim elements for replacement
INFO: [Netlist 29-28] Unisim Transformation completed in 0 CPU seconds
INFO: [Project 1-479] Netlist was created with Vivado 2025.1.1
INFO: [Project 1-570] Preparing netlist for logic optimization
Read ShapeDB Complete: Time (s): cpu = 00:00:00.1 ; elapsed = 00:00:00.12 . Memory (MB): peak = 0.000 ; gain = 0.000 ; free physical = 76602 ; free virtual = 139091
INFO: [Timing 38-478] Restoring timing data from binary archive.
INFO: [Timing 38-479] Binary timing data restore complete.
INFO: [Project 1-856] Restoring constraints from binary archive.
INFO: [Project 1-853] Binary constraint restore complete.
Netlist sorting complete. Time (s): cpu = 00:00:00.01 ; elapsed = 00:00:00.02 . Memory (MB): peak = 0.000 ; gain = 0.000 ; free physical = 76985 ; free virtual = 139480
INFO: [Project 1-111] Unisim Transformation Summary:
  A total of 194 instances were transformed.
  DSP48E2 => DSP48E2 (DSP_ALU, DSP_A_B_DATA, DSP_C_DATA, DSP_MULTIPLIER, DSP_M_DATA, DSP_OUTPUT, DSP_PREADD, DSP_PREADD_DATA): 2 instances
  RAM16X1S => RAM32X1S (RAMS32): 192 instances

INFO: [Project 1-604] Checkpoint was created with Vivado v2025.1.1 (64-bit) build 6233196
open_checkpoint: Time (s): cpu = 00:00:49 ; elapsed = 00:00:40 . Memory (MB): peak = 0.000 ; gain = 0.000 ; free physical = 76926 ; free virtual = 139422
INFO: [IP_Flow 19-234] Refreshing IP repositories
INFO: [IP_Flow 19-1700] Loaded user IP repository '/nethome/wsun377/ece8893/FPGA_ECE8893_1/2026_Spring/lab1_parallel/project_1/hls/impl/ip'.
INFO: [IP_Flow 19-2313] Loaded Vivado IP repository '/tools/software/xilinx/2025.1.1/data/ip'.
Command: opt_design
Attempting to get a license for feature 'Implementation' and/or device 'xczu3eg'
INFO: [Common 17-349] Got license for feature 'Implementation' and/or device 'xczu3eg'
Running DRC as a precondition to command opt_design

Starting DRC Task
INFO: [DRC 23-27] Running DRC with 8 threads
WARNING: [DRC 23-814] Not all possible (connectivity based) DRCs may have been run because this design is seen as Out of Context.
INFO: [Project 1-461] DRC finished with 0 Errors
INFO: [Project 1-462] Please refer to the DRC report (report_drc) for more information.

Time (s): cpu = 00:00:05 ; elapsed = 00:00:01 . Memory (MB): peak = 0.000 ; gain = 0.000 ; free physical = 76825 ; free virtual = 139323

Starting Cache Timing Information Task
Ending Cache Timing Information Task | Checksum: 8b538e26

Time (s): cpu = 00:00:01 ; elapsed = 00:00:01 . Memory (MB): peak = 0.000 ; gain = 0.000 ; free physical = 76654 ; free virtual = 139161

Starting Logic Optimization Task

Phase 1 Initialization

Phase 1.1 Core Generation And Design Setup
Phase 1.1 Core Generation And Design Setup | Checksum: 8b538e26

Time (s): cpu = 00:00:00.05 ; elapsed = 00:00:00.06 . Memory (MB): peak = 0.000 ; gain = 0.000 ; free physical = 76159 ; free virtual = 138669

Phase 1.2 Setup Constraints And Sort Netlist
Phase 1.2 Setup Constraints And Sort Netlist | Checksum: 8b538e26

Time (s): cpu = 00:00:00.08 ; elapsed = 00:00:00.09 . Memory (MB): peak = 0.000 ; gain = 0.000 ; free physical = 76159 ; free virtual = 138669
Phase 1 Initialization | Checksum: 8b538e26

Time (s): cpu = 00:00:00.08 ; elapsed = 00:00:00.09 . Memory (MB): peak = 0.000 ; gain = 0.000 ; free physical = 76159 ; free virtual = 138669

Phase 2 Timer Update And Timing Data Collection

Phase 2.1 Timer Update
Phase 2.1 Timer Update | Checksum: 8b538e26

Time (s): cpu = 00:00:03 ; elapsed = 00:00:00.84 . Memory (MB): peak = 0.000 ; gain = 0.000 ; free physical = 76142 ; free virtual = 138653

Phase 2.2 Timing Data Collection
Phase 2.2 Timing Data Collection | Checksum: 8b538e26

Time (s): cpu = 00:00:03 ; elapsed = 00:00:00.99 . Memory (MB): peak = 0.000 ; gain = 0.000 ; free physical = 76105 ; free virtual = 138616
Phase 2 Timer Update And Timing Data Collection | Checksum: 8b538e26

Time (s): cpu = 00:00:03 ; elapsed = 00:00:00.99 . Memory (MB): peak = 0.000 ; gain = 0.000 ; free physical = 76104 ; free virtual = 138615

Phase 3 Retarget
INFO: [Opt 31-1851] Number of loadless carry chains removed were: 0
INFO: [Opt 31-1834] Total Chains To Be Transformed Were: 0 AND Number of Transformed insts Created are: 0
INFO: [Opt 31-138] Pushed 10 inverter(s) to 1636 load pin(s).
INFO: [Opt 31-49] Retargeted 0 cell(s).
Phase 3 Retarget | Checksum: aa82ff39

Time (s): cpu = 00:00:05 ; elapsed = 00:00:03 . Memory (MB): peak = 0.000 ; gain = 0.000 ; free physical = 76238 ; free virtual = 138770
Retarget | Checksum: aa82ff39
INFO: [Opt 31-389] Phase Retarget created 44 cells and removed 62 cells

Phase 4 Constant propagation
INFO: [Opt 31-138] Pushed 0 inverter(s) to 0 load pin(s).
Phase 4 Constant propagation | Checksum: b96b66ff

Time (s): cpu = 00:00:05 ; elapsed = 00:00:03 . Memory (MB): peak = 0.000 ; gain = 0.000 ; free physical = 77735 ; free virtual = 140247
Constant propagation | Checksum: b96b66ff
INFO: [Opt 31-389] Phase Constant propagation created 0 cells and removed 0 cells

Phase 5 Sweep
INFO: [Constraints 18-11670] Building netlist checker database with flags, 0x8
Done building netlist checker database: Time (s): cpu = 00:00:00.01 ; elapsed = 00:00:00.02 . Memory (MB): peak = 0.000 ; gain = 0.000 ; free physical = 78342 ; free virtual = 140855
INFO: [Constraints 18-11670] Building netlist checker database with flags, 0x8
Done building netlist checker database: Time (s): cpu = 00:00:00.02 ; elapsed = 00:00:00.01 . Memory (MB): peak = 0.000 ; gain = 0.000 ; free physical = 78291 ; free virtual = 140803
Phase 5 Sweep | Checksum: 642fa3a3

Time (s): cpu = 00:00:06 ; elapsed = 00:00:04 . Memory (MB): peak = 0.000 ; gain = 0.000 ; free physical = 78339 ; free virtual = 140850
Sweep | Checksum: 642fa3a3
INFO: [Opt 31-389] Phase Sweep created 0 cells and removed 0 cells

Phase 6 BUFG optimization
INFO: [Opt 31-1077] Phase BUFG optimization inserted 0 global clock buffer(s) for CLOCK_LOW_FANOUT.
Phase 6 BUFG optimization | Checksum: 642fa3a3

Time (s): cpu = 00:00:06 ; elapsed = 00:00:04 . Memory (MB): peak = 0.000 ; gain = 0.000 ; free physical = 78333 ; free virtual = 140847
BUFG optimization | Checksum: 642fa3a3
INFO: [Opt 31-662] Phase BUFG optimization created 0 cells of which 0 are BUFGs and removed 0 cells.

Phase 7 Shift Register Optimization
INFO: [Opt 31-1064] SRL Remap converted 0 SRLs to 0 registers and converted 0 registers of register chains to 0 SRLs
Phase 7 Shift Register Optimization | Checksum: 642fa3a3

Time (s): cpu = 00:00:06 ; elapsed = 00:00:04 . Memory (MB): peak = 0.000 ; gain = 0.000 ; free physical = 78333 ; free virtual = 140847
Shift Register Optimization | Checksum: 642fa3a3
INFO: [Opt 31-389] Phase Shift Register Optimization created 0 cells and removed 0 cells

Phase 8 Post Processing Netlist
Phase 8 Post Processing Netlist | Checksum: 642fa3a3

Time (s): cpu = 00:00:06 ; elapsed = 00:00:04 . Memory (MB): peak = 0.000 ; gain = 0.000 ; free physical = 78328 ; free virtual = 140842
Post Processing Netlist | Checksum: 642fa3a3
INFO: [Opt 31-389] Phase Post Processing Netlist created 0 cells and removed 0 cells

Phase 9 Finalization

Phase 9.1 Finalizing Design Cores and Updating Shapes
Phase 9.1 Finalizing Design Cores and Updating Shapes | Checksum: 163542a1d

Time (s): cpu = 00:00:08 ; elapsed = 00:00:06 . Memory (MB): peak = 0.000 ; gain = 0.000 ; free physical = 78124 ; free virtual = 140644

Phase 9.2 Verifying Netlist Connectivity

Starting Connectivity Check Task

Time (s): cpu = 00:00:00.1 ; elapsed = 00:00:00.1 . Memory (MB): peak = 0.000 ; gain = 0.000 ; free physical = 78144 ; free virtual = 140664
Phase 9.2 Verifying Netlist Connectivity | Checksum: 163542a1d

Time (s): cpu = 00:00:08 ; elapsed = 00:00:06 . Memory (MB): peak = 0.000 ; gain = 0.000 ; free physical = 78144 ; free virtual = 140664
Phase 9 Finalization | Checksum: 163542a1d

Time (s): cpu = 00:00:08 ; elapsed = 00:00:06 . Memory (MB): peak = 0.000 ; gain = 0.000 ; free physical = 78143 ; free virtual = 140663
Opt_design Change Summary
=========================


-------------------------------------------------------------------------------------------------------------------------
|  Phase                        |  #Cells created  |  #Cells Removed  |  #Constrained objects preventing optimizations  |
-------------------------------------------------------------------------------------------------------------------------
|  Retarget                     |              44  |              62  |                                              0  |
|  Constant propagation         |               0  |               0  |                                              0  |
|  Sweep                        |               0  |               0  |                                              0  |
|  BUFG optimization            |               0  |               0  |                                              0  |
|  Shift Register Optimization  |               0  |               0  |                                              0  |
|  Post Processing Netlist      |               0  |               0  |                                              0  |
-------------------------------------------------------------------------------------------------------------------------


Ending Logic Optimization Task | Checksum: 163542a1d

Time (s): cpu = 00:00:08 ; elapsed = 00:00:06 . Memory (MB): peak = 0.000 ; gain = 0.000 ; free physical = 78141 ; free virtual = 140661

Starting Power Optimization Task
INFO: [Pwropt 34-132] Skipping clock gating for clocks with a period < 2.00 ns.
INFO: [Pwropt 34-9] Applying IDT optimizations ...
INFO: [Pwropt 34-10] Applying ODC optimizations ...
INFO: [Timing 38-35] Done setting XDC timing constraints.
Running Vector-less Activity Propagation...

Finished Running Vector-less Activity Propagation


Starting PowerOpt Patch Enables Task
INFO: [Pwropt 34-162] WRITE_MODE attribute of 0 BRAM(s) out of a total of 17 has been updated to save power. Run report_power_opt to get a complete listing of the BRAMs updated.
INFO: [Pwropt 34-201] Structural ODC has moved 0 WE to EN ports
Number of BRAM Ports augmented: 0 newly gated: 1 Total Ports: 34
Ending PowerOpt Patch Enables Task | Checksum: f80b6e0d

Time (s): cpu = 00:00:00.26 ; elapsed = 00:00:00.28 . Memory (MB): peak = 0.000 ; gain = 0.000 ; free physical = 77656 ; free virtual = 140204
Ending Power Optimization Task | Checksum: f80b6e0d

Time (s): cpu = 00:00:19 ; elapsed = 00:00:07 . Memory (MB): peak = 0.000 ; gain = 0.000 ; free physical = 77635 ; free virtual = 140193

Starting Final Cleanup Task
Ending Final Cleanup Task | Checksum: f80b6e0d

Time (s): cpu = 00:00:00 ; elapsed = 00:00:00 . Memory (MB): peak = 0.000 ; gain = 0.000 ; free physical = 77633 ; free virtual = 140192

Starting Netlist Obfuscation Task
Netlist sorting complete. Time (s): cpu = 00:00:00.01 ; elapsed = 00:00:00.02 . Memory (MB): peak = 0.000 ; gain = 0.000 ; free physical = 77625 ; free virtual = 140187
Ending Netlist Obfuscation Task | Checksum: 100484c21

Time (s): cpu = 00:00:00.02 ; elapsed = 00:00:00.02 . Memory (MB): peak = 0.000 ; gain = 0.000 ; free physical = 77623 ; free virtual = 140186
INFO: [Common 17-83] Releasing license: Implementation
40 Infos, 1 Warnings, 0 Critical Warnings and 0 Errors encountered.
opt_design completed successfully
opt_design: Time (s): cpu = 00:00:37 ; elapsed = 00:00:19 . Memory (MB): peak = 0.000 ; gain = 0.000 ; free physical = 77627 ; free virtual = 140190
INFO: [Vivado 12-24828] Executing command : report_drc -file bd_0_wrapper_drc_opted.rpt -pb bd_0_wrapper_drc_opted.pb -rpx bd_0_wrapper_drc_opted.rpx
Command: report_drc -file bd_0_wrapper_drc_opted.rpt -pb bd_0_wrapper_drc_opted.pb -rpx bd_0_wrapper_drc_opted.rpx
INFO: [IP_Flow 19-1839] IP Catalog is up to date.
INFO: [DRC 23-27] Running DRC with 8 threads
WARNING: [DRC 23-814] Not all possible (connectivity based) DRCs may have been run because this design is seen as Out of Context.
INFO: [Vivado_Tcl 2-168] The results of DRC are in file /nethome/wsun377/ece8893/FPGA_ECE8893_1/2026_Spring/lab1_parallel/project_1/hls/impl/verilog/project.runs/impl_1/bd_0_wrapper_drc_opted.rpt.
report_drc completed successfully
INFO: [Timing 38-35] Done setting XDC timing constraints.
INFO: [Timing 38-480] Writing timing data to binary archive.
Write ShapeDB Complete: Time (s): cpu = 00:00:00.41 ; elapsed = 00:00:00.12 . Memory (MB): peak = 0.000 ; gain = 0.000 ; free physical = 77260 ; free virtual = 139817
INFO: [Common 17-1381] The checkpoint '/nethome/wsun377/ece8893/FPGA_ECE8893_1/2026_Spring/lab1_parallel/project_1/hls/impl/verilog/project.runs/impl_1/bd_0_wrapper_opt.dcp' has been generated.
Command: place_design
Attempting to get a license for feature 'Implementation' and/or device 'xczu3eg'
INFO: [Common 17-349] Got license for feature 'Implementation' and/or device 'xczu3eg'
INFO: [Common 17-83] Releasing license: Implementation
INFO: [DRC 23-27] Running DRC with 8 threads
WARNING: [DRC 23-814] Not all possible (connectivity based) DRCs may have been run because this design is seen as Out of Context.
INFO: [Vivado_Tcl 4-198] DRC finished with 0 Errors
INFO: [Vivado_Tcl 4-199] Please refer to the DRC report (report_drc) for more information.
Running DRC as a precondition to command place_design
INFO: [DRC 23-27] Running DRC with 8 threads
WARNING: [DRC 23-814] Not all possible (connectivity based) DRCs may have been run because this design is seen as Out of Context.
INFO: [Vivado_Tcl 4-198] DRC finished with 0 Errors
INFO: [Vivado_Tcl 4-199] Please refer to the DRC report (report_drc) for more information.
INFO: [Place 30-611] Multithreading enabled for place_design using a maximum of 8 CPUs

Starting Placer Task

Phase 1 Placer Initialization

Phase 1.1 Placer Initialization Netlist Sorting
Netlist sorting complete. Time (s): cpu = 00:00:00.02 ; elapsed = 00:00:00.01 . Memory (MB): peak = 0.000 ; gain = 0.000 ; free physical = 76654 ; free virtual = 139210
Phase 1.1 Placer Initialization Netlist Sorting | Checksum: dccad641

Time (s): cpu = 00:00:00.05 ; elapsed = 00:00:00.05 . Memory (MB): peak = 0.000 ; gain = 0.000 ; free physical = 76652 ; free virtual = 139208
Netlist sorting complete. Time (s): cpu = 00:00:00.01 ; elapsed = 00:00:00.01 . Memory (MB): peak = 0.000 ; gain = 0.000 ; free physical = 76648 ; free virtual = 139205

Phase 1.2 IO Placement/ Clock Placement/ Build Placer Device
Phase 1.2 IO Placement/ Clock Placement/ Build Placer Device | Checksum: 7fc14414

Time (s): cpu = 00:00:30 ; elapsed = 00:00:25 . Memory (MB): peak = 0.000 ; gain = 0.000 ; free physical = 77416 ; free virtual = 139536

Phase 1.3 Build Placer Netlist Model
Phase 1.3 Build Placer Netlist Model | Checksum: 9695fe60

Time (s): cpu = 00:00:48 ; elapsed = 00:00:33 . Memory (MB): peak = 0.000 ; gain = 0.000 ; free physical = 76556 ; free virtual = 138682

Phase 1.4 Constrain Clocks/Macros
Phase 1.4 Constrain Clocks/Macros | Checksum: 9695fe60

Time (s): cpu = 00:00:48 ; elapsed = 00:00:33 . Memory (MB): peak = 0.000 ; gain = 0.000 ; free physical = 76566 ; free virtual = 138692
Phase 1 Placer Initialization | Checksum: 9695fe60

Time (s): cpu = 00:00:48 ; elapsed = 00:00:33 . Memory (MB): peak = 0.000 ; gain = 0.000 ; free physical = 76597 ; free virtual = 138722

Phase 2 Global Placement

Phase 2.1 Floorplanning

Phase 2.1.1 Partition Driven Placement

Phase 2.1.1.1 PBP: Partition Driven Placement
Phase 2.1.1.1 PBP: Partition Driven Placement | Checksum: 941ce2e2

Time (s): cpu = 00:01:06 ; elapsed = 00:00:40 . Memory (MB): peak = 0.000 ; gain = 0.000 ; free physical = 75786 ; free virtual = 137927

Phase 2.1.1.2 PBP: Clock Region Placement
INFO: [Place 30-3164] Check ILP status : ILP-based clock placer is skipped.
Phase 2.1.1.2 PBP: Clock Region Placement | Checksum: 941ce2e2

Time (s): cpu = 00:01:06 ; elapsed = 00:00:40 . Memory (MB): peak = 0.000 ; gain = 0.000 ; free physical = 77646 ; free virtual = 139787

Phase 2.1.1.3 PBP: Compute Congestion
Phase 2.1.1.3 PBP: Compute Congestion | Checksum: 941ce2e2

Time (s): cpu = 00:01:22 ; elapsed = 00:00:45 . Memory (MB): peak = 0.000 ; gain = 0.000 ; free physical = 75717 ; free virtual = 137860

Phase 2.1.1.4 PBP: UpdateTiming
Phase 2.1.1.4 PBP: UpdateTiming | Checksum: a96fc211

Time (s): cpu = 00:01:25 ; elapsed = 00:00:46 . Memory (MB): peak = 0.000 ; gain = 0.000 ; free physical = 75505 ; free virtual = 137649

Phase 2.1.1.5 PBP: Add part constraints
Phase 2.1.1.5 PBP: Add part constraints | Checksum: a96fc211

Time (s): cpu = 00:01:25 ; elapsed = 00:00:46 . Memory (MB): peak = 0.000 ; gain = 0.000 ; free physical = 75451 ; free virtual = 137594
Phase 2.1.1 Partition Driven Placement | Checksum: a96fc211

Time (s): cpu = 00:01:25 ; elapsed = 00:00:47 . Memory (MB): peak = 0.000 ; gain = 0.000 ; free physical = 75450 ; free virtual = 137593
Phase 2.1 Floorplanning | Checksum: 847694f4

Time (s): cpu = 00:01:25 ; elapsed = 00:00:47 . Memory (MB): peak = 0.000 ; gain = 0.000 ; free physical = 75449 ; free virtual = 137593

Phase 2.2 Update Timing before SLR Path Opt
Phase 2.2 Update Timing before SLR Path Opt | Checksum: 847694f4

Time (s): cpu = 00:01:26 ; elapsed = 00:00:47 . Memory (MB): peak = 0.000 ; gain = 0.000 ; free physical = 75448 ; free virtual = 137591

Phase 2.3 Post-Processing in Floorplanning
Phase 2.3 Post-Processing in Floorplanning | Checksum: 847694f4

Time (s): cpu = 00:01:26 ; elapsed = 00:00:47 . Memory (MB): peak = 0.000 ; gain = 0.000 ; free physical = 75419 ; free virtual = 137562

Phase 2.4 Global Place Phase1
Phase 2.4 Global Place Phase1 | Checksum: 186ad75c6

Time (s): cpu = 00:02:46 ; elapsed = 00:01:13 . Memory (MB): peak = 0.000 ; gain = 0.000 ; free physical = 74225 ; free virtual = 136240

Phase 2.5 Global Place Phase2

Phase 2.5.1 UpdateTiming Before Physical Synthesis
Phase 2.5.1 UpdateTiming Before Physical Synthesis | Checksum: 148dd03f9

Time (s): cpu = 00:02:51 ; elapsed = 00:01:14 . Memory (MB): peak = 0.000 ; gain = 0.000 ; free physical = 73935 ; free virtual = 135950

Phase 2.5.2 Physical Synthesis In Placer
INFO: [Physopt 32-1035] Found 0 LUTNM shape to break, 307 LUT instances to create LUTNM shape
INFO: [Physopt 32-1044] Break lutnm for timing: one critical 0, two critical 0, total 0, new lutff created 0
INFO: [Physopt 32-1138] End 1 Pass. Optimized 134 nets or LUTs. Breaked 0 LUT, combined 134 existing LUTs and moved 0 existing LUT
INFO: [Physopt 32-670] No setup violation found.  Equivalent Driver Rewiring was not performed.
INFO: [Physopt 32-65] No nets found for high-fanout optimization.
INFO: [Physopt 32-232] Optimized 0 net. Created 0 new instance.
INFO: [Physopt 32-775] End 1 Pass. Optimized 0 net or cell. Created 0 new cell, deleted 0 existing cell and moved 0 existing cell
INFO: [Physopt 32-670] No setup violation found.  DSP Register Optimization was not performed.
INFO: [Physopt 32-670] No setup violation found.  Shift Register to Pipeline Optimization was not performed.
INFO: [Physopt 32-670] No setup violation found.  Shift Register Optimization was not performed.
INFO: [Physopt 32-670] No setup violation found.  BRAM Register Optimization was not performed.
INFO: [Physopt 32-670] No setup violation found.  URAM Register Optimization was not performed.
INFO: [Physopt 32-949] No candidate nets found for dynamic/static region interface net replication
INFO: [Physopt 32-775] End 1 Pass. Optimized 0 net or cell. Created 0 new cell, deleted 0 existing cell and moved 0 existing cell
Netlist sorting complete. Time (s): cpu = 00:00:00.01 ; elapsed = 00:00:00.01 . Memory (MB): peak = 0.000 ; gain = 0.000 ; free physical = 73739 ; free virtual = 135757

Summary of Physical Synthesis Optimizations
============================================


-----------------------------------------------------------------------------------------------------------------------------------------------------------
|  Optimization                                     |  Added Cells  |  Removed Cells  |  Optimized Cells/Nets  |  Dont Touch  |  Iterations  |  Elapsed   |
-----------------------------------------------------------------------------------------------------------------------------------------------------------
|  LUT Combining                                    |            0  |            134  |                   134  |           0  |           1  |  00:00:01  |
|  Retime                                           |            0  |              0  |                     0  |           0  |           1  |  00:00:00  |
|  Equivalent Driver Rewiring                       |            0  |              0  |                     0  |           0  |           0  |  00:00:00  |
|  Very High Fanout                                 |            0  |              0  |                     0  |           0  |           1  |  00:00:00  |
|  DSP Register                                     |            0  |              0  |                     0  |           0  |           0  |  00:00:00  |
|  Shift Register to Pipeline                       |            0  |              0  |                     0  |           0  |           0  |  00:00:00  |
|  Shift Register                                   |            0  |              0  |                     0  |           0  |           0  |  00:00:00  |
|  BRAM Register                                    |            0  |              0  |                     0  |           0  |           0  |  00:00:00  |
|  URAM Register                                    |            0  |              0  |                     0  |           0  |           0  |  00:00:00  |
|  Dynamic/Static Region Interface Net Replication  |            0  |              0  |                     0  |           0  |           1  |  00:00:00  |
|  Total                                            |            0  |            134  |                   134  |           0  |           4  |  00:00:01  |
-----------------------------------------------------------------------------------------------------------------------------------------------------------


Phase 2.5.2 Physical Synthesis In Placer | Checksum: 16f574dd9

Time (s): cpu = 00:02:57 ; elapsed = 00:01:17 . Memory (MB): peak = 0.000 ; gain = 0.000 ; free physical = 73377 ; free virtual = 135411
Phase 2.5 Global Place Phase2 | Checksum: 1826c081f

Time (s): cpu = 00:03:17 ; elapsed = 00:01:23 . Memory (MB): peak = 0.000 ; gain = 0.000 ; free physical = 72270 ; free virtual = 134301
Phase 2 Global Placement | Checksum: 1826c081f

Time (s): cpu = 00:03:17 ; elapsed = 00:01:23 . Memory (MB): peak = 0.000 ; gain = 0.000 ; free physical = 72239 ; free virtual = 134269

Phase 3 Detail Placement

Phase 3.1 Commit Multi Column Macros
Phase 3.1 Commit Multi Column Macros | Checksum: 1541f65e6

Time (s): cpu = 00:03:37 ; elapsed = 00:01:29 . Memory (MB): peak = 0.000 ; gain = 0.000 ; free physical = 71729 ; free virtual = 133759

Phase 3.2 Commit Most Macros & LUTRAMs
Phase 3.2 Commit Most Macros & LUTRAMs | Checksum: b9d4e8f4

Time (s): cpu = 00:03:46 ; elapsed = 00:01:33 . Memory (MB): peak = 0.000 ; gain = 0.000 ; free physical = 71008 ; free virtual = 133034

Phase 3.3 Small Shape DP

Phase 3.3.1 Small Shape Clustering
Phase 3.3.1 Small Shape Clustering | Checksum: 7babcda1

Time (s): cpu = 00:04:03 ; elapsed = 00:01:38 . Memory (MB): peak = 0.000 ; gain = 0.000 ; free physical = 71509 ; free virtual = 133421

Phase 3.3.2 Slice Area Swap

Phase 3.3.2.1 Slice Area Swap Initial
Phase 3.3.2.1 Slice Area Swap Initial | Checksum: 12bf3085e

Time (s): cpu = 00:04:08 ; elapsed = 00:01:43 . Memory (MB): peak = 0.000 ; gain = 0.000 ; free physical = 70081 ; free virtual = 132013
Phase 3.3.2 Slice Area Swap | Checksum: 12bf3085e

Time (s): cpu = 00:04:08 ; elapsed = 00:01:43 . Memory (MB): peak = 0.000 ; gain = 0.000 ; free physical = 70081 ; free virtual = 132014
Phase 3.3 Small Shape DP | Checksum: 10da2a592

Time (s): cpu = 00:04:20 ; elapsed = 00:01:47 . Memory (MB): peak = 0.000 ; gain = 0.000 ; free physical = 69924 ; free virtual = 131869

Phase 3.4 Re-assign LUT pins
Phase 3.4 Re-assign LUT pins | Checksum: 17eb8335d

Time (s): cpu = 00:04:23 ; elapsed = 00:01:50 . Memory (MB): peak = 0.000 ; gain = 0.000 ; free physical = 69482 ; free virtual = 131432

Phase 3.5 Pipeline Register Optimization
Phase 3.5 Pipeline Register Optimization | Checksum: 1db22a60a

Time (s): cpu = 00:04:23 ; elapsed = 00:01:50 . Memory (MB): peak = 0.000 ; gain = 0.000 ; free physical = 69467 ; free virtual = 131416
Phase 3 Detail Placement | Checksum: 1db22a60a

Time (s): cpu = 00:04:24 ; elapsed = 00:01:50 . Memory (MB): peak = 0.000 ; gain = 0.000 ; free physical = 69498 ; free virtual = 131447

Phase 4 Post Placement Optimization and Clean-Up

Phase 4.1 Post Commit Optimization
INFO: [Timing 38-35] Done setting XDC timing constraints.

Phase 4.1.1 Post Placement Optimization
Post Placement Optimization Initialization | Checksum: 1f1dc9ce4

Phase 4.1.1.1 BUFG Insertion

Starting Physical Synthesis Task

Phase 1 Physical Synthesis Initialization
INFO: [Physopt 32-721] Multithreading enabled for phys_opt_design using a maximum of 8 CPUs
INFO: [Physopt 32-619] Estimated Timing Summary | WNS=2.230 | TNS=0.000 |
Phase 1 Physical Synthesis Initialization | Checksum: fe9efb3b

Time (s): cpu = 00:00:02 ; elapsed = 00:00:00.42 . Memory (MB): peak = 0.000 ; gain = 0.000 ; free physical = 69469 ; free virtual = 131447
INFO: [Place 30-3162] Check ILP status : ILP-based clock placer completed successfully.
INFO: [Place 30-3162] Check ILP status : ILP-based clock placer completed successfully.
INFO: [Place 46-35] Processed net bd_0_i/hls_inst/inst/control_s_axi_U/SR[0], inserted BUFG to drive 1545 loads.
INFO: [Place 46-56] BUFG insertion identified 1 candidate nets. Inserted BUFG: 1, Replicated BUFG Driver: 0, Skipped due to Placement/Routing Conflicts: 0, Skipped due to Timing Degradation: 0, Skipped due to netlist editing failed: 0.
Ending Physical Synthesis Task | Checksum: 225c94b7b

Time (s): cpu = 00:00:04 ; elapsed = 00:00:02 . Memory (MB): peak = 0.000 ; gain = 0.000 ; free physical = 69512 ; free virtual = 131492
Phase 4.1.1.1 BUFG Insertion | Checksum: 1dcd5d231

Time (s): cpu = 00:05:03 ; elapsed = 00:02:02 . Memory (MB): peak = 0.000 ; gain = 0.000 ; free physical = 69498 ; free virtual = 131478

Phase 4.1.1.2 Post Placement Timing Optimization
INFO: [Place 30-746] Post Placement Timing Summary WNS=2.230. For the most accurate timing information please run report_timing.
Phase 4.1.1.2 Post Placement Timing Optimization | Checksum: 24c61f0d6

Time (s): cpu = 00:05:04 ; elapsed = 00:02:02 . Memory (MB): peak = 0.000 ; gain = 0.000 ; free physical = 69448 ; free virtual = 131429

Time (s): cpu = 00:05:04 ; elapsed = 00:02:02 . Memory (MB): peak = 0.000 ; gain = 0.000 ; free physical = 69448 ; free virtual = 131429
Phase 4.1 Post Commit Optimization | Checksum: 24c61f0d6

Time (s): cpu = 00:05:04 ; elapsed = 00:02:02 . Memory (MB): peak = 0.000 ; gain = 0.000 ; free physical = 69434 ; free virtual = 131416
Netlist sorting complete. Time (s): cpu = 00:00:00.01 ; elapsed = 00:00:00.02 . Memory (MB): peak = 0.000 ; gain = 0.000 ; free physical = 68467 ; free virtual = 130460

Phase 4.2 Post Placement Cleanup
Phase 4.2 Post Placement Cleanup | Checksum: 2ebf82750

Time (s): cpu = 00:05:24 ; elapsed = 00:02:09 . Memory (MB): peak = 0.000 ; gain = 0.000 ; free physical = 68435 ; free virtual = 130428

Phase 4.3 Placer Reporting

Phase 4.3.1 Print Estimated Congestion
INFO: [Place 30-612] Post-Placement Estimated Congestion 
 ________________________________________________________________________
|           | Global Congestion | Long Congestion   | Short Congestion  |
| Direction | Region Size       | Region Size       | Region Size       |
|___________|___________________|___________________|___________________|
|      North|                1x1|                1x1|                1x1|
|___________|___________________|___________________|___________________|
|      South|                1x1|                1x1|                1x1|
|___________|___________________|___________________|___________________|
|       East|                1x1|                1x1|                1x1|
|___________|___________________|___________________|___________________|
|       West|                1x1|                1x1|                1x1|
|___________|___________________|___________________|___________________|

Phase 4.3.1 Print Estimated Congestion | Checksum: 2ebf82750

Time (s): cpu = 00:05:24 ; elapsed = 00:02:10 . Memory (MB): peak = 0.000 ; gain = 0.000 ; free physical = 68381 ; free virtual = 130374
Phase 4.3 Placer Reporting | Checksum: 2ebf82750

Time (s): cpu = 00:05:25 ; elapsed = 00:02:10 . Memory (MB): peak = 0.000 ; gain = 0.000 ; free physical = 68405 ; free virtual = 130398

Phase 4.4 Final Placement Cleanup
Netlist sorting complete. Time (s): cpu = 00:00:00.01 ; elapsed = 00:00:00.01 . Memory (MB): peak = 0.000 ; gain = 0.000 ; free physical = 68417 ; free virtual = 130410

Time (s): cpu = 00:05:25 ; elapsed = 00:02:10 . Memory (MB): peak = 0.000 ; gain = 0.000 ; free physical = 68417 ; free virtual = 130409
Phase 4 Post Placement Optimization and Clean-Up | Checksum: 2a1e4496b

Time (s): cpu = 00:05:25 ; elapsed = 00:02:10 . Memory (MB): peak = 0.000 ; gain = 0.000 ; free physical = 68401 ; free virtual = 130394
Ending Placer Task | Checksum: 1df360b1c

Time (s): cpu = 00:05:25 ; elapsed = 00:02:10 . Memory (MB): peak = 0.000 ; gain = 0.000 ; free physical = 68369 ; free virtual = 130362
80 Infos, 4 Warnings, 0 Critical Warnings and 0 Errors encountered.
place_design completed successfully
place_design: Time (s): cpu = 00:05:37 ; elapsed = 00:02:13 . Memory (MB): peak = 0.000 ; gain = 0.000 ; free physical = 68375 ; free virtual = 130368
INFO: [Vivado 12-24838] Running report commands "report_control_sets, report_io, report_utilization" in parallel.
Running report generation with 3 threads.
INFO: [Vivado 12-24828] Executing command : report_control_sets -verbose -file bd_0_wrapper_control_sets_placed.rpt
report_control_sets: Time (s): cpu = 00:00:00.54 ; elapsed = 00:00:00.41 . Memory (MB): peak = 0.000 ; gain = 0.000 ; free physical = 68368 ; free virtual = 130362
INFO: [Vivado 12-24828] Executing command : report_io -file bd_0_wrapper_io_placed.rpt
report_io: Time (s): cpu = 00:00:00.82 ; elapsed = 00:00:00.58 . Memory (MB): peak = 0.000 ; gain = 0.000 ; free physical = 68307 ; free virtual = 130302
INFO: [Vivado 12-24828] Executing command : report_utilization -file bd_0_wrapper_utilization_placed.rpt -pb bd_0_wrapper_utilization_placed.pb
INFO: [Timing 38-480] Writing timing data to binary archive.
Write ShapeDB Complete: Time (s): cpu = 00:00:00.93 ; elapsed = 00:00:00.2 . Memory (MB): peak = 0.000 ; gain = 0.000 ; free physical = 68383 ; free virtual = 130389
Wrote PlaceDB: Time (s): cpu = 00:00:06 ; elapsed = 00:00:02 . Memory (MB): peak = 0.000 ; gain = 0.000 ; free physical = 68294 ; free virtual = 130348
Wrote PulsedLatchDB: Time (s): cpu = 00:00:00 ; elapsed = 00:00:00 . Memory (MB): peak = 0.000 ; gain = 0.000 ; free physical = 68294 ; free virtual = 130348
Writing XDEF routing.
Writing XDEF routing logical nets.
Writing XDEF routing special nets.
Wrote RouteStorage: Time (s): cpu = 00:00:00.2 ; elapsed = 00:00:00.24 . Memory (MB): peak = 0.000 ; gain = 0.000 ; free physical = 68264 ; free virtual = 130318
Wrote Netlist Cache: Time (s): cpu = 00:00:00.07 ; elapsed = 00:00:00.07 . Memory (MB): peak = 0.000 ; gain = 0.000 ; free physical = 68330 ; free virtual = 130388
Wrote Device Cache: Time (s): cpu = 00:00:00.02 ; elapsed = 00:00:00.02 . Memory (MB): peak = 0.000 ; gain = 0.000 ; free physical = 68326 ; free virtual = 130387
Write Physdb Complete: Time (s): cpu = 00:00:06 ; elapsed = 00:00:02 . Memory (MB): peak = 0.000 ; gain = 0.000 ; free physical = 68324 ; free virtual = 130385
INFO: [Common 17-1381] The checkpoint '/nethome/wsun377/ece8893/FPGA_ECE8893_1/2026_Spring/lab1_parallel/project_1/hls/impl/verilog/project.runs/impl_1/bd_0_wrapper_placed.dcp' has been generated.
Command: phys_opt_design
Attempting to get a license for feature 'Implementation' and/or device 'xczu3eg'
INFO: [Common 17-349] Got license for feature 'Implementation' and/or device 'xczu3eg'

Starting Initial Update Timing Task
WARNING: [Timing 38-242] The property HD.CLK_SRC of clock port "ap_clk" is not set. In out-of-context mode, this prevents timing estimation for clock delay/skew
Resolution: Set the HD.CLK_SRC property of the out-of-context port to the location of the clock buffer instance in the top-level design

Time (s): cpu = 00:00:16 ; elapsed = 00:00:04 . Memory (MB): peak = 0.000 ; gain = 0.000 ; free physical = 68330 ; free virtual = 130390
INFO: [Vivado_Tcl 4-2279] Estimated Timing Summary | WNS= 2.226 | TNS= 0.000 | 
INFO: [Vivado_Tcl 4-383] Design worst setup slack (WNS) is greater than or equal to 0.000 ns. All physical synthesis setup optimizations will be skipped.
INFO: [Vivado_Tcl 4-232] No setup violation found. The netlist was not modified.
INFO: [Common 17-83] Releasing license: Implementation
91 Infos, 5 Warnings, 0 Critical Warnings and 0 Errors encountered.
phys_opt_design completed successfully
INFO: [Timing 38-480] Writing timing data to binary archive.
Write ShapeDB Complete: Time (s): cpu = 00:00:01 ; elapsed = 00:00:00.26 . Memory (MB): peak = 0.000 ; gain = 0.000 ; free physical = 68288 ; free virtual = 130371
Wrote PlaceDB: Time (s): cpu = 00:00:06 ; elapsed = 00:00:02 . Memory (MB): peak = 0.000 ; gain = 0.000 ; free physical = 67814 ; free virtual = 129939
Wrote PulsedLatchDB: Time (s): cpu = 00:00:00 ; elapsed = 00:00:00.01 . Memory (MB): peak = 0.000 ; gain = 0.000 ; free physical = 67788 ; free virtual = 129916
Writing XDEF routing.
Writing XDEF routing logical nets.
Writing XDEF routing special nets.
Wrote RouteStorage: Time (s): cpu = 00:00:00.17 ; elapsed = 00:00:00.18 . Memory (MB): peak = 0.000 ; gain = 0.000 ; free physical = 67836 ; free virtual = 129978
Wrote Netlist Cache: Time (s): cpu = 00:00:00.08 ; elapsed = 00:00:00.09 . Memory (MB): peak = 0.000 ; gain = 0.000 ; free physical = 67811 ; free virtual = 129960
Wrote Device Cache: Time (s): cpu = 00:00:00.04 ; elapsed = 00:00:00.07 . Memory (MB): peak = 0.000 ; gain = 0.000 ; free physical = 67787 ; free virtual = 129941
Write Physdb Complete: Time (s): cpu = 00:00:06 ; elapsed = 00:00:03 . Memory (MB): peak = 0.000 ; gain = 0.000 ; free physical = 67774 ; free virtual = 129927
INFO: [Common 17-1381] The checkpoint '/nethome/wsun377/ece8893/FPGA_ECE8893_1/2026_Spring/lab1_parallel/project_1/hls/impl/verilog/project.runs/impl_1/bd_0_wrapper_physopt.dcp' has been generated.
Command: route_design
Attempting to get a license for feature 'Implementation' and/or device 'xczu3eg'
INFO: [Common 17-349] Got license for feature 'Implementation' and/or device 'xczu3eg'


Starting Routing Task
INFO: [Route 35-254] Multithreading enabled for route_design using a maximum of 8 CPUs

Phase 1 Build RT Design
Checksum: PlaceDB: ef96ef8d ConstDB: 0 ShapeSum: 30766d57 RouteDB: bf28ae38
Nodegraph reading from file.  Time (s): cpu = 00:00:00.7 ; elapsed = 00:00:00.74 . Memory (MB): peak = 0.000 ; gain = 0.000 ; free physical = 68187 ; free virtual = 130326
WARNING: [Route 35-197] Clock port "ap_clk" does not have an associated HD.CLK_SRC. Without this constraint, timing analysis may not be accurate and upstream checks cannot be done to ensure correct clock placement.
WARNING: [Route 35-198] Port "ap_rst_n" does not have an associated HD.PARTPIN_LOCS, which will prevent the partial routing of the signal "ap_rst_n". Without this partial route, timing analysis to/from this port will not be accurate, and no routing information for this port can be exported.
WARNING: [Route 35-198] Port "m_axi_C_wready" does not have an associated HD.PARTPIN_LOCS, which will prevent the partial routing of the signal "m_axi_C_wready". Without this partial route, timing analysis to/from this port will not be accurate, and no routing information for this port can be exported.
WARNING: [Route 35-198] Port "m_axi_C_awready" does not have an associated HD.PARTPIN_LOCS, which will prevent the partial routing of the signal "m_axi_C_awready". Without this partial route, timing analysis to/from this port will not be accurate, and no routing information for this port can be exported.
WARNING: [Route 35-198] Port "s_axi_control_wdata[30]" does not have an associated HD.PARTPIN_LOCS, which will prevent the partial routing of the signal "s_axi_control_wdata[30]". Without this partial route, timing analysis to/from this port will not be accurate, and no routing information for this port can be exported.
WARNING: [Route 35-198] Port "s_axi_control_wstrb[3]" does not have an associated HD.PARTPIN_LOCS, which will prevent the partial routing of the signal "s_axi_control_wstrb[3]". Without this partial route, timing analysis to/from this port will not be accurate, and no routing information for this port can be exported.
WARNING: [Route 35-198] Port "s_axi_control_wdata[31]" does not have an associated HD.PARTPIN_LOCS, which will prevent the partial routing of the signal "s_axi_control_wdata[31]". Without this partial route, timing analysis to/from this port will not be accurate, and no routing information for this port can be exported.
WARNING: [Route 35-198] Port "s_axi_control_wdata[18]" does not have an associated HD.PARTPIN_LOCS, which will prevent the partial routing of the signal "s_axi_control_wdata[18]". Without this partial route, timing analysis to/from this port will not be accurate, and no routing information for this port can be exported.
WARNING: [Route 35-198] Port "s_axi_control_wstrb[2]" does not have an associated HD.PARTPIN_LOCS, which will prevent the partial routing of the signal "s_axi_control_wstrb[2]". Without this partial route, timing analysis to/from this port will not be accurate, and no routing information for this port can be exported.
WARNING: [Route 35-198] Port "s_axi_control_wdata[19]" does not have an associated HD.PARTPIN_LOCS, which will prevent the partial routing of the signal "s_axi_control_wdata[19]". Without this partial route, timing analysis to/from this port will not be accurate, and no routing information for this port can be exported.
WARNING: [Route 35-198] Port "m_axi_C_bvalid" does not have an associated HD.PARTPIN_LOCS, which will prevent the partial routing of the signal "m_axi_C_bvalid". Without this partial route, timing analysis to/from this port will not be accurate, and no routing information for this port can be exported.
WARNING: [Route 35-198] Port "s_axi_control_wdata[23]" does not have an associated HD.PARTPIN_LOCS, which will prevent the partial routing of the signal "s_axi_control_wdata[23]". Without this partial route, timing analysis to/from this port will not be accurate, and no routing information for this port can be exported.
WARNING: [Route 35-198] Port "s_axi_control_wdata[22]" does not have an associated HD.PARTPIN_LOCS, which will prevent the partial routing of the signal "s_axi_control_wdata[22]". Without this partial route, timing analysis to/from this port will not be accurate, and no routing information for this port can be exported.
WARNING: [Route 35-198] Port "s_axi_control_wdata[24]" does not have an associated HD.PARTPIN_LOCS, which will prevent the partial routing of the signal "s_axi_control_wdata[24]". Without this partial route, timing analysis to/from this port will not be accurate, and no routing information for this port can be exported.
WARNING: [Route 35-198] Port "s_axi_control_araddr[3]" does not have an associated HD.PARTPIN_LOCS, which will prevent the partial routing of the signal "s_axi_control_araddr[3]". Without this partial route, timing analysis to/from this port will not be accurate, and no routing information for this port can be exported.
WARNING: [Route 35-198] Port "s_axi_control_araddr[5]" does not have an associated HD.PARTPIN_LOCS, which will prevent the partial routing of the signal "s_axi_control_araddr[5]". Without this partial route, timing analysis to/from this port will not be accurate, and no routing information for this port can be exported.
WARNING: [Route 35-198] Port "s_axi_control_araddr[4]" does not have an associated HD.PARTPIN_LOCS, which will prevent the partial routing of the signal "s_axi_control_araddr[4]". Without this partial route, timing analysis to/from this port will not be accurate, and no routing information for this port can be exported.
WARNING: [Route 35-198] Port "s_axi_control_wdata[20]" does not have an associated HD.PARTPIN_LOCS, which will prevent the partial routing of the signal "s_axi_control_wdata[20]". Without this partial route, timing analysis to/from this port will not be accurate, and no routing information for this port can be exported.
WARNING: [Route 35-198] Port "s_axi_control_wdata[21]" does not have an associated HD.PARTPIN_LOCS, which will prevent the partial routing of the signal "s_axi_control_wdata[21]". Without this partial route, timing analysis to/from this port will not be accurate, and no routing information for this port can be exported.
WARNING: [Route 35-198] Port "s_axi_control_wdata[27]" does not have an associated HD.PARTPIN_LOCS, which will prevent the partial routing of the signal "s_axi_control_wdata[27]". Without this partial route, timing analysis to/from this port will not be accurate, and no routing information for this port can be exported.
WARNING: [Route 35-198] Port "s_axi_control_wdata[25]" does not have an associated HD.PARTPIN_LOCS, which will prevent the partial routing of the signal "s_axi_control_wdata[25]". Without this partial route, timing analysis to/from this port will not be accurate, and no routing information for this port can be exported.
WARNING: [Route 35-198] Port "s_axi_control_wdata[29]" does not have an associated HD.PARTPIN_LOCS, which will prevent the partial routing of the signal "s_axi_control_wdata[29]". Without this partial route, timing analysis to/from this port will not be accurate, and no routing information for this port can be exported.
WARNING: [Route 35-198] Port "m_axi_A_rdata[15]" does not have an associated HD.PARTPIN_LOCS, which will prevent the partial routing of the signal "m_axi_A_rdata[15]". Without this partial route, timing analysis to/from this port will not be accurate, and no routing information for this port can be exported.
WARNING: [Route 35-198] Port "m_axi_A_rdata[23]" does not have an associated HD.PARTPIN_LOCS, which will prevent the partial routing of the signal "m_axi_A_rdata[23]". Without this partial route, timing analysis to/from this port will not be accurate, and no routing information for this port can be exported.
WARNING: [Route 35-198] Port "m_axi_A_rdata[28]" does not have an associated HD.PARTPIN_LOCS, which will prevent the partial routing of the signal "m_axi_A_rdata[28]". Without this partial route, timing analysis to/from this port will not be accurate, and no routing information for this port can be exported.
WARNING: [Route 35-198] Port "m_axi_A_rdata[30]" does not have an associated HD.PARTPIN_LOCS, which will prevent the partial routing of the signal "m_axi_A_rdata[30]". Without this partial route, timing analysis to/from this port will not be accurate, and no routing information for this port can be exported.
WARNING: [Route 35-198] Port "m_axi_A_rdata[31]" does not have an associated HD.PARTPIN_LOCS, which will prevent the partial routing of the signal "m_axi_A_rdata[31]". Without this partial route, timing analysis to/from this port will not be accurate, and no routing information for this port can be exported.
WARNING: [Route 35-198] Port "m_axi_A_rdata[7]" does not have an associated HD.PARTPIN_LOCS, which will prevent the partial routing of the signal "m_axi_A_rdata[7]". Without this partial route, timing analysis to/from this port will not be accurate, and no routing information for this port can be exported.
WARNING: [Route 35-198] Port "s_axi_control_wdata[26]" does not have an associated HD.PARTPIN_LOCS, which will prevent the partial routing of the signal "s_axi_control_wdata[26]". Without this partial route, timing analysis to/from this port will not be accurate, and no routing information for this port can be exported.
WARNING: [Route 35-198] Port "s_axi_control_wdata[28]" does not have an associated HD.PARTPIN_LOCS, which will prevent the partial routing of the signal "s_axi_control_wdata[28]". Without this partial route, timing analysis to/from this port will not be accurate, and no routing information for this port can be exported.
WARNING: [Route 35-198] Port "s_axi_control_araddr[1]" does not have an associated HD.PARTPIN_LOCS, which will prevent the partial routing of the signal "s_axi_control_araddr[1]". Without this partial route, timing analysis to/from this port will not be accurate, and no routing information for this port can be exported.
WARNING: [Route 35-198] Port "s_axi_control_araddr[0]" does not have an associated HD.PARTPIN_LOCS, which will prevent the partial routing of the signal "s_axi_control_araddr[0]". Without this partial route, timing analysis to/from this port will not be accurate, and no routing information for this port can be exported.
WARNING: [Route 35-198] Port "s_axi_control_araddr[2]" does not have an associated HD.PARTPIN_LOCS, which will prevent the partial routing of the signal "s_axi_control_araddr[2]". Without this partial route, timing analysis to/from this port will not be accurate, and no routing information for this port can be exported.
WARNING: [Route 35-198] Port "m_axi_A_rdata[10]" does not have an associated HD.PARTPIN_LOCS, which will prevent the partial routing of the signal "m_axi_A_rdata[10]". Without this partial route, timing analysis to/from this port will not be accurate, and no routing information for this port can be exported.
WARNING: [Route 35-198] Port "m_axi_A_rdata[13]" does not have an associated HD.PARTPIN_LOCS, which will prevent the partial routing of the signal "m_axi_A_rdata[13]". Without this partial route, timing analysis to/from this port will not be accurate, and no routing information for this port can be exported.
WARNING: [Route 35-198] Port "m_axi_A_rdata[16]" does not have an associated HD.PARTPIN_LOCS, which will prevent the partial routing of the signal "m_axi_A_rdata[16]". Without this partial route, timing analysis to/from this port will not be accurate, and no routing information for this port can be exported.
WARNING: [Route 35-198] Port "m_axi_A_rdata[17]" does not have an associated HD.PARTPIN_LOCS, which will prevent the partial routing of the signal "m_axi_A_rdata[17]". Without this partial route, timing analysis to/from this port will not be accurate, and no routing information for this port can be exported.
WARNING: [Route 35-198] Port "m_axi_A_rdata[4]" does not have an associated HD.PARTPIN_LOCS, which will prevent the partial routing of the signal "m_axi_A_rdata[4]". Without this partial route, timing analysis to/from this port will not be accurate, and no routing information for this port can be exported.
WARNING: [Route 35-198] Port "m_axi_A_rdata[5]" does not have an associated HD.PARTPIN_LOCS, which will prevent the partial routing of the signal "m_axi_A_rdata[5]". Without this partial route, timing analysis to/from this port will not be accurate, and no routing information for this port can be exported.
WARNING: [Route 35-198] Port "m_axi_A_rdata[9]" does not have an associated HD.PARTPIN_LOCS, which will prevent the partial routing of the signal "m_axi_A_rdata[9]". Without this partial route, timing analysis to/from this port will not be accurate, and no routing information for this port can be exported.
WARNING: [Route 35-198] Port "m_axi_A_rdata[12]" does not have an associated HD.PARTPIN_LOCS, which will prevent the partial routing of the signal "m_axi_A_rdata[12]". Without this partial route, timing analysis to/from this port will not be accurate, and no routing information for this port can be exported.
WARNING: [Route 35-198] Port "m_axi_A_rdata[1]" does not have an associated HD.PARTPIN_LOCS, which will prevent the partial routing of the signal "m_axi_A_rdata[1]". Without this partial route, timing analysis to/from this port will not be accurate, and no routing information for this port can be exported.
WARNING: [Route 35-198] Port "m_axi_A_rdata[21]" does not have an associated HD.PARTPIN_LOCS, which will prevent the partial routing of the signal "m_axi_A_rdata[21]". Without this partial route, timing analysis to/from this port will not be accurate, and no routing information for this port can be exported.
WARNING: [Route 35-198] Port "m_axi_A_rdata[22]" does not have an associated HD.PARTPIN_LOCS, which will prevent the partial routing of the signal "m_axi_A_rdata[22]". Without this partial route, timing analysis to/from this port will not be accurate, and no routing information for this port can be exported.
WARNING: [Route 35-198] Port "m_axi_A_rdata[26]" does not have an associated HD.PARTPIN_LOCS, which will prevent the partial routing of the signal "m_axi_A_rdata[26]". Without this partial route, timing analysis to/from this port will not be accurate, and no routing information for this port can be exported.
WARNING: [Route 35-198] Port "m_axi_A_rdata[27]" does not have an associated HD.PARTPIN_LOCS, which will prevent the partial routing of the signal "m_axi_A_rdata[27]". Without this partial route, timing analysis to/from this port will not be accurate, and no routing information for this port can be exported.
WARNING: [Route 35-198] Port "m_axi_A_rlast" does not have an associated HD.PARTPIN_LOCS, which will prevent the partial routing of the signal "m_axi_A_rlast". Without this partial route, timing analysis to/from this port will not be accurate, and no routing information for this port can be exported.
WARNING: [Route 35-198] Port "m_axi_A_rdata[3]" does not have an associated HD.PARTPIN_LOCS, which will prevent the partial routing of the signal "m_axi_A_rdata[3]". Without this partial route, timing analysis to/from this port will not be accurate, and no routing information for this port can be exported.
WARNING: [Route 35-198] Port "m_axi_A_rvalid" does not have an associated HD.PARTPIN_LOCS, which will prevent the partial routing of the signal "m_axi_A_rvalid". Without this partial route, timing analysis to/from this port will not be accurate, and no routing information for this port can be exported.
WARNING: [Route 35-198] Port "m_axi_A_rdata[11]" does not have an associated HD.PARTPIN_LOCS, which will prevent the partial routing of the signal "m_axi_A_rdata[11]". Without this partial route, timing analysis to/from this port will not be accurate, and no routing information for this port can be exported.
WARNING: [Route 35-198] Port "m_axi_A_rdata[18]" does not have an associated HD.PARTPIN_LOCS, which will prevent the partial routing of the signal "m_axi_A_rdata[18]". Without this partial route, timing analysis to/from this port will not be accurate, and no routing information for this port can be exported.
WARNING: [Route 35-198] Port "m_axi_A_rdata[19]" does not have an associated HD.PARTPIN_LOCS, which will prevent the partial routing of the signal "m_axi_A_rdata[19]". Without this partial route, timing analysis to/from this port will not be accurate, and no routing information for this port can be exported.
WARNING: [Route 35-198] Port "m_axi_A_rdata[24]" does not have an associated HD.PARTPIN_LOCS, which will prevent the partial routing of the signal "m_axi_A_rdata[24]". Without this partial route, timing analysis to/from this port will not be accurate, and no routing information for this port can be exported.
WARNING: [Route 35-198] Port "m_axi_A_rdata[25]" does not have an associated HD.PARTPIN_LOCS, which will prevent the partial routing of the signal "m_axi_A_rdata[25]". Without this partial route, timing analysis to/from this port will not be accurate, and no routing information for this port can be exported.
WARNING: [Route 35-198] Port "m_axi_A_rdata[8]" does not have an associated HD.PARTPIN_LOCS, which will prevent the partial routing of the signal "m_axi_A_rdata[8]". Without this partial route, timing analysis to/from this port will not be accurate, and no routing information for this port can be exported.
WARNING: [Route 35-198] Port "m_axi_A_rdata[0]" does not have an associated HD.PARTPIN_LOCS, which will prevent the partial routing of the signal "m_axi_A_rdata[0]". Without this partial route, timing analysis to/from this port will not be accurate, and no routing information for this port can be exported.
WARNING: [Route 35-198] Port "m_axi_A_rdata[14]" does not have an associated HD.PARTPIN_LOCS, which will prevent the partial routing of the signal "m_axi_A_rdata[14]". Without this partial route, timing analysis to/from this port will not be accurate, and no routing information for this port can be exported.
WARNING: [Route 35-198] Port "m_axi_A_rdata[20]" does not have an associated HD.PARTPIN_LOCS, which will prevent the partial routing of the signal "m_axi_A_rdata[20]". Without this partial route, timing analysis to/from this port will not be accurate, and no routing information for this port can be exported.
WARNING: [Route 35-198] Port "m_axi_A_rdata[29]" does not have an associated HD.PARTPIN_LOCS, which will prevent the partial routing of the signal "m_axi_A_rdata[29]". Without this partial route, timing analysis to/from this port will not be accurate, and no routing information for this port can be exported.
WARNING: [Route 35-198] Port "m_axi_A_rdata[2]" does not have an associated HD.PARTPIN_LOCS, which will prevent the partial routing of the signal "m_axi_A_rdata[2]". Without this partial route, timing analysis to/from this port will not be accurate, and no routing information for this port can be exported.
WARNING: [Route 35-198] Port "m_axi_A_rdata[6]" does not have an associated HD.PARTPIN_LOCS, which will prevent the partial routing of the signal "m_axi_A_rdata[6]". Without this partial route, timing analysis to/from this port will not be accurate, and no routing information for this port can be exported.
WARNING: [Route 35-198] Port "s_axi_control_wdata[0]" does not have an associated HD.PARTPIN_LOCS, which will prevent the partial routing of the signal "s_axi_control_wdata[0]". Without this partial route, timing analysis to/from this port will not be accurate, and no routing information for this port can be exported.
WARNING: [Route 35-198] Port "s_axi_control_wstrb[0]" does not have an associated HD.PARTPIN_LOCS, which will prevent the partial routing of the signal "s_axi_control_wstrb[0]". Without this partial route, timing analysis to/from this port will not be accurate, and no routing information for this port can be exported.
WARNING: [Route 35-198] Port "s_axi_control_wdata[1]" does not have an associated HD.PARTPIN_LOCS, which will prevent the partial routing of the signal "s_axi_control_wdata[1]". Without this partial route, timing analysis to/from this port will not be accurate, and no routing information for this port can be exported.
WARNING: [Route 35-198] Port "s_axi_control_rready" does not have an associated HD.PARTPIN_LOCS, which will prevent the partial routing of the signal "s_axi_control_rready". Without this partial route, timing analysis to/from this port will not be accurate, and no routing information for this port can be exported.
WARNING: [Route 35-198] Port "s_axi_control_arvalid" does not have an associated HD.PARTPIN_LOCS, which will prevent the partial routing of the signal "s_axi_control_arvalid". Without this partial route, timing analysis to/from this port will not be accurate, and no routing information for this port can be exported.
WARNING: [Route 35-198] Port "s_axi_control_wdata[3]" does not have an associated HD.PARTPIN_LOCS, which will prevent the partial routing of the signal "s_axi_control_wdata[3]". Without this partial route, timing analysis to/from this port will not be accurate, and no routing information for this port can be exported.
WARNING: [Route 35-198] Port "s_axi_control_wdata[8]" does not have an associated HD.PARTPIN_LOCS, which will prevent the partial routing of the signal "s_axi_control_wdata[8]". Without this partial route, timing analysis to/from this port will not be accurate, and no routing information for this port can be exported.
WARNING: [Route 35-198] Port "s_axi_control_wstrb[1]" does not have an associated HD.PARTPIN_LOCS, which will prevent the partial routing of the signal "s_axi_control_wstrb[1]". Without this partial route, timing analysis to/from this port will not be accurate, and no routing information for this port can be exported.
WARNING: [Route 35-198] Port "s_axi_control_wdata[9]" does not have an associated HD.PARTPIN_LOCS, which will prevent the partial routing of the signal "s_axi_control_wdata[9]". Without this partial route, timing analysis to/from this port will not be accurate, and no routing information for this port can be exported.
WARNING: [Route 35-198] Port "s_axi_control_wdata[7]" does not have an associated HD.PARTPIN_LOCS, which will prevent the partial routing of the signal "s_axi_control_wdata[7]". Without this partial route, timing analysis to/from this port will not be accurate, and no routing information for this port can be exported.
WARNING: [Route 35-198] Port "s_axi_control_wdata[12]" does not have an associated HD.PARTPIN_LOCS, which will prevent the partial routing of the signal "s_axi_control_wdata[12]". Without this partial route, timing analysis to/from this port will not be accurate, and no routing information for this port can be exported.
WARNING: [Route 35-198] Port "s_axi_control_wdata[13]" does not have an associated HD.PARTPIN_LOCS, which will prevent the partial routing of the signal "s_axi_control_wdata[13]". Without this partial route, timing analysis to/from this port will not be accurate, and no routing information for this port can be exported.
WARNING: [Route 35-198] Port "s_axi_control_wdata[14]" does not have an associated HD.PARTPIN_LOCS, which will prevent the partial routing of the signal "s_axi_control_wdata[14]". Without this partial route, timing analysis to/from this port will not be accurate, and no routing information for this port can be exported.
WARNING: [Route 35-198] Port "s_axi_control_bready" does not have an associated HD.PARTPIN_LOCS, which will prevent the partial routing of the signal "s_axi_control_bready". Without this partial route, timing analysis to/from this port will not be accurate, and no routing information for this port can be exported.
WARNING: [Route 35-198] Port "s_axi_control_awvalid" does not have an associated HD.PARTPIN_LOCS, which will prevent the partial routing of the signal "s_axi_control_awvalid". Without this partial route, timing analysis to/from this port will not be accurate, and no routing information for this port can be exported.
WARNING: [Route 35-198] Port "s_axi_control_wvalid" does not have an associated HD.PARTPIN_LOCS, which will prevent the partial routing of the signal "s_axi_control_wvalid". Without this partial route, timing analysis to/from this port will not be accurate, and no routing information for this port can be exported.
WARNING: [Route 35-198] Port "s_axi_control_awaddr[2]" does not have an associated HD.PARTPIN_LOCS, which will prevent the partial routing of the signal "s_axi_control_awaddr[2]". Without this partial route, timing analysis to/from this port will not be accurate, and no routing information for this port can be exported.
WARNING: [Route 35-198] Port "s_axi_control_awaddr[3]" does not have an associated HD.PARTPIN_LOCS, which will prevent the partial routing of the signal "s_axi_control_awaddr[3]". Without this partial route, timing analysis to/from this port will not be accurate, and no routing information for this port can be exported.
WARNING: [Route 35-198] Port "s_axi_control_awaddr[4]" does not have an associated HD.PARTPIN_LOCS, which will prevent the partial routing of the signal "s_axi_control_awaddr[4]". Without this partial route, timing analysis to/from this port will not be accurate, and no routing information for this port can be exported.
WARNING: [Route 35-198] Port "s_axi_control_awaddr[5]" does not have an associated HD.PARTPIN_LOCS, which will prevent the partial routing of the signal "s_axi_control_awaddr[5]". Without this partial route, timing analysis to/from this port will not be accurate, and no routing information for this port can be exported.
WARNING: [Route 35-198] Port "s_axi_control_wdata[6]" does not have an associated HD.PARTPIN_LOCS, which will prevent the partial routing of the signal "s_axi_control_wdata[6]". Without this partial route, timing analysis to/from this port will not be accurate, and no routing information for this port can be exported.
WARNING: [Route 35-198] Port "s_axi_control_wdata[17]" does not have an associated HD.PARTPIN_LOCS, which will prevent the partial routing of the signal "s_axi_control_wdata[17]". Without this partial route, timing analysis to/from this port will not be accurate, and no routing information for this port can be exported.
WARNING: [Route 35-198] Port "s_axi_control_wdata[15]" does not have an associated HD.PARTPIN_LOCS, which will prevent the partial routing of the signal "s_axi_control_wdata[15]". Without this partial route, timing analysis to/from this port will not be accurate, and no routing information for this port can be exported.
WARNING: [Route 35-198] Port "s_axi_control_wdata[16]" does not have an associated HD.PARTPIN_LOCS, which will prevent the partial routing of the signal "s_axi_control_wdata[16]". Without this partial route, timing analysis to/from this port will not be accurate, and no routing information for this port can be exported.
WARNING: [Route 35-198] Port "s_axi_control_wdata[4]" does not have an associated HD.PARTPIN_LOCS, which will prevent the partial routing of the signal "s_axi_control_wdata[4]". Without this partial route, timing analysis to/from this port will not be accurate, and no routing information for this port can be exported.
WARNING: [Route 35-198] Port "s_axi_control_wdata[5]" does not have an associated HD.PARTPIN_LOCS, which will prevent the partial routing of the signal "s_axi_control_wdata[5]". Without this partial route, timing analysis to/from this port will not be accurate, and no routing information for this port can be exported.
WARNING: [Route 35-198] Port "s_axi_control_wdata[10]" does not have an associated HD.PARTPIN_LOCS, which will prevent the partial routing of the signal "s_axi_control_wdata[10]". Without this partial route, timing analysis to/from this port will not be accurate, and no routing information for this port can be exported.
WARNING: [Route 35-198] Port "s_axi_control_wdata[2]" does not have an associated HD.PARTPIN_LOCS, which will prevent the partial routing of the signal "s_axi_control_wdata[2]". Without this partial route, timing analysis to/from this port will not be accurate, and no routing information for this port can be exported.
WARNING: [Route 35-198] Port "m_axi_A_arready" does not have an associated HD.PARTPIN_LOCS, which will prevent the partial routing of the signal "m_axi_A_arready". Without this partial route, timing analysis to/from this port will not be accurate, and no routing information for this port can be exported.
WARNING: [Route 35-198] Port "s_axi_control_wdata[11]" does not have an associated HD.PARTPIN_LOCS, which will prevent the partial routing of the signal "s_axi_control_wdata[11]". Without this partial route, timing analysis to/from this port will not be accurate, and no routing information for this port can be exported.
Post Restoration Checksum: NetGraph: 546de215 | NumContArr: a19acfb8 | Constraints: fa14af29 | Timing: c2a8fa9d
Phase 1 Build RT Design | Checksum: 2b2c65b93

Time (s): cpu = 00:00:23 ; elapsed = 00:00:05 . Memory (MB): peak = 0.000 ; gain = 0.000 ; free physical = 67576 ; free virtual = 129762

Phase 2 Router Initialization

Phase 2.1 Fix Topology Constraints
Phase 2.1 Fix Topology Constraints | Checksum: 2b2c65b93

Time (s): cpu = 00:00:23 ; elapsed = 00:00:05 . Memory (MB): peak = 0.000 ; gain = 0.000 ; free physical = 67557 ; free virtual = 129745

Phase 2.2 Pre Route Cleanup
Phase 2.2 Pre Route Cleanup | Checksum: 2b2c65b93

Time (s): cpu = 00:00:23 ; elapsed = 00:00:05 . Memory (MB): peak = 0.000 ; gain = 0.000 ; free physical = 67548 ; free virtual = 129738

Phase 2.3 Global Clock Net Routing
 Number of Nodes with overlaps = 0
Phase 2.3 Global Clock Net Routing | Checksum: 29d250d05

Time (s): cpu = 00:00:26 ; elapsed = 00:00:06 . Memory (MB): peak = 0.000 ; gain = 0.000 ; free physical = 67439 ; free virtual = 129631

Phase 2.4 Update Timing
Phase 2.4 Update Timing | Checksum: 2a2fe23ef

Time (s): cpu = 00:00:37 ; elapsed = 00:00:09 . Memory (MB): peak = 0.000 ; gain = 0.000 ; free physical = 66825 ; free virtual = 129101
INFO: [Route 35-416] Intermediate Timing Summary | WNS=2.362  | TNS=0.000  | WHS=0.006  | THS=0.000  |


Phase 2.5 Soft Constraint Pins - Fast Budgeting
Phase 2.5 Soft Constraint Pins - Fast Budgeting | Checksum: 2f4af8b67

Time (s): cpu = 00:00:51 ; elapsed = 00:00:13 . Memory (MB): peak = 0.000 ; gain = 0.000 ; free physical = 65872 ; free virtual = 128105

Router Utilization Summary
  Global Vertical Routing Utilization    = 0.000119196 %
  Global Horizontal Routing Utilization  = 0 %
  Routable Net Status*
  *Does not include unroutable nets such as driverless and loadless.
  Run report_route_status for detailed report.
  Number of Failed Nets               = 40258
    (Failed Nets is the sum of unrouted and partially routed nets)
  Number of Unrouted Nets             = 38235
  Number of Partially Routed Nets     = 2023
  Number of Node Overlaps             = 1

Phase 2 Router Initialization | Checksum: 2f4af8b67

Time (s): cpu = 00:00:53 ; elapsed = 00:00:14 . Memory (MB): peak = 0.000 ; gain = 0.000 ; free physical = 65761 ; free virtual = 127997

Phase 3 Global Routing
Phase 3 Global Routing | Checksum: 2f4af8b67

Time (s): cpu = 00:00:53 ; elapsed = 00:00:14 . Memory (MB): peak = 0.000 ; gain = 0.000 ; free physical = 65762 ; free virtual = 127998

Phase 4 Initial Routing

Phase 4.1 Initial Net Routing Pass
Phase 4.1 Initial Net Routing Pass | Checksum: 2b7ae572b

Time (s): cpu = 00:01:06 ; elapsed = 00:00:18 . Memory (MB): peak = 0.000 ; gain = 0.000 ; free physical = 64144 ; free virtual = 126368
Phase 4 Initial Routing | Checksum: 2b0fe7aea

Time (s): cpu = 00:01:07 ; elapsed = 00:00:18 . Memory (MB): peak = 0.000 ; gain = 0.000 ; free physical = 63975 ; free virtual = 126199

Phase 5 Rip-up And Reroute

Phase 5.1 Global Iteration 0
 Number of Nodes with overlaps = 5833
 Number of Nodes with overlaps = 309
 Number of Nodes with overlaps = 8
 Number of Nodes with overlaps = 0
INFO: [Route 35-416] Intermediate Timing Summary | WNS=2.477  | TNS=0.000  | WHS=0.023  | THS=0.000  |

Phase 5.1 Global Iteration 0 | Checksum: 1ca7ad019

Time (s): cpu = 00:02:20 ; elapsed = 00:00:38 . Memory (MB): peak = 0.000 ; gain = 0.000 ; free physical = 68577 ; free virtual = 130849

Phase 5.2 Additional Iteration for Hold
Phase 5.2 Additional Iteration for Hold | Checksum: 239752ddc

Time (s): cpu = 00:02:20 ; elapsed = 00:00:38 . Memory (MB): peak = 0.000 ; gain = 0.000 ; free physical = 68534 ; free virtual = 130808
Phase 5 Rip-up And Reroute | Checksum: 239752ddc

Time (s): cpu = 00:02:20 ; elapsed = 00:00:38 . Memory (MB): peak = 0.000 ; gain = 0.000 ; free physical = 68534 ; free virtual = 130808

Phase 6 Delay and Skew Optimization

Phase 6.1 Delay CleanUp
Phase 6.1 Delay CleanUp | Checksum: 239752ddc

Time (s): cpu = 00:02:21 ; elapsed = 00:00:38 . Memory (MB): peak = 0.000 ; gain = 0.000 ; free physical = 68549 ; free virtual = 130824

Phase 6.2 Clock Skew Optimization
Phase 6.2 Clock Skew Optimization | Checksum: 239752ddc

Time (s): cpu = 00:02:21 ; elapsed = 00:00:38 . Memory (MB): peak = 0.000 ; gain = 0.000 ; free physical = 68541 ; free virtual = 130816
Phase 6 Delay and Skew Optimization | Checksum: 239752ddc

Time (s): cpu = 00:02:21 ; elapsed = 00:00:38 . Memory (MB): peak = 0.000 ; gain = 0.000 ; free physical = 68527 ; free virtual = 130802

Phase 7 Post Hold Fix

Phase 7.1 Hold Fix Iter
INFO: [Route 35-416] Intermediate Timing Summary | WNS=2.477  | TNS=0.000  | WHS=0.023  | THS=0.000  |

Phase 7.1 Hold Fix Iter | Checksum: 240683dd0

Time (s): cpu = 00:02:31 ; elapsed = 00:00:40 . Memory (MB): peak = 0.000 ; gain = 0.000 ; free physical = 68327 ; free virtual = 130613
Phase 7 Post Hold Fix | Checksum: 240683dd0

Time (s): cpu = 00:02:31 ; elapsed = 00:00:40 . Memory (MB): peak = 0.000 ; gain = 0.000 ; free physical = 68325 ; free virtual = 130611

Phase 8 Leaf Clock Prog Delay Opt
Phase 8 Leaf Clock Prog Delay Opt | Checksum: 2291a3736

Time (s): cpu = 00:02:38 ; elapsed = 00:00:42 . Memory (MB): peak = 0.000 ; gain = 0.000 ; free physical = 68196 ; free virtual = 130470

Phase 9 Route finalize

Router Utilization Summary
  Global Vertical Routing Utilization    = 5.21519 %
  Global Horizontal Routing Utilization  = 6.85185 %
  Routable Net Status*
  *Does not include unroutable nets such as driverless and loadless.
  Run report_route_status for detailed report.
  Number of Failed Nets               = 0
    (Failed Nets is the sum of unrouted and partially routed nets)
  Number of Unrouted Nets             = 0
  Number of Partially Routed Nets     = 0
  Number of Node Overlaps             = 0

Phase 9 Route finalize | Checksum: 2291a3736

Time (s): cpu = 00:02:40 ; elapsed = 00:00:42 . Memory (MB): peak = 0.000 ; gain = 0.000 ; free physical = 68196 ; free virtual = 130471

Phase 10 Verifying routed nets

 Verification completed successfully
Phase 10 Verifying routed nets | Checksum: 2291a3736

Time (s): cpu = 00:02:40 ; elapsed = 00:00:42 . Memory (MB): peak = 0.000 ; gain = 0.000 ; free physical = 68110 ; free virtual = 130386

Phase 11 Depositing Routes
Phase 11 Depositing Routes | Checksum: 2291a3736

Time (s): cpu = 00:02:46 ; elapsed = 00:00:47 . Memory (MB): peak = 0.000 ; gain = 0.000 ; free physical = 67556 ; free virtual = 129844

Phase 12 Resolve XTalk
Phase 12 Resolve XTalk | Checksum: 2291a3736

Time (s): cpu = 00:02:47 ; elapsed = 00:00:47 . Memory (MB): peak = 0.000 ; gain = 0.000 ; free physical = 67547 ; free virtual = 129835

Phase 13 Post Process Routing
Phase 13 Post Process Routing | Checksum: 2291a3736

Time (s): cpu = 00:02:47 ; elapsed = 00:00:47 . Memory (MB): peak = 0.000 ; gain = 0.000 ; free physical = 67431 ; free virtual = 129719

Phase 14 Post Router Timing
INFO: [Route 35-57] Estimated Timing Summary | WNS=2.477  | TNS=0.000  | WHS=0.023  | THS=0.000  |

INFO: [Route 35-327] The final timing numbers are based on the router estimated timing analysis. For a complete and accurate timing signoff, please run report_timing_summary.
Phase 14 Post Router Timing | Checksum: 2291a3736

Time (s): cpu = 00:02:48 ; elapsed = 00:00:47 . Memory (MB): peak = 0.000 ; gain = 0.000 ; free physical = 67385 ; free virtual = 129673
Total Elapsed time in route_design: 47.34 secs

Phase 15 Post-Route Event Processing
Phase 15 Post-Route Event Processing | Checksum: 169a03f4e

Time (s): cpu = 00:02:48 ; elapsed = 00:00:48 . Memory (MB): peak = 0.000 ; gain = 0.000 ; free physical = 67313 ; free virtual = 129601
INFO: [Route 35-16] Router Completed Successfully
Ending Routing Task | Checksum: 169a03f4e

Time (s): cpu = 00:02:49 ; elapsed = 00:00:48 . Memory (MB): peak = 0.000 ; gain = 0.000 ; free physical = 67283 ; free virtual = 129572

Routing Is Done.
INFO: [Common 17-83] Releasing license: Implementation
102 Infos, 96 Warnings, 0 Critical Warnings and 0 Errors encountered.
route_design completed successfully
route_design: Time (s): cpu = 00:02:50 ; elapsed = 00:00:48 . Memory (MB): peak = 0.000 ; gain = 0.000 ; free physical = 67194 ; free virtual = 129487
INFO: [Vivado 12-24828] Executing command : report_drc -file bd_0_wrapper_drc_routed.rpt -pb bd_0_wrapper_drc_routed.pb -rpx bd_0_wrapper_drc_routed.rpx
Command: report_drc -file bd_0_wrapper_drc_routed.rpt -pb bd_0_wrapper_drc_routed.pb -rpx bd_0_wrapper_drc_routed.rpx
INFO: [IP_Flow 19-1839] IP Catalog is up to date.
INFO: [DRC 23-27] Running DRC with 8 threads
WARNING: [DRC 23-814] Not all possible (connectivity based) DRCs may have been run because this design is seen as Out of Context.
INFO: [Vivado_Tcl 2-168] The results of DRC are in file /nethome/wsun377/ece8893/FPGA_ECE8893_1/2026_Spring/lab1_parallel/project_1/hls/impl/verilog/project.runs/impl_1/bd_0_wrapper_drc_routed.rpt.
report_drc completed successfully
INFO: [Vivado 12-24828] Executing command : report_methodology -file bd_0_wrapper_methodology_drc_routed.rpt -pb bd_0_wrapper_methodology_drc_routed.pb -rpx bd_0_wrapper_methodology_drc_routed.rpx
Command: report_methodology -file bd_0_wrapper_methodology_drc_routed.rpt -pb bd_0_wrapper_methodology_drc_routed.pb -rpx bd_0_wrapper_methodology_drc_routed.rpx
INFO: [Timing 38-35] Done setting XDC timing constraints.
WARNING: [Timing 38-242] The property HD.CLK_SRC of clock port "ap_clk" is not set. In out-of-context mode, this prevents timing estimation for clock delay/skew
Resolution: Set the HD.CLK_SRC property of the out-of-context port to the location of the clock buffer instance in the top-level design
INFO: [DRC 23-133] Running Methodology with 8 threads
WARNING: [DRC 23-814] Not all possible (connectivity based) DRCs may have been run because this design is seen as Out of Context.
INFO: [Vivado_Tcl 2-1520] The results of Report Methodology are in file /nethome/wsun377/ece8893/FPGA_ECE8893_1/2026_Spring/lab1_parallel/project_1/hls/impl/verilog/project.runs/impl_1/bd_0_wrapper_methodology_drc_routed.rpt.
report_methodology completed successfully
report_methodology: Time (s): cpu = 00:00:35 ; elapsed = 00:00:08 . Memory (MB): peak = 0.000 ; gain = 0.000 ; free physical = 65422 ; free virtual = 127766
INFO: [Vivado 12-24828] Executing command : report_timing_summary -max_paths 10 -routable_nets -report_unconstrained -file bd_0_wrapper_timing_summary_routed.rpt -pb bd_0_wrapper_timing_summary_routed.pb -rpx bd_0_wrapper_timing_summary_routed.rpx -warn_on_violation 
INFO: [Timing 38-35] Done setting XDC timing constraints.
INFO: [Timing 38-91] UpdateTimingParams: Speed grade: -1, Temperature grade: E, Delay Type: min_max.
INFO: [Timing 38-191] Multithreading enabled for timing update using a maximum of 8 CPUs
INFO: [Vivado 12-24838] Running report commands "report_bus_skew, report_incremental_reuse, report_route_status" in parallel.
Running report generation with 3 threads.
INFO: [Vivado 12-24828] Executing command : report_incremental_reuse -file bd_0_wrapper_incremental_reuse_routed.rpt
INFO: [Vivado_Tcl 4-1062] Incremental flow is disabled. No incremental reuse Info to report.
INFO: [Vivado 12-24828] Executing command : report_bus_skew -warn_on_violation -file bd_0_wrapper_bus_skew_routed.rpt -pb bd_0_wrapper_bus_skew_routed.pb -rpx bd_0_wrapper_bus_skew_routed.rpx
INFO: [Timing 38-91] UpdateTimingParams: Speed grade: -1, Temperature grade: E, Delay Type: min_max.
INFO: [Timing 38-191] Multithreading enabled for timing update using a maximum of 8 CPUs
INFO: [Vivado 12-24828] Executing command : report_route_status -file bd_0_wrapper_route_status.rpt -pb bd_0_wrapper_route_status.pb
INFO: [Vivado 12-24828] Executing command : report_power -file bd_0_wrapper_power_routed.rpt -pb bd_0_wrapper_power_summary_routed.pb -rpx bd_0_wrapper_power_routed.rpx
Command: report_power -file bd_0_wrapper_power_routed.rpt -pb bd_0_wrapper_power_summary_routed.pb -rpx bd_0_wrapper_power_routed.rpx
Running Vector-less Activity Propagation...

Finished Running Vector-less Activity Propagation
122 Infos, 99 Warnings, 0 Critical Warnings and 0 Errors encountered.
report_power completed successfully
report_power: Time (s): cpu = 00:00:26 ; elapsed = 00:00:13 . Memory (MB): peak = 0.000 ; gain = 0.000 ; free physical = 66611 ; free virtual = 128999
INFO: [Vivado 12-24828] Executing command : report_clock_utilization -file bd_0_wrapper_clock_utilization_routed.rpt
generate_parallel_reports: Time (s): cpu = 00:01:32 ; elapsed = 00:00:33 . Memory (MB): peak = 0.000 ; gain = 0.000 ; free physical = 67468 ; free virtual = 129856
INFO: [Timing 38-480] Writing timing data to binary archive.
Write ShapeDB Complete: Time (s): cpu = 00:00:00.94 ; elapsed = 00:00:00.21 . Memory (MB): peak = 0.000 ; gain = 0.000 ; free physical = 70712 ; free virtual = 133115
Wrote PlaceDB: Time (s): cpu = 00:00:06 ; elapsed = 00:00:02 . Memory (MB): peak = 0.000 ; gain = 0.000 ; free physical = 70467 ; free virtual = 132925
Wrote PulsedLatchDB: Time (s): cpu = 00:00:00 ; elapsed = 00:00:00 . Memory (MB): peak = 0.000 ; gain = 0.000 ; free physical = 70467 ; free virtual = 132927
Writing XDEF routing.
Writing XDEF routing logical nets.
Writing XDEF routing special nets.
Wrote RouteStorage: Time (s): cpu = 00:00:00.84 ; elapsed = 00:00:00.54 . Memory (MB): peak = 0.000 ; gain = 0.000 ; free physical = 70539 ; free virtual = 133020
Wrote Netlist Cache: Time (s): cpu = 00:00:00.07 ; elapsed = 00:00:00.07 . Memory (MB): peak = 0.000 ; gain = 0.000 ; free physical = 70483 ; free virtual = 132974
Wrote Device Cache: Time (s): cpu = 00:00:00.02 ; elapsed = 00:00:00.02 . Memory (MB): peak = 0.000 ; gain = 0.000 ; free physical = 70487 ; free virtual = 132982
Write Physdb Complete: Time (s): cpu = 00:00:07 ; elapsed = 00:00:03 . Memory (MB): peak = 0.000 ; gain = 0.000 ; free physical = 70456 ; free virtual = 132953
INFO: [Common 17-1381] The checkpoint '/nethome/wsun377/ece8893/FPGA_ECE8893_1/2026_Spring/lab1_parallel/project_1/hls/impl/verilog/project.runs/impl_1/bd_0_wrapper_routed.dcp' has been generated.
write_checkpoint: Time (s): cpu = 00:00:09 ; elapsed = 00:00:05 . Memory (MB): peak = 0.000 ; gain = 0.000 ; free physical = 70308 ; free virtual = 132727
INFO: [Common 17-206] Exiting Vivado at Tue Feb  3 21:22:35 2026...
