Thu Feb  5 05:40:38 2026: Running xcd server. This server was built by gradle.
Thu Feb  5 05:40:38 2026: Server was asked to start on port: '42257'
Thu Feb  5 05:40:38 2026: Server is using token UUID: '0396afed-2282-4e42-901c-776e00497087'
Thu Feb  5 05:40:38 2026: SESSION_MGR: creating session with session uuid: '6d04a3e9-ade5-4ab9-8d63-1f78fcd2ec76' and name 'default'
Thu Feb  5 05:40:38 2026: Attempting to start server on port '42257'
Thu Feb  5 05:40:38 2026: XCD main fifo: created main fifo '/tmp/xcdmain0396afed-2282-4e42-901c-776e00497087', fd read = 15
Thu Feb  5 05:40:38 2026: Running Dispatch Server
Thu Feb  5 05:40:38 2026: Version 2.2.0
Thu Feb  5 05:40:43 2026: Dispatch Server: Accepted socket connection from client
Thu Feb  5 05:40:43 2026: Starting Socket connection
Thu Feb  5 05:40:43 2026: EXCHANGE_TOKEN received, server token: 0396afed-2282-4e42-901c-776e00497087, passed token: 0396afed-2282-4e42-901c-776e00497087
Thu Feb  5 05:40:43 2026: SESSION_MGR: creating session with session uuid: 'e5b4ab59-58b6-4763-9214-73e7a9d3f803' and name 'vitis_hls'
Thu Feb  5 05:40:43 2026: KERNEL_SVC: creating session with uuid: 'e5b4ab59-58b6-4763-9214-73e7a9d3f803' and name 'vitis_hls'
Thu Feb  5 05:40:43 2026: GUIDANCE_SMGR: creating guidance session with uuid: 'e5b4ab59-58b6-4763-9214-73e7a9d3f803' and name 'vitis_hls'
Thu Feb  5 05:41:11 2026: Running xcd server. This server was built by gradle.
Thu Feb  5 05:41:11 2026: Server was asked to start on port: '43139'
Thu Feb  5 05:41:11 2026: Server is using token UUID: '541a97bf-ce78-44e2-9e0c-dbc5ec31ec88'
Thu Feb  5 05:41:11 2026: SESSION_MGR: creating session with session uuid: '6d04a3e9-ade5-4ab9-8d63-1f78fcd2ec76' and name 'default'
Thu Feb  5 05:41:11 2026: Attempting to start server on port '43139'
Thu Feb  5 05:41:11 2026: XCD main fifo: created main fifo '/tmp/xcdmain541a97bf-ce78-44e2-9e0c-dbc5ec31ec88', fd read = 15
Thu Feb  5 05:41:11 2026: Running Dispatch Server
Thu Feb  5 05:41:11 2026: Version 2.2.0
Thu Feb  5 05:41:15 2026: Dispatch Server: Accepted socket connection from client
Thu Feb  5 05:41:15 2026: Starting Socket connection
Thu Feb  5 05:41:15 2026: EXCHANGE_TOKEN received, server token: 541a97bf-ce78-44e2-9e0c-dbc5ec31ec88, passed token: 541a97bf-ce78-44e2-9e0c-dbc5ec31ec88
Thu Feb  5 05:41:15 2026: SESSION_MGR: creating session with session uuid: '607e9ee4-9c4e-4b03-bbd4-c3596296b167' and name 'vitis_hls'
Thu Feb  5 05:41:15 2026: KERNEL_SVC: creating session with uuid: '607e9ee4-9c4e-4b03-bbd4-c3596296b167' and name 'vitis_hls'
Thu Feb  5 05:41:15 2026: GUIDANCE_SMGR: creating guidance session with uuid: '607e9ee4-9c4e-4b03-bbd4-c3596296b167' and name 'vitis_hls'
Thu Feb  5 05:41:15 2026: STOP_SERVER received, server token: 0396afed-2282-4e42-901c-776e00497087, passed token: 0396afed-2282-4e42-901c-776e00497087
Thu Feb  5 05:41:15 2026: Socket received request to stop server.
Thu Feb  5 05:41:15 2026: Dispatch Server: do_await_stop
Thu Feb  5 05:41:15 2026: Dispatch Server: stopping mainFifo_
Thu Feb  5 05:41:15 2026: XCD main fifo: Stopping
Thu Feb  5 05:41:15 2026: XCD main fifo: do_read error code: Operation canceled
Thu Feb  5 05:41:15 2026: XCD main fifo: bytes_transferred: 0
Thu Feb  5 05:41:15 2026: SERVER: destructor for server bound to port 42257
Thu Feb  5 05:41:15 2026: XCD main fifo: Good unlink of /tmp/xcdmain0396afed-2282-4e42-901c-776e00497087
Thu Feb  5 05:41:15 2026: Server exiting with status 0.
Thu Feb  5 05:41:15 2026: Closing log file.
Thu Feb  5 05:42:35 2026: Running xcd server. This server was built by gradle.
Thu Feb  5 05:42:35 2026: Server was asked to start on port: '40681'
Thu Feb  5 05:42:35 2026: Server is using token UUID: 'a0b10662-7d15-49ba-bf87-baf6ef42bce7'
Thu Feb  5 05:42:35 2026: SESSION_MGR: creating session with session uuid: '6d04a3e9-ade5-4ab9-8d63-1f78fcd2ec76' and name 'default'
Thu Feb  5 05:42:35 2026: Attempting to start server on port '40681'
Thu Feb  5 05:42:35 2026: XCD main fifo: created main fifo '/tmp/xcdmaina0b10662-7d15-49ba-bf87-baf6ef42bce7', fd read = 15
Thu Feb  5 05:42:35 2026: Running Dispatch Server
Thu Feb  5 05:42:35 2026: Version 2.2.0
Thu Feb  5 05:42:37 2026: Dispatch Server: Accepted socket connection from client
Thu Feb  5 05:42:37 2026: Starting Socket connection
Thu Feb  5 05:42:37 2026: EXCHANGE_TOKEN received, server token: a0b10662-7d15-49ba-bf87-baf6ef42bce7, passed token: a0b10662-7d15-49ba-bf87-baf6ef42bce7
Thu Feb  5 05:42:37 2026: SESSION_MGR: creating session with session uuid: 'c857ef54-0cea-48dc-91ca-13afca10aaf1' and name 'vitis_hls'
Thu Feb  5 05:42:37 2026: KERNEL_SVC: creating session with uuid: 'c857ef54-0cea-48dc-91ca-13afca10aaf1' and name 'vitis_hls'
Thu Feb  5 05:42:37 2026: GUIDANCE_SMGR: creating guidance session with uuid: 'c857ef54-0cea-48dc-91ca-13afca10aaf1' and name 'vitis_hls'
Thu Feb  5 05:42:37 2026: STOP_SERVER received, server token: 541a97bf-ce78-44e2-9e0c-dbc5ec31ec88, passed token: 541a97bf-ce78-44e2-9e0c-dbc5ec31ec88
Thu Feb  5 05:42:37 2026: Socket received request to stop server.
Thu Feb  5 05:42:37 2026: Dispatch Server: do_await_stop
Thu Feb  5 05:42:37 2026: Dispatch Server: stopping mainFifo_
Thu Feb  5 05:42:37 2026: XCD main fifo: Stopping
Thu Feb  5 05:42:37 2026: XCD main fifo: do_read error code: Operation canceled
Thu Feb  5 05:42:37 2026: XCD main fifo: bytes_transferred: 0
Thu Feb  5 05:42:37 2026: SERVER: destructor for server bound to port 43139
Thu Feb  5 05:42:37 2026: XCD main fifo: Good unlink of /tmp/xcdmain541a97bf-ce78-44e2-9e0c-dbc5ec31ec88
Thu Feb  5 05:42:37 2026: Server exiting with status 0.
Thu Feb  5 05:42:37 2026: Closing log file.
Thu Feb  5 05:43:49 2026: Dispatch Server: Accepted socket connection from client
Thu Feb  5 05:43:49 2026: Starting Socket connection
Thu Feb  5 05:47:14 2026: Dispatch Server: Accepted socket connection from client
Thu Feb  5 05:47:14 2026: Starting Socket connection
Thu Feb  5 05:50:28 2026: Dispatch Server: Accepted socket connection from client
Thu Feb  5 05:50:28 2026: Starting Socket connection
Thu Feb  5 05:56:42 2026: STOP_SERVER received, server token: a0b10662-7d15-49ba-bf87-baf6ef42bce7, passed token: a0b10662-7d15-49ba-bf87-baf6ef42bce7
Thu Feb  5 05:56:42 2026: Socket received request to stop server.
Thu Feb  5 05:56:42 2026: Dispatch Server: do_await_stop
Thu Feb  5 05:56:42 2026: Dispatch Server: stopping mainFifo_
Thu Feb  5 05:56:42 2026: XCD main fifo: Stopping
Thu Feb  5 05:56:42 2026: XCD main fifo: do_read error code: Operation canceled
Thu Feb  5 05:56:42 2026: XCD main fifo: bytes_transferred: 0
Thu Feb  5 05:56:42 2026: SERVER: destructor for server bound to port 40681
Thu Feb  5 05:56:42 2026: XCD main fifo: Good unlink of /tmp/xcdmaina0b10662-7d15-49ba-bf87-baf6ef42bce7
Thu Feb  5 05:56:42 2026: Server exiting with status 0.
Thu Feb  5 05:56:42 2026: Closing log file.
