/nethome/wsun377/ece8893/FPGA_ECE8893/2026_Spring/lab1-copy/project_1/hls/.autopilot/db/top.pp.0.cpp:2565:5: warning: Added loop label VITIS_LOOP_676_1:   [xilinx-label-all-loops]
    for (unsigned i = low; i != high+1; ++i) {
    ^~~
    VITIS_LOOP_676_1: 
/nethome/wsun377/ece8893/FPGA_ECE8893/2026_Spring/lab1-copy/project_1/hls/.autopilot/db/top.pp.0.cpp:2565:5: note: FIX-IT applied suggested code changes
/nethome/wsun377/ece8893/FPGA_ECE8893/2026_Spring/lab1-copy/project_1/hls/.autopilot/db/top.pp.0.cpp:2579:5: warning: Added loop label VITIS_LOOP_690_1:   [xilinx-label-all-loops]
    for (unsigned i = low; i != high+1; ++i) {
    ^~~
    VITIS_LOOP_690_1: 
/nethome/wsun377/ece8893/FPGA_ECE8893/2026_Spring/lab1-copy/project_1/hls/.autopilot/db/top.pp.0.cpp:2579:5: note: FIX-IT applied suggested code changes
/nethome/wsun377/ece8893/FPGA_ECE8893/2026_Spring/lab1-copy/project_1/hls/.autopilot/db/top.pp.0.cpp:2593:5: warning: Added loop label VITIS_LOOP_704_1:   [xilinx-label-all-loops]
    for (unsigned i = low; i != high+1; ++i) {
    ^~~
    VITIS_LOOP_704_1: 
/nethome/wsun377/ece8893/FPGA_ECE8893/2026_Spring/lab1-copy/project_1/hls/.autopilot/db/top.pp.0.cpp:2593:5: note: FIX-IT applied suggested code changes
/nethome/wsun377/ece8893/FPGA_ECE8893/2026_Spring/lab1-copy/project_1/hls/.autopilot/db/top.pp.0.cpp:4549:7: warning: Added loop label VITIS_LOOP_1248_1:   [xilinx-label-all-loops]
      for (i = 0; i < __N - 1; ++i) {
      ^~~
      VITIS_LOOP_1248_1: 
/nethome/wsun377/ece8893/FPGA_ECE8893/2026_Spring/lab1-copy/project_1/hls/.autopilot/db/top.pp.0.cpp:4549:7: note: FIX-IT applied suggested code changes
/nethome/wsun377/ece8893/FPGA_ECE8893/2026_Spring/lab1-copy/project_1/hls/.autopilot/db/top.pp.0.cpp:6528:44: error: Invalid Directive: for current device, ram_t2p + bram is invalid combination for BIND_STORAGE's option 'type + impl' [clang-diagnostic-error]
#pragma HLS BIND_STORAGE variable=tmp type=ram_t2p impl=bram
                                           ^
/nethome/wsun377/ece8893/FPGA_ECE8893/2026_Spring/lab1-copy/project_1/hls/.autopilot/db/top.pp.0.cpp:6539:2: warning: Added loop label VITIS_LOOP_27_1:   [xilinx-label-all-loops]
 for (int i = 0; i < 256; i++) {
 ^~~
 VITIS_LOOP_27_1: 
/nethome/wsun377/ece8893/FPGA_ECE8893/2026_Spring/lab1-copy/project_1/hls/.autopilot/db/top.pp.0.cpp:6539:2: note: FIX-IT applied suggested code changes
/nethome/wsun377/ece8893/FPGA_ECE8893/2026_Spring/lab1-copy/project_1/hls/.autopilot/db/top.pp.0.cpp:6543:9: warning: Added loop label VITIS_LOOP_31_2:   [xilinx-label-all-loops]
        for (int j = 0; j < 64; j++) {
        ^~~
        VITIS_LOOP_31_2: 
/nethome/wsun377/ece8893/FPGA_ECE8893/2026_Spring/lab1-copy/project_1/hls/.autopilot/db/top.pp.0.cpp:6543:9: note: FIX-IT applied suggested code changes
/nethome/wsun377/ece8893/FPGA_ECE8893/2026_Spring/lab1-copy/project_1/hls/.autopilot/db/top.pp.0.cpp:6551:9: warning: Added loop label VITIS_LOOP_39_3:   [xilinx-label-all-loops]
        for (int j = 0; j < 64; j++) {
        ^~~
        VITIS_LOOP_39_3: 
/nethome/wsun377/ece8893/FPGA_ECE8893/2026_Spring/lab1-copy/project_1/hls/.autopilot/db/top.pp.0.cpp:6551:9: note: FIX-IT applied suggested code changes
/nethome/wsun377/ece8893/FPGA_ECE8893/2026_Spring/lab1-copy/project_1/hls/.autopilot/db/top.pp.0.cpp:6562:5: warning: Added loop label VITIS_LOOP_50_4:   [xilinx-label-all-loops]
    for (int j = 0; j < 64; j++) {
    ^~~
    VITIS_LOOP_50_4: 
/nethome/wsun377/ece8893/FPGA_ECE8893/2026_Spring/lab1-copy/project_1/hls/.autopilot/db/top.pp.0.cpp:6562:5: note: FIX-IT applied suggested code changes
/nethome/wsun377/ece8893/FPGA_ECE8893/2026_Spring/lab1-copy/project_1/hls/.autopilot/db/top.pp.0.cpp:6567:5: warning: Added loop label VITIS_LOOP_55_5:   [xilinx-label-all-loops]
    for (int i = 0; i < 256; i++) {
    ^~~
    VITIS_LOOP_55_5: 
/nethome/wsun377/ece8893/FPGA_ECE8893/2026_Spring/lab1-copy/project_1/hls/.autopilot/db/top.pp.0.cpp:6567:5: note: FIX-IT applied suggested code changes
/nethome/wsun377/ece8893/FPGA_ECE8893/2026_Spring/lab1-copy/project_1/hls/.autopilot/db/top.pp.0.cpp:6568:9: warning: Added loop label VITIS_LOOP_56_6:   [xilinx-label-all-loops]
        for (int j = 0; j < 64; j++) {
        ^~~
        VITIS_LOOP_56_6: 
/nethome/wsun377/ece8893/FPGA_ECE8893/2026_Spring/lab1-copy/project_1/hls/.autopilot/db/top.pp.0.cpp:6568:9: note: FIX-IT applied suggested code changes
/nethome/wsun377/ece8893/FPGA_ECE8893/2026_Spring/lab1-copy/project_1/hls/.autopilot/db/top.pp.0.cpp:6575:5: warning: Added loop label VITIS_LOOP_63_7:   [xilinx-label-all-loops]
    for (int j = 0; j < 64; j++) {
    ^~~
    VITIS_LOOP_63_7: 
/nethome/wsun377/ece8893/FPGA_ECE8893/2026_Spring/lab1-copy/project_1/hls/.autopilot/db/top.pp.0.cpp:6575:5: note: FIX-IT applied suggested code changes
/nethome/wsun377/ece8893/FPGA_ECE8893/2026_Spring/lab1-copy/project_1/hls/.autopilot/db/top.pp.0.cpp:6583:5: warning: Added loop label VITIS_LOOP_71_8:   [xilinx-label-all-loops]
    for (int i = 0; i < 256; i++) {
    ^~~
    VITIS_LOOP_71_8: 
/nethome/wsun377/ece8893/FPGA_ECE8893/2026_Spring/lab1-copy/project_1/hls/.autopilot/db/top.pp.0.cpp:6583:5: note: FIX-IT applied suggested code changes
/nethome/wsun377/ece8893/FPGA_ECE8893/2026_Spring/lab1-copy/project_1/hls/.autopilot/db/top.pp.0.cpp:6584:9: warning: Added loop label VITIS_LOOP_72_9:   [xilinx-label-all-loops]
        for (int j = 0; j < 64; j++) {
        ^~~
        VITIS_LOOP_72_9: 
/nethome/wsun377/ece8893/FPGA_ECE8893/2026_Spring/lab1-copy/project_1/hls/.autopilot/db/top.pp.0.cpp:6584:9: note: FIX-IT applied suggested code changes
