

================================================================
== Vitis HLS Report for 'top_kernel_Pipeline_VITIS_LOOP_105_10_VITIS_LOOP_107_11'
================================================================
* Date:           Mon Jan 26 22:00:08 2026

* Version:        2025.1.1 (Build 6214317 on Sep 11 2025)
* Project:        project_1
* Solution:       hls (Vivado IP Flow Target)
* Product family: zynquplus
* Target device:  xczu3eg-sbva484-1-e


================================================================
== Performance Estimates
================================================================
+ Timing: 
    * Summary: 
    +--------+----------+----------+------------+
    |  Clock |  Target  | Estimated| Uncertainty|
    +--------+----------+----------+------------+
    |ap_clk  |  10.00 ns|  7.277 ns|     2.70 ns|
    +--------+----------+----------+------------+

+ Latency: 
    * Summary: 
    +---------+---------+-----------+-----------+------+------+------------------------------------------------+
    |  Latency (cycles) |   Latency (absolute)  |   Interval  |                    Pipeline                    |
    |   min   |   max   |    min    |    max    |  min |  max |                      Type                      |
    +---------+---------+-----------+-----------+------+------+------------------------------------------------+
    |     4099|     4099|  40.990 us|  40.990 us|  4097|  4097|  loop auto-rewind stp (delay=0 clock cycles(s))|
    +---------+---------+-----------+-----------+------+------+------------------------------------------------+

    + Detail: 
        * Instance: 
        N/A

        * Loop: 
        +---------------------------------------+---------+---------+----------+-----------+-----------+------+----------+
        |                                       |  Latency (cycles) | Iteration|  Initiation Interval  | Trip |          |
        |               Loop Name               |   min   |   max   |  Latency |  achieved |   target  | Count| Pipelined|
        +---------------------------------------+---------+---------+----------+-----------+-----------+------+----------+
        |- VITIS_LOOP_105_10_VITIS_LOOP_107_11  |     4097|     4097|         3|          1|          1|  4096|       yes|
        +---------------------------------------+---------+---------+----------+-----------+-----------+------+----------+

============================================================
+ Verbose Summary: Synthesis Manager
============================================================
InlineROM: 1
ExposeGlobal: 0
============================================================
+ Verbose Summary: CDFG Model
============================================================
IsTopModel: 0
ResetActiveHigh: 1
IsCombinational: 0
IsDatapathOnly: 0
HasWiredReturn: 1
HasMFsm: 2
HasVarLatency: 1
IsPipeline: 0
IsRtlPipelined: 0
IsInstanceOverlapped: 0
IsDontTouch: 0
HasImplIP: 0
IsGatedGlobalClock: 0

+ Individual pipeline summary: 
  * Pipeline-0: initiation interval (II) = 1, depth = 3


============================================================
+ Verbose Summary: Schedule
============================================================
* Number of FSM states : 3
* Pipeline : 1
  Pipeline-0 : II = 1, D = 3, States = { 1 2 3 }
* Dataflow Pipeline: 0

* FSM state transitions: 
1 --> 2 
2 --> 3 
3 --> 

* FSM state operations: 

State 1 <SV = 0> <Delay = 3.21>
ST_1 : Operation 6 [1/1] (0.00ns)   --->   "%jb = alloca i32 1" [top.cpp:107]   --->   Operation 6 'alloca' 'jb' <Predicate = true> <Delay = 0.00>
ST_1 : Operation 7 [1/1] (0.00ns)   --->   "%i = alloca i32 1" [top.cpp:105]   --->   Operation 7 'alloca' 'i' <Predicate = true> <Delay = 0.00>
ST_1 : Operation 8 [1/1] (0.00ns)   --->   "%indvar_flatten6 = alloca i32 1"   --->   Operation 8 'alloca' 'indvar_flatten6' <Predicate = true> <Delay = 0.00>
ST_1 : Operation 9 [1/1] (0.00ns)   --->   "%specinterface_ln0 = specinterface void @_ssdm_op_SpecInterface, i24 %C_3, void @empty_3, i32 0, i32 0, void @empty_2, i32 4294967295, i32 0, void @empty_2, void @empty_2, void @empty_2, i32 0, i32 0, i32 0, i32 0, void @empty_2, void @empty_2, i32 4294967295, i32 0, i32 0"   --->   Operation 9 'specinterface' 'specinterface_ln0' <Predicate = true> <Delay = 0.00>
ST_1 : Operation 10 [1/1] (0.00ns)   --->   "%specinterface_ln0 = specinterface void @_ssdm_op_SpecInterface, i24 %C_2, void @empty_3, i32 0, i32 0, void @empty_2, i32 4294967295, i32 0, void @empty_2, void @empty_2, void @empty_2, i32 0, i32 0, i32 0, i32 0, void @empty_2, void @empty_2, i32 4294967295, i32 0, i32 0"   --->   Operation 10 'specinterface' 'specinterface_ln0' <Predicate = true> <Delay = 0.00>
ST_1 : Operation 11 [1/1] (0.00ns)   --->   "%specinterface_ln0 = specinterface void @_ssdm_op_SpecInterface, i24 %C_1, void @empty_3, i32 0, i32 0, void @empty_2, i32 4294967295, i32 0, void @empty_2, void @empty_2, void @empty_2, i32 0, i32 0, i32 0, i32 0, void @empty_2, void @empty_2, i32 4294967295, i32 0, i32 0"   --->   Operation 11 'specinterface' 'specinterface_ln0' <Predicate = true> <Delay = 0.00>
ST_1 : Operation 12 [1/1] (0.00ns)   --->   "%specinterface_ln0 = specinterface void @_ssdm_op_SpecInterface, i24 %C_0, void @empty_3, i32 0, i32 0, void @empty_2, i32 4294967295, i32 0, void @empty_2, void @empty_2, void @empty_2, i32 0, i32 0, i32 0, i32 0, void @empty_2, void @empty_2, i32 4294967295, i32 0, i32 0"   --->   Operation 12 'specinterface' 'specinterface_ln0' <Predicate = true> <Delay = 0.00>
ST_1 : Operation 13 [1/1] (0.00ns)   --->   "%scale_63_reload_read = read i24 @_ssdm_op_Read.ap_auto.i24, i24 %scale_63_reload"   --->   Operation 13 'read' 'scale_63_reload_read' <Predicate = true> <Delay = 0.00>
ST_1 : Operation 14 [1/1] (0.00ns)   --->   "%scale_59_reload_read = read i24 @_ssdm_op_Read.ap_auto.i24, i24 %scale_59_reload"   --->   Operation 14 'read' 'scale_59_reload_read' <Predicate = true> <Delay = 0.00>
ST_1 : Operation 15 [1/1] (0.00ns)   --->   "%scale_55_reload_read = read i24 @_ssdm_op_Read.ap_auto.i24, i24 %scale_55_reload"   --->   Operation 15 'read' 'scale_55_reload_read' <Predicate = true> <Delay = 0.00>
ST_1 : Operation 16 [1/1] (0.00ns)   --->   "%scale_51_reload_read = read i24 @_ssdm_op_Read.ap_auto.i24, i24 %scale_51_reload"   --->   Operation 16 'read' 'scale_51_reload_read' <Predicate = true> <Delay = 0.00>
ST_1 : Operation 17 [1/1] (0.00ns)   --->   "%scale_47_reload_read = read i24 @_ssdm_op_Read.ap_auto.i24, i24 %scale_47_reload"   --->   Operation 17 'read' 'scale_47_reload_read' <Predicate = true> <Delay = 0.00>
ST_1 : Operation 18 [1/1] (0.00ns)   --->   "%scale_43_reload_read = read i24 @_ssdm_op_Read.ap_auto.i24, i24 %scale_43_reload"   --->   Operation 18 'read' 'scale_43_reload_read' <Predicate = true> <Delay = 0.00>
ST_1 : Operation 19 [1/1] (0.00ns)   --->   "%scale_39_reload_read = read i24 @_ssdm_op_Read.ap_auto.i24, i24 %scale_39_reload"   --->   Operation 19 'read' 'scale_39_reload_read' <Predicate = true> <Delay = 0.00>
ST_1 : Operation 20 [1/1] (0.00ns)   --->   "%scale_35_reload_read = read i24 @_ssdm_op_Read.ap_auto.i24, i24 %scale_35_reload"   --->   Operation 20 'read' 'scale_35_reload_read' <Predicate = true> <Delay = 0.00>
ST_1 : Operation 21 [1/1] (0.00ns)   --->   "%scale_31_reload_read = read i24 @_ssdm_op_Read.ap_auto.i24, i24 %scale_31_reload"   --->   Operation 21 'read' 'scale_31_reload_read' <Predicate = true> <Delay = 0.00>
ST_1 : Operation 22 [1/1] (0.00ns)   --->   "%scale_27_reload_read = read i24 @_ssdm_op_Read.ap_auto.i24, i24 %scale_27_reload"   --->   Operation 22 'read' 'scale_27_reload_read' <Predicate = true> <Delay = 0.00>
ST_1 : Operation 23 [1/1] (0.00ns)   --->   "%scale_23_reload_read = read i24 @_ssdm_op_Read.ap_auto.i24, i24 %scale_23_reload"   --->   Operation 23 'read' 'scale_23_reload_read' <Predicate = true> <Delay = 0.00>
ST_1 : Operation 24 [1/1] (0.00ns)   --->   "%scale_19_reload_read = read i24 @_ssdm_op_Read.ap_auto.i24, i24 %scale_19_reload"   --->   Operation 24 'read' 'scale_19_reload_read' <Predicate = true> <Delay = 0.00>
ST_1 : Operation 25 [1/1] (0.00ns)   --->   "%scale_15_reload_read = read i24 @_ssdm_op_Read.ap_auto.i24, i24 %scale_15_reload"   --->   Operation 25 'read' 'scale_15_reload_read' <Predicate = true> <Delay = 0.00>
ST_1 : Operation 26 [1/1] (0.00ns)   --->   "%scale_11_reload_read = read i24 @_ssdm_op_Read.ap_auto.i24, i24 %scale_11_reload"   --->   Operation 26 'read' 'scale_11_reload_read' <Predicate = true> <Delay = 0.00>
ST_1 : Operation 27 [1/1] (0.00ns)   --->   "%scale_7_reload_read = read i24 @_ssdm_op_Read.ap_auto.i24, i24 %scale_7_reload"   --->   Operation 27 'read' 'scale_7_reload_read' <Predicate = true> <Delay = 0.00>
ST_1 : Operation 28 [1/1] (0.00ns)   --->   "%scale_3_reload_read = read i24 @_ssdm_op_Read.ap_auto.i24, i24 %scale_3_reload"   --->   Operation 28 'read' 'scale_3_reload_read' <Predicate = true> <Delay = 0.00>
ST_1 : Operation 29 [1/1] (0.00ns)   --->   "%scale_62_reload_read = read i24 @_ssdm_op_Read.ap_auto.i24, i24 %scale_62_reload"   --->   Operation 29 'read' 'scale_62_reload_read' <Predicate = true> <Delay = 0.00>
ST_1 : Operation 30 [1/1] (0.00ns)   --->   "%scale_58_reload_read = read i24 @_ssdm_op_Read.ap_auto.i24, i24 %scale_58_reload"   --->   Operation 30 'read' 'scale_58_reload_read' <Predicate = true> <Delay = 0.00>
ST_1 : Operation 31 [1/1] (0.00ns)   --->   "%scale_54_reload_read = read i24 @_ssdm_op_Read.ap_auto.i24, i24 %scale_54_reload"   --->   Operation 31 'read' 'scale_54_reload_read' <Predicate = true> <Delay = 0.00>
ST_1 : Operation 32 [1/1] (0.00ns)   --->   "%scale_50_reload_read = read i24 @_ssdm_op_Read.ap_auto.i24, i24 %scale_50_reload"   --->   Operation 32 'read' 'scale_50_reload_read' <Predicate = true> <Delay = 0.00>
ST_1 : Operation 33 [1/1] (0.00ns)   --->   "%scale_46_reload_read = read i24 @_ssdm_op_Read.ap_auto.i24, i24 %scale_46_reload"   --->   Operation 33 'read' 'scale_46_reload_read' <Predicate = true> <Delay = 0.00>
ST_1 : Operation 34 [1/1] (0.00ns)   --->   "%scale_42_reload_read = read i24 @_ssdm_op_Read.ap_auto.i24, i24 %scale_42_reload"   --->   Operation 34 'read' 'scale_42_reload_read' <Predicate = true> <Delay = 0.00>
ST_1 : Operation 35 [1/1] (0.00ns)   --->   "%scale_38_reload_read = read i24 @_ssdm_op_Read.ap_auto.i24, i24 %scale_38_reload"   --->   Operation 35 'read' 'scale_38_reload_read' <Predicate = true> <Delay = 0.00>
ST_1 : Operation 36 [1/1] (0.00ns)   --->   "%scale_34_reload_read = read i24 @_ssdm_op_Read.ap_auto.i24, i24 %scale_34_reload"   --->   Operation 36 'read' 'scale_34_reload_read' <Predicate = true> <Delay = 0.00>
ST_1 : Operation 37 [1/1] (0.00ns)   --->   "%scale_30_reload_read = read i24 @_ssdm_op_Read.ap_auto.i24, i24 %scale_30_reload"   --->   Operation 37 'read' 'scale_30_reload_read' <Predicate = true> <Delay = 0.00>
ST_1 : Operation 38 [1/1] (0.00ns)   --->   "%scale_26_reload_read = read i24 @_ssdm_op_Read.ap_auto.i24, i24 %scale_26_reload"   --->   Operation 38 'read' 'scale_26_reload_read' <Predicate = true> <Delay = 0.00>
ST_1 : Operation 39 [1/1] (0.00ns)   --->   "%scale_22_reload_read = read i24 @_ssdm_op_Read.ap_auto.i24, i24 %scale_22_reload"   --->   Operation 39 'read' 'scale_22_reload_read' <Predicate = true> <Delay = 0.00>
ST_1 : Operation 40 [1/1] (0.00ns)   --->   "%scale_18_reload_read = read i24 @_ssdm_op_Read.ap_auto.i24, i24 %scale_18_reload"   --->   Operation 40 'read' 'scale_18_reload_read' <Predicate = true> <Delay = 0.00>
ST_1 : Operation 41 [1/1] (0.00ns)   --->   "%scale_14_reload_read = read i24 @_ssdm_op_Read.ap_auto.i24, i24 %scale_14_reload"   --->   Operation 41 'read' 'scale_14_reload_read' <Predicate = true> <Delay = 0.00>
ST_1 : Operation 42 [1/1] (0.00ns)   --->   "%scale_10_reload_read = read i24 @_ssdm_op_Read.ap_auto.i24, i24 %scale_10_reload"   --->   Operation 42 'read' 'scale_10_reload_read' <Predicate = true> <Delay = 0.00>
ST_1 : Operation 43 [1/1] (0.00ns)   --->   "%scale_6_reload_read = read i24 @_ssdm_op_Read.ap_auto.i24, i24 %scale_6_reload"   --->   Operation 43 'read' 'scale_6_reload_read' <Predicate = true> <Delay = 0.00>
ST_1 : Operation 44 [1/1] (0.00ns)   --->   "%scale_2_reload_read = read i24 @_ssdm_op_Read.ap_auto.i24, i24 %scale_2_reload"   --->   Operation 44 'read' 'scale_2_reload_read' <Predicate = true> <Delay = 0.00>
ST_1 : Operation 45 [1/1] (0.00ns)   --->   "%scale_61_reload_read = read i24 @_ssdm_op_Read.ap_auto.i24, i24 %scale_61_reload"   --->   Operation 45 'read' 'scale_61_reload_read' <Predicate = true> <Delay = 0.00>
ST_1 : Operation 46 [1/1] (0.00ns)   --->   "%scale_57_reload_read = read i24 @_ssdm_op_Read.ap_auto.i24, i24 %scale_57_reload"   --->   Operation 46 'read' 'scale_57_reload_read' <Predicate = true> <Delay = 0.00>
ST_1 : Operation 47 [1/1] (0.00ns)   --->   "%scale_53_reload_read = read i24 @_ssdm_op_Read.ap_auto.i24, i24 %scale_53_reload"   --->   Operation 47 'read' 'scale_53_reload_read' <Predicate = true> <Delay = 0.00>
ST_1 : Operation 48 [1/1] (0.00ns)   --->   "%scale_49_reload_read = read i24 @_ssdm_op_Read.ap_auto.i24, i24 %scale_49_reload"   --->   Operation 48 'read' 'scale_49_reload_read' <Predicate = true> <Delay = 0.00>
ST_1 : Operation 49 [1/1] (0.00ns)   --->   "%scale_45_reload_read = read i24 @_ssdm_op_Read.ap_auto.i24, i24 %scale_45_reload"   --->   Operation 49 'read' 'scale_45_reload_read' <Predicate = true> <Delay = 0.00>
ST_1 : Operation 50 [1/1] (0.00ns)   --->   "%scale_41_reload_read = read i24 @_ssdm_op_Read.ap_auto.i24, i24 %scale_41_reload"   --->   Operation 50 'read' 'scale_41_reload_read' <Predicate = true> <Delay = 0.00>
ST_1 : Operation 51 [1/1] (0.00ns)   --->   "%scale_37_reload_read = read i24 @_ssdm_op_Read.ap_auto.i24, i24 %scale_37_reload"   --->   Operation 51 'read' 'scale_37_reload_read' <Predicate = true> <Delay = 0.00>
ST_1 : Operation 52 [1/1] (0.00ns)   --->   "%scale_33_reload_read = read i24 @_ssdm_op_Read.ap_auto.i24, i24 %scale_33_reload"   --->   Operation 52 'read' 'scale_33_reload_read' <Predicate = true> <Delay = 0.00>
ST_1 : Operation 53 [1/1] (0.00ns)   --->   "%scale_29_reload_read = read i24 @_ssdm_op_Read.ap_auto.i24, i24 %scale_29_reload"   --->   Operation 53 'read' 'scale_29_reload_read' <Predicate = true> <Delay = 0.00>
ST_1 : Operation 54 [1/1] (0.00ns)   --->   "%scale_25_reload_read = read i24 @_ssdm_op_Read.ap_auto.i24, i24 %scale_25_reload"   --->   Operation 54 'read' 'scale_25_reload_read' <Predicate = true> <Delay = 0.00>
ST_1 : Operation 55 [1/1] (0.00ns)   --->   "%scale_21_reload_read = read i24 @_ssdm_op_Read.ap_auto.i24, i24 %scale_21_reload"   --->   Operation 55 'read' 'scale_21_reload_read' <Predicate = true> <Delay = 0.00>
ST_1 : Operation 56 [1/1] (0.00ns)   --->   "%scale_17_reload_read = read i24 @_ssdm_op_Read.ap_auto.i24, i24 %scale_17_reload"   --->   Operation 56 'read' 'scale_17_reload_read' <Predicate = true> <Delay = 0.00>
ST_1 : Operation 57 [1/1] (0.00ns)   --->   "%scale_13_reload_read = read i24 @_ssdm_op_Read.ap_auto.i24, i24 %scale_13_reload"   --->   Operation 57 'read' 'scale_13_reload_read' <Predicate = true> <Delay = 0.00>
ST_1 : Operation 58 [1/1] (0.00ns)   --->   "%scale_9_reload_read = read i24 @_ssdm_op_Read.ap_auto.i24, i24 %scale_9_reload"   --->   Operation 58 'read' 'scale_9_reload_read' <Predicate = true> <Delay = 0.00>
ST_1 : Operation 59 [1/1] (0.00ns)   --->   "%scale_5_reload_read = read i24 @_ssdm_op_Read.ap_auto.i24, i24 %scale_5_reload"   --->   Operation 59 'read' 'scale_5_reload_read' <Predicate = true> <Delay = 0.00>
ST_1 : Operation 60 [1/1] (0.00ns)   --->   "%scale_1_reload_read = read i24 @_ssdm_op_Read.ap_auto.i24, i24 %scale_1_reload"   --->   Operation 60 'read' 'scale_1_reload_read' <Predicate = true> <Delay = 0.00>
ST_1 : Operation 61 [1/1] (0.00ns)   --->   "%scale_60_reload_read = read i24 @_ssdm_op_Read.ap_auto.i24, i24 %scale_60_reload"   --->   Operation 61 'read' 'scale_60_reload_read' <Predicate = true> <Delay = 0.00>
ST_1 : Operation 62 [1/1] (0.00ns)   --->   "%scale_56_reload_read = read i24 @_ssdm_op_Read.ap_auto.i24, i24 %scale_56_reload"   --->   Operation 62 'read' 'scale_56_reload_read' <Predicate = true> <Delay = 0.00>
ST_1 : Operation 63 [1/1] (0.00ns)   --->   "%scale_52_reload_read = read i24 @_ssdm_op_Read.ap_auto.i24, i24 %scale_52_reload"   --->   Operation 63 'read' 'scale_52_reload_read' <Predicate = true> <Delay = 0.00>
ST_1 : Operation 64 [1/1] (0.00ns)   --->   "%scale_48_reload_read = read i24 @_ssdm_op_Read.ap_auto.i24, i24 %scale_48_reload"   --->   Operation 64 'read' 'scale_48_reload_read' <Predicate = true> <Delay = 0.00>
ST_1 : Operation 65 [1/1] (0.00ns)   --->   "%scale_44_reload_read = read i24 @_ssdm_op_Read.ap_auto.i24, i24 %scale_44_reload"   --->   Operation 65 'read' 'scale_44_reload_read' <Predicate = true> <Delay = 0.00>
ST_1 : Operation 66 [1/1] (0.00ns)   --->   "%scale_40_reload_read = read i24 @_ssdm_op_Read.ap_auto.i24, i24 %scale_40_reload"   --->   Operation 66 'read' 'scale_40_reload_read' <Predicate = true> <Delay = 0.00>
ST_1 : Operation 67 [1/1] (0.00ns)   --->   "%scale_36_reload_read = read i24 @_ssdm_op_Read.ap_auto.i24, i24 %scale_36_reload"   --->   Operation 67 'read' 'scale_36_reload_read' <Predicate = true> <Delay = 0.00>
ST_1 : Operation 68 [1/1] (0.00ns)   --->   "%scale_32_reload_read = read i24 @_ssdm_op_Read.ap_auto.i24, i24 %scale_32_reload"   --->   Operation 68 'read' 'scale_32_reload_read' <Predicate = true> <Delay = 0.00>
ST_1 : Operation 69 [1/1] (0.00ns)   --->   "%scale_28_reload_read = read i24 @_ssdm_op_Read.ap_auto.i24, i24 %scale_28_reload"   --->   Operation 69 'read' 'scale_28_reload_read' <Predicate = true> <Delay = 0.00>
ST_1 : Operation 70 [1/1] (0.00ns)   --->   "%scale_24_reload_read = read i24 @_ssdm_op_Read.ap_auto.i24, i24 %scale_24_reload"   --->   Operation 70 'read' 'scale_24_reload_read' <Predicate = true> <Delay = 0.00>
ST_1 : Operation 71 [1/1] (0.00ns)   --->   "%scale_20_reload_read = read i24 @_ssdm_op_Read.ap_auto.i24, i24 %scale_20_reload"   --->   Operation 71 'read' 'scale_20_reload_read' <Predicate = true> <Delay = 0.00>
ST_1 : Operation 72 [1/1] (0.00ns)   --->   "%scale_16_reload_read = read i24 @_ssdm_op_Read.ap_auto.i24, i24 %scale_16_reload"   --->   Operation 72 'read' 'scale_16_reload_read' <Predicate = true> <Delay = 0.00>
ST_1 : Operation 73 [1/1] (0.00ns)   --->   "%scale_12_reload_read = read i24 @_ssdm_op_Read.ap_auto.i24, i24 %scale_12_reload"   --->   Operation 73 'read' 'scale_12_reload_read' <Predicate = true> <Delay = 0.00>
ST_1 : Operation 74 [1/1] (0.00ns)   --->   "%scale_8_reload_read = read i24 @_ssdm_op_Read.ap_auto.i24, i24 %scale_8_reload"   --->   Operation 74 'read' 'scale_8_reload_read' <Predicate = true> <Delay = 0.00>
ST_1 : Operation 75 [1/1] (0.00ns)   --->   "%scale_4_reload_read = read i24 @_ssdm_op_Read.ap_auto.i24, i24 %scale_4_reload"   --->   Operation 75 'read' 'scale_4_reload_read' <Predicate = true> <Delay = 0.00>
ST_1 : Operation 76 [1/1] (0.00ns)   --->   "%scale_reload_read = read i24 @_ssdm_op_Read.ap_auto.i24, i24 %scale_reload"   --->   Operation 76 'read' 'scale_reload_read' <Predicate = true> <Delay = 0.00>
ST_1 : Operation 77 [1/1] (0.48ns)   --->   "%store_ln0 = store i13 0, i13 %indvar_flatten6"   --->   Operation 77 'store' 'store_ln0' <Predicate = true> <Delay = 0.48>
ST_1 : Operation 78 [1/1] (0.48ns)   --->   "%store_ln105 = store i9 0, i9 %i" [top.cpp:105]   --->   Operation 78 'store' 'store_ln105' <Predicate = true> <Delay = 0.48>
ST_1 : Operation 79 [1/1] (0.48ns)   --->   "%store_ln107 = store i7 0, i7 %jb" [top.cpp:107]   --->   Operation 79 'store' 'store_ln107' <Predicate = true> <Delay = 0.48>
ST_1 : Operation 80 [1/1] (0.00ns)   --->   "%br_ln0 = br void %VITIS_LOOP_110_12"   --->   Operation 80 'br' 'br_ln0' <Predicate = true> <Delay = 0.00>
ST_1 : Operation 81 [1/1] (0.00ns)   --->   "%indvar_flatten6_load = load i13 %indvar_flatten6" [top.cpp:105]   --->   Operation 81 'load' 'indvar_flatten6_load' <Predicate = true> <Delay = 0.00>
ST_1 : Operation 82 [1/1] (0.97ns)   --->   "%icmp_ln105 = icmp_eq  i13 %indvar_flatten6_load, i13 4096" [top.cpp:105]   --->   Operation 82 'icmp' 'icmp_ln105' <Predicate = true> <Delay = 0.97> <CoreInst = "Cmp">   --->   Core 9 'Cmp' <Latency = 0> <II = 1> <Delay = 0.97> <FuncUnit> <Opcode : 'seteq' 'setne' 'setle' 'setge' 'setlt' 'setgt'> <InPorts = 2> <OutPorts = 1>
ST_1 : Operation 83 [1/1] (0.97ns)   --->   "%add_ln105_1 = add i13 %indvar_flatten6_load, i13 1" [top.cpp:105]   --->   Operation 83 'add' 'add_ln105_1' <Predicate = true> <Delay = 0.97> <CoreInst = "Adder">   --->   Core 1 'Adder' <Latency = 0> <II = 1> <Delay = 0.97> <FuncUnit> <Opcode : 'add' 'sub'> <InPorts = 2> <OutPorts = 1>
ST_1 : Operation 84 [1/1] (0.00ns)   --->   "%br_ln105 = br i1 %icmp_ln105, void %for.inc131, void %for.end133.exitStub" [top.cpp:105]   --->   Operation 84 'br' 'br_ln105' <Predicate = true> <Delay = 0.00>
ST_1 : Operation 85 [1/1] (0.00ns)   --->   "%jb_load = load i7 %jb" [top.cpp:105]   --->   Operation 85 'load' 'jb_load' <Predicate = (!icmp_ln105)> <Delay = 0.00>
ST_1 : Operation 86 [1/1] (0.00ns)   --->   "%i_load = load i9 %i" [top.cpp:105]   --->   Operation 86 'load' 'i_load' <Predicate = (!icmp_ln105)> <Delay = 0.00>
ST_1 : Operation 87 [1/1] (0.00ns)   --->   "%trunc_ln105 = trunc i7 %jb_load" [top.cpp:105]   --->   Operation 87 'trunc' 'trunc_ln105' <Predicate = (!icmp_ln105)> <Delay = 0.00>
ST_1 : Operation 88 [1/1] (0.92ns)   --->   "%add_ln105 = add i9 %i_load, i9 1" [top.cpp:105]   --->   Operation 88 'add' 'add_ln105' <Predicate = (!icmp_ln105)> <Delay = 0.92> <CoreInst = "Adder">   --->   Core 1 'Adder' <Latency = 0> <II = 1> <Delay = 0.92> <FuncUnit> <Opcode : 'add' 'sub'> <InPorts = 2> <OutPorts = 1>
ST_1 : Operation 89 [1/1] (0.00ns)   --->   "%tmp = bitselect i1 @_ssdm_op_BitSelect.i1.i7.i32, i7 %jb_load, i32 6" [top.cpp:107]   --->   Operation 89 'bitselect' 'tmp' <Predicate = (!icmp_ln105)> <Delay = 0.00>
ST_1 : Operation 90 [1/1] (0.44ns)   --->   "%select_ln107 = select i1 %tmp, i6 0, i6 %trunc_ln105" [top.cpp:107]   --->   Operation 90 'select' 'select_ln107' <Predicate = (!icmp_ln105)> <Delay = 0.44> <CoreInst = "Sel">   --->   Core 73 'Sel' <Latency = 0> <II = 1> <Delay = 0.44> <FuncUnit> <Opcode : 'select'> <InPorts = 3> <OutPorts = 1>
ST_1 : Operation 91 [1/1] (0.00ns)   --->   "%zext_ln105 = zext i6 %select_ln107" [top.cpp:105]   --->   Operation 91 'zext' 'zext_ln105' <Predicate = (!icmp_ln105)> <Delay = 0.00>
ST_1 : Operation 92 [1/1] (0.45ns)   --->   "%select_ln105 = select i1 %tmp, i9 %add_ln105, i9 %i_load" [top.cpp:105]   --->   Operation 92 'select' 'select_ln105' <Predicate = (!icmp_ln105)> <Delay = 0.45> <CoreInst = "Sel">   --->   Core 73 'Sel' <Latency = 0> <II = 1> <Delay = 0.45> <FuncUnit> <Opcode : 'select'> <InPorts = 3> <OutPorts = 1>
ST_1 : Operation 93 [1/1] (0.00ns)   --->   "%trunc_ln107 = trunc i9 %select_ln105" [top.cpp:107]   --->   Operation 93 'trunc' 'trunc_ln107' <Predicate = (!icmp_ln105)> <Delay = 0.00>
ST_1 : Operation 94 [1/1] (0.00ns)   --->   "%lshr_ln3 = partselect i4 @_ssdm_op_PartSelect.i4.i6.i32.i32, i6 %select_ln107, i32 2, i32 5" [top.cpp:107]   --->   Operation 94 'partselect' 'lshr_ln3' <Predicate = (!icmp_ln105)> <Delay = 0.00>
ST_1 : Operation 95 [1/1] (0.00ns)   --->   "%tmp_s = bitconcatenate i12 @_ssdm_op_BitConcatenate.i12.i8.i4, i8 %trunc_ln107, i4 %lshr_ln3" [top.cpp:113]   --->   Operation 95 'bitconcatenate' 'tmp_s' <Predicate = (!icmp_ln105)> <Delay = 0.00>
ST_1 : Operation 96 [1/1] (0.00ns)   --->   "%zext_ln113_4 = zext i12 %tmp_s" [top.cpp:113]   --->   Operation 96 'zext' 'zext_ln113_4' <Predicate = (!icmp_ln105)> <Delay = 0.00>
ST_1 : Operation 97 [1/1] (0.00ns)   --->   "%top_kernel_ap_fixed_64_ap_fixed_24_8_0_0_0_64_tmp_3_addr = getelementptr i24 %top_kernel_ap_fixed_64_ap_fixed_24_8_0_0_0_64_tmp_3, i64 0, i64 %zext_ln113_4" [top.cpp:113]   --->   Operation 97 'getelementptr' 'top_kernel_ap_fixed_64_ap_fixed_24_8_0_0_0_64_tmp_3_addr' <Predicate = (!icmp_ln105)> <Delay = 0.00>
ST_1 : Operation 98 [1/1] (0.00ns)   --->   "%top_kernel_ap_fixed_64_ap_fixed_24_8_0_0_0_64_tmp_2_addr = getelementptr i24 %top_kernel_ap_fixed_64_ap_fixed_24_8_0_0_0_64_tmp_2, i64 0, i64 %zext_ln113_4" [top.cpp:113]   --->   Operation 98 'getelementptr' 'top_kernel_ap_fixed_64_ap_fixed_24_8_0_0_0_64_tmp_2_addr' <Predicate = (!icmp_ln105)> <Delay = 0.00>
ST_1 : Operation 99 [1/1] (0.00ns)   --->   "%top_kernel_ap_fixed_64_ap_fixed_24_8_0_0_0_64_tmp_1_addr = getelementptr i24 %top_kernel_ap_fixed_64_ap_fixed_24_8_0_0_0_64_tmp_1, i64 0, i64 %zext_ln113_4" [top.cpp:113]   --->   Operation 99 'getelementptr' 'top_kernel_ap_fixed_64_ap_fixed_24_8_0_0_0_64_tmp_1_addr' <Predicate = (!icmp_ln105)> <Delay = 0.00>
ST_1 : Operation 100 [1/1] (0.00ns)   --->   "%top_kernel_ap_fixed_64_ap_fixed_24_8_0_0_0_64_tmp_addr = getelementptr i24 %top_kernel_ap_fixed_64_ap_fixed_24_8_0_0_0_64_tmp, i64 0, i64 %zext_ln113_4" [top.cpp:113]   --->   Operation 100 'getelementptr' 'top_kernel_ap_fixed_64_ap_fixed_24_8_0_0_0_64_tmp_addr' <Predicate = (!icmp_ln105)> <Delay = 0.00>
ST_1 : Operation 101 [2/2] (1.35ns)   --->   "%top_kernel_ap_fixed_64_ap_fixed_24_8_0_0_0_64_tmp_3_load = load i12 %top_kernel_ap_fixed_64_ap_fixed_24_8_0_0_0_64_tmp_3_addr" [top.cpp:113]   --->   Operation 101 'load' 'top_kernel_ap_fixed_64_ap_fixed_24_8_0_0_0_64_tmp_3_load' <Predicate = (!icmp_ln105)> <Delay = 1.35> <CoreInst = "RAM">   --->   Core 82 'RAM' <Latency = 1> <II = 1> <Delay = 1.35> <Storage> <Opcode : 'load' 'store'> <Ports = 2> <Width = 24> <Depth = 4096> <RAM>
ST_1 : Operation 102 [1/1] (0.57ns)   --->   "%tmp_8 = sparsemux i24 @_ssdm_op_SparseMux.ap_auto.16i24.i24.i6, i6 0, i24 %scale_reload_read, i6 4, i24 %scale_4_reload_read, i6 8, i24 %scale_8_reload_read, i6 12, i24 %scale_12_reload_read, i6 16, i24 %scale_16_reload_read, i6 20, i24 %scale_20_reload_read, i6 24, i24 %scale_24_reload_read, i6 28, i24 %scale_28_reload_read, i6 32, i24 %scale_32_reload_read, i6 36, i24 %scale_36_reload_read, i6 40, i24 %scale_40_reload_read, i6 44, i24 %scale_44_reload_read, i6 48, i24 %scale_48_reload_read, i6 52, i24 %scale_52_reload_read, i6 56, i24 %scale_56_reload_read, i6 60, i24 %scale_60_reload_read, i24 0, i6 %select_ln107" [top.cpp:113]   --->   Operation 102 'sparsemux' 'tmp_8' <Predicate = (!icmp_ln105)> <Delay = 0.57> <CoreInst = "BinarySparseMux_DontCare">   --->   Core 149 'BinarySparseMux_DontCare' <Latency = 0> <II = 1> <Delay = 0.57> <FuncUnit> <Opcode : 'sparsemux'> <InPorts = 2> <OutPorts = 1>
ST_1 : Operation 103 [2/2] (1.35ns)   --->   "%top_kernel_ap_fixed_64_ap_fixed_24_8_0_0_0_64_tmp_2_load = load i12 %top_kernel_ap_fixed_64_ap_fixed_24_8_0_0_0_64_tmp_2_addr" [top.cpp:113]   --->   Operation 103 'load' 'top_kernel_ap_fixed_64_ap_fixed_24_8_0_0_0_64_tmp_2_load' <Predicate = (!icmp_ln105)> <Delay = 1.35> <CoreInst = "RAM">   --->   Core 82 'RAM' <Latency = 1> <II = 1> <Delay = 1.35> <Storage> <Opcode : 'load' 'store'> <Ports = 2> <Width = 24> <Depth = 4096> <RAM>
ST_1 : Operation 104 [1/1] (0.57ns)   --->   "%tmp_11 = sparsemux i24 @_ssdm_op_SparseMux.ap_auto.16i24.i24.i6, i6 0, i24 %scale_1_reload_read, i6 4, i24 %scale_5_reload_read, i6 8, i24 %scale_9_reload_read, i6 12, i24 %scale_13_reload_read, i6 16, i24 %scale_17_reload_read, i6 20, i24 %scale_21_reload_read, i6 24, i24 %scale_25_reload_read, i6 28, i24 %scale_29_reload_read, i6 32, i24 %scale_33_reload_read, i6 36, i24 %scale_37_reload_read, i6 40, i24 %scale_41_reload_read, i6 44, i24 %scale_45_reload_read, i6 48, i24 %scale_49_reload_read, i6 52, i24 %scale_53_reload_read, i6 56, i24 %scale_57_reload_read, i6 60, i24 %scale_61_reload_read, i24 0, i6 %select_ln107" [top.cpp:113]   --->   Operation 104 'sparsemux' 'tmp_11' <Predicate = (!icmp_ln105)> <Delay = 0.57> <CoreInst = "BinarySparseMux_DontCare">   --->   Core 149 'BinarySparseMux_DontCare' <Latency = 0> <II = 1> <Delay = 0.57> <FuncUnit> <Opcode : 'sparsemux'> <InPorts = 2> <OutPorts = 1>
ST_1 : Operation 105 [2/2] (1.35ns)   --->   "%top_kernel_ap_fixed_64_ap_fixed_24_8_0_0_0_64_tmp_1_load = load i12 %top_kernel_ap_fixed_64_ap_fixed_24_8_0_0_0_64_tmp_1_addr" [top.cpp:113]   --->   Operation 105 'load' 'top_kernel_ap_fixed_64_ap_fixed_24_8_0_0_0_64_tmp_1_load' <Predicate = (!icmp_ln105)> <Delay = 1.35> <CoreInst = "RAM">   --->   Core 82 'RAM' <Latency = 1> <II = 1> <Delay = 1.35> <Storage> <Opcode : 'load' 'store'> <Ports = 2> <Width = 24> <Depth = 4096> <RAM>
ST_1 : Operation 106 [1/1] (0.57ns)   --->   "%tmp_14 = sparsemux i24 @_ssdm_op_SparseMux.ap_auto.16i24.i24.i6, i6 0, i24 %scale_2_reload_read, i6 4, i24 %scale_6_reload_read, i6 8, i24 %scale_10_reload_read, i6 12, i24 %scale_14_reload_read, i6 16, i24 %scale_18_reload_read, i6 20, i24 %scale_22_reload_read, i6 24, i24 %scale_26_reload_read, i6 28, i24 %scale_30_reload_read, i6 32, i24 %scale_34_reload_read, i6 36, i24 %scale_38_reload_read, i6 40, i24 %scale_42_reload_read, i6 44, i24 %scale_46_reload_read, i6 48, i24 %scale_50_reload_read, i6 52, i24 %scale_54_reload_read, i6 56, i24 %scale_58_reload_read, i6 60, i24 %scale_62_reload_read, i24 0, i6 %select_ln107" [top.cpp:113]   --->   Operation 106 'sparsemux' 'tmp_14' <Predicate = (!icmp_ln105)> <Delay = 0.57> <CoreInst = "BinarySparseMux_DontCare">   --->   Core 149 'BinarySparseMux_DontCare' <Latency = 0> <II = 1> <Delay = 0.57> <FuncUnit> <Opcode : 'sparsemux'> <InPorts = 2> <OutPorts = 1>
ST_1 : Operation 107 [2/2] (1.35ns)   --->   "%top_kernel_ap_fixed_64_ap_fixed_24_8_0_0_0_64_tmp_load = load i12 %top_kernel_ap_fixed_64_ap_fixed_24_8_0_0_0_64_tmp_addr" [top.cpp:113]   --->   Operation 107 'load' 'top_kernel_ap_fixed_64_ap_fixed_24_8_0_0_0_64_tmp_load' <Predicate = (!icmp_ln105)> <Delay = 1.35> <CoreInst = "RAM">   --->   Core 82 'RAM' <Latency = 1> <II = 1> <Delay = 1.35> <Storage> <Opcode : 'load' 'store'> <Ports = 2> <Width = 24> <Depth = 4096> <RAM>
ST_1 : Operation 108 [1/1] (0.57ns)   --->   "%tmp_17 = sparsemux i24 @_ssdm_op_SparseMux.ap_auto.16i24.i24.i6, i6 0, i24 %scale_3_reload_read, i6 4, i24 %scale_7_reload_read, i6 8, i24 %scale_11_reload_read, i6 12, i24 %scale_15_reload_read, i6 16, i24 %scale_19_reload_read, i6 20, i24 %scale_23_reload_read, i6 24, i24 %scale_27_reload_read, i6 28, i24 %scale_31_reload_read, i6 32, i24 %scale_35_reload_read, i6 36, i24 %scale_39_reload_read, i6 40, i24 %scale_43_reload_read, i6 44, i24 %scale_47_reload_read, i6 48, i24 %scale_51_reload_read, i6 52, i24 %scale_55_reload_read, i6 56, i24 %scale_59_reload_read, i6 60, i24 %scale_63_reload_read, i24 0, i6 %select_ln107" [top.cpp:113]   --->   Operation 108 'sparsemux' 'tmp_17' <Predicate = (!icmp_ln105)> <Delay = 0.57> <CoreInst = "BinarySparseMux_DontCare">   --->   Core 149 'BinarySparseMux_DontCare' <Latency = 0> <II = 1> <Delay = 0.57> <FuncUnit> <Opcode : 'sparsemux'> <InPorts = 2> <OutPorts = 1>
ST_1 : Operation 109 [1/1] (0.88ns)   --->   "%add_ln107 = add i7 %zext_ln105, i7 4" [top.cpp:107]   --->   Operation 109 'add' 'add_ln107' <Predicate = (!icmp_ln105)> <Delay = 0.88> <CoreInst = "Adder">   --->   Core 1 'Adder' <Latency = 0> <II = 1> <Delay = 0.88> <FuncUnit> <Opcode : 'add' 'sub'> <InPorts = 2> <OutPorts = 1>
ST_1 : Operation 110 [1/1] (0.48ns)   --->   "%store_ln105 = store i13 %add_ln105_1, i13 %indvar_flatten6" [top.cpp:105]   --->   Operation 110 'store' 'store_ln105' <Predicate = (!icmp_ln105)> <Delay = 0.48>
ST_1 : Operation 111 [1/1] (0.48ns)   --->   "%store_ln105 = store i9 %select_ln105, i9 %i" [top.cpp:105]   --->   Operation 111 'store' 'store_ln105' <Predicate = (!icmp_ln105)> <Delay = 0.48>
ST_1 : Operation 112 [1/1] (0.48ns)   --->   "%store_ln107 = store i7 %add_ln107, i7 %jb" [top.cpp:107]   --->   Operation 112 'store' 'store_ln107' <Predicate = (!icmp_ln105)> <Delay = 0.48>

State 2 <SV = 1> <Delay = 7.27>
ST_2 : Operation 113 [1/2] ( I:1.35ns O:1.35ns )   --->   "%top_kernel_ap_fixed_64_ap_fixed_24_8_0_0_0_64_tmp_3_load = load i12 %top_kernel_ap_fixed_64_ap_fixed_24_8_0_0_0_64_tmp_3_addr" [top.cpp:113]   --->   Operation 113 'load' 'top_kernel_ap_fixed_64_ap_fixed_24_8_0_0_0_64_tmp_3_load' <Predicate = true> <Delay = 1.35> <CoreInst = "RAM">   --->   Core 82 'RAM' <Latency = 1> <II = 1> <Delay = 1.35> <Storage> <Opcode : 'load' 'store'> <Ports = 2> <Width = 24> <Depth = 4096> <RAM>
ST_2 : Operation 114 [1/1] (0.00ns)   --->   "%sext_ln113 = sext i24 %top_kernel_ap_fixed_64_ap_fixed_24_8_0_0_0_64_tmp_3_load" [top.cpp:113]   --->   Operation 114 'sext' 'sext_ln113' <Predicate = true> <Delay = 0.00>
ST_2 : Operation 115 [1/1] (0.00ns)   --->   "%sext_ln113_1 = sext i24 %tmp_8" [top.cpp:113]   --->   Operation 115 'sext' 'sext_ln113_1' <Predicate = true> <Delay = 0.00>
ST_2 : Operation 116 [1/1] (3.38ns)   --->   "%mul_ln113 = mul i48 %sext_ln113_1, i48 %sext_ln113" [top.cpp:113]   --->   Operation 116 'mul' 'mul_ln113' <Predicate = true> <Delay = 3.38> <CoreInst = "Multiplier">   --->   Core 3 'Multiplier' <Latency = 0> <II = 1> <Delay = 3.38> <FuncUnit> <Opcode : 'mul'> <InPorts = 2> <OutPorts = 1>
ST_2 : Operation 117 [1/1] (0.00ns)   --->   "%tmp_25 = bitselect i1 @_ssdm_op_BitSelect.i1.i48.i32, i48 %mul_ln113, i32 47" [top.cpp:113]   --->   Operation 117 'bitselect' 'tmp_25' <Predicate = true> <Delay = 0.00>
ST_2 : Operation 118 [1/1] (0.00ns)   --->   "%trunc_ln5 = partselect i24 @_ssdm_op_PartSelect.i24.i48.i32.i32, i48 %mul_ln113, i32 16, i32 39" [top.cpp:113]   --->   Operation 118 'partselect' 'trunc_ln5' <Predicate = true> <Delay = 0.00>
ST_2 : Operation 119 [1/1] (0.00ns)   --->   "%tmp_26 = bitselect i1 @_ssdm_op_BitSelect.i1.i48.i32, i48 %mul_ln113, i32 15" [top.cpp:113]   --->   Operation 119 'bitselect' 'tmp_26' <Predicate = true> <Delay = 0.00>
ST_2 : Operation 120 [1/1] (0.00ns) (grouped into LUT with out node and_ln113)   --->   "%tmp_30 = bitselect i1 @_ssdm_op_BitSelect.i1.i48.i32, i48 %mul_ln113, i32 39" [top.cpp:113]   --->   Operation 120 'bitselect' 'tmp_30' <Predicate = true> <Delay = 0.00>
ST_2 : Operation 121 [1/1] (0.00ns)   --->   "%zext_ln113 = zext i1 %tmp_26" [top.cpp:113]   --->   Operation 121 'zext' 'zext_ln113' <Predicate = true> <Delay = 0.00>
ST_2 : Operation 122 [1/1] (1.10ns)   --->   "%add_ln113 = add i24 %trunc_ln5, i24 %zext_ln113" [top.cpp:113]   --->   Operation 122 'add' 'add_ln113' <Predicate = true> <Delay = 1.10> <CoreInst = "Adder">   --->   Core 1 'Adder' <Latency = 0> <II = 1> <Delay = 1.10> <FuncUnit> <Opcode : 'add' 'sub'> <InPorts = 2> <OutPorts = 1>
ST_2 : Operation 123 [1/1] (0.00ns)   --->   "%tmp_31 = bitselect i1 @_ssdm_op_BitSelect.i1.i24.i32, i24 %add_ln113, i32 23" [top.cpp:113]   --->   Operation 123 'bitselect' 'tmp_31' <Predicate = true> <Delay = 0.00>
ST_2 : Operation 124 [1/1] (0.00ns) (grouped into LUT with out node and_ln113)   --->   "%xor_ln113 = xor i1 %tmp_31, i1 1" [top.cpp:113]   --->   Operation 124 'xor' 'xor_ln113' <Predicate = true> <Delay = 0.00> <CoreInst = "LogicGate">   --->   Core 74 'LogicGate' <Latency = 0> <II = 1> <Delay = 0.33> <FuncUnit> <Opcode : 'and' 'or' 'xor'> <InPorts = 2> <OutPorts = 1>
ST_2 : Operation 125 [1/1] (0.33ns) (out node of the LUT)   --->   "%and_ln113 = and i1 %tmp_30, i1 %xor_ln113" [top.cpp:113]   --->   Operation 125 'and' 'and_ln113' <Predicate = true> <Delay = 0.33> <CoreInst = "LogicGate">   --->   Core 74 'LogicGate' <Latency = 0> <II = 1> <Delay = 0.33> <FuncUnit> <Opcode : 'and' 'or' 'xor'> <InPorts = 2> <OutPorts = 1>
ST_2 : Operation 126 [1/1] (0.00ns) (grouped into LUT with out node and_ln113_4)   --->   "%tmp_32 = bitselect i1 @_ssdm_op_BitSelect.i1.i48.i32, i48 %mul_ln113, i32 40" [top.cpp:113]   --->   Operation 126 'bitselect' 'tmp_32' <Predicate = true> <Delay = 0.00>
ST_2 : Operation 127 [1/1] (0.00ns)   --->   "%tmp_9 = partselect i7 @_ssdm_op_PartSelect.i7.i48.i32, i48 %mul_ln113, i32 41" [top.cpp:113]   --->   Operation 127 'partselect' 'tmp_9' <Predicate = true> <Delay = 0.00>
ST_2 : Operation 128 [1/1] (0.89ns)   --->   "%icmp_ln113 = icmp_eq  i7 %tmp_9, i7 127" [top.cpp:113]   --->   Operation 128 'icmp' 'icmp_ln113' <Predicate = true> <Delay = 0.89> <CoreInst = "Cmp">   --->   Core 9 'Cmp' <Latency = 0> <II = 1> <Delay = 0.89> <FuncUnit> <Opcode : 'seteq' 'setne' 'setle' 'setge' 'setlt' 'setgt'> <InPorts = 2> <OutPorts = 1>
ST_2 : Operation 129 [1/1] (0.00ns)   --->   "%tmp_10 = partselect i8 @_ssdm_op_PartSelect.i8.i48.i32, i48 %mul_ln113, i32 40" [top.cpp:113]   --->   Operation 129 'partselect' 'tmp_10' <Predicate = true> <Delay = 0.00>
ST_2 : Operation 130 [1/1] (0.90ns)   --->   "%icmp_ln113_1 = icmp_eq  i8 %tmp_10, i8 255" [top.cpp:113]   --->   Operation 130 'icmp' 'icmp_ln113_1' <Predicate = true> <Delay = 0.90> <CoreInst = "Cmp">   --->   Core 9 'Cmp' <Latency = 0> <II = 1> <Delay = 0.90> <FuncUnit> <Opcode : 'seteq' 'setne' 'setle' 'setge' 'setlt' 'setgt'> <InPorts = 2> <OutPorts = 1>
ST_2 : Operation 131 [1/1] (0.90ns)   --->   "%icmp_ln113_2 = icmp_eq  i8 %tmp_10, i8 0" [top.cpp:113]   --->   Operation 131 'icmp' 'icmp_ln113_2' <Predicate = true> <Delay = 0.90> <CoreInst = "Cmp">   --->   Core 9 'Cmp' <Latency = 0> <II = 1> <Delay = 0.90> <FuncUnit> <Opcode : 'seteq' 'setne' 'setle' 'setge' 'setlt' 'setgt'> <InPorts = 2> <OutPorts = 1>
ST_2 : Operation 132 [1/1] (0.00ns) (grouped into LUT with out node and_ln113_3)   --->   "%select_ln113 = select i1 %and_ln113, i1 %icmp_ln113_1, i1 %icmp_ln113_2" [top.cpp:113]   --->   Operation 132 'select' 'select_ln113' <Predicate = true> <Delay = 0.00> <CoreInst = "Sel">   --->   Core 73 'Sel' <Latency = 0> <II = 1> <Delay = 0.26> <FuncUnit> <Opcode : 'select'> <InPorts = 3> <OutPorts = 1>
ST_2 : Operation 133 [1/1] (0.00ns) (grouped into LUT with out node and_ln113_4)   --->   "%xor_ln113_1 = xor i1 %tmp_32, i1 1" [top.cpp:113]   --->   Operation 133 'xor' 'xor_ln113_1' <Predicate = true> <Delay = 0.00> <CoreInst = "LogicGate">   --->   Core 74 'LogicGate' <Latency = 0> <II = 1> <Delay = 0.33> <FuncUnit> <Opcode : 'and' 'or' 'xor'> <InPorts = 2> <OutPorts = 1>
ST_2 : Operation 134 [1/1] (0.00ns) (grouped into LUT with out node and_ln113_4)   --->   "%and_ln113_1 = and i1 %icmp_ln113, i1 %xor_ln113_1" [top.cpp:113]   --->   Operation 134 'and' 'and_ln113_1' <Predicate = true> <Delay = 0.00> <CoreInst = "LogicGate">   --->   Core 74 'LogicGate' <Latency = 0> <II = 1> <Delay = 0.33> <FuncUnit> <Opcode : 'and' 'or' 'xor'> <InPorts = 2> <OutPorts = 1>
ST_2 : Operation 135 [1/1] (0.00ns) (grouped into LUT with out node and_ln113_4)   --->   "%select_ln113_1 = select i1 %and_ln113, i1 %and_ln113_1, i1 %icmp_ln113_1" [top.cpp:113]   --->   Operation 135 'select' 'select_ln113_1' <Predicate = true> <Delay = 0.00> <CoreInst = "Sel">   --->   Core 73 'Sel' <Latency = 0> <II = 1> <Delay = 0.26> <FuncUnit> <Opcode : 'select'> <InPorts = 3> <OutPorts = 1>
ST_2 : Operation 136 [1/1] (0.00ns) (grouped into LUT with out node or_ln113_1)   --->   "%and_ln113_2 = and i1 %and_ln113, i1 %icmp_ln113_1" [top.cpp:113]   --->   Operation 136 'and' 'and_ln113_2' <Predicate = true> <Delay = 0.00> <CoreInst = "LogicGate">   --->   Core 74 'LogicGate' <Latency = 0> <II = 1> <Delay = 0.33> <FuncUnit> <Opcode : 'and' 'or' 'xor'> <InPorts = 2> <OutPorts = 1>
ST_2 : Operation 137 [1/1] (0.00ns) (grouped into LUT with out node and_ln113_3)   --->   "%xor_ln113_2 = xor i1 %select_ln113, i1 1" [top.cpp:113]   --->   Operation 137 'xor' 'xor_ln113_2' <Predicate = true> <Delay = 0.00> <CoreInst = "LogicGate">   --->   Core 74 'LogicGate' <Latency = 0> <II = 1> <Delay = 0.33> <FuncUnit> <Opcode : 'and' 'or' 'xor'> <InPorts = 2> <OutPorts = 1>
ST_2 : Operation 138 [1/1] (0.00ns) (grouped into LUT with out node and_ln113_3)   --->   "%or_ln113 = or i1 %tmp_31, i1 %xor_ln113_2" [top.cpp:113]   --->   Operation 138 'or' 'or_ln113' <Predicate = true> <Delay = 0.00> <CoreInst = "LogicGate">   --->   Core 74 'LogicGate' <Latency = 0> <II = 1> <Delay = 0.33> <FuncUnit> <Opcode : 'and' 'or' 'xor'> <InPorts = 2> <OutPorts = 1>
ST_2 : Operation 139 [1/1] (0.00ns) (grouped into LUT with out node and_ln113_3)   --->   "%xor_ln113_3 = xor i1 %tmp_25, i1 1" [top.cpp:113]   --->   Operation 139 'xor' 'xor_ln113_3' <Predicate = true> <Delay = 0.00> <CoreInst = "LogicGate">   --->   Core 74 'LogicGate' <Latency = 0> <II = 1> <Delay = 0.33> <FuncUnit> <Opcode : 'and' 'or' 'xor'> <InPorts = 2> <OutPorts = 1>
ST_2 : Operation 140 [1/1] (0.33ns) (out node of the LUT)   --->   "%and_ln113_3 = and i1 %or_ln113, i1 %xor_ln113_3" [top.cpp:113]   --->   Operation 140 'and' 'and_ln113_3' <Predicate = true> <Delay = 0.33> <CoreInst = "LogicGate">   --->   Core 74 'LogicGate' <Latency = 0> <II = 1> <Delay = 0.33> <FuncUnit> <Opcode : 'and' 'or' 'xor'> <InPorts = 2> <OutPorts = 1>
ST_2 : Operation 141 [1/1] (0.33ns) (out node of the LUT)   --->   "%and_ln113_4 = and i1 %tmp_31, i1 %select_ln113_1" [top.cpp:113]   --->   Operation 141 'and' 'and_ln113_4' <Predicate = true> <Delay = 0.33> <CoreInst = "LogicGate">   --->   Core 74 'LogicGate' <Latency = 0> <II = 1> <Delay = 0.33> <FuncUnit> <Opcode : 'and' 'or' 'xor'> <InPorts = 2> <OutPorts = 1>
ST_2 : Operation 142 [1/1] (0.00ns) (grouped into LUT with out node or_ln113_1)   --->   "%or_ln113_8 = or i1 %and_ln113_2, i1 %and_ln113_4" [top.cpp:113]   --->   Operation 142 'or' 'or_ln113_8' <Predicate = true> <Delay = 0.00> <CoreInst = "LogicGate">   --->   Core 74 'LogicGate' <Latency = 0> <II = 1> <Delay = 0.33> <FuncUnit> <Opcode : 'and' 'or' 'xor'> <InPorts = 2> <OutPorts = 1>
ST_2 : Operation 143 [1/1] (0.00ns) (grouped into LUT with out node or_ln113_1)   --->   "%xor_ln113_4 = xor i1 %or_ln113_8, i1 1" [top.cpp:113]   --->   Operation 143 'xor' 'xor_ln113_4' <Predicate = true> <Delay = 0.00> <CoreInst = "LogicGate">   --->   Core 74 'LogicGate' <Latency = 0> <II = 1> <Delay = 0.33> <FuncUnit> <Opcode : 'and' 'or' 'xor'> <InPorts = 2> <OutPorts = 1>
ST_2 : Operation 144 [1/1] (0.00ns) (grouped into LUT with out node or_ln113_1)   --->   "%and_ln113_5 = and i1 %tmp_25, i1 %xor_ln113_4" [top.cpp:113]   --->   Operation 144 'and' 'and_ln113_5' <Predicate = true> <Delay = 0.00> <CoreInst = "LogicGate">   --->   Core 74 'LogicGate' <Latency = 0> <II = 1> <Delay = 0.33> <FuncUnit> <Opcode : 'and' 'or' 'xor'> <InPorts = 2> <OutPorts = 1>
ST_2 : Operation 145 [1/1] (0.00ns) (grouped into LUT with out node select_ln113_3)   --->   "%select_ln113_2 = select i1 %and_ln113_3, i24 8388607, i24 8388608" [top.cpp:113]   --->   Operation 145 'select' 'select_ln113_2' <Predicate = true> <Delay = 0.00> <CoreInst = "Sel">   --->   Core 73 'Sel' <Latency = 0> <II = 1> <Delay = 0.43> <FuncUnit> <Opcode : 'select'> <InPorts = 3> <OutPorts = 1>
ST_2 : Operation 146 [1/1] (0.33ns) (out node of the LUT)   --->   "%or_ln113_1 = or i1 %and_ln113_3, i1 %and_ln113_5" [top.cpp:113]   --->   Operation 146 'or' 'or_ln113_1' <Predicate = true> <Delay = 0.33> <CoreInst = "LogicGate">   --->   Core 74 'LogicGate' <Latency = 0> <II = 1> <Delay = 0.33> <FuncUnit> <Opcode : 'and' 'or' 'xor'> <InPorts = 2> <OutPorts = 1>
ST_2 : Operation 147 [1/1] (0.43ns) (out node of the LUT)   --->   "%select_ln113_3 = select i1 %or_ln113_1, i24 %select_ln113_2, i24 %add_ln113" [top.cpp:113]   --->   Operation 147 'select' 'select_ln113_3' <Predicate = true> <Delay = 0.43> <CoreInst = "Sel">   --->   Core 73 'Sel' <Latency = 0> <II = 1> <Delay = 0.43> <FuncUnit> <Opcode : 'select'> <InPorts = 3> <OutPorts = 1>
ST_2 : Operation 148 [1/2] ( I:1.35ns O:1.35ns )   --->   "%top_kernel_ap_fixed_64_ap_fixed_24_8_0_0_0_64_tmp_2_load = load i12 %top_kernel_ap_fixed_64_ap_fixed_24_8_0_0_0_64_tmp_2_addr" [top.cpp:113]   --->   Operation 148 'load' 'top_kernel_ap_fixed_64_ap_fixed_24_8_0_0_0_64_tmp_2_load' <Predicate = true> <Delay = 1.35> <CoreInst = "RAM">   --->   Core 82 'RAM' <Latency = 1> <II = 1> <Delay = 1.35> <Storage> <Opcode : 'load' 'store'> <Ports = 2> <Width = 24> <Depth = 4096> <RAM>
ST_2 : Operation 149 [1/1] (0.00ns)   --->   "%sext_ln113_2 = sext i24 %top_kernel_ap_fixed_64_ap_fixed_24_8_0_0_0_64_tmp_2_load" [top.cpp:113]   --->   Operation 149 'sext' 'sext_ln113_2' <Predicate = true> <Delay = 0.00>
ST_2 : Operation 150 [1/1] (0.00ns)   --->   "%sext_ln113_3 = sext i24 %tmp_11" [top.cpp:113]   --->   Operation 150 'sext' 'sext_ln113_3' <Predicate = true> <Delay = 0.00>
ST_2 : Operation 151 [1/1] (3.38ns)   --->   "%mul_ln113_1 = mul i48 %sext_ln113_3, i48 %sext_ln113_2" [top.cpp:113]   --->   Operation 151 'mul' 'mul_ln113_1' <Predicate = true> <Delay = 3.38> <CoreInst = "Multiplier">   --->   Core 3 'Multiplier' <Latency = 0> <II = 1> <Delay = 3.38> <FuncUnit> <Opcode : 'mul'> <InPorts = 2> <OutPorts = 1>
ST_2 : Operation 152 [1/1] (0.00ns)   --->   "%tmp_33 = bitselect i1 @_ssdm_op_BitSelect.i1.i48.i32, i48 %mul_ln113_1, i32 47" [top.cpp:113]   --->   Operation 152 'bitselect' 'tmp_33' <Predicate = true> <Delay = 0.00>
ST_2 : Operation 153 [1/1] (0.00ns)   --->   "%trunc_ln113_1 = partselect i24 @_ssdm_op_PartSelect.i24.i48.i32.i32, i48 %mul_ln113_1, i32 16, i32 39" [top.cpp:113]   --->   Operation 153 'partselect' 'trunc_ln113_1' <Predicate = true> <Delay = 0.00>
ST_2 : Operation 154 [1/1] (0.00ns)   --->   "%tmp_34 = bitselect i1 @_ssdm_op_BitSelect.i1.i48.i32, i48 %mul_ln113_1, i32 15" [top.cpp:113]   --->   Operation 154 'bitselect' 'tmp_34' <Predicate = true> <Delay = 0.00>
ST_2 : Operation 155 [1/1] (0.00ns) (grouped into LUT with out node and_ln113_6)   --->   "%tmp_38 = bitselect i1 @_ssdm_op_BitSelect.i1.i48.i32, i48 %mul_ln113_1, i32 39" [top.cpp:113]   --->   Operation 155 'bitselect' 'tmp_38' <Predicate = true> <Delay = 0.00>
ST_2 : Operation 156 [1/1] (0.00ns)   --->   "%zext_ln113_1 = zext i1 %tmp_34" [top.cpp:113]   --->   Operation 156 'zext' 'zext_ln113_1' <Predicate = true> <Delay = 0.00>
ST_2 : Operation 157 [1/1] (1.10ns)   --->   "%add_ln113_1 = add i24 %trunc_ln113_1, i24 %zext_ln113_1" [top.cpp:113]   --->   Operation 157 'add' 'add_ln113_1' <Predicate = true> <Delay = 1.10> <CoreInst = "Adder">   --->   Core 1 'Adder' <Latency = 0> <II = 1> <Delay = 1.10> <FuncUnit> <Opcode : 'add' 'sub'> <InPorts = 2> <OutPorts = 1>
ST_2 : Operation 158 [1/1] (0.00ns)   --->   "%tmp_39 = bitselect i1 @_ssdm_op_BitSelect.i1.i24.i32, i24 %add_ln113_1, i32 23" [top.cpp:113]   --->   Operation 158 'bitselect' 'tmp_39' <Predicate = true> <Delay = 0.00>
ST_2 : Operation 159 [1/1] (0.00ns) (grouped into LUT with out node and_ln113_6)   --->   "%xor_ln113_5 = xor i1 %tmp_39, i1 1" [top.cpp:113]   --->   Operation 159 'xor' 'xor_ln113_5' <Predicate = true> <Delay = 0.00> <CoreInst = "LogicGate">   --->   Core 74 'LogicGate' <Latency = 0> <II = 1> <Delay = 0.33> <FuncUnit> <Opcode : 'and' 'or' 'xor'> <InPorts = 2> <OutPorts = 1>
ST_2 : Operation 160 [1/1] (0.33ns) (out node of the LUT)   --->   "%and_ln113_6 = and i1 %tmp_38, i1 %xor_ln113_5" [top.cpp:113]   --->   Operation 160 'and' 'and_ln113_6' <Predicate = true> <Delay = 0.33> <CoreInst = "LogicGate">   --->   Core 74 'LogicGate' <Latency = 0> <II = 1> <Delay = 0.33> <FuncUnit> <Opcode : 'and' 'or' 'xor'> <InPorts = 2> <OutPorts = 1>
ST_2 : Operation 161 [1/1] (0.00ns) (grouped into LUT with out node and_ln113_10)   --->   "%tmp_40 = bitselect i1 @_ssdm_op_BitSelect.i1.i48.i32, i48 %mul_ln113_1, i32 40" [top.cpp:113]   --->   Operation 161 'bitselect' 'tmp_40' <Predicate = true> <Delay = 0.00>
ST_2 : Operation 162 [1/1] (0.00ns)   --->   "%tmp_12 = partselect i7 @_ssdm_op_PartSelect.i7.i48.i32, i48 %mul_ln113_1, i32 41" [top.cpp:113]   --->   Operation 162 'partselect' 'tmp_12' <Predicate = true> <Delay = 0.00>
ST_2 : Operation 163 [1/1] (0.89ns)   --->   "%icmp_ln113_3 = icmp_eq  i7 %tmp_12, i7 127" [top.cpp:113]   --->   Operation 163 'icmp' 'icmp_ln113_3' <Predicate = true> <Delay = 0.89> <CoreInst = "Cmp">   --->   Core 9 'Cmp' <Latency = 0> <II = 1> <Delay = 0.89> <FuncUnit> <Opcode : 'seteq' 'setne' 'setle' 'setge' 'setlt' 'setgt'> <InPorts = 2> <OutPorts = 1>
ST_2 : Operation 164 [1/1] (0.00ns)   --->   "%tmp_13 = partselect i8 @_ssdm_op_PartSelect.i8.i48.i32, i48 %mul_ln113_1, i32 40" [top.cpp:113]   --->   Operation 164 'partselect' 'tmp_13' <Predicate = true> <Delay = 0.00>
ST_2 : Operation 165 [1/1] (0.90ns)   --->   "%icmp_ln113_4 = icmp_eq  i8 %tmp_13, i8 255" [top.cpp:113]   --->   Operation 165 'icmp' 'icmp_ln113_4' <Predicate = true> <Delay = 0.90> <CoreInst = "Cmp">   --->   Core 9 'Cmp' <Latency = 0> <II = 1> <Delay = 0.90> <FuncUnit> <Opcode : 'seteq' 'setne' 'setle' 'setge' 'setlt' 'setgt'> <InPorts = 2> <OutPorts = 1>
ST_2 : Operation 166 [1/1] (0.90ns)   --->   "%icmp_ln113_5 = icmp_eq  i8 %tmp_13, i8 0" [top.cpp:113]   --->   Operation 166 'icmp' 'icmp_ln113_5' <Predicate = true> <Delay = 0.90> <CoreInst = "Cmp">   --->   Core 9 'Cmp' <Latency = 0> <II = 1> <Delay = 0.90> <FuncUnit> <Opcode : 'seteq' 'setne' 'setle' 'setge' 'setlt' 'setgt'> <InPorts = 2> <OutPorts = 1>
ST_2 : Operation 167 [1/1] (0.00ns) (grouped into LUT with out node and_ln113_9)   --->   "%select_ln113_4 = select i1 %and_ln113_6, i1 %icmp_ln113_4, i1 %icmp_ln113_5" [top.cpp:113]   --->   Operation 167 'select' 'select_ln113_4' <Predicate = true> <Delay = 0.00> <CoreInst = "Sel">   --->   Core 73 'Sel' <Latency = 0> <II = 1> <Delay = 0.26> <FuncUnit> <Opcode : 'select'> <InPorts = 3> <OutPorts = 1>
ST_2 : Operation 168 [1/1] (0.00ns) (grouped into LUT with out node and_ln113_10)   --->   "%xor_ln113_6 = xor i1 %tmp_40, i1 1" [top.cpp:113]   --->   Operation 168 'xor' 'xor_ln113_6' <Predicate = true> <Delay = 0.00> <CoreInst = "LogicGate">   --->   Core 74 'LogicGate' <Latency = 0> <II = 1> <Delay = 0.33> <FuncUnit> <Opcode : 'and' 'or' 'xor'> <InPorts = 2> <OutPorts = 1>
ST_2 : Operation 169 [1/1] (0.00ns) (grouped into LUT with out node and_ln113_10)   --->   "%and_ln113_7 = and i1 %icmp_ln113_3, i1 %xor_ln113_6" [top.cpp:113]   --->   Operation 169 'and' 'and_ln113_7' <Predicate = true> <Delay = 0.00> <CoreInst = "LogicGate">   --->   Core 74 'LogicGate' <Latency = 0> <II = 1> <Delay = 0.33> <FuncUnit> <Opcode : 'and' 'or' 'xor'> <InPorts = 2> <OutPorts = 1>
ST_2 : Operation 170 [1/1] (0.00ns) (grouped into LUT with out node and_ln113_10)   --->   "%select_ln113_5 = select i1 %and_ln113_6, i1 %and_ln113_7, i1 %icmp_ln113_4" [top.cpp:113]   --->   Operation 170 'select' 'select_ln113_5' <Predicate = true> <Delay = 0.00> <CoreInst = "Sel">   --->   Core 73 'Sel' <Latency = 0> <II = 1> <Delay = 0.26> <FuncUnit> <Opcode : 'select'> <InPorts = 3> <OutPorts = 1>
ST_2 : Operation 171 [1/1] (0.00ns) (grouped into LUT with out node or_ln113_3)   --->   "%and_ln113_8 = and i1 %and_ln113_6, i1 %icmp_ln113_4" [top.cpp:113]   --->   Operation 171 'and' 'and_ln113_8' <Predicate = true> <Delay = 0.00> <CoreInst = "LogicGate">   --->   Core 74 'LogicGate' <Latency = 0> <II = 1> <Delay = 0.33> <FuncUnit> <Opcode : 'and' 'or' 'xor'> <InPorts = 2> <OutPorts = 1>
ST_2 : Operation 172 [1/1] (0.00ns) (grouped into LUT with out node and_ln113_9)   --->   "%xor_ln113_7 = xor i1 %select_ln113_4, i1 1" [top.cpp:113]   --->   Operation 172 'xor' 'xor_ln113_7' <Predicate = true> <Delay = 0.00> <CoreInst = "LogicGate">   --->   Core 74 'LogicGate' <Latency = 0> <II = 1> <Delay = 0.33> <FuncUnit> <Opcode : 'and' 'or' 'xor'> <InPorts = 2> <OutPorts = 1>
ST_2 : Operation 173 [1/1] (0.00ns) (grouped into LUT with out node and_ln113_9)   --->   "%or_ln113_2 = or i1 %tmp_39, i1 %xor_ln113_7" [top.cpp:113]   --->   Operation 173 'or' 'or_ln113_2' <Predicate = true> <Delay = 0.00> <CoreInst = "LogicGate">   --->   Core 74 'LogicGate' <Latency = 0> <II = 1> <Delay = 0.33> <FuncUnit> <Opcode : 'and' 'or' 'xor'> <InPorts = 2> <OutPorts = 1>
ST_2 : Operation 174 [1/1] (0.00ns) (grouped into LUT with out node and_ln113_9)   --->   "%xor_ln113_8 = xor i1 %tmp_33, i1 1" [top.cpp:113]   --->   Operation 174 'xor' 'xor_ln113_8' <Predicate = true> <Delay = 0.00> <CoreInst = "LogicGate">   --->   Core 74 'LogicGate' <Latency = 0> <II = 1> <Delay = 0.33> <FuncUnit> <Opcode : 'and' 'or' 'xor'> <InPorts = 2> <OutPorts = 1>
ST_2 : Operation 175 [1/1] (0.33ns) (out node of the LUT)   --->   "%and_ln113_9 = and i1 %or_ln113_2, i1 %xor_ln113_8" [top.cpp:113]   --->   Operation 175 'and' 'and_ln113_9' <Predicate = true> <Delay = 0.33> <CoreInst = "LogicGate">   --->   Core 74 'LogicGate' <Latency = 0> <II = 1> <Delay = 0.33> <FuncUnit> <Opcode : 'and' 'or' 'xor'> <InPorts = 2> <OutPorts = 1>
ST_2 : Operation 176 [1/1] (0.33ns) (out node of the LUT)   --->   "%and_ln113_10 = and i1 %tmp_39, i1 %select_ln113_5" [top.cpp:113]   --->   Operation 176 'and' 'and_ln113_10' <Predicate = true> <Delay = 0.33> <CoreInst = "LogicGate">   --->   Core 74 'LogicGate' <Latency = 0> <II = 1> <Delay = 0.33> <FuncUnit> <Opcode : 'and' 'or' 'xor'> <InPorts = 2> <OutPorts = 1>
ST_2 : Operation 177 [1/1] (0.00ns) (grouped into LUT with out node or_ln113_3)   --->   "%or_ln113_9 = or i1 %and_ln113_8, i1 %and_ln113_10" [top.cpp:113]   --->   Operation 177 'or' 'or_ln113_9' <Predicate = true> <Delay = 0.00> <CoreInst = "LogicGate">   --->   Core 74 'LogicGate' <Latency = 0> <II = 1> <Delay = 0.33> <FuncUnit> <Opcode : 'and' 'or' 'xor'> <InPorts = 2> <OutPorts = 1>
ST_2 : Operation 178 [1/1] (0.00ns) (grouped into LUT with out node or_ln113_3)   --->   "%xor_ln113_9 = xor i1 %or_ln113_9, i1 1" [top.cpp:113]   --->   Operation 178 'xor' 'xor_ln113_9' <Predicate = true> <Delay = 0.00> <CoreInst = "LogicGate">   --->   Core 74 'LogicGate' <Latency = 0> <II = 1> <Delay = 0.33> <FuncUnit> <Opcode : 'and' 'or' 'xor'> <InPorts = 2> <OutPorts = 1>
ST_2 : Operation 179 [1/1] (0.00ns) (grouped into LUT with out node or_ln113_3)   --->   "%and_ln113_11 = and i1 %tmp_33, i1 %xor_ln113_9" [top.cpp:113]   --->   Operation 179 'and' 'and_ln113_11' <Predicate = true> <Delay = 0.00> <CoreInst = "LogicGate">   --->   Core 74 'LogicGate' <Latency = 0> <II = 1> <Delay = 0.33> <FuncUnit> <Opcode : 'and' 'or' 'xor'> <InPorts = 2> <OutPorts = 1>
ST_2 : Operation 180 [1/1] (0.00ns) (grouped into LUT with out node select_ln113_7)   --->   "%select_ln113_6 = select i1 %and_ln113_9, i24 8388607, i24 8388608" [top.cpp:113]   --->   Operation 180 'select' 'select_ln113_6' <Predicate = true> <Delay = 0.00> <CoreInst = "Sel">   --->   Core 73 'Sel' <Latency = 0> <II = 1> <Delay = 0.43> <FuncUnit> <Opcode : 'select'> <InPorts = 3> <OutPorts = 1>
ST_2 : Operation 181 [1/1] (0.33ns) (out node of the LUT)   --->   "%or_ln113_3 = or i1 %and_ln113_9, i1 %and_ln113_11" [top.cpp:113]   --->   Operation 181 'or' 'or_ln113_3' <Predicate = true> <Delay = 0.33> <CoreInst = "LogicGate">   --->   Core 74 'LogicGate' <Latency = 0> <II = 1> <Delay = 0.33> <FuncUnit> <Opcode : 'and' 'or' 'xor'> <InPorts = 2> <OutPorts = 1>
ST_2 : Operation 182 [1/1] (0.43ns) (out node of the LUT)   --->   "%select_ln113_7 = select i1 %or_ln113_3, i24 %select_ln113_6, i24 %add_ln113_1" [top.cpp:113]   --->   Operation 182 'select' 'select_ln113_7' <Predicate = true> <Delay = 0.43> <CoreInst = "Sel">   --->   Core 73 'Sel' <Latency = 0> <II = 1> <Delay = 0.43> <FuncUnit> <Opcode : 'select'> <InPorts = 3> <OutPorts = 1>
ST_2 : Operation 183 [1/2] ( I:1.35ns O:1.35ns )   --->   "%top_kernel_ap_fixed_64_ap_fixed_24_8_0_0_0_64_tmp_1_load = load i12 %top_kernel_ap_fixed_64_ap_fixed_24_8_0_0_0_64_tmp_1_addr" [top.cpp:113]   --->   Operation 183 'load' 'top_kernel_ap_fixed_64_ap_fixed_24_8_0_0_0_64_tmp_1_load' <Predicate = true> <Delay = 1.35> <CoreInst = "RAM">   --->   Core 82 'RAM' <Latency = 1> <II = 1> <Delay = 1.35> <Storage> <Opcode : 'load' 'store'> <Ports = 2> <Width = 24> <Depth = 4096> <RAM>
ST_2 : Operation 184 [1/1] (0.00ns)   --->   "%sext_ln113_4 = sext i24 %top_kernel_ap_fixed_64_ap_fixed_24_8_0_0_0_64_tmp_1_load" [top.cpp:113]   --->   Operation 184 'sext' 'sext_ln113_4' <Predicate = true> <Delay = 0.00>
ST_2 : Operation 185 [1/1] (0.00ns)   --->   "%sext_ln113_5 = sext i24 %tmp_14" [top.cpp:113]   --->   Operation 185 'sext' 'sext_ln113_5' <Predicate = true> <Delay = 0.00>
ST_2 : Operation 186 [1/1] (3.38ns)   --->   "%mul_ln113_2 = mul i48 %sext_ln113_5, i48 %sext_ln113_4" [top.cpp:113]   --->   Operation 186 'mul' 'mul_ln113_2' <Predicate = true> <Delay = 3.38> <CoreInst = "Multiplier">   --->   Core 3 'Multiplier' <Latency = 0> <II = 1> <Delay = 3.38> <FuncUnit> <Opcode : 'mul'> <InPorts = 2> <OutPorts = 1>
ST_2 : Operation 187 [1/1] (0.00ns)   --->   "%tmp_41 = bitselect i1 @_ssdm_op_BitSelect.i1.i48.i32, i48 %mul_ln113_2, i32 47" [top.cpp:113]   --->   Operation 187 'bitselect' 'tmp_41' <Predicate = true> <Delay = 0.00>
ST_2 : Operation 188 [1/1] (0.00ns)   --->   "%trunc_ln113_2 = partselect i24 @_ssdm_op_PartSelect.i24.i48.i32.i32, i48 %mul_ln113_2, i32 16, i32 39" [top.cpp:113]   --->   Operation 188 'partselect' 'trunc_ln113_2' <Predicate = true> <Delay = 0.00>
ST_2 : Operation 189 [1/1] (0.00ns)   --->   "%tmp_42 = bitselect i1 @_ssdm_op_BitSelect.i1.i48.i32, i48 %mul_ln113_2, i32 15" [top.cpp:113]   --->   Operation 189 'bitselect' 'tmp_42' <Predicate = true> <Delay = 0.00>
ST_2 : Operation 190 [1/1] (0.00ns) (grouped into LUT with out node and_ln113_12)   --->   "%tmp_46 = bitselect i1 @_ssdm_op_BitSelect.i1.i48.i32, i48 %mul_ln113_2, i32 39" [top.cpp:113]   --->   Operation 190 'bitselect' 'tmp_46' <Predicate = true> <Delay = 0.00>
ST_2 : Operation 191 [1/1] (0.00ns)   --->   "%zext_ln113_2 = zext i1 %tmp_42" [top.cpp:113]   --->   Operation 191 'zext' 'zext_ln113_2' <Predicate = true> <Delay = 0.00>
ST_2 : Operation 192 [1/1] (1.10ns)   --->   "%add_ln113_2 = add i24 %trunc_ln113_2, i24 %zext_ln113_2" [top.cpp:113]   --->   Operation 192 'add' 'add_ln113_2' <Predicate = true> <Delay = 1.10> <CoreInst = "Adder">   --->   Core 1 'Adder' <Latency = 0> <II = 1> <Delay = 1.10> <FuncUnit> <Opcode : 'add' 'sub'> <InPorts = 2> <OutPorts = 1>
ST_2 : Operation 193 [1/1] (0.00ns)   --->   "%tmp_47 = bitselect i1 @_ssdm_op_BitSelect.i1.i24.i32, i24 %add_ln113_2, i32 23" [top.cpp:113]   --->   Operation 193 'bitselect' 'tmp_47' <Predicate = true> <Delay = 0.00>
ST_2 : Operation 194 [1/1] (0.00ns) (grouped into LUT with out node and_ln113_12)   --->   "%xor_ln113_10 = xor i1 %tmp_47, i1 1" [top.cpp:113]   --->   Operation 194 'xor' 'xor_ln113_10' <Predicate = true> <Delay = 0.00> <CoreInst = "LogicGate">   --->   Core 74 'LogicGate' <Latency = 0> <II = 1> <Delay = 0.33> <FuncUnit> <Opcode : 'and' 'or' 'xor'> <InPorts = 2> <OutPorts = 1>
ST_2 : Operation 195 [1/1] (0.33ns) (out node of the LUT)   --->   "%and_ln113_12 = and i1 %tmp_46, i1 %xor_ln113_10" [top.cpp:113]   --->   Operation 195 'and' 'and_ln113_12' <Predicate = true> <Delay = 0.33> <CoreInst = "LogicGate">   --->   Core 74 'LogicGate' <Latency = 0> <II = 1> <Delay = 0.33> <FuncUnit> <Opcode : 'and' 'or' 'xor'> <InPorts = 2> <OutPorts = 1>
ST_2 : Operation 196 [1/1] (0.00ns) (grouped into LUT with out node and_ln113_16)   --->   "%tmp_48 = bitselect i1 @_ssdm_op_BitSelect.i1.i48.i32, i48 %mul_ln113_2, i32 40" [top.cpp:113]   --->   Operation 196 'bitselect' 'tmp_48' <Predicate = true> <Delay = 0.00>
ST_2 : Operation 197 [1/1] (0.00ns)   --->   "%tmp_15 = partselect i7 @_ssdm_op_PartSelect.i7.i48.i32, i48 %mul_ln113_2, i32 41" [top.cpp:113]   --->   Operation 197 'partselect' 'tmp_15' <Predicate = true> <Delay = 0.00>
ST_2 : Operation 198 [1/1] (0.89ns)   --->   "%icmp_ln113_6 = icmp_eq  i7 %tmp_15, i7 127" [top.cpp:113]   --->   Operation 198 'icmp' 'icmp_ln113_6' <Predicate = true> <Delay = 0.89> <CoreInst = "Cmp">   --->   Core 9 'Cmp' <Latency = 0> <II = 1> <Delay = 0.89> <FuncUnit> <Opcode : 'seteq' 'setne' 'setle' 'setge' 'setlt' 'setgt'> <InPorts = 2> <OutPorts = 1>
ST_2 : Operation 199 [1/1] (0.00ns)   --->   "%tmp_16 = partselect i8 @_ssdm_op_PartSelect.i8.i48.i32, i48 %mul_ln113_2, i32 40" [top.cpp:113]   --->   Operation 199 'partselect' 'tmp_16' <Predicate = true> <Delay = 0.00>
ST_2 : Operation 200 [1/1] (0.90ns)   --->   "%icmp_ln113_7 = icmp_eq  i8 %tmp_16, i8 255" [top.cpp:113]   --->   Operation 200 'icmp' 'icmp_ln113_7' <Predicate = true> <Delay = 0.90> <CoreInst = "Cmp">   --->   Core 9 'Cmp' <Latency = 0> <II = 1> <Delay = 0.90> <FuncUnit> <Opcode : 'seteq' 'setne' 'setle' 'setge' 'setlt' 'setgt'> <InPorts = 2> <OutPorts = 1>
ST_2 : Operation 201 [1/1] (0.90ns)   --->   "%icmp_ln113_8 = icmp_eq  i8 %tmp_16, i8 0" [top.cpp:113]   --->   Operation 201 'icmp' 'icmp_ln113_8' <Predicate = true> <Delay = 0.90> <CoreInst = "Cmp">   --->   Core 9 'Cmp' <Latency = 0> <II = 1> <Delay = 0.90> <FuncUnit> <Opcode : 'seteq' 'setne' 'setle' 'setge' 'setlt' 'setgt'> <InPorts = 2> <OutPorts = 1>
ST_2 : Operation 202 [1/1] (0.00ns) (grouped into LUT with out node and_ln113_15)   --->   "%select_ln113_8 = select i1 %and_ln113_12, i1 %icmp_ln113_7, i1 %icmp_ln113_8" [top.cpp:113]   --->   Operation 202 'select' 'select_ln113_8' <Predicate = true> <Delay = 0.00> <CoreInst = "Sel">   --->   Core 73 'Sel' <Latency = 0> <II = 1> <Delay = 0.26> <FuncUnit> <Opcode : 'select'> <InPorts = 3> <OutPorts = 1>
ST_2 : Operation 203 [1/1] (0.00ns) (grouped into LUT with out node and_ln113_16)   --->   "%xor_ln113_11 = xor i1 %tmp_48, i1 1" [top.cpp:113]   --->   Operation 203 'xor' 'xor_ln113_11' <Predicate = true> <Delay = 0.00> <CoreInst = "LogicGate">   --->   Core 74 'LogicGate' <Latency = 0> <II = 1> <Delay = 0.33> <FuncUnit> <Opcode : 'and' 'or' 'xor'> <InPorts = 2> <OutPorts = 1>
ST_2 : Operation 204 [1/1] (0.00ns) (grouped into LUT with out node and_ln113_16)   --->   "%and_ln113_13 = and i1 %icmp_ln113_6, i1 %xor_ln113_11" [top.cpp:113]   --->   Operation 204 'and' 'and_ln113_13' <Predicate = true> <Delay = 0.00> <CoreInst = "LogicGate">   --->   Core 74 'LogicGate' <Latency = 0> <II = 1> <Delay = 0.33> <FuncUnit> <Opcode : 'and' 'or' 'xor'> <InPorts = 2> <OutPorts = 1>
ST_2 : Operation 205 [1/1] (0.00ns) (grouped into LUT with out node and_ln113_16)   --->   "%select_ln113_9 = select i1 %and_ln113_12, i1 %and_ln113_13, i1 %icmp_ln113_7" [top.cpp:113]   --->   Operation 205 'select' 'select_ln113_9' <Predicate = true> <Delay = 0.00> <CoreInst = "Sel">   --->   Core 73 'Sel' <Latency = 0> <II = 1> <Delay = 0.26> <FuncUnit> <Opcode : 'select'> <InPorts = 3> <OutPorts = 1>
ST_2 : Operation 206 [1/1] (0.00ns) (grouped into LUT with out node or_ln113_5)   --->   "%and_ln113_14 = and i1 %and_ln113_12, i1 %icmp_ln113_7" [top.cpp:113]   --->   Operation 206 'and' 'and_ln113_14' <Predicate = true> <Delay = 0.00> <CoreInst = "LogicGate">   --->   Core 74 'LogicGate' <Latency = 0> <II = 1> <Delay = 0.33> <FuncUnit> <Opcode : 'and' 'or' 'xor'> <InPorts = 2> <OutPorts = 1>
ST_2 : Operation 207 [1/1] (0.00ns) (grouped into LUT with out node and_ln113_15)   --->   "%xor_ln113_12 = xor i1 %select_ln113_8, i1 1" [top.cpp:113]   --->   Operation 207 'xor' 'xor_ln113_12' <Predicate = true> <Delay = 0.00> <CoreInst = "LogicGate">   --->   Core 74 'LogicGate' <Latency = 0> <II = 1> <Delay = 0.33> <FuncUnit> <Opcode : 'and' 'or' 'xor'> <InPorts = 2> <OutPorts = 1>
ST_2 : Operation 208 [1/1] (0.00ns) (grouped into LUT with out node and_ln113_15)   --->   "%or_ln113_4 = or i1 %tmp_47, i1 %xor_ln113_12" [top.cpp:113]   --->   Operation 208 'or' 'or_ln113_4' <Predicate = true> <Delay = 0.00> <CoreInst = "LogicGate">   --->   Core 74 'LogicGate' <Latency = 0> <II = 1> <Delay = 0.33> <FuncUnit> <Opcode : 'and' 'or' 'xor'> <InPorts = 2> <OutPorts = 1>
ST_2 : Operation 209 [1/1] (0.00ns) (grouped into LUT with out node and_ln113_15)   --->   "%xor_ln113_13 = xor i1 %tmp_41, i1 1" [top.cpp:113]   --->   Operation 209 'xor' 'xor_ln113_13' <Predicate = true> <Delay = 0.00> <CoreInst = "LogicGate">   --->   Core 74 'LogicGate' <Latency = 0> <II = 1> <Delay = 0.33> <FuncUnit> <Opcode : 'and' 'or' 'xor'> <InPorts = 2> <OutPorts = 1>
ST_2 : Operation 210 [1/1] (0.33ns) (out node of the LUT)   --->   "%and_ln113_15 = and i1 %or_ln113_4, i1 %xor_ln113_13" [top.cpp:113]   --->   Operation 210 'and' 'and_ln113_15' <Predicate = true> <Delay = 0.33> <CoreInst = "LogicGate">   --->   Core 74 'LogicGate' <Latency = 0> <II = 1> <Delay = 0.33> <FuncUnit> <Opcode : 'and' 'or' 'xor'> <InPorts = 2> <OutPorts = 1>
ST_2 : Operation 211 [1/1] (0.33ns) (out node of the LUT)   --->   "%and_ln113_16 = and i1 %tmp_47, i1 %select_ln113_9" [top.cpp:113]   --->   Operation 211 'and' 'and_ln113_16' <Predicate = true> <Delay = 0.33> <CoreInst = "LogicGate">   --->   Core 74 'LogicGate' <Latency = 0> <II = 1> <Delay = 0.33> <FuncUnit> <Opcode : 'and' 'or' 'xor'> <InPorts = 2> <OutPorts = 1>
ST_2 : Operation 212 [1/1] (0.00ns) (grouped into LUT with out node or_ln113_5)   --->   "%or_ln113_10 = or i1 %and_ln113_14, i1 %and_ln113_16" [top.cpp:113]   --->   Operation 212 'or' 'or_ln113_10' <Predicate = true> <Delay = 0.00> <CoreInst = "LogicGate">   --->   Core 74 'LogicGate' <Latency = 0> <II = 1> <Delay = 0.33> <FuncUnit> <Opcode : 'and' 'or' 'xor'> <InPorts = 2> <OutPorts = 1>
ST_2 : Operation 213 [1/1] (0.00ns) (grouped into LUT with out node or_ln113_5)   --->   "%xor_ln113_14 = xor i1 %or_ln113_10, i1 1" [top.cpp:113]   --->   Operation 213 'xor' 'xor_ln113_14' <Predicate = true> <Delay = 0.00> <CoreInst = "LogicGate">   --->   Core 74 'LogicGate' <Latency = 0> <II = 1> <Delay = 0.33> <FuncUnit> <Opcode : 'and' 'or' 'xor'> <InPorts = 2> <OutPorts = 1>
ST_2 : Operation 214 [1/1] (0.00ns) (grouped into LUT with out node or_ln113_5)   --->   "%and_ln113_17 = and i1 %tmp_41, i1 %xor_ln113_14" [top.cpp:113]   --->   Operation 214 'and' 'and_ln113_17' <Predicate = true> <Delay = 0.00> <CoreInst = "LogicGate">   --->   Core 74 'LogicGate' <Latency = 0> <II = 1> <Delay = 0.33> <FuncUnit> <Opcode : 'and' 'or' 'xor'> <InPorts = 2> <OutPorts = 1>
ST_2 : Operation 215 [1/1] (0.00ns) (grouped into LUT with out node select_ln113_11)   --->   "%select_ln113_10 = select i1 %and_ln113_15, i24 8388607, i24 8388608" [top.cpp:113]   --->   Operation 215 'select' 'select_ln113_10' <Predicate = true> <Delay = 0.00> <CoreInst = "Sel">   --->   Core 73 'Sel' <Latency = 0> <II = 1> <Delay = 0.43> <FuncUnit> <Opcode : 'select'> <InPorts = 3> <OutPorts = 1>
ST_2 : Operation 216 [1/1] (0.33ns) (out node of the LUT)   --->   "%or_ln113_5 = or i1 %and_ln113_15, i1 %and_ln113_17" [top.cpp:113]   --->   Operation 216 'or' 'or_ln113_5' <Predicate = true> <Delay = 0.33> <CoreInst = "LogicGate">   --->   Core 74 'LogicGate' <Latency = 0> <II = 1> <Delay = 0.33> <FuncUnit> <Opcode : 'and' 'or' 'xor'> <InPorts = 2> <OutPorts = 1>
ST_2 : Operation 217 [1/1] (0.43ns) (out node of the LUT)   --->   "%select_ln113_11 = select i1 %or_ln113_5, i24 %select_ln113_10, i24 %add_ln113_2" [top.cpp:113]   --->   Operation 217 'select' 'select_ln113_11' <Predicate = true> <Delay = 0.43> <CoreInst = "Sel">   --->   Core 73 'Sel' <Latency = 0> <II = 1> <Delay = 0.43> <FuncUnit> <Opcode : 'select'> <InPorts = 3> <OutPorts = 1>
ST_2 : Operation 218 [1/2] ( I:1.35ns O:1.35ns )   --->   "%top_kernel_ap_fixed_64_ap_fixed_24_8_0_0_0_64_tmp_load = load i12 %top_kernel_ap_fixed_64_ap_fixed_24_8_0_0_0_64_tmp_addr" [top.cpp:113]   --->   Operation 218 'load' 'top_kernel_ap_fixed_64_ap_fixed_24_8_0_0_0_64_tmp_load' <Predicate = true> <Delay = 1.35> <CoreInst = "RAM">   --->   Core 82 'RAM' <Latency = 1> <II = 1> <Delay = 1.35> <Storage> <Opcode : 'load' 'store'> <Ports = 2> <Width = 24> <Depth = 4096> <RAM>
ST_2 : Operation 219 [1/1] (0.00ns)   --->   "%sext_ln113_6 = sext i24 %top_kernel_ap_fixed_64_ap_fixed_24_8_0_0_0_64_tmp_load" [top.cpp:113]   --->   Operation 219 'sext' 'sext_ln113_6' <Predicate = true> <Delay = 0.00>
ST_2 : Operation 220 [1/1] (0.00ns)   --->   "%sext_ln113_7 = sext i24 %tmp_17" [top.cpp:113]   --->   Operation 220 'sext' 'sext_ln113_7' <Predicate = true> <Delay = 0.00>
ST_2 : Operation 221 [1/1] (3.38ns)   --->   "%mul_ln113_3 = mul i48 %sext_ln113_7, i48 %sext_ln113_6" [top.cpp:113]   --->   Operation 221 'mul' 'mul_ln113_3' <Predicate = true> <Delay = 3.38> <CoreInst = "Multiplier">   --->   Core 3 'Multiplier' <Latency = 0> <II = 1> <Delay = 3.38> <FuncUnit> <Opcode : 'mul'> <InPorts = 2> <OutPorts = 1>
ST_2 : Operation 222 [1/1] (0.00ns)   --->   "%tmp_49 = bitselect i1 @_ssdm_op_BitSelect.i1.i48.i32, i48 %mul_ln113_3, i32 47" [top.cpp:113]   --->   Operation 222 'bitselect' 'tmp_49' <Predicate = true> <Delay = 0.00>
ST_2 : Operation 223 [1/1] (0.00ns)   --->   "%trunc_ln113_3 = partselect i24 @_ssdm_op_PartSelect.i24.i48.i32.i32, i48 %mul_ln113_3, i32 16, i32 39" [top.cpp:113]   --->   Operation 223 'partselect' 'trunc_ln113_3' <Predicate = true> <Delay = 0.00>
ST_2 : Operation 224 [1/1] (0.00ns)   --->   "%tmp_50 = bitselect i1 @_ssdm_op_BitSelect.i1.i48.i32, i48 %mul_ln113_3, i32 15" [top.cpp:113]   --->   Operation 224 'bitselect' 'tmp_50' <Predicate = true> <Delay = 0.00>
ST_2 : Operation 225 [1/1] (0.00ns) (grouped into LUT with out node and_ln113_18)   --->   "%tmp_53 = bitselect i1 @_ssdm_op_BitSelect.i1.i48.i32, i48 %mul_ln113_3, i32 39" [top.cpp:113]   --->   Operation 225 'bitselect' 'tmp_53' <Predicate = true> <Delay = 0.00>
ST_2 : Operation 226 [1/1] (0.00ns)   --->   "%zext_ln113_3 = zext i1 %tmp_50" [top.cpp:113]   --->   Operation 226 'zext' 'zext_ln113_3' <Predicate = true> <Delay = 0.00>
ST_2 : Operation 227 [1/1] (1.10ns)   --->   "%add_ln113_3 = add i24 %trunc_ln113_3, i24 %zext_ln113_3" [top.cpp:113]   --->   Operation 227 'add' 'add_ln113_3' <Predicate = true> <Delay = 1.10> <CoreInst = "Adder">   --->   Core 1 'Adder' <Latency = 0> <II = 1> <Delay = 1.10> <FuncUnit> <Opcode : 'add' 'sub'> <InPorts = 2> <OutPorts = 1>
ST_2 : Operation 228 [1/1] (0.00ns)   --->   "%tmp_54 = bitselect i1 @_ssdm_op_BitSelect.i1.i24.i32, i24 %add_ln113_3, i32 23" [top.cpp:113]   --->   Operation 228 'bitselect' 'tmp_54' <Predicate = true> <Delay = 0.00>
ST_2 : Operation 229 [1/1] (0.00ns) (grouped into LUT with out node and_ln113_18)   --->   "%xor_ln113_15 = xor i1 %tmp_54, i1 1" [top.cpp:113]   --->   Operation 229 'xor' 'xor_ln113_15' <Predicate = true> <Delay = 0.00> <CoreInst = "LogicGate">   --->   Core 74 'LogicGate' <Latency = 0> <II = 1> <Delay = 0.33> <FuncUnit> <Opcode : 'and' 'or' 'xor'> <InPorts = 2> <OutPorts = 1>
ST_2 : Operation 230 [1/1] (0.33ns) (out node of the LUT)   --->   "%and_ln113_18 = and i1 %tmp_53, i1 %xor_ln113_15" [top.cpp:113]   --->   Operation 230 'and' 'and_ln113_18' <Predicate = true> <Delay = 0.33> <CoreInst = "LogicGate">   --->   Core 74 'LogicGate' <Latency = 0> <II = 1> <Delay = 0.33> <FuncUnit> <Opcode : 'and' 'or' 'xor'> <InPorts = 2> <OutPorts = 1>
ST_2 : Operation 231 [1/1] (0.00ns) (grouped into LUT with out node and_ln113_22)   --->   "%tmp_55 = bitselect i1 @_ssdm_op_BitSelect.i1.i48.i32, i48 %mul_ln113_3, i32 40" [top.cpp:113]   --->   Operation 231 'bitselect' 'tmp_55' <Predicate = true> <Delay = 0.00>
ST_2 : Operation 232 [1/1] (0.00ns)   --->   "%tmp_18 = partselect i7 @_ssdm_op_PartSelect.i7.i48.i32, i48 %mul_ln113_3, i32 41" [top.cpp:113]   --->   Operation 232 'partselect' 'tmp_18' <Predicate = true> <Delay = 0.00>
ST_2 : Operation 233 [1/1] (0.89ns)   --->   "%icmp_ln113_9 = icmp_eq  i7 %tmp_18, i7 127" [top.cpp:113]   --->   Operation 233 'icmp' 'icmp_ln113_9' <Predicate = true> <Delay = 0.89> <CoreInst = "Cmp">   --->   Core 9 'Cmp' <Latency = 0> <II = 1> <Delay = 0.89> <FuncUnit> <Opcode : 'seteq' 'setne' 'setle' 'setge' 'setlt' 'setgt'> <InPorts = 2> <OutPorts = 1>
ST_2 : Operation 234 [1/1] (0.00ns)   --->   "%tmp_19 = partselect i8 @_ssdm_op_PartSelect.i8.i48.i32, i48 %mul_ln113_3, i32 40" [top.cpp:113]   --->   Operation 234 'partselect' 'tmp_19' <Predicate = true> <Delay = 0.00>
ST_2 : Operation 235 [1/1] (0.90ns)   --->   "%icmp_ln113_10 = icmp_eq  i8 %tmp_19, i8 255" [top.cpp:113]   --->   Operation 235 'icmp' 'icmp_ln113_10' <Predicate = true> <Delay = 0.90> <CoreInst = "Cmp">   --->   Core 9 'Cmp' <Latency = 0> <II = 1> <Delay = 0.90> <FuncUnit> <Opcode : 'seteq' 'setne' 'setle' 'setge' 'setlt' 'setgt'> <InPorts = 2> <OutPorts = 1>
ST_2 : Operation 236 [1/1] (0.90ns)   --->   "%icmp_ln113_11 = icmp_eq  i8 %tmp_19, i8 0" [top.cpp:113]   --->   Operation 236 'icmp' 'icmp_ln113_11' <Predicate = true> <Delay = 0.90> <CoreInst = "Cmp">   --->   Core 9 'Cmp' <Latency = 0> <II = 1> <Delay = 0.90> <FuncUnit> <Opcode : 'seteq' 'setne' 'setle' 'setge' 'setlt' 'setgt'> <InPorts = 2> <OutPorts = 1>
ST_2 : Operation 237 [1/1] (0.00ns) (grouped into LUT with out node and_ln113_21)   --->   "%select_ln113_12 = select i1 %and_ln113_18, i1 %icmp_ln113_10, i1 %icmp_ln113_11" [top.cpp:113]   --->   Operation 237 'select' 'select_ln113_12' <Predicate = true> <Delay = 0.00> <CoreInst = "Sel">   --->   Core 73 'Sel' <Latency = 0> <II = 1> <Delay = 0.26> <FuncUnit> <Opcode : 'select'> <InPorts = 3> <OutPorts = 1>
ST_2 : Operation 238 [1/1] (0.00ns) (grouped into LUT with out node and_ln113_22)   --->   "%xor_ln113_16 = xor i1 %tmp_55, i1 1" [top.cpp:113]   --->   Operation 238 'xor' 'xor_ln113_16' <Predicate = true> <Delay = 0.00> <CoreInst = "LogicGate">   --->   Core 74 'LogicGate' <Latency = 0> <II = 1> <Delay = 0.33> <FuncUnit> <Opcode : 'and' 'or' 'xor'> <InPorts = 2> <OutPorts = 1>
ST_2 : Operation 239 [1/1] (0.00ns) (grouped into LUT with out node and_ln113_22)   --->   "%and_ln113_19 = and i1 %icmp_ln113_9, i1 %xor_ln113_16" [top.cpp:113]   --->   Operation 239 'and' 'and_ln113_19' <Predicate = true> <Delay = 0.00> <CoreInst = "LogicGate">   --->   Core 74 'LogicGate' <Latency = 0> <II = 1> <Delay = 0.33> <FuncUnit> <Opcode : 'and' 'or' 'xor'> <InPorts = 2> <OutPorts = 1>
ST_2 : Operation 240 [1/1] (0.00ns) (grouped into LUT with out node and_ln113_22)   --->   "%select_ln113_13 = select i1 %and_ln113_18, i1 %and_ln113_19, i1 %icmp_ln113_10" [top.cpp:113]   --->   Operation 240 'select' 'select_ln113_13' <Predicate = true> <Delay = 0.00> <CoreInst = "Sel">   --->   Core 73 'Sel' <Latency = 0> <II = 1> <Delay = 0.26> <FuncUnit> <Opcode : 'select'> <InPorts = 3> <OutPorts = 1>
ST_2 : Operation 241 [1/1] (0.00ns) (grouped into LUT with out node or_ln113_7)   --->   "%and_ln113_20 = and i1 %and_ln113_18, i1 %icmp_ln113_10" [top.cpp:113]   --->   Operation 241 'and' 'and_ln113_20' <Predicate = true> <Delay = 0.00> <CoreInst = "LogicGate">   --->   Core 74 'LogicGate' <Latency = 0> <II = 1> <Delay = 0.33> <FuncUnit> <Opcode : 'and' 'or' 'xor'> <InPorts = 2> <OutPorts = 1>
ST_2 : Operation 242 [1/1] (0.00ns) (grouped into LUT with out node and_ln113_21)   --->   "%xor_ln113_17 = xor i1 %select_ln113_12, i1 1" [top.cpp:113]   --->   Operation 242 'xor' 'xor_ln113_17' <Predicate = true> <Delay = 0.00> <CoreInst = "LogicGate">   --->   Core 74 'LogicGate' <Latency = 0> <II = 1> <Delay = 0.33> <FuncUnit> <Opcode : 'and' 'or' 'xor'> <InPorts = 2> <OutPorts = 1>
ST_2 : Operation 243 [1/1] (0.00ns) (grouped into LUT with out node and_ln113_21)   --->   "%or_ln113_6 = or i1 %tmp_54, i1 %xor_ln113_17" [top.cpp:113]   --->   Operation 243 'or' 'or_ln113_6' <Predicate = true> <Delay = 0.00> <CoreInst = "LogicGate">   --->   Core 74 'LogicGate' <Latency = 0> <II = 1> <Delay = 0.33> <FuncUnit> <Opcode : 'and' 'or' 'xor'> <InPorts = 2> <OutPorts = 1>
ST_2 : Operation 244 [1/1] (0.00ns) (grouped into LUT with out node and_ln113_21)   --->   "%xor_ln113_18 = xor i1 %tmp_49, i1 1" [top.cpp:113]   --->   Operation 244 'xor' 'xor_ln113_18' <Predicate = true> <Delay = 0.00> <CoreInst = "LogicGate">   --->   Core 74 'LogicGate' <Latency = 0> <II = 1> <Delay = 0.33> <FuncUnit> <Opcode : 'and' 'or' 'xor'> <InPorts = 2> <OutPorts = 1>
ST_2 : Operation 245 [1/1] (0.33ns) (out node of the LUT)   --->   "%and_ln113_21 = and i1 %or_ln113_6, i1 %xor_ln113_18" [top.cpp:113]   --->   Operation 245 'and' 'and_ln113_21' <Predicate = true> <Delay = 0.33> <CoreInst = "LogicGate">   --->   Core 74 'LogicGate' <Latency = 0> <II = 1> <Delay = 0.33> <FuncUnit> <Opcode : 'and' 'or' 'xor'> <InPorts = 2> <OutPorts = 1>
ST_2 : Operation 246 [1/1] (0.33ns) (out node of the LUT)   --->   "%and_ln113_22 = and i1 %tmp_54, i1 %select_ln113_13" [top.cpp:113]   --->   Operation 246 'and' 'and_ln113_22' <Predicate = true> <Delay = 0.33> <CoreInst = "LogicGate">   --->   Core 74 'LogicGate' <Latency = 0> <II = 1> <Delay = 0.33> <FuncUnit> <Opcode : 'and' 'or' 'xor'> <InPorts = 2> <OutPorts = 1>
ST_2 : Operation 247 [1/1] (0.00ns) (grouped into LUT with out node or_ln113_7)   --->   "%or_ln113_11 = or i1 %and_ln113_20, i1 %and_ln113_22" [top.cpp:113]   --->   Operation 247 'or' 'or_ln113_11' <Predicate = true> <Delay = 0.00> <CoreInst = "LogicGate">   --->   Core 74 'LogicGate' <Latency = 0> <II = 1> <Delay = 0.33> <FuncUnit> <Opcode : 'and' 'or' 'xor'> <InPorts = 2> <OutPorts = 1>
ST_2 : Operation 248 [1/1] (0.00ns) (grouped into LUT with out node or_ln113_7)   --->   "%xor_ln113_19 = xor i1 %or_ln113_11, i1 1" [top.cpp:113]   --->   Operation 248 'xor' 'xor_ln113_19' <Predicate = true> <Delay = 0.00> <CoreInst = "LogicGate">   --->   Core 74 'LogicGate' <Latency = 0> <II = 1> <Delay = 0.33> <FuncUnit> <Opcode : 'and' 'or' 'xor'> <InPorts = 2> <OutPorts = 1>
ST_2 : Operation 249 [1/1] (0.00ns) (grouped into LUT with out node or_ln113_7)   --->   "%and_ln113_23 = and i1 %tmp_49, i1 %xor_ln113_19" [top.cpp:113]   --->   Operation 249 'and' 'and_ln113_23' <Predicate = true> <Delay = 0.00> <CoreInst = "LogicGate">   --->   Core 74 'LogicGate' <Latency = 0> <II = 1> <Delay = 0.33> <FuncUnit> <Opcode : 'and' 'or' 'xor'> <InPorts = 2> <OutPorts = 1>
ST_2 : Operation 250 [1/1] (0.00ns) (grouped into LUT with out node select_ln113_15)   --->   "%select_ln113_14 = select i1 %and_ln113_21, i24 8388607, i24 8388608" [top.cpp:113]   --->   Operation 250 'select' 'select_ln113_14' <Predicate = true> <Delay = 0.00> <CoreInst = "Sel">   --->   Core 73 'Sel' <Latency = 0> <II = 1> <Delay = 0.43> <FuncUnit> <Opcode : 'select'> <InPorts = 3> <OutPorts = 1>
ST_2 : Operation 251 [1/1] (0.33ns) (out node of the LUT)   --->   "%or_ln113_7 = or i1 %and_ln113_21, i1 %and_ln113_23" [top.cpp:113]   --->   Operation 251 'or' 'or_ln113_7' <Predicate = true> <Delay = 0.33> <CoreInst = "LogicGate">   --->   Core 74 'LogicGate' <Latency = 0> <II = 1> <Delay = 0.33> <FuncUnit> <Opcode : 'and' 'or' 'xor'> <InPorts = 2> <OutPorts = 1>
ST_2 : Operation 252 [1/1] (0.43ns) (out node of the LUT)   --->   "%select_ln113_15 = select i1 %or_ln113_7, i24 %select_ln113_14, i24 %add_ln113_3" [top.cpp:113]   --->   Operation 252 'select' 'select_ln113_15' <Predicate = true> <Delay = 0.43> <CoreInst = "Sel">   --->   Core 73 'Sel' <Latency = 0> <II = 1> <Delay = 0.43> <FuncUnit> <Opcode : 'select'> <InPorts = 3> <OutPorts = 1>
ST_2 : Operation 265 [1/1] (0.48ns)   --->   "%ret_ln0 = ret"   --->   Operation 265 'ret' 'ret_ln0' <Predicate = (icmp_ln105)> <Delay = 0.48>

State 3 <SV = 2> <Delay = 1.35>
ST_3 : Operation 253 [1/1] (0.00ns)   --->   "%specloopname_ln0 = specloopname void @_ssdm_op_SpecLoopName, void @VITIS_LOOP_105_10_VITIS_LOOP_107_11_str"   --->   Operation 253 'specloopname' 'specloopname_ln0' <Predicate = true> <Delay = 0.00>
ST_3 : Operation 254 [1/1] (0.00ns)   --->   "%speclooptripcount_ln0 = speclooptripcount void @_ssdm_op_SpecLoopTripCount, i64 4096, i64 4096, i64 4096"   --->   Operation 254 'speclooptripcount' 'speclooptripcount_ln0' <Predicate = true> <Delay = 0.00>
ST_3 : Operation 255 [1/1] (0.00ns)   --->   "%specpipeline_ln109 = specpipeline void @_ssdm_op_SpecPipeline, i32 1, i32 0, i32 0, i32 0, void @empty_2" [top.cpp:109]   --->   Operation 255 'specpipeline' 'specpipeline_ln109' <Predicate = true> <Delay = 0.00>
ST_3 : Operation 256 [1/1] (0.00ns)   --->   "%C_0_addr = getelementptr i24 %C_0, i64 0, i64 %zext_ln113_4" [top.cpp:113]   --->   Operation 256 'getelementptr' 'C_0_addr' <Predicate = true> <Delay = 0.00>
ST_3 : Operation 257 [1/1] (0.00ns)   --->   "%C_1_addr = getelementptr i24 %C_1, i64 0, i64 %zext_ln113_4" [top.cpp:113]   --->   Operation 257 'getelementptr' 'C_1_addr' <Predicate = true> <Delay = 0.00>
ST_3 : Operation 258 [1/1] (0.00ns)   --->   "%C_2_addr = getelementptr i24 %C_2, i64 0, i64 %zext_ln113_4" [top.cpp:113]   --->   Operation 258 'getelementptr' 'C_2_addr' <Predicate = true> <Delay = 0.00>
ST_3 : Operation 259 [1/1] (0.00ns)   --->   "%C_3_addr = getelementptr i24 %C_3, i64 0, i64 %zext_ln113_4" [top.cpp:113]   --->   Operation 259 'getelementptr' 'C_3_addr' <Predicate = true> <Delay = 0.00>
ST_3 : Operation 260 [1/1] ( I:1.35ns O:1.35ns )   --->   "%store_ln113 = store i24 %select_ln113_3, i12 %C_0_addr" [top.cpp:113]   --->   Operation 260 'store' 'store_ln113' <Predicate = true> <Delay = 1.35> <CoreInst = "RAM">   --->   Core 82 'RAM' <Latency = 1> <II = 1> <Delay = 1.35> <Storage> <Opcode : 'load' 'store'> <Ports = 2> <Width = 24> <Depth = 4096> <RAM>
ST_3 : Operation 261 [1/1] ( I:1.35ns O:1.35ns )   --->   "%store_ln113 = store i24 %select_ln113_7, i12 %C_1_addr" [top.cpp:113]   --->   Operation 261 'store' 'store_ln113' <Predicate = true> <Delay = 1.35> <CoreInst = "RAM">   --->   Core 82 'RAM' <Latency = 1> <II = 1> <Delay = 1.35> <Storage> <Opcode : 'load' 'store'> <Ports = 2> <Width = 24> <Depth = 4096> <RAM>
ST_3 : Operation 262 [1/1] ( I:1.35ns O:1.35ns )   --->   "%store_ln113 = store i24 %select_ln113_11, i12 %C_2_addr" [top.cpp:113]   --->   Operation 262 'store' 'store_ln113' <Predicate = true> <Delay = 1.35> <CoreInst = "RAM">   --->   Core 82 'RAM' <Latency = 1> <II = 1> <Delay = 1.35> <Storage> <Opcode : 'load' 'store'> <Ports = 2> <Width = 24> <Depth = 4096> <RAM>
ST_3 : Operation 263 [1/1] ( I:1.35ns O:1.35ns )   --->   "%store_ln113 = store i24 %select_ln113_15, i12 %C_3_addr" [top.cpp:113]   --->   Operation 263 'store' 'store_ln113' <Predicate = true> <Delay = 1.35> <CoreInst = "RAM">   --->   Core 82 'RAM' <Latency = 1> <II = 1> <Delay = 1.35> <Storage> <Opcode : 'load' 'store'> <Ports = 2> <Width = 24> <Depth = 4096> <RAM>
ST_3 : Operation 264 [1/1] (0.00ns)   --->   "%br_ln107 = br void %VITIS_LOOP_110_12" [top.cpp:107]   --->   Operation 264 'br' 'br_ln107' <Predicate = true> <Delay = 0.00>


============================================================
+ Verbose Summary: Timing violations
============================================================
Target clock period: 10.000ns, clock uncertainty: 2.700ns.

 <State 1>: 3.219ns
The critical path consists of the following:
	'store' operation 0 bit ('store_ln105', top.cpp:105) of constant 0 on local variable 'i', top.cpp:105 [145]  (0.489 ns)
	'load' operation 9 bit ('i_load', top.cpp:105) on local variable 'i', top.cpp:105 [155]  (0.000 ns)
	'add' operation 9 bit ('add_ln105', top.cpp:105) [157]  (0.921 ns)
	'select' operation 9 bit ('select_ln105', top.cpp:105) [163]  (0.458 ns)
	'getelementptr' operation 12 bit ('top_kernel_ap_fixed_64_ap_fixed_24_8_0_0_0_64_tmp_3_addr', top.cpp:113) [169]  (0.000 ns)
	'load' operation 24 bit ('top_kernel_ap_fixed_64_ap_fixed_24_8_0_0_0_64_tmp_3_load', top.cpp:113) on array 'top_kernel_ap_fixed_64_ap_fixed_24_8_0_0_0_64_tmp_3' [177]  (1.352 ns)

 <State 2>: 7.277ns
The critical path consists of the following:
	'load' operation 24 bit ('top_kernel_ap_fixed_64_ap_fixed_24_8_0_0_0_64_tmp_3_load', top.cpp:113) on array 'top_kernel_ap_fixed_64_ap_fixed_24_8_0_0_0_64_tmp_3' [177]  (1.352 ns)
	'mul' operation 48 bit ('mul_ln113', top.cpp:113) [181]  (3.387 ns)
	'add' operation 24 bit ('add_ln113', top.cpp:113) [187]  (1.110 ns)
	'xor' operation 1 bit ('xor_ln113', top.cpp:113) [189]  (0.000 ns)
	'and' operation 1 bit ('and_ln113', top.cpp:113) [190]  (0.331 ns)
	'select' operation 1 bit ('select_ln113', top.cpp:113) [197]  (0.000 ns)
	'xor' operation 1 bit ('xor_ln113_2', top.cpp:113) [202]  (0.000 ns)
	'or' operation 1 bit ('or_ln113', top.cpp:113) [203]  (0.000 ns)
	'and' operation 1 bit ('and_ln113_3', top.cpp:113) [205]  (0.331 ns)
	'or' operation 1 bit ('or_ln113_1', top.cpp:113) [211]  (0.331 ns)
	'select' operation 24 bit ('select_ln113_3', top.cpp:113) [212]  (0.435 ns)

 <State 3>: 1.352ns
The critical path consists of the following:
	'getelementptr' operation 12 bit ('C_0_addr', top.cpp:113) [173]  (0.000 ns)
	'store' operation 0 bit ('store_ln113', top.cpp:113) of variable 'select_ln113_3', top.cpp:113 on array 'C_0' [213]  (1.352 ns)


============================================================
+ Verbose Summary: Binding
============================================================
N/A
* FSMD analyzer results:
  - Output states:
 - Input state : 
  - Chain level:
	State 1
	State 2
	State 3


============================================================
+ Verbose Summary: Datapath Resource usage 
============================================================
N/A
