

================================================================
== Vitis HLS Report for 'top_kernel_Pipeline_VITIS_LOOP_109_12_VITIS_LOOP_110_1338'
================================================================
* Date:           Mon Jan 26 23:11:10 2026

* Version:        2025.1.1 (Build 6214317 on Sep 11 2025)
* Project:        project_1
* Solution:       hls (Vivado IP Flow Target)
* Product family: zynquplus
* Target device:  xczu3eg-sbva484-1-e


================================================================
== Performance Estimates
================================================================
+ Timing: 
    * Summary: 
    +--------+----------+----------+------------+
    |  Clock |  Target  | Estimated| Uncertainty|
    +--------+----------+----------+------------+
    |ap_clk  |  10.00 ns|  7.277 ns|     2.70 ns|
    +--------+----------+----------+------------+

+ Latency: 
    * Summary: 
    +---------+---------+-----------+-----------+------+------+------------------------------------------------+
    |  Latency (cycles) |   Latency (absolute)  |   Interval  |                    Pipeline                    |
    |   min   |   max   |    min    |    max    |  min |  max |                      Type                      |
    +---------+---------+-----------+-----------+------+------+------------------------------------------------+
    |     1027|     1027|  10.270 us|  10.270 us|  1025|  1025|  loop auto-rewind stp (delay=0 clock cycles(s))|
    +---------+---------+-----------+-----------+------+------+------------------------------------------------+

    + Detail: 
        * Instance: 
        N/A

        * Loop: 
        +---------------------------------------+---------+---------+----------+-----------+-----------+------+----------+
        |                                       |  Latency (cycles) | Iteration|  Initiation Interval  | Trip |          |
        |               Loop Name               |   min   |   max   |  Latency |  achieved |   target  | Count| Pipelined|
        +---------------------------------------+---------+---------+----------+-----------+-----------+------+----------+
        |- VITIS_LOOP_109_12_VITIS_LOOP_110_13  |     1025|     1025|         3|          1|          1|  1024|       yes|
        +---------------------------------------+---------+---------+----------+-----------+-----------+------+----------+

============================================================
+ Verbose Summary: Synthesis Manager
============================================================
InlineROM: 1
ExposeGlobal: 0
============================================================
+ Verbose Summary: CDFG Model
============================================================
IsTopModel: 0
ResetActiveHigh: 1
IsCombinational: 0
IsDatapathOnly: 0
HasWiredReturn: 1
HasMFsm: 2
HasVarLatency: 1
IsPipeline: 0
IsRtlPipelined: 0
IsInstanceOverlapped: 0
IsDontTouch: 0
HasImplIP: 0
IsGatedGlobalClock: 0

+ Individual pipeline summary: 
  * Pipeline-0: initiation interval (II) = 1, depth = 3


============================================================
+ Verbose Summary: Schedule
============================================================
* Number of FSM states : 3
* Pipeline : 1
  Pipeline-0 : II = 1, D = 3, States = { 1 2 3 }
* Dataflow Pipeline: 0

* FSM state transitions: 
1 --> 2 
2 --> 3 
3 --> 

* FSM state operations: 

State 1 <SV = 0> <Delay = 3.21>
ST_1 : Operation 6 [1/1] (0.00ns)   --->   "%j = alloca i32 1" [top.cpp:110]   --->   Operation 6 'alloca' 'j' <Predicate = true> <Delay = 0.00>
ST_1 : Operation 7 [1/1] (0.00ns)   --->   "%i = alloca i32 1" [top.cpp:109]   --->   Operation 7 'alloca' 'i' <Predicate = true> <Delay = 0.00>
ST_1 : Operation 8 [1/1] (0.00ns)   --->   "%indvar_flatten279 = alloca i32 1"   --->   Operation 8 'alloca' 'indvar_flatten279' <Predicate = true> <Delay = 0.00>
ST_1 : Operation 9 [1/1] (0.00ns)   --->   "%specmemcore_ln0 = specmemcore void @_ssdm_op_SpecMemCore, i24 %top_kernel_ap_fixed_64_ap_fixed_24_8_0_0_0_64_tmp_1, i64 666, i64 30, i64 18446744073709551615"   --->   Operation 9 'specmemcore' 'specmemcore_ln0' <Predicate = true> <Delay = 0.00>
ST_1 : Operation 10 [1/1] (0.00ns)   --->   "%specinterface_ln0 = specinterface void @_ssdm_op_SpecInterface, i24 %C_15, void @empty_7, i32 0, i32 0, void @empty_8, i32 4294967295, i32 0, void @empty_8, void @empty_8, void @empty_8, i32 0, i32 0, i32 0, i32 0, void @empty_8, void @empty_8, i32 4294967295, i32 0, i32 0"   --->   Operation 10 'specinterface' 'specinterface_ln0' <Predicate = true> <Delay = 0.00>
ST_1 : Operation 11 [1/1] (0.00ns)   --->   "%specinterface_ln0 = specinterface void @_ssdm_op_SpecInterface, i24 %C_14, void @empty_7, i32 0, i32 0, void @empty_8, i32 4294967295, i32 0, void @empty_8, void @empty_8, void @empty_8, i32 0, i32 0, i32 0, i32 0, void @empty_8, void @empty_8, i32 4294967295, i32 0, i32 0"   --->   Operation 11 'specinterface' 'specinterface_ln0' <Predicate = true> <Delay = 0.00>
ST_1 : Operation 12 [1/1] (0.00ns)   --->   "%specinterface_ln0 = specinterface void @_ssdm_op_SpecInterface, i24 %C_13, void @empty_7, i32 0, i32 0, void @empty_8, i32 4294967295, i32 0, void @empty_8, void @empty_8, void @empty_8, i32 0, i32 0, i32 0, i32 0, void @empty_8, void @empty_8, i32 4294967295, i32 0, i32 0"   --->   Operation 12 'specinterface' 'specinterface_ln0' <Predicate = true> <Delay = 0.00>
ST_1 : Operation 13 [1/1] (0.00ns)   --->   "%specinterface_ln0 = specinterface void @_ssdm_op_SpecInterface, i24 %C_12, void @empty_7, i32 0, i32 0, void @empty_8, i32 4294967295, i32 0, void @empty_8, void @empty_8, void @empty_8, i32 0, i32 0, i32 0, i32 0, void @empty_8, void @empty_8, i32 4294967295, i32 0, i32 0"   --->   Operation 13 'specinterface' 'specinterface_ln0' <Predicate = true> <Delay = 0.00>
ST_1 : Operation 14 [1/1] (0.00ns)   --->   "%specinterface_ln0 = specinterface void @_ssdm_op_SpecInterface, i24 %C_11, void @empty_7, i32 0, i32 0, void @empty_8, i32 4294967295, i32 0, void @empty_8, void @empty_8, void @empty_8, i32 0, i32 0, i32 0, i32 0, void @empty_8, void @empty_8, i32 4294967295, i32 0, i32 0"   --->   Operation 14 'specinterface' 'specinterface_ln0' <Predicate = true> <Delay = 0.00>
ST_1 : Operation 15 [1/1] (0.00ns)   --->   "%specinterface_ln0 = specinterface void @_ssdm_op_SpecInterface, i24 %C_10, void @empty_7, i32 0, i32 0, void @empty_8, i32 4294967295, i32 0, void @empty_8, void @empty_8, void @empty_8, i32 0, i32 0, i32 0, i32 0, void @empty_8, void @empty_8, i32 4294967295, i32 0, i32 0"   --->   Operation 15 'specinterface' 'specinterface_ln0' <Predicate = true> <Delay = 0.00>
ST_1 : Operation 16 [1/1] (0.00ns)   --->   "%specinterface_ln0 = specinterface void @_ssdm_op_SpecInterface, i24 %C_9, void @empty_7, i32 0, i32 0, void @empty_8, i32 4294967295, i32 0, void @empty_8, void @empty_8, void @empty_8, i32 0, i32 0, i32 0, i32 0, void @empty_8, void @empty_8, i32 4294967295, i32 0, i32 0"   --->   Operation 16 'specinterface' 'specinterface_ln0' <Predicate = true> <Delay = 0.00>
ST_1 : Operation 17 [1/1] (0.00ns)   --->   "%specinterface_ln0 = specinterface void @_ssdm_op_SpecInterface, i24 %C_8, void @empty_7, i32 0, i32 0, void @empty_8, i32 4294967295, i32 0, void @empty_8, void @empty_8, void @empty_8, i32 0, i32 0, i32 0, i32 0, void @empty_8, void @empty_8, i32 4294967295, i32 0, i32 0"   --->   Operation 17 'specinterface' 'specinterface_ln0' <Predicate = true> <Delay = 0.00>
ST_1 : Operation 18 [1/1] (0.00ns)   --->   "%specinterface_ln0 = specinterface void @_ssdm_op_SpecInterface, i24 %C_7, void @empty_7, i32 0, i32 0, void @empty_8, i32 4294967295, i32 0, void @empty_8, void @empty_8, void @empty_8, i32 0, i32 0, i32 0, i32 0, void @empty_8, void @empty_8, i32 4294967295, i32 0, i32 0"   --->   Operation 18 'specinterface' 'specinterface_ln0' <Predicate = true> <Delay = 0.00>
ST_1 : Operation 19 [1/1] (0.00ns)   --->   "%specinterface_ln0 = specinterface void @_ssdm_op_SpecInterface, i24 %C_6, void @empty_7, i32 0, i32 0, void @empty_8, i32 4294967295, i32 0, void @empty_8, void @empty_8, void @empty_8, i32 0, i32 0, i32 0, i32 0, void @empty_8, void @empty_8, i32 4294967295, i32 0, i32 0"   --->   Operation 19 'specinterface' 'specinterface_ln0' <Predicate = true> <Delay = 0.00>
ST_1 : Operation 20 [1/1] (0.00ns)   --->   "%specinterface_ln0 = specinterface void @_ssdm_op_SpecInterface, i24 %C_5, void @empty_7, i32 0, i32 0, void @empty_8, i32 4294967295, i32 0, void @empty_8, void @empty_8, void @empty_8, i32 0, i32 0, i32 0, i32 0, void @empty_8, void @empty_8, i32 4294967295, i32 0, i32 0"   --->   Operation 20 'specinterface' 'specinterface_ln0' <Predicate = true> <Delay = 0.00>
ST_1 : Operation 21 [1/1] (0.00ns)   --->   "%specinterface_ln0 = specinterface void @_ssdm_op_SpecInterface, i24 %C_4, void @empty_7, i32 0, i32 0, void @empty_8, i32 4294967295, i32 0, void @empty_8, void @empty_8, void @empty_8, i32 0, i32 0, i32 0, i32 0, void @empty_8, void @empty_8, i32 4294967295, i32 0, i32 0"   --->   Operation 21 'specinterface' 'specinterface_ln0' <Predicate = true> <Delay = 0.00>
ST_1 : Operation 22 [1/1] (0.00ns)   --->   "%specinterface_ln0 = specinterface void @_ssdm_op_SpecInterface, i24 %C_3, void @empty_7, i32 0, i32 0, void @empty_8, i32 4294967295, i32 0, void @empty_8, void @empty_8, void @empty_8, i32 0, i32 0, i32 0, i32 0, void @empty_8, void @empty_8, i32 4294967295, i32 0, i32 0"   --->   Operation 22 'specinterface' 'specinterface_ln0' <Predicate = true> <Delay = 0.00>
ST_1 : Operation 23 [1/1] (0.00ns)   --->   "%specinterface_ln0 = specinterface void @_ssdm_op_SpecInterface, i24 %C_2, void @empty_7, i32 0, i32 0, void @empty_8, i32 4294967295, i32 0, void @empty_8, void @empty_8, void @empty_8, i32 0, i32 0, i32 0, i32 0, void @empty_8, void @empty_8, i32 4294967295, i32 0, i32 0"   --->   Operation 23 'specinterface' 'specinterface_ln0' <Predicate = true> <Delay = 0.00>
ST_1 : Operation 24 [1/1] (0.00ns)   --->   "%specinterface_ln0 = specinterface void @_ssdm_op_SpecInterface, i24 %C_1, void @empty_7, i32 0, i32 0, void @empty_8, i32 4294967295, i32 0, void @empty_8, void @empty_8, void @empty_8, i32 0, i32 0, i32 0, i32 0, void @empty_8, void @empty_8, i32 4294967295, i32 0, i32 0"   --->   Operation 24 'specinterface' 'specinterface_ln0' <Predicate = true> <Delay = 0.00>
ST_1 : Operation 25 [1/1] (0.00ns)   --->   "%specinterface_ln0 = specinterface void @_ssdm_op_SpecInterface, i24 %C_0, void @empty_7, i32 0, i32 0, void @empty_8, i32 4294967295, i32 0, void @empty_8, void @empty_8, void @empty_8, i32 0, i32 0, i32 0, i32 0, void @empty_8, void @empty_8, i32 4294967295, i32 0, i32 0"   --->   Operation 25 'specinterface' 'specinterface_ln0' <Predicate = true> <Delay = 0.00>
ST_1 : Operation 26 [1/1] (0.00ns)   --->   "%scale_56_reload_read = read i24 @_ssdm_op_Read.ap_auto.i24, i24 %scale_56_reload"   --->   Operation 26 'read' 'scale_56_reload_read' <Predicate = true> <Delay = 0.00>
ST_1 : Operation 27 [1/1] (0.00ns)   --->   "%scale_48_reload_read = read i24 @_ssdm_op_Read.ap_auto.i24, i24 %scale_48_reload"   --->   Operation 27 'read' 'scale_48_reload_read' <Predicate = true> <Delay = 0.00>
ST_1 : Operation 28 [1/1] (0.00ns)   --->   "%scale_40_reload_read = read i24 @_ssdm_op_Read.ap_auto.i24, i24 %scale_40_reload"   --->   Operation 28 'read' 'scale_40_reload_read' <Predicate = true> <Delay = 0.00>
ST_1 : Operation 29 [1/1] (0.00ns)   --->   "%scale_32_reload_read = read i24 @_ssdm_op_Read.ap_auto.i24, i24 %scale_32_reload"   --->   Operation 29 'read' 'scale_32_reload_read' <Predicate = true> <Delay = 0.00>
ST_1 : Operation 30 [1/1] (0.00ns)   --->   "%scale_24_reload_read = read i24 @_ssdm_op_Read.ap_auto.i24, i24 %scale_24_reload"   --->   Operation 30 'read' 'scale_24_reload_read' <Predicate = true> <Delay = 0.00>
ST_1 : Operation 31 [1/1] (0.00ns)   --->   "%scale_16_reload_read = read i24 @_ssdm_op_Read.ap_auto.i24, i24 %scale_16_reload"   --->   Operation 31 'read' 'scale_16_reload_read' <Predicate = true> <Delay = 0.00>
ST_1 : Operation 32 [1/1] (0.00ns)   --->   "%scale_8_reload_read = read i24 @_ssdm_op_Read.ap_auto.i24, i24 %scale_8_reload"   --->   Operation 32 'read' 'scale_8_reload_read' <Predicate = true> <Delay = 0.00>
ST_1 : Operation 33 [1/1] (0.48ns)   --->   "%store_ln0 = store i11 0, i11 %indvar_flatten279"   --->   Operation 33 'store' 'store_ln0' <Predicate = true> <Delay = 0.48>
ST_1 : Operation 34 [1/1] (0.48ns)   --->   "%store_ln109 = store i9 0, i9 %i" [top.cpp:109]   --->   Operation 34 'store' 'store_ln109' <Predicate = true> <Delay = 0.48>
ST_1 : Operation 35 [1/1] (0.48ns)   --->   "%store_ln110 = store i7 8, i7 %j" [top.cpp:110]   --->   Operation 35 'store' 'store_ln110' <Predicate = true> <Delay = 0.48>
ST_1 : Operation 36 [1/1] (0.00ns)   --->   "%br_ln0 = br void %for.body119.8"   --->   Operation 36 'br' 'br_ln0' <Predicate = true> <Delay = 0.00>
ST_1 : Operation 37 [1/1] (0.00ns)   --->   "%indvar_flatten279_load = load i11 %indvar_flatten279" [top.cpp:109]   --->   Operation 37 'load' 'indvar_flatten279_load' <Predicate = true> <Delay = 0.00>
ST_1 : Operation 38 [1/1] (0.94ns)   --->   "%icmp_ln109 = icmp_eq  i11 %indvar_flatten279_load, i11 1024" [top.cpp:109]   --->   Operation 38 'icmp' 'icmp_ln109' <Predicate = true> <Delay = 0.94> <CoreInst = "Cmp">   --->   Core 9 'Cmp' <Latency = 0> <II = 1> <Delay = 0.94> <FuncUnit> <Opcode : 'seteq' 'setne' 'setle' 'setge' 'setlt' 'setgt'> <InPorts = 2> <OutPorts = 1>
ST_1 : Operation 39 [1/1] (0.94ns)   --->   "%add_ln109 = add i11 %indvar_flatten279_load, i11 1" [top.cpp:109]   --->   Operation 39 'add' 'add_ln109' <Predicate = true> <Delay = 0.94> <CoreInst = "Adder">   --->   Core 1 'Adder' <Latency = 0> <II = 1> <Delay = 0.94> <FuncUnit> <Opcode : 'add' 'sub'> <InPorts = 2> <OutPorts = 1>
ST_1 : Operation 40 [1/1] (0.00ns)   --->   "%br_ln109 = br i1 %icmp_ln109, void %for.inc135.8, void %for.body119.9.preheader.exitStub" [top.cpp:109]   --->   Operation 40 'br' 'br_ln109' <Predicate = true> <Delay = 0.00>
ST_1 : Operation 41 [1/1] (0.00ns)   --->   "%j_load = load i7 %j" [top.cpp:109]   --->   Operation 41 'load' 'j_load' <Predicate = (!icmp_ln109)> <Delay = 0.00>
ST_1 : Operation 42 [1/1] (0.00ns)   --->   "%i_load = load i9 %i" [top.cpp:109]   --->   Operation 42 'load' 'i_load' <Predicate = (!icmp_ln109)> <Delay = 0.00>
ST_1 : Operation 43 [1/1] (0.00ns)   --->   "%trunc_ln109 = trunc i7 %j_load" [top.cpp:109]   --->   Operation 43 'trunc' 'trunc_ln109' <Predicate = (!icmp_ln109)> <Delay = 0.00>
ST_1 : Operation 44 [1/1] (0.92ns)   --->   "%add_ln109_8 = add i9 %i_load, i9 1" [top.cpp:109]   --->   Operation 44 'add' 'add_ln109_8' <Predicate = (!icmp_ln109)> <Delay = 0.92> <CoreInst = "Adder">   --->   Core 1 'Adder' <Latency = 0> <II = 1> <Delay = 0.92> <FuncUnit> <Opcode : 'add' 'sub'> <InPorts = 2> <OutPorts = 1>
ST_1 : Operation 45 [1/1] (0.00ns)   --->   "%tmp = bitselect i1 @_ssdm_op_BitSelect.i1.i7.i32, i7 %j_load, i32 6" [top.cpp:110]   --->   Operation 45 'bitselect' 'tmp' <Predicate = (!icmp_ln109)> <Delay = 0.00>
ST_1 : Operation 46 [1/1] (0.44ns)   --->   "%select_ln110 = select i1 %tmp, i6 8, i6 %trunc_ln109" [top.cpp:110]   --->   Operation 46 'select' 'select_ln110' <Predicate = (!icmp_ln109)> <Delay = 0.44> <CoreInst = "Sel">   --->   Core 73 'Sel' <Latency = 0> <II = 1> <Delay = 0.44> <FuncUnit> <Opcode : 'select'> <InPorts = 3> <OutPorts = 1>
ST_1 : Operation 47 [1/1] (0.00ns)   --->   "%zext_ln109 = zext i6 %select_ln110" [top.cpp:109]   --->   Operation 47 'zext' 'zext_ln109' <Predicate = (!icmp_ln109)> <Delay = 0.00>
ST_1 : Operation 48 [1/1] (0.45ns)   --->   "%select_ln109 = select i1 %tmp, i9 %add_ln109_8, i9 %i_load" [top.cpp:109]   --->   Operation 48 'select' 'select_ln109' <Predicate = (!icmp_ln109)> <Delay = 0.45> <CoreInst = "Sel">   --->   Core 73 'Sel' <Latency = 0> <II = 1> <Delay = 0.45> <FuncUnit> <Opcode : 'select'> <InPorts = 3> <OutPorts = 1>
ST_1 : Operation 49 [1/1] (0.00ns)   --->   "%trunc_ln110 = trunc i9 %select_ln109" [top.cpp:110]   --->   Operation 49 'trunc' 'trunc_ln110' <Predicate = (!icmp_ln109)> <Delay = 0.00>
ST_1 : Operation 50 [1/1] (0.00ns)   --->   "%lshr_ln110_8 = partselect i2 @_ssdm_op_PartSelect.i2.i6.i32.i32, i6 %select_ln110, i32 4, i32 5" [top.cpp:110]   --->   Operation 50 'partselect' 'lshr_ln110_8' <Predicate = (!icmp_ln109)> <Delay = 0.00>
ST_1 : Operation 51 [1/1] (0.00ns)   --->   "%tmp_s = bitconcatenate i10 @_ssdm_op_BitConcatenate.i10.i8.i2, i8 %trunc_ln110, i2 %lshr_ln110_8" [top.cpp:112]   --->   Operation 51 'bitconcatenate' 'tmp_s' <Predicate = (!icmp_ln109)> <Delay = 0.00>
ST_1 : Operation 52 [1/1] (0.00ns)   --->   "%zext_ln112 = zext i10 %tmp_s" [top.cpp:112]   --->   Operation 52 'zext' 'zext_ln112' <Predicate = (!icmp_ln109)> <Delay = 0.00>
ST_1 : Operation 53 [1/1] (0.00ns)   --->   "%top_kernel_ap_fixed_64_ap_fixed_24_8_0_0_0_64_tmp_1_addr = getelementptr i24 %top_kernel_ap_fixed_64_ap_fixed_24_8_0_0_0_64_tmp_1, i64 0, i64 %zext_ln112" [top.cpp:112]   --->   Operation 53 'getelementptr' 'top_kernel_ap_fixed_64_ap_fixed_24_8_0_0_0_64_tmp_1_addr' <Predicate = (!icmp_ln109)> <Delay = 0.00>
ST_1 : Operation 54 [2/2] (1.35ns)   --->   "%top_kernel_ap_fixed_64_ap_fixed_24_8_0_0_0_64_tmp_1_load = load i10 %top_kernel_ap_fixed_64_ap_fixed_24_8_0_0_0_64_tmp_1_addr" [top.cpp:112]   --->   Operation 54 'load' 'top_kernel_ap_fixed_64_ap_fixed_24_8_0_0_0_64_tmp_1_load' <Predicate = (!icmp_ln109)> <Delay = 1.35> <CoreInst = "RAM_T2P_BRAM">   --->   Core 98 'RAM_T2P_BRAM' <Latency = 1> <II = 1> <Delay = 1.35> <Storage> <Opcode : 'load' 'store'> <Ports = 2> <Width = 24> <Depth = 1024> <RAM>
ST_1 : Operation 55 [1/1] (0.77ns)   --->   "%tmp_49 = sparsemux i24 @_ssdm_op_SparseMux.ap_auto.7i24.i24.i6, i6 8, i24 %scale_8_reload_read, i6 16, i24 %scale_16_reload_read, i6 24, i24 %scale_24_reload_read, i6 32, i24 %scale_32_reload_read, i6 40, i24 %scale_40_reload_read, i6 48, i24 %scale_48_reload_read, i6 56, i24 %scale_56_reload_read, i24 0, i6 %select_ln110" [top.cpp:112]   --->   Operation 55 'sparsemux' 'tmp_49' <Predicate = (!icmp_ln109)> <Delay = 0.77> <CoreInst = "BinarySparseMux_DontCare">   --->   Core 149 'BinarySparseMux_DontCare' <Latency = 0> <II = 1> <Delay = 0.77> <FuncUnit> <Opcode : 'sparsemux'> <InPorts = 2> <OutPorts = 1>
ST_1 : Operation 56 [1/1] (0.88ns)   --->   "%add_ln110 = add i7 %zext_ln109, i7 16" [top.cpp:110]   --->   Operation 56 'add' 'add_ln110' <Predicate = (!icmp_ln109)> <Delay = 0.88> <CoreInst = "Adder">   --->   Core 1 'Adder' <Latency = 0> <II = 1> <Delay = 0.88> <FuncUnit> <Opcode : 'add' 'sub'> <InPorts = 2> <OutPorts = 1>
ST_1 : Operation 57 [1/1] (0.48ns)   --->   "%store_ln109 = store i11 %add_ln109, i11 %indvar_flatten279" [top.cpp:109]   --->   Operation 57 'store' 'store_ln109' <Predicate = (!icmp_ln109)> <Delay = 0.48>
ST_1 : Operation 58 [1/1] (0.48ns)   --->   "%store_ln109 = store i9 %select_ln109, i9 %i" [top.cpp:109]   --->   Operation 58 'store' 'store_ln109' <Predicate = (!icmp_ln109)> <Delay = 0.48>
ST_1 : Operation 59 [1/1] (0.48ns)   --->   "%store_ln110 = store i7 %add_ln110, i7 %j" [top.cpp:110]   --->   Operation 59 'store' 'store_ln110' <Predicate = (!icmp_ln109)> <Delay = 0.48>

State 2 <SV = 1> <Delay = 7.27>
ST_2 : Operation 60 [1/2] ( I:1.35ns O:1.35ns )   --->   "%top_kernel_ap_fixed_64_ap_fixed_24_8_0_0_0_64_tmp_1_load = load i10 %top_kernel_ap_fixed_64_ap_fixed_24_8_0_0_0_64_tmp_1_addr" [top.cpp:112]   --->   Operation 60 'load' 'top_kernel_ap_fixed_64_ap_fixed_24_8_0_0_0_64_tmp_1_load' <Predicate = true> <Delay = 1.35> <CoreInst = "RAM_T2P_BRAM">   --->   Core 98 'RAM_T2P_BRAM' <Latency = 1> <II = 1> <Delay = 1.35> <Storage> <Opcode : 'load' 'store'> <Ports = 2> <Width = 24> <Depth = 1024> <RAM>
ST_2 : Operation 61 [1/1] (0.00ns)   --->   "%sext_ln112 = sext i24 %top_kernel_ap_fixed_64_ap_fixed_24_8_0_0_0_64_tmp_1_load" [top.cpp:112]   --->   Operation 61 'sext' 'sext_ln112' <Predicate = true> <Delay = 0.00>
ST_2 : Operation 62 [1/1] (0.00ns)   --->   "%sext_ln112_8 = sext i24 %tmp_49" [top.cpp:112]   --->   Operation 62 'sext' 'sext_ln112_8' <Predicate = true> <Delay = 0.00>
ST_2 : Operation 63 [1/1] (3.38ns)   --->   "%mul_ln112 = mul i48 %sext_ln112_8, i48 %sext_ln112" [top.cpp:112]   --->   Operation 63 'mul' 'mul_ln112' <Predicate = true> <Delay = 3.38> <CoreInst = "Multiplier">   --->   Core 3 'Multiplier' <Latency = 0> <II = 1> <Delay = 3.38> <FuncUnit> <Opcode : 'mul'> <InPorts = 2> <OutPorts = 1>
ST_2 : Operation 64 [1/1] (0.00ns)   --->   "%tmp_104 = bitselect i1 @_ssdm_op_BitSelect.i1.i48.i32, i48 %mul_ln112, i32 47" [top.cpp:112]   --->   Operation 64 'bitselect' 'tmp_104' <Predicate = true> <Delay = 0.00>
ST_2 : Operation 65 [1/1] (0.00ns)   --->   "%trunc_ln112_8 = partselect i24 @_ssdm_op_PartSelect.i24.i48.i32.i32, i48 %mul_ln112, i32 16, i32 39" [top.cpp:112]   --->   Operation 65 'partselect' 'trunc_ln112_8' <Predicate = true> <Delay = 0.00>
ST_2 : Operation 66 [1/1] (0.00ns)   --->   "%tmp_105 = bitselect i1 @_ssdm_op_BitSelect.i1.i48.i32, i48 %mul_ln112, i32 15" [top.cpp:112]   --->   Operation 66 'bitselect' 'tmp_105' <Predicate = true> <Delay = 0.00>
ST_2 : Operation 67 [1/1] (0.00ns) (grouped into LUT with out node and_ln112)   --->   "%tmp_106 = bitselect i1 @_ssdm_op_BitSelect.i1.i48.i32, i48 %mul_ln112, i32 39" [top.cpp:112]   --->   Operation 67 'bitselect' 'tmp_106' <Predicate = true> <Delay = 0.00>
ST_2 : Operation 68 [1/1] (0.00ns)   --->   "%zext_ln112_8 = zext i1 %tmp_105" [top.cpp:112]   --->   Operation 68 'zext' 'zext_ln112_8' <Predicate = true> <Delay = 0.00>
ST_2 : Operation 69 [1/1] (1.10ns)   --->   "%add_ln112 = add i24 %trunc_ln112_8, i24 %zext_ln112_8" [top.cpp:112]   --->   Operation 69 'add' 'add_ln112' <Predicate = true> <Delay = 1.10> <CoreInst = "Adder">   --->   Core 1 'Adder' <Latency = 0> <II = 1> <Delay = 1.10> <FuncUnit> <Opcode : 'add' 'sub'> <InPorts = 2> <OutPorts = 1>
ST_2 : Operation 70 [1/1] (0.00ns)   --->   "%tmp_107 = bitselect i1 @_ssdm_op_BitSelect.i1.i24.i32, i24 %add_ln112, i32 23" [top.cpp:112]   --->   Operation 70 'bitselect' 'tmp_107' <Predicate = true> <Delay = 0.00>
ST_2 : Operation 71 [1/1] (0.00ns) (grouped into LUT with out node and_ln112)   --->   "%xor_ln112 = xor i1 %tmp_107, i1 1" [top.cpp:112]   --->   Operation 71 'xor' 'xor_ln112' <Predicate = true> <Delay = 0.00> <CoreInst = "LogicGate">   --->   Core 74 'LogicGate' <Latency = 0> <II = 1> <Delay = 0.33> <FuncUnit> <Opcode : 'and' 'or' 'xor'> <InPorts = 2> <OutPorts = 1>
ST_2 : Operation 72 [1/1] (0.33ns) (out node of the LUT)   --->   "%and_ln112 = and i1 %tmp_106, i1 %xor_ln112" [top.cpp:112]   --->   Operation 72 'and' 'and_ln112' <Predicate = true> <Delay = 0.33> <CoreInst = "LogicGate">   --->   Core 74 'LogicGate' <Latency = 0> <II = 1> <Delay = 0.33> <FuncUnit> <Opcode : 'and' 'or' 'xor'> <InPorts = 2> <OutPorts = 1>
ST_2 : Operation 73 [1/1] (0.00ns) (grouped into LUT with out node and_ln112_39)   --->   "%tmp_108 = bitselect i1 @_ssdm_op_BitSelect.i1.i48.i32, i48 %mul_ln112, i32 40" [top.cpp:112]   --->   Operation 73 'bitselect' 'tmp_108' <Predicate = true> <Delay = 0.00>
ST_2 : Operation 74 [1/1] (0.00ns)   --->   "%tmp_50 = partselect i7 @_ssdm_op_PartSelect.i7.i48.i32, i48 %mul_ln112, i32 41" [top.cpp:112]   --->   Operation 74 'partselect' 'tmp_50' <Predicate = true> <Delay = 0.00>
ST_2 : Operation 75 [1/1] (0.89ns)   --->   "%icmp_ln112 = icmp_eq  i7 %tmp_50, i7 127" [top.cpp:112]   --->   Operation 75 'icmp' 'icmp_ln112' <Predicate = true> <Delay = 0.89> <CoreInst = "Cmp">   --->   Core 9 'Cmp' <Latency = 0> <II = 1> <Delay = 0.89> <FuncUnit> <Opcode : 'seteq' 'setne' 'setle' 'setge' 'setlt' 'setgt'> <InPorts = 2> <OutPorts = 1>
ST_2 : Operation 76 [1/1] (0.00ns)   --->   "%tmp_51 = partselect i8 @_ssdm_op_PartSelect.i8.i48.i32, i48 %mul_ln112, i32 40" [top.cpp:112]   --->   Operation 76 'partselect' 'tmp_51' <Predicate = true> <Delay = 0.00>
ST_2 : Operation 77 [1/1] (0.90ns)   --->   "%icmp_ln112_21 = icmp_eq  i8 %tmp_51, i8 255" [top.cpp:112]   --->   Operation 77 'icmp' 'icmp_ln112_21' <Predicate = true> <Delay = 0.90> <CoreInst = "Cmp">   --->   Core 9 'Cmp' <Latency = 0> <II = 1> <Delay = 0.90> <FuncUnit> <Opcode : 'seteq' 'setne' 'setle' 'setge' 'setlt' 'setgt'> <InPorts = 2> <OutPorts = 1>
ST_2 : Operation 78 [1/1] (0.90ns)   --->   "%icmp_ln112_22 = icmp_eq  i8 %tmp_51, i8 0" [top.cpp:112]   --->   Operation 78 'icmp' 'icmp_ln112_22' <Predicate = true> <Delay = 0.90> <CoreInst = "Cmp">   --->   Core 9 'Cmp' <Latency = 0> <II = 1> <Delay = 0.90> <FuncUnit> <Opcode : 'seteq' 'setne' 'setle' 'setge' 'setlt' 'setgt'> <InPorts = 2> <OutPorts = 1>
ST_2 : Operation 79 [1/1] (0.00ns) (grouped into LUT with out node and_ln112_38)   --->   "%select_ln112 = select i1 %and_ln112, i1 %icmp_ln112_21, i1 %icmp_ln112_22" [top.cpp:112]   --->   Operation 79 'select' 'select_ln112' <Predicate = true> <Delay = 0.00> <CoreInst = "Sel">   --->   Core 73 'Sel' <Latency = 0> <II = 1> <Delay = 0.26> <FuncUnit> <Opcode : 'select'> <InPorts = 3> <OutPorts = 1>
ST_2 : Operation 80 [1/1] (0.00ns) (grouped into LUT with out node and_ln112_39)   --->   "%xor_ln112_29 = xor i1 %tmp_108, i1 1" [top.cpp:112]   --->   Operation 80 'xor' 'xor_ln112_29' <Predicate = true> <Delay = 0.00> <CoreInst = "LogicGate">   --->   Core 74 'LogicGate' <Latency = 0> <II = 1> <Delay = 0.33> <FuncUnit> <Opcode : 'and' 'or' 'xor'> <InPorts = 2> <OutPorts = 1>
ST_2 : Operation 81 [1/1] (0.00ns) (grouped into LUT with out node and_ln112_39)   --->   "%and_ln112_36 = and i1 %icmp_ln112, i1 %xor_ln112_29" [top.cpp:112]   --->   Operation 81 'and' 'and_ln112_36' <Predicate = true> <Delay = 0.00> <CoreInst = "LogicGate">   --->   Core 74 'LogicGate' <Latency = 0> <II = 1> <Delay = 0.33> <FuncUnit> <Opcode : 'and' 'or' 'xor'> <InPorts = 2> <OutPorts = 1>
ST_2 : Operation 82 [1/1] (0.00ns) (grouped into LUT with out node and_ln112_39)   --->   "%select_ln112_22 = select i1 %and_ln112, i1 %and_ln112_36, i1 %icmp_ln112_21" [top.cpp:112]   --->   Operation 82 'select' 'select_ln112_22' <Predicate = true> <Delay = 0.00> <CoreInst = "Sel">   --->   Core 73 'Sel' <Latency = 0> <II = 1> <Delay = 0.26> <FuncUnit> <Opcode : 'select'> <InPorts = 3> <OutPorts = 1>
ST_2 : Operation 83 [1/1] (0.00ns) (grouped into LUT with out node or_ln112_16)   --->   "%and_ln112_37 = and i1 %and_ln112, i1 %icmp_ln112_21" [top.cpp:112]   --->   Operation 83 'and' 'and_ln112_37' <Predicate = true> <Delay = 0.00> <CoreInst = "LogicGate">   --->   Core 74 'LogicGate' <Latency = 0> <II = 1> <Delay = 0.33> <FuncUnit> <Opcode : 'and' 'or' 'xor'> <InPorts = 2> <OutPorts = 1>
ST_2 : Operation 84 [1/1] (0.00ns) (grouped into LUT with out node and_ln112_38)   --->   "%xor_ln112_30 = xor i1 %select_ln112, i1 1" [top.cpp:112]   --->   Operation 84 'xor' 'xor_ln112_30' <Predicate = true> <Delay = 0.00> <CoreInst = "LogicGate">   --->   Core 74 'LogicGate' <Latency = 0> <II = 1> <Delay = 0.33> <FuncUnit> <Opcode : 'and' 'or' 'xor'> <InPorts = 2> <OutPorts = 1>
ST_2 : Operation 85 [1/1] (0.00ns) (grouped into LUT with out node and_ln112_38)   --->   "%or_ln112 = or i1 %tmp_107, i1 %xor_ln112_30" [top.cpp:112]   --->   Operation 85 'or' 'or_ln112' <Predicate = true> <Delay = 0.00> <CoreInst = "LogicGate">   --->   Core 74 'LogicGate' <Latency = 0> <II = 1> <Delay = 0.33> <FuncUnit> <Opcode : 'and' 'or' 'xor'> <InPorts = 2> <OutPorts = 1>
ST_2 : Operation 86 [1/1] (0.00ns) (grouped into LUT with out node and_ln112_38)   --->   "%xor_ln112_31 = xor i1 %tmp_104, i1 1" [top.cpp:112]   --->   Operation 86 'xor' 'xor_ln112_31' <Predicate = true> <Delay = 0.00> <CoreInst = "LogicGate">   --->   Core 74 'LogicGate' <Latency = 0> <II = 1> <Delay = 0.33> <FuncUnit> <Opcode : 'and' 'or' 'xor'> <InPorts = 2> <OutPorts = 1>
ST_2 : Operation 87 [1/1] (0.33ns) (out node of the LUT)   --->   "%and_ln112_38 = and i1 %or_ln112, i1 %xor_ln112_31" [top.cpp:112]   --->   Operation 87 'and' 'and_ln112_38' <Predicate = true> <Delay = 0.33> <CoreInst = "LogicGate">   --->   Core 74 'LogicGate' <Latency = 0> <II = 1> <Delay = 0.33> <FuncUnit> <Opcode : 'and' 'or' 'xor'> <InPorts = 2> <OutPorts = 1>
ST_2 : Operation 88 [1/1] (0.33ns) (out node of the LUT)   --->   "%and_ln112_39 = and i1 %tmp_107, i1 %select_ln112_22" [top.cpp:112]   --->   Operation 88 'and' 'and_ln112_39' <Predicate = true> <Delay = 0.33> <CoreInst = "LogicGate">   --->   Core 74 'LogicGate' <Latency = 0> <II = 1> <Delay = 0.33> <FuncUnit> <Opcode : 'and' 'or' 'xor'> <InPorts = 2> <OutPorts = 1>
ST_2 : Operation 89 [1/1] (0.00ns) (grouped into LUT with out node or_ln112_16)   --->   "%or_ln112_15 = or i1 %and_ln112_37, i1 %and_ln112_39" [top.cpp:112]   --->   Operation 89 'or' 'or_ln112_15' <Predicate = true> <Delay = 0.00> <CoreInst = "LogicGate">   --->   Core 74 'LogicGate' <Latency = 0> <II = 1> <Delay = 0.33> <FuncUnit> <Opcode : 'and' 'or' 'xor'> <InPorts = 2> <OutPorts = 1>
ST_2 : Operation 90 [1/1] (0.00ns) (grouped into LUT with out node or_ln112_16)   --->   "%xor_ln112_32 = xor i1 %or_ln112_15, i1 1" [top.cpp:112]   --->   Operation 90 'xor' 'xor_ln112_32' <Predicate = true> <Delay = 0.00> <CoreInst = "LogicGate">   --->   Core 74 'LogicGate' <Latency = 0> <II = 1> <Delay = 0.33> <FuncUnit> <Opcode : 'and' 'or' 'xor'> <InPorts = 2> <OutPorts = 1>
ST_2 : Operation 91 [1/1] (0.00ns) (grouped into LUT with out node or_ln112_16)   --->   "%and_ln112_40 = and i1 %tmp_104, i1 %xor_ln112_32" [top.cpp:112]   --->   Operation 91 'and' 'and_ln112_40' <Predicate = true> <Delay = 0.00> <CoreInst = "LogicGate">   --->   Core 74 'LogicGate' <Latency = 0> <II = 1> <Delay = 0.33> <FuncUnit> <Opcode : 'and' 'or' 'xor'> <InPorts = 2> <OutPorts = 1>
ST_2 : Operation 92 [1/1] (0.00ns) (grouped into LUT with out node select_ln112_24)   --->   "%select_ln112_23 = select i1 %and_ln112_38, i24 8388607, i24 8388608" [top.cpp:112]   --->   Operation 92 'select' 'select_ln112_23' <Predicate = true> <Delay = 0.00> <CoreInst = "Sel">   --->   Core 73 'Sel' <Latency = 0> <II = 1> <Delay = 0.43> <FuncUnit> <Opcode : 'select'> <InPorts = 3> <OutPorts = 1>
ST_2 : Operation 93 [1/1] (0.33ns) (out node of the LUT)   --->   "%or_ln112_16 = or i1 %and_ln112_38, i1 %and_ln112_40" [top.cpp:112]   --->   Operation 93 'or' 'or_ln112_16' <Predicate = true> <Delay = 0.33> <CoreInst = "LogicGate">   --->   Core 74 'LogicGate' <Latency = 0> <II = 1> <Delay = 0.33> <FuncUnit> <Opcode : 'and' 'or' 'xor'> <InPorts = 2> <OutPorts = 1>
ST_2 : Operation 94 [1/1] (0.43ns) (out node of the LUT)   --->   "%select_ln112_24 = select i1 %or_ln112_16, i24 %select_ln112_23, i24 %add_ln112" [top.cpp:112]   --->   Operation 94 'select' 'select_ln112_24' <Predicate = true> <Delay = 0.43> <CoreInst = "Sel">   --->   Core 73 'Sel' <Latency = 0> <II = 1> <Delay = 0.43> <FuncUnit> <Opcode : 'select'> <InPorts = 3> <OutPorts = 1>
ST_2 : Operation 101 [1/1] (0.48ns)   --->   "%ret_ln0 = ret"   --->   Operation 101 'ret' 'ret_ln0' <Predicate = (icmp_ln109)> <Delay = 0.48>

State 3 <SV = 2> <Delay = 1.35>
ST_3 : Operation 95 [1/1] (0.00ns)   --->   "%specloopname_ln0 = specloopname void @_ssdm_op_SpecLoopName, void @VITIS_LOOP_109_12_VITIS_LOOP_110_13_str"   --->   Operation 95 'specloopname' 'specloopname_ln0' <Predicate = true> <Delay = 0.00>
ST_3 : Operation 96 [1/1] (0.00ns)   --->   "%speclooptripcount_ln0 = speclooptripcount void @_ssdm_op_SpecLoopTripCount, i64 1024, i64 1024, i64 1024"   --->   Operation 96 'speclooptripcount' 'speclooptripcount_ln0' <Predicate = true> <Delay = 0.00>
ST_3 : Operation 97 [1/1] (0.00ns)   --->   "%specpipeline_ln111 = specpipeline void @_ssdm_op_SpecPipeline, i32 1, i32 0, i32 0, i32 0, void @empty_8" [top.cpp:111]   --->   Operation 97 'specpipeline' 'specpipeline_ln111' <Predicate = true> <Delay = 0.00>
ST_3 : Operation 98 [1/1] (0.00ns)   --->   "%C_8_addr = getelementptr i24 %C_8, i64 0, i64 %zext_ln112" [top.cpp:112]   --->   Operation 98 'getelementptr' 'C_8_addr' <Predicate = true> <Delay = 0.00>
ST_3 : Operation 99 [1/1] ( I:1.35ns O:1.35ns )   --->   "%store_ln112 = store i24 %select_ln112_24, i10 %C_8_addr" [top.cpp:112]   --->   Operation 99 'store' 'store_ln112' <Predicate = true> <Delay = 1.35> <CoreInst = "RAM">   --->   Core 82 'RAM' <Latency = 1> <II = 1> <Delay = 1.35> <Storage> <Opcode : 'load' 'store'> <Ports = 2> <Width = 24> <Depth = 1024> <RAM>
ST_3 : Operation 100 [1/1] (0.00ns)   --->   "%br_ln110 = br void %for.body119.8" [top.cpp:110]   --->   Operation 100 'br' 'br_ln110' <Predicate = true> <Delay = 0.00>


============================================================
+ Verbose Summary: Timing violations
============================================================
Target clock period: 10.000ns, clock uncertainty: 2.700ns.

 <State 1>: 3.219ns
The critical path consists of the following:
	'store' operation 0 bit ('store_ln109', top.cpp:109) of constant 0 on local variable 'i', top.cpp:109 [53]  (0.489 ns)
	'load' operation 9 bit ('i_load', top.cpp:109) on local variable 'i', top.cpp:109 [63]  (0.000 ns)
	'add' operation 9 bit ('add_ln109_8', top.cpp:109) [65]  (0.921 ns)
	'select' operation 9 bit ('select_ln109', top.cpp:109) [71]  (0.458 ns)
	'getelementptr' operation 10 bit ('top_kernel_ap_fixed_64_ap_fixed_24_8_0_0_0_64_tmp_1_addr', top.cpp:112) [77]  (0.000 ns)
	'load' operation 24 bit ('top_kernel_ap_fixed_64_ap_fixed_24_8_0_0_0_64_tmp_1_load', top.cpp:112) on array 'top_kernel_ap_fixed_64_ap_fixed_24_8_0_0_0_64_tmp_1' [79]  (1.352 ns)

 <State 2>: 7.277ns
The critical path consists of the following:
	'load' operation 24 bit ('top_kernel_ap_fixed_64_ap_fixed_24_8_0_0_0_64_tmp_1_load', top.cpp:112) on array 'top_kernel_ap_fixed_64_ap_fixed_24_8_0_0_0_64_tmp_1' [79]  (1.352 ns)
	'mul' operation 48 bit ('mul_ln112', top.cpp:112) [83]  (3.387 ns)
	'add' operation 24 bit ('add_ln112', top.cpp:112) [89]  (1.110 ns)
	'xor' operation 1 bit ('xor_ln112', top.cpp:112) [91]  (0.000 ns)
	'and' operation 1 bit ('and_ln112', top.cpp:112) [92]  (0.331 ns)
	'select' operation 1 bit ('select_ln112', top.cpp:112) [99]  (0.000 ns)
	'xor' operation 1 bit ('xor_ln112_30', top.cpp:112) [104]  (0.000 ns)
	'or' operation 1 bit ('or_ln112', top.cpp:112) [105]  (0.000 ns)
	'and' operation 1 bit ('and_ln112_38', top.cpp:112) [107]  (0.331 ns)
	'or' operation 1 bit ('or_ln112_16', top.cpp:112) [113]  (0.331 ns)
	'select' operation 24 bit ('select_ln112_24', top.cpp:112) [114]  (0.435 ns)

 <State 3>: 1.352ns
The critical path consists of the following:
	'getelementptr' operation 10 bit ('C_8_addr', top.cpp:112) [78]  (0.000 ns)
	'store' operation 0 bit ('store_ln112', top.cpp:112) of variable 'select_ln112_24', top.cpp:112 on array 'C_8' [115]  (1.352 ns)


============================================================
+ Verbose Summary: Binding
============================================================
N/A
* FSMD analyzer results:
  - Output states:
 - Input state : 
  - Chain level:
	State 1
	State 2
	State 3


============================================================
+ Verbose Summary: Datapath Resource usage 
============================================================
N/A
