

================================================================
== Vitis HLS Report for 'top_kernel_Pipeline_VITIS_LOOP_109_12_VITIS_LOOP_110_1316'
================================================================
* Date:           Mon Jan 26 23:24:25 2026

* Version:        2025.1.1 (Build 6214317 on Sep 11 2025)
* Project:        project_1
* Solution:       hls (Vivado IP Flow Target)
* Product family: zynquplus
* Target device:  xczu3eg-sbva484-1-e


================================================================
== Performance Estimates
================================================================
+ Timing: 
    * Summary: 
    +--------+----------+----------+------------+
    |  Clock |  Target  | Estimated| Uncertainty|
    +--------+----------+----------+------------+
    |ap_clk  |  10.00 ns|  7.277 ns|     2.70 ns|
    +--------+----------+----------+------------+

+ Latency: 
    * Summary: 
    +---------+---------+-----------+-----------+------+------+------------------------------------------------+
    |  Latency (cycles) |   Latency (absolute)  |   Interval  |                    Pipeline                    |
    |   min   |   max   |    min    |    max    |  min |  max |                      Type                      |
    +---------+---------+-----------+-----------+------+------+------------------------------------------------+
    |     2051|     2051|  20.510 us|  20.510 us|  2049|  2049|  loop auto-rewind stp (delay=0 clock cycles(s))|
    +---------+---------+-----------+-----------+------+------+------------------------------------------------+

    + Detail: 
        * Instance: 
        N/A

        * Loop: 
        +---------------------------------------+---------+---------+----------+-----------+-----------+------+----------+
        |                                       |  Latency (cycles) | Iteration|  Initiation Interval  | Trip |          |
        |               Loop Name               |   min   |   max   |  Latency |  achieved |   target  | Count| Pipelined|
        +---------------------------------------+---------+---------+----------+-----------+-----------+------+----------+
        |- VITIS_LOOP_109_12_VITIS_LOOP_110_13  |     2049|     2049|         3|          1|          1|  2048|       yes|
        +---------------------------------------+---------+---------+----------+-----------+-----------+------+----------+

============================================================
+ Verbose Summary: Synthesis Manager
============================================================
InlineROM: 1
ExposeGlobal: 0
============================================================
+ Verbose Summary: CDFG Model
============================================================
IsTopModel: 0
ResetActiveHigh: 1
IsCombinational: 0
IsDatapathOnly: 0
HasWiredReturn: 1
HasMFsm: 2
HasVarLatency: 1
IsPipeline: 0
IsRtlPipelined: 0
IsInstanceOverlapped: 0
IsDontTouch: 0
HasImplIP: 0
IsGatedGlobalClock: 0

+ Individual pipeline summary: 
  * Pipeline-0: initiation interval (II) = 1, depth = 3


============================================================
+ Verbose Summary: Schedule
============================================================
* Number of FSM states : 3
* Pipeline : 1
  Pipeline-0 : II = 1, D = 3, States = { 1 2 3 }
* Dataflow Pipeline: 0

* FSM state transitions: 
1 --> 2 
2 --> 3 
3 --> 

* FSM state operations: 

State 1 <SV = 0> <Delay = 3.21>
ST_1 : Operation 6 [1/1] (0.00ns)   --->   "%j = alloca i32 1" [top.cpp:110]   --->   Operation 6 'alloca' 'j' <Predicate = true> <Delay = 0.00>
ST_1 : Operation 7 [1/1] (0.00ns)   --->   "%i = alloca i32 1" [top.cpp:109]   --->   Operation 7 'alloca' 'i' <Predicate = true> <Delay = 0.00>
ST_1 : Operation 8 [1/1] (0.00ns)   --->   "%indvar_flatten125 = alloca i32 1"   --->   Operation 8 'alloca' 'indvar_flatten125' <Predicate = true> <Delay = 0.00>
ST_1 : Operation 9 [1/1] (0.00ns)   --->   "%specmemcore_ln0 = specmemcore void @_ssdm_op_SpecMemCore, i24 %top_kernel_ap_fixed_64_ap_fixed_24_8_0_0_0_64_tmp_5, i64 666, i64 30, i64 18446744073709551615"   --->   Operation 9 'specmemcore' 'specmemcore_ln0' <Predicate = true> <Delay = 0.00>
ST_1 : Operation 10 [1/1] (0.00ns)   --->   "%specinterface_ln0 = specinterface void @_ssdm_op_SpecInterface, i24 %C_7, void @empty_3, i32 0, i32 0, void @empty_4, i32 4294967295, i32 0, void @empty_4, void @empty_4, void @empty_4, i32 0, i32 0, i32 0, i32 0, void @empty_4, void @empty_4, i32 4294967295, i32 0, i32 0"   --->   Operation 10 'specinterface' 'specinterface_ln0' <Predicate = true> <Delay = 0.00>
ST_1 : Operation 11 [1/1] (0.00ns)   --->   "%specinterface_ln0 = specinterface void @_ssdm_op_SpecInterface, i24 %C_6, void @empty_3, i32 0, i32 0, void @empty_4, i32 4294967295, i32 0, void @empty_4, void @empty_4, void @empty_4, i32 0, i32 0, i32 0, i32 0, void @empty_4, void @empty_4, i32 4294967295, i32 0, i32 0"   --->   Operation 11 'specinterface' 'specinterface_ln0' <Predicate = true> <Delay = 0.00>
ST_1 : Operation 12 [1/1] (0.00ns)   --->   "%specinterface_ln0 = specinterface void @_ssdm_op_SpecInterface, i24 %C_5, void @empty_3, i32 0, i32 0, void @empty_4, i32 4294967295, i32 0, void @empty_4, void @empty_4, void @empty_4, i32 0, i32 0, i32 0, i32 0, void @empty_4, void @empty_4, i32 4294967295, i32 0, i32 0"   --->   Operation 12 'specinterface' 'specinterface_ln0' <Predicate = true> <Delay = 0.00>
ST_1 : Operation 13 [1/1] (0.00ns)   --->   "%specinterface_ln0 = specinterface void @_ssdm_op_SpecInterface, i24 %C_4, void @empty_3, i32 0, i32 0, void @empty_4, i32 4294967295, i32 0, void @empty_4, void @empty_4, void @empty_4, i32 0, i32 0, i32 0, i32 0, void @empty_4, void @empty_4, i32 4294967295, i32 0, i32 0"   --->   Operation 13 'specinterface' 'specinterface_ln0' <Predicate = true> <Delay = 0.00>
ST_1 : Operation 14 [1/1] (0.00ns)   --->   "%specinterface_ln0 = specinterface void @_ssdm_op_SpecInterface, i24 %C_3, void @empty_3, i32 0, i32 0, void @empty_4, i32 4294967295, i32 0, void @empty_4, void @empty_4, void @empty_4, i32 0, i32 0, i32 0, i32 0, void @empty_4, void @empty_4, i32 4294967295, i32 0, i32 0"   --->   Operation 14 'specinterface' 'specinterface_ln0' <Predicate = true> <Delay = 0.00>
ST_1 : Operation 15 [1/1] (0.00ns)   --->   "%specinterface_ln0 = specinterface void @_ssdm_op_SpecInterface, i24 %C_2, void @empty_3, i32 0, i32 0, void @empty_4, i32 4294967295, i32 0, void @empty_4, void @empty_4, void @empty_4, i32 0, i32 0, i32 0, i32 0, void @empty_4, void @empty_4, i32 4294967295, i32 0, i32 0"   --->   Operation 15 'specinterface' 'specinterface_ln0' <Predicate = true> <Delay = 0.00>
ST_1 : Operation 16 [1/1] (0.00ns)   --->   "%specinterface_ln0 = specinterface void @_ssdm_op_SpecInterface, i24 %C_1, void @empty_3, i32 0, i32 0, void @empty_4, i32 4294967295, i32 0, void @empty_4, void @empty_4, void @empty_4, i32 0, i32 0, i32 0, i32 0, void @empty_4, void @empty_4, i32 4294967295, i32 0, i32 0"   --->   Operation 16 'specinterface' 'specinterface_ln0' <Predicate = true> <Delay = 0.00>
ST_1 : Operation 17 [1/1] (0.00ns)   --->   "%specinterface_ln0 = specinterface void @_ssdm_op_SpecInterface, i24 %C_0, void @empty_3, i32 0, i32 0, void @empty_4, i32 4294967295, i32 0, void @empty_4, void @empty_4, void @empty_4, i32 0, i32 0, i32 0, i32 0, void @empty_4, void @empty_4, i32 4294967295, i32 0, i32 0"   --->   Operation 17 'specinterface' 'specinterface_ln0' <Predicate = true> <Delay = 0.00>
ST_1 : Operation 18 [1/1] (0.00ns)   --->   "%scale_58_reload_read = read i24 @_ssdm_op_Read.ap_auto.i24, i24 %scale_58_reload"   --->   Operation 18 'read' 'scale_58_reload_read' <Predicate = true> <Delay = 0.00>
ST_1 : Operation 19 [1/1] (0.00ns)   --->   "%scale_56_reload_read = read i24 @_ssdm_op_Read.ap_auto.i24, i24 %scale_56_reload"   --->   Operation 19 'read' 'scale_56_reload_read' <Predicate = true> <Delay = 0.00>
ST_1 : Operation 20 [1/1] (0.00ns)   --->   "%scale_54_reload_read = read i24 @_ssdm_op_Read.ap_auto.i24, i24 %scale_54_reload"   --->   Operation 20 'read' 'scale_54_reload_read' <Predicate = true> <Delay = 0.00>
ST_1 : Operation 21 [1/1] (0.00ns)   --->   "%scale_52_reload_read = read i24 @_ssdm_op_Read.ap_auto.i24, i24 %scale_52_reload"   --->   Operation 21 'read' 'scale_52_reload_read' <Predicate = true> <Delay = 0.00>
ST_1 : Operation 22 [1/1] (0.00ns)   --->   "%scale_50_reload_read = read i24 @_ssdm_op_Read.ap_auto.i24, i24 %scale_50_reload"   --->   Operation 22 'read' 'scale_50_reload_read' <Predicate = true> <Delay = 0.00>
ST_1 : Operation 23 [1/1] (0.00ns)   --->   "%scale_48_reload_read = read i24 @_ssdm_op_Read.ap_auto.i24, i24 %scale_48_reload"   --->   Operation 23 'read' 'scale_48_reload_read' <Predicate = true> <Delay = 0.00>
ST_1 : Operation 24 [1/1] (0.00ns)   --->   "%scale_46_reload_read = read i24 @_ssdm_op_Read.ap_auto.i24, i24 %scale_46_reload"   --->   Operation 24 'read' 'scale_46_reload_read' <Predicate = true> <Delay = 0.00>
ST_1 : Operation 25 [1/1] (0.00ns)   --->   "%scale_44_reload_read = read i24 @_ssdm_op_Read.ap_auto.i24, i24 %scale_44_reload"   --->   Operation 25 'read' 'scale_44_reload_read' <Predicate = true> <Delay = 0.00>
ST_1 : Operation 26 [1/1] (0.00ns)   --->   "%scale_42_reload_read = read i24 @_ssdm_op_Read.ap_auto.i24, i24 %scale_42_reload"   --->   Operation 26 'read' 'scale_42_reload_read' <Predicate = true> <Delay = 0.00>
ST_1 : Operation 27 [1/1] (0.00ns)   --->   "%scale_40_reload_read = read i24 @_ssdm_op_Read.ap_auto.i24, i24 %scale_40_reload"   --->   Operation 27 'read' 'scale_40_reload_read' <Predicate = true> <Delay = 0.00>
ST_1 : Operation 28 [1/1] (0.00ns)   --->   "%scale_38_reload_read = read i24 @_ssdm_op_Read.ap_auto.i24, i24 %scale_38_reload"   --->   Operation 28 'read' 'scale_38_reload_read' <Predicate = true> <Delay = 0.00>
ST_1 : Operation 29 [1/1] (0.00ns)   --->   "%scale_36_reload_read = read i24 @_ssdm_op_Read.ap_auto.i24, i24 %scale_36_reload"   --->   Operation 29 'read' 'scale_36_reload_read' <Predicate = true> <Delay = 0.00>
ST_1 : Operation 30 [1/1] (0.00ns)   --->   "%scale_34_reload_read = read i24 @_ssdm_op_Read.ap_auto.i24, i24 %scale_34_reload"   --->   Operation 30 'read' 'scale_34_reload_read' <Predicate = true> <Delay = 0.00>
ST_1 : Operation 31 [1/1] (0.00ns)   --->   "%scale_32_reload_read = read i24 @_ssdm_op_Read.ap_auto.i24, i24 %scale_32_reload"   --->   Operation 31 'read' 'scale_32_reload_read' <Predicate = true> <Delay = 0.00>
ST_1 : Operation 32 [1/1] (0.00ns)   --->   "%scale_30_reload_read = read i24 @_ssdm_op_Read.ap_auto.i24, i24 %scale_30_reload"   --->   Operation 32 'read' 'scale_30_reload_read' <Predicate = true> <Delay = 0.00>
ST_1 : Operation 33 [1/1] (0.00ns)   --->   "%scale_28_reload_read = read i24 @_ssdm_op_Read.ap_auto.i24, i24 %scale_28_reload"   --->   Operation 33 'read' 'scale_28_reload_read' <Predicate = true> <Delay = 0.00>
ST_1 : Operation 34 [1/1] (0.00ns)   --->   "%scale_26_reload_read = read i24 @_ssdm_op_Read.ap_auto.i24, i24 %scale_26_reload"   --->   Operation 34 'read' 'scale_26_reload_read' <Predicate = true> <Delay = 0.00>
ST_1 : Operation 35 [1/1] (0.00ns)   --->   "%scale_24_reload_read = read i24 @_ssdm_op_Read.ap_auto.i24, i24 %scale_24_reload"   --->   Operation 35 'read' 'scale_24_reload_read' <Predicate = true> <Delay = 0.00>
ST_1 : Operation 36 [1/1] (0.00ns)   --->   "%scale_22_reload_read = read i24 @_ssdm_op_Read.ap_auto.i24, i24 %scale_22_reload"   --->   Operation 36 'read' 'scale_22_reload_read' <Predicate = true> <Delay = 0.00>
ST_1 : Operation 37 [1/1] (0.00ns)   --->   "%scale_20_reload_read = read i24 @_ssdm_op_Read.ap_auto.i24, i24 %scale_20_reload"   --->   Operation 37 'read' 'scale_20_reload_read' <Predicate = true> <Delay = 0.00>
ST_1 : Operation 38 [1/1] (0.00ns)   --->   "%scale_18_reload_read = read i24 @_ssdm_op_Read.ap_auto.i24, i24 %scale_18_reload"   --->   Operation 38 'read' 'scale_18_reload_read' <Predicate = true> <Delay = 0.00>
ST_1 : Operation 39 [1/1] (0.00ns)   --->   "%scale_16_reload_read = read i24 @_ssdm_op_Read.ap_auto.i24, i24 %scale_16_reload"   --->   Operation 39 'read' 'scale_16_reload_read' <Predicate = true> <Delay = 0.00>
ST_1 : Operation 40 [1/1] (0.00ns)   --->   "%scale_14_reload_read = read i24 @_ssdm_op_Read.ap_auto.i24, i24 %scale_14_reload"   --->   Operation 40 'read' 'scale_14_reload_read' <Predicate = true> <Delay = 0.00>
ST_1 : Operation 41 [1/1] (0.00ns)   --->   "%scale_12_reload_read = read i24 @_ssdm_op_Read.ap_auto.i24, i24 %scale_12_reload"   --->   Operation 41 'read' 'scale_12_reload_read' <Predicate = true> <Delay = 0.00>
ST_1 : Operation 42 [1/1] (0.00ns)   --->   "%scale_10_reload_read = read i24 @_ssdm_op_Read.ap_auto.i24, i24 %scale_10_reload"   --->   Operation 42 'read' 'scale_10_reload_read' <Predicate = true> <Delay = 0.00>
ST_1 : Operation 43 [1/1] (0.00ns)   --->   "%scale_8_reload_read = read i24 @_ssdm_op_Read.ap_auto.i24, i24 %scale_8_reload"   --->   Operation 43 'read' 'scale_8_reload_read' <Predicate = true> <Delay = 0.00>
ST_1 : Operation 44 [1/1] (0.00ns)   --->   "%scale_6_reload_read = read i24 @_ssdm_op_Read.ap_auto.i24, i24 %scale_6_reload"   --->   Operation 44 'read' 'scale_6_reload_read' <Predicate = true> <Delay = 0.00>
ST_1 : Operation 45 [1/1] (0.00ns)   --->   "%scale_4_reload_read = read i24 @_ssdm_op_Read.ap_auto.i24, i24 %scale_4_reload"   --->   Operation 45 'read' 'scale_4_reload_read' <Predicate = true> <Delay = 0.00>
ST_1 : Operation 46 [1/1] (0.00ns)   --->   "%scale_2_reload_read = read i24 @_ssdm_op_Read.ap_auto.i24, i24 %scale_2_reload"   --->   Operation 46 'read' 'scale_2_reload_read' <Predicate = true> <Delay = 0.00>
ST_1 : Operation 47 [1/1] (0.48ns)   --->   "%store_ln0 = store i12 0, i12 %indvar_flatten125"   --->   Operation 47 'store' 'store_ln0' <Predicate = true> <Delay = 0.48>
ST_1 : Operation 48 [1/1] (0.48ns)   --->   "%store_ln109 = store i9 0, i9 %i" [top.cpp:109]   --->   Operation 48 'store' 'store_ln109' <Predicate = true> <Delay = 0.48>
ST_1 : Operation 49 [1/1] (0.48ns)   --->   "%store_ln110 = store i7 2, i7 %j" [top.cpp:110]   --->   Operation 49 'store' 'store_ln110' <Predicate = true> <Delay = 0.48>
ST_1 : Operation 50 [1/1] (0.00ns)   --->   "%br_ln0 = br void %for.body119.2"   --->   Operation 50 'br' 'br_ln0' <Predicate = true> <Delay = 0.00>
ST_1 : Operation 51 [1/1] (0.00ns)   --->   "%indvar_flatten125_load = load i12 %indvar_flatten125" [top.cpp:109]   --->   Operation 51 'load' 'indvar_flatten125_load' <Predicate = true> <Delay = 0.00>
ST_1 : Operation 52 [1/1] (0.96ns)   --->   "%icmp_ln109 = icmp_eq  i12 %indvar_flatten125_load, i12 2048" [top.cpp:109]   --->   Operation 52 'icmp' 'icmp_ln109' <Predicate = true> <Delay = 0.96> <CoreInst = "Cmp">   --->   Core 9 'Cmp' <Latency = 0> <II = 1> <Delay = 0.96> <FuncUnit> <Opcode : 'seteq' 'setne' 'setle' 'setge' 'setlt' 'setgt'> <InPorts = 2> <OutPorts = 1>
ST_1 : Operation 53 [1/1] (0.96ns)   --->   "%add_ln109 = add i12 %indvar_flatten125_load, i12 1" [top.cpp:109]   --->   Operation 53 'add' 'add_ln109' <Predicate = true> <Delay = 0.96> <CoreInst = "Adder">   --->   Core 1 'Adder' <Latency = 0> <II = 1> <Delay = 0.96> <FuncUnit> <Opcode : 'add' 'sub'> <InPorts = 2> <OutPorts = 1>
ST_1 : Operation 54 [1/1] (0.00ns)   --->   "%br_ln109 = br i1 %icmp_ln109, void %for.inc135.2, void %for.body119.3.preheader.exitStub" [top.cpp:109]   --->   Operation 54 'br' 'br_ln109' <Predicate = true> <Delay = 0.00>
ST_1 : Operation 55 [1/1] (0.00ns)   --->   "%j_load = load i7 %j" [top.cpp:109]   --->   Operation 55 'load' 'j_load' <Predicate = (!icmp_ln109)> <Delay = 0.00>
ST_1 : Operation 56 [1/1] (0.00ns)   --->   "%i_load = load i9 %i" [top.cpp:109]   --->   Operation 56 'load' 'i_load' <Predicate = (!icmp_ln109)> <Delay = 0.00>
ST_1 : Operation 57 [1/1] (0.00ns)   --->   "%trunc_ln109 = trunc i7 %j_load" [top.cpp:109]   --->   Operation 57 'trunc' 'trunc_ln109' <Predicate = (!icmp_ln109)> <Delay = 0.00>
ST_1 : Operation 58 [1/1] (0.92ns)   --->   "%add_ln109_2 = add i9 %i_load, i9 1" [top.cpp:109]   --->   Operation 58 'add' 'add_ln109_2' <Predicate = (!icmp_ln109)> <Delay = 0.92> <CoreInst = "Adder">   --->   Core 1 'Adder' <Latency = 0> <II = 1> <Delay = 0.92> <FuncUnit> <Opcode : 'add' 'sub'> <InPorts = 2> <OutPorts = 1>
ST_1 : Operation 59 [1/1] (0.00ns)   --->   "%tmp = bitselect i1 @_ssdm_op_BitSelect.i1.i7.i32, i7 %j_load, i32 6" [top.cpp:110]   --->   Operation 59 'bitselect' 'tmp' <Predicate = (!icmp_ln109)> <Delay = 0.00>
ST_1 : Operation 60 [1/1] (0.44ns)   --->   "%select_ln110 = select i1 %tmp, i6 2, i6 %trunc_ln109" [top.cpp:110]   --->   Operation 60 'select' 'select_ln110' <Predicate = (!icmp_ln109)> <Delay = 0.44> <CoreInst = "Sel">   --->   Core 73 'Sel' <Latency = 0> <II = 1> <Delay = 0.44> <FuncUnit> <Opcode : 'select'> <InPorts = 3> <OutPorts = 1>
ST_1 : Operation 61 [1/1] (0.00ns)   --->   "%zext_ln109 = zext i6 %select_ln110" [top.cpp:109]   --->   Operation 61 'zext' 'zext_ln109' <Predicate = (!icmp_ln109)> <Delay = 0.00>
ST_1 : Operation 62 [1/1] (0.45ns)   --->   "%select_ln109 = select i1 %tmp, i9 %add_ln109_2, i9 %i_load" [top.cpp:109]   --->   Operation 62 'select' 'select_ln109' <Predicate = (!icmp_ln109)> <Delay = 0.45> <CoreInst = "Sel">   --->   Core 73 'Sel' <Latency = 0> <II = 1> <Delay = 0.45> <FuncUnit> <Opcode : 'select'> <InPorts = 3> <OutPorts = 1>
ST_1 : Operation 63 [1/1] (0.00ns)   --->   "%trunc_ln110 = trunc i9 %select_ln109" [top.cpp:110]   --->   Operation 63 'trunc' 'trunc_ln110' <Predicate = (!icmp_ln109)> <Delay = 0.00>
ST_1 : Operation 64 [1/1] (0.00ns)   --->   "%lshr_ln110_2 = partselect i3 @_ssdm_op_PartSelect.i3.i6.i32.i32, i6 %select_ln110, i32 3, i32 5" [top.cpp:110]   --->   Operation 64 'partselect' 'lshr_ln110_2' <Predicate = (!icmp_ln109)> <Delay = 0.00>
ST_1 : Operation 65 [1/1] (0.00ns)   --->   "%tmp_s = bitconcatenate i11 @_ssdm_op_BitConcatenate.i11.i8.i3, i8 %trunc_ln110, i3 %lshr_ln110_2" [top.cpp:112]   --->   Operation 65 'bitconcatenate' 'tmp_s' <Predicate = (!icmp_ln109)> <Delay = 0.00>
ST_1 : Operation 66 [1/1] (0.00ns)   --->   "%zext_ln112 = zext i11 %tmp_s" [top.cpp:112]   --->   Operation 66 'zext' 'zext_ln112' <Predicate = (!icmp_ln109)> <Delay = 0.00>
ST_1 : Operation 67 [1/1] (0.00ns)   --->   "%top_kernel_ap_fixed_64_ap_fixed_24_8_0_0_0_64_tmp_5_addr = getelementptr i24 %top_kernel_ap_fixed_64_ap_fixed_24_8_0_0_0_64_tmp_5, i64 0, i64 %zext_ln112" [top.cpp:112]   --->   Operation 67 'getelementptr' 'top_kernel_ap_fixed_64_ap_fixed_24_8_0_0_0_64_tmp_5_addr' <Predicate = (!icmp_ln109)> <Delay = 0.00>
ST_1 : Operation 68 [2/2] (1.35ns)   --->   "%top_kernel_ap_fixed_64_ap_fixed_24_8_0_0_0_64_tmp_5_load = load i11 %top_kernel_ap_fixed_64_ap_fixed_24_8_0_0_0_64_tmp_5_addr" [top.cpp:112]   --->   Operation 68 'load' 'top_kernel_ap_fixed_64_ap_fixed_24_8_0_0_0_64_tmp_5_load' <Predicate = (!icmp_ln109)> <Delay = 1.35> <CoreInst = "RAM_T2P_BRAM">   --->   Core 98 'RAM_T2P_BRAM' <Latency = 1> <II = 1> <Delay = 1.35> <Storage> <Opcode : 'load' 'store'> <Ports = 2> <Width = 24> <Depth = 2048> <RAM>
ST_1 : Operation 69 [1/1] (0.92ns)   --->   "%tmp_29 = sparsemux i24 @_ssdm_op_SparseMux.ap_auto.29i24.i24.i6, i6 2, i24 %scale_2_reload_read, i6 4, i24 %scale_4_reload_read, i6 6, i24 %scale_6_reload_read, i6 8, i24 %scale_8_reload_read, i6 10, i24 %scale_10_reload_read, i6 12, i24 %scale_12_reload_read, i6 14, i24 %scale_14_reload_read, i6 16, i24 %scale_16_reload_read, i6 18, i24 %scale_18_reload_read, i6 20, i24 %scale_20_reload_read, i6 22, i24 %scale_22_reload_read, i6 24, i24 %scale_24_reload_read, i6 26, i24 %scale_26_reload_read, i6 28, i24 %scale_28_reload_read, i6 30, i24 %scale_30_reload_read, i6 32, i24 %scale_32_reload_read, i6 34, i24 %scale_34_reload_read, i6 36, i24 %scale_36_reload_read, i6 38, i24 %scale_38_reload_read, i6 40, i24 %scale_40_reload_read, i6 42, i24 %scale_42_reload_read, i6 44, i24 %scale_44_reload_read, i6 46, i24 %scale_46_reload_read, i6 48, i24 %scale_48_reload_read, i6 50, i24 %scale_50_reload_read, i6 52, i24 %scale_52_reload_read, i6 54, i24 %scale_54_reload_read, i6 56, i24 %scale_56_reload_read, i6 58, i24 %scale_58_reload_read, i24 0, i6 %select_ln110" [top.cpp:112]   --->   Operation 69 'sparsemux' 'tmp_29' <Predicate = (!icmp_ln109)> <Delay = 0.92> <CoreInst = "BinarySparseMux_DontCare">   --->   Core 149 'BinarySparseMux_DontCare' <Latency = 0> <II = 1> <Delay = 0.92> <FuncUnit> <Opcode : 'sparsemux'> <InPorts = 2> <OutPorts = 1>
ST_1 : Operation 70 [1/1] (0.88ns)   --->   "%add_ln110 = add i7 %zext_ln109, i7 8" [top.cpp:110]   --->   Operation 70 'add' 'add_ln110' <Predicate = (!icmp_ln109)> <Delay = 0.88> <CoreInst = "Adder">   --->   Core 1 'Adder' <Latency = 0> <II = 1> <Delay = 0.88> <FuncUnit> <Opcode : 'add' 'sub'> <InPorts = 2> <OutPorts = 1>
ST_1 : Operation 71 [1/1] (0.48ns)   --->   "%store_ln109 = store i12 %add_ln109, i12 %indvar_flatten125" [top.cpp:109]   --->   Operation 71 'store' 'store_ln109' <Predicate = (!icmp_ln109)> <Delay = 0.48>
ST_1 : Operation 72 [1/1] (0.48ns)   --->   "%store_ln109 = store i9 %select_ln109, i9 %i" [top.cpp:109]   --->   Operation 72 'store' 'store_ln109' <Predicate = (!icmp_ln109)> <Delay = 0.48>
ST_1 : Operation 73 [1/1] (0.48ns)   --->   "%store_ln110 = store i7 %add_ln110, i7 %j" [top.cpp:110]   --->   Operation 73 'store' 'store_ln110' <Predicate = (!icmp_ln109)> <Delay = 0.48>

State 2 <SV = 1> <Delay = 7.27>
ST_2 : Operation 74 [1/2] ( I:1.35ns O:1.35ns )   --->   "%top_kernel_ap_fixed_64_ap_fixed_24_8_0_0_0_64_tmp_5_load = load i11 %top_kernel_ap_fixed_64_ap_fixed_24_8_0_0_0_64_tmp_5_addr" [top.cpp:112]   --->   Operation 74 'load' 'top_kernel_ap_fixed_64_ap_fixed_24_8_0_0_0_64_tmp_5_load' <Predicate = true> <Delay = 1.35> <CoreInst = "RAM_T2P_BRAM">   --->   Core 98 'RAM_T2P_BRAM' <Latency = 1> <II = 1> <Delay = 1.35> <Storage> <Opcode : 'load' 'store'> <Ports = 2> <Width = 24> <Depth = 2048> <RAM>
ST_2 : Operation 75 [1/1] (0.00ns)   --->   "%sext_ln112_4 = sext i24 %top_kernel_ap_fixed_64_ap_fixed_24_8_0_0_0_64_tmp_5_load" [top.cpp:112]   --->   Operation 75 'sext' 'sext_ln112_4' <Predicate = true> <Delay = 0.00>
ST_2 : Operation 76 [1/1] (0.00ns)   --->   "%sext_ln112_5 = sext i24 %tmp_29" [top.cpp:112]   --->   Operation 76 'sext' 'sext_ln112_5' <Predicate = true> <Delay = 0.00>
ST_2 : Operation 77 [1/1] (3.38ns)   --->   "%mul_ln112 = mul i48 %sext_ln112_5, i48 %sext_ln112_4" [top.cpp:112]   --->   Operation 77 'mul' 'mul_ln112' <Predicate = true> <Delay = 3.38> <CoreInst = "Multiplier">   --->   Core 3 'Multiplier' <Latency = 0> <II = 1> <Delay = 3.38> <FuncUnit> <Opcode : 'mul'> <InPorts = 2> <OutPorts = 1>
ST_2 : Operation 78 [1/1] (0.00ns)   --->   "%tmp_62 = bitselect i1 @_ssdm_op_BitSelect.i1.i48.i32, i48 %mul_ln112, i32 47" [top.cpp:112]   --->   Operation 78 'bitselect' 'tmp_62' <Predicate = true> <Delay = 0.00>
ST_2 : Operation 79 [1/1] (0.00ns)   --->   "%trunc_ln112_2 = partselect i24 @_ssdm_op_PartSelect.i24.i48.i32.i32, i48 %mul_ln112, i32 16, i32 39" [top.cpp:112]   --->   Operation 79 'partselect' 'trunc_ln112_2' <Predicate = true> <Delay = 0.00>
ST_2 : Operation 80 [1/1] (0.00ns)   --->   "%tmp_63 = bitselect i1 @_ssdm_op_BitSelect.i1.i48.i32, i48 %mul_ln112, i32 15" [top.cpp:112]   --->   Operation 80 'bitselect' 'tmp_63' <Predicate = true> <Delay = 0.00>
ST_2 : Operation 81 [1/1] (0.00ns) (grouped into LUT with out node and_ln112_12)   --->   "%tmp_64 = bitselect i1 @_ssdm_op_BitSelect.i1.i48.i32, i48 %mul_ln112, i32 39" [top.cpp:112]   --->   Operation 81 'bitselect' 'tmp_64' <Predicate = true> <Delay = 0.00>
ST_2 : Operation 82 [1/1] (0.00ns)   --->   "%zext_ln112_2 = zext i1 %tmp_63" [top.cpp:112]   --->   Operation 82 'zext' 'zext_ln112_2' <Predicate = true> <Delay = 0.00>
ST_2 : Operation 83 [1/1] (1.10ns)   --->   "%add_ln112 = add i24 %trunc_ln112_2, i24 %zext_ln112_2" [top.cpp:112]   --->   Operation 83 'add' 'add_ln112' <Predicate = true> <Delay = 1.10> <CoreInst = "Adder">   --->   Core 1 'Adder' <Latency = 0> <II = 1> <Delay = 1.10> <FuncUnit> <Opcode : 'add' 'sub'> <InPorts = 2> <OutPorts = 1>
ST_2 : Operation 84 [1/1] (0.00ns)   --->   "%tmp_65 = bitselect i1 @_ssdm_op_BitSelect.i1.i24.i32, i24 %add_ln112, i32 23" [top.cpp:112]   --->   Operation 84 'bitselect' 'tmp_65' <Predicate = true> <Delay = 0.00>
ST_2 : Operation 85 [1/1] (0.00ns) (grouped into LUT with out node and_ln112_12)   --->   "%xor_ln112_10 = xor i1 %tmp_65, i1 1" [top.cpp:112]   --->   Operation 85 'xor' 'xor_ln112_10' <Predicate = true> <Delay = 0.00> <CoreInst = "LogicGate">   --->   Core 74 'LogicGate' <Latency = 0> <II = 1> <Delay = 0.33> <FuncUnit> <Opcode : 'and' 'or' 'xor'> <InPorts = 2> <OutPorts = 1>
ST_2 : Operation 86 [1/1] (0.33ns) (out node of the LUT)   --->   "%and_ln112_12 = and i1 %tmp_64, i1 %xor_ln112_10" [top.cpp:112]   --->   Operation 86 'and' 'and_ln112_12' <Predicate = true> <Delay = 0.33> <CoreInst = "LogicGate">   --->   Core 74 'LogicGate' <Latency = 0> <II = 1> <Delay = 0.33> <FuncUnit> <Opcode : 'and' 'or' 'xor'> <InPorts = 2> <OutPorts = 1>
ST_2 : Operation 87 [1/1] (0.00ns) (grouped into LUT with out node and_ln112_16)   --->   "%tmp_66 = bitselect i1 @_ssdm_op_BitSelect.i1.i48.i32, i48 %mul_ln112, i32 40" [top.cpp:112]   --->   Operation 87 'bitselect' 'tmp_66' <Predicate = true> <Delay = 0.00>
ST_2 : Operation 88 [1/1] (0.00ns)   --->   "%tmp_30 = partselect i7 @_ssdm_op_PartSelect.i7.i48.i32, i48 %mul_ln112, i32 41" [top.cpp:112]   --->   Operation 88 'partselect' 'tmp_30' <Predicate = true> <Delay = 0.00>
ST_2 : Operation 89 [1/1] (0.89ns)   --->   "%icmp_ln112_6 = icmp_eq  i7 %tmp_30, i7 127" [top.cpp:112]   --->   Operation 89 'icmp' 'icmp_ln112_6' <Predicate = true> <Delay = 0.89> <CoreInst = "Cmp">   --->   Core 9 'Cmp' <Latency = 0> <II = 1> <Delay = 0.89> <FuncUnit> <Opcode : 'seteq' 'setne' 'setle' 'setge' 'setlt' 'setgt'> <InPorts = 2> <OutPorts = 1>
ST_2 : Operation 90 [1/1] (0.00ns)   --->   "%tmp_31 = partselect i8 @_ssdm_op_PartSelect.i8.i48.i32, i48 %mul_ln112, i32 40" [top.cpp:112]   --->   Operation 90 'partselect' 'tmp_31' <Predicate = true> <Delay = 0.00>
ST_2 : Operation 91 [1/1] (0.90ns)   --->   "%icmp_ln112_7 = icmp_eq  i8 %tmp_31, i8 255" [top.cpp:112]   --->   Operation 91 'icmp' 'icmp_ln112_7' <Predicate = true> <Delay = 0.90> <CoreInst = "Cmp">   --->   Core 9 'Cmp' <Latency = 0> <II = 1> <Delay = 0.90> <FuncUnit> <Opcode : 'seteq' 'setne' 'setle' 'setge' 'setlt' 'setgt'> <InPorts = 2> <OutPorts = 1>
ST_2 : Operation 92 [1/1] (0.90ns)   --->   "%icmp_ln112_8 = icmp_eq  i8 %tmp_31, i8 0" [top.cpp:112]   --->   Operation 92 'icmp' 'icmp_ln112_8' <Predicate = true> <Delay = 0.90> <CoreInst = "Cmp">   --->   Core 9 'Cmp' <Latency = 0> <II = 1> <Delay = 0.90> <FuncUnit> <Opcode : 'seteq' 'setne' 'setle' 'setge' 'setlt' 'setgt'> <InPorts = 2> <OutPorts = 1>
ST_2 : Operation 93 [1/1] (0.00ns) (grouped into LUT with out node and_ln112_15)   --->   "%select_ln112_8 = select i1 %and_ln112_12, i1 %icmp_ln112_7, i1 %icmp_ln112_8" [top.cpp:112]   --->   Operation 93 'select' 'select_ln112_8' <Predicate = true> <Delay = 0.00> <CoreInst = "Sel">   --->   Core 73 'Sel' <Latency = 0> <II = 1> <Delay = 0.26> <FuncUnit> <Opcode : 'select'> <InPorts = 3> <OutPorts = 1>
ST_2 : Operation 94 [1/1] (0.00ns) (grouped into LUT with out node and_ln112_16)   --->   "%xor_ln112_11 = xor i1 %tmp_66, i1 1" [top.cpp:112]   --->   Operation 94 'xor' 'xor_ln112_11' <Predicate = true> <Delay = 0.00> <CoreInst = "LogicGate">   --->   Core 74 'LogicGate' <Latency = 0> <II = 1> <Delay = 0.33> <FuncUnit> <Opcode : 'and' 'or' 'xor'> <InPorts = 2> <OutPorts = 1>
ST_2 : Operation 95 [1/1] (0.00ns) (grouped into LUT with out node and_ln112_16)   --->   "%and_ln112_13 = and i1 %icmp_ln112_6, i1 %xor_ln112_11" [top.cpp:112]   --->   Operation 95 'and' 'and_ln112_13' <Predicate = true> <Delay = 0.00> <CoreInst = "LogicGate">   --->   Core 74 'LogicGate' <Latency = 0> <II = 1> <Delay = 0.33> <FuncUnit> <Opcode : 'and' 'or' 'xor'> <InPorts = 2> <OutPorts = 1>
ST_2 : Operation 96 [1/1] (0.00ns) (grouped into LUT with out node and_ln112_16)   --->   "%select_ln112_9 = select i1 %and_ln112_12, i1 %and_ln112_13, i1 %icmp_ln112_7" [top.cpp:112]   --->   Operation 96 'select' 'select_ln112_9' <Predicate = true> <Delay = 0.00> <CoreInst = "Sel">   --->   Core 73 'Sel' <Latency = 0> <II = 1> <Delay = 0.26> <FuncUnit> <Opcode : 'select'> <InPorts = 3> <OutPorts = 1>
ST_2 : Operation 97 [1/1] (0.00ns) (grouped into LUT with out node or_ln112_5)   --->   "%and_ln112_14 = and i1 %and_ln112_12, i1 %icmp_ln112_7" [top.cpp:112]   --->   Operation 97 'and' 'and_ln112_14' <Predicate = true> <Delay = 0.00> <CoreInst = "LogicGate">   --->   Core 74 'LogicGate' <Latency = 0> <II = 1> <Delay = 0.33> <FuncUnit> <Opcode : 'and' 'or' 'xor'> <InPorts = 2> <OutPorts = 1>
ST_2 : Operation 98 [1/1] (0.00ns) (grouped into LUT with out node and_ln112_15)   --->   "%xor_ln112_12 = xor i1 %select_ln112_8, i1 1" [top.cpp:112]   --->   Operation 98 'xor' 'xor_ln112_12' <Predicate = true> <Delay = 0.00> <CoreInst = "LogicGate">   --->   Core 74 'LogicGate' <Latency = 0> <II = 1> <Delay = 0.33> <FuncUnit> <Opcode : 'and' 'or' 'xor'> <InPorts = 2> <OutPorts = 1>
ST_2 : Operation 99 [1/1] (0.00ns) (grouped into LUT with out node and_ln112_15)   --->   "%or_ln112_4 = or i1 %tmp_65, i1 %xor_ln112_12" [top.cpp:112]   --->   Operation 99 'or' 'or_ln112_4' <Predicate = true> <Delay = 0.00> <CoreInst = "LogicGate">   --->   Core 74 'LogicGate' <Latency = 0> <II = 1> <Delay = 0.33> <FuncUnit> <Opcode : 'and' 'or' 'xor'> <InPorts = 2> <OutPorts = 1>
ST_2 : Operation 100 [1/1] (0.00ns) (grouped into LUT with out node and_ln112_15)   --->   "%xor_ln112_13 = xor i1 %tmp_62, i1 1" [top.cpp:112]   --->   Operation 100 'xor' 'xor_ln112_13' <Predicate = true> <Delay = 0.00> <CoreInst = "LogicGate">   --->   Core 74 'LogicGate' <Latency = 0> <II = 1> <Delay = 0.33> <FuncUnit> <Opcode : 'and' 'or' 'xor'> <InPorts = 2> <OutPorts = 1>
ST_2 : Operation 101 [1/1] (0.33ns) (out node of the LUT)   --->   "%and_ln112_15 = and i1 %or_ln112_4, i1 %xor_ln112_13" [top.cpp:112]   --->   Operation 101 'and' 'and_ln112_15' <Predicate = true> <Delay = 0.33> <CoreInst = "LogicGate">   --->   Core 74 'LogicGate' <Latency = 0> <II = 1> <Delay = 0.33> <FuncUnit> <Opcode : 'and' 'or' 'xor'> <InPorts = 2> <OutPorts = 1>
ST_2 : Operation 102 [1/1] (0.33ns) (out node of the LUT)   --->   "%and_ln112_16 = and i1 %tmp_65, i1 %select_ln112_9" [top.cpp:112]   --->   Operation 102 'and' 'and_ln112_16' <Predicate = true> <Delay = 0.33> <CoreInst = "LogicGate">   --->   Core 74 'LogicGate' <Latency = 0> <II = 1> <Delay = 0.33> <FuncUnit> <Opcode : 'and' 'or' 'xor'> <InPorts = 2> <OutPorts = 1>
ST_2 : Operation 103 [1/1] (0.00ns) (grouped into LUT with out node or_ln112_5)   --->   "%or_ln112 = or i1 %and_ln112_14, i1 %and_ln112_16" [top.cpp:112]   --->   Operation 103 'or' 'or_ln112' <Predicate = true> <Delay = 0.00> <CoreInst = "LogicGate">   --->   Core 74 'LogicGate' <Latency = 0> <II = 1> <Delay = 0.33> <FuncUnit> <Opcode : 'and' 'or' 'xor'> <InPorts = 2> <OutPorts = 1>
ST_2 : Operation 104 [1/1] (0.00ns) (grouped into LUT with out node or_ln112_5)   --->   "%xor_ln112_14 = xor i1 %or_ln112, i1 1" [top.cpp:112]   --->   Operation 104 'xor' 'xor_ln112_14' <Predicate = true> <Delay = 0.00> <CoreInst = "LogicGate">   --->   Core 74 'LogicGate' <Latency = 0> <II = 1> <Delay = 0.33> <FuncUnit> <Opcode : 'and' 'or' 'xor'> <InPorts = 2> <OutPorts = 1>
ST_2 : Operation 105 [1/1] (0.00ns) (grouped into LUT with out node or_ln112_5)   --->   "%and_ln112_17 = and i1 %tmp_62, i1 %xor_ln112_14" [top.cpp:112]   --->   Operation 105 'and' 'and_ln112_17' <Predicate = true> <Delay = 0.00> <CoreInst = "LogicGate">   --->   Core 74 'LogicGate' <Latency = 0> <II = 1> <Delay = 0.33> <FuncUnit> <Opcode : 'and' 'or' 'xor'> <InPorts = 2> <OutPorts = 1>
ST_2 : Operation 106 [1/1] (0.00ns) (grouped into LUT with out node select_ln112_11)   --->   "%select_ln112_10 = select i1 %and_ln112_15, i24 8388607, i24 8388608" [top.cpp:112]   --->   Operation 106 'select' 'select_ln112_10' <Predicate = true> <Delay = 0.00> <CoreInst = "Sel">   --->   Core 73 'Sel' <Latency = 0> <II = 1> <Delay = 0.43> <FuncUnit> <Opcode : 'select'> <InPorts = 3> <OutPorts = 1>
ST_2 : Operation 107 [1/1] (0.33ns) (out node of the LUT)   --->   "%or_ln112_5 = or i1 %and_ln112_15, i1 %and_ln112_17" [top.cpp:112]   --->   Operation 107 'or' 'or_ln112_5' <Predicate = true> <Delay = 0.33> <CoreInst = "LogicGate">   --->   Core 74 'LogicGate' <Latency = 0> <II = 1> <Delay = 0.33> <FuncUnit> <Opcode : 'and' 'or' 'xor'> <InPorts = 2> <OutPorts = 1>
ST_2 : Operation 108 [1/1] (0.43ns) (out node of the LUT)   --->   "%select_ln112_11 = select i1 %or_ln112_5, i24 %select_ln112_10, i24 %add_ln112" [top.cpp:112]   --->   Operation 108 'select' 'select_ln112_11' <Predicate = true> <Delay = 0.43> <CoreInst = "Sel">   --->   Core 73 'Sel' <Latency = 0> <II = 1> <Delay = 0.43> <FuncUnit> <Opcode : 'select'> <InPorts = 3> <OutPorts = 1>
ST_2 : Operation 115 [1/1] (0.48ns)   --->   "%ret_ln0 = ret"   --->   Operation 115 'ret' 'ret_ln0' <Predicate = (icmp_ln109)> <Delay = 0.48>

State 3 <SV = 2> <Delay = 1.35>
ST_3 : Operation 109 [1/1] (0.00ns)   --->   "%specloopname_ln0 = specloopname void @_ssdm_op_SpecLoopName, void @VITIS_LOOP_109_12_VITIS_LOOP_110_13_str"   --->   Operation 109 'specloopname' 'specloopname_ln0' <Predicate = true> <Delay = 0.00>
ST_3 : Operation 110 [1/1] (0.00ns)   --->   "%speclooptripcount_ln0 = speclooptripcount void @_ssdm_op_SpecLoopTripCount, i64 2048, i64 2048, i64 2048"   --->   Operation 110 'speclooptripcount' 'speclooptripcount_ln0' <Predicate = true> <Delay = 0.00>
ST_3 : Operation 111 [1/1] (0.00ns)   --->   "%specpipeline_ln111 = specpipeline void @_ssdm_op_SpecPipeline, i32 1, i32 0, i32 0, i32 0, void @empty_4" [top.cpp:111]   --->   Operation 111 'specpipeline' 'specpipeline_ln111' <Predicate = true> <Delay = 0.00>
ST_3 : Operation 112 [1/1] (0.00ns)   --->   "%C_2_addr = getelementptr i24 %C_2, i64 0, i64 %zext_ln112" [top.cpp:112]   --->   Operation 112 'getelementptr' 'C_2_addr' <Predicate = true> <Delay = 0.00>
ST_3 : Operation 113 [1/1] ( I:1.35ns O:1.35ns )   --->   "%store_ln112 = store i24 %select_ln112_11, i11 %C_2_addr" [top.cpp:112]   --->   Operation 113 'store' 'store_ln112' <Predicate = true> <Delay = 1.35> <CoreInst = "RAM">   --->   Core 82 'RAM' <Latency = 1> <II = 1> <Delay = 1.35> <Storage> <Opcode : 'load' 'store'> <Ports = 2> <Width = 24> <Depth = 2048> <RAM>
ST_3 : Operation 114 [1/1] (0.00ns)   --->   "%br_ln110 = br void %for.body119.2" [top.cpp:110]   --->   Operation 114 'br' 'br_ln110' <Predicate = true> <Delay = 0.00>


============================================================
+ Verbose Summary: Timing violations
============================================================
Target clock period: 10.000ns, clock uncertainty: 2.700ns.

 <State 1>: 3.219ns
The critical path consists of the following:
	'store' operation 0 bit ('store_ln109', top.cpp:109) of constant 0 on local variable 'i', top.cpp:109 [81]  (0.489 ns)
	'load' operation 9 bit ('i_load', top.cpp:109) on local variable 'i', top.cpp:109 [91]  (0.000 ns)
	'add' operation 9 bit ('add_ln109_2', top.cpp:109) [93]  (0.921 ns)
	'select' operation 9 bit ('select_ln109', top.cpp:109) [99]  (0.458 ns)
	'getelementptr' operation 11 bit ('top_kernel_ap_fixed_64_ap_fixed_24_8_0_0_0_64_tmp_5_addr', top.cpp:112) [105]  (0.000 ns)
	'load' operation 24 bit ('top_kernel_ap_fixed_64_ap_fixed_24_8_0_0_0_64_tmp_5_load', top.cpp:112) on array 'top_kernel_ap_fixed_64_ap_fixed_24_8_0_0_0_64_tmp_5' [107]  (1.352 ns)

 <State 2>: 7.277ns
The critical path consists of the following:
	'load' operation 24 bit ('top_kernel_ap_fixed_64_ap_fixed_24_8_0_0_0_64_tmp_5_load', top.cpp:112) on array 'top_kernel_ap_fixed_64_ap_fixed_24_8_0_0_0_64_tmp_5' [107]  (1.352 ns)
	'mul' operation 48 bit ('mul_ln112', top.cpp:112) [111]  (3.387 ns)
	'add' operation 24 bit ('add_ln112', top.cpp:112) [117]  (1.110 ns)
	'xor' operation 1 bit ('xor_ln112_10', top.cpp:112) [119]  (0.000 ns)
	'and' operation 1 bit ('and_ln112_12', top.cpp:112) [120]  (0.331 ns)
	'select' operation 1 bit ('select_ln112_8', top.cpp:112) [127]  (0.000 ns)
	'xor' operation 1 bit ('xor_ln112_12', top.cpp:112) [132]  (0.000 ns)
	'or' operation 1 bit ('or_ln112_4', top.cpp:112) [133]  (0.000 ns)
	'and' operation 1 bit ('and_ln112_15', top.cpp:112) [135]  (0.331 ns)
	'or' operation 1 bit ('or_ln112_5', top.cpp:112) [141]  (0.331 ns)
	'select' operation 24 bit ('select_ln112_11', top.cpp:112) [142]  (0.435 ns)

 <State 3>: 1.352ns
The critical path consists of the following:
	'getelementptr' operation 11 bit ('C_2_addr', top.cpp:112) [106]  (0.000 ns)
	'store' operation 0 bit ('store_ln112', top.cpp:112) of variable 'select_ln112_11', top.cpp:112 on array 'C_2' [143]  (1.352 ns)


============================================================
+ Verbose Summary: Binding
============================================================
N/A
* FSMD analyzer results:
  - Output states:
 - Input state : 
  - Chain level:
	State 1
	State 2
	State 3


============================================================
+ Verbose Summary: Datapath Resource usage 
============================================================
N/A
