

================================================================
== Vitis HLS Report for 'top_kernel_Pipeline_VITIS_LOOP_109_12_VITIS_LOOP_110_1339'
================================================================
* Date:           Mon Jan 26 23:11:10 2026

* Version:        2025.1.1 (Build 6214317 on Sep 11 2025)
* Project:        project_1
* Solution:       hls (Vivado IP Flow Target)
* Product family: zynquplus
* Target device:  xczu3eg-sbva484-1-e


================================================================
== Performance Estimates
================================================================
+ Timing: 
    * Summary: 
    +--------+----------+----------+------------+
    |  Clock |  Target  | Estimated| Uncertainty|
    +--------+----------+----------+------------+
    |ap_clk  |  10.00 ns|  7.277 ns|     2.70 ns|
    +--------+----------+----------+------------+

+ Latency: 
    * Summary: 
    +---------+---------+-----------+-----------+------+------+------------------------------------------------+
    |  Latency (cycles) |   Latency (absolute)  |   Interval  |                    Pipeline                    |
    |   min   |   max   |    min    |    max    |  min |  max |                      Type                      |
    +---------+---------+-----------+-----------+------+------+------------------------------------------------+
    |     1027|     1027|  10.270 us|  10.270 us|  1025|  1025|  loop auto-rewind stp (delay=0 clock cycles(s))|
    +---------+---------+-----------+-----------+------+------+------------------------------------------------+

    + Detail: 
        * Instance: 
        N/A

        * Loop: 
        +---------------------------------------+---------+---------+----------+-----------+-----------+------+----------+
        |                                       |  Latency (cycles) | Iteration|  Initiation Interval  | Trip |          |
        |               Loop Name               |   min   |   max   |  Latency |  achieved |   target  | Count| Pipelined|
        +---------------------------------------+---------+---------+----------+-----------+-----------+------+----------+
        |- VITIS_LOOP_109_12_VITIS_LOOP_110_13  |     1025|     1025|         3|          1|          1|  1024|       yes|
        +---------------------------------------+---------+---------+----------+-----------+-----------+------+----------+

============================================================
+ Verbose Summary: Synthesis Manager
============================================================
InlineROM: 1
ExposeGlobal: 0
============================================================
+ Verbose Summary: CDFG Model
============================================================
IsTopModel: 0
ResetActiveHigh: 1
IsCombinational: 0
IsDatapathOnly: 0
HasWiredReturn: 1
HasMFsm: 2
HasVarLatency: 1
IsPipeline: 0
IsRtlPipelined: 0
IsInstanceOverlapped: 0
IsDontTouch: 0
HasImplIP: 0
IsGatedGlobalClock: 0

+ Individual pipeline summary: 
  * Pipeline-0: initiation interval (II) = 1, depth = 3


============================================================
+ Verbose Summary: Schedule
============================================================
* Number of FSM states : 3
* Pipeline : 1
  Pipeline-0 : II = 1, D = 3, States = { 1 2 3 }
* Dataflow Pipeline: 0

* FSM state transitions: 
1 --> 2 
2 --> 3 
3 --> 

* FSM state operations: 

State 1 <SV = 0> <Delay = 3.21>
ST_1 : Operation 6 [1/1] (0.00ns)   --->   "%j = alloca i32 1" [top.cpp:110]   --->   Operation 6 'alloca' 'j' <Predicate = true> <Delay = 0.00>
ST_1 : Operation 7 [1/1] (0.00ns)   --->   "%i = alloca i32 1" [top.cpp:109]   --->   Operation 7 'alloca' 'i' <Predicate = true> <Delay = 0.00>
ST_1 : Operation 8 [1/1] (0.00ns)   --->   "%indvar_flatten286 = alloca i32 1"   --->   Operation 8 'alloca' 'indvar_flatten286' <Predicate = true> <Delay = 0.00>
ST_1 : Operation 9 [1/1] (0.00ns)   --->   "%specmemcore_ln0 = specmemcore void @_ssdm_op_SpecMemCore, i24 %top_kernel_ap_fixed_64_ap_fixed_24_8_0_0_0_64_tmp, i64 666, i64 30, i64 18446744073709551615"   --->   Operation 9 'specmemcore' 'specmemcore_ln0' <Predicate = true> <Delay = 0.00>
ST_1 : Operation 10 [1/1] (0.00ns)   --->   "%specinterface_ln0 = specinterface void @_ssdm_op_SpecInterface, i24 %C_15, void @empty_7, i32 0, i32 0, void @empty_8, i32 4294967295, i32 0, void @empty_8, void @empty_8, void @empty_8, i32 0, i32 0, i32 0, i32 0, void @empty_8, void @empty_8, i32 4294967295, i32 0, i32 0"   --->   Operation 10 'specinterface' 'specinterface_ln0' <Predicate = true> <Delay = 0.00>
ST_1 : Operation 11 [1/1] (0.00ns)   --->   "%specinterface_ln0 = specinterface void @_ssdm_op_SpecInterface, i24 %C_14, void @empty_7, i32 0, i32 0, void @empty_8, i32 4294967295, i32 0, void @empty_8, void @empty_8, void @empty_8, i32 0, i32 0, i32 0, i32 0, void @empty_8, void @empty_8, i32 4294967295, i32 0, i32 0"   --->   Operation 11 'specinterface' 'specinterface_ln0' <Predicate = true> <Delay = 0.00>
ST_1 : Operation 12 [1/1] (0.00ns)   --->   "%specinterface_ln0 = specinterface void @_ssdm_op_SpecInterface, i24 %C_13, void @empty_7, i32 0, i32 0, void @empty_8, i32 4294967295, i32 0, void @empty_8, void @empty_8, void @empty_8, i32 0, i32 0, i32 0, i32 0, void @empty_8, void @empty_8, i32 4294967295, i32 0, i32 0"   --->   Operation 12 'specinterface' 'specinterface_ln0' <Predicate = true> <Delay = 0.00>
ST_1 : Operation 13 [1/1] (0.00ns)   --->   "%specinterface_ln0 = specinterface void @_ssdm_op_SpecInterface, i24 %C_12, void @empty_7, i32 0, i32 0, void @empty_8, i32 4294967295, i32 0, void @empty_8, void @empty_8, void @empty_8, i32 0, i32 0, i32 0, i32 0, void @empty_8, void @empty_8, i32 4294967295, i32 0, i32 0"   --->   Operation 13 'specinterface' 'specinterface_ln0' <Predicate = true> <Delay = 0.00>
ST_1 : Operation 14 [1/1] (0.00ns)   --->   "%specinterface_ln0 = specinterface void @_ssdm_op_SpecInterface, i24 %C_11, void @empty_7, i32 0, i32 0, void @empty_8, i32 4294967295, i32 0, void @empty_8, void @empty_8, void @empty_8, i32 0, i32 0, i32 0, i32 0, void @empty_8, void @empty_8, i32 4294967295, i32 0, i32 0"   --->   Operation 14 'specinterface' 'specinterface_ln0' <Predicate = true> <Delay = 0.00>
ST_1 : Operation 15 [1/1] (0.00ns)   --->   "%specinterface_ln0 = specinterface void @_ssdm_op_SpecInterface, i24 %C_10, void @empty_7, i32 0, i32 0, void @empty_8, i32 4294967295, i32 0, void @empty_8, void @empty_8, void @empty_8, i32 0, i32 0, i32 0, i32 0, void @empty_8, void @empty_8, i32 4294967295, i32 0, i32 0"   --->   Operation 15 'specinterface' 'specinterface_ln0' <Predicate = true> <Delay = 0.00>
ST_1 : Operation 16 [1/1] (0.00ns)   --->   "%specinterface_ln0 = specinterface void @_ssdm_op_SpecInterface, i24 %C_9, void @empty_7, i32 0, i32 0, void @empty_8, i32 4294967295, i32 0, void @empty_8, void @empty_8, void @empty_8, i32 0, i32 0, i32 0, i32 0, void @empty_8, void @empty_8, i32 4294967295, i32 0, i32 0"   --->   Operation 16 'specinterface' 'specinterface_ln0' <Predicate = true> <Delay = 0.00>
ST_1 : Operation 17 [1/1] (0.00ns)   --->   "%specinterface_ln0 = specinterface void @_ssdm_op_SpecInterface, i24 %C_8, void @empty_7, i32 0, i32 0, void @empty_8, i32 4294967295, i32 0, void @empty_8, void @empty_8, void @empty_8, i32 0, i32 0, i32 0, i32 0, void @empty_8, void @empty_8, i32 4294967295, i32 0, i32 0"   --->   Operation 17 'specinterface' 'specinterface_ln0' <Predicate = true> <Delay = 0.00>
ST_1 : Operation 18 [1/1] (0.00ns)   --->   "%specinterface_ln0 = specinterface void @_ssdm_op_SpecInterface, i24 %C_7, void @empty_7, i32 0, i32 0, void @empty_8, i32 4294967295, i32 0, void @empty_8, void @empty_8, void @empty_8, i32 0, i32 0, i32 0, i32 0, void @empty_8, void @empty_8, i32 4294967295, i32 0, i32 0"   --->   Operation 18 'specinterface' 'specinterface_ln0' <Predicate = true> <Delay = 0.00>
ST_1 : Operation 19 [1/1] (0.00ns)   --->   "%specinterface_ln0 = specinterface void @_ssdm_op_SpecInterface, i24 %C_6, void @empty_7, i32 0, i32 0, void @empty_8, i32 4294967295, i32 0, void @empty_8, void @empty_8, void @empty_8, i32 0, i32 0, i32 0, i32 0, void @empty_8, void @empty_8, i32 4294967295, i32 0, i32 0"   --->   Operation 19 'specinterface' 'specinterface_ln0' <Predicate = true> <Delay = 0.00>
ST_1 : Operation 20 [1/1] (0.00ns)   --->   "%specinterface_ln0 = specinterface void @_ssdm_op_SpecInterface, i24 %C_5, void @empty_7, i32 0, i32 0, void @empty_8, i32 4294967295, i32 0, void @empty_8, void @empty_8, void @empty_8, i32 0, i32 0, i32 0, i32 0, void @empty_8, void @empty_8, i32 4294967295, i32 0, i32 0"   --->   Operation 20 'specinterface' 'specinterface_ln0' <Predicate = true> <Delay = 0.00>
ST_1 : Operation 21 [1/1] (0.00ns)   --->   "%specinterface_ln0 = specinterface void @_ssdm_op_SpecInterface, i24 %C_4, void @empty_7, i32 0, i32 0, void @empty_8, i32 4294967295, i32 0, void @empty_8, void @empty_8, void @empty_8, i32 0, i32 0, i32 0, i32 0, void @empty_8, void @empty_8, i32 4294967295, i32 0, i32 0"   --->   Operation 21 'specinterface' 'specinterface_ln0' <Predicate = true> <Delay = 0.00>
ST_1 : Operation 22 [1/1] (0.00ns)   --->   "%specinterface_ln0 = specinterface void @_ssdm_op_SpecInterface, i24 %C_3, void @empty_7, i32 0, i32 0, void @empty_8, i32 4294967295, i32 0, void @empty_8, void @empty_8, void @empty_8, i32 0, i32 0, i32 0, i32 0, void @empty_8, void @empty_8, i32 4294967295, i32 0, i32 0"   --->   Operation 22 'specinterface' 'specinterface_ln0' <Predicate = true> <Delay = 0.00>
ST_1 : Operation 23 [1/1] (0.00ns)   --->   "%specinterface_ln0 = specinterface void @_ssdm_op_SpecInterface, i24 %C_2, void @empty_7, i32 0, i32 0, void @empty_8, i32 4294967295, i32 0, void @empty_8, void @empty_8, void @empty_8, i32 0, i32 0, i32 0, i32 0, void @empty_8, void @empty_8, i32 4294967295, i32 0, i32 0"   --->   Operation 23 'specinterface' 'specinterface_ln0' <Predicate = true> <Delay = 0.00>
ST_1 : Operation 24 [1/1] (0.00ns)   --->   "%specinterface_ln0 = specinterface void @_ssdm_op_SpecInterface, i24 %C_1, void @empty_7, i32 0, i32 0, void @empty_8, i32 4294967295, i32 0, void @empty_8, void @empty_8, void @empty_8, i32 0, i32 0, i32 0, i32 0, void @empty_8, void @empty_8, i32 4294967295, i32 0, i32 0"   --->   Operation 24 'specinterface' 'specinterface_ln0' <Predicate = true> <Delay = 0.00>
ST_1 : Operation 25 [1/1] (0.00ns)   --->   "%specinterface_ln0 = specinterface void @_ssdm_op_SpecInterface, i24 %C_0, void @empty_7, i32 0, i32 0, void @empty_8, i32 4294967295, i32 0, void @empty_8, void @empty_8, void @empty_8, i32 0, i32 0, i32 0, i32 0, void @empty_8, void @empty_8, i32 4294967295, i32 0, i32 0"   --->   Operation 25 'specinterface' 'specinterface_ln0' <Predicate = true> <Delay = 0.00>
ST_1 : Operation 26 [1/1] (0.00ns)   --->   "%scale_57_reload_read = read i24 @_ssdm_op_Read.ap_auto.i24, i24 %scale_57_reload"   --->   Operation 26 'read' 'scale_57_reload_read' <Predicate = true> <Delay = 0.00>
ST_1 : Operation 27 [1/1] (0.00ns)   --->   "%scale_56_reload_read = read i24 @_ssdm_op_Read.ap_auto.i24, i24 %scale_56_reload"   --->   Operation 27 'read' 'scale_56_reload_read' <Predicate = true> <Delay = 0.00>
ST_1 : Operation 28 [1/1] (0.00ns)   --->   "%scale_55_reload_read = read i24 @_ssdm_op_Read.ap_auto.i24, i24 %scale_55_reload"   --->   Operation 28 'read' 'scale_55_reload_read' <Predicate = true> <Delay = 0.00>
ST_1 : Operation 29 [1/1] (0.00ns)   --->   "%scale_54_reload_read = read i24 @_ssdm_op_Read.ap_auto.i24, i24 %scale_54_reload"   --->   Operation 29 'read' 'scale_54_reload_read' <Predicate = true> <Delay = 0.00>
ST_1 : Operation 30 [1/1] (0.00ns)   --->   "%scale_53_reload_read = read i24 @_ssdm_op_Read.ap_auto.i24, i24 %scale_53_reload"   --->   Operation 30 'read' 'scale_53_reload_read' <Predicate = true> <Delay = 0.00>
ST_1 : Operation 31 [1/1] (0.00ns)   --->   "%scale_52_reload_read = read i24 @_ssdm_op_Read.ap_auto.i24, i24 %scale_52_reload"   --->   Operation 31 'read' 'scale_52_reload_read' <Predicate = true> <Delay = 0.00>
ST_1 : Operation 32 [1/1] (0.00ns)   --->   "%scale_51_reload_read = read i24 @_ssdm_op_Read.ap_auto.i24, i24 %scale_51_reload"   --->   Operation 32 'read' 'scale_51_reload_read' <Predicate = true> <Delay = 0.00>
ST_1 : Operation 33 [1/1] (0.00ns)   --->   "%scale_50_reload_read = read i24 @_ssdm_op_Read.ap_auto.i24, i24 %scale_50_reload"   --->   Operation 33 'read' 'scale_50_reload_read' <Predicate = true> <Delay = 0.00>
ST_1 : Operation 34 [1/1] (0.00ns)   --->   "%scale_49_reload_read = read i24 @_ssdm_op_Read.ap_auto.i24, i24 %scale_49_reload"   --->   Operation 34 'read' 'scale_49_reload_read' <Predicate = true> <Delay = 0.00>
ST_1 : Operation 35 [1/1] (0.00ns)   --->   "%scale_48_reload_read = read i24 @_ssdm_op_Read.ap_auto.i24, i24 %scale_48_reload"   --->   Operation 35 'read' 'scale_48_reload_read' <Predicate = true> <Delay = 0.00>
ST_1 : Operation 36 [1/1] (0.00ns)   --->   "%scale_47_reload_read = read i24 @_ssdm_op_Read.ap_auto.i24, i24 %scale_47_reload"   --->   Operation 36 'read' 'scale_47_reload_read' <Predicate = true> <Delay = 0.00>
ST_1 : Operation 37 [1/1] (0.00ns)   --->   "%scale_46_reload_read = read i24 @_ssdm_op_Read.ap_auto.i24, i24 %scale_46_reload"   --->   Operation 37 'read' 'scale_46_reload_read' <Predicate = true> <Delay = 0.00>
ST_1 : Operation 38 [1/1] (0.00ns)   --->   "%scale_45_reload_read = read i24 @_ssdm_op_Read.ap_auto.i24, i24 %scale_45_reload"   --->   Operation 38 'read' 'scale_45_reload_read' <Predicate = true> <Delay = 0.00>
ST_1 : Operation 39 [1/1] (0.00ns)   --->   "%scale_44_reload_read = read i24 @_ssdm_op_Read.ap_auto.i24, i24 %scale_44_reload"   --->   Operation 39 'read' 'scale_44_reload_read' <Predicate = true> <Delay = 0.00>
ST_1 : Operation 40 [1/1] (0.00ns)   --->   "%scale_43_reload_read = read i24 @_ssdm_op_Read.ap_auto.i24, i24 %scale_43_reload"   --->   Operation 40 'read' 'scale_43_reload_read' <Predicate = true> <Delay = 0.00>
ST_1 : Operation 41 [1/1] (0.00ns)   --->   "%scale_42_reload_read = read i24 @_ssdm_op_Read.ap_auto.i24, i24 %scale_42_reload"   --->   Operation 41 'read' 'scale_42_reload_read' <Predicate = true> <Delay = 0.00>
ST_1 : Operation 42 [1/1] (0.00ns)   --->   "%scale_41_reload_read = read i24 @_ssdm_op_Read.ap_auto.i24, i24 %scale_41_reload"   --->   Operation 42 'read' 'scale_41_reload_read' <Predicate = true> <Delay = 0.00>
ST_1 : Operation 43 [1/1] (0.00ns)   --->   "%scale_40_reload_read = read i24 @_ssdm_op_Read.ap_auto.i24, i24 %scale_40_reload"   --->   Operation 43 'read' 'scale_40_reload_read' <Predicate = true> <Delay = 0.00>
ST_1 : Operation 44 [1/1] (0.00ns)   --->   "%scale_39_reload_read = read i24 @_ssdm_op_Read.ap_auto.i24, i24 %scale_39_reload"   --->   Operation 44 'read' 'scale_39_reload_read' <Predicate = true> <Delay = 0.00>
ST_1 : Operation 45 [1/1] (0.00ns)   --->   "%scale_38_reload_read = read i24 @_ssdm_op_Read.ap_auto.i24, i24 %scale_38_reload"   --->   Operation 45 'read' 'scale_38_reload_read' <Predicate = true> <Delay = 0.00>
ST_1 : Operation 46 [1/1] (0.00ns)   --->   "%scale_37_reload_read = read i24 @_ssdm_op_Read.ap_auto.i24, i24 %scale_37_reload"   --->   Operation 46 'read' 'scale_37_reload_read' <Predicate = true> <Delay = 0.00>
ST_1 : Operation 47 [1/1] (0.00ns)   --->   "%scale_36_reload_read = read i24 @_ssdm_op_Read.ap_auto.i24, i24 %scale_36_reload"   --->   Operation 47 'read' 'scale_36_reload_read' <Predicate = true> <Delay = 0.00>
ST_1 : Operation 48 [1/1] (0.00ns)   --->   "%scale_35_reload_read = read i24 @_ssdm_op_Read.ap_auto.i24, i24 %scale_35_reload"   --->   Operation 48 'read' 'scale_35_reload_read' <Predicate = true> <Delay = 0.00>
ST_1 : Operation 49 [1/1] (0.00ns)   --->   "%scale_34_reload_read = read i24 @_ssdm_op_Read.ap_auto.i24, i24 %scale_34_reload"   --->   Operation 49 'read' 'scale_34_reload_read' <Predicate = true> <Delay = 0.00>
ST_1 : Operation 50 [1/1] (0.00ns)   --->   "%scale_33_reload_read = read i24 @_ssdm_op_Read.ap_auto.i24, i24 %scale_33_reload"   --->   Operation 50 'read' 'scale_33_reload_read' <Predicate = true> <Delay = 0.00>
ST_1 : Operation 51 [1/1] (0.00ns)   --->   "%scale_32_reload_read = read i24 @_ssdm_op_Read.ap_auto.i24, i24 %scale_32_reload"   --->   Operation 51 'read' 'scale_32_reload_read' <Predicate = true> <Delay = 0.00>
ST_1 : Operation 52 [1/1] (0.00ns)   --->   "%scale_31_reload_read = read i24 @_ssdm_op_Read.ap_auto.i24, i24 %scale_31_reload"   --->   Operation 52 'read' 'scale_31_reload_read' <Predicate = true> <Delay = 0.00>
ST_1 : Operation 53 [1/1] (0.00ns)   --->   "%scale_30_reload_read = read i24 @_ssdm_op_Read.ap_auto.i24, i24 %scale_30_reload"   --->   Operation 53 'read' 'scale_30_reload_read' <Predicate = true> <Delay = 0.00>
ST_1 : Operation 54 [1/1] (0.00ns)   --->   "%scale_29_reload_read = read i24 @_ssdm_op_Read.ap_auto.i24, i24 %scale_29_reload"   --->   Operation 54 'read' 'scale_29_reload_read' <Predicate = true> <Delay = 0.00>
ST_1 : Operation 55 [1/1] (0.00ns)   --->   "%scale_28_reload_read = read i24 @_ssdm_op_Read.ap_auto.i24, i24 %scale_28_reload"   --->   Operation 55 'read' 'scale_28_reload_read' <Predicate = true> <Delay = 0.00>
ST_1 : Operation 56 [1/1] (0.00ns)   --->   "%scale_27_reload_read = read i24 @_ssdm_op_Read.ap_auto.i24, i24 %scale_27_reload"   --->   Operation 56 'read' 'scale_27_reload_read' <Predicate = true> <Delay = 0.00>
ST_1 : Operation 57 [1/1] (0.00ns)   --->   "%scale_26_reload_read = read i24 @_ssdm_op_Read.ap_auto.i24, i24 %scale_26_reload"   --->   Operation 57 'read' 'scale_26_reload_read' <Predicate = true> <Delay = 0.00>
ST_1 : Operation 58 [1/1] (0.00ns)   --->   "%scale_25_reload_read = read i24 @_ssdm_op_Read.ap_auto.i24, i24 %scale_25_reload"   --->   Operation 58 'read' 'scale_25_reload_read' <Predicate = true> <Delay = 0.00>
ST_1 : Operation 59 [1/1] (0.00ns)   --->   "%scale_24_reload_read = read i24 @_ssdm_op_Read.ap_auto.i24, i24 %scale_24_reload"   --->   Operation 59 'read' 'scale_24_reload_read' <Predicate = true> <Delay = 0.00>
ST_1 : Operation 60 [1/1] (0.00ns)   --->   "%scale_23_reload_read = read i24 @_ssdm_op_Read.ap_auto.i24, i24 %scale_23_reload"   --->   Operation 60 'read' 'scale_23_reload_read' <Predicate = true> <Delay = 0.00>
ST_1 : Operation 61 [1/1] (0.00ns)   --->   "%scale_22_reload_read = read i24 @_ssdm_op_Read.ap_auto.i24, i24 %scale_22_reload"   --->   Operation 61 'read' 'scale_22_reload_read' <Predicate = true> <Delay = 0.00>
ST_1 : Operation 62 [1/1] (0.00ns)   --->   "%scale_21_reload_read = read i24 @_ssdm_op_Read.ap_auto.i24, i24 %scale_21_reload"   --->   Operation 62 'read' 'scale_21_reload_read' <Predicate = true> <Delay = 0.00>
ST_1 : Operation 63 [1/1] (0.00ns)   --->   "%scale_20_reload_read = read i24 @_ssdm_op_Read.ap_auto.i24, i24 %scale_20_reload"   --->   Operation 63 'read' 'scale_20_reload_read' <Predicate = true> <Delay = 0.00>
ST_1 : Operation 64 [1/1] (0.00ns)   --->   "%scale_19_reload_read = read i24 @_ssdm_op_Read.ap_auto.i24, i24 %scale_19_reload"   --->   Operation 64 'read' 'scale_19_reload_read' <Predicate = true> <Delay = 0.00>
ST_1 : Operation 65 [1/1] (0.00ns)   --->   "%scale_18_reload_read = read i24 @_ssdm_op_Read.ap_auto.i24, i24 %scale_18_reload"   --->   Operation 65 'read' 'scale_18_reload_read' <Predicate = true> <Delay = 0.00>
ST_1 : Operation 66 [1/1] (0.00ns)   --->   "%scale_17_reload_read = read i24 @_ssdm_op_Read.ap_auto.i24, i24 %scale_17_reload"   --->   Operation 66 'read' 'scale_17_reload_read' <Predicate = true> <Delay = 0.00>
ST_1 : Operation 67 [1/1] (0.00ns)   --->   "%scale_16_reload_read = read i24 @_ssdm_op_Read.ap_auto.i24, i24 %scale_16_reload"   --->   Operation 67 'read' 'scale_16_reload_read' <Predicate = true> <Delay = 0.00>
ST_1 : Operation 68 [1/1] (0.00ns)   --->   "%scale_15_reload_read = read i24 @_ssdm_op_Read.ap_auto.i24, i24 %scale_15_reload"   --->   Operation 68 'read' 'scale_15_reload_read' <Predicate = true> <Delay = 0.00>
ST_1 : Operation 69 [1/1] (0.00ns)   --->   "%scale_14_reload_read = read i24 @_ssdm_op_Read.ap_auto.i24, i24 %scale_14_reload"   --->   Operation 69 'read' 'scale_14_reload_read' <Predicate = true> <Delay = 0.00>
ST_1 : Operation 70 [1/1] (0.00ns)   --->   "%scale_13_reload_read = read i24 @_ssdm_op_Read.ap_auto.i24, i24 %scale_13_reload"   --->   Operation 70 'read' 'scale_13_reload_read' <Predicate = true> <Delay = 0.00>
ST_1 : Operation 71 [1/1] (0.00ns)   --->   "%scale_12_reload_read = read i24 @_ssdm_op_Read.ap_auto.i24, i24 %scale_12_reload"   --->   Operation 71 'read' 'scale_12_reload_read' <Predicate = true> <Delay = 0.00>
ST_1 : Operation 72 [1/1] (0.00ns)   --->   "%scale_11_reload_read = read i24 @_ssdm_op_Read.ap_auto.i24, i24 %scale_11_reload"   --->   Operation 72 'read' 'scale_11_reload_read' <Predicate = true> <Delay = 0.00>
ST_1 : Operation 73 [1/1] (0.00ns)   --->   "%scale_10_reload_read = read i24 @_ssdm_op_Read.ap_auto.i24, i24 %scale_10_reload"   --->   Operation 73 'read' 'scale_10_reload_read' <Predicate = true> <Delay = 0.00>
ST_1 : Operation 74 [1/1] (0.00ns)   --->   "%scale_9_reload_read = read i24 @_ssdm_op_Read.ap_auto.i24, i24 %scale_9_reload"   --->   Operation 74 'read' 'scale_9_reload_read' <Predicate = true> <Delay = 0.00>
ST_1 : Operation 75 [1/1] (0.48ns)   --->   "%store_ln0 = store i11 0, i11 %indvar_flatten286"   --->   Operation 75 'store' 'store_ln0' <Predicate = true> <Delay = 0.48>
ST_1 : Operation 76 [1/1] (0.48ns)   --->   "%store_ln109 = store i9 0, i9 %i" [top.cpp:109]   --->   Operation 76 'store' 'store_ln109' <Predicate = true> <Delay = 0.48>
ST_1 : Operation 77 [1/1] (0.48ns)   --->   "%store_ln110 = store i7 9, i7 %j" [top.cpp:110]   --->   Operation 77 'store' 'store_ln110' <Predicate = true> <Delay = 0.48>
ST_1 : Operation 78 [1/1] (0.00ns)   --->   "%br_ln0 = br void %for.body119.9"   --->   Operation 78 'br' 'br_ln0' <Predicate = true> <Delay = 0.00>
ST_1 : Operation 79 [1/1] (0.00ns)   --->   "%indvar_flatten286_load = load i11 %indvar_flatten286" [top.cpp:109]   --->   Operation 79 'load' 'indvar_flatten286_load' <Predicate = true> <Delay = 0.00>
ST_1 : Operation 80 [1/1] (0.94ns)   --->   "%icmp_ln109 = icmp_eq  i11 %indvar_flatten286_load, i11 1024" [top.cpp:109]   --->   Operation 80 'icmp' 'icmp_ln109' <Predicate = true> <Delay = 0.94> <CoreInst = "Cmp">   --->   Core 9 'Cmp' <Latency = 0> <II = 1> <Delay = 0.94> <FuncUnit> <Opcode : 'seteq' 'setne' 'setle' 'setge' 'setlt' 'setgt'> <InPorts = 2> <OutPorts = 1>
ST_1 : Operation 81 [1/1] (0.94ns)   --->   "%add_ln109 = add i11 %indvar_flatten286_load, i11 1" [top.cpp:109]   --->   Operation 81 'add' 'add_ln109' <Predicate = true> <Delay = 0.94> <CoreInst = "Adder">   --->   Core 1 'Adder' <Latency = 0> <II = 1> <Delay = 0.94> <FuncUnit> <Opcode : 'add' 'sub'> <InPorts = 2> <OutPorts = 1>
ST_1 : Operation 82 [1/1] (0.00ns)   --->   "%br_ln109 = br i1 %icmp_ln109, void %for.inc135.9, void %for.body119.10.preheader.exitStub" [top.cpp:109]   --->   Operation 82 'br' 'br_ln109' <Predicate = true> <Delay = 0.00>
ST_1 : Operation 83 [1/1] (0.00ns)   --->   "%j_load = load i7 %j" [top.cpp:109]   --->   Operation 83 'load' 'j_load' <Predicate = (!icmp_ln109)> <Delay = 0.00>
ST_1 : Operation 84 [1/1] (0.00ns)   --->   "%i_load = load i9 %i" [top.cpp:109]   --->   Operation 84 'load' 'i_load' <Predicate = (!icmp_ln109)> <Delay = 0.00>
ST_1 : Operation 85 [1/1] (0.00ns)   --->   "%trunc_ln109 = trunc i7 %j_load" [top.cpp:109]   --->   Operation 85 'trunc' 'trunc_ln109' <Predicate = (!icmp_ln109)> <Delay = 0.00>
ST_1 : Operation 86 [1/1] (0.92ns)   --->   "%add_ln109_7 = add i9 %i_load, i9 1" [top.cpp:109]   --->   Operation 86 'add' 'add_ln109_7' <Predicate = (!icmp_ln109)> <Delay = 0.92> <CoreInst = "Adder">   --->   Core 1 'Adder' <Latency = 0> <II = 1> <Delay = 0.92> <FuncUnit> <Opcode : 'add' 'sub'> <InPorts = 2> <OutPorts = 1>
ST_1 : Operation 87 [1/1] (0.00ns)   --->   "%tmp = bitselect i1 @_ssdm_op_BitSelect.i1.i7.i32, i7 %j_load, i32 6" [top.cpp:110]   --->   Operation 87 'bitselect' 'tmp' <Predicate = (!icmp_ln109)> <Delay = 0.00>
ST_1 : Operation 88 [1/1] (0.44ns)   --->   "%select_ln110 = select i1 %tmp, i6 9, i6 %trunc_ln109" [top.cpp:110]   --->   Operation 88 'select' 'select_ln110' <Predicate = (!icmp_ln109)> <Delay = 0.44> <CoreInst = "Sel">   --->   Core 73 'Sel' <Latency = 0> <II = 1> <Delay = 0.44> <FuncUnit> <Opcode : 'select'> <InPorts = 3> <OutPorts = 1>
ST_1 : Operation 89 [1/1] (0.00ns)   --->   "%zext_ln109 = zext i6 %select_ln110" [top.cpp:109]   --->   Operation 89 'zext' 'zext_ln109' <Predicate = (!icmp_ln109)> <Delay = 0.00>
ST_1 : Operation 90 [1/1] (0.45ns)   --->   "%select_ln109 = select i1 %tmp, i9 %add_ln109_7, i9 %i_load" [top.cpp:109]   --->   Operation 90 'select' 'select_ln109' <Predicate = (!icmp_ln109)> <Delay = 0.45> <CoreInst = "Sel">   --->   Core 73 'Sel' <Latency = 0> <II = 1> <Delay = 0.45> <FuncUnit> <Opcode : 'select'> <InPorts = 3> <OutPorts = 1>
ST_1 : Operation 91 [1/1] (0.00ns)   --->   "%trunc_ln110 = trunc i9 %select_ln109" [top.cpp:110]   --->   Operation 91 'trunc' 'trunc_ln110' <Predicate = (!icmp_ln109)> <Delay = 0.00>
ST_1 : Operation 92 [1/1] (0.00ns)   --->   "%lshr_ln110_9 = partselect i2 @_ssdm_op_PartSelect.i2.i6.i32.i32, i6 %select_ln110, i32 4, i32 5" [top.cpp:110]   --->   Operation 92 'partselect' 'lshr_ln110_9' <Predicate = (!icmp_ln109)> <Delay = 0.00>
ST_1 : Operation 93 [1/1] (0.00ns)   --->   "%tmp_s = bitconcatenate i10 @_ssdm_op_BitConcatenate.i10.i8.i2, i8 %trunc_ln110, i2 %lshr_ln110_9" [top.cpp:112]   --->   Operation 93 'bitconcatenate' 'tmp_s' <Predicate = (!icmp_ln109)> <Delay = 0.00>
ST_1 : Operation 94 [1/1] (0.00ns)   --->   "%zext_ln112 = zext i10 %tmp_s" [top.cpp:112]   --->   Operation 94 'zext' 'zext_ln112' <Predicate = (!icmp_ln109)> <Delay = 0.00>
ST_1 : Operation 95 [1/1] (0.00ns)   --->   "%top_kernel_ap_fixed_64_ap_fixed_24_8_0_0_0_64_tmp_addr = getelementptr i24 %top_kernel_ap_fixed_64_ap_fixed_24_8_0_0_0_64_tmp, i64 0, i64 %zext_ln112" [top.cpp:112]   --->   Operation 95 'getelementptr' 'top_kernel_ap_fixed_64_ap_fixed_24_8_0_0_0_64_tmp_addr' <Predicate = (!icmp_ln109)> <Delay = 0.00>
ST_1 : Operation 96 [2/2] (1.35ns)   --->   "%top_kernel_ap_fixed_64_ap_fixed_24_8_0_0_0_64_tmp_load = load i10 %top_kernel_ap_fixed_64_ap_fixed_24_8_0_0_0_64_tmp_addr" [top.cpp:112]   --->   Operation 96 'load' 'top_kernel_ap_fixed_64_ap_fixed_24_8_0_0_0_64_tmp_load' <Predicate = (!icmp_ln109)> <Delay = 1.35> <CoreInst = "RAM_T2P_BRAM">   --->   Core 98 'RAM_T2P_BRAM' <Latency = 1> <II = 1> <Delay = 1.35> <Storage> <Opcode : 'load' 'store'> <Ports = 2> <Width = 24> <Depth = 1024> <RAM>
ST_1 : Operation 97 [1/1] (1.16ns)   --->   "%tmp_46 = sparsemux i24 @_ssdm_op_SparseMux.ap_auto.49i24.i24.i6, i6 9, i24 %scale_9_reload_read, i6 10, i24 %scale_10_reload_read, i6 11, i24 %scale_11_reload_read, i6 12, i24 %scale_12_reload_read, i6 13, i24 %scale_13_reload_read, i6 14, i24 %scale_14_reload_read, i6 15, i24 %scale_15_reload_read, i6 16, i24 %scale_16_reload_read, i6 17, i24 %scale_17_reload_read, i6 18, i24 %scale_18_reload_read, i6 19, i24 %scale_19_reload_read, i6 20, i24 %scale_20_reload_read, i6 21, i24 %scale_21_reload_read, i6 22, i24 %scale_22_reload_read, i6 23, i24 %scale_23_reload_read, i6 24, i24 %scale_24_reload_read, i6 25, i24 %scale_25_reload_read, i6 26, i24 %scale_26_reload_read, i6 27, i24 %scale_27_reload_read, i6 28, i24 %scale_28_reload_read, i6 29, i24 %scale_29_reload_read, i6 30, i24 %scale_30_reload_read, i6 31, i24 %scale_31_reload_read, i6 32, i24 %scale_32_reload_read, i6 33, i24 %scale_33_reload_read, i6 34, i24 %scale_34_reload_read, i6 35, i24 %scale_35_reload_read, i6 36, i24 %scale_36_reload_read, i6 37, i24 %scale_37_reload_read, i6 38, i24 %scale_38_reload_read, i6 39, i24 %scale_39_reload_read, i6 40, i24 %scale_40_reload_read, i6 41, i24 %scale_41_reload_read, i6 42, i24 %scale_42_reload_read, i6 43, i24 %scale_43_reload_read, i6 44, i24 %scale_44_reload_read, i6 45, i24 %scale_45_reload_read, i6 46, i24 %scale_46_reload_read, i6 47, i24 %scale_47_reload_read, i6 48, i24 %scale_48_reload_read, i6 49, i24 %scale_49_reload_read, i6 50, i24 %scale_50_reload_read, i6 51, i24 %scale_51_reload_read, i6 52, i24 %scale_52_reload_read, i6 53, i24 %scale_53_reload_read, i6 54, i24 %scale_54_reload_read, i6 55, i24 %scale_55_reload_read, i6 56, i24 %scale_56_reload_read, i6 57, i24 %scale_57_reload_read, i24 0, i6 %select_ln110" [top.cpp:112]   --->   Operation 97 'sparsemux' 'tmp_46' <Predicate = (!icmp_ln109)> <Delay = 1.16> <CoreInst = "BinarySparseMux_DontCare">   --->   Core 149 'BinarySparseMux_DontCare' <Latency = 0> <II = 1> <Delay = 1.16> <FuncUnit> <Opcode : 'sparsemux'> <InPorts = 2> <OutPorts = 1>
ST_1 : Operation 98 [1/1] (0.88ns)   --->   "%add_ln110 = add i7 %zext_ln109, i7 16" [top.cpp:110]   --->   Operation 98 'add' 'add_ln110' <Predicate = (!icmp_ln109)> <Delay = 0.88> <CoreInst = "Adder">   --->   Core 1 'Adder' <Latency = 0> <II = 1> <Delay = 0.88> <FuncUnit> <Opcode : 'add' 'sub'> <InPorts = 2> <OutPorts = 1>
ST_1 : Operation 99 [1/1] (0.48ns)   --->   "%store_ln109 = store i11 %add_ln109, i11 %indvar_flatten286" [top.cpp:109]   --->   Operation 99 'store' 'store_ln109' <Predicate = (!icmp_ln109)> <Delay = 0.48>
ST_1 : Operation 100 [1/1] (0.48ns)   --->   "%store_ln109 = store i9 %select_ln109, i9 %i" [top.cpp:109]   --->   Operation 100 'store' 'store_ln109' <Predicate = (!icmp_ln109)> <Delay = 0.48>
ST_1 : Operation 101 [1/1] (0.48ns)   --->   "%store_ln110 = store i7 %add_ln110, i7 %j" [top.cpp:110]   --->   Operation 101 'store' 'store_ln110' <Predicate = (!icmp_ln109)> <Delay = 0.48>

State 2 <SV = 1> <Delay = 7.27>
ST_2 : Operation 102 [1/2] ( I:1.35ns O:1.35ns )   --->   "%top_kernel_ap_fixed_64_ap_fixed_24_8_0_0_0_64_tmp_load = load i10 %top_kernel_ap_fixed_64_ap_fixed_24_8_0_0_0_64_tmp_addr" [top.cpp:112]   --->   Operation 102 'load' 'top_kernel_ap_fixed_64_ap_fixed_24_8_0_0_0_64_tmp_load' <Predicate = true> <Delay = 1.35> <CoreInst = "RAM_T2P_BRAM">   --->   Core 98 'RAM_T2P_BRAM' <Latency = 1> <II = 1> <Delay = 1.35> <Storage> <Opcode : 'load' 'store'> <Ports = 2> <Width = 24> <Depth = 1024> <RAM>
ST_2 : Operation 103 [1/1] (0.00ns)   --->   "%sext_ln112 = sext i24 %top_kernel_ap_fixed_64_ap_fixed_24_8_0_0_0_64_tmp_load" [top.cpp:112]   --->   Operation 103 'sext' 'sext_ln112' <Predicate = true> <Delay = 0.00>
ST_2 : Operation 104 [1/1] (0.00ns)   --->   "%sext_ln112_7 = sext i24 %tmp_46" [top.cpp:112]   --->   Operation 104 'sext' 'sext_ln112_7' <Predicate = true> <Delay = 0.00>
ST_2 : Operation 105 [1/1] (3.38ns)   --->   "%mul_ln112 = mul i48 %sext_ln112_7, i48 %sext_ln112" [top.cpp:112]   --->   Operation 105 'mul' 'mul_ln112' <Predicate = true> <Delay = 3.38> <CoreInst = "Multiplier">   --->   Core 3 'Multiplier' <Latency = 0> <II = 1> <Delay = 3.38> <FuncUnit> <Opcode : 'mul'> <InPorts = 2> <OutPorts = 1>
ST_2 : Operation 106 [1/1] (0.00ns)   --->   "%tmp_99 = bitselect i1 @_ssdm_op_BitSelect.i1.i48.i32, i48 %mul_ln112, i32 47" [top.cpp:112]   --->   Operation 106 'bitselect' 'tmp_99' <Predicate = true> <Delay = 0.00>
ST_2 : Operation 107 [1/1] (0.00ns)   --->   "%trunc_ln112_9 = partselect i24 @_ssdm_op_PartSelect.i24.i48.i32.i32, i48 %mul_ln112, i32 16, i32 39" [top.cpp:112]   --->   Operation 107 'partselect' 'trunc_ln112_9' <Predicate = true> <Delay = 0.00>
ST_2 : Operation 108 [1/1] (0.00ns)   --->   "%tmp_100 = bitselect i1 @_ssdm_op_BitSelect.i1.i48.i32, i48 %mul_ln112, i32 15" [top.cpp:112]   --->   Operation 108 'bitselect' 'tmp_100' <Predicate = true> <Delay = 0.00>
ST_2 : Operation 109 [1/1] (0.00ns) (grouped into LUT with out node and_ln112)   --->   "%tmp_101 = bitselect i1 @_ssdm_op_BitSelect.i1.i48.i32, i48 %mul_ln112, i32 39" [top.cpp:112]   --->   Operation 109 'bitselect' 'tmp_101' <Predicate = true> <Delay = 0.00>
ST_2 : Operation 110 [1/1] (0.00ns)   --->   "%zext_ln112_7 = zext i1 %tmp_100" [top.cpp:112]   --->   Operation 110 'zext' 'zext_ln112_7' <Predicate = true> <Delay = 0.00>
ST_2 : Operation 111 [1/1] (1.10ns)   --->   "%add_ln112 = add i24 %trunc_ln112_9, i24 %zext_ln112_7" [top.cpp:112]   --->   Operation 111 'add' 'add_ln112' <Predicate = true> <Delay = 1.10> <CoreInst = "Adder">   --->   Core 1 'Adder' <Latency = 0> <II = 1> <Delay = 1.10> <FuncUnit> <Opcode : 'add' 'sub'> <InPorts = 2> <OutPorts = 1>
ST_2 : Operation 112 [1/1] (0.00ns)   --->   "%tmp_102 = bitselect i1 @_ssdm_op_BitSelect.i1.i24.i32, i24 %add_ln112, i32 23" [top.cpp:112]   --->   Operation 112 'bitselect' 'tmp_102' <Predicate = true> <Delay = 0.00>
ST_2 : Operation 113 [1/1] (0.00ns) (grouped into LUT with out node and_ln112)   --->   "%xor_ln112 = xor i1 %tmp_102, i1 1" [top.cpp:112]   --->   Operation 113 'xor' 'xor_ln112' <Predicate = true> <Delay = 0.00> <CoreInst = "LogicGate">   --->   Core 74 'LogicGate' <Latency = 0> <II = 1> <Delay = 0.33> <FuncUnit> <Opcode : 'and' 'or' 'xor'> <InPorts = 2> <OutPorts = 1>
ST_2 : Operation 114 [1/1] (0.33ns) (out node of the LUT)   --->   "%and_ln112 = and i1 %tmp_101, i1 %xor_ln112" [top.cpp:112]   --->   Operation 114 'and' 'and_ln112' <Predicate = true> <Delay = 0.33> <CoreInst = "LogicGate">   --->   Core 74 'LogicGate' <Latency = 0> <II = 1> <Delay = 0.33> <FuncUnit> <Opcode : 'and' 'or' 'xor'> <InPorts = 2> <OutPorts = 1>
ST_2 : Operation 115 [1/1] (0.00ns) (grouped into LUT with out node and_ln112_34)   --->   "%tmp_103 = bitselect i1 @_ssdm_op_BitSelect.i1.i48.i32, i48 %mul_ln112, i32 40" [top.cpp:112]   --->   Operation 115 'bitselect' 'tmp_103' <Predicate = true> <Delay = 0.00>
ST_2 : Operation 116 [1/1] (0.00ns)   --->   "%tmp_47 = partselect i7 @_ssdm_op_PartSelect.i7.i48.i32, i48 %mul_ln112, i32 41" [top.cpp:112]   --->   Operation 116 'partselect' 'tmp_47' <Predicate = true> <Delay = 0.00>
ST_2 : Operation 117 [1/1] (0.89ns)   --->   "%icmp_ln112 = icmp_eq  i7 %tmp_47, i7 127" [top.cpp:112]   --->   Operation 117 'icmp' 'icmp_ln112' <Predicate = true> <Delay = 0.89> <CoreInst = "Cmp">   --->   Core 9 'Cmp' <Latency = 0> <II = 1> <Delay = 0.89> <FuncUnit> <Opcode : 'seteq' 'setne' 'setle' 'setge' 'setlt' 'setgt'> <InPorts = 2> <OutPorts = 1>
ST_2 : Operation 118 [1/1] (0.00ns)   --->   "%tmp_48 = partselect i8 @_ssdm_op_PartSelect.i8.i48.i32, i48 %mul_ln112, i32 40" [top.cpp:112]   --->   Operation 118 'partselect' 'tmp_48' <Predicate = true> <Delay = 0.00>
ST_2 : Operation 119 [1/1] (0.90ns)   --->   "%icmp_ln112_18 = icmp_eq  i8 %tmp_48, i8 255" [top.cpp:112]   --->   Operation 119 'icmp' 'icmp_ln112_18' <Predicate = true> <Delay = 0.90> <CoreInst = "Cmp">   --->   Core 9 'Cmp' <Latency = 0> <II = 1> <Delay = 0.90> <FuncUnit> <Opcode : 'seteq' 'setne' 'setle' 'setge' 'setlt' 'setgt'> <InPorts = 2> <OutPorts = 1>
ST_2 : Operation 120 [1/1] (0.90ns)   --->   "%icmp_ln112_19 = icmp_eq  i8 %tmp_48, i8 0" [top.cpp:112]   --->   Operation 120 'icmp' 'icmp_ln112_19' <Predicate = true> <Delay = 0.90> <CoreInst = "Cmp">   --->   Core 9 'Cmp' <Latency = 0> <II = 1> <Delay = 0.90> <FuncUnit> <Opcode : 'seteq' 'setne' 'setle' 'setge' 'setlt' 'setgt'> <InPorts = 2> <OutPorts = 1>
ST_2 : Operation 121 [1/1] (0.00ns) (grouped into LUT with out node and_ln112_33)   --->   "%select_ln112 = select i1 %and_ln112, i1 %icmp_ln112_18, i1 %icmp_ln112_19" [top.cpp:112]   --->   Operation 121 'select' 'select_ln112' <Predicate = true> <Delay = 0.00> <CoreInst = "Sel">   --->   Core 73 'Sel' <Latency = 0> <II = 1> <Delay = 0.26> <FuncUnit> <Opcode : 'select'> <InPorts = 3> <OutPorts = 1>
ST_2 : Operation 122 [1/1] (0.00ns) (grouped into LUT with out node and_ln112_34)   --->   "%xor_ln112_25 = xor i1 %tmp_103, i1 1" [top.cpp:112]   --->   Operation 122 'xor' 'xor_ln112_25' <Predicate = true> <Delay = 0.00> <CoreInst = "LogicGate">   --->   Core 74 'LogicGate' <Latency = 0> <II = 1> <Delay = 0.33> <FuncUnit> <Opcode : 'and' 'or' 'xor'> <InPorts = 2> <OutPorts = 1>
ST_2 : Operation 123 [1/1] (0.00ns) (grouped into LUT with out node and_ln112_34)   --->   "%and_ln112_31 = and i1 %icmp_ln112, i1 %xor_ln112_25" [top.cpp:112]   --->   Operation 123 'and' 'and_ln112_31' <Predicate = true> <Delay = 0.00> <CoreInst = "LogicGate">   --->   Core 74 'LogicGate' <Latency = 0> <II = 1> <Delay = 0.33> <FuncUnit> <Opcode : 'and' 'or' 'xor'> <InPorts = 2> <OutPorts = 1>
ST_2 : Operation 124 [1/1] (0.00ns) (grouped into LUT with out node and_ln112_34)   --->   "%select_ln112_19 = select i1 %and_ln112, i1 %and_ln112_31, i1 %icmp_ln112_18" [top.cpp:112]   --->   Operation 124 'select' 'select_ln112_19' <Predicate = true> <Delay = 0.00> <CoreInst = "Sel">   --->   Core 73 'Sel' <Latency = 0> <II = 1> <Delay = 0.26> <FuncUnit> <Opcode : 'select'> <InPorts = 3> <OutPorts = 1>
ST_2 : Operation 125 [1/1] (0.00ns) (grouped into LUT with out node or_ln112_14)   --->   "%and_ln112_32 = and i1 %and_ln112, i1 %icmp_ln112_18" [top.cpp:112]   --->   Operation 125 'and' 'and_ln112_32' <Predicate = true> <Delay = 0.00> <CoreInst = "LogicGate">   --->   Core 74 'LogicGate' <Latency = 0> <II = 1> <Delay = 0.33> <FuncUnit> <Opcode : 'and' 'or' 'xor'> <InPorts = 2> <OutPorts = 1>
ST_2 : Operation 126 [1/1] (0.00ns) (grouped into LUT with out node and_ln112_33)   --->   "%xor_ln112_26 = xor i1 %select_ln112, i1 1" [top.cpp:112]   --->   Operation 126 'xor' 'xor_ln112_26' <Predicate = true> <Delay = 0.00> <CoreInst = "LogicGate">   --->   Core 74 'LogicGate' <Latency = 0> <II = 1> <Delay = 0.33> <FuncUnit> <Opcode : 'and' 'or' 'xor'> <InPorts = 2> <OutPorts = 1>
ST_2 : Operation 127 [1/1] (0.00ns) (grouped into LUT with out node and_ln112_33)   --->   "%or_ln112 = or i1 %tmp_102, i1 %xor_ln112_26" [top.cpp:112]   --->   Operation 127 'or' 'or_ln112' <Predicate = true> <Delay = 0.00> <CoreInst = "LogicGate">   --->   Core 74 'LogicGate' <Latency = 0> <II = 1> <Delay = 0.33> <FuncUnit> <Opcode : 'and' 'or' 'xor'> <InPorts = 2> <OutPorts = 1>
ST_2 : Operation 128 [1/1] (0.00ns) (grouped into LUT with out node and_ln112_33)   --->   "%xor_ln112_27 = xor i1 %tmp_99, i1 1" [top.cpp:112]   --->   Operation 128 'xor' 'xor_ln112_27' <Predicate = true> <Delay = 0.00> <CoreInst = "LogicGate">   --->   Core 74 'LogicGate' <Latency = 0> <II = 1> <Delay = 0.33> <FuncUnit> <Opcode : 'and' 'or' 'xor'> <InPorts = 2> <OutPorts = 1>
ST_2 : Operation 129 [1/1] (0.33ns) (out node of the LUT)   --->   "%and_ln112_33 = and i1 %or_ln112, i1 %xor_ln112_27" [top.cpp:112]   --->   Operation 129 'and' 'and_ln112_33' <Predicate = true> <Delay = 0.33> <CoreInst = "LogicGate">   --->   Core 74 'LogicGate' <Latency = 0> <II = 1> <Delay = 0.33> <FuncUnit> <Opcode : 'and' 'or' 'xor'> <InPorts = 2> <OutPorts = 1>
ST_2 : Operation 130 [1/1] (0.33ns) (out node of the LUT)   --->   "%and_ln112_34 = and i1 %tmp_102, i1 %select_ln112_19" [top.cpp:112]   --->   Operation 130 'and' 'and_ln112_34' <Predicate = true> <Delay = 0.33> <CoreInst = "LogicGate">   --->   Core 74 'LogicGate' <Latency = 0> <II = 1> <Delay = 0.33> <FuncUnit> <Opcode : 'and' 'or' 'xor'> <InPorts = 2> <OutPorts = 1>
ST_2 : Operation 131 [1/1] (0.00ns) (grouped into LUT with out node or_ln112_14)   --->   "%or_ln112_13 = or i1 %and_ln112_32, i1 %and_ln112_34" [top.cpp:112]   --->   Operation 131 'or' 'or_ln112_13' <Predicate = true> <Delay = 0.00> <CoreInst = "LogicGate">   --->   Core 74 'LogicGate' <Latency = 0> <II = 1> <Delay = 0.33> <FuncUnit> <Opcode : 'and' 'or' 'xor'> <InPorts = 2> <OutPorts = 1>
ST_2 : Operation 132 [1/1] (0.00ns) (grouped into LUT with out node or_ln112_14)   --->   "%xor_ln112_28 = xor i1 %or_ln112_13, i1 1" [top.cpp:112]   --->   Operation 132 'xor' 'xor_ln112_28' <Predicate = true> <Delay = 0.00> <CoreInst = "LogicGate">   --->   Core 74 'LogicGate' <Latency = 0> <II = 1> <Delay = 0.33> <FuncUnit> <Opcode : 'and' 'or' 'xor'> <InPorts = 2> <OutPorts = 1>
ST_2 : Operation 133 [1/1] (0.00ns) (grouped into LUT with out node or_ln112_14)   --->   "%and_ln112_35 = and i1 %tmp_99, i1 %xor_ln112_28" [top.cpp:112]   --->   Operation 133 'and' 'and_ln112_35' <Predicate = true> <Delay = 0.00> <CoreInst = "LogicGate">   --->   Core 74 'LogicGate' <Latency = 0> <II = 1> <Delay = 0.33> <FuncUnit> <Opcode : 'and' 'or' 'xor'> <InPorts = 2> <OutPorts = 1>
ST_2 : Operation 134 [1/1] (0.00ns) (grouped into LUT with out node select_ln112_21)   --->   "%select_ln112_20 = select i1 %and_ln112_33, i24 8388607, i24 8388608" [top.cpp:112]   --->   Operation 134 'select' 'select_ln112_20' <Predicate = true> <Delay = 0.00> <CoreInst = "Sel">   --->   Core 73 'Sel' <Latency = 0> <II = 1> <Delay = 0.43> <FuncUnit> <Opcode : 'select'> <InPorts = 3> <OutPorts = 1>
ST_2 : Operation 135 [1/1] (0.33ns) (out node of the LUT)   --->   "%or_ln112_14 = or i1 %and_ln112_33, i1 %and_ln112_35" [top.cpp:112]   --->   Operation 135 'or' 'or_ln112_14' <Predicate = true> <Delay = 0.33> <CoreInst = "LogicGate">   --->   Core 74 'LogicGate' <Latency = 0> <II = 1> <Delay = 0.33> <FuncUnit> <Opcode : 'and' 'or' 'xor'> <InPorts = 2> <OutPorts = 1>
ST_2 : Operation 136 [1/1] (0.43ns) (out node of the LUT)   --->   "%select_ln112_21 = select i1 %or_ln112_14, i24 %select_ln112_20, i24 %add_ln112" [top.cpp:112]   --->   Operation 136 'select' 'select_ln112_21' <Predicate = true> <Delay = 0.43> <CoreInst = "Sel">   --->   Core 73 'Sel' <Latency = 0> <II = 1> <Delay = 0.43> <FuncUnit> <Opcode : 'select'> <InPorts = 3> <OutPorts = 1>
ST_2 : Operation 143 [1/1] (0.48ns)   --->   "%ret_ln0 = ret"   --->   Operation 143 'ret' 'ret_ln0' <Predicate = (icmp_ln109)> <Delay = 0.48>

State 3 <SV = 2> <Delay = 1.35>
ST_3 : Operation 137 [1/1] (0.00ns)   --->   "%specloopname_ln0 = specloopname void @_ssdm_op_SpecLoopName, void @VITIS_LOOP_109_12_VITIS_LOOP_110_13_str"   --->   Operation 137 'specloopname' 'specloopname_ln0' <Predicate = true> <Delay = 0.00>
ST_3 : Operation 138 [1/1] (0.00ns)   --->   "%speclooptripcount_ln0 = speclooptripcount void @_ssdm_op_SpecLoopTripCount, i64 1024, i64 1024, i64 1024"   --->   Operation 138 'speclooptripcount' 'speclooptripcount_ln0' <Predicate = true> <Delay = 0.00>
ST_3 : Operation 139 [1/1] (0.00ns)   --->   "%specpipeline_ln111 = specpipeline void @_ssdm_op_SpecPipeline, i32 1, i32 0, i32 0, i32 0, void @empty_8" [top.cpp:111]   --->   Operation 139 'specpipeline' 'specpipeline_ln111' <Predicate = true> <Delay = 0.00>
ST_3 : Operation 140 [1/1] (0.00ns)   --->   "%C_9_addr = getelementptr i24 %C_9, i64 0, i64 %zext_ln112" [top.cpp:112]   --->   Operation 140 'getelementptr' 'C_9_addr' <Predicate = true> <Delay = 0.00>
ST_3 : Operation 141 [1/1] ( I:1.35ns O:1.35ns )   --->   "%store_ln112 = store i24 %select_ln112_21, i10 %C_9_addr" [top.cpp:112]   --->   Operation 141 'store' 'store_ln112' <Predicate = true> <Delay = 1.35> <CoreInst = "RAM">   --->   Core 82 'RAM' <Latency = 1> <II = 1> <Delay = 1.35> <Storage> <Opcode : 'load' 'store'> <Ports = 2> <Width = 24> <Depth = 1024> <RAM>
ST_3 : Operation 142 [1/1] (0.00ns)   --->   "%br_ln110 = br void %for.body119.9" [top.cpp:110]   --->   Operation 142 'br' 'br_ln110' <Predicate = true> <Delay = 0.00>


============================================================
+ Verbose Summary: Timing violations
============================================================
Target clock period: 10.000ns, clock uncertainty: 2.700ns.

 <State 1>: 3.219ns
The critical path consists of the following:
	'store' operation 0 bit ('store_ln109', top.cpp:109) of constant 0 on local variable 'i', top.cpp:109 [137]  (0.489 ns)
	'load' operation 9 bit ('i_load', top.cpp:109) on local variable 'i', top.cpp:109 [147]  (0.000 ns)
	'add' operation 9 bit ('add_ln109_7', top.cpp:109) [149]  (0.921 ns)
	'select' operation 9 bit ('select_ln109', top.cpp:109) [155]  (0.458 ns)
	'getelementptr' operation 10 bit ('top_kernel_ap_fixed_64_ap_fixed_24_8_0_0_0_64_tmp_addr', top.cpp:112) [161]  (0.000 ns)
	'load' operation 24 bit ('top_kernel_ap_fixed_64_ap_fixed_24_8_0_0_0_64_tmp_load', top.cpp:112) on array 'top_kernel_ap_fixed_64_ap_fixed_24_8_0_0_0_64_tmp' [163]  (1.352 ns)

 <State 2>: 7.277ns
The critical path consists of the following:
	'load' operation 24 bit ('top_kernel_ap_fixed_64_ap_fixed_24_8_0_0_0_64_tmp_load', top.cpp:112) on array 'top_kernel_ap_fixed_64_ap_fixed_24_8_0_0_0_64_tmp' [163]  (1.352 ns)
	'mul' operation 48 bit ('mul_ln112', top.cpp:112) [167]  (3.387 ns)
	'add' operation 24 bit ('add_ln112', top.cpp:112) [173]  (1.110 ns)
	'xor' operation 1 bit ('xor_ln112', top.cpp:112) [175]  (0.000 ns)
	'and' operation 1 bit ('and_ln112', top.cpp:112) [176]  (0.331 ns)
	'select' operation 1 bit ('select_ln112', top.cpp:112) [183]  (0.000 ns)
	'xor' operation 1 bit ('xor_ln112_26', top.cpp:112) [188]  (0.000 ns)
	'or' operation 1 bit ('or_ln112', top.cpp:112) [189]  (0.000 ns)
	'and' operation 1 bit ('and_ln112_33', top.cpp:112) [191]  (0.331 ns)
	'or' operation 1 bit ('or_ln112_14', top.cpp:112) [197]  (0.331 ns)
	'select' operation 24 bit ('select_ln112_21', top.cpp:112) [198]  (0.435 ns)

 <State 3>: 1.352ns
The critical path consists of the following:
	'getelementptr' operation 10 bit ('C_9_addr', top.cpp:112) [162]  (0.000 ns)
	'store' operation 0 bit ('store_ln112', top.cpp:112) of variable 'select_ln112_21', top.cpp:112 on array 'C_9' [199]  (1.352 ns)


============================================================
+ Verbose Summary: Binding
============================================================
N/A
* FSMD analyzer results:
  - Output states:
 - Input state : 
  - Chain level:
	State 1
	State 2
	State 3


============================================================
+ Verbose Summary: Datapath Resource usage 
============================================================
N/A
