

================================================================
== Vitis HLS Report for 'top_kernel_Pipeline_phase1_norm'
================================================================
* Date:           Mon Jan 26 18:59:12 2026

* Version:        2025.1.1 (Build 6214317 on Sep 11 2025)
* Project:        project_1
* Solution:       hls (Vivado IP Flow Target)
* Product family: zynquplus
* Target device:  xczu3eg-sbva484-1-e


================================================================
== Performance Estimates
================================================================
+ Timing: 
    * Summary: 
    +--------+----------+----------+------------+
    |  Clock |  Target  | Estimated| Uncertainty|
    +--------+----------+----------+------------+
    |ap_clk  |  10.00 ns|  4.858 ns|     2.70 ns|
    +--------+----------+----------+------------+

+ Latency: 
    * Summary: 
    +---------+---------+----------+----------+-----+-----+------------------------------------------------+
    |  Latency (cycles) |  Latency (absolute) |  Interval |                    Pipeline                    |
    |   min   |   max   |    min   |    max   | min | max |                      Type                      |
    +---------+---------+----------+----------+-----+-----+------------------------------------------------+
    |      109|      109|  1.090 us|  1.090 us|   65|   65|  loop auto-rewind stp (delay=0 clock cycles(s))|
    +---------+---------+----------+----------+-----+-----+------------------------------------------------+

    + Detail: 
        * Instance: 
        N/A

        * Loop: 
        +---------------+---------+---------+----------+-----------+-----------+------+----------+
        |               |  Latency (cycles) | Iteration|  Initiation Interval  | Trip |          |
        |   Loop Name   |   min   |   max   |  Latency |  achieved |   target  | Count| Pipelined|
        +---------------+---------+---------+----------+-----------+-----------+------+----------+
        |- phase1_norm  |      107|      107|        45|          1|          1|    64|       yes|
        +---------------+---------+---------+----------+-----------+-----------+------+----------+

============================================================
+ Verbose Summary: Synthesis Manager
============================================================
InlineROM: 1
ExposeGlobal: 0
============================================================
+ Verbose Summary: CDFG Model
============================================================
IsTopModel: 0
ResetActiveHigh: 1
IsCombinational: 0
IsDatapathOnly: 0
HasWiredReturn: 1
HasMFsm: 2
HasVarLatency: 1
IsPipeline: 0
IsRtlPipelined: 0
IsInstanceOverlapped: 0
IsDontTouch: 0
HasImplIP: 0
IsGatedGlobalClock: 0

+ Individual pipeline summary: 
  * Pipeline-0: initiation interval (II) = 1, depth = 45


============================================================
+ Verbose Summary: Schedule
============================================================
* Number of FSM states : 45
* Pipeline : 1
  Pipeline-0 : II = 1, D = 45, States = { 1 2 3 4 5 6 7 8 9 10 11 12 13 14 15 16 17 18 19 20 21 22 23 24 25 26 27 28 29 30 31 32 33 34 35 36 37 38 39 40 41 42 43 44 45 }
* Dataflow Pipeline: 0

* FSM state transitions: 
1 --> 2 
2 --> 3 
3 --> 4 
4 --> 5 
5 --> 6 
6 --> 7 
7 --> 8 
8 --> 9 
9 --> 10 
10 --> 11 
11 --> 12 
12 --> 13 
13 --> 14 
14 --> 15 
15 --> 16 
16 --> 17 
17 --> 18 
18 --> 19 
19 --> 20 
20 --> 21 
21 --> 22 
22 --> 23 
23 --> 24 
24 --> 25 
25 --> 26 
26 --> 27 
27 --> 28 
28 --> 29 
29 --> 30 
30 --> 31 
31 --> 32 
32 --> 33 
33 --> 34 
34 --> 35 
35 --> 36 
36 --> 37 
37 --> 38 
38 --> 39 
39 --> 40 
40 --> 41 
41 --> 42 
42 --> 43 
43 --> 44 
44 --> 45 
45 --> 

* FSM state operations: 

State 1 <SV = 0> <Delay = 2.82>
ST_1 : Operation 48 [1/1] (0.00ns)   --->   "%j_1 = alloca i32 1" [top.cpp:34]   --->   Operation 48 'alloca' 'j_1' <Predicate = true> <Delay = 0.00>
ST_1 : Operation 49 [1/1] (0.00ns)   --->   "%conv_i421_read = read i24 @_ssdm_op_Read.ap_auto.i24, i24 %conv_i421"   --->   Operation 49 'read' 'conv_i421_read' <Predicate = true> <Delay = 0.00>
ST_1 : Operation 50 [1/1] (0.00ns)   --->   "%i_read = read i8 @_ssdm_op_Read.ap_auto.i8, i8 %i"   --->   Operation 50 'read' 'i_read' <Predicate = true> <Delay = 0.00>
ST_1 : Operation 51 [1/1] (0.00ns)   --->   "%zext_ln27_read = read i14 @_ssdm_op_Read.ap_auto.i14, i14 %zext_ln27"   --->   Operation 51 'read' 'zext_ln27_read' <Predicate = true> <Delay = 0.00>
ST_1 : Operation 52 [1/1] (0.00ns)   --->   "%conv_i421_cast = sext i24 %conv_i421_read"   --->   Operation 52 'sext' 'conv_i421_cast' <Predicate = true> <Delay = 0.00>
ST_1 : Operation 53 [1/1] (0.00ns)   --->   "%specinterface_ln0 = specinterface void @_ssdm_op_SpecInterface, i24 %A, void @empty_0, i32 0, i32 0, void @empty_6, i32 4294967295, i32 0, void @empty_6, void @empty_6, void @empty_6, i32 0, i32 0, i32 0, i32 0, void @empty_6, void @empty_6, i32 4294967295, i32 0, i32 0"   --->   Operation 53 'specinterface' 'specinterface_ln0' <Predicate = true> <Delay = 0.00>
ST_1 : Operation 54 [1/1] (0.48ns)   --->   "%store_ln34 = store i7 0, i7 %j_1" [top.cpp:34]   --->   Operation 54 'store' 'store_ln34' <Predicate = true> <Delay = 0.48>
ST_1 : Operation 55 [1/1] (0.00ns)   --->   "%br_ln0 = br void %for.body12"   --->   Operation 55 'br' 'br_ln0' <Predicate = true> <Delay = 0.00>
ST_1 : Operation 56 [1/1] (0.00ns)   --->   "%j = load i7 %j_1" [top.cpp:34]   --->   Operation 56 'load' 'j' <Predicate = true> <Delay = 0.00>
ST_1 : Operation 57 [1/1] (0.89ns)   --->   "%icmp_ln34 = icmp_eq  i7 %j, i7 64" [top.cpp:34]   --->   Operation 57 'icmp' 'icmp_ln34' <Predicate = true> <Delay = 0.89> <CoreInst = "Cmp">   --->   Core 9 'Cmp' <Latency = 0> <II = 1> <Delay = 0.89> <FuncUnit> <Opcode : 'seteq' 'setne' 'setle' 'setge' 'setlt' 'setgt'> <InPorts = 2> <OutPorts = 1>
ST_1 : Operation 58 [1/1] (0.89ns)   --->   "%add_ln34 = add i7 %j, i7 1" [top.cpp:34]   --->   Operation 58 'add' 'add_ln34' <Predicate = true> <Delay = 0.89> <CoreInst = "Adder">   --->   Core 1 'Adder' <Latency = 0> <II = 1> <Delay = 0.89> <FuncUnit> <Opcode : 'add' 'sub'> <InPorts = 2> <OutPorts = 1>
ST_1 : Operation 59 [1/1] (0.00ns)   --->   "%br_ln34 = br i1 %icmp_ln34, void %for.body12.split, void %for.inc26.exitStub" [top.cpp:34]   --->   Operation 59 'br' 'br_ln34' <Predicate = true> <Delay = 0.00>
ST_1 : Operation 60 [1/1] (0.00ns)   --->   "%zext_ln36_1 = zext i7 %j" [top.cpp:36]   --->   Operation 60 'zext' 'zext_ln36_1' <Predicate = (!icmp_ln34)> <Delay = 0.00>
ST_1 : Operation 61 [1/1] (0.98ns)   --->   "%add_ln36 = add i14 %zext_ln27_read, i14 %zext_ln36_1" [top.cpp:36]   --->   Operation 61 'add' 'add_ln36' <Predicate = (!icmp_ln34)> <Delay = 0.98> <CoreInst = "Adder">   --->   Core 1 'Adder' <Latency = 0> <II = 1> <Delay = 0.98> <FuncUnit> <Opcode : 'add' 'sub'> <InPorts = 2> <OutPorts = 1>
ST_1 : Operation 62 [1/1] (0.00ns)   --->   "%zext_ln36_2 = zext i14 %add_ln36" [top.cpp:36]   --->   Operation 62 'zext' 'zext_ln36_2' <Predicate = (!icmp_ln34)> <Delay = 0.00>
ST_1 : Operation 63 [1/1] (0.00ns)   --->   "%A_addr = getelementptr i24 %A, i64 0, i64 %zext_ln36_2" [top.cpp:36]   --->   Operation 63 'getelementptr' 'A_addr' <Predicate = (!icmp_ln34)> <Delay = 0.00>
ST_1 : Operation 64 [1/1] (0.00ns)   --->   "%trunc_ln34 = trunc i7 %j" [top.cpp:34]   --->   Operation 64 'trunc' 'trunc_ln34' <Predicate = (!icmp_ln34)> <Delay = 0.00>
ST_1 : Operation 65 [1/1] (0.00ns)   --->   "%lshr_ln = partselect i4 @_ssdm_op_PartSelect.i4.i7.i32.i32, i7 %j, i32 2, i32 5" [top.cpp:34]   --->   Operation 65 'partselect' 'lshr_ln' <Predicate = (!icmp_ln34)> <Delay = 0.00>
ST_1 : Operation 66 [2/2] (1.35ns)   --->   "%A_load = load i14 %A_addr" [top.cpp:36]   --->   Operation 66 'load' 'A_load' <Predicate = (!icmp_ln34)> <Delay = 1.35> <CoreInst = "RAM">   --->   Core 82 'RAM' <Latency = 1> <II = 1> <Delay = 1.35> <Storage> <Opcode : 'load' 'store'> <Ports = 2> <Width = 24> <Depth = 16384> <RAM>
ST_1 : Operation 67 [1/1] (0.62ns)   --->   "%switch_ln36 = switch i2 %trunc_ln34, void %arrayidx225.case.3, i2 0, void %arrayidx225.case.0, i2 1, void %arrayidx225.case.1, i2 2, void %arrayidx225.case.2" [top.cpp:36]   --->   Operation 67 'switch' 'switch_ln36' <Predicate = (!icmp_ln34)> <Delay = 0.62>
ST_1 : Operation 68 [1/1] (0.48ns)   --->   "%store_ln34 = store i7 %add_ln34, i7 %j_1" [top.cpp:34]   --->   Operation 68 'store' 'store_ln34' <Predicate = (!icmp_ln34)> <Delay = 0.48>
ST_1 : Operation 69 [1/1] (0.00ns)   --->   "%br_ln34 = br void %for.body12" [top.cpp:34]   --->   Operation 69 'br' 'br_ln34' <Predicate = (!icmp_ln34)> <Delay = 0.00>

State 2 <SV = 1> <Delay = 3.07>
ST_2 : Operation 70 [1/2] ( I:1.35ns O:1.35ns )   --->   "%A_load = load i14 %A_addr" [top.cpp:36]   --->   Operation 70 'load' 'A_load' <Predicate = true> <Delay = 1.35> <CoreInst = "RAM">   --->   Core 82 'RAM' <Latency = 1> <II = 1> <Delay = 1.35> <Storage> <Opcode : 'load' 'store'> <Ports = 2> <Width = 24> <Depth = 16384> <RAM>
ST_2 : Operation 71 [1/1] (0.00ns)   --->   "%shl_ln = bitconcatenate i40 @_ssdm_op_BitConcatenate.i40.i24.i16, i24 %A_load, i16 0" [top.cpp:36]   --->   Operation 71 'bitconcatenate' 'shl_ln' <Predicate = true> <Delay = 0.00>
ST_2 : Operation 72 [44/44] (1.72ns)   --->   "%sdiv_ln36 = sdiv i40 %shl_ln, i40 %conv_i421_cast" [top.cpp:36]   --->   Operation 72 'sdiv' 'sdiv_ln36' <Predicate = true> <Delay = 1.72> <CoreInst = "Divider">   --->   Core 6 'Divider' <Latency = 43> <II = 1> <Delay = 1.72> <FuncUnit> <Opcode : 'udiv' 'sdiv' 'urem' 'srem'> <InPorts = 2> <OutPorts = 1>

State 3 <SV = 2> <Delay = 1.72>
ST_3 : Operation 73 [43/44] (1.72ns)   --->   "%sdiv_ln36 = sdiv i40 %shl_ln, i40 %conv_i421_cast" [top.cpp:36]   --->   Operation 73 'sdiv' 'sdiv_ln36' <Predicate = true> <Delay = 1.72> <CoreInst = "Divider">   --->   Core 6 'Divider' <Latency = 43> <II = 1> <Delay = 1.72> <FuncUnit> <Opcode : 'udiv' 'sdiv' 'urem' 'srem'> <InPorts = 2> <OutPorts = 1>

State 4 <SV = 3> <Delay = 1.72>
ST_4 : Operation 74 [42/44] (1.72ns)   --->   "%sdiv_ln36 = sdiv i40 %shl_ln, i40 %conv_i421_cast" [top.cpp:36]   --->   Operation 74 'sdiv' 'sdiv_ln36' <Predicate = true> <Delay = 1.72> <CoreInst = "Divider">   --->   Core 6 'Divider' <Latency = 43> <II = 1> <Delay = 1.72> <FuncUnit> <Opcode : 'udiv' 'sdiv' 'urem' 'srem'> <InPorts = 2> <OutPorts = 1>

State 5 <SV = 4> <Delay = 1.72>
ST_5 : Operation 75 [41/44] (1.72ns)   --->   "%sdiv_ln36 = sdiv i40 %shl_ln, i40 %conv_i421_cast" [top.cpp:36]   --->   Operation 75 'sdiv' 'sdiv_ln36' <Predicate = true> <Delay = 1.72> <CoreInst = "Divider">   --->   Core 6 'Divider' <Latency = 43> <II = 1> <Delay = 1.72> <FuncUnit> <Opcode : 'udiv' 'sdiv' 'urem' 'srem'> <InPorts = 2> <OutPorts = 1>

State 6 <SV = 5> <Delay = 1.72>
ST_6 : Operation 76 [40/44] (1.72ns)   --->   "%sdiv_ln36 = sdiv i40 %shl_ln, i40 %conv_i421_cast" [top.cpp:36]   --->   Operation 76 'sdiv' 'sdiv_ln36' <Predicate = true> <Delay = 1.72> <CoreInst = "Divider">   --->   Core 6 'Divider' <Latency = 43> <II = 1> <Delay = 1.72> <FuncUnit> <Opcode : 'udiv' 'sdiv' 'urem' 'srem'> <InPorts = 2> <OutPorts = 1>

State 7 <SV = 6> <Delay = 1.72>
ST_7 : Operation 77 [39/44] (1.72ns)   --->   "%sdiv_ln36 = sdiv i40 %shl_ln, i40 %conv_i421_cast" [top.cpp:36]   --->   Operation 77 'sdiv' 'sdiv_ln36' <Predicate = true> <Delay = 1.72> <CoreInst = "Divider">   --->   Core 6 'Divider' <Latency = 43> <II = 1> <Delay = 1.72> <FuncUnit> <Opcode : 'udiv' 'sdiv' 'urem' 'srem'> <InPorts = 2> <OutPorts = 1>

State 8 <SV = 7> <Delay = 1.72>
ST_8 : Operation 78 [38/44] (1.72ns)   --->   "%sdiv_ln36 = sdiv i40 %shl_ln, i40 %conv_i421_cast" [top.cpp:36]   --->   Operation 78 'sdiv' 'sdiv_ln36' <Predicate = true> <Delay = 1.72> <CoreInst = "Divider">   --->   Core 6 'Divider' <Latency = 43> <II = 1> <Delay = 1.72> <FuncUnit> <Opcode : 'udiv' 'sdiv' 'urem' 'srem'> <InPorts = 2> <OutPorts = 1>

State 9 <SV = 8> <Delay = 1.72>
ST_9 : Operation 79 [37/44] (1.72ns)   --->   "%sdiv_ln36 = sdiv i40 %shl_ln, i40 %conv_i421_cast" [top.cpp:36]   --->   Operation 79 'sdiv' 'sdiv_ln36' <Predicate = true> <Delay = 1.72> <CoreInst = "Divider">   --->   Core 6 'Divider' <Latency = 43> <II = 1> <Delay = 1.72> <FuncUnit> <Opcode : 'udiv' 'sdiv' 'urem' 'srem'> <InPorts = 2> <OutPorts = 1>

State 10 <SV = 9> <Delay = 1.72>
ST_10 : Operation 80 [36/44] (1.72ns)   --->   "%sdiv_ln36 = sdiv i40 %shl_ln, i40 %conv_i421_cast" [top.cpp:36]   --->   Operation 80 'sdiv' 'sdiv_ln36' <Predicate = true> <Delay = 1.72> <CoreInst = "Divider">   --->   Core 6 'Divider' <Latency = 43> <II = 1> <Delay = 1.72> <FuncUnit> <Opcode : 'udiv' 'sdiv' 'urem' 'srem'> <InPorts = 2> <OutPorts = 1>

State 11 <SV = 10> <Delay = 1.72>
ST_11 : Operation 81 [35/44] (1.72ns)   --->   "%sdiv_ln36 = sdiv i40 %shl_ln, i40 %conv_i421_cast" [top.cpp:36]   --->   Operation 81 'sdiv' 'sdiv_ln36' <Predicate = true> <Delay = 1.72> <CoreInst = "Divider">   --->   Core 6 'Divider' <Latency = 43> <II = 1> <Delay = 1.72> <FuncUnit> <Opcode : 'udiv' 'sdiv' 'urem' 'srem'> <InPorts = 2> <OutPorts = 1>

State 12 <SV = 11> <Delay = 1.72>
ST_12 : Operation 82 [34/44] (1.72ns)   --->   "%sdiv_ln36 = sdiv i40 %shl_ln, i40 %conv_i421_cast" [top.cpp:36]   --->   Operation 82 'sdiv' 'sdiv_ln36' <Predicate = true> <Delay = 1.72> <CoreInst = "Divider">   --->   Core 6 'Divider' <Latency = 43> <II = 1> <Delay = 1.72> <FuncUnit> <Opcode : 'udiv' 'sdiv' 'urem' 'srem'> <InPorts = 2> <OutPorts = 1>

State 13 <SV = 12> <Delay = 1.72>
ST_13 : Operation 83 [33/44] (1.72ns)   --->   "%sdiv_ln36 = sdiv i40 %shl_ln, i40 %conv_i421_cast" [top.cpp:36]   --->   Operation 83 'sdiv' 'sdiv_ln36' <Predicate = true> <Delay = 1.72> <CoreInst = "Divider">   --->   Core 6 'Divider' <Latency = 43> <II = 1> <Delay = 1.72> <FuncUnit> <Opcode : 'udiv' 'sdiv' 'urem' 'srem'> <InPorts = 2> <OutPorts = 1>

State 14 <SV = 13> <Delay = 1.72>
ST_14 : Operation 84 [32/44] (1.72ns)   --->   "%sdiv_ln36 = sdiv i40 %shl_ln, i40 %conv_i421_cast" [top.cpp:36]   --->   Operation 84 'sdiv' 'sdiv_ln36' <Predicate = true> <Delay = 1.72> <CoreInst = "Divider">   --->   Core 6 'Divider' <Latency = 43> <II = 1> <Delay = 1.72> <FuncUnit> <Opcode : 'udiv' 'sdiv' 'urem' 'srem'> <InPorts = 2> <OutPorts = 1>

State 15 <SV = 14> <Delay = 1.72>
ST_15 : Operation 85 [31/44] (1.72ns)   --->   "%sdiv_ln36 = sdiv i40 %shl_ln, i40 %conv_i421_cast" [top.cpp:36]   --->   Operation 85 'sdiv' 'sdiv_ln36' <Predicate = true> <Delay = 1.72> <CoreInst = "Divider">   --->   Core 6 'Divider' <Latency = 43> <II = 1> <Delay = 1.72> <FuncUnit> <Opcode : 'udiv' 'sdiv' 'urem' 'srem'> <InPorts = 2> <OutPorts = 1>

State 16 <SV = 15> <Delay = 1.72>
ST_16 : Operation 86 [30/44] (1.72ns)   --->   "%sdiv_ln36 = sdiv i40 %shl_ln, i40 %conv_i421_cast" [top.cpp:36]   --->   Operation 86 'sdiv' 'sdiv_ln36' <Predicate = true> <Delay = 1.72> <CoreInst = "Divider">   --->   Core 6 'Divider' <Latency = 43> <II = 1> <Delay = 1.72> <FuncUnit> <Opcode : 'udiv' 'sdiv' 'urem' 'srem'> <InPorts = 2> <OutPorts = 1>

State 17 <SV = 16> <Delay = 1.72>
ST_17 : Operation 87 [29/44] (1.72ns)   --->   "%sdiv_ln36 = sdiv i40 %shl_ln, i40 %conv_i421_cast" [top.cpp:36]   --->   Operation 87 'sdiv' 'sdiv_ln36' <Predicate = true> <Delay = 1.72> <CoreInst = "Divider">   --->   Core 6 'Divider' <Latency = 43> <II = 1> <Delay = 1.72> <FuncUnit> <Opcode : 'udiv' 'sdiv' 'urem' 'srem'> <InPorts = 2> <OutPorts = 1>

State 18 <SV = 17> <Delay = 1.72>
ST_18 : Operation 88 [28/44] (1.72ns)   --->   "%sdiv_ln36 = sdiv i40 %shl_ln, i40 %conv_i421_cast" [top.cpp:36]   --->   Operation 88 'sdiv' 'sdiv_ln36' <Predicate = true> <Delay = 1.72> <CoreInst = "Divider">   --->   Core 6 'Divider' <Latency = 43> <II = 1> <Delay = 1.72> <FuncUnit> <Opcode : 'udiv' 'sdiv' 'urem' 'srem'> <InPorts = 2> <OutPorts = 1>

State 19 <SV = 18> <Delay = 1.72>
ST_19 : Operation 89 [27/44] (1.72ns)   --->   "%sdiv_ln36 = sdiv i40 %shl_ln, i40 %conv_i421_cast" [top.cpp:36]   --->   Operation 89 'sdiv' 'sdiv_ln36' <Predicate = true> <Delay = 1.72> <CoreInst = "Divider">   --->   Core 6 'Divider' <Latency = 43> <II = 1> <Delay = 1.72> <FuncUnit> <Opcode : 'udiv' 'sdiv' 'urem' 'srem'> <InPorts = 2> <OutPorts = 1>

State 20 <SV = 19> <Delay = 1.72>
ST_20 : Operation 90 [26/44] (1.72ns)   --->   "%sdiv_ln36 = sdiv i40 %shl_ln, i40 %conv_i421_cast" [top.cpp:36]   --->   Operation 90 'sdiv' 'sdiv_ln36' <Predicate = true> <Delay = 1.72> <CoreInst = "Divider">   --->   Core 6 'Divider' <Latency = 43> <II = 1> <Delay = 1.72> <FuncUnit> <Opcode : 'udiv' 'sdiv' 'urem' 'srem'> <InPorts = 2> <OutPorts = 1>

State 21 <SV = 20> <Delay = 1.72>
ST_21 : Operation 91 [25/44] (1.72ns)   --->   "%sdiv_ln36 = sdiv i40 %shl_ln, i40 %conv_i421_cast" [top.cpp:36]   --->   Operation 91 'sdiv' 'sdiv_ln36' <Predicate = true> <Delay = 1.72> <CoreInst = "Divider">   --->   Core 6 'Divider' <Latency = 43> <II = 1> <Delay = 1.72> <FuncUnit> <Opcode : 'udiv' 'sdiv' 'urem' 'srem'> <InPorts = 2> <OutPorts = 1>

State 22 <SV = 21> <Delay = 1.72>
ST_22 : Operation 92 [24/44] (1.72ns)   --->   "%sdiv_ln36 = sdiv i40 %shl_ln, i40 %conv_i421_cast" [top.cpp:36]   --->   Operation 92 'sdiv' 'sdiv_ln36' <Predicate = true> <Delay = 1.72> <CoreInst = "Divider">   --->   Core 6 'Divider' <Latency = 43> <II = 1> <Delay = 1.72> <FuncUnit> <Opcode : 'udiv' 'sdiv' 'urem' 'srem'> <InPorts = 2> <OutPorts = 1>

State 23 <SV = 22> <Delay = 1.72>
ST_23 : Operation 93 [23/44] (1.72ns)   --->   "%sdiv_ln36 = sdiv i40 %shl_ln, i40 %conv_i421_cast" [top.cpp:36]   --->   Operation 93 'sdiv' 'sdiv_ln36' <Predicate = true> <Delay = 1.72> <CoreInst = "Divider">   --->   Core 6 'Divider' <Latency = 43> <II = 1> <Delay = 1.72> <FuncUnit> <Opcode : 'udiv' 'sdiv' 'urem' 'srem'> <InPorts = 2> <OutPorts = 1>

State 24 <SV = 23> <Delay = 1.72>
ST_24 : Operation 94 [22/44] (1.72ns)   --->   "%sdiv_ln36 = sdiv i40 %shl_ln, i40 %conv_i421_cast" [top.cpp:36]   --->   Operation 94 'sdiv' 'sdiv_ln36' <Predicate = true> <Delay = 1.72> <CoreInst = "Divider">   --->   Core 6 'Divider' <Latency = 43> <II = 1> <Delay = 1.72> <FuncUnit> <Opcode : 'udiv' 'sdiv' 'urem' 'srem'> <InPorts = 2> <OutPorts = 1>

State 25 <SV = 24> <Delay = 1.72>
ST_25 : Operation 95 [21/44] (1.72ns)   --->   "%sdiv_ln36 = sdiv i40 %shl_ln, i40 %conv_i421_cast" [top.cpp:36]   --->   Operation 95 'sdiv' 'sdiv_ln36' <Predicate = true> <Delay = 1.72> <CoreInst = "Divider">   --->   Core 6 'Divider' <Latency = 43> <II = 1> <Delay = 1.72> <FuncUnit> <Opcode : 'udiv' 'sdiv' 'urem' 'srem'> <InPorts = 2> <OutPorts = 1>

State 26 <SV = 25> <Delay = 1.72>
ST_26 : Operation 96 [20/44] (1.72ns)   --->   "%sdiv_ln36 = sdiv i40 %shl_ln, i40 %conv_i421_cast" [top.cpp:36]   --->   Operation 96 'sdiv' 'sdiv_ln36' <Predicate = true> <Delay = 1.72> <CoreInst = "Divider">   --->   Core 6 'Divider' <Latency = 43> <II = 1> <Delay = 1.72> <FuncUnit> <Opcode : 'udiv' 'sdiv' 'urem' 'srem'> <InPorts = 2> <OutPorts = 1>

State 27 <SV = 26> <Delay = 1.72>
ST_27 : Operation 97 [19/44] (1.72ns)   --->   "%sdiv_ln36 = sdiv i40 %shl_ln, i40 %conv_i421_cast" [top.cpp:36]   --->   Operation 97 'sdiv' 'sdiv_ln36' <Predicate = true> <Delay = 1.72> <CoreInst = "Divider">   --->   Core 6 'Divider' <Latency = 43> <II = 1> <Delay = 1.72> <FuncUnit> <Opcode : 'udiv' 'sdiv' 'urem' 'srem'> <InPorts = 2> <OutPorts = 1>

State 28 <SV = 27> <Delay = 1.72>
ST_28 : Operation 98 [18/44] (1.72ns)   --->   "%sdiv_ln36 = sdiv i40 %shl_ln, i40 %conv_i421_cast" [top.cpp:36]   --->   Operation 98 'sdiv' 'sdiv_ln36' <Predicate = true> <Delay = 1.72> <CoreInst = "Divider">   --->   Core 6 'Divider' <Latency = 43> <II = 1> <Delay = 1.72> <FuncUnit> <Opcode : 'udiv' 'sdiv' 'urem' 'srem'> <InPorts = 2> <OutPorts = 1>

State 29 <SV = 28> <Delay = 1.72>
ST_29 : Operation 99 [17/44] (1.72ns)   --->   "%sdiv_ln36 = sdiv i40 %shl_ln, i40 %conv_i421_cast" [top.cpp:36]   --->   Operation 99 'sdiv' 'sdiv_ln36' <Predicate = true> <Delay = 1.72> <CoreInst = "Divider">   --->   Core 6 'Divider' <Latency = 43> <II = 1> <Delay = 1.72> <FuncUnit> <Opcode : 'udiv' 'sdiv' 'urem' 'srem'> <InPorts = 2> <OutPorts = 1>

State 30 <SV = 29> <Delay = 1.72>
ST_30 : Operation 100 [16/44] (1.72ns)   --->   "%sdiv_ln36 = sdiv i40 %shl_ln, i40 %conv_i421_cast" [top.cpp:36]   --->   Operation 100 'sdiv' 'sdiv_ln36' <Predicate = true> <Delay = 1.72> <CoreInst = "Divider">   --->   Core 6 'Divider' <Latency = 43> <II = 1> <Delay = 1.72> <FuncUnit> <Opcode : 'udiv' 'sdiv' 'urem' 'srem'> <InPorts = 2> <OutPorts = 1>

State 31 <SV = 30> <Delay = 1.72>
ST_31 : Operation 101 [15/44] (1.72ns)   --->   "%sdiv_ln36 = sdiv i40 %shl_ln, i40 %conv_i421_cast" [top.cpp:36]   --->   Operation 101 'sdiv' 'sdiv_ln36' <Predicate = true> <Delay = 1.72> <CoreInst = "Divider">   --->   Core 6 'Divider' <Latency = 43> <II = 1> <Delay = 1.72> <FuncUnit> <Opcode : 'udiv' 'sdiv' 'urem' 'srem'> <InPorts = 2> <OutPorts = 1>

State 32 <SV = 31> <Delay = 1.72>
ST_32 : Operation 102 [14/44] (1.72ns)   --->   "%sdiv_ln36 = sdiv i40 %shl_ln, i40 %conv_i421_cast" [top.cpp:36]   --->   Operation 102 'sdiv' 'sdiv_ln36' <Predicate = true> <Delay = 1.72> <CoreInst = "Divider">   --->   Core 6 'Divider' <Latency = 43> <II = 1> <Delay = 1.72> <FuncUnit> <Opcode : 'udiv' 'sdiv' 'urem' 'srem'> <InPorts = 2> <OutPorts = 1>

State 33 <SV = 32> <Delay = 1.72>
ST_33 : Operation 103 [13/44] (1.72ns)   --->   "%sdiv_ln36 = sdiv i40 %shl_ln, i40 %conv_i421_cast" [top.cpp:36]   --->   Operation 103 'sdiv' 'sdiv_ln36' <Predicate = true> <Delay = 1.72> <CoreInst = "Divider">   --->   Core 6 'Divider' <Latency = 43> <II = 1> <Delay = 1.72> <FuncUnit> <Opcode : 'udiv' 'sdiv' 'urem' 'srem'> <InPorts = 2> <OutPorts = 1>

State 34 <SV = 33> <Delay = 1.72>
ST_34 : Operation 104 [12/44] (1.72ns)   --->   "%sdiv_ln36 = sdiv i40 %shl_ln, i40 %conv_i421_cast" [top.cpp:36]   --->   Operation 104 'sdiv' 'sdiv_ln36' <Predicate = true> <Delay = 1.72> <CoreInst = "Divider">   --->   Core 6 'Divider' <Latency = 43> <II = 1> <Delay = 1.72> <FuncUnit> <Opcode : 'udiv' 'sdiv' 'urem' 'srem'> <InPorts = 2> <OutPorts = 1>

State 35 <SV = 34> <Delay = 1.72>
ST_35 : Operation 105 [11/44] (1.72ns)   --->   "%sdiv_ln36 = sdiv i40 %shl_ln, i40 %conv_i421_cast" [top.cpp:36]   --->   Operation 105 'sdiv' 'sdiv_ln36' <Predicate = true> <Delay = 1.72> <CoreInst = "Divider">   --->   Core 6 'Divider' <Latency = 43> <II = 1> <Delay = 1.72> <FuncUnit> <Opcode : 'udiv' 'sdiv' 'urem' 'srem'> <InPorts = 2> <OutPorts = 1>

State 36 <SV = 35> <Delay = 1.72>
ST_36 : Operation 106 [10/44] (1.72ns)   --->   "%sdiv_ln36 = sdiv i40 %shl_ln, i40 %conv_i421_cast" [top.cpp:36]   --->   Operation 106 'sdiv' 'sdiv_ln36' <Predicate = true> <Delay = 1.72> <CoreInst = "Divider">   --->   Core 6 'Divider' <Latency = 43> <II = 1> <Delay = 1.72> <FuncUnit> <Opcode : 'udiv' 'sdiv' 'urem' 'srem'> <InPorts = 2> <OutPorts = 1>

State 37 <SV = 36> <Delay = 1.72>
ST_37 : Operation 107 [9/44] (1.72ns)   --->   "%sdiv_ln36 = sdiv i40 %shl_ln, i40 %conv_i421_cast" [top.cpp:36]   --->   Operation 107 'sdiv' 'sdiv_ln36' <Predicate = true> <Delay = 1.72> <CoreInst = "Divider">   --->   Core 6 'Divider' <Latency = 43> <II = 1> <Delay = 1.72> <FuncUnit> <Opcode : 'udiv' 'sdiv' 'urem' 'srem'> <InPorts = 2> <OutPorts = 1>

State 38 <SV = 37> <Delay = 1.72>
ST_38 : Operation 108 [8/44] (1.72ns)   --->   "%sdiv_ln36 = sdiv i40 %shl_ln, i40 %conv_i421_cast" [top.cpp:36]   --->   Operation 108 'sdiv' 'sdiv_ln36' <Predicate = true> <Delay = 1.72> <CoreInst = "Divider">   --->   Core 6 'Divider' <Latency = 43> <II = 1> <Delay = 1.72> <FuncUnit> <Opcode : 'udiv' 'sdiv' 'urem' 'srem'> <InPorts = 2> <OutPorts = 1>

State 39 <SV = 38> <Delay = 1.72>
ST_39 : Operation 109 [7/44] (1.72ns)   --->   "%sdiv_ln36 = sdiv i40 %shl_ln, i40 %conv_i421_cast" [top.cpp:36]   --->   Operation 109 'sdiv' 'sdiv_ln36' <Predicate = true> <Delay = 1.72> <CoreInst = "Divider">   --->   Core 6 'Divider' <Latency = 43> <II = 1> <Delay = 1.72> <FuncUnit> <Opcode : 'udiv' 'sdiv' 'urem' 'srem'> <InPorts = 2> <OutPorts = 1>

State 40 <SV = 39> <Delay = 1.72>
ST_40 : Operation 110 [6/44] (1.72ns)   --->   "%sdiv_ln36 = sdiv i40 %shl_ln, i40 %conv_i421_cast" [top.cpp:36]   --->   Operation 110 'sdiv' 'sdiv_ln36' <Predicate = true> <Delay = 1.72> <CoreInst = "Divider">   --->   Core 6 'Divider' <Latency = 43> <II = 1> <Delay = 1.72> <FuncUnit> <Opcode : 'udiv' 'sdiv' 'urem' 'srem'> <InPorts = 2> <OutPorts = 1>

State 41 <SV = 40> <Delay = 1.72>
ST_41 : Operation 111 [5/44] (1.72ns)   --->   "%sdiv_ln36 = sdiv i40 %shl_ln, i40 %conv_i421_cast" [top.cpp:36]   --->   Operation 111 'sdiv' 'sdiv_ln36' <Predicate = true> <Delay = 1.72> <CoreInst = "Divider">   --->   Core 6 'Divider' <Latency = 43> <II = 1> <Delay = 1.72> <FuncUnit> <Opcode : 'udiv' 'sdiv' 'urem' 'srem'> <InPorts = 2> <OutPorts = 1>

State 42 <SV = 41> <Delay = 1.72>
ST_42 : Operation 112 [4/44] (1.72ns)   --->   "%sdiv_ln36 = sdiv i40 %shl_ln, i40 %conv_i421_cast" [top.cpp:36]   --->   Operation 112 'sdiv' 'sdiv_ln36' <Predicate = true> <Delay = 1.72> <CoreInst = "Divider">   --->   Core 6 'Divider' <Latency = 43> <II = 1> <Delay = 1.72> <FuncUnit> <Opcode : 'udiv' 'sdiv' 'urem' 'srem'> <InPorts = 2> <OutPorts = 1>

State 43 <SV = 42> <Delay = 1.72>
ST_43 : Operation 113 [3/44] (1.72ns)   --->   "%sdiv_ln36 = sdiv i40 %shl_ln, i40 %conv_i421_cast" [top.cpp:36]   --->   Operation 113 'sdiv' 'sdiv_ln36' <Predicate = true> <Delay = 1.72> <CoreInst = "Divider">   --->   Core 6 'Divider' <Latency = 43> <II = 1> <Delay = 1.72> <FuncUnit> <Opcode : 'udiv' 'sdiv' 'urem' 'srem'> <InPorts = 2> <OutPorts = 1>

State 44 <SV = 43> <Delay = 1.72>
ST_44 : Operation 114 [2/44] (1.72ns)   --->   "%sdiv_ln36 = sdiv i40 %shl_ln, i40 %conv_i421_cast" [top.cpp:36]   --->   Operation 114 'sdiv' 'sdiv_ln36' <Predicate = true> <Delay = 1.72> <CoreInst = "Divider">   --->   Core 6 'Divider' <Latency = 43> <II = 1> <Delay = 1.72> <FuncUnit> <Opcode : 'udiv' 'sdiv' 'urem' 'srem'> <InPorts = 2> <OutPorts = 1>
ST_44 : Operation 148 [1/1] (0.48ns)   --->   "%ret_ln0 = ret"   --->   Operation 148 'ret' 'ret_ln0' <Predicate = (icmp_ln34)> <Delay = 0.48>

State 45 <SV = 44> <Delay = 4.85>
ST_45 : Operation 115 [1/1] (0.00ns)   --->   "%specpipeline_ln35 = specpipeline void @_ssdm_op_SpecPipeline, i32 1, i32 0, i32 0, i32 0, void @empty_6" [top.cpp:35]   --->   Operation 115 'specpipeline' 'specpipeline_ln35' <Predicate = true> <Delay = 0.00>
ST_45 : Operation 116 [1/1] (0.00ns)   --->   "%speclooptripcount_ln34 = speclooptripcount void @_ssdm_op_SpecLoopTripCount, i64 64, i64 64, i64 64" [top.cpp:34]   --->   Operation 116 'speclooptripcount' 'speclooptripcount_ln34' <Predicate = true> <Delay = 0.00>
ST_45 : Operation 117 [1/1] (0.00ns)   --->   "%specloopname_ln34 = specloopname void @_ssdm_op_SpecLoopName, void @empty_3" [top.cpp:34]   --->   Operation 117 'specloopname' 'specloopname_ln34' <Predicate = true> <Delay = 0.00>
ST_45 : Operation 118 [1/1] (0.00ns)   --->   "%tmp_s = bitconcatenate i12 @_ssdm_op_BitConcatenate.i12.i8.i4, i8 %i_read, i4 %lshr_ln" [top.cpp:36]   --->   Operation 118 'bitconcatenate' 'tmp_s' <Predicate = true> <Delay = 0.00>
ST_45 : Operation 119 [1/1] (0.00ns)   --->   "%zext_ln36 = zext i12 %tmp_s" [top.cpp:36]   --->   Operation 119 'zext' 'zext_ln36' <Predicate = true> <Delay = 0.00>
ST_45 : Operation 120 [1/1] (0.00ns)   --->   "%top_kernel_ap_fixed_64_ap_fixed_24_8_0_0_0_64_tmp_3_addr = getelementptr i24 %top_kernel_ap_fixed_64_ap_fixed_24_8_0_0_0_64_tmp_3, i64 0, i64 %zext_ln36" [top.cpp:36]   --->   Operation 120 'getelementptr' 'top_kernel_ap_fixed_64_ap_fixed_24_8_0_0_0_64_tmp_3_addr' <Predicate = true> <Delay = 0.00>
ST_45 : Operation 121 [1/1] (0.00ns)   --->   "%top_kernel_ap_fixed_64_ap_fixed_24_8_0_0_0_64_tmp_2_addr = getelementptr i24 %top_kernel_ap_fixed_64_ap_fixed_24_8_0_0_0_64_tmp_2, i64 0, i64 %zext_ln36" [top.cpp:36]   --->   Operation 121 'getelementptr' 'top_kernel_ap_fixed_64_ap_fixed_24_8_0_0_0_64_tmp_2_addr' <Predicate = true> <Delay = 0.00>
ST_45 : Operation 122 [1/1] (0.00ns)   --->   "%top_kernel_ap_fixed_64_ap_fixed_24_8_0_0_0_64_tmp_1_addr = getelementptr i24 %top_kernel_ap_fixed_64_ap_fixed_24_8_0_0_0_64_tmp_1, i64 0, i64 %zext_ln36" [top.cpp:36]   --->   Operation 122 'getelementptr' 'top_kernel_ap_fixed_64_ap_fixed_24_8_0_0_0_64_tmp_1_addr' <Predicate = true> <Delay = 0.00>
ST_45 : Operation 123 [1/1] (0.00ns)   --->   "%top_kernel_ap_fixed_64_ap_fixed_24_8_0_0_0_64_tmp_addr = getelementptr i24 %top_kernel_ap_fixed_64_ap_fixed_24_8_0_0_0_64_tmp, i64 0, i64 %zext_ln36" [top.cpp:36]   --->   Operation 123 'getelementptr' 'top_kernel_ap_fixed_64_ap_fixed_24_8_0_0_0_64_tmp_addr' <Predicate = true> <Delay = 0.00>
ST_45 : Operation 124 [1/44] (1.72ns)   --->   "%sdiv_ln36 = sdiv i40 %shl_ln, i40 %conv_i421_cast" [top.cpp:36]   --->   Operation 124 'sdiv' 'sdiv_ln36' <Predicate = true> <Delay = 1.72> <CoreInst = "Divider">   --->   Core 6 'Divider' <Latency = 43> <II = 1> <Delay = 1.72> <FuncUnit> <Opcode : 'udiv' 'sdiv' 'urem' 'srem'> <InPorts = 2> <OutPorts = 1>
ST_45 : Operation 125 [1/1] (0.00ns)   --->   "%tmp = bitselect i1 @_ssdm_op_BitSelect.i1.i40.i32, i40 %sdiv_ln36, i32 39" [top.cpp:36]   --->   Operation 125 'bitselect' 'tmp' <Predicate = true> <Delay = 0.00>
ST_45 : Operation 126 [1/1] (0.00ns) (grouped into LUT with out node select_ln36_1)   --->   "%trunc_ln36 = trunc i40 %sdiv_ln36" [top.cpp:36]   --->   Operation 126 'trunc' 'trunc_ln36' <Predicate = true> <Delay = 0.00>
ST_45 : Operation 127 [1/1] (0.00ns)   --->   "%tmp_668 = bitselect i1 @_ssdm_op_BitSelect.i1.i40.i32, i40 %sdiv_ln36, i32 23" [top.cpp:36]   --->   Operation 127 'bitselect' 'tmp_668' <Predicate = true> <Delay = 0.00>
ST_45 : Operation 128 [1/1] (0.00ns)   --->   "%tmp_542 = partselect i16 @_ssdm_op_PartSelect.i16.i40.i32.i32, i40 %sdiv_ln36, i32 24, i32 39" [top.cpp:36]   --->   Operation 128 'partselect' 'tmp_542' <Predicate = true> <Delay = 0.00>
ST_45 : Operation 129 [1/1] (1.01ns)   --->   "%icmp_ln36 = icmp_ne  i16 %tmp_542, i16 65535" [top.cpp:36]   --->   Operation 129 'icmp' 'icmp_ln36' <Predicate = true> <Delay = 1.01> <CoreInst = "Cmp">   --->   Core 9 'Cmp' <Latency = 0> <II = 1> <Delay = 1.01> <FuncUnit> <Opcode : 'seteq' 'setne' 'setle' 'setge' 'setlt' 'setgt'> <InPorts = 2> <OutPorts = 1>
ST_45 : Operation 130 [1/1] (1.01ns)   --->   "%icmp_ln36_1 = icmp_ne  i16 %tmp_542, i16 0" [top.cpp:36]   --->   Operation 130 'icmp' 'icmp_ln36_1' <Predicate = true> <Delay = 1.01> <CoreInst = "Cmp">   --->   Core 9 'Cmp' <Latency = 0> <II = 1> <Delay = 1.01> <FuncUnit> <Opcode : 'seteq' 'setne' 'setle' 'setge' 'setlt' 'setgt'> <InPorts = 2> <OutPorts = 1>
ST_45 : Operation 131 [1/1] (0.00ns) (grouped into LUT with out node and_ln36)   --->   "%or_ln36 = or i1 %tmp_668, i1 %icmp_ln36_1" [top.cpp:36]   --->   Operation 131 'or' 'or_ln36' <Predicate = true> <Delay = 0.00> <CoreInst = "LogicGate">   --->   Core 74 'LogicGate' <Latency = 0> <II = 1> <Delay = 0.33> <FuncUnit> <Opcode : 'and' 'or' 'xor'> <InPorts = 2> <OutPorts = 1>
ST_45 : Operation 132 [1/1] (0.00ns) (grouped into LUT with out node and_ln36)   --->   "%xor_ln36 = xor i1 %tmp, i1 1" [top.cpp:36]   --->   Operation 132 'xor' 'xor_ln36' <Predicate = true> <Delay = 0.00> <CoreInst = "LogicGate">   --->   Core 74 'LogicGate' <Latency = 0> <II = 1> <Delay = 0.33> <FuncUnit> <Opcode : 'and' 'or' 'xor'> <InPorts = 2> <OutPorts = 1>
ST_45 : Operation 133 [1/1] (0.33ns) (out node of the LUT)   --->   "%and_ln36 = and i1 %or_ln36, i1 %xor_ln36" [top.cpp:36]   --->   Operation 133 'and' 'and_ln36' <Predicate = true> <Delay = 0.33> <CoreInst = "LogicGate">   --->   Core 74 'LogicGate' <Latency = 0> <II = 1> <Delay = 0.33> <FuncUnit> <Opcode : 'and' 'or' 'xor'> <InPorts = 2> <OutPorts = 1>
ST_45 : Operation 134 [1/1] (0.00ns) (grouped into LUT with out node select_ln36_1)   --->   "%xor_ln36_1 = xor i1 %tmp_668, i1 1" [top.cpp:36]   --->   Operation 134 'xor' 'xor_ln36_1' <Predicate = true> <Delay = 0.00> <CoreInst = "LogicGate">   --->   Core 74 'LogicGate' <Latency = 0> <II = 1> <Delay = 0.33> <FuncUnit> <Opcode : 'and' 'or' 'xor'> <InPorts = 2> <OutPorts = 1>
ST_45 : Operation 135 [1/1] (0.00ns) (grouped into LUT with out node select_ln36_1)   --->   "%or_ln36_1 = or i1 %icmp_ln36, i1 %xor_ln36_1" [top.cpp:36]   --->   Operation 135 'or' 'or_ln36_1' <Predicate = true> <Delay = 0.00> <CoreInst = "LogicGate">   --->   Core 74 'LogicGate' <Latency = 0> <II = 1> <Delay = 0.33> <FuncUnit> <Opcode : 'and' 'or' 'xor'> <InPorts = 2> <OutPorts = 1>
ST_45 : Operation 136 [1/1] (0.00ns) (grouped into LUT with out node select_ln36_1)   --->   "%and_ln36_1 = and i1 %or_ln36_1, i1 %tmp" [top.cpp:36]   --->   Operation 136 'and' 'and_ln36_1' <Predicate = true> <Delay = 0.00> <CoreInst = "LogicGate">   --->   Core 74 'LogicGate' <Latency = 0> <II = 1> <Delay = 0.33> <FuncUnit> <Opcode : 'and' 'or' 'xor'> <InPorts = 2> <OutPorts = 1>
ST_45 : Operation 137 [1/1] (0.00ns) (grouped into LUT with out node select_ln36_1)   --->   "%select_ln36 = select i1 %and_ln36, i24 8388607, i24 8388608" [top.cpp:36]   --->   Operation 137 'select' 'select_ln36' <Predicate = true> <Delay = 0.00> <CoreInst = "Sel">   --->   Core 73 'Sel' <Latency = 0> <II = 1> <Delay = 0.43> <FuncUnit> <Opcode : 'select'> <InPorts = 3> <OutPorts = 1>
ST_45 : Operation 138 [1/1] (0.00ns) (grouped into LUT with out node select_ln36_1)   --->   "%or_ln36_2 = or i1 %and_ln36, i1 %and_ln36_1" [top.cpp:36]   --->   Operation 138 'or' 'or_ln36_2' <Predicate = true> <Delay = 0.00> <CoreInst = "LogicGate">   --->   Core 74 'LogicGate' <Latency = 0> <II = 1> <Delay = 0.33> <FuncUnit> <Opcode : 'and' 'or' 'xor'> <InPorts = 2> <OutPorts = 1>
ST_45 : Operation 139 [1/1] (0.43ns) (out node of the LUT)   --->   "%select_ln36_1 = select i1 %or_ln36_2, i24 %select_ln36, i24 %trunc_ln36" [top.cpp:36]   --->   Operation 139 'select' 'select_ln36_1' <Predicate = true> <Delay = 0.43> <CoreInst = "Sel">   --->   Core 73 'Sel' <Latency = 0> <II = 1> <Delay = 0.43> <FuncUnit> <Opcode : 'select'> <InPorts = 3> <OutPorts = 1>
ST_45 : Operation 140 [1/1] ( I:1.35ns O:1.35ns )   --->   "%store_ln36 = store i24 %select_ln36_1, i12 %top_kernel_ap_fixed_64_ap_fixed_24_8_0_0_0_64_tmp_1_addr" [top.cpp:36]   --->   Operation 140 'store' 'store_ln36' <Predicate = (trunc_ln34 == 2)> <Delay = 1.35> <CoreInst = "RAM">   --->   Core 82 'RAM' <Latency = 1> <II = 1> <Delay = 1.35> <Storage> <Opcode : 'load' 'store'> <Ports = 2> <Width = 24> <Depth = 4096> <RAM>
ST_45 : Operation 141 [1/1] (0.00ns)   --->   "%br_ln36 = br void %arrayidx225.exit" [top.cpp:36]   --->   Operation 141 'br' 'br_ln36' <Predicate = (trunc_ln34 == 2)> <Delay = 0.00>
ST_45 : Operation 142 [1/1] ( I:1.35ns O:1.35ns )   --->   "%store_ln36 = store i24 %select_ln36_1, i12 %top_kernel_ap_fixed_64_ap_fixed_24_8_0_0_0_64_tmp_2_addr" [top.cpp:36]   --->   Operation 142 'store' 'store_ln36' <Predicate = (trunc_ln34 == 1)> <Delay = 1.35> <CoreInst = "RAM">   --->   Core 82 'RAM' <Latency = 1> <II = 1> <Delay = 1.35> <Storage> <Opcode : 'load' 'store'> <Ports = 2> <Width = 24> <Depth = 4096> <RAM>
ST_45 : Operation 143 [1/1] (0.00ns)   --->   "%br_ln36 = br void %arrayidx225.exit" [top.cpp:36]   --->   Operation 143 'br' 'br_ln36' <Predicate = (trunc_ln34 == 1)> <Delay = 0.00>
ST_45 : Operation 144 [1/1] ( I:1.35ns O:1.35ns )   --->   "%store_ln36 = store i24 %select_ln36_1, i12 %top_kernel_ap_fixed_64_ap_fixed_24_8_0_0_0_64_tmp_3_addr" [top.cpp:36]   --->   Operation 144 'store' 'store_ln36' <Predicate = (trunc_ln34 == 0)> <Delay = 1.35> <CoreInst = "RAM">   --->   Core 82 'RAM' <Latency = 1> <II = 1> <Delay = 1.35> <Storage> <Opcode : 'load' 'store'> <Ports = 2> <Width = 24> <Depth = 4096> <RAM>
ST_45 : Operation 145 [1/1] (0.00ns)   --->   "%br_ln36 = br void %arrayidx225.exit" [top.cpp:36]   --->   Operation 145 'br' 'br_ln36' <Predicate = (trunc_ln34 == 0)> <Delay = 0.00>
ST_45 : Operation 146 [1/1] ( I:1.35ns O:1.35ns )   --->   "%store_ln36 = store i24 %select_ln36_1, i12 %top_kernel_ap_fixed_64_ap_fixed_24_8_0_0_0_64_tmp_addr" [top.cpp:36]   --->   Operation 146 'store' 'store_ln36' <Predicate = (trunc_ln34 == 3)> <Delay = 1.35> <CoreInst = "RAM">   --->   Core 82 'RAM' <Latency = 1> <II = 1> <Delay = 1.35> <Storage> <Opcode : 'load' 'store'> <Ports = 2> <Width = 24> <Depth = 4096> <RAM>
ST_45 : Operation 147 [1/1] (0.00ns)   --->   "%br_ln36 = br void %arrayidx225.exit" [top.cpp:36]   --->   Operation 147 'br' 'br_ln36' <Predicate = (trunc_ln34 == 3)> <Delay = 0.00>


============================================================
+ Verbose Summary: Binding
============================================================
STG Binding: 
---------------- STG Properties BEGIN ----------------
- Is combinational: 0
- Is one-state seq: 0
- Is datapath-only: 0
- Is pipelined: 0
- Is top level: 0
Port [ Return ] is wired: 1; IO mode=ap_ctrl_hs:ce=0
Port [ zext_ln27]:  wired=1; compound=0; hidden=0; nouse=0; global=0; static=0; extern=0; dir=0; type=0; pingpong=0; private_global=0; IO mode=ap_none:ce=0
Port [ A]:  wired=1; compound=1; hidden=0; nouse=0; global=0; static=0; extern=0; dir=0; type=1; pingpong=0; private_global=0; MemPort=[13]; IO mode=ap_memory:ce=0
Port [ i]:  wired=1; compound=0; hidden=0; nouse=0; global=0; static=0; extern=0; dir=0; type=0; pingpong=0; private_global=0; IO mode=ap_none:ce=0
Port [ conv_i421]:  wired=1; compound=0; hidden=0; nouse=0; global=0; static=0; extern=0; dir=0; type=0; pingpong=0; private_global=0; IO mode=ap_none:ce=0
Port [ top_kernel_ap_fixed_64_ap_fixed_24_8_0_0_0_64_tmp_3]:  wired=1; compound=1; hidden=0; nouse=0; global=1; static=1; extern=0; dir=1; type=1; pingpong=0; private_global=0; MemPort=[03]; IO mode=ap_memory:ce=0
Port [ top_kernel_ap_fixed_64_ap_fixed_24_8_0_0_0_64_tmp_2]:  wired=1; compound=1; hidden=0; nouse=0; global=1; static=1; extern=0; dir=1; type=1; pingpong=0; private_global=0; MemPort=[03]; IO mode=ap_memory:ce=0
Port [ top_kernel_ap_fixed_64_ap_fixed_24_8_0_0_0_64_tmp_1]:  wired=1; compound=1; hidden=0; nouse=0; global=1; static=1; extern=0; dir=1; type=1; pingpong=0; private_global=0; MemPort=[03]; IO mode=ap_memory:ce=0
Port [ top_kernel_ap_fixed_64_ap_fixed_24_8_0_0_0_64_tmp]:  wired=1; compound=1; hidden=0; nouse=0; global=1; static=1; extern=0; dir=1; type=1; pingpong=0; private_global=0; MemPort=[03]; IO mode=ap_memory:ce=0
---------------- STG Properties END ------------------

---------------- Datapath Model BEGIN ----------------

<LifeTime>
<method=bitvector/>
j_1                                                      (alloca           ) [ 0100000000000000000000000000000000000000000000]
conv_i421_read                                           (read             ) [ 0000000000000000000000000000000000000000000000]
i_read                                                   (read             ) [ 0111111111111111111111111111111111111111111111]
zext_ln27_read                                           (read             ) [ 0000000000000000000000000000000000000000000000]
conv_i421_cast                                           (sext             ) [ 0111111111111111111111111111111111111111111111]
specinterface_ln0                                        (specinterface    ) [ 0000000000000000000000000000000000000000000000]
store_ln34                                               (store            ) [ 0000000000000000000000000000000000000000000000]
br_ln0                                                   (br               ) [ 0000000000000000000000000000000000000000000000]
j                                                        (load             ) [ 0000000000000000000000000000000000000000000000]
icmp_ln34                                                (icmp             ) [ 0111111111111111111111111111111111111111111110]
add_ln34                                                 (add              ) [ 0000000000000000000000000000000000000000000000]
br_ln34                                                  (br               ) [ 0000000000000000000000000000000000000000000000]
zext_ln36_1                                              (zext             ) [ 0000000000000000000000000000000000000000000000]
add_ln36                                                 (add              ) [ 0000000000000000000000000000000000000000000000]
zext_ln36_2                                              (zext             ) [ 0000000000000000000000000000000000000000000000]
A_addr                                                   (getelementptr    ) [ 0110000000000000000000000000000000000000000000]
trunc_ln34                                               (trunc            ) [ 0111111111111111111111111111111111111111111111]
lshr_ln                                                  (partselect       ) [ 0111111111111111111111111111111111111111111111]
switch_ln36                                              (switch           ) [ 0000000000000000000000000000000000000000000000]
store_ln34                                               (store            ) [ 0000000000000000000000000000000000000000000000]
br_ln34                                                  (br               ) [ 0000000000000000000000000000000000000000000000]
A_load                                                   (load             ) [ 0000000000000000000000000000000000000000000000]
shl_ln                                                   (bitconcatenate   ) [ 0101111111111111111111111111111111111111111111]
specpipeline_ln35                                        (specpipeline     ) [ 0000000000000000000000000000000000000000000000]
speclooptripcount_ln34                                   (speclooptripcount) [ 0000000000000000000000000000000000000000000000]
specloopname_ln34                                        (specloopname     ) [ 0000000000000000000000000000000000000000000000]
tmp_s                                                    (bitconcatenate   ) [ 0000000000000000000000000000000000000000000000]
zext_ln36                                                (zext             ) [ 0000000000000000000000000000000000000000000000]
top_kernel_ap_fixed_64_ap_fixed_24_8_0_0_0_64_tmp_3_addr (getelementptr    ) [ 0000000000000000000000000000000000000000000000]
top_kernel_ap_fixed_64_ap_fixed_24_8_0_0_0_64_tmp_2_addr (getelementptr    ) [ 0000000000000000000000000000000000000000000000]
top_kernel_ap_fixed_64_ap_fixed_24_8_0_0_0_64_tmp_1_addr (getelementptr    ) [ 0000000000000000000000000000000000000000000000]
top_kernel_ap_fixed_64_ap_fixed_24_8_0_0_0_64_tmp_addr   (getelementptr    ) [ 0000000000000000000000000000000000000000000000]
sdiv_ln36                                                (sdiv             ) [ 0000000000000000000000000000000000000000000000]
tmp                                                      (bitselect        ) [ 0000000000000000000000000000000000000000000000]
trunc_ln36                                               (trunc            ) [ 0000000000000000000000000000000000000000000000]
tmp_668                                                  (bitselect        ) [ 0000000000000000000000000000000000000000000000]
tmp_542                                                  (partselect       ) [ 0000000000000000000000000000000000000000000000]
icmp_ln36                                                (icmp             ) [ 0000000000000000000000000000000000000000000000]
icmp_ln36_1                                              (icmp             ) [ 0000000000000000000000000000000000000000000000]
or_ln36                                                  (or               ) [ 0000000000000000000000000000000000000000000000]
xor_ln36                                                 (xor              ) [ 0000000000000000000000000000000000000000000000]
and_ln36                                                 (and              ) [ 0000000000000000000000000000000000000000000000]
xor_ln36_1                                               (xor              ) [ 0000000000000000000000000000000000000000000000]
or_ln36_1                                                (or               ) [ 0000000000000000000000000000000000000000000000]
and_ln36_1                                               (and              ) [ 0000000000000000000000000000000000000000000000]
select_ln36                                              (select           ) [ 0000000000000000000000000000000000000000000000]
or_ln36_2                                                (or               ) [ 0000000000000000000000000000000000000000000000]
select_ln36_1                                            (select           ) [ 0000000000000000000000000000000000000000000000]
store_ln36                                               (store            ) [ 0000000000000000000000000000000000000000000000]
br_ln36                                                  (br               ) [ 0000000000000000000000000000000000000000000000]
store_ln36                                               (store            ) [ 0000000000000000000000000000000000000000000000]
br_ln36                                                  (br               ) [ 0000000000000000000000000000000000000000000000]
store_ln36                                               (store            ) [ 0000000000000000000000000000000000000000000000]
br_ln36                                                  (br               ) [ 0000000000000000000000000000000000000000000000]
store_ln36                                               (store            ) [ 0000000000000000000000000000000000000000000000]
br_ln36                                                  (br               ) [ 0000000000000000000000000000000000000000000000]
ret_ln0                                                  (ret              ) [ 0000000000000000000000000000000000000000000000]
</LifeTime>

<model>

<comp_list>
<comp id="0" class="1000" name="zext_ln27">
<pin_list>
<pin id="1" dir="1" index="0" bw="1" slack="0"/>
</pin_list>
<bind>
<StgValue><ssdm name="zext_ln27"/></StgValue>
</bind>
</comp>

<comp id="2" class="1000" name="A">
<pin_list>
<pin id="3" dir="1" index="0" bw="1" slack="0"/>
</pin_list>
<bind>
<StgValue><ssdm name="A"/><MemPortTyVec>1 3 </MemPortTyVec>
</StgValue>
</bind>
</comp>

<comp id="4" class="1000" name="i">
<pin_list>
<pin id="5" dir="1" index="0" bw="1" slack="0"/>
</pin_list>
<bind>
<StgValue><ssdm name="i"/></StgValue>
</bind>
</comp>

<comp id="6" class="1000" name="conv_i421">
<pin_list>
<pin id="7" dir="1" index="0" bw="1" slack="0"/>
</pin_list>
<bind>
<StgValue><ssdm name="conv_i421"/></StgValue>
</bind>
</comp>

<comp id="8" class="1000" name="top_kernel_ap_fixed_64_ap_fixed_24_8_0_0_0_64_tmp_3">
<pin_list>
<pin id="9" dir="1" index="0" bw="1" slack="0"/>
</pin_list>
<bind>
<StgValue><ssdm name="top_kernel_ap_fixed_64_ap_fixed_24_8_0_0_0_64_tmp_3"/><MemPortTyVec>0 3 </MemPortTyVec>
</StgValue>
</bind>
</comp>

<comp id="10" class="1000" name="top_kernel_ap_fixed_64_ap_fixed_24_8_0_0_0_64_tmp_2">
<pin_list>
<pin id="11" dir="1" index="0" bw="1" slack="0"/>
</pin_list>
<bind>
<StgValue><ssdm name="top_kernel_ap_fixed_64_ap_fixed_24_8_0_0_0_64_tmp_2"/><MemPortTyVec>0 3 </MemPortTyVec>
</StgValue>
</bind>
</comp>

<comp id="12" class="1000" name="top_kernel_ap_fixed_64_ap_fixed_24_8_0_0_0_64_tmp_1">
<pin_list>
<pin id="13" dir="1" index="0" bw="1" slack="0"/>
</pin_list>
<bind>
<StgValue><ssdm name="top_kernel_ap_fixed_64_ap_fixed_24_8_0_0_0_64_tmp_1"/><MemPortTyVec>0 3 </MemPortTyVec>
</StgValue>
</bind>
</comp>

<comp id="14" class="1000" name="top_kernel_ap_fixed_64_ap_fixed_24_8_0_0_0_64_tmp">
<pin_list>
<pin id="15" dir="1" index="0" bw="1" slack="0"/>
</pin_list>
<bind>
<StgValue><ssdm name="top_kernel_ap_fixed_64_ap_fixed_24_8_0_0_0_64_tmp"/><MemPortTyVec>0 3 </MemPortTyVec>
</StgValue>
</bind>
</comp>

<comp id="16" class="1001" name="const_16">
<pin_list>
<pin id="17" dir="1" index="0" bw="1" slack="0"/>
</pin_list>
<bind>
<StgValue><ssdm name=""/></StgValue>
</bind>
</comp>

<comp id="18" class="1001" name="const_18">
<pin_list>
<pin id="19" dir="1" index="0" bw="1" slack="0"/>
</pin_list>
<bind>
<StgValue><ssdm name="_ssdm_op_Read.ap_auto.i24"/></StgValue>
</bind>
</comp>

<comp id="20" class="1001" name="const_20">
<pin_list>
<pin id="21" dir="1" index="0" bw="1" slack="0"/>
</pin_list>
<bind>
<StgValue><ssdm name="_ssdm_op_Read.ap_auto.i8"/></StgValue>
</bind>
</comp>

<comp id="22" class="1001" name="const_22">
<pin_list>
<pin id="23" dir="1" index="0" bw="1" slack="0"/>
</pin_list>
<bind>
<StgValue><ssdm name="_ssdm_op_Read.ap_auto.i14"/></StgValue>
</bind>
</comp>

<comp id="24" class="1001" name="const_24">
<pin_list>
<pin id="25" dir="1" index="0" bw="1" slack="2147483647"/>
</pin_list>
<bind>
<StgValue><ssdm name="_ssdm_op_SpecInterface"/></StgValue>
</bind>
</comp>

<comp id="26" class="1001" name="const_26">
<pin_list>
<pin id="27" dir="1" index="0" bw="1" slack="2147483647"/>
</pin_list>
<bind>
<StgValue><ssdm name="empty_0"/></StgValue>
</bind>
</comp>

<comp id="28" class="1001" name="const_28">
<pin_list>
<pin id="29" dir="1" index="0" bw="1" slack="2147483647"/>
</pin_list>
<bind>
<StgValue><ssdm name=""/></StgValue>
</bind>
</comp>

<comp id="30" class="1001" name="const_30">
<pin_list>
<pin id="31" dir="1" index="0" bw="1" slack="2147483647"/>
</pin_list>
<bind>
<StgValue><ssdm name="empty_6"/></StgValue>
</bind>
</comp>

<comp id="32" class="1001" name="const_32">
<pin_list>
<pin id="33" dir="1" index="0" bw="1" slack="2147483647"/>
</pin_list>
<bind>
<StgValue><ssdm name=""/></StgValue>
</bind>
</comp>

<comp id="34" class="1001" name="const_34">
<pin_list>
<pin id="35" dir="1" index="0" bw="1" slack="0"/>
</pin_list>
<bind>
<StgValue><ssdm name=""/></StgValue>
</bind>
</comp>

<comp id="36" class="1001" name="const_36">
<pin_list>
<pin id="37" dir="1" index="0" bw="1" slack="0"/>
</pin_list>
<bind>
<StgValue><ssdm name=""/></StgValue>
</bind>
</comp>

<comp id="38" class="1001" name="const_38">
<pin_list>
<pin id="39" dir="1" index="0" bw="1" slack="0"/>
</pin_list>
<bind>
<StgValue><ssdm name=""/></StgValue>
</bind>
</comp>

<comp id="40" class="1001" name="const_40">
<pin_list>
<pin id="41" dir="1" index="0" bw="1" slack="0"/>
</pin_list>
<bind>
<StgValue><ssdm name=""/></StgValue>
</bind>
</comp>

<comp id="42" class="1001" name="const_42">
<pin_list>
<pin id="43" dir="1" index="0" bw="1" slack="0"/>
</pin_list>
<bind>
<StgValue><ssdm name="_ssdm_op_PartSelect.i4.i7.i32.i32"/></StgValue>
</bind>
</comp>

<comp id="44" class="1001" name="const_44">
<pin_list>
<pin id="45" dir="1" index="0" bw="1" slack="0"/>
</pin_list>
<bind>
<StgValue><ssdm name=""/></StgValue>
</bind>
</comp>

<comp id="46" class="1001" name="const_46">
<pin_list>
<pin id="47" dir="1" index="0" bw="1" slack="0"/>
</pin_list>
<bind>
<StgValue><ssdm name=""/></StgValue>
</bind>
</comp>

<comp id="48" class="1001" name="const_48">
<pin_list>
<pin id="49" dir="1" index="0" bw="1" slack="0"/>
</pin_list>
<bind>
<StgValue><ssdm name=""/></StgValue>
</bind>
</comp>

<comp id="50" class="1001" name="const_50">
<pin_list>
<pin id="51" dir="1" index="0" bw="1" slack="0"/>
</pin_list>
<bind>
<StgValue><ssdm name=""/></StgValue>
</bind>
</comp>

<comp id="52" class="1001" name="const_52">
<pin_list>
<pin id="53" dir="1" index="0" bw="1" slack="0"/>
</pin_list>
<bind>
<StgValue><ssdm name=""/></StgValue>
</bind>
</comp>

<comp id="54" class="1001" name="const_54">
<pin_list>
<pin id="55" dir="1" index="0" bw="1" slack="0"/>
</pin_list>
<bind>
<StgValue><ssdm name="_ssdm_op_BitConcatenate.i40.i24.i16"/></StgValue>
</bind>
</comp>

<comp id="56" class="1001" name="const_56">
<pin_list>
<pin id="57" dir="1" index="0" bw="1" slack="0"/>
</pin_list>
<bind>
<StgValue><ssdm name=""/></StgValue>
</bind>
</comp>

<comp id="58" class="1001" name="const_58">
<pin_list>
<pin id="59" dir="1" index="0" bw="1" slack="2147483647"/>
</pin_list>
<bind>
<StgValue><ssdm name="_ssdm_op_SpecPipeline"/></StgValue>
</bind>
</comp>

<comp id="60" class="1001" name="const_60">
<pin_list>
<pin id="61" dir="1" index="0" bw="1" slack="2147483647"/>
</pin_list>
<bind>
<StgValue><ssdm name="_ssdm_op_SpecLoopTripCount"/></StgValue>
</bind>
</comp>

<comp id="62" class="1001" name="const_62">
<pin_list>
<pin id="63" dir="1" index="0" bw="1" slack="2147483647"/>
</pin_list>
<bind>
<StgValue><ssdm name=""/></StgValue>
</bind>
</comp>

<comp id="64" class="1001" name="const_64">
<pin_list>
<pin id="65" dir="1" index="0" bw="1" slack="2147483647"/>
</pin_list>
<bind>
<StgValue><ssdm name="_ssdm_op_SpecLoopName"/></StgValue>
</bind>
</comp>

<comp id="66" class="1001" name="const_66">
<pin_list>
<pin id="67" dir="1" index="0" bw="1" slack="2147483647"/>
</pin_list>
<bind>
<StgValue><ssdm name="empty_3"/></StgValue>
</bind>
</comp>

<comp id="68" class="1001" name="const_68">
<pin_list>
<pin id="69" dir="1" index="0" bw="1" slack="0"/>
</pin_list>
<bind>
<StgValue><ssdm name="_ssdm_op_BitConcatenate.i12.i8.i4"/></StgValue>
</bind>
</comp>

<comp id="70" class="1001" name="const_70">
<pin_list>
<pin id="71" dir="1" index="0" bw="1" slack="0"/>
</pin_list>
<bind>
<StgValue><ssdm name="_ssdm_op_BitSelect.i1.i40.i32"/></StgValue>
</bind>
</comp>

<comp id="72" class="1001" name="const_72">
<pin_list>
<pin id="73" dir="1" index="0" bw="1" slack="0"/>
</pin_list>
<bind>
<StgValue><ssdm name=""/></StgValue>
</bind>
</comp>

<comp id="74" class="1001" name="const_74">
<pin_list>
<pin id="75" dir="1" index="0" bw="1" slack="0"/>
</pin_list>
<bind>
<StgValue><ssdm name=""/></StgValue>
</bind>
</comp>

<comp id="76" class="1001" name="const_76">
<pin_list>
<pin id="77" dir="1" index="0" bw="1" slack="0"/>
</pin_list>
<bind>
<StgValue><ssdm name="_ssdm_op_PartSelect.i16.i40.i32.i32"/></StgValue>
</bind>
</comp>

<comp id="78" class="1001" name="const_78">
<pin_list>
<pin id="79" dir="1" index="0" bw="1" slack="0"/>
</pin_list>
<bind>
<StgValue><ssdm name=""/></StgValue>
</bind>
</comp>

<comp id="80" class="1001" name="const_80">
<pin_list>
<pin id="81" dir="1" index="0" bw="1" slack="0"/>
</pin_list>
<bind>
<StgValue><ssdm name=""/></StgValue>
</bind>
</comp>

<comp id="82" class="1001" name="const_82">
<pin_list>
<pin id="83" dir="1" index="0" bw="1" slack="0"/>
</pin_list>
<bind>
<StgValue><ssdm name=""/></StgValue>
</bind>
</comp>

<comp id="84" class="1001" name="const_84">
<pin_list>
<pin id="85" dir="1" index="0" bw="1" slack="0"/>
</pin_list>
<bind>
<StgValue><ssdm name=""/></StgValue>
</bind>
</comp>

<comp id="86" class="1001" name="const_86">
<pin_list>
<pin id="87" dir="1" index="0" bw="1" slack="0"/>
</pin_list>
<bind>
<StgValue><ssdm name=""/></StgValue>
</bind>
</comp>

<comp id="88" class="1004" name="j_1_fu_88">
<pin_list>
<pin id="89" dir="0" index="0" bw="1" slack="0"/>
<pin id="90" dir="1" index="1" bw="7" slack="0"/>
</pin_list>
<bind>
<opcode="alloca(26) " fcode="alloca"/>
<opset="j_1/1 "/>
</bind>
</comp>

<comp id="92" class="1004" name="conv_i421_read_read_fu_92">
<pin_list>
<pin id="93" dir="0" index="0" bw="24" slack="0"/>
<pin id="94" dir="0" index="1" bw="24" slack="0"/>
<pin id="95" dir="1" index="2" bw="24" slack="0"/>
</pin_list>
<bind>
<opcode="read(1150) " fcode="read"/>
<opset="conv_i421_read/1 "/>
</bind>
</comp>

<comp id="98" class="1004" name="i_read_read_fu_98">
<pin_list>
<pin id="99" dir="0" index="0" bw="8" slack="0"/>
<pin id="100" dir="0" index="1" bw="8" slack="0"/>
<pin id="101" dir="1" index="2" bw="8" slack="44"/>
</pin_list>
<bind>
<opcode="read(1150) " fcode="read"/>
<opset="i_read/1 "/>
</bind>
</comp>

<comp id="104" class="1004" name="zext_ln27_read_read_fu_104">
<pin_list>
<pin id="105" dir="0" index="0" bw="14" slack="0"/>
<pin id="106" dir="0" index="1" bw="14" slack="0"/>
<pin id="107" dir="1" index="2" bw="14" slack="0"/>
</pin_list>
<bind>
<opcode="read(1150) " fcode="read"/>
<opset="zext_ln27_read/1 "/>
</bind>
</comp>

<comp id="110" class="1004" name="A_addr_gep_fu_110">
<pin_list>
<pin id="111" dir="0" index="0" bw="24" slack="0"/>
<pin id="112" dir="0" index="1" bw="1" slack="0"/>
<pin id="113" dir="0" index="2" bw="14" slack="0"/>
<pin id="114" dir="1" index="3" bw="14" slack="0"/>
</pin_list>
<bind>
<opcode="getelementptr(29) " fcode="getelementptr"/>
<opset="A_addr/1 "/>
</bind>
</comp>

<comp id="117" class="1004" name="grp_access_fu_117">
<pin_list>
<pin id="118" dir="0" index="0" bw="14" slack="0"/>
<pin id="119" dir="0" index="1" bw="24" slack="2147483647"/>
<pin id="120" dir="0" index="2" bw="0" slack="2147483647"/>
<pin id="121" dir="1" index="3" bw="24" slack="0"/>
</pin_list>
<bind>
<opcode="load(27) " fcode="load"/>
<opset="A_load/1 "/>
</bind>
</comp>

<comp id="123" class="1004" name="top_kernel_ap_fixed_64_ap_fixed_24_8_0_0_0_64_tmp_3_addr_gep_fu_123">
<pin_list>
<pin id="124" dir="0" index="0" bw="24" slack="0"/>
<pin id="125" dir="0" index="1" bw="1" slack="0"/>
<pin id="126" dir="0" index="2" bw="12" slack="0"/>
<pin id="127" dir="1" index="3" bw="12" slack="0"/>
</pin_list>
<bind>
<opcode="getelementptr(29) " fcode="getelementptr"/>
<opset="top_kernel_ap_fixed_64_ap_fixed_24_8_0_0_0_64_tmp_3_addr/45 "/>
</bind>
</comp>

<comp id="130" class="1004" name="top_kernel_ap_fixed_64_ap_fixed_24_8_0_0_0_64_tmp_2_addr_gep_fu_130">
<pin_list>
<pin id="131" dir="0" index="0" bw="24" slack="0"/>
<pin id="132" dir="0" index="1" bw="1" slack="0"/>
<pin id="133" dir="0" index="2" bw="12" slack="0"/>
<pin id="134" dir="1" index="3" bw="12" slack="0"/>
</pin_list>
<bind>
<opcode="getelementptr(29) " fcode="getelementptr"/>
<opset="top_kernel_ap_fixed_64_ap_fixed_24_8_0_0_0_64_tmp_2_addr/45 "/>
</bind>
</comp>

<comp id="137" class="1004" name="top_kernel_ap_fixed_64_ap_fixed_24_8_0_0_0_64_tmp_1_addr_gep_fu_137">
<pin_list>
<pin id="138" dir="0" index="0" bw="24" slack="0"/>
<pin id="139" dir="0" index="1" bw="1" slack="0"/>
<pin id="140" dir="0" index="2" bw="12" slack="0"/>
<pin id="141" dir="1" index="3" bw="12" slack="0"/>
</pin_list>
<bind>
<opcode="getelementptr(29) " fcode="getelementptr"/>
<opset="top_kernel_ap_fixed_64_ap_fixed_24_8_0_0_0_64_tmp_1_addr/45 "/>
</bind>
</comp>

<comp id="144" class="1004" name="top_kernel_ap_fixed_64_ap_fixed_24_8_0_0_0_64_tmp_addr_gep_fu_144">
<pin_list>
<pin id="145" dir="0" index="0" bw="24" slack="0"/>
<pin id="146" dir="0" index="1" bw="1" slack="0"/>
<pin id="147" dir="0" index="2" bw="12" slack="0"/>
<pin id="148" dir="1" index="3" bw="12" slack="0"/>
</pin_list>
<bind>
<opcode="getelementptr(29) " fcode="getelementptr"/>
<opset="top_kernel_ap_fixed_64_ap_fixed_24_8_0_0_0_64_tmp_addr/45 "/>
</bind>
</comp>

<comp id="151" class="1004" name="store_ln36_access_fu_151">
<pin_list>
<pin id="152" dir="0" index="0" bw="12" slack="0"/>
<pin id="153" dir="0" index="1" bw="24" slack="0"/>
<pin id="154" dir="0" index="2" bw="0" slack="2147483647"/>
<pin id="155" dir="1" index="3" bw="24" slack="2147483647"/>
</pin_list>
<bind>
<opcode="store(28) " fcode="store"/>
<opset="store_ln36/45 "/>
</bind>
</comp>

<comp id="157" class="1004" name="store_ln36_access_fu_157">
<pin_list>
<pin id="158" dir="0" index="0" bw="12" slack="0"/>
<pin id="159" dir="0" index="1" bw="24" slack="0"/>
<pin id="160" dir="0" index="2" bw="0" slack="2147483647"/>
<pin id="161" dir="1" index="3" bw="24" slack="2147483647"/>
</pin_list>
<bind>
<opcode="store(28) " fcode="store"/>
<opset="store_ln36/45 "/>
</bind>
</comp>

<comp id="163" class="1004" name="store_ln36_access_fu_163">
<pin_list>
<pin id="164" dir="0" index="0" bw="12" slack="0"/>
<pin id="165" dir="0" index="1" bw="24" slack="0"/>
<pin id="166" dir="0" index="2" bw="0" slack="2147483647"/>
<pin id="167" dir="1" index="3" bw="24" slack="2147483647"/>
</pin_list>
<bind>
<opcode="store(28) " fcode="store"/>
<opset="store_ln36/45 "/>
</bind>
</comp>

<comp id="169" class="1004" name="store_ln36_access_fu_169">
<pin_list>
<pin id="170" dir="0" index="0" bw="12" slack="0"/>
<pin id="171" dir="0" index="1" bw="24" slack="0"/>
<pin id="172" dir="0" index="2" bw="0" slack="2147483647"/>
<pin id="173" dir="1" index="3" bw="24" slack="2147483647"/>
</pin_list>
<bind>
<opcode="store(28) " fcode="store"/>
<opset="store_ln36/45 "/>
</bind>
</comp>

<comp id="175" class="1004" name="conv_i421_cast_fu_175">
<pin_list>
<pin id="176" dir="0" index="0" bw="24" slack="0"/>
<pin id="177" dir="1" index="1" bw="40" slack="1"/>
</pin_list>
<bind>
<opcode="sext(35) " fcode="sext"/>
<opset="conv_i421_cast/1 "/>
</bind>
</comp>

<comp id="179" class="1004" name="store_ln34_store_fu_179">
<pin_list>
<pin id="180" dir="0" index="0" bw="1" slack="0"/>
<pin id="181" dir="0" index="1" bw="7" slack="0"/>
<pin id="182" dir="1" index="2" bw="0" slack="2147483647"/>
</pin_list>
<bind>
<opcode="store(28) " fcode="store"/>
<opset="store_ln34/1 "/>
</bind>
</comp>

<comp id="184" class="1004" name="j_load_fu_184">
<pin_list>
<pin id="185" dir="0" index="0" bw="7" slack="0"/>
<pin id="186" dir="1" index="1" bw="7" slack="0"/>
</pin_list>
<bind>
<opcode="load(27) " fcode="load"/>
<opset="j/1 "/>
</bind>
</comp>

<comp id="187" class="1004" name="icmp_ln34_fu_187">
<pin_list>
<pin id="188" dir="0" index="0" bw="7" slack="0"/>
<pin id="189" dir="0" index="1" bw="7" slack="0"/>
<pin id="190" dir="1" index="2" bw="1" slack="43"/>
</pin_list>
<bind>
<opcode="icmp(45) " fcode="icmp"/>
<opset="icmp_ln34/1 "/>
</bind>
</comp>

<comp id="193" class="1004" name="add_ln34_fu_193">
<pin_list>
<pin id="194" dir="0" index="0" bw="7" slack="0"/>
<pin id="195" dir="0" index="1" bw="1" slack="0"/>
<pin id="196" dir="1" index="2" bw="7" slack="0"/>
</pin_list>
<bind>
<opcode="add(8) " fcode="add"/>
<opset="add_ln34/1 "/>
</bind>
</comp>

<comp id="199" class="1004" name="zext_ln36_1_fu_199">
<pin_list>
<pin id="200" dir="0" index="0" bw="7" slack="0"/>
<pin id="201" dir="1" index="1" bw="14" slack="0"/>
</pin_list>
<bind>
<opcode="zext(34) " fcode="zext"/>
<opset="zext_ln36_1/1 "/>
</bind>
</comp>

<comp id="203" class="1004" name="add_ln36_fu_203">
<pin_list>
<pin id="204" dir="0" index="0" bw="14" slack="0"/>
<pin id="205" dir="0" index="1" bw="7" slack="0"/>
<pin id="206" dir="1" index="2" bw="14" slack="0"/>
</pin_list>
<bind>
<opcode="add(8) " fcode="add"/>
<opset="add_ln36/1 "/>
</bind>
</comp>

<comp id="209" class="1004" name="zext_ln36_2_fu_209">
<pin_list>
<pin id="210" dir="0" index="0" bw="14" slack="0"/>
<pin id="211" dir="1" index="1" bw="64" slack="0"/>
</pin_list>
<bind>
<opcode="zext(34) " fcode="zext"/>
<opset="zext_ln36_2/1 "/>
</bind>
</comp>

<comp id="214" class="1004" name="trunc_ln34_fu_214">
<pin_list>
<pin id="215" dir="0" index="0" bw="7" slack="0"/>
<pin id="216" dir="1" index="1" bw="2" slack="0"/>
</pin_list>
<bind>
<opcode="trunc(33) " fcode="trunc"/>
<opset="trunc_ln34/1 "/>
</bind>
</comp>

<comp id="218" class="1004" name="lshr_ln_fu_218">
<pin_list>
<pin id="219" dir="0" index="0" bw="4" slack="0"/>
<pin id="220" dir="0" index="1" bw="7" slack="0"/>
<pin id="221" dir="0" index="2" bw="3" slack="0"/>
<pin id="222" dir="0" index="3" bw="4" slack="0"/>
<pin id="223" dir="1" index="4" bw="4" slack="44"/>
</pin_list>
<bind>
<opcode="partselect(1002) " fcode="partselect"/>
<opset="lshr_ln/1 "/>
</bind>
</comp>

<comp id="228" class="1004" name="switch_ln36_fu_228">
<pin_list>
<pin id="229" dir="0" index="0" bw="2" slack="0"/>
<pin id="230" dir="0" index="1" bw="1" slack="0"/>
<pin id="231" dir="0" index="2" bw="1" slack="0"/>
<pin id="232" dir="0" index="3" bw="2" slack="0"/>
<pin id="233" dir="1" index="4" bw="0" slack="2147483647"/>
</pin_list>
<bind>
<opcode="switch(3) " fcode="switch"/>
<opset="switch_ln36/1 "/>
</bind>
</comp>

<comp id="238" class="1004" name="store_ln34_store_fu_238">
<pin_list>
<pin id="239" dir="0" index="0" bw="7" slack="0"/>
<pin id="240" dir="0" index="1" bw="7" slack="0"/>
<pin id="241" dir="1" index="2" bw="0" slack="2147483647"/>
</pin_list>
<bind>
<opcode="store(28) " fcode="store"/>
<opset="store_ln34/1 "/>
</bind>
</comp>

<comp id="243" class="1004" name="shl_ln_fu_243">
<pin_list>
<pin id="244" dir="0" index="0" bw="40" slack="0"/>
<pin id="245" dir="0" index="1" bw="24" slack="0"/>
<pin id="246" dir="0" index="2" bw="1" slack="0"/>
<pin id="247" dir="1" index="3" bw="40" slack="0"/>
</pin_list>
<bind>
<opcode="bitconcatenate(1004) " fcode="bitconcatenate"/>
<opset="shl_ln/2 "/>
</bind>
</comp>

<comp id="251" class="1004" name="grp_fu_251">
<pin_list>
<pin id="252" dir="0" index="0" bw="40" slack="0"/>
<pin id="253" dir="0" index="1" bw="24" slack="1"/>
<pin id="254" dir="1" index="2" bw="40" slack="0"/>
</pin_list>
<bind>
<opcode="sdiv(15) " fcode="sdiv"/>
<opset="sdiv_ln36/2 "/>
</bind>
</comp>

<comp id="256" class="1004" name="tmp_s_fu_256">
<pin_list>
<pin id="257" dir="0" index="0" bw="12" slack="0"/>
<pin id="258" dir="0" index="1" bw="8" slack="44"/>
<pin id="259" dir="0" index="2" bw="4" slack="44"/>
<pin id="260" dir="1" index="3" bw="12" slack="0"/>
</pin_list>
<bind>
<opcode="bitconcatenate(1004) " fcode="bitconcatenate"/>
<opset="tmp_s/45 "/>
</bind>
</comp>

<comp id="262" class="1004" name="zext_ln36_fu_262">
<pin_list>
<pin id="263" dir="0" index="0" bw="12" slack="0"/>
<pin id="264" dir="1" index="1" bw="64" slack="0"/>
</pin_list>
<bind>
<opcode="zext(34) " fcode="zext"/>
<opset="zext_ln36/45 "/>
</bind>
</comp>

<comp id="270" class="1004" name="tmp_fu_270">
<pin_list>
<pin id="271" dir="0" index="0" bw="1" slack="0"/>
<pin id="272" dir="0" index="1" bw="40" slack="0"/>
<pin id="273" dir="0" index="2" bw="7" slack="0"/>
<pin id="274" dir="1" index="3" bw="1" slack="0"/>
</pin_list>
<bind>
<opcode="bitselect(1000) " fcode="bitselect"/>
<opset="tmp/45 "/>
</bind>
</comp>

<comp id="278" class="1004" name="trunc_ln36_fu_278">
<pin_list>
<pin id="279" dir="0" index="0" bw="40" slack="0"/>
<pin id="280" dir="1" index="1" bw="24" slack="0"/>
</pin_list>
<bind>
<opcode="trunc(33) " fcode="trunc"/>
<opset="trunc_ln36/45 "/>
</bind>
</comp>

<comp id="282" class="1004" name="tmp_668_fu_282">
<pin_list>
<pin id="283" dir="0" index="0" bw="1" slack="0"/>
<pin id="284" dir="0" index="1" bw="40" slack="0"/>
<pin id="285" dir="0" index="2" bw="6" slack="0"/>
<pin id="286" dir="1" index="3" bw="1" slack="0"/>
</pin_list>
<bind>
<opcode="bitselect(1000) " fcode="bitselect"/>
<opset="tmp_668/45 "/>
</bind>
</comp>

<comp id="290" class="1004" name="tmp_542_fu_290">
<pin_list>
<pin id="291" dir="0" index="0" bw="16" slack="0"/>
<pin id="292" dir="0" index="1" bw="40" slack="0"/>
<pin id="293" dir="0" index="2" bw="6" slack="0"/>
<pin id="294" dir="0" index="3" bw="7" slack="0"/>
<pin id="295" dir="1" index="4" bw="16" slack="0"/>
</pin_list>
<bind>
<opcode="partselect(1002) " fcode="partselect"/>
<opset="tmp_542/45 "/>
</bind>
</comp>

<comp id="300" class="1004" name="icmp_ln36_fu_300">
<pin_list>
<pin id="301" dir="0" index="0" bw="16" slack="0"/>
<pin id="302" dir="0" index="1" bw="1" slack="0"/>
<pin id="303" dir="1" index="2" bw="1" slack="0"/>
</pin_list>
<bind>
<opcode="icmp(45) " fcode="icmp"/>
<opset="icmp_ln36/45 "/>
</bind>
</comp>

<comp id="306" class="1004" name="icmp_ln36_1_fu_306">
<pin_list>
<pin id="307" dir="0" index="0" bw="16" slack="0"/>
<pin id="308" dir="0" index="1" bw="1" slack="0"/>
<pin id="309" dir="1" index="2" bw="1" slack="0"/>
</pin_list>
<bind>
<opcode="icmp(45) " fcode="icmp"/>
<opset="icmp_ln36_1/45 "/>
</bind>
</comp>

<comp id="312" class="1004" name="or_ln36_fu_312">
<pin_list>
<pin id="313" dir="0" index="0" bw="1" slack="0"/>
<pin id="314" dir="0" index="1" bw="1" slack="0"/>
<pin id="315" dir="1" index="2" bw="1" slack="0"/>
</pin_list>
<bind>
<opcode="or(24) " fcode="or"/>
<opset="or_ln36/45 "/>
</bind>
</comp>

<comp id="318" class="1004" name="xor_ln36_fu_318">
<pin_list>
<pin id="319" dir="0" index="0" bw="1" slack="0"/>
<pin id="320" dir="0" index="1" bw="1" slack="0"/>
<pin id="321" dir="1" index="2" bw="1" slack="0"/>
</pin_list>
<bind>
<opcode="xor(25) " fcode="xor"/>
<opset="xor_ln36/45 "/>
</bind>
</comp>

<comp id="324" class="1004" name="and_ln36_fu_324">
<pin_list>
<pin id="325" dir="0" index="0" bw="1" slack="0"/>
<pin id="326" dir="0" index="1" bw="1" slack="0"/>
<pin id="327" dir="1" index="2" bw="1" slack="0"/>
</pin_list>
<bind>
<opcode="and(23) " fcode="and"/>
<opset="and_ln36/45 "/>
</bind>
</comp>

<comp id="330" class="1004" name="xor_ln36_1_fu_330">
<pin_list>
<pin id="331" dir="0" index="0" bw="1" slack="0"/>
<pin id="332" dir="0" index="1" bw="1" slack="0"/>
<pin id="333" dir="1" index="2" bw="1" slack="0"/>
</pin_list>
<bind>
<opcode="xor(25) " fcode="xor"/>
<opset="xor_ln36_1/45 "/>
</bind>
</comp>

<comp id="336" class="1004" name="or_ln36_1_fu_336">
<pin_list>
<pin id="337" dir="0" index="0" bw="1" slack="0"/>
<pin id="338" dir="0" index="1" bw="1" slack="0"/>
<pin id="339" dir="1" index="2" bw="1" slack="0"/>
</pin_list>
<bind>
<opcode="or(24) " fcode="or"/>
<opset="or_ln36_1/45 "/>
</bind>
</comp>

<comp id="342" class="1004" name="and_ln36_1_fu_342">
<pin_list>
<pin id="343" dir="0" index="0" bw="1" slack="0"/>
<pin id="344" dir="0" index="1" bw="1" slack="0"/>
<pin id="345" dir="1" index="2" bw="1" slack="0"/>
</pin_list>
<bind>
<opcode="and(23) " fcode="and"/>
<opset="and_ln36_1/45 "/>
</bind>
</comp>

<comp id="348" class="1004" name="select_ln36_fu_348">
<pin_list>
<pin id="349" dir="0" index="0" bw="1" slack="0"/>
<pin id="350" dir="0" index="1" bw="24" slack="0"/>
<pin id="351" dir="0" index="2" bw="24" slack="0"/>
<pin id="352" dir="1" index="3" bw="24" slack="0"/>
</pin_list>
<bind>
<opcode="select(49) " fcode="select"/>
<opset="select_ln36/45 "/>
</bind>
</comp>

<comp id="356" class="1004" name="or_ln36_2_fu_356">
<pin_list>
<pin id="357" dir="0" index="0" bw="1" slack="0"/>
<pin id="358" dir="0" index="1" bw="1" slack="0"/>
<pin id="359" dir="1" index="2" bw="1" slack="0"/>
</pin_list>
<bind>
<opcode="or(24) " fcode="or"/>
<opset="or_ln36_2/45 "/>
</bind>
</comp>

<comp id="362" class="1004" name="select_ln36_1_fu_362">
<pin_list>
<pin id="363" dir="0" index="0" bw="1" slack="0"/>
<pin id="364" dir="0" index="1" bw="24" slack="0"/>
<pin id="365" dir="0" index="2" bw="24" slack="0"/>
<pin id="366" dir="1" index="3" bw="24" slack="0"/>
</pin_list>
<bind>
<opcode="select(49) " fcode="select"/>
<opset="select_ln36_1/45 "/>
</bind>
</comp>

<comp id="374" class="1005" name="j_1_reg_374">
<pin_list>
<pin id="375" dir="0" index="0" bw="7" slack="0"/>
<pin id="376" dir="1" index="1" bw="7" slack="0"/>
</pin_list>
<bind>
<opset="j_1 "/>
</bind>
</comp>

<comp id="381" class="1005" name="i_read_reg_381">
<pin_list>
<pin id="382" dir="0" index="0" bw="8" slack="44"/>
<pin id="383" dir="1" index="1" bw="8" slack="44"/>
</pin_list>
<bind>
<opset="i_read "/>
</bind>
</comp>

<comp id="386" class="1005" name="conv_i421_cast_reg_386">
<pin_list>
<pin id="387" dir="0" index="0" bw="40" slack="1"/>
<pin id="388" dir="1" index="1" bw="40" slack="1"/>
</pin_list>
<bind>
<opset="conv_i421_cast "/>
</bind>
</comp>

<comp id="391" class="1005" name="icmp_ln34_reg_391">
<pin_list>
<pin id="392" dir="0" index="0" bw="1" slack="43"/>
<pin id="393" dir="1" index="1" bw="1" slack="2147483647"/>
</pin_list>
<bind>
<opset="icmp_ln34 "/>
</bind>
</comp>

<comp id="395" class="1005" name="A_addr_reg_395">
<pin_list>
<pin id="396" dir="0" index="0" bw="14" slack="1"/>
<pin id="397" dir="1" index="1" bw="14" slack="1"/>
</pin_list>
<bind>
<opset="A_addr "/>
</bind>
</comp>

<comp id="400" class="1005" name="trunc_ln34_reg_400">
<pin_list>
<pin id="401" dir="0" index="0" bw="2" slack="44"/>
<pin id="402" dir="1" index="1" bw="2" slack="2147483647"/>
</pin_list>
<bind>
<opset="trunc_ln34 "/>
</bind>
</comp>

<comp id="404" class="1005" name="lshr_ln_reg_404">
<pin_list>
<pin id="405" dir="0" index="0" bw="4" slack="44"/>
<pin id="406" dir="1" index="1" bw="4" slack="44"/>
</pin_list>
<bind>
<opset="lshr_ln "/>
</bind>
</comp>

<comp id="409" class="1005" name="shl_ln_reg_409">
<pin_list>
<pin id="410" dir="0" index="0" bw="40" slack="1"/>
<pin id="411" dir="1" index="1" bw="40" slack="1"/>
</pin_list>
<bind>
<opset="shl_ln "/>
</bind>
</comp>

</comp_list>

<net_list>
<net id="91"><net_src comp="16" pin="0"/><net_sink comp="88" pin=0"/></net>

<net id="96"><net_src comp="18" pin="0"/><net_sink comp="92" pin=0"/></net>

<net id="97"><net_src comp="6" pin="0"/><net_sink comp="92" pin=1"/></net>

<net id="102"><net_src comp="20" pin="0"/><net_sink comp="98" pin=0"/></net>

<net id="103"><net_src comp="4" pin="0"/><net_sink comp="98" pin=1"/></net>

<net id="108"><net_src comp="22" pin="0"/><net_sink comp="104" pin=0"/></net>

<net id="109"><net_src comp="0" pin="0"/><net_sink comp="104" pin=1"/></net>

<net id="115"><net_src comp="2" pin="0"/><net_sink comp="110" pin=0"/></net>

<net id="116"><net_src comp="40" pin="0"/><net_sink comp="110" pin=1"/></net>

<net id="122"><net_src comp="110" pin="3"/><net_sink comp="117" pin=0"/></net>

<net id="128"><net_src comp="8" pin="0"/><net_sink comp="123" pin=0"/></net>

<net id="129"><net_src comp="40" pin="0"/><net_sink comp="123" pin=1"/></net>

<net id="135"><net_src comp="10" pin="0"/><net_sink comp="130" pin=0"/></net>

<net id="136"><net_src comp="40" pin="0"/><net_sink comp="130" pin=1"/></net>

<net id="142"><net_src comp="12" pin="0"/><net_sink comp="137" pin=0"/></net>

<net id="143"><net_src comp="40" pin="0"/><net_sink comp="137" pin=1"/></net>

<net id="149"><net_src comp="14" pin="0"/><net_sink comp="144" pin=0"/></net>

<net id="150"><net_src comp="40" pin="0"/><net_sink comp="144" pin=1"/></net>

<net id="156"><net_src comp="137" pin="3"/><net_sink comp="151" pin=0"/></net>

<net id="162"><net_src comp="130" pin="3"/><net_sink comp="157" pin=0"/></net>

<net id="168"><net_src comp="123" pin="3"/><net_sink comp="163" pin=0"/></net>

<net id="174"><net_src comp="144" pin="3"/><net_sink comp="169" pin=0"/></net>

<net id="178"><net_src comp="92" pin="2"/><net_sink comp="175" pin=0"/></net>

<net id="183"><net_src comp="34" pin="0"/><net_sink comp="179" pin=0"/></net>

<net id="191"><net_src comp="184" pin="1"/><net_sink comp="187" pin=0"/></net>

<net id="192"><net_src comp="36" pin="0"/><net_sink comp="187" pin=1"/></net>

<net id="197"><net_src comp="184" pin="1"/><net_sink comp="193" pin=0"/></net>

<net id="198"><net_src comp="38" pin="0"/><net_sink comp="193" pin=1"/></net>

<net id="202"><net_src comp="184" pin="1"/><net_sink comp="199" pin=0"/></net>

<net id="207"><net_src comp="104" pin="2"/><net_sink comp="203" pin=0"/></net>

<net id="208"><net_src comp="199" pin="1"/><net_sink comp="203" pin=1"/></net>

<net id="212"><net_src comp="203" pin="2"/><net_sink comp="209" pin=0"/></net>

<net id="213"><net_src comp="209" pin="1"/><net_sink comp="110" pin=2"/></net>

<net id="217"><net_src comp="184" pin="1"/><net_sink comp="214" pin=0"/></net>

<net id="224"><net_src comp="42" pin="0"/><net_sink comp="218" pin=0"/></net>

<net id="225"><net_src comp="184" pin="1"/><net_sink comp="218" pin=1"/></net>

<net id="226"><net_src comp="44" pin="0"/><net_sink comp="218" pin=2"/></net>

<net id="227"><net_src comp="46" pin="0"/><net_sink comp="218" pin=3"/></net>

<net id="234"><net_src comp="214" pin="1"/><net_sink comp="228" pin=0"/></net>

<net id="235"><net_src comp="48" pin="0"/><net_sink comp="228" pin=1"/></net>

<net id="236"><net_src comp="50" pin="0"/><net_sink comp="228" pin=2"/></net>

<net id="237"><net_src comp="52" pin="0"/><net_sink comp="228" pin=3"/></net>

<net id="242"><net_src comp="193" pin="2"/><net_sink comp="238" pin=0"/></net>

<net id="248"><net_src comp="54" pin="0"/><net_sink comp="243" pin=0"/></net>

<net id="249"><net_src comp="117" pin="3"/><net_sink comp="243" pin=1"/></net>

<net id="250"><net_src comp="56" pin="0"/><net_sink comp="243" pin=2"/></net>

<net id="255"><net_src comp="243" pin="3"/><net_sink comp="251" pin=0"/></net>

<net id="261"><net_src comp="68" pin="0"/><net_sink comp="256" pin=0"/></net>

<net id="265"><net_src comp="256" pin="3"/><net_sink comp="262" pin=0"/></net>

<net id="266"><net_src comp="262" pin="1"/><net_sink comp="123" pin=2"/></net>

<net id="267"><net_src comp="262" pin="1"/><net_sink comp="130" pin=2"/></net>

<net id="268"><net_src comp="262" pin="1"/><net_sink comp="137" pin=2"/></net>

<net id="269"><net_src comp="262" pin="1"/><net_sink comp="144" pin=2"/></net>

<net id="275"><net_src comp="70" pin="0"/><net_sink comp="270" pin=0"/></net>

<net id="276"><net_src comp="251" pin="2"/><net_sink comp="270" pin=1"/></net>

<net id="277"><net_src comp="72" pin="0"/><net_sink comp="270" pin=2"/></net>

<net id="281"><net_src comp="251" pin="2"/><net_sink comp="278" pin=0"/></net>

<net id="287"><net_src comp="70" pin="0"/><net_sink comp="282" pin=0"/></net>

<net id="288"><net_src comp="251" pin="2"/><net_sink comp="282" pin=1"/></net>

<net id="289"><net_src comp="74" pin="0"/><net_sink comp="282" pin=2"/></net>

<net id="296"><net_src comp="76" pin="0"/><net_sink comp="290" pin=0"/></net>

<net id="297"><net_src comp="251" pin="2"/><net_sink comp="290" pin=1"/></net>

<net id="298"><net_src comp="78" pin="0"/><net_sink comp="290" pin=2"/></net>

<net id="299"><net_src comp="72" pin="0"/><net_sink comp="290" pin=3"/></net>

<net id="304"><net_src comp="290" pin="4"/><net_sink comp="300" pin=0"/></net>

<net id="305"><net_src comp="80" pin="0"/><net_sink comp="300" pin=1"/></net>

<net id="310"><net_src comp="290" pin="4"/><net_sink comp="306" pin=0"/></net>

<net id="311"><net_src comp="56" pin="0"/><net_sink comp="306" pin=1"/></net>

<net id="316"><net_src comp="282" pin="3"/><net_sink comp="312" pin=0"/></net>

<net id="317"><net_src comp="306" pin="2"/><net_sink comp="312" pin=1"/></net>

<net id="322"><net_src comp="270" pin="3"/><net_sink comp="318" pin=0"/></net>

<net id="323"><net_src comp="82" pin="0"/><net_sink comp="318" pin=1"/></net>

<net id="328"><net_src comp="312" pin="2"/><net_sink comp="324" pin=0"/></net>

<net id="329"><net_src comp="318" pin="2"/><net_sink comp="324" pin=1"/></net>

<net id="334"><net_src comp="282" pin="3"/><net_sink comp="330" pin=0"/></net>

<net id="335"><net_src comp="82" pin="0"/><net_sink comp="330" pin=1"/></net>

<net id="340"><net_src comp="300" pin="2"/><net_sink comp="336" pin=0"/></net>

<net id="341"><net_src comp="330" pin="2"/><net_sink comp="336" pin=1"/></net>

<net id="346"><net_src comp="336" pin="2"/><net_sink comp="342" pin=0"/></net>

<net id="347"><net_src comp="270" pin="3"/><net_sink comp="342" pin=1"/></net>

<net id="353"><net_src comp="324" pin="2"/><net_sink comp="348" pin=0"/></net>

<net id="354"><net_src comp="84" pin="0"/><net_sink comp="348" pin=1"/></net>

<net id="355"><net_src comp="86" pin="0"/><net_sink comp="348" pin=2"/></net>

<net id="360"><net_src comp="324" pin="2"/><net_sink comp="356" pin=0"/></net>

<net id="361"><net_src comp="342" pin="2"/><net_sink comp="356" pin=1"/></net>

<net id="367"><net_src comp="356" pin="2"/><net_sink comp="362" pin=0"/></net>

<net id="368"><net_src comp="348" pin="3"/><net_sink comp="362" pin=1"/></net>

<net id="369"><net_src comp="278" pin="1"/><net_sink comp="362" pin=2"/></net>

<net id="370"><net_src comp="362" pin="3"/><net_sink comp="151" pin=1"/></net>

<net id="371"><net_src comp="362" pin="3"/><net_sink comp="157" pin=1"/></net>

<net id="372"><net_src comp="362" pin="3"/><net_sink comp="163" pin=1"/></net>

<net id="373"><net_src comp="362" pin="3"/><net_sink comp="169" pin=1"/></net>

<net id="377"><net_src comp="88" pin="1"/><net_sink comp="374" pin=0"/></net>

<net id="378"><net_src comp="374" pin="1"/><net_sink comp="179" pin=1"/></net>

<net id="379"><net_src comp="374" pin="1"/><net_sink comp="184" pin=0"/></net>

<net id="380"><net_src comp="374" pin="1"/><net_sink comp="238" pin=1"/></net>

<net id="384"><net_src comp="98" pin="2"/><net_sink comp="381" pin=0"/></net>

<net id="385"><net_src comp="381" pin="1"/><net_sink comp="256" pin=1"/></net>

<net id="389"><net_src comp="175" pin="1"/><net_sink comp="386" pin=0"/></net>

<net id="390"><net_src comp="386" pin="1"/><net_sink comp="251" pin=1"/></net>

<net id="394"><net_src comp="187" pin="2"/><net_sink comp="391" pin=0"/></net>

<net id="398"><net_src comp="110" pin="3"/><net_sink comp="395" pin=0"/></net>

<net id="399"><net_src comp="395" pin="1"/><net_sink comp="117" pin=0"/></net>

<net id="403"><net_src comp="214" pin="1"/><net_sink comp="400" pin=0"/></net>

<net id="407"><net_src comp="218" pin="4"/><net_sink comp="404" pin=0"/></net>

<net id="408"><net_src comp="404" pin="1"/><net_sink comp="256" pin=2"/></net>

<net id="412"><net_src comp="243" pin="3"/><net_sink comp="409" pin=0"/></net>

<net id="413"><net_src comp="409" pin="1"/><net_sink comp="251" pin=0"/></net>

</net_list>

</model> 
---------------- Datapath Model END ------------------

* FSMD analyzer results:
  - Output states:
	Port: top_kernel_ap_fixed_64_ap_fixed_24_8_0_0_0_64_tmp_3 | {45 }
	Port: top_kernel_ap_fixed_64_ap_fixed_24_8_0_0_0_64_tmp_2 | {45 }
	Port: top_kernel_ap_fixed_64_ap_fixed_24_8_0_0_0_64_tmp_1 | {45 }
	Port: top_kernel_ap_fixed_64_ap_fixed_24_8_0_0_0_64_tmp | {45 }
 - Input state : 
	Port: top_kernel_Pipeline_phase1_norm : zext_ln27 | {1 }
	Port: top_kernel_Pipeline_phase1_norm : A | {1 2 }
	Port: top_kernel_Pipeline_phase1_norm : i | {1 }
	Port: top_kernel_Pipeline_phase1_norm : conv_i421 | {1 }
  - Chain level:
	State 1
		store_ln34 : 1
		j : 1
		icmp_ln34 : 2
		add_ln34 : 2
		br_ln34 : 3
		zext_ln36_1 : 2
		add_ln36 : 3
		zext_ln36_2 : 4
		A_addr : 5
		trunc_ln34 : 2
		lshr_ln : 2
		A_load : 6
		switch_ln36 : 3
		store_ln34 : 3
	State 2
		shl_ln : 1
		sdiv_ln36 : 2
	State 3
	State 4
	State 5
	State 6
	State 7
	State 8
	State 9
	State 10
	State 11
	State 12
	State 13
	State 14
	State 15
	State 16
	State 17
	State 18
	State 19
	State 20
	State 21
	State 22
	State 23
	State 24
	State 25
	State 26
	State 27
	State 28
	State 29
	State 30
	State 31
	State 32
	State 33
	State 34
	State 35
	State 36
	State 37
	State 38
	State 39
	State 40
	State 41
	State 42
	State 43
	State 44
	State 45
		zext_ln36 : 1
		top_kernel_ap_fixed_64_ap_fixed_24_8_0_0_0_64_tmp_3_addr : 2
		top_kernel_ap_fixed_64_ap_fixed_24_8_0_0_0_64_tmp_2_addr : 2
		top_kernel_ap_fixed_64_ap_fixed_24_8_0_0_0_64_tmp_1_addr : 2
		top_kernel_ap_fixed_64_ap_fixed_24_8_0_0_0_64_tmp_addr : 2
		tmp : 1
		trunc_ln36 : 1
		tmp_668 : 1
		tmp_542 : 1
		icmp_ln36 : 2
		icmp_ln36_1 : 2
		or_ln36 : 3
		xor_ln36 : 2
		and_ln36 : 3
		xor_ln36_1 : 2
		or_ln36_1 : 3
		and_ln36_1 : 3
		select_ln36 : 3
		or_ln36_2 : 3
		select_ln36_1 : 3
		store_ln36 : 4
		store_ln36 : 4
		store_ln36 : 4
		store_ln36 : 4


============================================================
+ Verbose Summary: Datapath Resource usage 
============================================================

* Functional unit list:
|----------|----------------------------|---------|---------|
| Operation|       Functional Unit      |    FF   |   LUT   |
|----------|----------------------------|---------|---------|
|   sdiv   |         grp_fu_251         |   3491  |   2666  |
|----------|----------------------------|---------|---------|
|          |      icmp_ln34_fu_187      |    0    |    14   |
|   icmp   |      icmp_ln36_fu_300      |    0    |    23   |
|          |     icmp_ln36_1_fu_306     |    0    |    23   |
|----------|----------------------------|---------|---------|
|  select  |     select_ln36_fu_348     |    0    |    24   |
|          |    select_ln36_1_fu_362    |    0    |    24   |
|----------|----------------------------|---------|---------|
|    add   |       add_ln34_fu_193      |    0    |    14   |
|          |       add_ln36_fu_203      |    0    |    21   |
|----------|----------------------------|---------|---------|
|          |       or_ln36_fu_312       |    0    |    2    |
|    or    |      or_ln36_1_fu_336      |    0    |    2    |
|          |      or_ln36_2_fu_356      |    0    |    2    |
|----------|----------------------------|---------|---------|
|    xor   |       xor_ln36_fu_318      |    0    |    2    |
|          |      xor_ln36_1_fu_330     |    0    |    2    |
|----------|----------------------------|---------|---------|
|    and   |       and_ln36_fu_324      |    0    |    2    |
|          |      and_ln36_1_fu_342     |    0    |    2    |
|----------|----------------------------|---------|---------|
|          |  conv_i421_read_read_fu_92 |    0    |    0    |
|   read   |      i_read_read_fu_98     |    0    |    0    |
|          | zext_ln27_read_read_fu_104 |    0    |    0    |
|----------|----------------------------|---------|---------|
|   sext   |    conv_i421_cast_fu_175   |    0    |    0    |
|----------|----------------------------|---------|---------|
|          |     zext_ln36_1_fu_199     |    0    |    0    |
|   zext   |     zext_ln36_2_fu_209     |    0    |    0    |
|          |      zext_ln36_fu_262      |    0    |    0    |
|----------|----------------------------|---------|---------|
|   trunc  |      trunc_ln34_fu_214     |    0    |    0    |
|          |      trunc_ln36_fu_278     |    0    |    0    |
|----------|----------------------------|---------|---------|
|partselect|       lshr_ln_fu_218       |    0    |    0    |
|          |       tmp_542_fu_290       |    0    |    0    |
|----------|----------------------------|---------|---------|
|  switch  |     switch_ln36_fu_228     |    0    |    0    |
|----------|----------------------------|---------|---------|
|bitconcatenate|        shl_ln_fu_243       |    0    |    0    |
|          |        tmp_s_fu_256        |    0    |    0    |
|----------|----------------------------|---------|---------|
| bitselect|         tmp_fu_270         |    0    |    0    |
|          |       tmp_668_fu_282       |    0    |    0    |
|----------|----------------------------|---------|---------|
|   Total  |                            |   3491  |   2823  |
|----------|----------------------------|---------|---------|

Memories:
N/A

* Register list:
+----------------------+--------+
|                      |   FF   |
+----------------------+--------+
|    A_addr_reg_395    |   14   |
|conv_i421_cast_reg_386|   40   |
|    i_read_reg_381    |    8   |
|   icmp_ln34_reg_391  |    1   |
|      j_1_reg_374     |    7   |
|    lshr_ln_reg_404   |    4   |
|    shl_ln_reg_409    |   40   |
|  trunc_ln34_reg_400  |    2   |
+----------------------+--------+
|         Total        |   116  |
+----------------------+--------+

* Multiplexer (MUX) list: 
|-------------------|------|------|------|--------||---------||---------||---------|
|        Comp       |  Pin | Size |  BW  | S x BW ||  Delay  ||    FF   ||   LUT   |
|-------------------|------|------|------|--------||---------||---------||---------|
| grp_access_fu_117 |  p0  |   2  |  14  |   28   ||    0    ||    9    |
|     grp_fu_251    |  p0  |   2  |  40  |   80   ||    0    ||    9    |
|-------------------|------|------|------|--------||---------||---------||---------|
|       Total       |      |      |      |   108  ||  0.978  ||    0    ||    18   |
|-------------------|------|------|------|--------||---------||---------||---------|



* Summary:
+-----------+--------+--------+--------+
|           |  Delay |   FF   |   LUT  |
+-----------+--------+--------+--------+
|  Function |    -   |  3491  |  2823  |
|   Memory  |    -   |    -   |    -   |
|Multiplexer|    0   |    0   |   18   |
|  Register |    -   |   116  |    -   |
+-----------+--------+--------+--------+
|   Total   |    0   |  3607  |  2841  |
+-----------+--------+--------+--------+
