

================================================================
== Vitis HLS Report for 'top_kernel_Pipeline_VITIS_LOOP_36_3'
================================================================
* Date:           Thu Jan 29 15:34:52 2026

* Version:        2025.1.1 (Build 6214317 on Sep 11 2025)
* Project:        project_1
* Solution:       hls (Vivado IP Flow Target)
* Product family: zynquplus
* Target device:  xczu3eg-sbva484-1-e


================================================================
== Performance Estimates
================================================================
+ Timing: 
    * Summary: 
    +--------+----------+----------+------------+
    |  Clock |  Target  | Estimated| Uncertainty|
    +--------+----------+----------+------------+
    |ap_clk  |  10.00 ns|  3.385 ns|     2.70 ns|
    +--------+----------+----------+------------+

+ Latency: 
    * Summary: 
    +---------+---------+----------+----------+-----+-----+------------------------------------------------+
    |  Latency (cycles) |  Latency (absolute) |  Interval |                    Pipeline                    |
    |   min   |   max   |    min   |    max   | min | max |                      Type                      |
    +---------+---------+----------+----------+-----+-----+------------------------------------------------+
    |       66|       66|  0.660 us|  0.660 us|   65|   65|  loop auto-rewind stp (delay=0 clock cycles(s))|
    +---------+---------+----------+----------+-----+-----+------------------------------------------------+

    + Detail: 
        * Instance: 
        N/A

        * Loop: 
        +-------------------+---------+---------+----------+-----------+-----------+------+----------+
        |                   |  Latency (cycles) | Iteration|  Initiation Interval  | Trip |          |
        |     Loop Name     |   min   |   max   |  Latency |  achieved |   target  | Count| Pipelined|
        +-------------------+---------+---------+----------+-----------+-----------+------+----------+
        |- VITIS_LOOP_36_3  |       64|       64|         2|          1|          1|    64|       yes|
        +-------------------+---------+---------+----------+-----------+-----------+------+----------+

============================================================
+ Verbose Summary: Synthesis Manager
============================================================
InlineROM: 1
ExposeGlobal: 0
============================================================
+ Verbose Summary: CDFG Model
============================================================
IsTopModel: 0
ResetActiveHigh: 1
IsCombinational: 0
IsDatapathOnly: 0
HasWiredReturn: 1
HasMFsm: 2
HasVarLatency: 1
IsPipeline: 0
IsRtlPipelined: 0
IsInstanceOverlapped: 0
IsDontTouch: 0
HasImplIP: 0
IsGatedGlobalClock: 0

+ Individual pipeline summary: 
  * Pipeline-0: initiation interval (II) = 1, depth = 2


============================================================
+ Verbose Summary: Schedule
============================================================
* Number of FSM states : 2
* Pipeline : 1
  Pipeline-0 : II = 1, D = 2, States = { 1 2 }
* Dataflow Pipeline: 0

* FSM state transitions: 
1 --> 2 
2 --> 

* FSM state operations: 

State 1 <SV = 0> <Delay = 2.82>
ST_1 : Operation 5 [1/1] (0.00ns)   --->   "%empty = alloca i32 1"   --->   Operation 5 'alloca' 'empty' <Predicate = true> <Delay = 0.00>
ST_1 : Operation 6 [1/1] (0.00ns)   --->   "%j_1 = alloca i32 1" [top.cpp:36]   --->   Operation 6 'alloca' 'j_1' <Predicate = true> <Delay = 0.00>
ST_1 : Operation 7 [1/1] (0.00ns)   --->   "%specinterface_ln0 = specinterface void @_ssdm_op_SpecInterface, i24 %A, void @empty_5, i32 0, i32 0, void @empty_2, i32 4294967295, i32 0, void @empty_2, void @empty_2, void @empty_2, i32 0, i32 0, i32 0, i32 0, void @empty_2, void @empty_2, i32 4294967295, i32 0, i32 0"   --->   Operation 7 'specinterface' 'specinterface_ln0' <Predicate = true> <Delay = 0.00>
ST_1 : Operation 8 [1/1] (0.00ns)   --->   "%zext_ln38_read = read i14 @_ssdm_op_Read.ap_auto.i14, i14 %zext_ln38"   --->   Operation 8 'read' 'zext_ln38_read' <Predicate = true> <Delay = 0.00>
ST_1 : Operation 9 [1/1] (0.48ns)   --->   "%store_ln36 = store i7 0, i7 %j_1" [top.cpp:36]   --->   Operation 9 'store' 'store_ln36' <Predicate = true> <Delay = 0.48>
ST_1 : Operation 10 [1/1] (0.48ns)   --->   "%store_ln0 = store i24 0, i24 %empty"   --->   Operation 10 'store' 'store_ln0' <Predicate = true> <Delay = 0.48>
ST_1 : Operation 11 [1/1] (0.00ns)   --->   "%br_ln0 = br void %for.body9"   --->   Operation 11 'br' 'br_ln0' <Predicate = true> <Delay = 0.00>
ST_1 : Operation 12 [1/1] (0.00ns)   --->   "%j = load i7 %j_1" [top.cpp:36]   --->   Operation 12 'load' 'j' <Predicate = true> <Delay = 0.00>
ST_1 : Operation 13 [1/1] (0.89ns)   --->   "%icmp_ln36 = icmp_eq  i7 %j, i7 64" [top.cpp:36]   --->   Operation 13 'icmp' 'icmp_ln36' <Predicate = true> <Delay = 0.89> <CoreInst = "Cmp">   --->   Core 9 'Cmp' <Latency = 0> <II = 1> <Delay = 0.89> <FuncUnit> <Opcode : 'seteq' 'setne' 'setle' 'setge' 'setlt' 'setgt'> <InPorts = 2> <OutPorts = 1>
ST_1 : Operation 14 [1/1] (0.89ns)   --->   "%add_ln36 = add i7 %j, i7 1" [top.cpp:36]   --->   Operation 14 'add' 'add_ln36' <Predicate = true> <Delay = 0.89> <CoreInst = "Adder">   --->   Core 1 'Adder' <Latency = 0> <II = 1> <Delay = 0.89> <FuncUnit> <Opcode : 'add' 'sub'> <InPorts = 2> <OutPorts = 1>
ST_1 : Operation 15 [1/1] (0.00ns)   --->   "%br_ln36 = br i1 %icmp_ln36, void %for.body9.split, void %for.end18.exitStub" [top.cpp:36]   --->   Operation 15 'br' 'br_ln36' <Predicate = true> <Delay = 0.00>
ST_1 : Operation 16 [1/1] (0.00ns)   --->   "%zext_ln38_1 = zext i7 %j" [top.cpp:38]   --->   Operation 16 'zext' 'zext_ln38_1' <Predicate = (!icmp_ln36)> <Delay = 0.00>
ST_1 : Operation 17 [1/1] (0.98ns)   --->   "%add_ln38 = add i14 %zext_ln38_read, i14 %zext_ln38_1" [top.cpp:38]   --->   Operation 17 'add' 'add_ln38' <Predicate = (!icmp_ln36)> <Delay = 0.98> <CoreInst = "Adder">   --->   Core 1 'Adder' <Latency = 0> <II = 1> <Delay = 0.98> <FuncUnit> <Opcode : 'add' 'sub'> <InPorts = 2> <OutPorts = 1>
ST_1 : Operation 18 [1/1] (0.00ns)   --->   "%zext_ln38_2 = zext i14 %add_ln38" [top.cpp:38]   --->   Operation 18 'zext' 'zext_ln38_2' <Predicate = (!icmp_ln36)> <Delay = 0.00>
ST_1 : Operation 19 [1/1] (0.00ns)   --->   "%A_addr = getelementptr i24 %A, i64 0, i64 %zext_ln38_2" [top.cpp:38]   --->   Operation 19 'getelementptr' 'A_addr' <Predicate = (!icmp_ln36)> <Delay = 0.00>
ST_1 : Operation 20 [1/1] (0.00ns)   --->   "%trunc_ln36 = trunc i7 %j" [top.cpp:36]   --->   Operation 20 'trunc' 'trunc_ln36' <Predicate = (!icmp_ln36)> <Delay = 0.00>
ST_1 : Operation 21 [1/1] (0.00ns)   --->   "%lshr_ln = partselect i3 @_ssdm_op_PartSelect.i3.i7.i32.i32, i7 %j, i32 3, i32 5" [top.cpp:36]   --->   Operation 21 'partselect' 'lshr_ln' <Predicate = (!icmp_ln36)> <Delay = 0.00>
ST_1 : Operation 22 [2/2] (1.35ns)   --->   "%a = load i14 %A_addr" [top.cpp:38]   --->   Operation 22 'load' 'a' <Predicate = (!icmp_ln36)> <Delay = 1.35> <CoreInst = "RAM">   --->   Core 82 'RAM' <Latency = 1> <II = 1> <Delay = 1.35> <Storage> <Opcode : 'load' 'store'> <Ports = 2> <Width = 24> <Depth = 16384> <RAM>
ST_1 : Operation 23 [1/1] (0.74ns)   --->   "%switch_ln39 = switch i3 %trunc_ln36, void %arrayidx15.case.7, i3 0, void %arrayidx15.case.0, i3 1, void %arrayidx15.case.1, i3 2, void %arrayidx15.case.2, i3 3, void %arrayidx15.case.3, i3 4, void %arrayidx15.case.4, i3 5, void %arrayidx15.case.5, i3 6, void %arrayidx15.case.6" [top.cpp:39]   --->   Operation 23 'switch' 'switch_ln39' <Predicate = (!icmp_ln36)> <Delay = 0.74>
ST_1 : Operation 24 [1/1] (0.48ns)   --->   "%store_ln36 = store i7 %add_ln36, i7 %j_1" [top.cpp:36]   --->   Operation 24 'store' 'store_ln36' <Predicate = (!icmp_ln36)> <Delay = 0.48>
ST_1 : Operation 68 [1/1] (0.00ns)   --->   "%p_load6 = load i24 %empty"   --->   Operation 68 'load' 'p_load6' <Predicate = (icmp_ln36)> <Delay = 0.00>
ST_1 : Operation 69 [1/1] (0.00ns)   --->   "%write_ln0 = write void @_ssdm_op_Write.ap_auto.i24P0A, i24 %p_out, i24 %p_load6"   --->   Operation 69 'write' 'write_ln0' <Predicate = (icmp_ln36)> <Delay = 0.00>
ST_1 : Operation 70 [1/1] (0.48ns)   --->   "%ret_ln0 = ret"   --->   Operation 70 'ret' 'ret_ln0' <Predicate = (icmp_ln36)> <Delay = 0.48>

State 2 <SV = 1> <Delay = 3.38>
ST_2 : Operation 25 [1/1] (0.00ns)   --->   "%specpipeline_ln37 = specpipeline void @_ssdm_op_SpecPipeline, i32 1, i32 0, i32 0, i32 0, void @empty_2" [top.cpp:37]   --->   Operation 25 'specpipeline' 'specpipeline_ln37' <Predicate = true> <Delay = 0.00>
ST_2 : Operation 26 [1/1] (0.00ns)   --->   "%speclooptripcount_ln36 = speclooptripcount void @_ssdm_op_SpecLoopTripCount, i64 64, i64 64, i64 64" [top.cpp:36]   --->   Operation 26 'speclooptripcount' 'speclooptripcount_ln36' <Predicate = true> <Delay = 0.00>
ST_2 : Operation 27 [1/1] (0.00ns)   --->   "%specloopname_ln36 = specloopname void @_ssdm_op_SpecLoopName, void @empty" [top.cpp:36]   --->   Operation 27 'specloopname' 'specloopname_ln36' <Predicate = true> <Delay = 0.00>
ST_2 : Operation 28 [1/1] (0.00ns)   --->   "%zext_ln36 = zext i3 %lshr_ln" [top.cpp:36]   --->   Operation 28 'zext' 'zext_ln36' <Predicate = true> <Delay = 0.00>
ST_2 : Operation 29 [1/2] ( I:1.35ns O:1.35ns )   --->   "%a = load i14 %A_addr" [top.cpp:38]   --->   Operation 29 'load' 'a' <Predicate = true> <Delay = 1.35> <CoreInst = "RAM">   --->   Core 82 'RAM' <Latency = 1> <II = 1> <Delay = 1.35> <Storage> <Opcode : 'load' 'store'> <Ports = 2> <Width = 24> <Depth = 16384> <RAM>
ST_2 : Operation 30 [1/1] (0.00ns)   --->   "%row_buf_addr = getelementptr i24 %row_buf, i64 0, i64 %zext_ln36" [top.cpp:39]   --->   Operation 30 'getelementptr' 'row_buf_addr' <Predicate = true> <Delay = 0.00>
ST_2 : Operation 31 [1/1] (0.00ns)   --->   "%row_buf_1_addr = getelementptr i24 %row_buf_1, i64 0, i64 %zext_ln36" [top.cpp:39]   --->   Operation 31 'getelementptr' 'row_buf_1_addr' <Predicate = true> <Delay = 0.00>
ST_2 : Operation 32 [1/1] (0.00ns)   --->   "%row_buf_2_addr = getelementptr i24 %row_buf_2, i64 0, i64 %zext_ln36" [top.cpp:39]   --->   Operation 32 'getelementptr' 'row_buf_2_addr' <Predicate = true> <Delay = 0.00>
ST_2 : Operation 33 [1/1] (0.00ns)   --->   "%row_buf_3_addr = getelementptr i24 %row_buf_3, i64 0, i64 %zext_ln36" [top.cpp:39]   --->   Operation 33 'getelementptr' 'row_buf_3_addr' <Predicate = true> <Delay = 0.00>
ST_2 : Operation 34 [1/1] (0.00ns)   --->   "%row_buf_4_addr = getelementptr i24 %row_buf_4, i64 0, i64 %zext_ln36" [top.cpp:39]   --->   Operation 34 'getelementptr' 'row_buf_4_addr' <Predicate = true> <Delay = 0.00>
ST_2 : Operation 35 [1/1] (0.00ns)   --->   "%row_buf_5_addr = getelementptr i24 %row_buf_5, i64 0, i64 %zext_ln36" [top.cpp:39]   --->   Operation 35 'getelementptr' 'row_buf_5_addr' <Predicate = true> <Delay = 0.00>
ST_2 : Operation 36 [1/1] (0.00ns)   --->   "%row_buf_6_addr = getelementptr i24 %row_buf_6, i64 0, i64 %zext_ln36" [top.cpp:39]   --->   Operation 36 'getelementptr' 'row_buf_6_addr' <Predicate = true> <Delay = 0.00>
ST_2 : Operation 37 [1/1] (0.00ns)   --->   "%row_buf_7_addr = getelementptr i24 %row_buf_7, i64 0, i64 %zext_ln36" [top.cpp:39]   --->   Operation 37 'getelementptr' 'row_buf_7_addr' <Predicate = true> <Delay = 0.00>
ST_2 : Operation 38 [1/1] ( I:0.79ns O:0.79ns )   --->   "%store_ln39 = store i24 %a, i3 %row_buf_6_addr" [top.cpp:39]   --->   Operation 38 'store' 'store_ln39' <Predicate = (trunc_ln36 == 6)> <Delay = 0.79> <CoreInst = "RAM">   --->   Core 82 'RAM' <Latency = 1> <II = 1> <Delay = 0.79> <Storage> <Opcode : 'load' 'store'> <Ports = 2> <Width = 24> <Depth = 8> <RAM>
ST_2 : Operation 39 [1/1] (0.00ns)   --->   "%br_ln39 = br void %arrayidx15.exit" [top.cpp:39]   --->   Operation 39 'br' 'br_ln39' <Predicate = (trunc_ln36 == 6)> <Delay = 0.00>
ST_2 : Operation 40 [1/1] ( I:0.79ns O:0.79ns )   --->   "%store_ln39 = store i24 %a, i3 %row_buf_5_addr" [top.cpp:39]   --->   Operation 40 'store' 'store_ln39' <Predicate = (trunc_ln36 == 5)> <Delay = 0.79> <CoreInst = "RAM">   --->   Core 82 'RAM' <Latency = 1> <II = 1> <Delay = 0.79> <Storage> <Opcode : 'load' 'store'> <Ports = 2> <Width = 24> <Depth = 8> <RAM>
ST_2 : Operation 41 [1/1] (0.00ns)   --->   "%br_ln39 = br void %arrayidx15.exit" [top.cpp:39]   --->   Operation 41 'br' 'br_ln39' <Predicate = (trunc_ln36 == 5)> <Delay = 0.00>
ST_2 : Operation 42 [1/1] ( I:0.79ns O:0.79ns )   --->   "%store_ln39 = store i24 %a, i3 %row_buf_4_addr" [top.cpp:39]   --->   Operation 42 'store' 'store_ln39' <Predicate = (trunc_ln36 == 4)> <Delay = 0.79> <CoreInst = "RAM">   --->   Core 82 'RAM' <Latency = 1> <II = 1> <Delay = 0.79> <Storage> <Opcode : 'load' 'store'> <Ports = 2> <Width = 24> <Depth = 8> <RAM>
ST_2 : Operation 43 [1/1] (0.00ns)   --->   "%br_ln39 = br void %arrayidx15.exit" [top.cpp:39]   --->   Operation 43 'br' 'br_ln39' <Predicate = (trunc_ln36 == 4)> <Delay = 0.00>
ST_2 : Operation 44 [1/1] ( I:0.79ns O:0.79ns )   --->   "%store_ln39 = store i24 %a, i3 %row_buf_3_addr" [top.cpp:39]   --->   Operation 44 'store' 'store_ln39' <Predicate = (trunc_ln36 == 3)> <Delay = 0.79> <CoreInst = "RAM">   --->   Core 82 'RAM' <Latency = 1> <II = 1> <Delay = 0.79> <Storage> <Opcode : 'load' 'store'> <Ports = 2> <Width = 24> <Depth = 8> <RAM>
ST_2 : Operation 45 [1/1] (0.00ns)   --->   "%br_ln39 = br void %arrayidx15.exit" [top.cpp:39]   --->   Operation 45 'br' 'br_ln39' <Predicate = (trunc_ln36 == 3)> <Delay = 0.00>
ST_2 : Operation 46 [1/1] ( I:0.79ns O:0.79ns )   --->   "%store_ln39 = store i24 %a, i3 %row_buf_2_addr" [top.cpp:39]   --->   Operation 46 'store' 'store_ln39' <Predicate = (trunc_ln36 == 2)> <Delay = 0.79> <CoreInst = "RAM">   --->   Core 82 'RAM' <Latency = 1> <II = 1> <Delay = 0.79> <Storage> <Opcode : 'load' 'store'> <Ports = 2> <Width = 24> <Depth = 8> <RAM>
ST_2 : Operation 47 [1/1] (0.00ns)   --->   "%br_ln39 = br void %arrayidx15.exit" [top.cpp:39]   --->   Operation 47 'br' 'br_ln39' <Predicate = (trunc_ln36 == 2)> <Delay = 0.00>
ST_2 : Operation 48 [1/1] ( I:0.79ns O:0.79ns )   --->   "%store_ln39 = store i24 %a, i3 %row_buf_1_addr" [top.cpp:39]   --->   Operation 48 'store' 'store_ln39' <Predicate = (trunc_ln36 == 1)> <Delay = 0.79> <CoreInst = "RAM">   --->   Core 82 'RAM' <Latency = 1> <II = 1> <Delay = 0.79> <Storage> <Opcode : 'load' 'store'> <Ports = 2> <Width = 24> <Depth = 8> <RAM>
ST_2 : Operation 49 [1/1] (0.00ns)   --->   "%br_ln39 = br void %arrayidx15.exit" [top.cpp:39]   --->   Operation 49 'br' 'br_ln39' <Predicate = (trunc_ln36 == 1)> <Delay = 0.00>
ST_2 : Operation 50 [1/1] ( I:0.79ns O:0.79ns )   --->   "%store_ln39 = store i24 %a, i3 %row_buf_addr" [top.cpp:39]   --->   Operation 50 'store' 'store_ln39' <Predicate = (trunc_ln36 == 0)> <Delay = 0.79> <CoreInst = "RAM">   --->   Core 82 'RAM' <Latency = 1> <II = 1> <Delay = 0.79> <Storage> <Opcode : 'load' 'store'> <Ports = 2> <Width = 24> <Depth = 8> <RAM>
ST_2 : Operation 51 [1/1] (0.00ns)   --->   "%br_ln39 = br void %arrayidx15.exit" [top.cpp:39]   --->   Operation 51 'br' 'br_ln39' <Predicate = (trunc_ln36 == 0)> <Delay = 0.00>
ST_2 : Operation 52 [1/1] ( I:0.79ns O:0.79ns )   --->   "%store_ln39 = store i24 %a, i3 %row_buf_7_addr" [top.cpp:39]   --->   Operation 52 'store' 'store_ln39' <Predicate = (trunc_ln36 == 7)> <Delay = 0.79> <CoreInst = "RAM">   --->   Core 82 'RAM' <Latency = 1> <II = 1> <Delay = 0.79> <Storage> <Opcode : 'load' 'store'> <Ports = 2> <Width = 24> <Depth = 8> <RAM>
ST_2 : Operation 53 [1/1] (0.00ns)   --->   "%br_ln39 = br void %arrayidx15.exit" [top.cpp:39]   --->   Operation 53 'br' 'br_ln39' <Predicate = (trunc_ln36 == 7)> <Delay = 0.00>
ST_2 : Operation 54 [1/1] (0.00ns)   --->   "%p_load = load i24 %empty" [top.cpp:40]   --->   Operation 54 'load' 'p_load' <Predicate = true> <Delay = 0.00>
ST_2 : Operation 55 [1/1] (0.00ns)   --->   "%sext_ln40 = sext i24 %p_load" [top.cpp:40]   --->   Operation 55 'sext' 'sext_ln40' <Predicate = true> <Delay = 0.00>
ST_2 : Operation 56 [1/1] (0.00ns)   --->   "%sext_ln40_1 = sext i24 %a" [top.cpp:40]   --->   Operation 56 'sext' 'sext_ln40_1' <Predicate = true> <Delay = 0.00>
ST_2 : Operation 57 [1/1] (1.10ns)   --->   "%add_ln40 = add i24 %a, i24 %p_load" [top.cpp:40]   --->   Operation 57 'add' 'add_ln40' <Predicate = true> <Delay = 1.10> <CoreInst = "Adder">   --->   Core 1 'Adder' <Latency = 0> <II = 1> <Delay = 1.10> <FuncUnit> <Opcode : 'add' 'sub'> <InPorts = 2> <OutPorts = 1>
ST_2 : Operation 58 [1/1] (1.10ns)   --->   "%add_ln40_1 = add i25 %sext_ln40_1, i25 %sext_ln40" [top.cpp:40]   --->   Operation 58 'add' 'add_ln40_1' <Predicate = true> <Delay = 1.10> <CoreInst = "Adder">   --->   Core 1 'Adder' <Latency = 0> <II = 1> <Delay = 1.10> <FuncUnit> <Opcode : 'add' 'sub'> <InPorts = 2> <OutPorts = 1>
ST_2 : Operation 59 [1/1] (0.00ns)   --->   "%tmp = bitselect i1 @_ssdm_op_BitSelect.i1.i25.i32, i25 %add_ln40_1, i32 24" [top.cpp:40]   --->   Operation 59 'bitselect' 'tmp' <Predicate = true> <Delay = 0.00>
ST_2 : Operation 60 [1/1] (0.00ns)   --->   "%tmp_123 = bitselect i1 @_ssdm_op_BitSelect.i1.i24.i32, i24 %add_ln40, i32 23" [top.cpp:40]   --->   Operation 60 'bitselect' 'tmp_123' <Predicate = true> <Delay = 0.00>
ST_2 : Operation 61 [1/1] (0.00ns) (grouped into LUT with out node select_ln40_1)   --->   "%xor_ln40 = xor i1 %tmp, i1 1" [top.cpp:40]   --->   Operation 61 'xor' 'xor_ln40' <Predicate = true> <Delay = 0.00> <CoreInst = "LogicGate">   --->   Core 74 'LogicGate' <Latency = 0> <II = 1> <Delay = 0.33> <FuncUnit> <Opcode : 'and' 'or' 'xor'> <InPorts = 2> <OutPorts = 1>
ST_2 : Operation 62 [1/1] (0.00ns) (grouped into LUT with out node select_ln40_1)   --->   "%and_ln40 = and i1 %tmp_123, i1 %xor_ln40" [top.cpp:40]   --->   Operation 62 'and' 'and_ln40' <Predicate = true> <Delay = 0.00> <CoreInst = "LogicGate">   --->   Core 74 'LogicGate' <Latency = 0> <II = 1> <Delay = 0.33> <FuncUnit> <Opcode : 'and' 'or' 'xor'> <InPorts = 2> <OutPorts = 1>
ST_2 : Operation 63 [1/1] (0.00ns) (grouped into LUT with out node select_ln40_1)   --->   "%xor_ln40_1 = xor i1 %tmp, i1 %tmp_123" [top.cpp:40]   --->   Operation 63 'xor' 'xor_ln40_1' <Predicate = true> <Delay = 0.00> <CoreInst = "LogicGate">   --->   Core 74 'LogicGate' <Latency = 0> <II = 1> <Delay = 0.33> <FuncUnit> <Opcode : 'and' 'or' 'xor'> <InPorts = 2> <OutPorts = 1>
ST_2 : Operation 64 [1/1] (0.00ns) (grouped into LUT with out node select_ln40_1)   --->   "%select_ln40 = select i1 %and_ln40, i24 8388607, i24 8388608" [top.cpp:40]   --->   Operation 64 'select' 'select_ln40' <Predicate = true> <Delay = 0.00> <CoreInst = "Sel">   --->   Core 73 'Sel' <Latency = 0> <II = 1> <Delay = 0.43> <FuncUnit> <Opcode : 'select'> <InPorts = 3> <OutPorts = 1>
ST_2 : Operation 65 [1/1] (0.43ns) (out node of the LUT)   --->   "%select_ln40_1 = select i1 %xor_ln40_1, i24 %select_ln40, i24 %add_ln40" [top.cpp:40]   --->   Operation 65 'select' 'select_ln40_1' <Predicate = true> <Delay = 0.43> <CoreInst = "Sel">   --->   Core 73 'Sel' <Latency = 0> <II = 1> <Delay = 0.43> <FuncUnit> <Opcode : 'select'> <InPorts = 3> <OutPorts = 1>
ST_2 : Operation 66 [1/1] (0.48ns)   --->   "%store_ln40 = store i24 %select_ln40_1, i24 %empty" [top.cpp:40]   --->   Operation 66 'store' 'store_ln40' <Predicate = true> <Delay = 0.48>
ST_2 : Operation 67 [1/1] (0.00ns)   --->   "%br_ln36 = br void %for.body9" [top.cpp:36]   --->   Operation 67 'br' 'br_ln36' <Predicate = true> <Delay = 0.00>


============================================================
+ Verbose Summary: Binding
============================================================
STG Binding: 
---------------- STG Properties BEGIN ----------------
- Is combinational: 0
- Is one-state seq: 0
- Is datapath-only: 0
- Is pipelined: 0
- Is top level: 0
Port [ Return ] is wired: 1; IO mode=ap_ctrl_hs:ce=0
Port [ zext_ln38]:  wired=1; compound=0; hidden=0; nouse=0; global=0; static=0; extern=0; dir=0; type=0; pingpong=0; private_global=0; IO mode=ap_none:ce=0
Port [ A]:  wired=1; compound=1; hidden=0; nouse=0; global=0; static=0; extern=0; dir=0; type=1; pingpong=0; private_global=0; MemPort=[13]; IO mode=ap_memory:ce=0
Port [ row_buf_7]:  wired=1; compound=1; hidden=0; nouse=0; global=0; static=0; extern=0; dir=1; type=1; pingpong=0; private_global=0; MemPort=[03]; IO mode=ap_memory:ce=0
Port [ row_buf_6]:  wired=1; compound=1; hidden=0; nouse=0; global=0; static=0; extern=0; dir=1; type=1; pingpong=0; private_global=0; MemPort=[03]; IO mode=ap_memory:ce=0
Port [ row_buf_5]:  wired=1; compound=1; hidden=0; nouse=0; global=0; static=0; extern=0; dir=1; type=1; pingpong=0; private_global=0; MemPort=[03]; IO mode=ap_memory:ce=0
Port [ row_buf_4]:  wired=1; compound=1; hidden=0; nouse=0; global=0; static=0; extern=0; dir=1; type=1; pingpong=0; private_global=0; MemPort=[03]; IO mode=ap_memory:ce=0
Port [ row_buf_3]:  wired=1; compound=1; hidden=0; nouse=0; global=0; static=0; extern=0; dir=1; type=1; pingpong=0; private_global=0; MemPort=[03]; IO mode=ap_memory:ce=0
Port [ row_buf_2]:  wired=1; compound=1; hidden=0; nouse=0; global=0; static=0; extern=0; dir=1; type=1; pingpong=0; private_global=0; MemPort=[03]; IO mode=ap_memory:ce=0
Port [ row_buf_1]:  wired=1; compound=1; hidden=0; nouse=0; global=0; static=0; extern=0; dir=1; type=1; pingpong=0; private_global=0; MemPort=[03]; IO mode=ap_memory:ce=0
Port [ row_buf]:  wired=1; compound=1; hidden=0; nouse=0; global=0; static=0; extern=0; dir=1; type=1; pingpong=0; private_global=0; MemPort=[03]; IO mode=ap_memory:ce=0
Port [ p_out]:  wired=1; compound=0; hidden=0; nouse=0; global=0; static=0; extern=0; dir=1; type=0; pingpong=0; private_global=0; IO mode=ap_vld:ce=0
---------------- STG Properties END ------------------

---------------- Datapath Model BEGIN ----------------

<LifeTime>
<method=bitvector/>
empty                  (alloca           ) [ 011]
j_1                    (alloca           ) [ 010]
specinterface_ln0      (specinterface    ) [ 000]
zext_ln38_read         (read             ) [ 000]
store_ln36             (store            ) [ 000]
store_ln0              (store            ) [ 000]
br_ln0                 (br               ) [ 000]
j                      (load             ) [ 000]
icmp_ln36              (icmp             ) [ 010]
add_ln36               (add              ) [ 000]
br_ln36                (br               ) [ 000]
zext_ln38_1            (zext             ) [ 000]
add_ln38               (add              ) [ 000]
zext_ln38_2            (zext             ) [ 000]
A_addr                 (getelementptr    ) [ 011]
trunc_ln36             (trunc            ) [ 011]
lshr_ln                (partselect       ) [ 011]
switch_ln39            (switch           ) [ 000]
store_ln36             (store            ) [ 000]
specpipeline_ln37      (specpipeline     ) [ 000]
speclooptripcount_ln36 (speclooptripcount) [ 000]
specloopname_ln36      (specloopname     ) [ 000]
zext_ln36              (zext             ) [ 000]
a                      (load             ) [ 000]
row_buf_addr           (getelementptr    ) [ 000]
row_buf_1_addr         (getelementptr    ) [ 000]
row_buf_2_addr         (getelementptr    ) [ 000]
row_buf_3_addr         (getelementptr    ) [ 000]
row_buf_4_addr         (getelementptr    ) [ 000]
row_buf_5_addr         (getelementptr    ) [ 000]
row_buf_6_addr         (getelementptr    ) [ 000]
row_buf_7_addr         (getelementptr    ) [ 000]
store_ln39             (store            ) [ 000]
br_ln39                (br               ) [ 000]
store_ln39             (store            ) [ 000]
br_ln39                (br               ) [ 000]
store_ln39             (store            ) [ 000]
br_ln39                (br               ) [ 000]
store_ln39             (store            ) [ 000]
br_ln39                (br               ) [ 000]
store_ln39             (store            ) [ 000]
br_ln39                (br               ) [ 000]
store_ln39             (store            ) [ 000]
br_ln39                (br               ) [ 000]
store_ln39             (store            ) [ 000]
br_ln39                (br               ) [ 000]
store_ln39             (store            ) [ 000]
br_ln39                (br               ) [ 000]
p_load                 (load             ) [ 000]
sext_ln40              (sext             ) [ 000]
sext_ln40_1            (sext             ) [ 000]
add_ln40               (add              ) [ 000]
add_ln40_1             (add              ) [ 000]
tmp                    (bitselect        ) [ 000]
tmp_123                (bitselect        ) [ 000]
xor_ln40               (xor              ) [ 000]
and_ln40               (and              ) [ 000]
xor_ln40_1             (xor              ) [ 000]
select_ln40            (select           ) [ 000]
select_ln40_1          (select           ) [ 000]
store_ln40             (store            ) [ 000]
br_ln36                (br               ) [ 000]
p_load6                (load             ) [ 000]
write_ln0              (write            ) [ 000]
ret_ln0                (ret              ) [ 000]
</LifeTime>

<model>

<comp_list>
<comp id="0" class="1000" name="zext_ln38">
<pin_list>
<pin id="1" dir="1" index="0" bw="1" slack="0"/>
</pin_list>
<bind>
<StgValue><ssdm name="zext_ln38"/></StgValue>
</bind>
</comp>

<comp id="2" class="1000" name="A">
<pin_list>
<pin id="3" dir="1" index="0" bw="1" slack="0"/>
</pin_list>
<bind>
<StgValue><ssdm name="A"/><MemPortTyVec>1 3 </MemPortTyVec>
</StgValue>
</bind>
</comp>

<comp id="4" class="1000" name="row_buf_7">
<pin_list>
<pin id="5" dir="1" index="0" bw="1" slack="0"/>
</pin_list>
<bind>
<StgValue><ssdm name="row_buf_7"/><MemPortTyVec>0 3 </MemPortTyVec>
</StgValue>
</bind>
</comp>

<comp id="6" class="1000" name="row_buf_6">
<pin_list>
<pin id="7" dir="1" index="0" bw="1" slack="0"/>
</pin_list>
<bind>
<StgValue><ssdm name="row_buf_6"/><MemPortTyVec>0 3 </MemPortTyVec>
</StgValue>
</bind>
</comp>

<comp id="8" class="1000" name="row_buf_5">
<pin_list>
<pin id="9" dir="1" index="0" bw="1" slack="0"/>
</pin_list>
<bind>
<StgValue><ssdm name="row_buf_5"/><MemPortTyVec>0 3 </MemPortTyVec>
</StgValue>
</bind>
</comp>

<comp id="10" class="1000" name="row_buf_4">
<pin_list>
<pin id="11" dir="1" index="0" bw="1" slack="0"/>
</pin_list>
<bind>
<StgValue><ssdm name="row_buf_4"/><MemPortTyVec>0 3 </MemPortTyVec>
</StgValue>
</bind>
</comp>

<comp id="12" class="1000" name="row_buf_3">
<pin_list>
<pin id="13" dir="1" index="0" bw="1" slack="0"/>
</pin_list>
<bind>
<StgValue><ssdm name="row_buf_3"/><MemPortTyVec>0 3 </MemPortTyVec>
</StgValue>
</bind>
</comp>

<comp id="14" class="1000" name="row_buf_2">
<pin_list>
<pin id="15" dir="1" index="0" bw="1" slack="0"/>
</pin_list>
<bind>
<StgValue><ssdm name="row_buf_2"/><MemPortTyVec>0 3 </MemPortTyVec>
</StgValue>
</bind>
</comp>

<comp id="16" class="1000" name="row_buf_1">
<pin_list>
<pin id="17" dir="1" index="0" bw="1" slack="0"/>
</pin_list>
<bind>
<StgValue><ssdm name="row_buf_1"/><MemPortTyVec>0 3 </MemPortTyVec>
</StgValue>
</bind>
</comp>

<comp id="18" class="1000" name="row_buf">
<pin_list>
<pin id="19" dir="1" index="0" bw="1" slack="0"/>
</pin_list>
<bind>
<StgValue><ssdm name="row_buf"/><MemPortTyVec>0 3 </MemPortTyVec>
</StgValue>
</bind>
</comp>

<comp id="20" class="1000" name="p_out">
<pin_list>
<pin id="21" dir="1" index="0" bw="1" slack="0"/>
</pin_list>
<bind>
<StgValue><ssdm name="p_out"/></StgValue>
</bind>
</comp>

<comp id="22" class="1001" name="const_22">
<pin_list>
<pin id="23" dir="1" index="0" bw="1" slack="0"/>
</pin_list>
<bind>
<StgValue><ssdm name=""/></StgValue>
</bind>
</comp>

<comp id="24" class="1001" name="const_24">
<pin_list>
<pin id="25" dir="1" index="0" bw="1" slack="2147483647"/>
</pin_list>
<bind>
<StgValue><ssdm name="_ssdm_op_SpecInterface"/></StgValue>
</bind>
</comp>

<comp id="26" class="1001" name="const_26">
<pin_list>
<pin id="27" dir="1" index="0" bw="1" slack="2147483647"/>
</pin_list>
<bind>
<StgValue><ssdm name="empty_5"/></StgValue>
</bind>
</comp>

<comp id="28" class="1001" name="const_28">
<pin_list>
<pin id="29" dir="1" index="0" bw="1" slack="2147483647"/>
</pin_list>
<bind>
<StgValue><ssdm name=""/></StgValue>
</bind>
</comp>

<comp id="30" class="1001" name="const_30">
<pin_list>
<pin id="31" dir="1" index="0" bw="1" slack="2147483647"/>
</pin_list>
<bind>
<StgValue><ssdm name="empty_2"/></StgValue>
</bind>
</comp>

<comp id="32" class="1001" name="const_32">
<pin_list>
<pin id="33" dir="1" index="0" bw="1" slack="2147483647"/>
</pin_list>
<bind>
<StgValue><ssdm name=""/></StgValue>
</bind>
</comp>

<comp id="34" class="1001" name="const_34">
<pin_list>
<pin id="35" dir="1" index="0" bw="1" slack="0"/>
</pin_list>
<bind>
<StgValue><ssdm name="_ssdm_op_Read.ap_auto.i14"/></StgValue>
</bind>
</comp>

<comp id="36" class="1001" name="const_36">
<pin_list>
<pin id="37" dir="1" index="0" bw="1" slack="0"/>
</pin_list>
<bind>
<StgValue><ssdm name=""/></StgValue>
</bind>
</comp>

<comp id="38" class="1001" name="const_38">
<pin_list>
<pin id="39" dir="1" index="0" bw="1" slack="0"/>
</pin_list>
<bind>
<StgValue><ssdm name=""/></StgValue>
</bind>
</comp>

<comp id="40" class="1001" name="const_40">
<pin_list>
<pin id="41" dir="1" index="0" bw="1" slack="0"/>
</pin_list>
<bind>
<StgValue><ssdm name=""/></StgValue>
</bind>
</comp>

<comp id="42" class="1001" name="const_42">
<pin_list>
<pin id="43" dir="1" index="0" bw="1" slack="0"/>
</pin_list>
<bind>
<StgValue><ssdm name=""/></StgValue>
</bind>
</comp>

<comp id="44" class="1001" name="const_44">
<pin_list>
<pin id="45" dir="1" index="0" bw="1" slack="0"/>
</pin_list>
<bind>
<StgValue><ssdm name=""/></StgValue>
</bind>
</comp>

<comp id="46" class="1001" name="const_46">
<pin_list>
<pin id="47" dir="1" index="0" bw="1" slack="0"/>
</pin_list>
<bind>
<StgValue><ssdm name="_ssdm_op_PartSelect.i3.i7.i32.i32"/></StgValue>
</bind>
</comp>

<comp id="48" class="1001" name="const_48">
<pin_list>
<pin id="49" dir="1" index="0" bw="1" slack="0"/>
</pin_list>
<bind>
<StgValue><ssdm name=""/></StgValue>
</bind>
</comp>

<comp id="50" class="1001" name="const_50">
<pin_list>
<pin id="51" dir="1" index="0" bw="1" slack="0"/>
</pin_list>
<bind>
<StgValue><ssdm name=""/></StgValue>
</bind>
</comp>

<comp id="52" class="1001" name="const_52">
<pin_list>
<pin id="53" dir="1" index="0" bw="1" slack="0"/>
</pin_list>
<bind>
<StgValue><ssdm name=""/></StgValue>
</bind>
</comp>

<comp id="54" class="1001" name="const_54">
<pin_list>
<pin id="55" dir="1" index="0" bw="1" slack="0"/>
</pin_list>
<bind>
<StgValue><ssdm name=""/></StgValue>
</bind>
</comp>

<comp id="56" class="1001" name="const_56">
<pin_list>
<pin id="57" dir="1" index="0" bw="1" slack="0"/>
</pin_list>
<bind>
<StgValue><ssdm name=""/></StgValue>
</bind>
</comp>

<comp id="58" class="1001" name="const_58">
<pin_list>
<pin id="59" dir="1" index="0" bw="1" slack="0"/>
</pin_list>
<bind>
<StgValue><ssdm name=""/></StgValue>
</bind>
</comp>

<comp id="60" class="1001" name="const_60">
<pin_list>
<pin id="61" dir="1" index="0" bw="1" slack="0"/>
</pin_list>
<bind>
<StgValue><ssdm name=""/></StgValue>
</bind>
</comp>

<comp id="62" class="1001" name="const_62">
<pin_list>
<pin id="63" dir="1" index="0" bw="1" slack="0"/>
</pin_list>
<bind>
<StgValue><ssdm name=""/></StgValue>
</bind>
</comp>

<comp id="64" class="1001" name="const_64">
<pin_list>
<pin id="65" dir="1" index="0" bw="1" slack="0"/>
</pin_list>
<bind>
<StgValue><ssdm name=""/></StgValue>
</bind>
</comp>

<comp id="66" class="1001" name="const_66">
<pin_list>
<pin id="67" dir="1" index="0" bw="1" slack="2147483647"/>
</pin_list>
<bind>
<StgValue><ssdm name="_ssdm_op_SpecPipeline"/></StgValue>
</bind>
</comp>

<comp id="68" class="1001" name="const_68">
<pin_list>
<pin id="69" dir="1" index="0" bw="1" slack="2147483647"/>
</pin_list>
<bind>
<StgValue><ssdm name="_ssdm_op_SpecLoopTripCount"/></StgValue>
</bind>
</comp>

<comp id="70" class="1001" name="const_70">
<pin_list>
<pin id="71" dir="1" index="0" bw="1" slack="2147483647"/>
</pin_list>
<bind>
<StgValue><ssdm name=""/></StgValue>
</bind>
</comp>

<comp id="72" class="1001" name="const_72">
<pin_list>
<pin id="73" dir="1" index="0" bw="1" slack="2147483647"/>
</pin_list>
<bind>
<StgValue><ssdm name="_ssdm_op_SpecLoopName"/></StgValue>
</bind>
</comp>

<comp id="74" class="1001" name="const_74">
<pin_list>
<pin id="75" dir="1" index="0" bw="1" slack="2147483647"/>
</pin_list>
<bind>
<StgValue><ssdm name="empty"/></StgValue>
</bind>
</comp>

<comp id="76" class="1001" name="const_76">
<pin_list>
<pin id="77" dir="1" index="0" bw="1" slack="0"/>
</pin_list>
<bind>
<StgValue><ssdm name="_ssdm_op_BitSelect.i1.i25.i32"/></StgValue>
</bind>
</comp>

<comp id="78" class="1001" name="const_78">
<pin_list>
<pin id="79" dir="1" index="0" bw="1" slack="0"/>
</pin_list>
<bind>
<StgValue><ssdm name=""/></StgValue>
</bind>
</comp>

<comp id="80" class="1001" name="const_80">
<pin_list>
<pin id="81" dir="1" index="0" bw="1" slack="0"/>
</pin_list>
<bind>
<StgValue><ssdm name="_ssdm_op_BitSelect.i1.i24.i32"/></StgValue>
</bind>
</comp>

<comp id="82" class="1001" name="const_82">
<pin_list>
<pin id="83" dir="1" index="0" bw="1" slack="0"/>
</pin_list>
<bind>
<StgValue><ssdm name=""/></StgValue>
</bind>
</comp>

<comp id="84" class="1001" name="const_84">
<pin_list>
<pin id="85" dir="1" index="0" bw="1" slack="0"/>
</pin_list>
<bind>
<StgValue><ssdm name=""/></StgValue>
</bind>
</comp>

<comp id="86" class="1001" name="const_86">
<pin_list>
<pin id="87" dir="1" index="0" bw="1" slack="0"/>
</pin_list>
<bind>
<StgValue><ssdm name=""/></StgValue>
</bind>
</comp>

<comp id="88" class="1001" name="const_88">
<pin_list>
<pin id="89" dir="1" index="0" bw="1" slack="0"/>
</pin_list>
<bind>
<StgValue><ssdm name=""/></StgValue>
</bind>
</comp>

<comp id="90" class="1001" name="const_90">
<pin_list>
<pin id="91" dir="1" index="0" bw="1" slack="0"/>
</pin_list>
<bind>
<StgValue><ssdm name="_ssdm_op_Write.ap_auto.i24P0A"/></StgValue>
</bind>
</comp>

<comp id="92" class="1004" name="empty_fu_92">
<pin_list>
<pin id="93" dir="0" index="0" bw="1" slack="0"/>
<pin id="94" dir="1" index="1" bw="24" slack="0"/>
</pin_list>
<bind>
<opcode="alloca(26) " fcode="alloca"/>
<opset="empty/1 "/>
</bind>
</comp>

<comp id="96" class="1004" name="j_1_fu_96">
<pin_list>
<pin id="97" dir="0" index="0" bw="1" slack="0"/>
<pin id="98" dir="1" index="1" bw="7" slack="0"/>
</pin_list>
<bind>
<opcode="alloca(26) " fcode="alloca"/>
<opset="j_1/1 "/>
</bind>
</comp>

<comp id="100" class="1004" name="zext_ln38_read_read_fu_100">
<pin_list>
<pin id="101" dir="0" index="0" bw="14" slack="0"/>
<pin id="102" dir="0" index="1" bw="14" slack="0"/>
<pin id="103" dir="1" index="2" bw="14" slack="0"/>
</pin_list>
<bind>
<opcode="read(1150) " fcode="read"/>
<opset="zext_ln38_read/1 "/>
</bind>
</comp>

<comp id="106" class="1004" name="write_ln0_write_fu_106">
<pin_list>
<pin id="107" dir="0" index="0" bw="0" slack="0"/>
<pin id="108" dir="0" index="1" bw="24" slack="0"/>
<pin id="109" dir="0" index="2" bw="24" slack="0"/>
<pin id="110" dir="1" index="3" bw="0" slack="2147483647"/>
</pin_list>
<bind>
<opcode="write(1151) " fcode="write"/>
<opset="write_ln0/1 "/>
</bind>
</comp>

<comp id="113" class="1004" name="A_addr_gep_fu_113">
<pin_list>
<pin id="114" dir="0" index="0" bw="24" slack="0"/>
<pin id="115" dir="0" index="1" bw="1" slack="0"/>
<pin id="116" dir="0" index="2" bw="14" slack="0"/>
<pin id="117" dir="1" index="3" bw="14" slack="0"/>
</pin_list>
<bind>
<opcode="getelementptr(29) " fcode="getelementptr"/>
<opset="A_addr/1 "/>
</bind>
</comp>

<comp id="120" class="1004" name="grp_access_fu_120">
<pin_list>
<pin id="121" dir="0" index="0" bw="14" slack="0"/>
<pin id="122" dir="0" index="1" bw="24" slack="2147483647"/>
<pin id="123" dir="0" index="2" bw="0" slack="2147483647"/>
<pin id="124" dir="1" index="3" bw="24" slack="0"/>
</pin_list>
<bind>
<opcode="load(27) " fcode="load"/>
<opset="a/1 "/>
</bind>
</comp>

<comp id="126" class="1004" name="row_buf_addr_gep_fu_126">
<pin_list>
<pin id="127" dir="0" index="0" bw="24" slack="0"/>
<pin id="128" dir="0" index="1" bw="1" slack="0"/>
<pin id="129" dir="0" index="2" bw="3" slack="0"/>
<pin id="130" dir="1" index="3" bw="3" slack="0"/>
</pin_list>
<bind>
<opcode="getelementptr(29) " fcode="getelementptr"/>
<opset="row_buf_addr/2 "/>
</bind>
</comp>

<comp id="133" class="1004" name="row_buf_1_addr_gep_fu_133">
<pin_list>
<pin id="134" dir="0" index="0" bw="24" slack="0"/>
<pin id="135" dir="0" index="1" bw="1" slack="0"/>
<pin id="136" dir="0" index="2" bw="3" slack="0"/>
<pin id="137" dir="1" index="3" bw="3" slack="0"/>
</pin_list>
<bind>
<opcode="getelementptr(29) " fcode="getelementptr"/>
<opset="row_buf_1_addr/2 "/>
</bind>
</comp>

<comp id="140" class="1004" name="row_buf_2_addr_gep_fu_140">
<pin_list>
<pin id="141" dir="0" index="0" bw="24" slack="0"/>
<pin id="142" dir="0" index="1" bw="1" slack="0"/>
<pin id="143" dir="0" index="2" bw="3" slack="0"/>
<pin id="144" dir="1" index="3" bw="3" slack="0"/>
</pin_list>
<bind>
<opcode="getelementptr(29) " fcode="getelementptr"/>
<opset="row_buf_2_addr/2 "/>
</bind>
</comp>

<comp id="147" class="1004" name="row_buf_3_addr_gep_fu_147">
<pin_list>
<pin id="148" dir="0" index="0" bw="24" slack="0"/>
<pin id="149" dir="0" index="1" bw="1" slack="0"/>
<pin id="150" dir="0" index="2" bw="3" slack="0"/>
<pin id="151" dir="1" index="3" bw="3" slack="0"/>
</pin_list>
<bind>
<opcode="getelementptr(29) " fcode="getelementptr"/>
<opset="row_buf_3_addr/2 "/>
</bind>
</comp>

<comp id="154" class="1004" name="row_buf_4_addr_gep_fu_154">
<pin_list>
<pin id="155" dir="0" index="0" bw="24" slack="0"/>
<pin id="156" dir="0" index="1" bw="1" slack="0"/>
<pin id="157" dir="0" index="2" bw="3" slack="0"/>
<pin id="158" dir="1" index="3" bw="3" slack="0"/>
</pin_list>
<bind>
<opcode="getelementptr(29) " fcode="getelementptr"/>
<opset="row_buf_4_addr/2 "/>
</bind>
</comp>

<comp id="161" class="1004" name="row_buf_5_addr_gep_fu_161">
<pin_list>
<pin id="162" dir="0" index="0" bw="24" slack="0"/>
<pin id="163" dir="0" index="1" bw="1" slack="0"/>
<pin id="164" dir="0" index="2" bw="3" slack="0"/>
<pin id="165" dir="1" index="3" bw="3" slack="0"/>
</pin_list>
<bind>
<opcode="getelementptr(29) " fcode="getelementptr"/>
<opset="row_buf_5_addr/2 "/>
</bind>
</comp>

<comp id="168" class="1004" name="row_buf_6_addr_gep_fu_168">
<pin_list>
<pin id="169" dir="0" index="0" bw="24" slack="0"/>
<pin id="170" dir="0" index="1" bw="1" slack="0"/>
<pin id="171" dir="0" index="2" bw="3" slack="0"/>
<pin id="172" dir="1" index="3" bw="3" slack="0"/>
</pin_list>
<bind>
<opcode="getelementptr(29) " fcode="getelementptr"/>
<opset="row_buf_6_addr/2 "/>
</bind>
</comp>

<comp id="175" class="1004" name="row_buf_7_addr_gep_fu_175">
<pin_list>
<pin id="176" dir="0" index="0" bw="24" slack="0"/>
<pin id="177" dir="0" index="1" bw="1" slack="0"/>
<pin id="178" dir="0" index="2" bw="3" slack="0"/>
<pin id="179" dir="1" index="3" bw="3" slack="0"/>
</pin_list>
<bind>
<opcode="getelementptr(29) " fcode="getelementptr"/>
<opset="row_buf_7_addr/2 "/>
</bind>
</comp>

<comp id="182" class="1004" name="store_ln39_access_fu_182">
<pin_list>
<pin id="183" dir="0" index="0" bw="3" slack="0"/>
<pin id="184" dir="0" index="1" bw="24" slack="0"/>
<pin id="185" dir="0" index="2" bw="0" slack="2147483647"/>
<pin id="186" dir="1" index="3" bw="24" slack="2147483647"/>
</pin_list>
<bind>
<opcode="store(28) " fcode="store"/>
<opset="store_ln39/2 "/>
</bind>
</comp>

<comp id="189" class="1004" name="store_ln39_access_fu_189">
<pin_list>
<pin id="190" dir="0" index="0" bw="3" slack="0"/>
<pin id="191" dir="0" index="1" bw="24" slack="0"/>
<pin id="192" dir="0" index="2" bw="0" slack="2147483647"/>
<pin id="193" dir="1" index="3" bw="24" slack="2147483647"/>
</pin_list>
<bind>
<opcode="store(28) " fcode="store"/>
<opset="store_ln39/2 "/>
</bind>
</comp>

<comp id="196" class="1004" name="store_ln39_access_fu_196">
<pin_list>
<pin id="197" dir="0" index="0" bw="3" slack="0"/>
<pin id="198" dir="0" index="1" bw="24" slack="0"/>
<pin id="199" dir="0" index="2" bw="0" slack="2147483647"/>
<pin id="200" dir="1" index="3" bw="24" slack="2147483647"/>
</pin_list>
<bind>
<opcode="store(28) " fcode="store"/>
<opset="store_ln39/2 "/>
</bind>
</comp>

<comp id="203" class="1004" name="store_ln39_access_fu_203">
<pin_list>
<pin id="204" dir="0" index="0" bw="3" slack="0"/>
<pin id="205" dir="0" index="1" bw="24" slack="0"/>
<pin id="206" dir="0" index="2" bw="0" slack="2147483647"/>
<pin id="207" dir="1" index="3" bw="24" slack="2147483647"/>
</pin_list>
<bind>
<opcode="store(28) " fcode="store"/>
<opset="store_ln39/2 "/>
</bind>
</comp>

<comp id="210" class="1004" name="store_ln39_access_fu_210">
<pin_list>
<pin id="211" dir="0" index="0" bw="3" slack="0"/>
<pin id="212" dir="0" index="1" bw="24" slack="0"/>
<pin id="213" dir="0" index="2" bw="0" slack="2147483647"/>
<pin id="214" dir="1" index="3" bw="24" slack="2147483647"/>
</pin_list>
<bind>
<opcode="store(28) " fcode="store"/>
<opset="store_ln39/2 "/>
</bind>
</comp>

<comp id="217" class="1004" name="store_ln39_access_fu_217">
<pin_list>
<pin id="218" dir="0" index="0" bw="3" slack="0"/>
<pin id="219" dir="0" index="1" bw="24" slack="0"/>
<pin id="220" dir="0" index="2" bw="0" slack="2147483647"/>
<pin id="221" dir="1" index="3" bw="24" slack="2147483647"/>
</pin_list>
<bind>
<opcode="store(28) " fcode="store"/>
<opset="store_ln39/2 "/>
</bind>
</comp>

<comp id="224" class="1004" name="store_ln39_access_fu_224">
<pin_list>
<pin id="225" dir="0" index="0" bw="3" slack="0"/>
<pin id="226" dir="0" index="1" bw="24" slack="0"/>
<pin id="227" dir="0" index="2" bw="0" slack="2147483647"/>
<pin id="228" dir="1" index="3" bw="24" slack="2147483647"/>
</pin_list>
<bind>
<opcode="store(28) " fcode="store"/>
<opset="store_ln39/2 "/>
</bind>
</comp>

<comp id="231" class="1004" name="store_ln39_access_fu_231">
<pin_list>
<pin id="232" dir="0" index="0" bw="3" slack="0"/>
<pin id="233" dir="0" index="1" bw="24" slack="0"/>
<pin id="234" dir="0" index="2" bw="0" slack="2147483647"/>
<pin id="235" dir="1" index="3" bw="24" slack="2147483647"/>
</pin_list>
<bind>
<opcode="store(28) " fcode="store"/>
<opset="store_ln39/2 "/>
</bind>
</comp>

<comp id="238" class="1004" name="store_ln36_store_fu_238">
<pin_list>
<pin id="239" dir="0" index="0" bw="1" slack="0"/>
<pin id="240" dir="0" index="1" bw="7" slack="0"/>
<pin id="241" dir="1" index="2" bw="0" slack="2147483647"/>
</pin_list>
<bind>
<opcode="store(28) " fcode="store"/>
<opset="store_ln36/1 "/>
</bind>
</comp>

<comp id="243" class="1004" name="store_ln0_store_fu_243">
<pin_list>
<pin id="244" dir="0" index="0" bw="1" slack="0"/>
<pin id="245" dir="0" index="1" bw="24" slack="0"/>
<pin id="246" dir="1" index="2" bw="0" slack="2147483647"/>
</pin_list>
<bind>
<opcode="store(28) " fcode="store"/>
<opset="store_ln0/1 "/>
</bind>
</comp>

<comp id="248" class="1004" name="j_load_fu_248">
<pin_list>
<pin id="249" dir="0" index="0" bw="7" slack="0"/>
<pin id="250" dir="1" index="1" bw="7" slack="0"/>
</pin_list>
<bind>
<opcode="load(27) " fcode="load"/>
<opset="j/1 "/>
</bind>
</comp>

<comp id="251" class="1004" name="icmp_ln36_fu_251">
<pin_list>
<pin id="252" dir="0" index="0" bw="7" slack="0"/>
<pin id="253" dir="0" index="1" bw="7" slack="0"/>
<pin id="254" dir="1" index="2" bw="1" slack="2147483647"/>
</pin_list>
<bind>
<opcode="icmp(45) " fcode="icmp"/>
<opset="icmp_ln36/1 "/>
</bind>
</comp>

<comp id="257" class="1004" name="add_ln36_fu_257">
<pin_list>
<pin id="258" dir="0" index="0" bw="7" slack="0"/>
<pin id="259" dir="0" index="1" bw="1" slack="0"/>
<pin id="260" dir="1" index="2" bw="7" slack="0"/>
</pin_list>
<bind>
<opcode="add(8) " fcode="add"/>
<opset="add_ln36/1 "/>
</bind>
</comp>

<comp id="263" class="1004" name="zext_ln38_1_fu_263">
<pin_list>
<pin id="264" dir="0" index="0" bw="7" slack="0"/>
<pin id="265" dir="1" index="1" bw="14" slack="0"/>
</pin_list>
<bind>
<opcode="zext(34) " fcode="zext"/>
<opset="zext_ln38_1/1 "/>
</bind>
</comp>

<comp id="267" class="1004" name="add_ln38_fu_267">
<pin_list>
<pin id="268" dir="0" index="0" bw="14" slack="0"/>
<pin id="269" dir="0" index="1" bw="7" slack="0"/>
<pin id="270" dir="1" index="2" bw="14" slack="0"/>
</pin_list>
<bind>
<opcode="add(8) " fcode="add"/>
<opset="add_ln38/1 "/>
</bind>
</comp>

<comp id="273" class="1004" name="zext_ln38_2_fu_273">
<pin_list>
<pin id="274" dir="0" index="0" bw="14" slack="0"/>
<pin id="275" dir="1" index="1" bw="64" slack="0"/>
</pin_list>
<bind>
<opcode="zext(34) " fcode="zext"/>
<opset="zext_ln38_2/1 "/>
</bind>
</comp>

<comp id="278" class="1004" name="trunc_ln36_fu_278">
<pin_list>
<pin id="279" dir="0" index="0" bw="7" slack="0"/>
<pin id="280" dir="1" index="1" bw="3" slack="0"/>
</pin_list>
<bind>
<opcode="trunc(33) " fcode="trunc"/>
<opset="trunc_ln36/1 "/>
</bind>
</comp>

<comp id="282" class="1004" name="lshr_ln_fu_282">
<pin_list>
<pin id="283" dir="0" index="0" bw="3" slack="0"/>
<pin id="284" dir="0" index="1" bw="7" slack="0"/>
<pin id="285" dir="0" index="2" bw="3" slack="0"/>
<pin id="286" dir="0" index="3" bw="4" slack="0"/>
<pin id="287" dir="1" index="4" bw="3" slack="1"/>
</pin_list>
<bind>
<opcode="partselect(1002) " fcode="partselect"/>
<opset="lshr_ln/1 "/>
</bind>
</comp>

<comp id="292" class="1004" name="switch_ln39_fu_292">
<pin_list>
<pin id="293" dir="0" index="0" bw="3" slack="0"/>
<pin id="294" dir="0" index="1" bw="1" slack="0"/>
<pin id="295" dir="0" index="2" bw="1" slack="0"/>
<pin id="296" dir="0" index="3" bw="3" slack="0"/>
<pin id="297" dir="0" index="4" bw="3" slack="0"/>
<pin id="298" dir="0" index="5" bw="3" slack="0"/>
<pin id="299" dir="0" index="6" bw="3" slack="0"/>
<pin id="300" dir="0" index="7" bw="2" slack="0"/>
<pin id="301" dir="1" index="8" bw="0" slack="2147483647"/>
</pin_list>
<bind>
<opcode="switch(3) " fcode="switch"/>
<opset="switch_ln39/1 "/>
</bind>
</comp>

<comp id="310" class="1004" name="store_ln36_store_fu_310">
<pin_list>
<pin id="311" dir="0" index="0" bw="7" slack="0"/>
<pin id="312" dir="0" index="1" bw="7" slack="0"/>
<pin id="313" dir="1" index="2" bw="0" slack="2147483647"/>
</pin_list>
<bind>
<opcode="store(28) " fcode="store"/>
<opset="store_ln36/1 "/>
</bind>
</comp>

<comp id="315" class="1004" name="zext_ln36_fu_315">
<pin_list>
<pin id="316" dir="0" index="0" bw="3" slack="1"/>
<pin id="317" dir="1" index="1" bw="64" slack="0"/>
</pin_list>
<bind>
<opcode="zext(34) " fcode="zext"/>
<opset="zext_ln36/2 "/>
</bind>
</comp>

<comp id="326" class="1004" name="p_load_load_fu_326">
<pin_list>
<pin id="327" dir="0" index="0" bw="24" slack="1"/>
<pin id="328" dir="1" index="1" bw="24" slack="0"/>
</pin_list>
<bind>
<opcode="load(27) " fcode="load"/>
<opset="p_load/2 "/>
</bind>
</comp>

<comp id="329" class="1004" name="sext_ln40_fu_329">
<pin_list>
<pin id="330" dir="0" index="0" bw="24" slack="0"/>
<pin id="331" dir="1" index="1" bw="25" slack="0"/>
</pin_list>
<bind>
<opcode="sext(35) " fcode="sext"/>
<opset="sext_ln40/2 "/>
</bind>
</comp>

<comp id="333" class="1004" name="sext_ln40_1_fu_333">
<pin_list>
<pin id="334" dir="0" index="0" bw="24" slack="0"/>
<pin id="335" dir="1" index="1" bw="25" slack="0"/>
</pin_list>
<bind>
<opcode="sext(35) " fcode="sext"/>
<opset="sext_ln40_1/2 "/>
</bind>
</comp>

<comp id="337" class="1004" name="add_ln40_fu_337">
<pin_list>
<pin id="338" dir="0" index="0" bw="24" slack="0"/>
<pin id="339" dir="0" index="1" bw="24" slack="0"/>
<pin id="340" dir="1" index="2" bw="24" slack="0"/>
</pin_list>
<bind>
<opcode="add(8) " fcode="add"/>
<opset="add_ln40/2 "/>
</bind>
</comp>

<comp id="343" class="1004" name="add_ln40_1_fu_343">
<pin_list>
<pin id="344" dir="0" index="0" bw="24" slack="0"/>
<pin id="345" dir="0" index="1" bw="24" slack="0"/>
<pin id="346" dir="1" index="2" bw="25" slack="0"/>
</pin_list>
<bind>
<opcode="add(8) " fcode="add"/>
<opset="add_ln40_1/2 "/>
</bind>
</comp>

<comp id="349" class="1004" name="tmp_fu_349">
<pin_list>
<pin id="350" dir="0" index="0" bw="1" slack="0"/>
<pin id="351" dir="0" index="1" bw="25" slack="0"/>
<pin id="352" dir="0" index="2" bw="6" slack="0"/>
<pin id="353" dir="1" index="3" bw="1" slack="0"/>
</pin_list>
<bind>
<opcode="bitselect(1000) " fcode="bitselect"/>
<opset="tmp/2 "/>
</bind>
</comp>

<comp id="357" class="1004" name="tmp_123_fu_357">
<pin_list>
<pin id="358" dir="0" index="0" bw="1" slack="0"/>
<pin id="359" dir="0" index="1" bw="24" slack="0"/>
<pin id="360" dir="0" index="2" bw="6" slack="0"/>
<pin id="361" dir="1" index="3" bw="1" slack="0"/>
</pin_list>
<bind>
<opcode="bitselect(1000) " fcode="bitselect"/>
<opset="tmp_123/2 "/>
</bind>
</comp>

<comp id="365" class="1004" name="xor_ln40_fu_365">
<pin_list>
<pin id="366" dir="0" index="0" bw="1" slack="0"/>
<pin id="367" dir="0" index="1" bw="1" slack="0"/>
<pin id="368" dir="1" index="2" bw="1" slack="0"/>
</pin_list>
<bind>
<opcode="xor(25) " fcode="xor"/>
<opset="xor_ln40/2 "/>
</bind>
</comp>

<comp id="371" class="1004" name="and_ln40_fu_371">
<pin_list>
<pin id="372" dir="0" index="0" bw="1" slack="0"/>
<pin id="373" dir="0" index="1" bw="1" slack="0"/>
<pin id="374" dir="1" index="2" bw="1" slack="0"/>
</pin_list>
<bind>
<opcode="and(23) " fcode="and"/>
<opset="and_ln40/2 "/>
</bind>
</comp>

<comp id="377" class="1004" name="xor_ln40_1_fu_377">
<pin_list>
<pin id="378" dir="0" index="0" bw="1" slack="0"/>
<pin id="379" dir="0" index="1" bw="1" slack="0"/>
<pin id="380" dir="1" index="2" bw="1" slack="0"/>
</pin_list>
<bind>
<opcode="xor(25) " fcode="xor"/>
<opset="xor_ln40_1/2 "/>
</bind>
</comp>

<comp id="383" class="1004" name="select_ln40_fu_383">
<pin_list>
<pin id="384" dir="0" index="0" bw="1" slack="0"/>
<pin id="385" dir="0" index="1" bw="24" slack="0"/>
<pin id="386" dir="0" index="2" bw="24" slack="0"/>
<pin id="387" dir="1" index="3" bw="24" slack="0"/>
</pin_list>
<bind>
<opcode="select(49) " fcode="select"/>
<opset="select_ln40/2 "/>
</bind>
</comp>

<comp id="391" class="1004" name="select_ln40_1_fu_391">
<pin_list>
<pin id="392" dir="0" index="0" bw="1" slack="0"/>
<pin id="393" dir="0" index="1" bw="24" slack="0"/>
<pin id="394" dir="0" index="2" bw="24" slack="0"/>
<pin id="395" dir="1" index="3" bw="24" slack="0"/>
</pin_list>
<bind>
<opcode="select(49) " fcode="select"/>
<opset="select_ln40_1/2 "/>
</bind>
</comp>

<comp id="399" class="1004" name="store_ln40_store_fu_399">
<pin_list>
<pin id="400" dir="0" index="0" bw="24" slack="0"/>
<pin id="401" dir="0" index="1" bw="24" slack="1"/>
<pin id="402" dir="1" index="2" bw="0" slack="2147483647"/>
</pin_list>
<bind>
<opcode="store(28) " fcode="store"/>
<opset="store_ln40/2 "/>
</bind>
</comp>

<comp id="404" class="1004" name="p_load6_load_fu_404">
<pin_list>
<pin id="405" dir="0" index="0" bw="24" slack="0"/>
<pin id="406" dir="1" index="1" bw="24" slack="0"/>
</pin_list>
<bind>
<opcode="load(27) " fcode="load"/>
<opset="p_load6/1 "/>
</bind>
</comp>

<comp id="408" class="1005" name="empty_reg_408">
<pin_list>
<pin id="409" dir="0" index="0" bw="24" slack="0"/>
<pin id="410" dir="1" index="1" bw="24" slack="0"/>
</pin_list>
<bind>
<opset="empty "/>
</bind>
</comp>

<comp id="416" class="1005" name="j_1_reg_416">
<pin_list>
<pin id="417" dir="0" index="0" bw="7" slack="0"/>
<pin id="418" dir="1" index="1" bw="7" slack="0"/>
</pin_list>
<bind>
<opset="j_1 "/>
</bind>
</comp>

<comp id="426" class="1005" name="A_addr_reg_426">
<pin_list>
<pin id="427" dir="0" index="0" bw="14" slack="1"/>
<pin id="428" dir="1" index="1" bw="14" slack="1"/>
</pin_list>
<bind>
<opset="A_addr "/>
</bind>
</comp>

<comp id="431" class="1005" name="trunc_ln36_reg_431">
<pin_list>
<pin id="432" dir="0" index="0" bw="3" slack="1"/>
<pin id="433" dir="1" index="1" bw="3" slack="2147483647"/>
</pin_list>
<bind>
<opset="trunc_ln36 "/>
</bind>
</comp>

<comp id="435" class="1005" name="lshr_ln_reg_435">
<pin_list>
<pin id="436" dir="0" index="0" bw="3" slack="1"/>
<pin id="437" dir="1" index="1" bw="3" slack="1"/>
</pin_list>
<bind>
<opset="lshr_ln "/>
</bind>
</comp>

</comp_list>

<net_list>
<net id="95"><net_src comp="22" pin="0"/><net_sink comp="92" pin=0"/></net>

<net id="99"><net_src comp="22" pin="0"/><net_sink comp="96" pin=0"/></net>

<net id="104"><net_src comp="34" pin="0"/><net_sink comp="100" pin=0"/></net>

<net id="105"><net_src comp="0" pin="0"/><net_sink comp="100" pin=1"/></net>

<net id="111"><net_src comp="90" pin="0"/><net_sink comp="106" pin=0"/></net>

<net id="112"><net_src comp="20" pin="0"/><net_sink comp="106" pin=1"/></net>

<net id="118"><net_src comp="2" pin="0"/><net_sink comp="113" pin=0"/></net>

<net id="119"><net_src comp="44" pin="0"/><net_sink comp="113" pin=1"/></net>

<net id="125"><net_src comp="113" pin="3"/><net_sink comp="120" pin=0"/></net>

<net id="131"><net_src comp="18" pin="0"/><net_sink comp="126" pin=0"/></net>

<net id="132"><net_src comp="44" pin="0"/><net_sink comp="126" pin=1"/></net>

<net id="138"><net_src comp="16" pin="0"/><net_sink comp="133" pin=0"/></net>

<net id="139"><net_src comp="44" pin="0"/><net_sink comp="133" pin=1"/></net>

<net id="145"><net_src comp="14" pin="0"/><net_sink comp="140" pin=0"/></net>

<net id="146"><net_src comp="44" pin="0"/><net_sink comp="140" pin=1"/></net>

<net id="152"><net_src comp="12" pin="0"/><net_sink comp="147" pin=0"/></net>

<net id="153"><net_src comp="44" pin="0"/><net_sink comp="147" pin=1"/></net>

<net id="159"><net_src comp="10" pin="0"/><net_sink comp="154" pin=0"/></net>

<net id="160"><net_src comp="44" pin="0"/><net_sink comp="154" pin=1"/></net>

<net id="166"><net_src comp="8" pin="0"/><net_sink comp="161" pin=0"/></net>

<net id="167"><net_src comp="44" pin="0"/><net_sink comp="161" pin=1"/></net>

<net id="173"><net_src comp="6" pin="0"/><net_sink comp="168" pin=0"/></net>

<net id="174"><net_src comp="44" pin="0"/><net_sink comp="168" pin=1"/></net>

<net id="180"><net_src comp="4" pin="0"/><net_sink comp="175" pin=0"/></net>

<net id="181"><net_src comp="44" pin="0"/><net_sink comp="175" pin=1"/></net>

<net id="187"><net_src comp="120" pin="3"/><net_sink comp="182" pin=1"/></net>

<net id="188"><net_src comp="168" pin="3"/><net_sink comp="182" pin=0"/></net>

<net id="194"><net_src comp="120" pin="3"/><net_sink comp="189" pin=1"/></net>

<net id="195"><net_src comp="161" pin="3"/><net_sink comp="189" pin=0"/></net>

<net id="201"><net_src comp="120" pin="3"/><net_sink comp="196" pin=1"/></net>

<net id="202"><net_src comp="154" pin="3"/><net_sink comp="196" pin=0"/></net>

<net id="208"><net_src comp="120" pin="3"/><net_sink comp="203" pin=1"/></net>

<net id="209"><net_src comp="147" pin="3"/><net_sink comp="203" pin=0"/></net>

<net id="215"><net_src comp="120" pin="3"/><net_sink comp="210" pin=1"/></net>

<net id="216"><net_src comp="140" pin="3"/><net_sink comp="210" pin=0"/></net>

<net id="222"><net_src comp="120" pin="3"/><net_sink comp="217" pin=1"/></net>

<net id="223"><net_src comp="133" pin="3"/><net_sink comp="217" pin=0"/></net>

<net id="229"><net_src comp="120" pin="3"/><net_sink comp="224" pin=1"/></net>

<net id="230"><net_src comp="126" pin="3"/><net_sink comp="224" pin=0"/></net>

<net id="236"><net_src comp="120" pin="3"/><net_sink comp="231" pin=1"/></net>

<net id="237"><net_src comp="175" pin="3"/><net_sink comp="231" pin=0"/></net>

<net id="242"><net_src comp="36" pin="0"/><net_sink comp="238" pin=0"/></net>

<net id="247"><net_src comp="38" pin="0"/><net_sink comp="243" pin=0"/></net>

<net id="255"><net_src comp="248" pin="1"/><net_sink comp="251" pin=0"/></net>

<net id="256"><net_src comp="40" pin="0"/><net_sink comp="251" pin=1"/></net>

<net id="261"><net_src comp="248" pin="1"/><net_sink comp="257" pin=0"/></net>

<net id="262"><net_src comp="42" pin="0"/><net_sink comp="257" pin=1"/></net>

<net id="266"><net_src comp="248" pin="1"/><net_sink comp="263" pin=0"/></net>

<net id="271"><net_src comp="100" pin="2"/><net_sink comp="267" pin=0"/></net>

<net id="272"><net_src comp="263" pin="1"/><net_sink comp="267" pin=1"/></net>

<net id="276"><net_src comp="267" pin="2"/><net_sink comp="273" pin=0"/></net>

<net id="277"><net_src comp="273" pin="1"/><net_sink comp="113" pin=2"/></net>

<net id="281"><net_src comp="248" pin="1"/><net_sink comp="278" pin=0"/></net>

<net id="288"><net_src comp="46" pin="0"/><net_sink comp="282" pin=0"/></net>

<net id="289"><net_src comp="248" pin="1"/><net_sink comp="282" pin=1"/></net>

<net id="290"><net_src comp="48" pin="0"/><net_sink comp="282" pin=2"/></net>

<net id="291"><net_src comp="50" pin="0"/><net_sink comp="282" pin=3"/></net>

<net id="302"><net_src comp="278" pin="1"/><net_sink comp="292" pin=0"/></net>

<net id="303"><net_src comp="52" pin="0"/><net_sink comp="292" pin=1"/></net>

<net id="304"><net_src comp="54" pin="0"/><net_sink comp="292" pin=2"/></net>

<net id="305"><net_src comp="56" pin="0"/><net_sink comp="292" pin=3"/></net>

<net id="306"><net_src comp="58" pin="0"/><net_sink comp="292" pin=4"/></net>

<net id="307"><net_src comp="60" pin="0"/><net_sink comp="292" pin=5"/></net>

<net id="308"><net_src comp="62" pin="0"/><net_sink comp="292" pin=6"/></net>

<net id="309"><net_src comp="64" pin="0"/><net_sink comp="292" pin=7"/></net>

<net id="314"><net_src comp="257" pin="2"/><net_sink comp="310" pin=0"/></net>

<net id="318"><net_src comp="315" pin="1"/><net_sink comp="126" pin=2"/></net>

<net id="319"><net_src comp="315" pin="1"/><net_sink comp="133" pin=2"/></net>

<net id="320"><net_src comp="315" pin="1"/><net_sink comp="140" pin=2"/></net>

<net id="321"><net_src comp="315" pin="1"/><net_sink comp="147" pin=2"/></net>

<net id="322"><net_src comp="315" pin="1"/><net_sink comp="154" pin=2"/></net>

<net id="323"><net_src comp="315" pin="1"/><net_sink comp="161" pin=2"/></net>

<net id="324"><net_src comp="315" pin="1"/><net_sink comp="168" pin=2"/></net>

<net id="325"><net_src comp="315" pin="1"/><net_sink comp="175" pin=2"/></net>

<net id="332"><net_src comp="326" pin="1"/><net_sink comp="329" pin=0"/></net>

<net id="336"><net_src comp="120" pin="3"/><net_sink comp="333" pin=0"/></net>

<net id="341"><net_src comp="120" pin="3"/><net_sink comp="337" pin=0"/></net>

<net id="342"><net_src comp="326" pin="1"/><net_sink comp="337" pin=1"/></net>

<net id="347"><net_src comp="333" pin="1"/><net_sink comp="343" pin=0"/></net>

<net id="348"><net_src comp="329" pin="1"/><net_sink comp="343" pin=1"/></net>

<net id="354"><net_src comp="76" pin="0"/><net_sink comp="349" pin=0"/></net>

<net id="355"><net_src comp="343" pin="2"/><net_sink comp="349" pin=1"/></net>

<net id="356"><net_src comp="78" pin="0"/><net_sink comp="349" pin=2"/></net>

<net id="362"><net_src comp="80" pin="0"/><net_sink comp="357" pin=0"/></net>

<net id="363"><net_src comp="337" pin="2"/><net_sink comp="357" pin=1"/></net>

<net id="364"><net_src comp="82" pin="0"/><net_sink comp="357" pin=2"/></net>

<net id="369"><net_src comp="349" pin="3"/><net_sink comp="365" pin=0"/></net>

<net id="370"><net_src comp="84" pin="0"/><net_sink comp="365" pin=1"/></net>

<net id="375"><net_src comp="357" pin="3"/><net_sink comp="371" pin=0"/></net>

<net id="376"><net_src comp="365" pin="2"/><net_sink comp="371" pin=1"/></net>

<net id="381"><net_src comp="349" pin="3"/><net_sink comp="377" pin=0"/></net>

<net id="382"><net_src comp="357" pin="3"/><net_sink comp="377" pin=1"/></net>

<net id="388"><net_src comp="371" pin="2"/><net_sink comp="383" pin=0"/></net>

<net id="389"><net_src comp="86" pin="0"/><net_sink comp="383" pin=1"/></net>

<net id="390"><net_src comp="88" pin="0"/><net_sink comp="383" pin=2"/></net>

<net id="396"><net_src comp="377" pin="2"/><net_sink comp="391" pin=0"/></net>

<net id="397"><net_src comp="383" pin="3"/><net_sink comp="391" pin=1"/></net>

<net id="398"><net_src comp="337" pin="2"/><net_sink comp="391" pin=2"/></net>

<net id="403"><net_src comp="391" pin="3"/><net_sink comp="399" pin=0"/></net>

<net id="407"><net_src comp="404" pin="1"/><net_sink comp="106" pin=2"/></net>

<net id="411"><net_src comp="92" pin="1"/><net_sink comp="408" pin=0"/></net>

<net id="412"><net_src comp="408" pin="1"/><net_sink comp="243" pin=1"/></net>

<net id="413"><net_src comp="408" pin="1"/><net_sink comp="326" pin=0"/></net>

<net id="414"><net_src comp="408" pin="1"/><net_sink comp="399" pin=1"/></net>

<net id="415"><net_src comp="408" pin="1"/><net_sink comp="404" pin=0"/></net>

<net id="419"><net_src comp="96" pin="1"/><net_sink comp="416" pin=0"/></net>

<net id="420"><net_src comp="416" pin="1"/><net_sink comp="238" pin=1"/></net>

<net id="421"><net_src comp="416" pin="1"/><net_sink comp="248" pin=0"/></net>

<net id="422"><net_src comp="416" pin="1"/><net_sink comp="310" pin=1"/></net>

<net id="429"><net_src comp="113" pin="3"/><net_sink comp="426" pin=0"/></net>

<net id="430"><net_src comp="426" pin="1"/><net_sink comp="120" pin=0"/></net>

<net id="434"><net_src comp="278" pin="1"/><net_sink comp="431" pin=0"/></net>

<net id="438"><net_src comp="282" pin="4"/><net_sink comp="435" pin=0"/></net>

<net id="439"><net_src comp="435" pin="1"/><net_sink comp="315" pin=0"/></net>

</net_list>

</model> 
---------------- Datapath Model END ------------------

* FSMD analyzer results:
  - Output states:
	Port: row_buf_7 | {2 }
	Port: row_buf_6 | {2 }
	Port: row_buf_5 | {2 }
	Port: row_buf_4 | {2 }
	Port: row_buf_3 | {2 }
	Port: row_buf_2 | {2 }
	Port: row_buf_1 | {2 }
	Port: row_buf | {2 }
	Port: p_out | {1 }
 - Input state : 
	Port: top_kernel_Pipeline_VITIS_LOOP_36_3 : zext_ln38 | {1 }
	Port: top_kernel_Pipeline_VITIS_LOOP_36_3 : A | {1 2 }
  - Chain level:
	State 1
		store_ln36 : 1
		store_ln0 : 1
		j : 1
		icmp_ln36 : 2
		add_ln36 : 2
		br_ln36 : 3
		zext_ln38_1 : 2
		add_ln38 : 3
		zext_ln38_2 : 4
		A_addr : 5
		trunc_ln36 : 2
		lshr_ln : 2
		a : 6
		switch_ln39 : 3
		store_ln36 : 3
		p_load6 : 1
		write_ln0 : 2
	State 2
		row_buf_addr : 1
		row_buf_1_addr : 1
		row_buf_2_addr : 1
		row_buf_3_addr : 1
		row_buf_4_addr : 1
		row_buf_5_addr : 1
		row_buf_6_addr : 1
		row_buf_7_addr : 1
		store_ln39 : 2
		store_ln39 : 2
		store_ln39 : 2
		store_ln39 : 2
		store_ln39 : 2
		store_ln39 : 2
		store_ln39 : 2
		store_ln39 : 2
		sext_ln40 : 1
		sext_ln40_1 : 1
		add_ln40 : 1
		add_ln40_1 : 2
		tmp : 3
		tmp_123 : 2
		xor_ln40 : 4
		and_ln40 : 4
		xor_ln40_1 : 4
		select_ln40 : 4
		select_ln40_1 : 5
		store_ln40 : 6


============================================================
+ Verbose Summary: Datapath Resource usage 
============================================================

* Functional unit list:
|----------|----------------------------|---------|---------|
| Operation|       Functional Unit      |    FF   |   LUT   |
|----------|----------------------------|---------|---------|
|          |       add_ln36_fu_257      |    0    |    14   |
|    add   |       add_ln38_fu_267      |    0    |    21   |
|          |       add_ln40_fu_337      |    0    |    31   |
|          |      add_ln40_1_fu_343     |    0    |    31   |
|----------|----------------------------|---------|---------|
|  select  |     select_ln40_fu_383     |    0    |    24   |
|          |    select_ln40_1_fu_391    |    0    |    24   |
|----------|----------------------------|---------|---------|
|   icmp   |      icmp_ln36_fu_251      |    0    |    14   |
|----------|----------------------------|---------|---------|
|    xor   |       xor_ln40_fu_365      |    0    |    2    |
|          |      xor_ln40_1_fu_377     |    0    |    2    |
|----------|----------------------------|---------|---------|
|    and   |       and_ln40_fu_371      |    0    |    2    |
|----------|----------------------------|---------|---------|
|   read   | zext_ln38_read_read_fu_100 |    0    |    0    |
|----------|----------------------------|---------|---------|
|   write  |   write_ln0_write_fu_106   |    0    |    0    |
|----------|----------------------------|---------|---------|
|          |     zext_ln38_1_fu_263     |    0    |    0    |
|   zext   |     zext_ln38_2_fu_273     |    0    |    0    |
|          |      zext_ln36_fu_315      |    0    |    0    |
|----------|----------------------------|---------|---------|
|   trunc  |      trunc_ln36_fu_278     |    0    |    0    |
|----------|----------------------------|---------|---------|
|partselect|       lshr_ln_fu_282       |    0    |    0    |
|----------|----------------------------|---------|---------|
|  switch  |     switch_ln39_fu_292     |    0    |    0    |
|----------|----------------------------|---------|---------|
|   sext   |      sext_ln40_fu_329      |    0    |    0    |
|          |     sext_ln40_1_fu_333     |    0    |    0    |
|----------|----------------------------|---------|---------|
| bitselect|         tmp_fu_349         |    0    |    0    |
|          |       tmp_123_fu_357       |    0    |    0    |
|----------|----------------------------|---------|---------|
|   Total  |                            |    0    |   165   |
|----------|----------------------------|---------|---------|

Memories:
N/A

* Register list:
+------------------+--------+
|                  |   FF   |
+------------------+--------+
|  A_addr_reg_426  |   14   |
|   empty_reg_408  |   24   |
|    j_1_reg_416   |    7   |
|  lshr_ln_reg_435 |    3   |
|trunc_ln36_reg_431|    3   |
+------------------+--------+
|       Total      |   51   |
+------------------+--------+

* Multiplexer (MUX) list: 
|-------------------|------|------|------|--------||---------||---------||---------|
|        Comp       |  Pin | Size |  BW  | S x BW ||  Delay  ||    FF   ||   LUT   |
|-------------------|------|------|------|--------||---------||---------||---------|
| grp_access_fu_120 |  p0  |   2  |  14  |   28   ||    0    ||    9    |
|-------------------|------|------|------|--------||---------||---------||---------|
|       Total       |      |      |      |   28   ||  0.489  ||    0    ||    9    |
|-------------------|------|------|------|--------||---------||---------||---------|



* Summary:
+-----------+--------+--------+--------+
|           |  Delay |   FF   |   LUT  |
+-----------+--------+--------+--------+
|  Function |    -   |    0   |   165  |
|   Memory  |    -   |    -   |    -   |
|Multiplexer|    0   |    0   |    9   |
|  Register |    -   |   51   |    -   |
+-----------+--------+--------+--------+
|   Total   |    0   |   51   |   174  |
+-----------+--------+--------+--------+
